
ROM used:   698/8192 (9%)
            698/8192 (9%) including unused fragments

            0.6 Average locations per line
            7.1 Average locations per statement

RAM used:   30/368 (8%) at main() level
            50/368 (14%) worst case

Stack used: 6 worst case (5 in main + 1 for interrupts)
Stack size: 8

Lines Stmts  %   Files
----- ----- ---  -----
   59    32  32  Examen_U4_R.c
  708     0   0  ..\..\..\..\..\..\..\Program Files (x86)\PICC\Devices\16F877a.h
  350    67  68  ..\..\..\..\..\..\..\Program Files (x86)\PICC\Drivers\lcd_d.c
----- -----
 1117    99 Total

Page ROM  %  RAM    Vol Diff  Functions:
---- --- --- ---    --- ----  ----------
0     20   3    1             @delay_ms1
0      8   1    0             @const714
 Inline         3    587  6.0  lcd_read_byte
0      6   1    0     59  4.2  lcd_read_nibble
0     15   2    1    172  3.4  lcd_send_nibble
0     61   9    3    317  4.3  lcd_send_byte
0     48   7    2    624  5.8  lcd_init
0     18   3    4    186  5.5  lcd_gotoxy
0     36   5    1    272  4.1  lcd_putc
0     28   4    2    141  2.6  rda_int
0    183  26    1    899  4.8  MAIN
0     99  14    9             @PRINTF_LU_731
0      6   1    0             @const755
0     89  13    5             @PSTRINGCN7_731
 Inline         0             @cinit1

Program metrics:
    Functions               9
    Statements              99
    Comments                209
    Volume (V)              5003
    Difficulty (D)          39.1
    Effort to implement (E) 195839
    Time to implement (T)   3 hours, 1 minutes
    Est Delivered Bugs (B)  1
    Cyclomatic Complexity   10
    Maintainability (MI)    145

 Segment     Used  Free
-----------  ----  ----
00000-00003     4  0  
00004-00050    77  0  
00051-007FF   617  1350  
00800-00FFF     0  2048  
01000-017FF     0  2048  
01800-01FFF     0  2048  



