
ROM used:   2493/8192 (30%)
            2675/8192 (33%) including unused fragments

            1.7 Average locations per line
            9.0 Average locations per statement

RAM used:   14/368 (4%) at main() level
            50/368 (14%) worst case

Stack used: 7 worst case (7 in main + 0 for interrupts)
Stack size: 8

Lines Stmts  %   Files
----- ----- ---  -----
  125    76  27  lcd proyecto.c
  671     0   0  ..\..\..\..\Escritorio\PICC\Devices\16F877a.h
  456   100  36  ..\..\..\..\Escritorio\PICC\Drivers\lcd.c
  150    43  16  ..\..\..\..\Escritorio\PICC\Drivers\kbd4x4_b.c
   99    58  21  ..\..\..\..\Escritorio\PICC\Drivers\getNum16.c
----- -----
 1501   277 Total

Page ROM  %  RAM   Vol Diff  Functions:
---- --- --- ---   --- ----  ----------
0     20   1    1             @delay_ms1
 Inline         3   760  4.5  lcd_read_byte
0     49   2    2   262  3.7  lcd_read_nibble
0     48   2    1   399  2.4  lcd_send_nibble
0     94   4    3   415  3.7  lcd_send_byte
0     70   3    6   852  6.2  lcd_init
0     18   1    4   208  6.3  lcd_gotoxy
0     44   2    1   354  4.7  lcd_putc
0     20   1    0             @const658
0      3   0    0     3  0.0  kbd_init
0    105   4    3  5853 10.1  kbd_getc
0      8   0    0             @goto10703
 Inline         6   155  5.0  pow
0     42   2   13             @MUL3232
0      9   0    1    90  3.1  read_key
0    207   8    5  1660 12.1  get_num_lcd
0      3   0    0             @const690
0     86   3    4             @PSTRINGC7_645
0     19   1    0    48  1.1  paro
0     35   1    2    74  2.3  motor1
0     31   1    4    80  3.0  @SFTOI
0    102   4    2   332  6.2  motor2
0    117   5   13  1317  8.9  @MULFF
1    627  25    4   240  5.4  motor3
 Inline        16             @ADDFF
 Inline        14             @DIVFF
0     29   1    2             @ITOF
0     63   3   10             @FLT
 Inline         1   140  2.8  paro_emergencia
0      9   0    0             @const727
0      8   0    0             @const728
0     86   3    2   185  4.7  delay_paro
 Inline         5             @MUL1616
0    277  11    0  1117  7.7  MAIN
0     13   1    0             @const738
0      7   0    0             @const739
0     87   3    5             @PSTRINGCN7_645
0     99   4    9             @PRINTF_LU_645
0     15   1    0             @const744
0      7   0    0             @const745
0     16   1    0             @const746
0     16   1    0             @const747
 Inline         0             @cinit1

Program metrics:
    Functions               21
    Statements              277
    Comments                278
    Volume (V)              22272
    Difficulty (D)          105.6
    Effort to implement (E) 2352068
    Time to implement (T)   36 hours, 18 minutes
    Est Delivered Bugs (B)  6
    Cyclomatic Complexity   52
    Maintainability (MI)    62

 Segment     Used  Free
-----------  ----  ----
00000-00003     4  0  
00004-007FF  1862  182  
00800-00FFF   627  1421  
01000-017FF     0  2048  
01800-01FFF     0  2048  



