CCS PCM C Compiler, Version 5.015, 5967               30-sep.-23 09:30

               Filename:   C:\Users\strop\OneDrive\Documentos\GitHub\Microcontroladores\LCD_PRACTICA\lcd proyecto.lst

               ROM used:   2493 words (30%)
                           Largest free fragment is 2048
               RAM used:   14 (4%) at main() level
                           50 (14%) worst case
               Stack used: 7 locations
               Stack size: 8

*
0000:  MOVLW  06
0001:  MOVWF  0A
0002:  GOTO   635
0003:  NOP
.................... //-. LDC y Teclado .- 
....................  
.................... #include <16F877a.h> 
.................... //////////// Standard Header file for the PIC16F877A device //////////////// 
.................... /////////////////////////////////////////////////////////////////////////// 
.................... ////        (C) Copyright 1996, 2013 Custom Computer Services          //// 
.................... //// This source code may only be used by licensed users of the CCS C  //// 
.................... //// compiler.  This source code may only be distributed to other      //// 
.................... //// licensed users of the CCS C compiler.  No other use, reproduction //// 
.................... //// or distribution is permitted without written permission.          //// 
.................... //// Derivative programs created using this software in object code    //// 
.................... //// form are not restricted in any way.                               //// 
.................... /////////////////////////////////////////////////////////////////////////// 
.................... #device PIC16F877A 
0004:  BCF    0A.0
0005:  BCF    0A.1
0006:  BCF    0A.2
0007:  ADDWF  02,F
0008:  RETLW  37
0009:  RETLW  38
000A:  RETLW  39
000B:  RETLW  2F
000C:  RETLW  34
000D:  RETLW  35
000E:  RETLW  36
000F:  RETLW  2A
0010:  RETLW  31
0011:  RETLW  32
0012:  RETLW  33
0013:  RETLW  2D
0014:  RETLW  43
0015:  RETLW  30
0016:  RETLW  3D
0017:  RETLW  2B
0018:  DATA 20,10
0019:  DATA 20,10
001A:  DATA 20,00
001B:  DATA 0C,28
001C:  DATA 41,29
001D:  DATA 4F,10
001E:  DATA C4,22
001F:  DATA A0,22
0020:  DATA CD,22
0021:  DATA D2,23
0022:  DATA 45,27
0023:  DATA 00,01
0024:  DATA 0C,28
0025:  DATA D2,22
0026:  DATA D3,29
0027:  DATA A0,20
0028:  DATA CE,2C
0029:  DATA A0,25
002A:  DATA C5,2C
002B:  DATA 00,00
002C:  DATA 8C,26
002D:  DATA 4F,2A
002E:  DATA 4F,29
002F:  DATA A0,20
0030:  DATA A0,2A
0031:  DATA D3,20
0032:  DATA 52,10
0033:  DATA 0A,14
0034:  DATA B1,16
0035:  DATA B2,16
0036:  DATA B3,14
0037:  DATA 3A,10
0038:  DATA 00,01
0039:  DATA 8C,26
003A:  DATA 6F,3A
003B:  DATA 6F,39
003C:  DATA 3A,10
003D:  DATA A5,1A
003E:  DATA EC,3A
003F:  DATA 00,00
0040:  DATA 8C,29
0041:  DATA C5,23
0042:  DATA 2E,10
0043:  DATA C4,22
0044:  DATA 4C,10
0045:  DATA CD,27
0046:  DATA D4,27
0047:  DATA 52,10
0048:  DATA 8A,22
0049:  DATA CE,21
004A:  DATA 45,27
004B:  DATA C4,24
004C:  DATA C4,27
004D:  DATA 3A,10
004E:  DATA 00,01
004F:  DATA 8C,26
0050:  DATA 6F,3A
0051:  DATA 6F,39
0052:  DATA 3A,10
0053:  DATA A5,1A
0054:  DATA EC,3A
0055:  DATA 00,01
0056:  DATA 0C,15
0057:  DATA 2A,10
0058:  DATA 45,29
0059:  DATA D2,27
005A:  DATA 52,10
005B:  DATA 2A,15
005C:  DATA 20,05
005D:  DATA CE,3A
005E:  DATA ED,32
005F:  DATA F2,37
0060:  DATA 20,37
0061:  DATA 6F,10
0062:  DATA F6,30
0063:  DATA EC,34
0064:  DATA E4,37
0065:  DATA 00,01
0066:  DATA 0C,15
0067:  DATA 2A,10
0068:  DATA 45,29
0069:  DATA D2,27
006A:  DATA 52,10
006B:  DATA 2A,15
006C:  DATA 20,05
006D:  DATA CE,3A
006E:  DATA ED,32
006F:  DATA F2,37
0070:  DATA 20,37
0071:  DATA 6F,10
0072:  DATA F6,30
0073:  DATA EC,34
0074:  DATA E4,37
0075:  DATA 00,00
*
01E3:  MOVF   0B,W
01E4:  MOVWF  37
01E5:  BCF    0B.7
01E6:  BSF    03.5
01E7:  BSF    03.6
01E8:  BSF    0C.7
01E9:  BSF    0C.0
01EA:  NOP
01EB:  NOP
01EC:  BCF    03.5
01ED:  BCF    03.6
01EE:  BTFSC  37.7
01EF:  BSF    0B.7
01F0:  BSF    03.6
01F1:  MOVF   0C,W
01F2:  ANDLW  7F
01F3:  BTFSC  03.2
01F4:  GOTO   237
01F5:  BCF    03.6
01F6:  MOVWF  37
01F7:  BSF    03.6
01F8:  MOVF   0D,W
01F9:  BCF    03.6
01FA:  MOVWF  38
01FB:  BSF    03.6
01FC:  MOVF   0F,W
01FD:  BCF    03.6
01FE:  MOVWF  39
01FF:  MOVF   37,W
0200:  MOVWF  3A
0201:  CALL   1B7
0202:  MOVF   38,W
0203:  BSF    03.6
0204:  MOVWF  0D
0205:  BCF    03.6
0206:  MOVF   39,W
0207:  BSF    03.6
0208:  MOVWF  0F
0209:  BCF    03.6
020A:  MOVF   0B,W
020B:  MOVWF  3A
020C:  BCF    0B.7
020D:  BSF    03.5
020E:  BSF    03.6
020F:  BSF    0C.7
0210:  BSF    0C.0
0211:  NOP
0212:  NOP
0213:  BCF    03.5
0214:  BCF    03.6
0215:  BTFSC  3A.7
0216:  BSF    0B.7
0217:  BSF    03.6
0218:  RLF    0C,W
0219:  RLF    0E,W
021A:  ANDLW  7F
021B:  BTFSC  03.2
021C:  GOTO   237
021D:  BCF    03.6
021E:  MOVWF  37
021F:  BSF    03.6
0220:  MOVF   0D,W
0221:  BCF    03.6
0222:  MOVWF  38
0223:  BSF    03.6
0224:  MOVF   0F,W
0225:  BCF    03.6
0226:  MOVWF  39
0227:  MOVF   37,W
0228:  MOVWF  3A
0229:  CALL   1B7
022A:  MOVF   38,W
022B:  BSF    03.6
022C:  MOVWF  0D
022D:  BCF    03.6
022E:  MOVF   39,W
022F:  BSF    03.6
0230:  MOVWF  0F
0231:  INCF   0D,F
0232:  BTFSC  03.2
0233:  INCF   0F,F
0234:  BCF    03.6
0235:  GOTO   1E3
0236:  BSF    03.6
0237:  BCF    03.6
0238:  RETURN
*
02A2:  BCF    0A.0
02A3:  BSF    0A.1
02A4:  BCF    0A.2
02A5:  ADDWF  02,F
02A6:  GOTO   245
02A7:  GOTO   24B
02A8:  GOTO   251
02A9:  GOTO   257
*
02B3:  MOVLW  20
02B4:  MOVWF  4C
02B5:  CLRF   48
02B6:  CLRF   49
02B7:  CLRF   4A
02B8:  CLRF   4B
02B9:  MOVF   43,W
02BA:  MOVWF  7A
02BB:  MOVF   42,W
02BC:  MOVWF  79
02BD:  MOVF   41,W
02BE:  MOVWF  78
02BF:  MOVF   40,W
02C0:  MOVWF  77
02C1:  BCF    03.0
02C2:  BTFSS  77.0
02C3:  GOTO   2D2
02C4:  MOVF   44,W
02C5:  ADDWF  48,F
02C6:  MOVF   45,W
02C7:  BTFSC  03.0
02C8:  INCFSZ 45,W
02C9:  ADDWF  49,F
02CA:  MOVF   46,W
02CB:  BTFSC  03.0
02CC:  INCFSZ 46,W
02CD:  ADDWF  4A,F
02CE:  MOVF   47,W
02CF:  BTFSC  03.0
02D0:  INCFSZ 47,W
02D1:  ADDWF  4B,F
02D2:  RRF    4B,F
02D3:  RRF    4A,F
02D4:  RRF    49,F
02D5:  RRF    48,F
02D6:  RRF    7A,F
02D7:  RRF    79,F
02D8:  RRF    78,F
02D9:  RRF    77,F
02DA:  DECFSZ 4C,F
02DB:  GOTO   2C1
02DC:  RETURN
*
03AC:  MOVF   0B,W
03AD:  MOVWF  2C
03AE:  BCF    0B.7
03AF:  BSF    03.5
03B0:  BSF    03.6
03B1:  BSF    0C.7
03B2:  BSF    0C.0
03B3:  NOP
03B4:  NOP
03B5:  BCF    03.5
03B6:  BCF    03.6
03B7:  BTFSC  2C.7
03B8:  BSF    0B.7
03B9:  BTFSC  03.0
03BA:  GOTO   3E3
03BB:  BSF    03.6
03BC:  MOVF   0C,W
03BD:  ANDLW  7F
03BE:  BCF    03.6
03BF:  MOVWF  2C
03C0:  BSF    03.6
03C1:  MOVF   0D,W
03C2:  BCF    03.6
03C3:  MOVWF  2D
03C4:  BSF    03.6
03C5:  MOVF   0F,W
03C6:  BCF    03.6
03C7:  MOVWF  2E
03C8:  MOVF   2C,W
03C9:  MOVWF  3A
03CA:  CALL   1B7
03CB:  MOVF   2D,W
03CC:  BSF    03.6
03CD:  MOVWF  0D
03CE:  BCF    03.6
03CF:  MOVF   2E,W
03D0:  BSF    03.6
03D1:  MOVWF  0F
03D2:  BCF    03.6
03D3:  MOVF   0B,W
03D4:  MOVWF  2F
03D5:  BCF    0B.7
03D6:  BSF    03.5
03D7:  BSF    03.6
03D8:  BSF    0C.7
03D9:  BSF    0C.0
03DA:  NOP
03DB:  NOP
03DC:  BCF    03.5
03DD:  BCF    03.6
03DE:  BTFSC  2F.7
03DF:  BSF    0B.7
03E0:  DECFSZ 2B,F
03E1:  GOTO   3E3
03E2:  GOTO   402
03E3:  BSF    03.6
03E4:  RLF    0C,W
03E5:  RLF    0E,W
03E6:  ANDLW  7F
03E7:  BCF    03.6
03E8:  MOVWF  2C
03E9:  BSF    03.6
03EA:  MOVF   0D,W
03EB:  BCF    03.6
03EC:  MOVWF  2D
03ED:  BSF    03.6
03EE:  MOVF   0F,W
03EF:  BCF    03.6
03F0:  MOVWF  2E
03F1:  MOVF   2C,W
03F2:  MOVWF  3A
03F3:  CALL   1B7
03F4:  MOVF   2D,W
03F5:  BSF    03.6
03F6:  MOVWF  0D
03F7:  BCF    03.6
03F8:  MOVF   2E,W
03F9:  BSF    03.6
03FA:  MOVWF  0F
03FB:  INCF   0D,F
03FC:  BTFSC  03.2
03FD:  INCF   0F,F
03FE:  BCF    03.0
03FF:  BCF    03.6
0400:  DECFSZ 2B,F
0401:  GOTO   3AC
0402:  RETURN
0403:  CLRF   33
0404:  MOVF   04,W
0405:  MOVWF  32
0406:  BCF    33.0
0407:  BTFSC  03.7
0408:  BSF    33.0
0409:  SWAPF  2C,W
040A:  IORLW  F0
040B:  MOVWF  2E
040C:  ADDWF  2E,F
040D:  ADDLW  E2
040E:  MOVWF  2F
040F:  ADDLW  32
0410:  MOVWF  31
0411:  MOVF   2C,W
0412:  ANDLW  0F
0413:  ADDWF  2F,F
0414:  ADDWF  2F,F
0415:  ADDWF  31,F
0416:  ADDLW  E9
0417:  MOVWF  30
0418:  ADDWF  30,F
0419:  ADDWF  30,F
041A:  SWAPF  2B,W
041B:  ANDLW  0F
041C:  ADDWF  30,F
041D:  ADDWF  31,F
041E:  RLF    30,F
041F:  RLF    31,F
0420:  COMF   31,F
0421:  RLF    31,F
0422:  MOVF   2B,W
0423:  ANDLW  0F
0424:  ADDWF  31,F
0425:  RLF    2E,F
0426:  MOVLW  07
0427:  MOVWF  2D
0428:  MOVLW  0A
0429:  ADDWF  31,F
042A:  DECF   30,F
042B:  BTFSS  03.0
042C:  GOTO   429
042D:  ADDWF  30,F
042E:  DECF   2F,F
042F:  BTFSS  03.0
0430:  GOTO   42D
0431:  ADDWF  2F,F
0432:  DECF   2E,F
0433:  BTFSS  03.0
0434:  GOTO   431
0435:  ADDWF  2E,F
0436:  DECF   2D,F
0437:  BTFSS  03.0
0438:  GOTO   435
0439:  MOVLW  2D
043A:  MOVWF  04
043B:  BCF    03.7
043C:  MOVLW  07
043D:  ANDWF  32,W
043E:  BCF    32.6
043F:  ADDWF  04,F
0440:  MOVLW  31
0441:  SUBWF  04,W
0442:  BTFSC  03.2
0443:  BSF    32.6
0444:  MOVF   00,W
0445:  MOVWF  77
0446:  BTFSS  03.2
0447:  GOTO   450
0448:  BTFSC  32.6
0449:  GOTO   450
044A:  BTFSC  32.4
044B:  GOTO   462
044C:  BTFSC  32.3
044D:  GOTO   450
044E:  MOVLW  20
044F:  GOTO   453
0450:  BSF    32.3
0451:  BCF    32.4
0452:  MOVLW  30
0453:  ADDWF  77,F
0454:  CLRF   2C
0455:  MOVF   04,W
0456:  MOVWF  2B
0457:  BCF    2C.0
0458:  BTFSC  03.7
0459:  BSF    2C.0
045A:  MOVF   77,W
045B:  MOVWF  3A
045C:  CALL   1B7
045D:  MOVF   2B,W
045E:  MOVWF  04
045F:  BCF    03.7
0460:  BTFSC  2C.0
0461:  BSF    03.7
0462:  INCF   04,F
0463:  BTFSS  32.6
0464:  GOTO   440
0465:  RETURN
0466:  MOVLW  8E
0467:  MOVWF  77
0468:  MOVF   31,W
0469:  MOVWF  78
046A:  MOVF   30,W
046B:  MOVWF  79
046C:  CLRF   7A
046D:  MOVF   78,F
046E:  BTFSS  03.2
046F:  GOTO   47A
0470:  MOVF   79,W
0471:  MOVWF  78
0472:  CLRF   79
0473:  MOVLW  08
0474:  SUBWF  77,F
0475:  MOVF   78,F
0476:  BTFSS  03.2
0477:  GOTO   47A
0478:  CLRF   77
0479:  GOTO   482
047A:  BCF    03.0
047B:  BTFSC  78.7
047C:  GOTO   481
047D:  RLF    79,F
047E:  RLF    78,F
047F:  DECF   77,F
0480:  GOTO   47A
0481:  BCF    78.7
0482:  RETURN
0483:  MOVF   31,W
0484:  MOVWF  38
0485:  MOVF   35,W
0486:  XORWF  38,F
0487:  BTFSS  38.7
0488:  GOTO   48E
0489:  BCF    03.2
048A:  BCF    03.0
048B:  BTFSC  31.7
048C:  BSF    03.0
048D:  GOTO   4C1
048E:  MOVF   31,W
048F:  MOVWF  38
0490:  MOVF   34,W
0491:  MOVWF  39
0492:  MOVF   30,W
0493:  SUBWF  39,F
0494:  BTFSC  03.2
0495:  GOTO   49C
0496:  BTFSS  38.7
0497:  GOTO   4C1
0498:  MOVF   03,W
0499:  XORLW  01
049A:  MOVWF  03
049B:  GOTO   4C1
049C:  MOVF   35,W
049D:  MOVWF  39
049E:  MOVF   31,W
049F:  SUBWF  39,F
04A0:  BTFSC  03.2
04A1:  GOTO   4A8
04A2:  BTFSS  38.7
04A3:  GOTO   4C1
04A4:  MOVF   03,W
04A5:  XORLW  01
04A6:  MOVWF  03
04A7:  GOTO   4C1
04A8:  MOVF   36,W
04A9:  MOVWF  39
04AA:  MOVF   32,W
04AB:  SUBWF  39,F
04AC:  BTFSC  03.2
04AD:  GOTO   4B4
04AE:  BTFSS  38.7
04AF:  GOTO   4C1
04B0:  MOVF   03,W
04B1:  XORLW  01
04B2:  MOVWF  03
04B3:  GOTO   4C1
04B4:  MOVF   37,W
04B5:  MOVWF  39
04B6:  MOVF   33,W
04B7:  SUBWF  39,F
04B8:  BTFSC  03.2
04B9:  GOTO   4C0
04BA:  BTFSS  38.7
04BB:  GOTO   4C1
04BC:  MOVF   03,W
04BD:  XORLW  01
04BE:  MOVWF  03
04BF:  GOTO   4C1
04C0:  BCF    03.0
04C1:  RETURN
04C2:  MOVLW  8E
04C3:  MOVWF  77
04C4:  MOVF   2C,W
04C5:  SUBWF  77,F
04C6:  MOVF   2D,W
04C7:  MOVWF  79
04C8:  MOVF   2E,W
04C9:  MOVWF  78
04CA:  BSF    79.7
04CB:  MOVF   77,F
04CC:  BTFSC  03.2
04CD:  GOTO   4D9
04CE:  BCF    03.0
04CF:  MOVF   79,F
04D0:  BTFSS  03.2
04D1:  GOTO   4D5
04D2:  MOVF   78,F
04D3:  BTFSC  03.2
04D4:  GOTO   4D9
04D5:  RRF    79,F
04D6:  RRF    78,F
04D7:  DECFSZ 77,F
04D8:  GOTO   4CE
04D9:  BTFSS  2D.7
04DA:  GOTO   4E0
04DB:  COMF   78,F
04DC:  COMF   79,F
04DD:  INCF   78,F
04DE:  BTFSC  03.2
04DF:  INCF   79,F
04E0:  RETURN
*
04EA:  MOVLW  10
04EB:  MOVWF  36
04EC:  CLRF   77
04ED:  CLRF   7A
04EE:  RRF    33,F
04EF:  RRF    32,F
04F0:  BTFSS  03.0
04F1:  GOTO   4F8
04F2:  MOVF   34,W
04F3:  ADDWF  77,F
04F4:  BTFSC  03.0
04F5:  INCF   7A,F
04F6:  MOVF   35,W
04F7:  ADDWF  7A,F
04F8:  RRF    7A,F
04F9:  RRF    77,F
04FA:  RRF    79,F
04FB:  RRF    78,F
04FC:  DECFSZ 36,F
04FD:  GOTO   4EE
*
055A:  MOVF   2C,W
055B:  BTFSC  03.2
055C:  GOTO   5CA
055D:  MOVWF  34
055E:  MOVF   30,W
055F:  BTFSC  03.2
0560:  GOTO   5CA
0561:  ADDWF  34,F
0562:  BTFSC  03.0
0563:  GOTO   56B
0564:  MOVLW  7F
0565:  SUBWF  34,F
0566:  BTFSS  03.0
0567:  GOTO   5CA
0568:  BTFSC  03.2
0569:  GOTO   5CA
056A:  GOTO   56F
056B:  MOVLW  81
056C:  ADDWF  34,F
056D:  BTFSC  03.0
056E:  GOTO   5CA
056F:  MOVF   34,W
0570:  MOVWF  77
0571:  CLRF   78
0572:  CLRF   79
0573:  CLRF   7A
0574:  MOVF   2D,W
0575:  MOVWF  38
0576:  BSF    38.7
0577:  MOVF   2E,W
0578:  MOVWF  37
0579:  MOVF   2F,W
057A:  MOVWF  36
057B:  MOVLW  18
057C:  MOVWF  34
057D:  CLRF   35
057E:  BTFSS  36.0
057F:  GOTO   598
0580:  MOVF   33,W
0581:  ADDWF  7A,F
0582:  BTFSS  03.0
0583:  GOTO   58A
0584:  INCF   79,F
0585:  BTFSS  03.2
0586:  GOTO   58A
0587:  INCF   78,F
0588:  BTFSC  03.2
0589:  BSF    35.7
058A:  MOVF   32,W
058B:  ADDWF  79,F
058C:  BTFSS  03.0
058D:  GOTO   591
058E:  INCF   78,F
058F:  BTFSC  03.2
0590:  BSF    35.7
0591:  MOVF   31,W
0592:  MOVWF  2E
0593:  BSF    2E.7
0594:  MOVF   2E,W
0595:  ADDWF  78,F
0596:  BTFSC  03.0
0597:  BSF    35.7
0598:  RLF    35,F
0599:  RRF    78,F
059A:  RRF    79,F
059B:  RRF    7A,F
059C:  RRF    38,F
059D:  RRF    37,F
059E:  RRF    36,F
059F:  BCF    03.0
05A0:  DECFSZ 34,F
05A1:  GOTO   57D
05A2:  MOVLW  01
05A3:  ADDWF  77,F
05A4:  BTFSC  03.0
05A5:  GOTO   5CA
05A6:  BTFSC  78.7
05A7:  GOTO   5AF
05A8:  RLF    38,F
05A9:  RLF    7A,F
05AA:  RLF    79,F
05AB:  RLF    78,F
05AC:  DECF   77,F
05AD:  BTFSC  03.2
05AE:  GOTO   5CA
05AF:  BTFSS  38.7
05B0:  GOTO   5C0
05B1:  INCF   7A,F
05B2:  BTFSS  03.2
05B3:  GOTO   5C0
05B4:  INCF   79,F
05B5:  BTFSS  03.2
05B6:  GOTO   5C0
05B7:  INCF   78,F
05B8:  BTFSS  03.2
05B9:  GOTO   5C0
05BA:  RRF    78,F
05BB:  RRF    79,F
05BC:  RRF    7A,F
05BD:  INCF   77,F
05BE:  BTFSC  03.2
05BF:  GOTO   5CA
05C0:  MOVF   2D,W
05C1:  MOVWF  35
05C2:  MOVF   31,W
05C3:  XORWF  35,F
05C4:  BTFSS  35.7
05C5:  GOTO   5C8
05C6:  BSF    78.7
05C7:  GOTO   5CE
05C8:  BCF    78.7
05C9:  GOTO   5CE
05CA:  CLRF   77
05CB:  CLRF   78
05CC:  CLRF   79
05CD:  CLRF   7A
05CE:  RETURN
*
080F:  MOVLW  80
0810:  BTFSC  03.1
0811:  XORWF  31,F
0812:  CLRF   36
0813:  CLRF   37
0814:  MOVF   2D,W
0815:  MOVWF  35
0816:  MOVF   31,W
0817:  XORWF  35,F
0818:  MOVF   2C,W
0819:  BTFSC  03.2
081A:  GOTO   0FF
081B:  MOVWF  34
081C:  MOVWF  77
081D:  MOVF   30,W
081E:  BTFSC  03.2
081F:  GOTO   108
0820:  SUBWF  34,F
0821:  BTFSC  03.2
0822:  GOTO   0A4
0823:  BTFSS  03.0
0824:  GOTO   062
0825:  MOVF   31,W
0826:  MOVWF  3A
0827:  BSF    3A.7
0828:  MOVF   32,W
0829:  MOVWF  39
082A:  MOVF   33,W
082B:  MOVWF  38
082C:  CLRF   37
082D:  BCF    03.0
082E:  RRF    3A,F
082F:  RRF    39,F
0830:  RRF    38,F
0831:  RRF    37,F
0832:  DECFSZ 34,F
0833:  GOTO   02C
0834:  BTFSS  35.7
0835:  GOTO   039
0836:  BSF    36.0
0837:  GOTO   11C
0838:  BCF    36.0
0839:  BCF    34.0
083A:  BSF    36.4
083B:  MOVLW  2F
083C:  MOVWF  04
083D:  BCF    03.7
083E:  GOTO   131
083F:  BCF    36.4
0840:  BTFSC  35.7
0841:  GOTO   04C
0842:  BTFSS  34.0
0843:  GOTO   057
0844:  RRF    3A,F
0845:  RRF    39,F
0846:  RRF    38,F
0847:  RRF    37,F
0848:  INCF   77,F
0849:  BTFSC  03.2
084A:  GOTO   117
084B:  GOTO   057
084C:  BTFSC  3A.7
084D:  GOTO   05A
084E:  BCF    03.0
084F:  RLF    37,F
0850:  RLF    38,F
0851:  RLF    39,F
0852:  RLF    3A,F
0853:  DECF   77,F
0854:  BTFSC  03.2
0855:  GOTO   117
0856:  GOTO   04C
0857:  BSF    36.6
0858:  GOTO   0C4
0859:  BCF    36.6
085A:  MOVF   2D,W
085B:  MOVWF  35
085C:  BTFSS  35.7
085D:  GOTO   060
085E:  BSF    3A.7
085F:  GOTO   110
0860:  BCF    3A.7
0861:  GOTO   110
0862:  MOVF   30,W
0863:  MOVWF  34
0864:  MOVWF  77
0865:  MOVF   2C,W
0866:  SUBWF  34,F
0867:  MOVF   2D,W
0868:  MOVWF  3A
0869:  BSF    3A.7
086A:  MOVF   2E,W
086B:  MOVWF  39
086C:  MOVF   2F,W
086D:  MOVWF  38
086E:  CLRF   37
086F:  BCF    03.0
0870:  RRF    3A,F
0871:  RRF    39,F
0872:  RRF    38,F
0873:  RRF    37,F
0874:  DECFSZ 34,F
0875:  GOTO   06E
0876:  BTFSS  35.7
0877:  GOTO   07B
0878:  BSF    36.1
0879:  GOTO   11C
087A:  BCF    36.1
087B:  BCF    34.0
087C:  BSF    36.5
087D:  MOVLW  33
087E:  MOVWF  04
087F:  BCF    03.7
0880:  GOTO   131
0881:  BCF    36.5
0882:  BTFSC  35.7
0883:  GOTO   08E
0884:  BTFSS  34.0
0885:  GOTO   099
0886:  RRF    3A,F
0887:  RRF    39,F
0888:  RRF    38,F
0889:  RRF    37,F
088A:  INCF   77,F
088B:  BTFSC  03.2
088C:  GOTO   117
088D:  GOTO   099
088E:  BTFSC  3A.7
088F:  GOTO   09C
0890:  BCF    03.0
0891:  RLF    37,F
0892:  RLF    38,F
0893:  RLF    39,F
0894:  RLF    3A,F
0895:  DECF   77,F
0896:  BTFSC  03.2
0897:  GOTO   117
0898:  GOTO   08E
0899:  BSF    36.7
089A:  GOTO   0C4
089B:  BCF    36.7
089C:  MOVF   31,W
089D:  MOVWF  35
089E:  BTFSS  35.7
089F:  GOTO   0A2
08A0:  BSF    3A.7
08A1:  GOTO   110
08A2:  BCF    3A.7
08A3:  GOTO   110
08A4:  MOVF   31,W
08A5:  MOVWF  3A
08A6:  BSF    3A.7
08A7:  MOVF   32,W
08A8:  MOVWF  39
08A9:  MOVF   33,W
08AA:  MOVWF  38
08AB:  BTFSS  35.7
08AC:  GOTO   0B1
08AD:  BCF    3A.7
08AE:  BSF    36.2
08AF:  GOTO   11C
08B0:  BCF    36.2
08B1:  CLRF   37
08B2:  BCF    34.0
08B3:  MOVLW  2F
08B4:  MOVWF  04
08B5:  BCF    03.7
08B6:  GOTO   131
08B7:  BTFSC  35.7
08B8:  GOTO   0DA
08B9:  MOVF   2D,W
08BA:  MOVWF  35
08BB:  BTFSS  34.0
08BC:  GOTO   0C4
08BD:  RRF    3A,F
08BE:  RRF    39,F
08BF:  RRF    38,F
08C0:  RRF    37,F
08C1:  INCF   77,F
08C2:  BTFSC  03.2
08C3:  GOTO   117
08C4:  BTFSS  37.7
08C5:  GOTO   0D5
08C6:  INCF   38,F
08C7:  BTFSS  03.2
08C8:  GOTO   0D5
08C9:  INCF   39,F
08CA:  BTFSS  03.2
08CB:  GOTO   0D5
08CC:  INCF   3A,F
08CD:  BTFSS  03.2
08CE:  GOTO   0D5
08CF:  RRF    3A,F
08D0:  RRF    39,F
08D1:  RRF    38,F
08D2:  INCF   77,F
08D3:  BTFSC  03.2
08D4:  GOTO   117
08D5:  BTFSC  36.6
08D6:  GOTO   059
08D7:  BTFSC  36.7
08D8:  GOTO   09B
08D9:  GOTO   0F9
08DA:  MOVLW  80
08DB:  XORWF  3A,F
08DC:  BTFSS  3A.7
08DD:  GOTO   0E2
08DE:  GOTO   11C
08DF:  MOVF   31,W
08E0:  MOVWF  35
08E1:  GOTO   0EF
08E2:  MOVF   2D,W
08E3:  MOVWF  35
08E4:  MOVF   3A,F
08E5:  BTFSS  03.2
08E6:  GOTO   0EF
08E7:  MOVF   39,F
08E8:  BTFSS  03.2
08E9:  GOTO   0EF
08EA:  MOVF   38,F
08EB:  BTFSS  03.2
08EC:  GOTO   0EF
08ED:  CLRF   77
08EE:  GOTO   110
08EF:  BTFSC  3A.7
08F0:  GOTO   0F9
08F1:  BCF    03.0
08F2:  RLF    37,F
08F3:  RLF    38,F
08F4:  RLF    39,F
08F5:  RLF    3A,F
08F6:  DECFSZ 77,F
08F7:  GOTO   0EF
08F8:  GOTO   117
08F9:  BTFSS  35.7
08FA:  GOTO   0FD
08FB:  BSF    3A.7
08FC:  GOTO   110
08FD:  BCF    3A.7
08FE:  GOTO   110
08FF:  MOVF   30,W
0900:  MOVWF  77
0901:  MOVF   31,W
0902:  MOVWF  3A
0903:  MOVF   32,W
0904:  MOVWF  39
0905:  MOVF   33,W
0906:  MOVWF  38
0907:  GOTO   110
0908:  MOVF   2C,W
0909:  MOVWF  77
090A:  MOVF   2D,W
090B:  MOVWF  3A
090C:  MOVF   2E,W
090D:  MOVWF  39
090E:  MOVF   2F,W
090F:  MOVWF  38
0910:  MOVF   3A,W
0911:  MOVWF  78
0912:  MOVF   39,W
0913:  MOVWF  79
0914:  MOVF   38,W
0915:  MOVWF  7A
0916:  GOTO   14F
0917:  CLRF   77
0918:  CLRF   78
0919:  CLRF   79
091A:  CLRF   7A
091B:  GOTO   14F
091C:  CLRF   37
091D:  COMF   38,F
091E:  COMF   39,F
091F:  COMF   3A,F
0920:  COMF   37,F
0921:  INCF   37,F
0922:  BTFSS  03.2
0923:  GOTO   12A
0924:  INCF   38,F
0925:  BTFSS  03.2
0926:  GOTO   12A
0927:  INCF   39,F
0928:  BTFSC  03.2
0929:  INCF   3A,F
092A:  BTFSC  36.0
092B:  GOTO   038
092C:  BTFSC  36.1
092D:  GOTO   07A
092E:  BTFSC  36.2
092F:  GOTO   0B0
0930:  GOTO   0DF
0931:  MOVF   00,W
0932:  ADDWF  38,F
0933:  BTFSS  03.0
0934:  GOTO   13B
0935:  INCF   39,F
0936:  BTFSS  03.2
0937:  GOTO   13B
0938:  INCF   3A,F
0939:  BTFSC  03.2
093A:  BSF    34.0
093B:  DECF   04,F
093C:  MOVF   00,W
093D:  ADDWF  39,F
093E:  BTFSS  03.0
093F:  GOTO   143
0940:  INCF   3A,F
0941:  BTFSC  03.2
0942:  BSF    34.0
0943:  DECF   04,F
0944:  MOVF   00,W
0945:  BTFSS  00.7
0946:  XORLW  80
0947:  ADDWF  3A,F
0948:  BTFSC  03.0
0949:  BSF    34.0
094A:  BTFSC  36.4
094B:  GOTO   03F
094C:  BTFSC  36.5
094D:  GOTO   081
094E:  GOTO   0B7
*
0964:  MOVF   30,W
0965:  BTFSC  03.2
0966:  GOTO   229
0967:  MOVWF  3C
0968:  MOVF   34,W
0969:  BTFSC  03.2
096A:  GOTO   229
096B:  SUBWF  3C,F
096C:  BTFSS  03.0
096D:  GOTO   173
096E:  MOVLW  7F
096F:  ADDWF  3C,F
0970:  BTFSC  03.0
0971:  GOTO   229
0972:  GOTO   179
0973:  MOVLW  81
0974:  SUBWF  3C,F
0975:  BTFSS  03.0
0976:  GOTO   229
0977:  BTFSC  03.2
0978:  GOTO   229
0979:  MOVF   3C,W
097A:  MOVWF  77
097B:  CLRF   78
097C:  CLRF   79
097D:  CLRF   7A
097E:  CLRF   3B
097F:  MOVF   31,W
0980:  MOVWF  3A
0981:  BSF    3A.7
0982:  MOVF   32,W
0983:  MOVWF  39
0984:  MOVF   33,W
0985:  MOVWF  38
0986:  MOVLW  19
0987:  MOVWF  3C
0988:  MOVF   37,W
0989:  SUBWF  38,F
098A:  BTFSC  03.0
098B:  GOTO   19C
098C:  MOVLW  01
098D:  SUBWF  39,F
098E:  BTFSC  03.0
098F:  GOTO   19C
0990:  SUBWF  3A,F
0991:  BTFSC  03.0
0992:  GOTO   19C
0993:  SUBWF  3B,F
0994:  BTFSC  03.0
0995:  GOTO   19C
0996:  INCF   3B,F
0997:  INCF   3A,F
0998:  INCF   39,F
0999:  MOVF   37,W
099A:  ADDWF  38,F
099B:  GOTO   1CE
099C:  MOVF   36,W
099D:  SUBWF  39,F
099E:  BTFSC  03.0
099F:  GOTO   1B7
09A0:  MOVLW  01
09A1:  SUBWF  3A,F
09A2:  BTFSC  03.0
09A3:  GOTO   1B7
09A4:  SUBWF  3B,F
09A5:  BTFSC  03.0
09A6:  GOTO   1B7
09A7:  INCF   3B,F
09A8:  INCF   3A,F
09A9:  MOVF   36,W
09AA:  ADDWF  39,F
09AB:  MOVF   37,W
09AC:  ADDWF  38,F
09AD:  BTFSS  03.0
09AE:  GOTO   1CE
09AF:  INCF   39,F
09B0:  BTFSS  03.2
09B1:  GOTO   1CE
09B2:  INCF   3A,F
09B3:  BTFSS  03.2
09B4:  GOTO   1CE
09B5:  INCF   3B,F
09B6:  GOTO   1CE
09B7:  MOVF   35,W
09B8:  IORLW  80
09B9:  SUBWF  3A,F
09BA:  BTFSC  03.0
09BB:  GOTO   1CD
09BC:  MOVLW  01
09BD:  SUBWF  3B,F
09BE:  BTFSC  03.0
09BF:  GOTO   1CD
09C0:  INCF   3B,F
09C1:  MOVF   35,W
09C2:  IORLW  80
09C3:  ADDWF  3A,F
09C4:  MOVF   36,W
09C5:  ADDWF  39,F
09C6:  BTFSS  03.0
09C7:  GOTO   1AB
09C8:  INCF   3A,F
09C9:  BTFSS  03.2
09CA:  GOTO   1AB
09CB:  INCF   3B,F
09CC:  GOTO   1AB
09CD:  BSF    7A.0
09CE:  DECFSZ 3C,F
09CF:  GOTO   1D1
09D0:  GOTO   1DC
09D1:  BCF    03.0
09D2:  RLF    38,F
09D3:  RLF    39,F
09D4:  RLF    3A,F
09D5:  RLF    3B,F
09D6:  BCF    03.0
09D7:  RLF    7A,F
09D8:  RLF    79,F
09D9:  RLF    78,F
09DA:  RLF    3D,F
09DB:  GOTO   188
09DC:  BTFSS  3D.0
09DD:  GOTO   1E4
09DE:  BCF    03.0
09DF:  RRF    78,F
09E0:  RRF    79,F
09E1:  RRF    7A,F
09E2:  RRF    3D,F
09E3:  GOTO   1E7
09E4:  DECF   77,F
09E5:  BTFSC  03.2
09E6:  GOTO   229
09E7:  BTFSC  3D.7
09E8:  GOTO   210
09E9:  BCF    03.0
09EA:  RLF    38,F
09EB:  RLF    39,F
09EC:  RLF    3A,F
09ED:  RLF    3B,F
09EE:  MOVF   37,W
09EF:  SUBWF  38,F
09F0:  BTFSC  03.0
09F1:  GOTO   1FC
09F2:  MOVLW  01
09F3:  SUBWF  39,F
09F4:  BTFSC  03.0
09F5:  GOTO   1FC
09F6:  SUBWF  3A,F
09F7:  BTFSC  03.0
09F8:  GOTO   1FC
09F9:  SUBWF  3B,F
09FA:  BTFSS  03.0
09FB:  GOTO   21F
09FC:  MOVF   36,W
09FD:  SUBWF  39,F
09FE:  BTFSC  03.0
09FF:  GOTO   207
0A00:  MOVLW  01
0A01:  SUBWF  3A,F
0A02:  BTFSC  03.0
0A03:  GOTO   207
0A04:  SUBWF  3B,F
0A05:  BTFSS  03.0
0A06:  GOTO   21F
0A07:  MOVF   35,W
0A08:  IORLW  80
0A09:  SUBWF  3A,F
0A0A:  BTFSC  03.0
0A0B:  GOTO   210
0A0C:  MOVLW  01
0A0D:  SUBWF  3B,F
0A0E:  BTFSS  03.0
0A0F:  GOTO   21F
0A10:  INCF   7A,F
0A11:  BTFSS  03.2
0A12:  GOTO   21F
0A13:  INCF   79,F
0A14:  BTFSS  03.2
0A15:  GOTO   21F
0A16:  INCF   78,F
0A17:  BTFSS  03.2
0A18:  GOTO   21F
0A19:  INCF   77,F
0A1A:  BTFSC  03.2
0A1B:  GOTO   229
0A1C:  RRF    78,F
0A1D:  RRF    79,F
0A1E:  RRF    7A,F
0A1F:  MOVF   31,W
0A20:  MOVWF  3C
0A21:  MOVF   35,W
0A22:  XORWF  3C,F
0A23:  BTFSS  3C.7
0A24:  GOTO   227
0A25:  BSF    78.7
0A26:  GOTO   22D
0A27:  BCF    78.7
0A28:  GOTO   22D
0A29:  CLRF   77
0A2A:  CLRF   78
0A2B:  CLRF   79
0A2C:  CLRF   7A
....................  
.................... #list 
....................  
.................... #device ADC = 10 
.................... #use delay(crystal = 20000000) 
*
0076:  MOVLW  3B
0077:  MOVWF  04
0078:  BCF    03.7
0079:  MOVF   00,W
007A:  BTFSC  03.2
007B:  GOTO   089
007C:  MOVLW  06
007D:  MOVWF  78
007E:  CLRF   77
007F:  DECFSZ 77,F
0080:  GOTO   07F
0081:  DECFSZ 78,F
0082:  GOTO   07E
0083:  MOVLW  7B
0084:  MOVWF  77
0085:  DECFSZ 77,F
0086:  GOTO   085
0087:  DECFSZ 00,F
0088:  GOTO   07C
0089:  RETURN
.................... #FUSES NOWDT, NOBROWNOUT, NOLVP, HS 
....................  
.................... #define LCD_ENABLE_PIN  PIN_A3                                    //// 
.................... #define LCD_RS_PIN      PIN_A5                                    //// 
.................... #define LCD_RW_PIN      PIN_A4                                    //// 
.................... #define LCD_DATA4       PIN_D4                                    //// 
.................... #define LCD_DATA5       PIN_D5                                    //// 
.................... #define LCD_DATA6       PIN_D6                                    //// 
.................... #define LCD_DATA7       PIN_D7  
.................... #include <lcd.c> 
.................... /////////////////////////////////////////////////////////////////////////////// 
.................... ////                             LCD.C                                     //// 
.................... ////                 Driver for common LCD modules                         //// 
.................... ////                                                                       //// 
.................... ////  lcd_init()   Must be called before any other function.               //// 
.................... ////                                                                       //// 
.................... ////  lcd_putc(c)  Will display c on the next position of the LCD.         //// 
.................... ////                 \a  Set cursor position to upper left                 //// 
.................... ////                 \f  Clear display, set cursor to upper left           //// 
.................... ////                 \n  Go to start of second line                        //// 
.................... ////                 \b  Move back one position                            //// 
.................... ////              If LCD_EXTENDED_NEWLINE is defined, the \n character     //// 
.................... ////              will erase all remanining characters on the current      //// 
.................... ////              line, and move the cursor to the beginning of the next   //// 
.................... ////              line.                                                    //// 
.................... ////              If LCD_EXTENDED_NEWLINE is defined, the \r character     //// 
.................... ////              will move the cursor to the start of the current         //// 
.................... ////              line.                                                    //// 
.................... ////                                                                       //// 
.................... ////  lcd_gotoxy(x,y) Set write position on LCD (upper left is 1,1)        //// 
.................... ////                                                                       //// 
.................... ////  lcd_getc(x,y)   Returns character at position x,y on LCD             //// 
.................... ////                                                                       //// 
.................... ////  lcd_cursor_on(int1 on)   Turn the cursor on (on=TRUE) or off         //// 
.................... ////              (on=FALSE).                                              //// 
.................... ////                                                                       //// 
.................... ////  lcd_set_cgram_char(w, *p)   Write a custom character to the CGRAM.   //// 
.................... ////                                                                       //// 
.................... ////                                                                       //// 
.................... ////  CONFIGURATION                                                        //// 
.................... ////  The LCD can be configured in one of two ways: a.) port access or     //// 
.................... ////  b.) pin access.  Port access requires the entire 7 bit interface     //// 
.................... ////  connected to one GPIO port, and the data bits (D4:D7 of the LCD)     //// 
.................... ////  connected to sequential pins on the GPIO.  Pin access                //// 
.................... ////  has no requirements, all 7 bits of the control interface can         //// 
.................... ////  can be connected to any GPIO using several ports.                    //// 
.................... ////                                                                       //// 
.................... ////  To use port access, #define LCD_DATA_PORT to the SFR location of     //// 
.................... ////  of the GPIO port that holds the interface, -AND- edit LCD_PIN_MAP    //// 
.................... ////  of this file to configure the pin order.  If you are using a         //// 
.................... ////  baseline PIC (PCB), then LCD_OUTPUT_MAP and LCD_INPUT_MAP also must  //// 
.................... ////  be defined.                                                          //// 
.................... ////                                                                       //// 
.................... ////  Example of port access:                                              //// 
.................... ////     #define LCD_DATA_PORT getenv("SFR:PORTD")                         //// 
.................... ////                                                                       //// 
.................... ////  To use pin access, the following pins must be defined:               //// 
.................... ////     LCD_ENABLE_PIN                                                    //// 
.................... ////     LCD_RS_PIN                                                        //// 
.................... ////     LCD_RW_PIN                                                        //// 
.................... ////     LCD_DATA4                                                         //// 
.................... ////     LCD_DATA5                                                         //// 
.................... ////     LCD_DATA6                                                         //// 
.................... ////     LCD_DATA7                                                         //// 
.................... ////                                                                       //// 
.................... ////  Example of pin access:                                               //// 
.................... ////     #define LCD_ENABLE_PIN  PIN_E0                                    //// 
.................... ////     #define LCD_RS_PIN      PIN_E1                                    //// 
.................... ////     #define LCD_RW_PIN      PIN_E2                                    //// 
.................... ////     #define LCD_DATA4       PIN_D4                                    //// 
.................... ////     #define LCD_DATA5       PIN_D5                                    //// 
.................... ////     #define LCD_DATA6       PIN_D6                                    //// 
.................... ////     #define LCD_DATA7       PIN_D7                                    //// 
.................... ////                                                                       //// 
.................... /////////////////////////////////////////////////////////////////////////////// 
.................... ////        (C) Copyright 1996,2010 Custom Computer Services           //// 
.................... //// This source code may only be used by licensed users of the CCS C  //// 
.................... //// compiler.  This source code may only be distributed to other      //// 
.................... //// licensed users of the CCS C compiler.  No other use, reproduction //// 
.................... //// or distribution is permitted without written permission.          //// 
.................... //// Derivative programs created using this software in object code    //// 
.................... //// form are not restricted in any way.                               //// 
.................... /////////////////////////////////////////////////////////////////////////// 
....................  
.................... #ifndef __LCD_C__ 
.................... #define __LCD_C__ 
....................  
.................... // define the pinout. 
.................... // only required if port access is being used. 
.................... typedef struct   
.................... {                            // This structure is overlayed 
....................    int1 enable;           // on to an I/O port to gain 
....................    int1 rs;               // access to the LCD pins. 
....................    int1 rw;               // The bits are allocated from 
....................    int1 unused;           // low order up.  ENABLE will 
....................    unsigned int     data : 4;         // be LSB pin of that port. 
....................   #if defined(__PCD__)       // The port used will be LCD_DATA_PORT. 
....................    unsigned int    reserved: 8; 
....................   #endif 
.................... } LCD_PIN_MAP; 
....................  
.................... // this is to improve compatability with previous LCD drivers that accepted 
.................... // a define labeled 'use_portb_lcd' that configured the LCD onto port B. 
.................... #if ((defined(use_portb_lcd)) && (use_portb_lcd==TRUE)) 
....................  #define LCD_DATA_PORT getenv("SFR:PORTB") 
.................... #endif 
....................  
.................... #if defined(__PCB__) 
....................    // these definitions only need to be modified for baseline PICs. 
....................    // all other PICs use LCD_PIN_MAP or individual LCD_xxx pin definitions. 
.................... /*                                    EN, RS,   RW,   UNUSED,  DATA  */ 
....................  const LCD_PIN_MAP LCD_OUTPUT_MAP =  {0,  0,    0,    0,       0}; 
....................  const LCD_PIN_MAP LCD_INPUT_MAP =   {0,  0,    0,    0,       0xF}; 
.................... #endif 
....................  
.................... ////////////////////// END CONFIGURATION /////////////////////////////////// 
....................  
.................... #ifndef LCD_ENABLE_PIN 
....................    #define lcd_output_enable(x) lcdlat.enable=x 
....................    #define lcd_enable_tris()   lcdtris.enable=0 
.................... #else 
....................    #define lcd_output_enable(x) output_bit(LCD_ENABLE_PIN, x) 
....................    #define lcd_enable_tris()  output_drive(LCD_ENABLE_PIN) 
.................... #endif 
....................  
.................... #ifndef LCD_RS_PIN 
....................    #define lcd_output_rs(x) lcdlat.rs=x 
....................    #define lcd_rs_tris()   lcdtris.rs=0 
.................... #else 
....................    #define lcd_output_rs(x) output_bit(LCD_RS_PIN, x) 
....................    #define lcd_rs_tris()  output_drive(LCD_RS_PIN) 
.................... #endif 
....................  
.................... #ifndef LCD_RW_PIN 
....................    #define lcd_output_rw(x) lcdlat.rw=x 
....................    #define lcd_rw_tris()   lcdtris.rw=0 
.................... #else 
....................    #define lcd_output_rw(x) output_bit(LCD_RW_PIN, x) 
....................    #define lcd_rw_tris()  output_drive(LCD_RW_PIN) 
.................... #endif 
....................  
.................... // original version of this library incorrectly labeled LCD_DATA0 as LCD_DATA4, 
.................... // LCD_DATA1 as LCD_DATA5, and so on.  this block of code makes the driver 
.................... // compatible with any code written for the original library 
.................... #if (defined(LCD_DATA0) && defined(LCD_DATA1) && defined(LCD_DATA2) && defined(LCD_DATA3) && !defined(LCD_DATA4) && !defined(LCD_DATA5) && !defined(LCD_DATA6) && !defined(LCD_DATA7)) 
....................    #define  LCD_DATA4    LCD_DATA0 
....................    #define  LCD_DATA5    LCD_DATA1 
....................    #define  LCD_DATA6    LCD_DATA2 
....................    #define  LCD_DATA7    LCD_DATA3 
.................... #endif 
....................  
.................... #ifndef LCD_DATA4 
.................... #ifndef LCD_DATA_PORT 
....................    #if defined(__PCB__) 
....................       #define LCD_DATA_PORT      0x06     //portb 
....................       #define set_tris_lcd(x)   set_tris_b(x) 
....................    #else 
....................      #if defined(PIN_D0) 
....................       #define LCD_DATA_PORT      getenv("SFR:PORTD")     //portd 
....................      #else 
....................       #define LCD_DATA_PORT      getenv("SFR:PORTB")     //portb 
....................      #endif 
....................    #endif    
.................... #endif 
....................  
.................... #if defined(__PCB__) 
....................    LCD_PIN_MAP lcd, lcdlat; 
....................    #byte lcd = LCD_DATA_PORT 
....................    #byte lcdlat = LCD_DATA_PORT 
.................... #elif defined(__PCM__) 
....................    LCD_PIN_MAP lcd, lcdlat, lcdtris; 
....................    #byte lcd = LCD_DATA_PORT 
....................    #byte lcdlat = LCD_DATA_PORT 
....................    #byte lcdtris = LCD_DATA_PORT+0x80 
.................... #elif defined(__PCH__) 
....................    LCD_PIN_MAP lcd, lcdlat, lcdtris; 
....................    #byte lcd = LCD_DATA_PORT 
....................    #byte lcdlat = LCD_DATA_PORT+9 
....................    #byte lcdtris = LCD_DATA_PORT+0x12 
.................... #elif defined(__PCD__) 
....................    LCD_PIN_MAP lcd, lcdlat, lcdtris; 
....................    #word lcd = LCD_DATA_PORT 
....................    #word lcdlat = LCD_DATA_PORT+2 
....................    #word lcdtris = LCD_DATA_PORT-0x02 
.................... #endif 
.................... #endif   //LCD_DATA4 not defined 
....................  
.................... #ifndef LCD_TYPE 
....................    #define LCD_TYPE 2           // 0=5x7, 1=5x10, 2=2 lines 
.................... #endif 
....................  
.................... #ifndef LCD_LINE_TWO 
....................    #define LCD_LINE_TWO 0x40    // LCD RAM address for the second line 
.................... #endif 
....................  
.................... #ifndef LCD_LINE_LENGTH 
....................    #define LCD_LINE_LENGTH 20 
.................... #endif 
....................  
.................... unsigned int8 lcd_read_nibble(void); 
....................  
.................... unsigned int8 lcd_read_byte(void) 
.................... { 
....................    unsigned int8 low,high; 
....................  
....................  #if defined(__PCB__) 
....................    set_tris_lcd(LCD_INPUT_MAP); 
....................  #else 
....................   #if (defined(LCD_DATA4) && defined(LCD_DATA5) && defined(LCD_DATA6) && defined(LCD_DATA7)) 
....................    output_float(LCD_DATA4); 
*
00F3:  BSF    08.4
....................    output_float(LCD_DATA5); 
00F4:  BSF    08.5
....................    output_float(LCD_DATA6); 
00F5:  BSF    08.6
....................    output_float(LCD_DATA7); 
00F6:  BSF    08.7
....................   #else 
....................    lcdtris.data = 0xF; 
....................   #endif 
....................  #endif 
....................          
....................    lcd_output_rw(1); 
00F7:  BCF    03.5
00F8:  BSF    05.4
00F9:  BSF    03.5
00FA:  BCF    05.4
....................    delay_cycles(1); 
00FB:  NOP
....................    lcd_output_enable(1); 
00FC:  BCF    03.5
00FD:  BSF    05.3
00FE:  BSF    03.5
00FF:  BCF    05.3
....................    delay_cycles(1); 
0100:  NOP
....................    high = lcd_read_nibble(); 
0101:  BCF    03.5
0102:  CALL   0BA
0103:  MOVF   78,W
0104:  MOVWF  42
....................        
....................    lcd_output_enable(0); 
0105:  BCF    05.3
0106:  BSF    03.5
0107:  BCF    05.3
....................    delay_cycles(1); 
0108:  NOP
....................    lcd_output_enable(1); 
0109:  BCF    03.5
010A:  BSF    05.3
010B:  BSF    03.5
010C:  BCF    05.3
....................    delay_us(1); 
010D:  GOTO   10E
010E:  GOTO   10F
010F:  NOP
....................    low = lcd_read_nibble(); 
0110:  BCF    03.5
0111:  CALL   0BA
0112:  MOVF   78,W
0113:  MOVWF  41
....................        
....................    lcd_output_enable(0); 
0114:  BCF    05.3
0115:  BSF    03.5
0116:  BCF    05.3
....................  
....................  #if defined(__PCB__) 
....................    set_tris_lcd(LCD_OUTPUT_MAP); 
....................  #else 
....................   #if (defined(LCD_DATA4) && defined(LCD_DATA5) && defined(LCD_DATA6) && defined(LCD_DATA7)) 
....................    output_drive(LCD_DATA4); 
0117:  BCF    08.4
....................    output_drive(LCD_DATA5); 
0118:  BCF    08.5
....................    output_drive(LCD_DATA6); 
0119:  BCF    08.6
....................    output_drive(LCD_DATA7); 
011A:  BCF    08.7
....................   #else 
....................    lcdtris.data = 0x0; 
....................   #endif 
....................  #endif 
....................  
....................    return( (high<<4) | low); 
011B:  BCF    03.5
011C:  SWAPF  42,W
011D:  MOVWF  77
011E:  MOVLW  F0
011F:  ANDWF  77,F
0120:  MOVF   77,W
0121:  IORWF  41,W
0122:  MOVWF  78
.................... } 
....................  
.................... unsigned int8 lcd_read_nibble(void) 
.................... { 
....................   #if (defined(LCD_DATA4) && defined(LCD_DATA5) && defined(LCD_DATA6) && defined(LCD_DATA7)) 
*
00BA:  CLRF   43
....................    unsigned int8 n = 0x00; 
....................  
....................    /* Read the data port */ 
....................    n |= input(LCD_DATA4); 
00BB:  BSF    03.5
00BC:  BSF    08.4
00BD:  MOVLW  00
00BE:  BCF    03.5
00BF:  BTFSC  08.4
00C0:  MOVLW  01
00C1:  IORWF  43,F
....................    n |= input(LCD_DATA5) << 1; 
00C2:  BSF    03.5
00C3:  BSF    08.5
00C4:  MOVLW  00
00C5:  BCF    03.5
00C6:  BTFSC  08.5
00C7:  MOVLW  01
00C8:  MOVWF  77
00C9:  BCF    03.0
00CA:  RLF    77,F
00CB:  MOVF   77,W
00CC:  IORWF  43,F
....................    n |= input(LCD_DATA6) << 2; 
00CD:  BSF    03.5
00CE:  BSF    08.6
00CF:  MOVLW  00
00D0:  BCF    03.5
00D1:  BTFSC  08.6
00D2:  MOVLW  01
00D3:  MOVWF  77
00D4:  RLF    77,F
00D5:  RLF    77,F
00D6:  MOVLW  FC
00D7:  ANDWF  77,F
00D8:  MOVF   77,W
00D9:  IORWF  43,F
....................    n |= input(LCD_DATA7) << 3; 
00DA:  BSF    03.5
00DB:  BSF    08.7
00DC:  MOVLW  00
00DD:  BCF    03.5
00DE:  BTFSC  08.7
00DF:  MOVLW  01
00E0:  MOVWF  77
00E1:  RLF    77,F
00E2:  RLF    77,F
00E3:  RLF    77,F
00E4:  MOVLW  F8
00E5:  ANDWF  77,F
00E6:  MOVF   77,W
00E7:  IORWF  43,F
....................     
....................    return(n); 
00E8:  MOVF   43,W
00E9:  MOVWF  78
....................   #else 
00EA:  RETURN
....................    return(lcd.data); 
....................   #endif 
.................... } 
....................  
.................... void lcd_send_nibble(unsigned int8 n) 
.................... { 
....................   #if (defined(LCD_DATA4) && defined(LCD_DATA5) && defined(LCD_DATA6) && defined(LCD_DATA7)) 
....................    /* Write to the data port */ 
....................    output_bit(LCD_DATA4, bit_test(n, 0)); 
*
008A:  BTFSC  42.0
008B:  GOTO   08E
008C:  BCF    08.4
008D:  GOTO   08F
008E:  BSF    08.4
008F:  BSF    03.5
0090:  BCF    08.4
....................    output_bit(LCD_DATA5, bit_test(n, 1)); 
0091:  BCF    03.5
0092:  BTFSC  42.1
0093:  GOTO   096
0094:  BCF    08.5
0095:  GOTO   097
0096:  BSF    08.5
0097:  BSF    03.5
0098:  BCF    08.5
....................    output_bit(LCD_DATA6, bit_test(n, 2)); 
0099:  BCF    03.5
009A:  BTFSC  42.2
009B:  GOTO   09E
009C:  BCF    08.6
009D:  GOTO   09F
009E:  BSF    08.6
009F:  BSF    03.5
00A0:  BCF    08.6
....................    output_bit(LCD_DATA7, bit_test(n, 3)); 
00A1:  BCF    03.5
00A2:  BTFSC  42.3
00A3:  GOTO   0A6
00A4:  BCF    08.7
00A5:  GOTO   0A7
00A6:  BSF    08.7
00A7:  BSF    03.5
00A8:  BCF    08.7
....................   #else       
....................    lcdlat.data = n; 
....................   #endif 
....................        
....................    delay_cycles(1); 
00A9:  NOP
....................    lcd_output_enable(1); 
00AA:  BCF    03.5
00AB:  BSF    05.3
00AC:  BSF    03.5
00AD:  BCF    05.3
....................    delay_us(2); 
00AE:  MOVLW  02
00AF:  MOVWF  77
00B0:  DECFSZ 77,F
00B1:  GOTO   0B0
00B2:  GOTO   0B3
00B3:  NOP
....................    lcd_output_enable(0); 
00B4:  BCF    03.5
00B5:  BCF    05.3
00B6:  BSF    03.5
00B7:  BCF    05.3
00B8:  BCF    03.5
00B9:  RETURN
.................... } 
....................  
.................... void lcd_send_byte(unsigned int8 address, unsigned int8 n) 
.................... { 
....................   #if defined(__PCB__) 
....................    set_tris_lcd(LCD_OUTPUT_MAP); 
....................   #else 
....................    lcd_enable_tris(); 
*
00EB:  BSF    03.5
00EC:  BCF    05.3
....................    lcd_rs_tris(); 
00ED:  BCF    05.5
....................    lcd_rw_tris(); 
00EE:  BCF    05.4
....................   #endif 
....................  
....................    lcd_output_rs(0); 
00EF:  BCF    03.5
00F0:  BCF    05.5
00F1:  BSF    03.5
00F2:  BCF    05.5
....................    while ( bit_test(lcd_read_byte(),7) ) ; 
*
0123:  MOVF   78,W
0124:  MOVWF  41
0125:  BTFSS  41.7
0126:  GOTO   129
0127:  BSF    03.5
0128:  GOTO   0F3
....................    lcd_output_rs(address); 
0129:  MOVF   3F,F
012A:  BTFSS  03.2
012B:  GOTO   12E
012C:  BCF    05.5
012D:  GOTO   12F
012E:  BSF    05.5
012F:  BSF    03.5
0130:  BCF    05.5
....................    delay_cycles(1); 
0131:  NOP
....................    lcd_output_rw(0); 
0132:  BCF    03.5
0133:  BCF    05.4
0134:  BSF    03.5
0135:  BCF    05.4
....................    delay_cycles(1); 
0136:  NOP
....................    lcd_output_enable(0); 
0137:  BCF    03.5
0138:  BCF    05.3
0139:  BSF    03.5
013A:  BCF    05.3
....................    lcd_send_nibble(n >> 4); 
013B:  BCF    03.5
013C:  SWAPF  40,W
013D:  MOVWF  41
013E:  MOVLW  0F
013F:  ANDWF  41,F
0140:  MOVF   41,W
0141:  MOVWF  42
0142:  CALL   08A
....................    lcd_send_nibble(n & 0xf); 
0143:  MOVF   40,W
0144:  ANDLW  0F
0145:  MOVWF  41
0146:  MOVWF  42
0147:  CALL   08A
0148:  RETURN
.................... } 
....................  
.................... #if defined(LCD_EXTENDED_NEWLINE) 
.................... unsigned int8 g_LcdX, g_LcdY; 
.................... #endif 
....................  
.................... void lcd_init(void)  
.................... { 
....................    unsigned int8 i; 
....................    unsigned int8 LCD_INIT_STRING[4] = {0x20 | (LCD_TYPE << 2), 0xc, 1, 6}; 
0149:  MOVLW  28
014A:  MOVWF  2C
014B:  MOVLW  0C
014C:  MOVWF  2D
014D:  MOVLW  01
014E:  MOVWF  2E
014F:  MOVLW  06
0150:  MOVWF  2F
....................                              // These bytes need to be sent to the LCD 
....................                              // to start it up. 
....................     
....................  
....................    lcd_output_enable(0); 
0151:  BCF    05.3
0152:  BSF    03.5
0153:  BCF    05.3
....................    lcd_output_rs(0); 
0154:  BCF    03.5
0155:  BCF    05.5
0156:  BSF    03.5
0157:  BCF    05.5
....................    lcd_output_rw(0); 
0158:  BCF    03.5
0159:  BCF    05.4
015A:  BSF    03.5
015B:  BCF    05.4
....................  
....................  #if defined(__PCB__) 
....................    set_tris_lcd(LCD_OUTPUT_MAP); 
....................  #else 
....................   #if (defined(LCD_DATA4) && defined(LCD_DATA5) && defined(LCD_DATA6) && defined(LCD_DATA7)) 
....................    output_drive(LCD_DATA4); 
015C:  BCF    08.4
....................    output_drive(LCD_DATA5); 
015D:  BCF    08.5
....................    output_drive(LCD_DATA6); 
015E:  BCF    08.6
....................    output_drive(LCD_DATA7); 
015F:  BCF    08.7
....................   #else 
....................    lcdtris.data = 0x0; 
....................   #endif 
....................    lcd_enable_tris(); 
0160:  BCF    05.3
....................    lcd_rs_tris(); 
0161:  BCF    05.5
....................    lcd_rw_tris(); 
0162:  BCF    05.4
....................  #endif 
....................      
....................    delay_ms(15); 
0163:  MOVLW  0F
0164:  BCF    03.5
0165:  MOVWF  3B
0166:  CALL   076
....................    for(i=1;i<=3;++i) 
0167:  MOVLW  01
0168:  MOVWF  2B
0169:  MOVF   2B,W
016A:  SUBLW  03
016B:  BTFSS  03.0
016C:  GOTO   175
....................    { 
....................        lcd_send_nibble(3); 
016D:  MOVLW  03
016E:  MOVWF  42
016F:  CALL   08A
....................        delay_ms(5); 
0170:  MOVLW  05
0171:  MOVWF  3B
0172:  CALL   076
0173:  INCF   2B,F
0174:  GOTO   169
....................    } 
....................     
....................    lcd_send_nibble(2); 
0175:  MOVLW  02
0176:  MOVWF  42
0177:  CALL   08A
....................    delay_ms(5); 
0178:  MOVLW  05
0179:  MOVWF  3B
017A:  CALL   076
....................    for(i=0;i<=3;++i) 
017B:  CLRF   2B
017C:  MOVF   2B,W
017D:  SUBLW  03
017E:  BTFSS  03.0
017F:  GOTO   18C
....................       lcd_send_byte(0,LCD_INIT_STRING[i]); 
0180:  MOVLW  2C
0181:  ADDWF  2B,W
0182:  MOVWF  04
0183:  BCF    03.7
0184:  MOVF   00,W
0185:  MOVWF  30
0186:  CLRF   3F
0187:  MOVF   30,W
0188:  MOVWF  40
0189:  CALL   0EB
....................  
....................   #if defined(LCD_EXTENDED_NEWLINE) 
018A:  INCF   2B,F
018B:  GOTO   17C
018C:  BCF    0A.3
018D:  BCF    0A.4
018E:  GOTO   64B (RETURN)
....................    g_LcdX = 0; 
....................    g_LcdY = 0; 
....................   #endif 
.................... } 
....................  
.................... void lcd_gotoxy(unsigned int8 x, unsigned int8 y) 
.................... { 
....................    unsigned int8 address; 
....................     
....................    if(y!=1) 
*
01A5:  DECFSZ 3C,W
01A6:  GOTO   1A8
01A7:  GOTO   1AB
....................       address=LCD_LINE_TWO; 
01A8:  MOVLW  40
01A9:  MOVWF  3D
01AA:  GOTO   1AC
....................    else 
....................       address=0; 
01AB:  CLRF   3D
....................       
....................    address+=x-1; 
01AC:  MOVLW  01
01AD:  SUBWF  3B,W
01AE:  ADDWF  3D,F
....................    lcd_send_byte(0,0x80|address); 
01AF:  MOVF   3D,W
01B0:  IORLW  80
01B1:  MOVWF  3E
01B2:  CLRF   3F
01B3:  MOVF   3E,W
01B4:  MOVWF  40
01B5:  CALL   0EB
....................  
....................   #if defined(LCD_EXTENDED_NEWLINE) 
01B6:  RETURN
....................    g_LcdX = x - 1; 
....................    g_LcdY = y - 1; 
....................   #endif 
.................... } 
....................  
.................... void lcd_putc(char c) 
.................... { 
....................    switch (c) 
01B7:  MOVF   3A,W
01B8:  XORLW  07
01B9:  BTFSC  03.2
01BA:  GOTO   1C5
01BB:  XORLW  0B
01BC:  BTFSC  03.2
01BD:  GOTO   1CA
01BE:  XORLW  06
01BF:  BTFSC  03.2
01C0:  GOTO   1D2
01C1:  XORLW  02
01C2:  BTFSC  03.2
01C3:  GOTO   1D8
01C4:  GOTO   1DD
....................    { 
....................       case '\a'   :  lcd_gotoxy(1,1);     break; 
01C5:  MOVLW  01
01C6:  MOVWF  3B
01C7:  MOVWF  3C
01C8:  CALL   1A5
01C9:  GOTO   1E2
....................  
....................       case '\f'   :  lcd_send_byte(0,1); 
01CA:  CLRF   3F
01CB:  MOVLW  01
01CC:  MOVWF  40
01CD:  CALL   0EB
....................                      delay_ms(2); 
01CE:  MOVLW  02
01CF:  MOVWF  3B
01D0:  CALL   076
....................                     #if defined(LCD_EXTENDED_NEWLINE) 
....................                      g_LcdX = 0; 
....................                      g_LcdY = 0; 
....................                     #endif 
....................                      break; 
01D1:  GOTO   1E2
....................  
....................      #if defined(LCD_EXTENDED_NEWLINE) 
....................       case '\r'   :  lcd_gotoxy(1, g_LcdY+1);   break; 
....................       case '\n'   : 
....................          while (g_LcdX++ < LCD_LINE_LENGTH) 
....................          { 
....................             lcd_send_byte(1, ' '); 
....................          } 
....................          lcd_gotoxy(1, g_LcdY+2); 
....................          break; 
....................      #else 
....................       case '\n'   : lcd_gotoxy(1,2);        break; 
01D2:  MOVLW  01
01D3:  MOVWF  3B
01D4:  MOVLW  02
01D5:  MOVWF  3C
01D6:  CALL   1A5
01D7:  GOTO   1E2
....................      #endif 
....................       
....................       case '\b'   : lcd_send_byte(0,0x10);  break; 
01D8:  CLRF   3F
01D9:  MOVLW  10
01DA:  MOVWF  40
01DB:  CALL   0EB
01DC:  GOTO   1E2
....................       
....................      #if defined(LCD_EXTENDED_NEWLINE) 
....................       default     :  
....................          if (g_LcdX < LCD_LINE_LENGTH) 
....................          { 
....................             lcd_send_byte(1, c); 
....................             g_LcdX++; 
....................          } 
....................          break; 
....................      #else 
....................       default     : lcd_send_byte(1,c);     break; 
01DD:  MOVLW  01
01DE:  MOVWF  3F
01DF:  MOVF   3A,W
01E0:  MOVWF  40
01E1:  CALL   0EB
....................      #endif 
....................    } 
01E2:  RETURN
.................... } 
....................   
.................... char lcd_getc(unsigned int8 x, unsigned int8 y) 
.................... { 
....................    char value; 
....................  
....................    lcd_gotoxy(x,y); 
....................    while ( bit_test(lcd_read_byte(),7) ); // wait until busy flag is low 
....................    lcd_output_rs(1); 
....................    value = lcd_read_byte(); 
....................    lcd_output_rs(0); 
....................     
....................    return(value); 
.................... } 
....................  
.................... // write a custom character to the ram 
.................... // which is 0-7 and specifies which character array we are modifying. 
.................... // ptr points to an array of 8 bytes, where each byte is the next row of 
.................... //    pixels.  only bits 0-4 are used.  the last row is the cursor row, and 
.................... //    usually you will want to leave this byte 0x00. 
.................... void lcd_set_cgram_char(unsigned int8 which, unsigned int8 *ptr) 
.................... { 
....................    unsigned int i; 
....................  
....................    which <<= 3; 
....................    which &= 0x38; 
....................  
....................    lcd_send_byte(0, 0x40 | which);  //set cgram address 
....................  
....................    for(i=0; i<8; i++) 
....................    { 
....................       lcd_send_byte(1, *ptr++); 
....................    } 
....................    
....................    #if defined(LCD_EXTENDED_NEWLINE) 
....................     lcd_gotoxy(g_LcdX+1, g_LcdY+1);  //set ddram address 
....................    #endif 
.................... } 
....................  
.................... void lcd_cursor_on(int1 on) 
.................... { 
....................    if (on) 
....................    { 
....................       lcd_send_byte(0,0x0F);           //turn LCD cursor ON 
....................    } 
....................    else 
....................    { 
....................       lcd_send_byte(0,0x0C);           //turn LCD cursor OFF 
....................    } 
.................... } 
....................  
.................... #endif 
....................  
.................... #include <kbd4x4_b.c> 
.................... /////////////////////////////////////////////////////////////////////////// 
.................... ////                             KBD4x4_1.C                                //// 
.................... ////                  Generic keypad scan driver                       //// 
.................... ////                                                                   //// 
.................... ////  kbd_init()   Must be called before any other function.           //// 
.................... ////                                                                   //// 
.................... ////  c = kbd_getc(c)  Will return a key value if pressed or /0 if not //// 
.................... ////                   This function should be called frequently so as //// 
.................... ////                   not to miss a key press.                        //// 
.................... ////                                                                   //// 
.................... /////////////////////////////////////////////////////////////////////////// 
.................... ////        (C) Copyright 1996,2003 Custom Computer Services           //// 
.................... //// This source code may only be used by licensed users of the CCS C  //// 
.................... //// compiler.  This source code may only be distributed to other      //// 
.................... //// licensed users of the CCS C compiler.  No other use, reproduction //// 
.................... //// or distribution is permitted without written permission.          //// 
.................... //// Derivative programs created using this software in object code    //// 
.................... //// form are not restricted in any way.                               //// 
.................... /////////////////////////////////////////////////////////////////////////// 
....................  
.................... ////////////////// The following defines the keypad layout on port D 
....................  
.................... // Un-comment the following define to use port B 
.................... #define use_portb_kbd TRUE 
....................  
.................... // Make sure the port used has pull-up resistors (or the LCD) on 
.................... // the column pins 
....................  
....................  
.................... #if defined(__PCH__) 
.................... #if defined use_portb_kbd 
....................    #byte kbd = 0xF81                   // This puts the entire structure 
.................... #else 
....................    #byte kbd = 0xF83                   // This puts the entire structure 
.................... #endif 
.................... #else 
.................... #if defined use_portb_kbd 
....................    #byte kbd = 6                  // on to port B (at address 6) 
.................... #else 
....................    #byte kbd = 8                 // on to port D (at address 8) 
.................... #endif 
.................... #endif 
....................  
.................... #if defined use_portb_kbd 
....................    #define set_tris_kbd(x) set_tris_b(x) 
.................... #else 
....................    #define set_tris_kbd(x) set_tris_d(x) 
.................... #endif 
....................  
....................  
....................  
.................... //Keypad connection:   (for example column 0 is B2) 
.................... //                Bx: 
....................  
.................... #ifdef blue_keypad  ///////////////////////////////////// For the blue keypad 
.................... #define COL0 (1 << 2) 
.................... #define COL1 (1 << 3) 
.................... #define COL2 (1 << 6) 
....................  
.................... #define ROW0 (1 << 4) 
.................... #define ROW1 (1 << 7) 
.................... #define ROW2 (1 << 1) 
.................... #define ROW3 (1 << 5) 
....................  
.................... #else ////////////////////////////////////////////////// For the black keypad 
.................... #define COL0 (1 << 4) 
.................... #define COL1 (1 << 5) 
.................... #define COL2 (1 << 6) 
.................... #define COL3 (1 << 7) 
....................  
.................... #define ROW0 (1 << 0) 
.................... #define ROW1 (1 << 1) 
.................... #define ROW2 (1 << 2) 
.................... #define ROW3 (1 << 3) 
....................  
.................... #endif 
....................  
.................... #define ALL_ROWS (ROW0|ROW1|ROW2|ROW3) 
.................... #define ALL_PINS (ALL_ROWS|COL0|COL1|COL2|COL3) 
....................  
.................... // Keypad layout: 
.................... char const KEYS[4][4] = {{'7','8','9','/'}, 
....................                          {'4','5','6','*'}, 
....................                          {'1','2','3','-'}, 
....................                          {'C','0','=','+'}}; 
....................  
.................... #define KBD_DEBOUNCE_FACTOR 33    // Set this number to apx n/333 where 
....................                                   // n is the number of times you expect 
....................                                   // to call kbd_getc each second 
....................  
....................  
.................... void kbd_init() { 
*
018F:  BCF    0A.3
0190:  BCF    0A.4
0191:  GOTO   64C (RETURN)
.................... } 
....................  
.................... char kbd_getc( ) { 
....................    static BYTE kbd_call_count; 
*
0642:  BCF    03.5
0643:  CLRF   20
....................    static int1 kbd_down; 
0644:  BCF    21.0
....................    static char last_key; 
0645:  CLRF   22
....................    static BYTE col; 
0646:  CLRF   23
....................  
....................    BYTE kchar; 
....................    BYTE row; 
....................  
....................    kchar='\0'; 
*
0239:  CLRF   38
....................    if(++kbd_call_count>KBD_DEBOUNCE_FACTOR) { 
023A:  INCF   20,F
023B:  MOVF   20,W
023C:  SUBLW  21
023D:  BTFSC  03.0
023E:  GOTO   299
....................        switch (col) { 
023F:  MOVF   23,W
0240:  ADDLW  FC
0241:  BTFSC  03.0
0242:  GOTO   25C
0243:  ADDLW  04
0244:  GOTO   2A2
....................          case 0   : set_tris_kbd(ALL_PINS&~COL0); 
0245:  MOVLW  EF
0246:  BSF    03.5
0247:  MOVWF  06
....................                     kbd=~COL0&ALL_PINS; 
0248:  BCF    03.5
0249:  MOVWF  06
....................                     break; 
024A:  GOTO   25C
....................          case 1   : set_tris_kbd(ALL_PINS&~COL1); 
024B:  MOVLW  DF
024C:  BSF    03.5
024D:  MOVWF  06
....................                     kbd=~COL1&ALL_PINS; 
024E:  BCF    03.5
024F:  MOVWF  06
....................                     break; 
0250:  GOTO   25C
....................          case 2   : set_tris_kbd(ALL_PINS&~COL2); 
0251:  MOVLW  BF
0252:  BSF    03.5
0253:  MOVWF  06
....................                     kbd=~COL2&ALL_PINS; 
0254:  BCF    03.5
0255:  MOVWF  06
....................                     break; 
0256:  GOTO   25C
....................          case 3   : set_tris_kbd(ALL_PINS&~COL3); 
0257:  MOVLW  7F
0258:  BSF    03.5
0259:  MOVWF  06
....................                     kbd=~COL3&ALL_PINS; 
025A:  BCF    03.5
025B:  MOVWF  06
....................                     break; 
....................        } 
....................  
....................        if(kbd_down) { 
025C:  BTFSS  21.0
025D:  GOTO   268
....................          if((kbd & (ALL_ROWS))==(ALL_ROWS)) { 
025E:  MOVF   06,W
025F:  ANDLW  0F
0260:  SUBLW  0F
0261:  BTFSS  03.2
0262:  GOTO   267
....................            kbd_down=FALSE; 
0263:  BCF    21.0
....................            kchar=last_key; 
0264:  MOVF   22,W
0265:  MOVWF  38
....................            last_key='\0'; 
0266:  CLRF   22
....................          } 
....................        } else { 
0267:  GOTO   298
....................           if((kbd & (ALL_ROWS))!=(ALL_ROWS)) { 
0268:  MOVF   06,W
0269:  ANDLW  0F
026A:  SUBLW  0F
026B:  BTFSC  03.2
026C:  GOTO   293
....................              if((kbd & ROW0)==0) 
026D:  MOVF   06,W
026E:  ANDLW  01
026F:  BTFSS  03.2
0270:  GOTO   273
....................                row=0; 
0271:  CLRF   39
0272:  GOTO   287
....................              else if((kbd & ROW1)==0) 
0273:  MOVF   06,W
0274:  ANDLW  02
0275:  BTFSS  03.2
0276:  GOTO   27A
....................                row=1; 
0277:  MOVLW  01
0278:  MOVWF  39
0279:  GOTO   287
....................              else if((kbd & ROW2)==0) 
027A:  MOVF   06,W
027B:  ANDLW  04
027C:  BTFSS  03.2
027D:  GOTO   281
....................                row=2; 
027E:  MOVLW  02
027F:  MOVWF  39
0280:  GOTO   287
....................              else if((kbd & ROW3)==0) 
0281:  MOVF   06,W
0282:  ANDLW  08
0283:  BTFSS  03.2
0284:  GOTO   287
....................                row=3; 
0285:  MOVLW  03
0286:  MOVWF  39
....................              last_key =KEYS[row][col]; 
0287:  RLF    39,W
0288:  MOVWF  77
0289:  RLF    77,F
028A:  MOVLW  FC
028B:  ANDWF  77,F
028C:  MOVF   77,W
028D:  ADDWF  23,W
028E:  CALL   004
028F:  MOVWF  78
0290:  MOVWF  22
....................              kbd_down = TRUE; 
0291:  BSF    21.0
....................           } else { 
0292:  GOTO   298
....................              ++col; 
0293:  INCF   23,F
....................              if(col==4) 
0294:  MOVF   23,W
0295:  SUBLW  04
0296:  BTFSC  03.2
....................                col=0; 
0297:  CLRF   23
....................           } 
....................        } 
....................       kbd_call_count=0; 
0298:  CLRF   20
....................    } 
....................   set_tris_kbd(ALL_PINS); 
0299:  MOVLW  FF
029A:  BSF    03.5
029B:  MOVWF  06
....................   return(kchar); 
029C:  BCF    03.5
029D:  MOVF   38,W
029E:  MOVWF  78
029F:  BCF    0A.3
02A0:  BCF    0A.4
02A1:  GOTO   2AB (RETURN)
.................... } 
....................  
.................... #include <getNum16.c> 
.................... /* 
....................    ** Se requiere haber inicializado el lcd y el teclado **  
....................     
....................    Usar como "int16 numero = get_num();" no puede borrar numeros 
....................     
....................    Al usar como "int16 numero = get_num_lcd(cursor_x,cursor_y)" 
....................    se pueden borrar caracteres con '-' y con 'C' 
....................        
....................    Por Angel Primitivo Vejar Corts 2022 | angel-primi@hotmail.com 
.................... */ 
....................  
.................... unsigned int32 pow(int8 base, int8 power){ 
*
035C:  CLRF   3E
035D:  CLRF   3D
035E:  CLRF   3C
035F:  MOVLW  01
0360:  MOVWF  3B
....................    int32 result = 1; 
....................    for(int8 i = 0; i < power; i++){ 
0361:  CLRF   3F
0362:  MOVF   3A,W
0363:  SUBWF  3F,W
0364:  BTFSC  03.0
0365:  GOTO   37E
....................       result *= base; 
0366:  MOVF   3E,W
0367:  MOVWF  43
0368:  MOVF   3D,W
0369:  MOVWF  42
036A:  MOVF   3C,W
036B:  MOVWF  41
036C:  MOVF   3B,W
036D:  MOVWF  40
036E:  CLRF   47
036F:  CLRF   46
0370:  CLRF   45
0371:  MOVF   39,W
0372:  MOVWF  44
0373:  CALL   2B3
0374:  MOVF   7A,W
0375:  MOVWF  3E
0376:  MOVF   79,W
0377:  MOVWF  3D
0378:  MOVF   78,W
0379:  MOVWF  3C
037A:  MOVF   77,W
037B:  MOVWF  3B
037C:  INCF   3F,F
037D:  GOTO   362
....................    } 
....................    return result; 
037E:  MOVF   3B,W
037F:  MOVWF  77
0380:  MOVF   3C,W
0381:  MOVWF  78
0382:  MOVF   3D,W
0383:  MOVWF  79
0384:  MOVF   3E,W
0385:  MOVWF  7A
.................... } 
....................  
.................... char read_key(){ 
....................    char c; 
....................    do{ 
....................       c=kbd_getc(); 
*
02AA:  GOTO   239
02AB:  MOVF   78,W
02AC:  MOVWF  37
....................    } 
....................    while(c=='\0');  
02AD:  MOVF   37,F
02AE:  BTFSC  03.2
02AF:  GOTO   2AA
....................    return(c); 
02B0:  MOVF   37,W
02B1:  MOVWF  78
02B2:  RETURN
.................... } 
....................  
.................... int16 get_num_lcd(int8 x, int8 y){ 
....................    lcd_gotoxy(x,y); 
*
02DD:  MOVF   2B,W
02DE:  MOVWF  3B
02DF:  MOVF   2C,W
02E0:  MOVWF  3C
02E1:  CALL   1A5
....................    int16 numero = 0; 
....................    char cadena[5] = {0,0,0,0,0}; 
*
02E4:  CLRF   2F
02E5:  CLRF   30
02E6:  CLRF   31
02E7:  CLRF   32
02E8:  CLRF   33
....................    int8 index = 0; 
....................    char tecla; 
*
02E2:  CLRF   2E
02E3:  CLRF   2D
*
02E9:  CLRF   34
....................    do { 
....................       tecla = read_key(); 
02EA:  CALL   2AA
02EB:  MOVF   78,W
02EC:  MOVWF  35
....................       if((tecla >= 48) && (tecla <= 57))  
02ED:  MOVF   35,W
02EE:  SUBLW  2F
02EF:  BTFSC  03.0
02F0:  GOTO   2FF
02F1:  MOVF   35,W
02F2:  SUBLW  39
02F3:  BTFSS  03.0
02F4:  GOTO   2FF
....................       { 
....................          cadena[index] = tecla; 
02F5:  MOVLW  2F
02F6:  ADDWF  34,W
02F7:  MOVWF  04
02F8:  BCF    03.7
02F9:  MOVF   35,W
02FA:  MOVWF  00
....................          index++; 
02FB:  INCF   34,F
....................          printf(lcd_putc,"%c",tecla); 
02FC:  MOVF   35,W
02FD:  MOVWF  3A
02FE:  CALL   1B7
....................       } 
....................        
....................       if(tecla == '-' && index > 0){ 
02FF:  MOVF   35,W
0300:  SUBLW  2D
0301:  BTFSS  03.2
0302:  GOTO   31D
0303:  MOVF   34,F
0304:  BTFSC  03.2
0305:  GOTO   31D
....................          index--; 
0306:  DECF   34,F
....................          cadena[index] = 0; 
0307:  MOVLW  2F
0308:  ADDWF  34,W
0309:  MOVWF  04
030A:  BCF    03.7
030B:  CLRF   00
....................          lcd_gotoxy(x + index,y); 
030C:  MOVF   34,W
030D:  ADDWF  2B,W
030E:  MOVWF  37
030F:  MOVWF  3B
0310:  MOVF   2C,W
0311:  MOVWF  3C
0312:  CALL   1A5
....................          printf(lcd_putc," "); 
0313:  MOVLW  20
0314:  MOVWF  3A
0315:  CALL   1B7
....................          lcd_gotoxy(x + index,y); 
0316:  MOVF   34,W
0317:  ADDWF  2B,W
0318:  MOVWF  37
0319:  MOVWF  3B
031A:  MOVF   2C,W
031B:  MOVWF  3C
031C:  CALL   1A5
....................       } 
....................        
....................       if(tecla == 'C' && index > 0){ 
031D:  MOVF   35,W
031E:  SUBLW  43
031F:  BTFSS  03.2
0320:  GOTO   33B
0321:  MOVF   34,F
0322:  BTFSC  03.2
0323:  GOTO   33B
....................          index=0; 
0324:  CLRF   34
....................          cadena[0] = 0; 
0325:  CLRF   2F
....................          cadena[1] = 0; 
0326:  CLRF   30
....................          cadena[2] = 0; 
0327:  CLRF   31
....................          cadena[3] = 0; 
0328:  CLRF   32
....................          cadena[4] = 0; 
0329:  CLRF   33
....................          lcd_gotoxy(x,y); 
032A:  MOVF   2B,W
032B:  MOVWF  3B
032C:  MOVF   2C,W
032D:  MOVWF  3C
032E:  CALL   1A5
....................          printf(lcd_putc,"     "); 
032F:  MOVLW  18
0330:  BSF    03.6
0331:  MOVWF  0D
0332:  MOVLW  00
0333:  MOVWF  0F
0334:  BCF    03.6
0335:  CALL   1E3
....................          lcd_gotoxy(x,y); 
0336:  MOVF   2B,W
0337:  MOVWF  3B
0338:  MOVF   2C,W
0339:  MOVWF  3C
033A:  CALL   1A5
....................       } 
....................        
....................       if(tecla == '=' && index > 0){ 
033B:  MOVF   35,W
033C:  SUBLW  3D
033D:  BTFSS  03.2
033E:  GOTO   342
033F:  MOVF   34,F
0340:  BTFSS  03.2
....................          break;      
0341:  GOTO   346
....................       } 
....................    }while(index < 5); 
0342:  MOVF   34,W
0343:  SUBLW  04
0344:  BTFSC  03.0
0345:  GOTO   2EA
....................     
....................    for(int8 i = 0; i < index; i++){ 
0346:  CLRF   36
0347:  MOVF   34,W
0348:  SUBWF  36,W
0349:  BTFSC  03.0
034A:  GOTO   3A7
....................       numero += (cadena[i] - 48) * (pow(10,index - 1 - i)); 
034B:  MOVLW  2F
034C:  ADDWF  36,W
034D:  MOVWF  04
034E:  BCF    03.7
034F:  MOVLW  30
0350:  SUBWF  00,W
0351:  MOVWF  37
0352:  MOVLW  01
0353:  SUBWF  34,W
0354:  MOVWF  78
0355:  MOVF   36,W
0356:  SUBWF  78,W
0357:  MOVWF  38
0358:  MOVLW  0A
0359:  MOVWF  39
035A:  MOVF   38,W
035B:  MOVWF  3A
*
0386:  CLRF   39
0387:  MOVF   04,W
0388:  MOVWF  38
0389:  BCF    39.0
038A:  BTFSC  03.7
038B:  BSF    39.0
038C:  CLRF   43
038D:  CLRF   42
038E:  CLRF   41
038F:  MOVF   37,W
0390:  MOVWF  40
0391:  MOVF   7A,W
0392:  MOVWF  47
0393:  MOVF   79,W
0394:  MOVWF  46
0395:  MOVF   78,W
0396:  MOVWF  45
0397:  MOVF   77,W
0398:  MOVWF  44
0399:  CALL   2B3
039A:  MOVF   38,W
039B:  MOVWF  04
039C:  BCF    03.7
039D:  BTFSC  39.0
039E:  BSF    03.7
039F:  MOVF   77,W
03A0:  ADDWF  2D,F
03A1:  MOVF   78,W
03A2:  BTFSC  03.0
03A3:  INCFSZ 78,W
03A4:  ADDWF  2E,F
03A5:  INCF   36,F
03A6:  GOTO   347
....................    }   
....................    return numero; 
03A7:  MOVF   2D,W
03A8:  MOVWF  78
03A9:  MOVF   2E,W
03AA:  MOVWF  79
03AB:  RETURN
.................... } 
....................  
.................... int16 get_num() { 
....................    int16 numero = 0; 
....................    char cadena[5] = {0,0,0,0,0}; 
....................    int8 index = 0; 
....................    char tecla; 
....................    do { 
....................       tecla = read_key(); 
....................       if((tecla >= 48) && (tecla <= 57))  
....................       { 
....................          cadena[index] = tecla; 
....................          index++; 
....................          printf(lcd_putc,"%c",tecla); 
....................       } 
....................        
....................       if(tecla == '=' && index > 0){ 
....................          break;      
....................       } 
....................    }while(index < 5); 
....................     
....................    for(int8 i = 0; i < index; i++){ 
....................       numero += (cadena[i] - 48) * (pow(10,index - 1 - i)); 
....................    }   
....................    return numero; 
.................... } 
....................  
....................  
.................... #use STANDARD_IO(C) 
.................... #use STANDARD_IO(B) 
....................  
.................... #define LED_1 PIN_C0 
.................... #define LED_2 PIN_C1 
.................... #define LED_3 PIN_C2 
.................... #define boton_paro PIN_C3 
....................  
.................... float numeroMotor; //Defino variable a usar 
.................... int1 delay_paro(int16 segundos); // Declaramos funcin pero no la definimos 
....................  
.................... void paro(){ //Funcin del paro 
....................    output_low(LED_1); 
*
0192:  BCF    24.0
0193:  MOVF   24,W
0194:  BSF    03.5
0195:  MOVWF  07
0196:  BCF    03.5
0197:  BCF    07.0
....................    output_low(LED_2); 
0198:  BCF    24.1
0199:  MOVF   24,W
019A:  BSF    03.5
019B:  MOVWF  07
019C:  BCF    03.5
019D:  BCF    07.1
....................    output_low(LED_3); 
019E:  BCF    24.2
019F:  MOVF   24,W
01A0:  BSF    03.5
01A1:  MOVWF  07
01A2:  BCF    03.5
01A3:  BCF    07.2
01A4:  RETURN
.................... } 
....................  
.................... void motor1(){ //Funcion del primer motor 
....................       output_high(LED_1); 
*
0537:  BCF    24.0
0538:  MOVF   24,W
0539:  BSF    03.5
053A:  MOVWF  07
053B:  BCF    03.5
053C:  BSF    07.0
....................       if(delay_paro(numeroMotor) == 1)break; 
053D:  MOVF   28,W
053E:  MOVWF  2F
053F:  MOVF   27,W
0540:  MOVWF  2E
0541:  MOVF   26,W
0542:  MOVWF  2D
0543:  MOVF   25,W
0544:  MOVWF  2C
0545:  CALL   4C2
0546:  MOVF   79,W
0547:  MOVWF  2C
0548:  MOVF   78,W
0549:  MOVWF  2B
054A:  MOVF   2C,W
054B:  MOVWF  2F
054C:  MOVF   2B,W
054D:  MOVWF  2E
054E:  CALL   4E1
054F:  DECFSZ 78,W
0550:  GOTO   551
....................       output_low(LED_1); 
0551:  BCF    24.0
0552:  MOVF   24,W
0553:  BSF    03.5
0554:  MOVWF  07
0555:  BCF    03.5
0556:  BCF    07.0
0557:  BCF    0A.3
0558:  BCF    0A.4
0559:  GOTO   702 (RETURN)
.................... } 
....................  
.................... void motor2(){ //Funcin del segundo motor 
....................    for(int8 i = 0; i < 4; i++){ 
*
05CF:  CLRF   2B
05D0:  MOVF   2B,W
05D1:  SUBLW  03
05D2:  BTFSS  03.0
05D3:  GOTO   632
....................       if(i % 4 == 0 || i % 4 == 2){ 
05D4:  MOVF   2B,W
05D5:  ANDLW  03
05D6:  BTFSC  03.2
05D7:  GOTO   5DD
05D8:  MOVF   2B,W
05D9:  ANDLW  03
05DA:  SUBLW  02
05DB:  BTFSS  03.2
05DC:  GOTO   607
....................          output_high(LED_2); 
05DD:  BCF    24.1
05DE:  MOVF   24,W
05DF:  BSF    03.5
05E0:  MOVWF  07
05E1:  BCF    03.5
05E2:  BSF    07.1
....................          if(delay_paro(numeroMotor * 0.25) == 1)break; 
05E3:  MOVF   28,W
05E4:  MOVWF  2F
05E5:  MOVF   27,W
05E6:  MOVWF  2E
05E7:  MOVF   26,W
05E8:  MOVWF  2D
05E9:  MOVF   25,W
05EA:  MOVWF  2C
05EB:  CLRF   33
05EC:  CLRF   32
05ED:  CLRF   31
05EE:  MOVLW  7D
05EF:  MOVWF  30
05F0:  CALL   55A
05F1:  MOVF   7A,W
05F2:  MOVWF  2F
05F3:  MOVF   79,W
05F4:  MOVWF  2E
05F5:  MOVF   78,W
05F6:  MOVWF  2D
05F7:  MOVF   77,W
05F8:  MOVWF  2C
05F9:  CALL   4C2
05FA:  MOVF   79,W
05FB:  MOVWF  2D
05FC:  MOVF   78,W
05FD:  MOVWF  2C
05FE:  MOVF   2D,W
05FF:  MOVWF  2F
0600:  MOVF   2C,W
0601:  MOVWF  2E
0602:  CALL   4E1
0603:  DECFSZ 78,W
0604:  GOTO   606
0605:  GOTO   632
....................       } 
0606:  GOTO   630
....................       else{ 
....................          output_low(LED_2); 
0607:  BCF    24.1
0608:  MOVF   24,W
0609:  BSF    03.5
060A:  MOVWF  07
060B:  BCF    03.5
060C:  BCF    07.1
....................          if(delay_paro(numeroMotor * 0.25) == 1)break; 
060D:  MOVF   28,W
060E:  MOVWF  2F
060F:  MOVF   27,W
0610:  MOVWF  2E
0611:  MOVF   26,W
0612:  MOVWF  2D
0613:  MOVF   25,W
0614:  MOVWF  2C
0615:  CLRF   33
0616:  CLRF   32
0617:  CLRF   31
0618:  MOVLW  7D
0619:  MOVWF  30
061A:  CALL   55A
061B:  MOVF   7A,W
061C:  MOVWF  2F
061D:  MOVF   79,W
061E:  MOVWF  2E
061F:  MOVF   78,W
0620:  MOVWF  2D
0621:  MOVF   77,W
0622:  MOVWF  2C
0623:  CALL   4C2
0624:  MOVF   79,W
0625:  MOVWF  2D
0626:  MOVF   78,W
0627:  MOVWF  2C
0628:  MOVF   2D,W
0629:  MOVWF  2F
062A:  MOVF   2C,W
062B:  MOVWF  2E
062C:  CALL   4E1
062D:  DECFSZ 78,W
062E:  GOTO   630
062F:  GOTO   632
....................       } 
0630:  INCF   2B,F
0631:  GOTO   5D0
....................    } 
0632:  BCF    0A.3
0633:  BCF    0A.4
0634:  GOTO   702 (RETURN)
.................... } 
....................  
.................... void motor3(){ //Funcin del tercer motor 
....................    for(int8 i = 0; i < ((numeroMotor+1)/2); i++){ 
*
0800:  CLRF   2B
0801:  BCF    03.1
0802:  MOVF   28,W
0803:  MOVWF  2F
0804:  MOVF   27,W
0805:  MOVWF  2E
0806:  MOVF   26,W
0807:  MOVWF  2D
0808:  MOVF   25,W
0809:  MOVWF  2C
080A:  CLRF   33
080B:  CLRF   32
080C:  CLRF   31
080D:  MOVLW  7F
080E:  MOVWF  30
*
094F:  MOVF   7A,W
0950:  MOVWF  2F
0951:  MOVF   79,W
0952:  MOVWF  2E
0953:  MOVF   78,W
0954:  MOVWF  2D
0955:  MOVF   77,W
0956:  MOVWF  2C
0957:  MOVF   2F,W
0958:  MOVWF  33
0959:  MOVF   2E,W
095A:  MOVWF  32
095B:  MOVF   2D,W
095C:  MOVWF  31
095D:  MOVF   2C,W
095E:  MOVWF  30
095F:  CLRF   37
0960:  CLRF   36
0961:  CLRF   35
0962:  MOVLW  80
0963:  MOVWF  34
*
0A2D:  MOVF   7A,W
0A2E:  MOVWF  2F
0A2F:  MOVF   79,W
0A30:  MOVWF  2E
0A31:  MOVF   78,W
0A32:  MOVWF  2D
0A33:  MOVF   77,W
0A34:  MOVWF  2C
0A35:  CLRF   31
0A36:  MOVF   2B,W
0A37:  MOVWF  30
0A38:  BCF    0A.3
0A39:  CALL   466
0A3A:  BSF    0A.3
0A3B:  MOVF   7A,W
0A3C:  MOVWF  33
0A3D:  MOVF   79,W
0A3E:  MOVWF  32
0A3F:  MOVF   78,W
0A40:  MOVWF  31
0A41:  MOVF   77,W
0A42:  MOVWF  30
0A43:  MOVF   2F,W
0A44:  MOVWF  37
0A45:  MOVF   2E,W
0A46:  MOVWF  36
0A47:  MOVF   2D,W
0A48:  MOVWF  35
0A49:  MOVF   2C,W
0A4A:  MOVWF  34
0A4B:  BCF    0A.3
0A4C:  CALL   483
0A4D:  BSF    0A.3
0A4E:  BTFSS  03.0
0A4F:  GOTO   270
....................       output_high(LED_3); 
0A50:  BCF    24.2
0A51:  MOVF   24,W
0A52:  BSF    03.5
0A53:  MOVWF  07
0A54:  BCF    03.5
0A55:  BSF    07.2
....................       if(delay_paro(1) == 1)break; 
0A56:  CLRF   2F
0A57:  MOVLW  01
0A58:  MOVWF  2E
0A59:  BCF    0A.3
0A5A:  CALL   4E1
0A5B:  BSF    0A.3
0A5C:  DECFSZ 78,W
0A5D:  GOTO   25F
0A5E:  GOTO   270
....................       output_low(LED_3); 
0A5F:  BCF    24.2
0A60:  MOVF   24,W
0A61:  BSF    03.5
0A62:  MOVWF  07
0A63:  BCF    03.5
0A64:  BCF    07.2
....................       if(delay_paro(1) == 1)break; 
0A65:  CLRF   2F
0A66:  MOVLW  01
0A67:  MOVWF  2E
0A68:  BCF    0A.3
0A69:  CALL   4E1
0A6A:  BSF    0A.3
0A6B:  DECFSZ 78,W
0A6C:  GOTO   26E
0A6D:  GOTO   270
0A6E:  INCF   2B,F
0A6F:  GOTO   001
....................    } 
0A70:  BCF    0A.3
0A71:  BCF    0A.4
0A72:  GOTO   702 (RETURN)
.................... } 
....................  
.................... void paro_emergencia(){ 
....................    paro(); // Detener motores 
*
0514:  CALL   192
....................    printf(lcd_putc,"\fPARO DE EMERGEN"); 
0515:  MOVLW  1B
0516:  BSF    03.6
0517:  MOVWF  0D
0518:  MOVLW  00
0519:  MOVWF  0F
051A:  BCF    03.6
051B:  CALL   1E3
....................    while(input(boton_paro) == 1){} 
051C:  BSF    24.3
051D:  MOVF   24,W
051E:  BSF    03.5
051F:  MOVWF  07
0520:  BCF    03.5
0521:  BTFSC  07.3
0522:  GOTO   51C
....................    printf(lcd_putc,"\fPRESS ANY KEY"); 
0523:  MOVLW  24
0524:  BSF    03.6
0525:  MOVWF  0D
0526:  MOVLW  00
0527:  MOVWF  0F
0528:  BCF    03.6
0529:  CALL   1E3
....................    char tecla = read_key(); 
052A:  CALL   2AA
052B:  MOVF   78,W
052C:  MOVWF  32
.................... } 
....................  
.................... int1 delay_paro(int16 segundos){ 
....................    for(int16 i = 0; i < segundos * 100; i++){ 
*
04E1:  CLRF   31
04E2:  CLRF   30
04E3:  MOVF   2F,W
04E4:  MOVWF  33
04E5:  MOVF   2E,W
04E6:  MOVWF  32
04E7:  CLRF   35
04E8:  MOVLW  64
04E9:  MOVWF  34
*
04FE:  MOVF   79,W
04FF:  MOVWF  7A
0500:  MOVF   31,W
0501:  SUBWF  7A,W
0502:  BTFSS  03.0
0503:  GOTO   534
0504:  BTFSS  03.2
0505:  GOTO   50A
0506:  MOVF   78,W
0507:  SUBWF  30,W
0508:  BTFSC  03.0
0509:  GOTO   534
....................       delay_ms(10); 
050A:  MOVLW  0A
050B:  MOVWF  3B
050C:  CALL   076
....................       if(input(boton_paro)){ 
050D:  BSF    24.3
050E:  MOVF   24,W
050F:  BSF    03.5
0510:  MOVWF  07
0511:  BCF    03.5
0512:  BTFSS  07.3
0513:  GOTO   530
....................          paro_emergencia(); 
....................          return 1; 
*
052D:  MOVLW  01
052E:  MOVWF  78
052F:  GOTO   536
....................       } 
0530:  INCF   30,F
0531:  BTFSC  03.2
0532:  INCF   31,F
0533:  GOTO   4E3
....................   } 
....................    return 0; 
0534:  MOVLW  00
0535:  MOVWF  78
0536:  RETURN
.................... } 
....................  
.................... void main(){ 
*
0635:  MOVF   03,W
0636:  ANDLW  1F
0637:  MOVWF  03
0638:  MOVLW  FF
0639:  MOVWF  24
063A:  BSF    03.5
063B:  BSF    1F.0
063C:  BSF    1F.1
063D:  BSF    1F.2
063E:  BCF    1F.3
063F:  MOVLW  07
0640:  MOVWF  1C
0641:  BCF    03.7
....................    port_b_pullups(TRUE); 
*
0647:  BSF    03.5
0648:  BCF    01.7
....................    lcd_init(); //Inicializar lcd 
0649:  BCF    03.5
064A:  GOTO   149
....................    kbd_init(); //Inicializar teclado 4x4 
064B:  GOTO   18F
....................    paro(); 
064C:  CALL   192
....................    input(boton_paro); 
064D:  BSF    24.3
064E:  MOVF   24,W
064F:  BSF    03.5
0650:  MOVWF  07
....................    int16 usarMotor; 
....................    output_low(LED_1);//Inicia apagado led 1 
0651:  BCF    03.5
0652:  BCF    24.0
0653:  MOVF   24,W
0654:  BSF    03.5
0655:  MOVWF  07
0656:  BCF    03.5
0657:  BCF    07.0
....................    output_low(LED_2);//Inicia apagado led 2 
0658:  BCF    24.1
0659:  MOVF   24,W
065A:  BSF    03.5
065B:  MOVWF  07
065C:  BCF    03.5
065D:  BCF    07.1
....................    output_low(LED_3);//Inicia apagado led 3 
065E:  BCF    24.2
065F:  MOVF   24,W
0660:  BSF    03.5
0661:  MOVWF  07
0662:  BCF    03.5
0663:  BCF    07.2
....................    while(TRUE){ 
....................       printf(lcd_putc,"\fMOTOR A USAR \n(1-2-3): "); 
0664:  MOVLW  2C
0665:  BSF    03.6
0666:  MOVWF  0D
0667:  MOVLW  00
0668:  MOVWF  0F
0669:  BCF    03.6
066A:  CALL   1E3
....................       usarMotor = get_num_lcd(10,2); 
066B:  MOVLW  0A
066C:  MOVWF  2B
066D:  MOVLW  02
066E:  MOVWF  2C
066F:  CALL   2DD
0670:  MOVF   79,W
0671:  MOVWF  2A
0672:  MOVF   78,W
0673:  MOVWF  29
....................       printf(lcd_putc,"\fMotor: %5lu", usarMotor); 
0674:  MOVLW  39
0675:  BSF    03.6
0676:  MOVWF  0D
0677:  MOVLW  00
0678:  MOVWF  0F
0679:  BCF    03.0
067A:  MOVLW  08
067B:  BCF    03.6
067C:  MOVWF  2B
067D:  CALL   3AC
067E:  MOVLW  00
067F:  MOVWF  04
0680:  MOVF   2A,W
0681:  MOVWF  2C
0682:  MOVF   29,W
0683:  MOVWF  2B
0684:  CALL   403
....................          if(1 <= usarMotor && usarMotor <= 3){ 
0685:  MOVF   2A,F
0686:  BTFSS  03.2
0687:  GOTO   68C
0688:  MOVF   29,W
0689:  SUBLW  00
068A:  BTFSC  03.0
068B:  GOTO   72F
068C:  MOVF   2A,F
068D:  BTFSS  03.2
068E:  GOTO   72F
068F:  MOVF   29,W
0690:  SUBLW  03
0691:  BTFSS  03.0
0692:  GOTO   72F
....................             printf(lcd_putc,"\fSEG. DEL MOTOR \nENCENDIDO: "); 
0693:  MOVLW  40
0694:  BSF    03.6
0695:  MOVWF  0D
0696:  MOVLW  00
0697:  MOVWF  0F
0698:  BCF    03.6
0699:  CALL   1E3
....................             numeroMotor = get_num_lcd(12,2); 
069A:  MOVLW  0C
069B:  MOVWF  2B
069C:  MOVLW  02
069D:  MOVWF  2C
069E:  CALL   2DD
069F:  MOVF   79,W
06A0:  MOVWF  31
06A1:  MOVF   78,W
06A2:  MOVWF  30
06A3:  CALL   466
06A4:  MOVF   7A,W
06A5:  MOVWF  28
06A6:  MOVF   79,W
06A7:  MOVWF  27
06A8:  MOVF   78,W
06A9:  MOVWF  26
06AA:  MOVF   77,W
06AB:  MOVWF  25
....................             printf(lcd_putc,"\fMotor: %5lu", usarMotor); 
06AC:  MOVLW  4F
06AD:  BSF    03.6
06AE:  MOVWF  0D
06AF:  MOVLW  00
06B0:  MOVWF  0F
06B1:  BCF    03.0
06B2:  MOVLW  08
06B3:  BCF    03.6
06B4:  MOVWF  2B
06B5:  CALL   3AC
06B6:  MOVLW  00
06B7:  MOVWF  04
06B8:  MOVF   2A,W
06B9:  MOVWF  2C
06BA:  MOVF   29,W
06BB:  MOVWF  2B
06BC:  CALL   403
....................                if(0 <= numeroMotor && numeroMotor <= 120){ 
06BD:  CLRF   33
06BE:  CLRF   32
06BF:  CLRF   31
06C0:  CLRF   30
06C1:  MOVF   28,W
06C2:  MOVWF  37
06C3:  MOVF   27,W
06C4:  MOVWF  36
06C5:  MOVF   26,W
06C6:  MOVWF  35
06C7:  MOVF   25,W
06C8:  MOVWF  34
06C9:  CALL   483
06CA:  BTFSC  03.0
06CB:  GOTO   6CE
06CC:  BTFSS  03.2
06CD:  GOTO   703
06CE:  MOVF   28,W
06CF:  MOVWF  33
06D0:  MOVF   27,W
06D1:  MOVWF  32
06D2:  MOVF   26,W
06D3:  MOVWF  31
06D4:  MOVF   25,W
06D5:  MOVWF  30
06D6:  CLRF   37
06D7:  CLRF   36
06D8:  MOVLW  70
06D9:  MOVWF  35
06DA:  MOVLW  85
06DB:  MOVWF  34
06DC:  CALL   483
06DD:  BTFSC  03.0
06DE:  GOTO   6E1
06DF:  BTFSS  03.2
06E0:  GOTO   703
....................                   switch (usarMotor){ 
06E1:  MOVF   29,W
06E2:  MOVWF  77
06E3:  MOVF   2A,W
06E4:  MOVWF  7A
06E5:  MOVF   7A,W
06E6:  BTFSS  03.2
06E7:  GOTO   6EC
06E8:  MOVLW  01
06E9:  SUBWF  77,W
06EA:  BTFSC  03.2
06EB:  GOTO   6FB
06EC:  MOVF   7A,W
06ED:  BTFSS  03.2
06EE:  GOTO   6F3
06EF:  MOVLW  02
06F0:  SUBWF  77,W
06F1:  BTFSC  03.2
06F2:  GOTO   6FD
06F3:  MOVF   7A,W
06F4:  BTFSS  03.2
06F5:  GOTO   6FA
06F6:  MOVLW  03
06F7:  SUBWF  77,W
06F8:  BTFSC  03.2
06F9:  GOTO   6FF
06FA:  GOTO   702
....................                      case 1: 
....................                         motor1(); 
06FB:  GOTO   537
....................                         break; 
06FC:  GOTO   702
....................                      case 2: 
....................                         motor2(); 
06FD:  GOTO   5CF
....................                         break; 
06FE:  GOTO   702
....................                      case 3: 
....................                         motor3(); 
06FF:  BSF    0A.3
0700:  GOTO   000
0701:  BCF    0A.3
....................                         break; 
....................                   } 
....................                } 
0702:  GOTO   72E
....................                else if(0 > numeroMotor || numeroMotor > 120){ 
0703:  MOVF   28,W
0704:  MOVWF  33
0705:  MOVF   27,W
0706:  MOVWF  32
0707:  MOVF   26,W
0708:  MOVWF  31
0709:  MOVF   25,W
070A:  MOVWF  30
070B:  CLRF   37
070C:  CLRF   36
070D:  CLRF   35
070E:  CLRF   34
070F:  CALL   483
0710:  BTFSC  03.0
0711:  GOTO   723
0712:  CLRF   33
0713:  CLRF   32
0714:  MOVLW  70
0715:  MOVWF  31
0716:  MOVLW  85
0717:  MOVWF  30
0718:  MOVF   28,W
0719:  MOVWF  37
071A:  MOVF   27,W
071B:  MOVWF  36
071C:  MOVF   26,W
071D:  MOVWF  35
071E:  MOVF   25,W
071F:  MOVWF  34
0720:  CALL   483
0721:  BTFSS  03.0
0722:  GOTO   72E
....................                   printf(lcd_putc,"\f** ERROR ** \nNumero no valido"); 
0723:  MOVLW  56
0724:  BSF    03.6
0725:  MOVWF  0D
0726:  MOVLW  00
0727:  MOVWF  0F
0728:  BCF    03.6
0729:  CALL   1E3
....................                   delay_paro(2); 
072A:  CLRF   2F
072B:  MOVLW  02
072C:  MOVWF  2E
072D:  CALL   4E1
....................                } 
....................          } 
072E:  GOTO   748
....................          else if(1 > usarMotor || usarMotor > 3){ 
072F:  MOVF   2A,F
0730:  BTFSS  03.2
0731:  GOTO   736
0732:  MOVF   29,W
0733:  SUBLW  00
0734:  BTFSC  03.0
0735:  GOTO   73D
0736:  MOVF   2A,F
0737:  BTFSS  03.2
0738:  GOTO   73D
0739:  MOVF   29,W
073A:  SUBLW  03
073B:  BTFSC  03.0
073C:  GOTO   748
....................             printf(lcd_putc,"\f** ERROR ** \nNumero no valido"); 
073D:  MOVLW  66
073E:  BSF    03.6
073F:  MOVWF  0D
0740:  MOVLW  00
0741:  MOVWF  0F
0742:  BCF    03.6
0743:  CALL   1E3
....................          delay_paro(2); 
0744:  CLRF   2F
0745:  MOVLW  02
0746:  MOVWF  2E
0747:  CALL   4E1
....................          } 
0748:  GOTO   664
....................    } 
.................... } 
0749:  SLEEP

Configuration Fuses:
   Word  1: 3F32   HS NOWDT PUT NOBROWNOUT NOLVP NOCPD NOWRT NODEBUG NOPROTECT
