CCS PCM C Compiler, Version 5.015, 5967               19-oct.-23 17:08

               Filename:   C:\Users\strop\OneDrive\Documentos\GitHub\Microcontroladores\Intento_Servo4\servo4.lst

               ROM used:   2705 words (33%)
                           Largest free fragment is 2048
               RAM used:   11 (3%) at main() level
                           48 (13%) worst case
               Stack used: 6 locations
               Stack size: 8

*
0000:  MOVLW  09
0001:  MOVWF  0A
0002:  GOTO   18D
0003:  NOP
.................... #include <16F877a.h> //Servo 
.................... //////////// Standard Header file for the PIC16F877A device //////////////// 
.................... /////////////////////////////////////////////////////////////////////////// 
.................... ////        (C) Copyright 1996, 2013 Custom Computer Services          //// 
.................... //// This source code may only be used by licensed users of the CCS C  //// 
.................... //// compiler.  This source code may only be distributed to other      //// 
.................... //// licensed users of the CCS C compiler.  No other use, reproduction //// 
.................... //// or distribution is permitted without written permission.          //// 
.................... //// Derivative programs created using this software in object code    //// 
.................... //// form are not restricted in any way.                               //// 
.................... /////////////////////////////////////////////////////////////////////////// 
.................... #device PIC16F877A 
0004:  BCF    0A.0
0005:  BCF    0A.1
0006:  BCF    0A.2
0007:  ADDWF  02,F
0008:  RETLW  37
0009:  RETLW  38
000A:  RETLW  39
000B:  RETLW  2F
000C:  RETLW  34
000D:  RETLW  35
000E:  RETLW  36
000F:  RETLW  2A
0010:  RETLW  31
0011:  RETLW  32
0012:  RETLW  33
0013:  RETLW  2D
0014:  RETLW  43
0015:  RETLW  30
0016:  RETLW  3D
0017:  RETLW  2B
0018:  DATA 20,10
0019:  DATA 20,10
001A:  DATA 20,00
001B:  DATA 0C,28
001C:  DATA EF,39
001D:  DATA E9,31
001E:  DATA E9,37
001F:  DATA 6E,1D
0020:  DATA 25,33
0021:  DATA 00,00
0022:  DATA 8A,23
0023:  DATA F2,30
0024:  DATA E4,37
0025:  DATA 28,18
0026:  DATA AD,18
0027:  DATA 38,18
0028:  DATA 29,1D
0029:  DATA 00,00
002A:  DATA 0C,15
002B:  DATA 45,29
002C:  DATA D2,27
002D:  DATA 52,15
002E:  DATA 20,05
002F:  DATA CE,3A
0030:  DATA ED,32
0031:  DATA F2,37
0032:  DATA 20,37
0033:  DATA 6F,10
0034:  DATA F6,30
0035:  DATA EC,34
0036:  DATA E4,37
0037:  DATA 00,01
0038:  DATA 0C,28
0039:  DATA EF,39
003A:  DATA E9,31
003B:  DATA E9,37
003C:  DATA 6E,1D
003D:  DATA 25,33
003E:  DATA 00,00
*
015B:  MOVLW  8E
015C:  MOVWF  77
015D:  MOVF   31,W
015E:  MOVWF  78
015F:  MOVF   30,W
0160:  MOVWF  79
0161:  CLRF   7A
0162:  MOVF   78,F
0163:  BTFSS  03.2
0164:  GOTO   16F
0165:  MOVF   79,W
0166:  MOVWF  78
0167:  CLRF   79
0168:  MOVLW  08
0169:  SUBWF  77,F
016A:  MOVF   78,F
016B:  BTFSS  03.2
016C:  GOTO   16F
016D:  CLRF   77
016E:  GOTO   177
016F:  BCF    03.0
0170:  BTFSC  78.7
0171:  GOTO   176
0172:  RLF    79,F
0173:  RLF    78,F
0174:  DECF   77,F
0175:  GOTO   16F
0176:  BCF    78.7
0177:  RETURN
0178:  MOVLW  80
0179:  BTFSC  03.1
017A:  XORWF  35,F
017B:  CLRF   3A
017C:  CLRF   3B
017D:  MOVF   31,W
017E:  MOVWF  39
017F:  MOVF   35,W
0180:  XORWF  39,F
0181:  MOVF   30,W
0182:  BTFSC  03.2
0183:  GOTO   268
0184:  MOVWF  38
0185:  MOVWF  77
0186:  MOVF   34,W
0187:  BTFSC  03.2
0188:  GOTO   271
0189:  SUBWF  38,F
018A:  BTFSC  03.2
018B:  GOTO   20D
018C:  BTFSS  03.0
018D:  GOTO   1CB
018E:  MOVF   35,W
018F:  MOVWF  3E
0190:  BSF    3E.7
0191:  MOVF   36,W
0192:  MOVWF  3D
0193:  MOVF   37,W
0194:  MOVWF  3C
0195:  CLRF   3B
0196:  BCF    03.0
0197:  RRF    3E,F
0198:  RRF    3D,F
0199:  RRF    3C,F
019A:  RRF    3B,F
019B:  DECFSZ 38,F
019C:  GOTO   195
019D:  BTFSS  39.7
019E:  GOTO   1A2
019F:  BSF    3A.0
01A0:  GOTO   285
01A1:  BCF    3A.0
01A2:  BCF    38.0
01A3:  BSF    3A.4
01A4:  MOVLW  33
01A5:  MOVWF  04
01A6:  BCF    03.7
01A7:  GOTO   29A
01A8:  BCF    3A.4
01A9:  BTFSC  39.7
01AA:  GOTO   1B5
01AB:  BTFSS  38.0
01AC:  GOTO   1C0
01AD:  RRF    3E,F
01AE:  RRF    3D,F
01AF:  RRF    3C,F
01B0:  RRF    3B,F
01B1:  INCF   77,F
01B2:  BTFSC  03.2
01B3:  GOTO   280
01B4:  GOTO   1C0
01B5:  BTFSC  3E.7
01B6:  GOTO   1C3
01B7:  BCF    03.0
01B8:  RLF    3B,F
01B9:  RLF    3C,F
01BA:  RLF    3D,F
01BB:  RLF    3E,F
01BC:  DECF   77,F
01BD:  BTFSC  03.2
01BE:  GOTO   280
01BF:  GOTO   1B5
01C0:  BSF    3A.6
01C1:  GOTO   22D
01C2:  BCF    3A.6
01C3:  MOVF   31,W
01C4:  MOVWF  39
01C5:  BTFSS  39.7
01C6:  GOTO   1C9
01C7:  BSF    3E.7
01C8:  GOTO   279
01C9:  BCF    3E.7
01CA:  GOTO   279
01CB:  MOVF   34,W
01CC:  MOVWF  38
01CD:  MOVWF  77
01CE:  MOVF   30,W
01CF:  SUBWF  38,F
01D0:  MOVF   31,W
01D1:  MOVWF  3E
01D2:  BSF    3E.7
01D3:  MOVF   32,W
01D4:  MOVWF  3D
01D5:  MOVF   33,W
01D6:  MOVWF  3C
01D7:  CLRF   3B
01D8:  BCF    03.0
01D9:  RRF    3E,F
01DA:  RRF    3D,F
01DB:  RRF    3C,F
01DC:  RRF    3B,F
01DD:  DECFSZ 38,F
01DE:  GOTO   1D7
01DF:  BTFSS  39.7
01E0:  GOTO   1E4
01E1:  BSF    3A.1
01E2:  GOTO   285
01E3:  BCF    3A.1
01E4:  BCF    38.0
01E5:  BSF    3A.5
01E6:  MOVLW  37
01E7:  MOVWF  04
01E8:  BCF    03.7
01E9:  GOTO   29A
01EA:  BCF    3A.5
01EB:  BTFSC  39.7
01EC:  GOTO   1F7
01ED:  BTFSS  38.0
01EE:  GOTO   202
01EF:  RRF    3E,F
01F0:  RRF    3D,F
01F1:  RRF    3C,F
01F2:  RRF    3B,F
01F3:  INCF   77,F
01F4:  BTFSC  03.2
01F5:  GOTO   280
01F6:  GOTO   202
01F7:  BTFSC  3E.7
01F8:  GOTO   205
01F9:  BCF    03.0
01FA:  RLF    3B,F
01FB:  RLF    3C,F
01FC:  RLF    3D,F
01FD:  RLF    3E,F
01FE:  DECF   77,F
01FF:  BTFSC  03.2
0200:  GOTO   280
0201:  GOTO   1F7
0202:  BSF    3A.7
0203:  GOTO   22D
0204:  BCF    3A.7
0205:  MOVF   35,W
0206:  MOVWF  39
0207:  BTFSS  39.7
0208:  GOTO   20B
0209:  BSF    3E.7
020A:  GOTO   279
020B:  BCF    3E.7
020C:  GOTO   279
020D:  MOVF   35,W
020E:  MOVWF  3E
020F:  BSF    3E.7
0210:  MOVF   36,W
0211:  MOVWF  3D
0212:  MOVF   37,W
0213:  MOVWF  3C
0214:  BTFSS  39.7
0215:  GOTO   21A
0216:  BCF    3E.7
0217:  BSF    3A.2
0218:  GOTO   285
0219:  BCF    3A.2
021A:  CLRF   3B
021B:  BCF    38.0
021C:  MOVLW  33
021D:  MOVWF  04
021E:  BCF    03.7
021F:  GOTO   29A
0220:  BTFSC  39.7
0221:  GOTO   243
0222:  MOVF   31,W
0223:  MOVWF  39
0224:  BTFSS  38.0
0225:  GOTO   22D
0226:  RRF    3E,F
0227:  RRF    3D,F
0228:  RRF    3C,F
0229:  RRF    3B,F
022A:  INCF   77,F
022B:  BTFSC  03.2
022C:  GOTO   280
022D:  BTFSS  3B.7
022E:  GOTO   23E
022F:  INCF   3C,F
0230:  BTFSS  03.2
0231:  GOTO   23E
0232:  INCF   3D,F
0233:  BTFSS  03.2
0234:  GOTO   23E
0235:  INCF   3E,F
0236:  BTFSS  03.2
0237:  GOTO   23E
0238:  RRF    3E,F
0239:  RRF    3D,F
023A:  RRF    3C,F
023B:  INCF   77,F
023C:  BTFSC  03.2
023D:  GOTO   280
023E:  BTFSC  3A.6
023F:  GOTO   1C2
0240:  BTFSC  3A.7
0241:  GOTO   204
0242:  GOTO   262
0243:  MOVLW  80
0244:  XORWF  3E,F
0245:  BTFSS  3E.7
0246:  GOTO   24B
0247:  GOTO   285
0248:  MOVF   35,W
0249:  MOVWF  39
024A:  GOTO   258
024B:  MOVF   31,W
024C:  MOVWF  39
024D:  MOVF   3E,F
024E:  BTFSS  03.2
024F:  GOTO   258
0250:  MOVF   3D,F
0251:  BTFSS  03.2
0252:  GOTO   258
0253:  MOVF   3C,F
0254:  BTFSS  03.2
0255:  GOTO   258
0256:  CLRF   77
0257:  GOTO   279
0258:  BTFSC  3E.7
0259:  GOTO   262
025A:  BCF    03.0
025B:  RLF    3B,F
025C:  RLF    3C,F
025D:  RLF    3D,F
025E:  RLF    3E,F
025F:  DECFSZ 77,F
0260:  GOTO   258
0261:  GOTO   280
0262:  BTFSS  39.7
0263:  GOTO   266
0264:  BSF    3E.7
0265:  GOTO   279
0266:  BCF    3E.7
0267:  GOTO   279
0268:  MOVF   34,W
0269:  MOVWF  77
026A:  MOVF   35,W
026B:  MOVWF  3E
026C:  MOVF   36,W
026D:  MOVWF  3D
026E:  MOVF   37,W
026F:  MOVWF  3C
0270:  GOTO   279
0271:  MOVF   30,W
0272:  MOVWF  77
0273:  MOVF   31,W
0274:  MOVWF  3E
0275:  MOVF   32,W
0276:  MOVWF  3D
0277:  MOVF   33,W
0278:  MOVWF  3C
0279:  MOVF   3E,W
027A:  MOVWF  78
027B:  MOVF   3D,W
027C:  MOVWF  79
027D:  MOVF   3C,W
027E:  MOVWF  7A
027F:  GOTO   2B8
0280:  CLRF   77
0281:  CLRF   78
0282:  CLRF   79
0283:  CLRF   7A
0284:  GOTO   2B8
0285:  CLRF   3B
0286:  COMF   3C,F
0287:  COMF   3D,F
0288:  COMF   3E,F
0289:  COMF   3B,F
028A:  INCF   3B,F
028B:  BTFSS  03.2
028C:  GOTO   293
028D:  INCF   3C,F
028E:  BTFSS  03.2
028F:  GOTO   293
0290:  INCF   3D,F
0291:  BTFSC  03.2
0292:  INCF   3E,F
0293:  BTFSC  3A.0
0294:  GOTO   1A1
0295:  BTFSC  3A.1
0296:  GOTO   1E3
0297:  BTFSC  3A.2
0298:  GOTO   219
0299:  GOTO   248
029A:  MOVF   00,W
029B:  ADDWF  3C,F
029C:  BTFSS  03.0
029D:  GOTO   2A4
029E:  INCF   3D,F
029F:  BTFSS  03.2
02A0:  GOTO   2A4
02A1:  INCF   3E,F
02A2:  BTFSC  03.2
02A3:  BSF    38.0
02A4:  DECF   04,F
02A5:  MOVF   00,W
02A6:  ADDWF  3D,F
02A7:  BTFSS  03.0
02A8:  GOTO   2AC
02A9:  INCF   3E,F
02AA:  BTFSC  03.2
02AB:  BSF    38.0
02AC:  DECF   04,F
02AD:  MOVF   00,W
02AE:  BTFSS  00.7
02AF:  XORLW  80
02B0:  ADDWF  3E,F
02B1:  BTFSC  03.0
02B2:  BSF    38.0
02B3:  BTFSC  3A.4
02B4:  GOTO   1A8
02B5:  BTFSC  3A.5
02B6:  GOTO   1EA
02B7:  GOTO   220
02B8:  RETURN
02B9:  MOVLW  8E
02BA:  MOVWF  77
02BB:  MOVF   30,W
02BC:  SUBWF  77,F
02BD:  MOVF   31,W
02BE:  MOVWF  79
02BF:  MOVF   32,W
02C0:  MOVWF  78
02C1:  BSF    79.7
02C2:  MOVF   77,F
02C3:  BTFSC  03.2
02C4:  GOTO   2D0
02C5:  BCF    03.0
02C6:  MOVF   79,F
02C7:  BTFSS  03.2
02C8:  GOTO   2CC
02C9:  MOVF   78,F
02CA:  BTFSC  03.2
02CB:  GOTO   2D0
02CC:  RRF    79,F
02CD:  RRF    78,F
02CE:  DECFSZ 77,F
02CF:  GOTO   2C5
02D0:  BTFSS  31.7
02D1:  GOTO   2D7
02D2:  COMF   78,F
02D3:  COMF   79,F
02D4:  INCF   78,F
02D5:  BTFSC  03.2
02D6:  INCF   79,F
02D7:  RETURN
*
03A3:  MOVF   0B,W
03A4:  MOVWF  2A
03A5:  BCF    0B.7
03A6:  BSF    03.5
03A7:  BSF    03.6
03A8:  BSF    0C.7
03A9:  BSF    0C.0
03AA:  NOP
03AB:  NOP
03AC:  BCF    03.5
03AD:  BCF    03.6
03AE:  BTFSC  2A.7
03AF:  BSF    0B.7
03B0:  BTFSC  03.0
03B1:  GOTO   3DA
03B2:  BSF    03.6
03B3:  MOVF   0C,W
03B4:  ANDLW  7F
03B5:  BCF    03.6
03B6:  MOVWF  2A
03B7:  BSF    03.6
03B8:  MOVF   0D,W
03B9:  BCF    03.6
03BA:  MOVWF  2B
03BB:  BSF    03.6
03BC:  MOVF   0F,W
03BD:  BCF    03.6
03BE:  MOVWF  2C
03BF:  MOVF   2A,W
03C0:  MOVWF  38
03C1:  CALL   377
03C2:  MOVF   2B,W
03C3:  BSF    03.6
03C4:  MOVWF  0D
03C5:  BCF    03.6
03C6:  MOVF   2C,W
03C7:  BSF    03.6
03C8:  MOVWF  0F
03C9:  BCF    03.6
03CA:  MOVF   0B,W
03CB:  MOVWF  2D
03CC:  BCF    0B.7
03CD:  BSF    03.5
03CE:  BSF    03.6
03CF:  BSF    0C.7
03D0:  BSF    0C.0
03D1:  NOP
03D2:  NOP
03D3:  BCF    03.5
03D4:  BCF    03.6
03D5:  BTFSC  2D.7
03D6:  BSF    0B.7
03D7:  DECFSZ 29,F
03D8:  GOTO   3DA
03D9:  GOTO   3F9
03DA:  BSF    03.6
03DB:  RLF    0C,W
03DC:  RLF    0E,W
03DD:  ANDLW  7F
03DE:  BCF    03.6
03DF:  MOVWF  2A
03E0:  BSF    03.6
03E1:  MOVF   0D,W
03E2:  BCF    03.6
03E3:  MOVWF  2B
03E4:  BSF    03.6
03E5:  MOVF   0F,W
03E6:  BCF    03.6
03E7:  MOVWF  2C
03E8:  MOVF   2A,W
03E9:  MOVWF  38
03EA:  CALL   377
03EB:  MOVF   2B,W
03EC:  BSF    03.6
03ED:  MOVWF  0D
03EE:  BCF    03.6
03EF:  MOVF   2C,W
03F0:  BSF    03.6
03F1:  MOVWF  0F
03F2:  INCF   0D,F
03F3:  BTFSC  03.2
03F4:  INCF   0F,F
03F5:  BCF    03.0
03F6:  BCF    03.6
03F7:  DECFSZ 29,F
03F8:  GOTO   3A3
03F9:  RETURN
03FA:  BTFSC  03.1
03FB:  GOTO   3FF
03FC:  MOVLW  3E
03FD:  MOVWF  04
03FE:  BCF    03.7
03FF:  CLRF   77
0400:  CLRF   78
0401:  CLRF   79
0402:  CLRF   7A
0403:  CLRF   3E
0404:  CLRF   3F
0405:  CLRF   40
0406:  CLRF   41
0407:  MOVF   3D,W
0408:  IORWF  3C,W
0409:  IORWF  3B,W
040A:  IORWF  3A,W
040B:  BTFSC  03.2
040C:  GOTO   43D
040D:  MOVLW  20
040E:  MOVWF  42
040F:  BCF    03.0
0410:  RLF    36,F
0411:  RLF    37,F
0412:  RLF    38,F
0413:  RLF    39,F
0414:  RLF    3E,F
0415:  RLF    3F,F
0416:  RLF    40,F
0417:  RLF    41,F
0418:  MOVF   3D,W
0419:  SUBWF  41,W
041A:  BTFSS  03.2
041B:  GOTO   426
041C:  MOVF   3C,W
041D:  SUBWF  40,W
041E:  BTFSS  03.2
041F:  GOTO   426
0420:  MOVF   3B,W
0421:  SUBWF  3F,W
0422:  BTFSS  03.2
0423:  GOTO   426
0424:  MOVF   3A,W
0425:  SUBWF  3E,W
0426:  BTFSS  03.0
0427:  GOTO   437
0428:  MOVF   3A,W
0429:  SUBWF  3E,F
042A:  MOVF   3B,W
042B:  BTFSS  03.0
042C:  INCFSZ 3B,W
042D:  SUBWF  3F,F
042E:  MOVF   3C,W
042F:  BTFSS  03.0
0430:  INCFSZ 3C,W
0431:  SUBWF  40,F
0432:  MOVF   3D,W
0433:  BTFSS  03.0
0434:  INCFSZ 3D,W
0435:  SUBWF  41,F
0436:  BSF    03.0
0437:  RLF    77,F
0438:  RLF    78,F
0439:  RLF    79,F
043A:  RLF    7A,F
043B:  DECFSZ 42,F
043C:  GOTO   40F
043D:  MOVF   3E,W
043E:  MOVWF  00
043F:  INCF   04,F
0440:  MOVF   3F,W
0441:  MOVWF  00
0442:  INCF   04,F
0443:  MOVF   40,W
0444:  MOVWF  00
0445:  INCF   04,F
0446:  MOVF   41,W
0447:  MOVWF  00
0448:  RETURN
0449:  MOVF   04,W
044A:  MOVWF  2E
044B:  MOVF   2D,W
044C:  MOVWF  30
044D:  BTFSC  03.2
044E:  GOTO   4DB
044F:  MOVF   2C,W
0450:  MOVWF  39
0451:  MOVF   2B,W
0452:  MOVWF  38
0453:  MOVF   2A,W
0454:  MOVWF  37
0455:  MOVF   29,W
0456:  MOVWF  36
0457:  CLRF   3D
0458:  CLRF   3C
0459:  MOVLW  20
045A:  MOVWF  3B
045B:  MOVLW  82
045C:  MOVWF  3A
045D:  MOVF   36,W
045E:  BTFSC  03.2
045F:  GOTO   4CD
0460:  MOVWF  3E
0461:  MOVF   3A,W
0462:  BTFSC  03.2
0463:  GOTO   4CD
0464:  ADDWF  3E,F
0465:  BTFSC  03.0
0466:  GOTO   46E
0467:  MOVLW  7F
0468:  SUBWF  3E,F
0469:  BTFSS  03.0
046A:  GOTO   4CD
046B:  BTFSC  03.2
046C:  GOTO   4CD
046D:  GOTO   472
046E:  MOVLW  81
046F:  ADDWF  3E,F
0470:  BTFSC  03.0
0471:  GOTO   4CD
0472:  MOVF   3E,W
0473:  MOVWF  77
0474:  CLRF   78
0475:  CLRF   79
0476:  CLRF   7A
0477:  MOVF   37,W
0478:  MOVWF  42
0479:  BSF    42.7
047A:  MOVF   38,W
047B:  MOVWF  41
047C:  MOVF   39,W
047D:  MOVWF  40
047E:  MOVLW  18
047F:  MOVWF  3E
0480:  CLRF   3F
0481:  BTFSS  40.0
0482:  GOTO   49B
0483:  MOVF   3D,W
0484:  ADDWF  7A,F
0485:  BTFSS  03.0
0486:  GOTO   48D
0487:  INCF   79,F
0488:  BTFSS  03.2
0489:  GOTO   48D
048A:  INCF   78,F
048B:  BTFSC  03.2
048C:  BSF    3F.7
048D:  MOVF   3C,W
048E:  ADDWF  79,F
048F:  BTFSS  03.0
0490:  GOTO   494
0491:  INCF   78,F
0492:  BTFSC  03.2
0493:  BSF    3F.7
0494:  MOVF   3B,W
0495:  MOVWF  38
0496:  BSF    38.7
0497:  MOVF   38,W
0498:  ADDWF  78,F
0499:  BTFSC  03.0
049A:  BSF    3F.7
049B:  RLF    3F,F
049C:  RRF    78,F
049D:  RRF    79,F
049E:  RRF    7A,F
049F:  RRF    42,F
04A0:  RRF    41,F
04A1:  RRF    40,F
04A2:  BCF    03.0
04A3:  DECFSZ 3E,F
04A4:  GOTO   480
04A5:  MOVLW  01
04A6:  ADDWF  77,F
04A7:  BTFSC  03.0
04A8:  GOTO   4CD
04A9:  BTFSC  78.7
04AA:  GOTO   4B2
04AB:  RLF    42,F
04AC:  RLF    7A,F
04AD:  RLF    79,F
04AE:  RLF    78,F
04AF:  DECF   77,F
04B0:  BTFSC  03.2
04B1:  GOTO   4CD
04B2:  BTFSS  42.7
04B3:  GOTO   4C3
04B4:  INCF   7A,F
04B5:  BTFSS  03.2
04B6:  GOTO   4C3
04B7:  INCF   79,F
04B8:  BTFSS  03.2
04B9:  GOTO   4C3
04BA:  INCF   78,F
04BB:  BTFSS  03.2
04BC:  GOTO   4C3
04BD:  RRF    78,F
04BE:  RRF    79,F
04BF:  RRF    7A,F
04C0:  INCF   77,F
04C1:  BTFSC  03.2
04C2:  GOTO   4CD
04C3:  MOVF   37,W
04C4:  MOVWF  3F
04C5:  MOVF   3B,W
04C6:  XORWF  3F,F
04C7:  BTFSS  3F.7
04C8:  GOTO   4CB
04C9:  BSF    78.7
04CA:  GOTO   4D1
04CB:  BCF    78.7
04CC:  GOTO   4D1
04CD:  CLRF   77
04CE:  CLRF   78
04CF:  CLRF   79
04D0:  CLRF   7A
04D1:  MOVF   7A,W
04D2:  MOVWF  2C
04D3:  MOVF   79,W
04D4:  MOVWF  2B
04D5:  MOVF   78,W
04D6:  MOVWF  2A
04D7:  MOVF   77,W
04D8:  MOVWF  29
04D9:  DECFSZ 30,F
04DA:  GOTO   44F
04DB:  MOVF   2C,W
04DC:  MOVWF  39
04DD:  MOVF   2B,W
04DE:  MOVWF  38
04DF:  MOVF   2A,W
04E0:  MOVWF  37
04E1:  MOVF   29,W
04E2:  MOVWF  36
04E3:  MOVF   36,W
04E4:  SUBLW  B6
04E5:  MOVWF  36
04E6:  CLRF   7A
04E7:  MOVF   37,W
04E8:  MOVWF  3A
04E9:  BSF    37.7
04EA:  BCF    03.0
04EB:  RRF    37,F
04EC:  RRF    38,F
04ED:  RRF    39,F
04EE:  RRF    7A,F
04EF:  RRF    79,F
04F0:  RRF    78,F
04F1:  RRF    77,F
04F2:  DECFSZ 36,F
04F3:  GOTO   4EA
04F4:  BTFSS  3A.7
04F5:  GOTO   501
04F6:  COMF   77,F
04F7:  COMF   78,F
04F8:  COMF   79,F
04F9:  COMF   7A,F
04FA:  INCF   77,F
04FB:  BTFSC  03.2
04FC:  INCF   78,F
04FD:  BTFSC  03.2
04FE:  INCF   79,F
04FF:  BTFSC  03.2
0500:  INCF   7A,F
0501:  MOVF   7A,W
0502:  MOVWF  2C
0503:  MOVF   79,W
0504:  MOVWF  2B
0505:  MOVF   78,W
0506:  MOVWF  2A
0507:  MOVF   77,W
0508:  MOVWF  29
0509:  BTFSS  2C.7
050A:  GOTO   518
050B:  DECF   2E,F
050C:  BSF    2E.5
050D:  COMF   29,F
050E:  COMF   2A,F
050F:  COMF   2B,F
0510:  COMF   2C,F
0511:  INCF   29,F
0512:  BTFSC  03.2
0513:  INCF   2A,F
0514:  BTFSC  03.2
0515:  INCF   2B,F
0516:  BTFSC  03.2
0517:  INCF   2C,F
0518:  MOVLW  3B
0519:  MOVWF  35
051A:  MOVLW  9A
051B:  MOVWF  34
051C:  MOVLW  CA
051D:  MOVWF  33
051E:  CLRF   32
051F:  MOVLW  0A
0520:  MOVWF  30
0521:  MOVF   2D,W
0522:  BTFSC  03.2
0523:  INCF   2E,F
0524:  BSF    03.1
0525:  MOVLW  29
0526:  MOVWF  04
0527:  BCF    03.7
0528:  MOVF   2C,W
0529:  MOVWF  39
052A:  MOVF   2B,W
052B:  MOVWF  38
052C:  MOVF   2A,W
052D:  MOVWF  37
052E:  MOVF   29,W
052F:  MOVWF  36
0530:  MOVF   35,W
0531:  MOVWF  3D
0532:  MOVF   34,W
0533:  MOVWF  3C
0534:  MOVF   33,W
0535:  MOVWF  3B
0536:  MOVF   32,W
0537:  MOVWF  3A
0538:  CALL   3FA
0539:  MOVF   78,W
053A:  MOVF   77,F
053B:  BTFSS  03.2
053C:  GOTO   550
053D:  INCF   2D,W
053E:  SUBWF  30,W
053F:  BTFSC  03.2
0540:  GOTO   550
0541:  MOVF   2E,W
0542:  BTFSC  03.2
0543:  GOTO   552
0544:  ANDLW  0F
0545:  SUBWF  30,W
0546:  BTFSC  03.2
0547:  GOTO   54A
0548:  BTFSC  03.0
0549:  GOTO   582
054A:  BTFSC  2E.7
054B:  GOTO   582
054C:  BTFSC  2E.6
054D:  GOTO   552
054E:  MOVLW  20
054F:  GOTO   57E
0550:  MOVLW  20
0551:  ANDWF  2E,F
0552:  BTFSS  2E.5
0553:  GOTO   560
0554:  BCF    2E.5
0555:  MOVF   2D,W
0556:  BTFSS  03.2
0557:  DECF   2E,F
0558:  MOVF   77,W
0559:  MOVWF  2E
055A:  MOVLW  2D
055B:  MOVWF  38
055C:  CALL   377
055D:  MOVF   2E,W
055E:  MOVWF  77
055F:  CLRF   2E
0560:  MOVF   2D,W
0561:  SUBWF  30,W
0562:  BTFSS  03.2
0563:  GOTO   56E
0564:  MOVF   77,W
0565:  MOVWF  2E
0566:  MOVLW  2E
0567:  MOVWF  38
0568:  CALL   377
0569:  MOVF   2E,W
056A:  MOVWF  77
056B:  MOVLW  20
056C:  ANDWF  2E,F
056D:  MOVLW  00
056E:  MOVLW  30
056F:  BTFSS  2E.5
0570:  GOTO   57E
0571:  BCF    2E.5
0572:  MOVF   2D,W
0573:  BTFSS  03.2
0574:  DECF   2E,F
0575:  MOVF   77,W
0576:  MOVWF  2E
0577:  MOVLW  2D
0578:  MOVWF  38
0579:  CALL   377
057A:  MOVF   2E,W
057B:  MOVWF  77
057C:  CLRF   2E
057D:  MOVLW  30
057E:  ADDWF  77,F
057F:  MOVF   77,W
0580:  MOVWF  38
0581:  CALL   377
0582:  BCF    03.1
0583:  MOVF   35,W
0584:  MOVWF  39
0585:  MOVF   34,W
0586:  MOVWF  38
0587:  MOVF   33,W
0588:  MOVWF  37
0589:  MOVF   32,W
058A:  MOVWF  36
058B:  CLRF   3D
058C:  CLRF   3C
058D:  CLRF   3B
058E:  MOVLW  0A
058F:  MOVWF  3A
0590:  CALL   3FA
0591:  MOVF   7A,W
0592:  MOVWF  35
0593:  MOVF   79,W
0594:  MOVWF  34
0595:  MOVF   78,W
0596:  MOVWF  33
0597:  MOVF   77,W
0598:  MOVWF  32
0599:  DECFSZ 30,F
059A:  GOTO   524
059B:  RETURN
059C:  MOVF   0B,W
059D:  MOVWF  35
059E:  BCF    0B.7
059F:  BSF    03.5
05A0:  BSF    03.6
05A1:  BSF    0C.7
05A2:  BSF    0C.0
05A3:  NOP
05A4:  NOP
05A5:  BCF    03.5
05A6:  BCF    03.6
05A7:  BTFSC  35.7
05A8:  BSF    0B.7
05A9:  BSF    03.6
05AA:  MOVF   0C,W
05AB:  ANDLW  7F
05AC:  BTFSC  03.2
05AD:  GOTO   5F0
05AE:  BCF    03.6
05AF:  MOVWF  35
05B0:  BSF    03.6
05B1:  MOVF   0D,W
05B2:  BCF    03.6
05B3:  MOVWF  36
05B4:  BSF    03.6
05B5:  MOVF   0F,W
05B6:  BCF    03.6
05B7:  MOVWF  37
05B8:  MOVF   35,W
05B9:  MOVWF  38
05BA:  CALL   377
05BB:  MOVF   36,W
05BC:  BSF    03.6
05BD:  MOVWF  0D
05BE:  BCF    03.6
05BF:  MOVF   37,W
05C0:  BSF    03.6
05C1:  MOVWF  0F
05C2:  BCF    03.6
05C3:  MOVF   0B,W
05C4:  MOVWF  38
05C5:  BCF    0B.7
05C6:  BSF    03.5
05C7:  BSF    03.6
05C8:  BSF    0C.7
05C9:  BSF    0C.0
05CA:  NOP
05CB:  NOP
05CC:  BCF    03.5
05CD:  BCF    03.6
05CE:  BTFSC  38.7
05CF:  BSF    0B.7
05D0:  BSF    03.6
05D1:  RLF    0C,W
05D2:  RLF    0E,W
05D3:  ANDLW  7F
05D4:  BTFSC  03.2
05D5:  GOTO   5F0
05D6:  BCF    03.6
05D7:  MOVWF  35
05D8:  BSF    03.6
05D9:  MOVF   0D,W
05DA:  BCF    03.6
05DB:  MOVWF  36
05DC:  BSF    03.6
05DD:  MOVF   0F,W
05DE:  BCF    03.6
05DF:  MOVWF  37
05E0:  MOVF   35,W
05E1:  MOVWF  38
05E2:  CALL   377
05E3:  MOVF   36,W
05E4:  BSF    03.6
05E5:  MOVWF  0D
05E6:  BCF    03.6
05E7:  MOVF   37,W
05E8:  BSF    03.6
05E9:  MOVWF  0F
05EA:  INCF   0D,F
05EB:  BTFSC  03.2
05EC:  INCF   0F,F
05ED:  BCF    03.6
05EE:  GOTO   59C
05EF:  BSF    03.6
05F0:  BCF    03.6
05F1:  RETURN
*
065B:  BCF    0A.0
065C:  BSF    0A.1
065D:  BSF    0A.2
065E:  ADDWF  02,F
065F:  GOTO   5FE
0660:  GOTO   604
0661:  GOTO   60A
0662:  GOTO   610
0663:  MOVLW  20
0664:  MOVWF  4A
0665:  CLRF   46
0666:  CLRF   47
0667:  CLRF   48
0668:  CLRF   49
0669:  MOVF   41,W
066A:  MOVWF  7A
066B:  MOVF   40,W
066C:  MOVWF  79
066D:  MOVF   3F,W
066E:  MOVWF  78
066F:  MOVF   3E,W
0670:  MOVWF  77
0671:  BCF    03.0
0672:  BTFSS  77.0
0673:  GOTO   682
0674:  MOVF   42,W
0675:  ADDWF  46,F
0676:  MOVF   43,W
0677:  BTFSC  03.0
0678:  INCFSZ 43,W
0679:  ADDWF  47,F
067A:  MOVF   44,W
067B:  BTFSC  03.0
067C:  INCFSZ 44,W
067D:  ADDWF  48,F
067E:  MOVF   45,W
067F:  BTFSC  03.0
0680:  INCFSZ 45,W
0681:  ADDWF  49,F
0682:  RRF    49,F
0683:  RRF    48,F
0684:  RRF    47,F
0685:  RRF    46,F
0686:  RRF    7A,F
0687:  RRF    79,F
0688:  RRF    78,F
0689:  RRF    77,F
068A:  DECFSZ 4A,F
068B:  GOTO   671
068C:  RETURN
*
0765:  MOVF   2A,W
0766:  MOVWF  31
0767:  MOVF   2E,W
0768:  XORWF  31,F
0769:  BTFSS  31.7
076A:  GOTO   770
076B:  BCF    03.2
076C:  BCF    03.0
076D:  BTFSC  2A.7
076E:  BSF    03.0
076F:  GOTO   7A3
0770:  MOVF   2A,W
0771:  MOVWF  31
0772:  MOVF   2D,W
0773:  MOVWF  32
0774:  MOVF   29,W
0775:  SUBWF  32,F
0776:  BTFSC  03.2
0777:  GOTO   77E
0778:  BTFSS  31.7
0779:  GOTO   7A3
077A:  MOVF   03,W
077B:  XORLW  01
077C:  MOVWF  03
077D:  GOTO   7A3
077E:  MOVF   2E,W
077F:  MOVWF  32
0780:  MOVF   2A,W
0781:  SUBWF  32,F
0782:  BTFSC  03.2
0783:  GOTO   78A
0784:  BTFSS  31.7
0785:  GOTO   7A3
0786:  MOVF   03,W
0787:  XORLW  01
0788:  MOVWF  03
0789:  GOTO   7A3
078A:  MOVF   2F,W
078B:  MOVWF  32
078C:  MOVF   2B,W
078D:  SUBWF  32,F
078E:  BTFSC  03.2
078F:  GOTO   796
0790:  BTFSS  31.7
0791:  GOTO   7A3
0792:  MOVF   03,W
0793:  XORLW  01
0794:  MOVWF  03
0795:  GOTO   7A3
0796:  MOVF   30,W
0797:  MOVWF  32
0798:  MOVF   2C,W
0799:  SUBWF  32,F
079A:  BTFSC  03.2
079B:  GOTO   7A2
079C:  BTFSS  31.7
079D:  GOTO   7A3
079E:  MOVF   03,W
079F:  XORLW  01
07A0:  MOVWF  03
07A1:  GOTO   7A3
07A2:  BCF    03.0
07A3:  RETURN
....................  
.................... #list 
....................  
.................... #device ADC = 10 
.................... #use delay(crystal = 20000000) 
*
003F:  MOVLW  39
0040:  MOVWF  04
0041:  BCF    03.7
0042:  MOVF   00,W
0043:  BTFSC  03.2
0044:  GOTO   052
0045:  MOVLW  06
0046:  MOVWF  78
0047:  CLRF   77
0048:  DECFSZ 77,F
0049:  GOTO   048
004A:  DECFSZ 78,F
004B:  GOTO   047
004C:  MOVLW  7B
004D:  MOVWF  77
004E:  DECFSZ 77,F
004F:  GOTO   04E
0050:  DECFSZ 00,F
0051:  GOTO   045
0052:  RETURN
*
02D8:  MOVLW  03
02D9:  SUBWF  31,F
02DA:  BTFSS  03.0
02DB:  GOTO   2E6
02DC:  MOVLW  31
02DD:  MOVWF  04
02DE:  BCF    03.7
02DF:  MOVF   00,W
02E0:  BTFSC  03.2
02E1:  GOTO   2E6
02E2:  GOTO   2E4
02E3:  GOTO   2E4
02E4:  DECFSZ 00,F
02E5:  GOTO   2E3
02E6:  RETURN
.................... #FUSES NOWDT, NOBROWNOUT, NOLVP, HS 
.................... #define LCD_ENABLE_PIN  PIN_A3                                    //// 
.................... #define LCD_RS_PIN      PIN_A5                                    //// 
.................... #define LCD_RW_PIN      PIN_A4                                    //// 
.................... #define LCD_DATA4       PIN_D4                                    //// 
.................... #define LCD_DATA5       PIN_D5                                    //// 
.................... #define LCD_DATA6       PIN_D6                                    //// 
.................... #define LCD_DATA7       PIN_D7 
.................... #include <lcd.c> 
.................... /////////////////////////////////////////////////////////////////////////////// 
.................... ////                             LCD.C                                     //// 
.................... ////                 Driver for common LCD modules                         //// 
.................... ////                                                                       //// 
.................... ////  lcd_init()   Must be called before any other function.               //// 
.................... ////                                                                       //// 
.................... ////  lcd_putc(c)  Will display c on the next position of the LCD.         //// 
.................... ////                 \a  Set cursor position to upper left                 //// 
.................... ////                 \f  Clear display, set cursor to upper left           //// 
.................... ////                 \n  Go to start of second line                        //// 
.................... ////                 \b  Move back one position                            //// 
.................... ////              If LCD_EXTENDED_NEWLINE is defined, the \n character     //// 
.................... ////              will erase all remanining characters on the current      //// 
.................... ////              line, and move the cursor to the beginning of the next   //// 
.................... ////              line.                                                    //// 
.................... ////              If LCD_EXTENDED_NEWLINE is defined, the \r character     //// 
.................... ////              will move the cursor to the start of the current         //// 
.................... ////              line.                                                    //// 
.................... ////                                                                       //// 
.................... ////  lcd_gotoxy(x,y) Set write position on LCD (upper left is 1,1)        //// 
.................... ////                                                                       //// 
.................... ////  lcd_getc(x,y)   Returns character at position x,y on LCD             //// 
.................... ////                                                                       //// 
.................... ////  lcd_cursor_on(int1 on)   Turn the cursor on (on=TRUE) or off         //// 
.................... ////              (on=FALSE).                                              //// 
.................... ////                                                                       //// 
.................... ////  lcd_set_cgram_char(w, *p)   Write a custom character to the CGRAM.   //// 
.................... ////                                                                       //// 
.................... ////                                                                       //// 
.................... ////  CONFIGURATION                                                        //// 
.................... ////  The LCD can be configured in one of two ways: a.) port access or     //// 
.................... ////  b.) pin access.  Port access requires the entire 7 bit interface     //// 
.................... ////  connected to one GPIO port, and the data bits (D4:D7 of the LCD)     //// 
.................... ////  connected to sequential pins on the GPIO.  Pin access                //// 
.................... ////  has no requirements, all 7 bits of the control interface can         //// 
.................... ////  can be connected to any GPIO using several ports.                    //// 
.................... ////                                                                       //// 
.................... ////  To use port access, #define LCD_DATA_PORT to the SFR location of     //// 
.................... ////  of the GPIO port that holds the interface, -AND- edit LCD_PIN_MAP    //// 
.................... ////  of this file to configure the pin order.  If you are using a         //// 
.................... ////  baseline PIC (PCB), then LCD_OUTPUT_MAP and LCD_INPUT_MAP also must  //// 
.................... ////  be defined.                                                          //// 
.................... ////                                                                       //// 
.................... ////  Example of port access:                                              //// 
.................... ////     #define LCD_DATA_PORT getenv("SFR:PORTD")                         //// 
.................... ////                                                                       //// 
.................... ////  To use pin access, the following pins must be defined:               //// 
.................... ////     LCD_ENABLE_PIN                                                    //// 
.................... ////     LCD_RS_PIN                                                        //// 
.................... ////     LCD_RW_PIN                                                        //// 
.................... ////     LCD_DATA4                                                         //// 
.................... ////     LCD_DATA5                                                         //// 
.................... ////     LCD_DATA6                                                         //// 
.................... ////     LCD_DATA7                                                         //// 
.................... ////                                                                       //// 
.................... ////  Example of pin access:                                               //// 
.................... ////     #define LCD_ENABLE_PIN  PIN_E0                                    //// 
.................... ////     #define LCD_RS_PIN      PIN_E1                                    //// 
.................... ////     #define LCD_RW_PIN      PIN_E2                                    //// 
.................... ////     #define LCD_DATA4       PIN_D4                                    //// 
.................... ////     #define LCD_DATA5       PIN_D5                                    //// 
.................... ////     #define LCD_DATA6       PIN_D6                                    //// 
.................... ////     #define LCD_DATA7       PIN_D7                                    //// 
.................... ////                                                                       //// 
.................... /////////////////////////////////////////////////////////////////////////////// 
.................... ////        (C) Copyright 1996,2010 Custom Computer Services           //// 
.................... //// This source code may only be used by licensed users of the CCS C  //// 
.................... //// compiler.  This source code may only be distributed to other      //// 
.................... //// licensed users of the CCS C compiler.  No other use, reproduction //// 
.................... //// or distribution is permitted without written permission.          //// 
.................... //// Derivative programs created using this software in object code    //// 
.................... //// form are not restricted in any way.                               //// 
.................... /////////////////////////////////////////////////////////////////////////// 
....................  
.................... #ifndef __LCD_C__ 
.................... #define __LCD_C__ 
....................  
.................... // define the pinout. 
.................... // only required if port access is being used. 
.................... typedef struct   
.................... {                            // This structure is overlayed 
....................    int1 enable;           // on to an I/O port to gain 
....................    int1 rs;               // access to the LCD pins. 
....................    int1 rw;               // The bits are allocated from 
....................    int1 unused;           // low order up.  ENABLE will 
....................    unsigned int     data : 4;         // be LSB pin of that port. 
....................   #if defined(__PCD__)       // The port used will be LCD_DATA_PORT. 
....................    unsigned int    reserved: 8; 
....................   #endif 
.................... } LCD_PIN_MAP; 
....................  
.................... // this is to improve compatability with previous LCD drivers that accepted 
.................... // a define labeled 'use_portb_lcd' that configured the LCD onto port B. 
.................... #if ((defined(use_portb_lcd)) && (use_portb_lcd==TRUE)) 
....................  #define LCD_DATA_PORT getenv("SFR:PORTB") 
.................... #endif 
....................  
.................... #if defined(__PCB__) 
....................    // these definitions only need to be modified for baseline PICs. 
....................    // all other PICs use LCD_PIN_MAP or individual LCD_xxx pin definitions. 
.................... /*                                    EN, RS,   RW,   UNUSED,  DATA  */ 
....................  const LCD_PIN_MAP LCD_OUTPUT_MAP =  {0,  0,    0,    0,       0}; 
....................  const LCD_PIN_MAP LCD_INPUT_MAP =   {0,  0,    0,    0,       0xF}; 
.................... #endif 
....................  
.................... ////////////////////// END CONFIGURATION /////////////////////////////////// 
....................  
.................... #ifndef LCD_ENABLE_PIN 
....................    #define lcd_output_enable(x) lcdlat.enable=x 
....................    #define lcd_enable_tris()   lcdtris.enable=0 
.................... #else 
....................    #define lcd_output_enable(x) output_bit(LCD_ENABLE_PIN, x) 
....................    #define lcd_enable_tris()  output_drive(LCD_ENABLE_PIN) 
.................... #endif 
....................  
.................... #ifndef LCD_RS_PIN 
....................    #define lcd_output_rs(x) lcdlat.rs=x 
....................    #define lcd_rs_tris()   lcdtris.rs=0 
.................... #else 
....................    #define lcd_output_rs(x) output_bit(LCD_RS_PIN, x) 
....................    #define lcd_rs_tris()  output_drive(LCD_RS_PIN) 
.................... #endif 
....................  
.................... #ifndef LCD_RW_PIN 
....................    #define lcd_output_rw(x) lcdlat.rw=x 
....................    #define lcd_rw_tris()   lcdtris.rw=0 
.................... #else 
....................    #define lcd_output_rw(x) output_bit(LCD_RW_PIN, x) 
....................    #define lcd_rw_tris()  output_drive(LCD_RW_PIN) 
.................... #endif 
....................  
.................... // original version of this library incorrectly labeled LCD_DATA0 as LCD_DATA4, 
.................... // LCD_DATA1 as LCD_DATA5, and so on.  this block of code makes the driver 
.................... // compatible with any code written for the original library 
.................... #if (defined(LCD_DATA0) && defined(LCD_DATA1) && defined(LCD_DATA2) && defined(LCD_DATA3) && !defined(LCD_DATA4) && !defined(LCD_DATA5) && !defined(LCD_DATA6) && !defined(LCD_DATA7)) 
....................    #define  LCD_DATA4    LCD_DATA0 
....................    #define  LCD_DATA5    LCD_DATA1 
....................    #define  LCD_DATA6    LCD_DATA2 
....................    #define  LCD_DATA7    LCD_DATA3 
.................... #endif 
....................  
.................... #ifndef LCD_DATA4 
.................... #ifndef LCD_DATA_PORT 
....................    #if defined(__PCB__) 
....................       #define LCD_DATA_PORT      0x06     //portb 
....................       #define set_tris_lcd(x)   set_tris_b(x) 
....................    #else 
....................      #if defined(PIN_D0) 
....................       #define LCD_DATA_PORT      getenv("SFR:PORTD")     //portd 
....................      #else 
....................       #define LCD_DATA_PORT      getenv("SFR:PORTB")     //portb 
....................      #endif 
....................    #endif    
.................... #endif 
....................  
.................... #if defined(__PCB__) 
....................    LCD_PIN_MAP lcd, lcdlat; 
....................    #byte lcd = LCD_DATA_PORT 
....................    #byte lcdlat = LCD_DATA_PORT 
.................... #elif defined(__PCM__) 
....................    LCD_PIN_MAP lcd, lcdlat, lcdtris; 
....................    #byte lcd = LCD_DATA_PORT 
....................    #byte lcdlat = LCD_DATA_PORT 
....................    #byte lcdtris = LCD_DATA_PORT+0x80 
.................... #elif defined(__PCH__) 
....................    LCD_PIN_MAP lcd, lcdlat, lcdtris; 
....................    #byte lcd = LCD_DATA_PORT 
....................    #byte lcdlat = LCD_DATA_PORT+9 
....................    #byte lcdtris = LCD_DATA_PORT+0x12 
.................... #elif defined(__PCD__) 
....................    LCD_PIN_MAP lcd, lcdlat, lcdtris; 
....................    #word lcd = LCD_DATA_PORT 
....................    #word lcdlat = LCD_DATA_PORT+2 
....................    #word lcdtris = LCD_DATA_PORT-0x02 
.................... #endif 
.................... #endif   //LCD_DATA4 not defined 
....................  
.................... #ifndef LCD_TYPE 
....................    #define LCD_TYPE 2           // 0=5x7, 1=5x10, 2=2 lines 
.................... #endif 
....................  
.................... #ifndef LCD_LINE_TWO 
....................    #define LCD_LINE_TWO 0x40    // LCD RAM address for the second line 
.................... #endif 
....................  
.................... #ifndef LCD_LINE_LENGTH 
....................    #define LCD_LINE_LENGTH 20 
.................... #endif 
....................  
.................... unsigned int8 lcd_read_nibble(void); 
....................  
.................... unsigned int8 lcd_read_byte(void) 
.................... { 
....................    unsigned int8 low,high; 
....................  
....................  #if defined(__PCB__) 
....................    set_tris_lcd(LCD_INPUT_MAP); 
....................  #else 
....................   #if (defined(LCD_DATA4) && defined(LCD_DATA5) && defined(LCD_DATA6) && defined(LCD_DATA7)) 
....................    output_float(LCD_DATA4); 
*
00BC:  BSF    08.4
....................    output_float(LCD_DATA5); 
00BD:  BSF    08.5
....................    output_float(LCD_DATA6); 
00BE:  BSF    08.6
....................    output_float(LCD_DATA7); 
00BF:  BSF    08.7
....................   #else 
....................    lcdtris.data = 0xF; 
....................   #endif 
....................  #endif 
....................          
....................    lcd_output_rw(1); 
00C0:  BCF    03.5
00C1:  BSF    05.4
00C2:  BSF    03.5
00C3:  BCF    05.4
....................    delay_cycles(1); 
00C4:  NOP
....................    lcd_output_enable(1); 
00C5:  BCF    03.5
00C6:  BSF    05.3
00C7:  BSF    03.5
00C8:  BCF    05.3
....................    delay_cycles(1); 
00C9:  NOP
....................    high = lcd_read_nibble(); 
00CA:  BCF    03.5
00CB:  CALL   083
00CC:  MOVF   78,W
00CD:  MOVWF  40
....................        
....................    lcd_output_enable(0); 
00CE:  BCF    05.3
00CF:  BSF    03.5
00D0:  BCF    05.3
....................    delay_cycles(1); 
00D1:  NOP
....................    lcd_output_enable(1); 
00D2:  BCF    03.5
00D3:  BSF    05.3
00D4:  BSF    03.5
00D5:  BCF    05.3
....................    delay_us(1); 
00D6:  GOTO   0D7
00D7:  GOTO   0D8
00D8:  NOP
....................    low = lcd_read_nibble(); 
00D9:  BCF    03.5
00DA:  CALL   083
00DB:  MOVF   78,W
00DC:  MOVWF  3F
....................        
....................    lcd_output_enable(0); 
00DD:  BCF    05.3
00DE:  BSF    03.5
00DF:  BCF    05.3
....................  
....................  #if defined(__PCB__) 
....................    set_tris_lcd(LCD_OUTPUT_MAP); 
....................  #else 
....................   #if (defined(LCD_DATA4) && defined(LCD_DATA5) && defined(LCD_DATA6) && defined(LCD_DATA7)) 
....................    output_drive(LCD_DATA4); 
00E0:  BCF    08.4
....................    output_drive(LCD_DATA5); 
00E1:  BCF    08.5
....................    output_drive(LCD_DATA6); 
00E2:  BCF    08.6
....................    output_drive(LCD_DATA7); 
00E3:  BCF    08.7
....................   #else 
....................    lcdtris.data = 0x0; 
....................   #endif 
....................  #endif 
....................  
....................    return( (high<<4) | low); 
00E4:  BCF    03.5
00E5:  SWAPF  40,W
00E6:  MOVWF  77
00E7:  MOVLW  F0
00E8:  ANDWF  77,F
00E9:  MOVF   77,W
00EA:  IORWF  3F,W
00EB:  MOVWF  78
.................... } 
....................  
.................... unsigned int8 lcd_read_nibble(void) 
.................... { 
....................   #if (defined(LCD_DATA4) && defined(LCD_DATA5) && defined(LCD_DATA6) && defined(LCD_DATA7)) 
*
0083:  CLRF   41
....................    unsigned int8 n = 0x00; 
....................  
....................    /* Read the data port */ 
....................    n |= input(LCD_DATA4); 
0084:  BSF    03.5
0085:  BSF    08.4
0086:  MOVLW  00
0087:  BCF    03.5
0088:  BTFSC  08.4
0089:  MOVLW  01
008A:  IORWF  41,F
....................    n |= input(LCD_DATA5) << 1; 
008B:  BSF    03.5
008C:  BSF    08.5
008D:  MOVLW  00
008E:  BCF    03.5
008F:  BTFSC  08.5
0090:  MOVLW  01
0091:  MOVWF  77
0092:  BCF    03.0
0093:  RLF    77,F
0094:  MOVF   77,W
0095:  IORWF  41,F
....................    n |= input(LCD_DATA6) << 2; 
0096:  BSF    03.5
0097:  BSF    08.6
0098:  MOVLW  00
0099:  BCF    03.5
009A:  BTFSC  08.6
009B:  MOVLW  01
009C:  MOVWF  77
009D:  RLF    77,F
009E:  RLF    77,F
009F:  MOVLW  FC
00A0:  ANDWF  77,F
00A1:  MOVF   77,W
00A2:  IORWF  41,F
....................    n |= input(LCD_DATA7) << 3; 
00A3:  BSF    03.5
00A4:  BSF    08.7
00A5:  MOVLW  00
00A6:  BCF    03.5
00A7:  BTFSC  08.7
00A8:  MOVLW  01
00A9:  MOVWF  77
00AA:  RLF    77,F
00AB:  RLF    77,F
00AC:  RLF    77,F
00AD:  MOVLW  F8
00AE:  ANDWF  77,F
00AF:  MOVF   77,W
00B0:  IORWF  41,F
....................     
....................    return(n); 
00B1:  MOVF   41,W
00B2:  MOVWF  78
....................   #else 
00B3:  RETURN
....................    return(lcd.data); 
....................   #endif 
.................... } 
....................  
.................... void lcd_send_nibble(unsigned int8 n) 
.................... { 
....................   #if (defined(LCD_DATA4) && defined(LCD_DATA5) && defined(LCD_DATA6) && defined(LCD_DATA7)) 
....................    /* Write to the data port */ 
....................    output_bit(LCD_DATA4, bit_test(n, 0)); 
*
0053:  BTFSC  40.0
0054:  GOTO   057
0055:  BCF    08.4
0056:  GOTO   058
0057:  BSF    08.4
0058:  BSF    03.5
0059:  BCF    08.4
....................    output_bit(LCD_DATA5, bit_test(n, 1)); 
005A:  BCF    03.5
005B:  BTFSC  40.1
005C:  GOTO   05F
005D:  BCF    08.5
005E:  GOTO   060
005F:  BSF    08.5
0060:  BSF    03.5
0061:  BCF    08.5
....................    output_bit(LCD_DATA6, bit_test(n, 2)); 
0062:  BCF    03.5
0063:  BTFSC  40.2
0064:  GOTO   067
0065:  BCF    08.6
0066:  GOTO   068
0067:  BSF    08.6
0068:  BSF    03.5
0069:  BCF    08.6
....................    output_bit(LCD_DATA7, bit_test(n, 3)); 
006A:  BCF    03.5
006B:  BTFSC  40.3
006C:  GOTO   06F
006D:  BCF    08.7
006E:  GOTO   070
006F:  BSF    08.7
0070:  BSF    03.5
0071:  BCF    08.7
....................   #else       
....................    lcdlat.data = n; 
....................   #endif 
....................        
....................    delay_cycles(1); 
0072:  NOP
....................    lcd_output_enable(1); 
0073:  BCF    03.5
0074:  BSF    05.3
0075:  BSF    03.5
0076:  BCF    05.3
....................    delay_us(2); 
0077:  MOVLW  02
0078:  MOVWF  77
0079:  DECFSZ 77,F
007A:  GOTO   079
007B:  GOTO   07C
007C:  NOP
....................    lcd_output_enable(0); 
007D:  BCF    03.5
007E:  BCF    05.3
007F:  BSF    03.5
0080:  BCF    05.3
0081:  BCF    03.5
0082:  RETURN
.................... } 
....................  
.................... void lcd_send_byte(unsigned int8 address, unsigned int8 n) 
.................... { 
....................   #if defined(__PCB__) 
....................    set_tris_lcd(LCD_OUTPUT_MAP); 
....................   #else 
....................    lcd_enable_tris(); 
*
00B4:  BSF    03.5
00B5:  BCF    05.3
....................    lcd_rs_tris(); 
00B6:  BCF    05.5
....................    lcd_rw_tris(); 
00B7:  BCF    05.4
....................   #endif 
....................  
....................    lcd_output_rs(0); 
00B8:  BCF    03.5
00B9:  BCF    05.5
00BA:  BSF    03.5
00BB:  BCF    05.5
....................    while ( bit_test(lcd_read_byte(),7) ) ; 
*
00EC:  MOVF   78,W
00ED:  MOVWF  3F
00EE:  BTFSS  3F.7
00EF:  GOTO   0F2
00F0:  BSF    03.5
00F1:  GOTO   0BC
....................    lcd_output_rs(address); 
00F2:  MOVF   3D,F
00F3:  BTFSS  03.2
00F4:  GOTO   0F7
00F5:  BCF    05.5
00F6:  GOTO   0F8
00F7:  BSF    05.5
00F8:  BSF    03.5
00F9:  BCF    05.5
....................    delay_cycles(1); 
00FA:  NOP
....................    lcd_output_rw(0); 
00FB:  BCF    03.5
00FC:  BCF    05.4
00FD:  BSF    03.5
00FE:  BCF    05.4
....................    delay_cycles(1); 
00FF:  NOP
....................    lcd_output_enable(0); 
0100:  BCF    03.5
0101:  BCF    05.3
0102:  BSF    03.5
0103:  BCF    05.3
....................    lcd_send_nibble(n >> 4); 
0104:  BCF    03.5
0105:  SWAPF  3E,W
0106:  MOVWF  3F
0107:  MOVLW  0F
0108:  ANDWF  3F,F
0109:  MOVF   3F,W
010A:  MOVWF  40
010B:  CALL   053
....................    lcd_send_nibble(n & 0xf); 
010C:  MOVF   3E,W
010D:  ANDLW  0F
010E:  MOVWF  3F
010F:  MOVWF  40
0110:  CALL   053
0111:  RETURN
.................... } 
....................  
.................... #if defined(LCD_EXTENDED_NEWLINE) 
.................... unsigned int8 g_LcdX, g_LcdY; 
.................... #endif 
....................  
.................... void lcd_init(void)  
.................... { 
....................    unsigned int8 i; 
....................    unsigned int8 LCD_INIT_STRING[4] = {0x20 | (LCD_TYPE << 2), 0xc, 1, 6}; 
0112:  MOVLW  28
0113:  MOVWF  2A
0114:  MOVLW  0C
0115:  MOVWF  2B
0116:  MOVLW  01
0117:  MOVWF  2C
0118:  MOVLW  06
0119:  MOVWF  2D
....................                              // These bytes need to be sent to the LCD 
....................                              // to start it up. 
....................     
....................  
....................    lcd_output_enable(0); 
011A:  BCF    05.3
011B:  BSF    03.5
011C:  BCF    05.3
....................    lcd_output_rs(0); 
011D:  BCF    03.5
011E:  BCF    05.5
011F:  BSF    03.5
0120:  BCF    05.5
....................    lcd_output_rw(0); 
0121:  BCF    03.5
0122:  BCF    05.4
0123:  BSF    03.5
0124:  BCF    05.4
....................  
....................  #if defined(__PCB__) 
....................    set_tris_lcd(LCD_OUTPUT_MAP); 
....................  #else 
....................   #if (defined(LCD_DATA4) && defined(LCD_DATA5) && defined(LCD_DATA6) && defined(LCD_DATA7)) 
....................    output_drive(LCD_DATA4); 
0125:  BCF    08.4
....................    output_drive(LCD_DATA5); 
0126:  BCF    08.5
....................    output_drive(LCD_DATA6); 
0127:  BCF    08.6
....................    output_drive(LCD_DATA7); 
0128:  BCF    08.7
....................   #else 
....................    lcdtris.data = 0x0; 
....................   #endif 
....................    lcd_enable_tris(); 
0129:  BCF    05.3
....................    lcd_rs_tris(); 
012A:  BCF    05.5
....................    lcd_rw_tris(); 
012B:  BCF    05.4
....................  #endif 
....................      
....................    delay_ms(15); 
012C:  MOVLW  0F
012D:  BCF    03.5
012E:  MOVWF  39
012F:  CALL   03F
....................    for(i=1;i<=3;++i) 
0130:  MOVLW  01
0131:  MOVWF  29
0132:  MOVF   29,W
0133:  SUBLW  03
0134:  BTFSS  03.0
0135:  GOTO   13E
....................    { 
....................        lcd_send_nibble(3); 
0136:  MOVLW  03
0137:  MOVWF  40
0138:  CALL   053
....................        delay_ms(5); 
0139:  MOVLW  05
013A:  MOVWF  39
013B:  CALL   03F
013C:  INCF   29,F
013D:  GOTO   132
....................    } 
....................     
....................    lcd_send_nibble(2); 
013E:  MOVLW  02
013F:  MOVWF  40
0140:  CALL   053
....................    delay_ms(5); 
0141:  MOVLW  05
0142:  MOVWF  39
0143:  CALL   03F
....................    for(i=0;i<=3;++i) 
0144:  CLRF   29
0145:  MOVF   29,W
0146:  SUBLW  03
0147:  BTFSS  03.0
0148:  GOTO   155
....................       lcd_send_byte(0,LCD_INIT_STRING[i]); 
0149:  MOVLW  2A
014A:  ADDWF  29,W
014B:  MOVWF  04
014C:  BCF    03.7
014D:  MOVF   00,W
014E:  MOVWF  2E
014F:  CLRF   3D
0150:  MOVF   2E,W
0151:  MOVWF  3E
0152:  CALL   0B4
....................  
....................   #if defined(LCD_EXTENDED_NEWLINE) 
0153:  INCF   29,F
0154:  GOTO   145
0155:  BSF    0A.3
0156:  BCF    0A.4
0157:  GOTO   1A1 (RETURN)
....................    g_LcdX = 0; 
....................    g_LcdY = 0; 
....................   #endif 
.................... } 
....................  
.................... void lcd_gotoxy(unsigned int8 x, unsigned int8 y) 
.................... { 
....................    unsigned int8 address; 
....................     
....................    if(y!=1) 
*
0365:  DECFSZ 3A,W
0366:  GOTO   368
0367:  GOTO   36B
....................       address=LCD_LINE_TWO; 
0368:  MOVLW  40
0369:  MOVWF  3B
036A:  GOTO   36C
....................    else 
....................       address=0; 
036B:  CLRF   3B
....................       
....................    address+=x-1; 
036C:  MOVLW  01
036D:  SUBWF  39,W
036E:  ADDWF  3B,F
....................    lcd_send_byte(0,0x80|address); 
036F:  MOVF   3B,W
0370:  IORLW  80
0371:  MOVWF  3C
0372:  CLRF   3D
0373:  MOVF   3C,W
0374:  MOVWF  3E
0375:  CALL   0B4
....................  
....................   #if defined(LCD_EXTENDED_NEWLINE) 
0376:  RETURN
....................    g_LcdX = x - 1; 
....................    g_LcdY = y - 1; 
....................   #endif 
.................... } 
....................  
.................... void lcd_putc(char c) 
.................... { 
....................    switch (c) 
0377:  MOVF   38,W
0378:  XORLW  07
0379:  BTFSC  03.2
037A:  GOTO   385
037B:  XORLW  0B
037C:  BTFSC  03.2
037D:  GOTO   38A
037E:  XORLW  06
037F:  BTFSC  03.2
0380:  GOTO   392
0381:  XORLW  02
0382:  BTFSC  03.2
0383:  GOTO   398
0384:  GOTO   39D
....................    { 
....................       case '\a'   :  lcd_gotoxy(1,1);     break; 
0385:  MOVLW  01
0386:  MOVWF  39
0387:  MOVWF  3A
0388:  CALL   365
0389:  GOTO   3A2
....................  
....................       case '\f'   :  lcd_send_byte(0,1); 
038A:  CLRF   3D
038B:  MOVLW  01
038C:  MOVWF  3E
038D:  CALL   0B4
....................                      delay_ms(2); 
038E:  MOVLW  02
038F:  MOVWF  39
0390:  CALL   03F
....................                     #if defined(LCD_EXTENDED_NEWLINE) 
....................                      g_LcdX = 0; 
....................                      g_LcdY = 0; 
....................                     #endif 
....................                      break; 
0391:  GOTO   3A2
....................  
....................      #if defined(LCD_EXTENDED_NEWLINE) 
....................       case '\r'   :  lcd_gotoxy(1, g_LcdY+1);   break; 
....................       case '\n'   : 
....................          while (g_LcdX++ < LCD_LINE_LENGTH) 
....................          { 
....................             lcd_send_byte(1, ' '); 
....................          } 
....................          lcd_gotoxy(1, g_LcdY+2); 
....................          break; 
....................      #else 
....................       case '\n'   : lcd_gotoxy(1,2);        break; 
0392:  MOVLW  01
0393:  MOVWF  39
0394:  MOVLW  02
0395:  MOVWF  3A
0396:  CALL   365
0397:  GOTO   3A2
....................      #endif 
....................       
....................       case '\b'   : lcd_send_byte(0,0x10);  break; 
0398:  CLRF   3D
0399:  MOVLW  10
039A:  MOVWF  3E
039B:  CALL   0B4
039C:  GOTO   3A2
....................       
....................      #if defined(LCD_EXTENDED_NEWLINE) 
....................       default     :  
....................          if (g_LcdX < LCD_LINE_LENGTH) 
....................          { 
....................             lcd_send_byte(1, c); 
....................             g_LcdX++; 
....................          } 
....................          break; 
....................      #else 
....................       default     : lcd_send_byte(1,c);     break; 
039D:  MOVLW  01
039E:  MOVWF  3D
039F:  MOVF   38,W
03A0:  MOVWF  3E
03A1:  CALL   0B4
....................      #endif 
....................    } 
03A2:  RETURN
.................... } 
....................   
.................... char lcd_getc(unsigned int8 x, unsigned int8 y) 
.................... { 
....................    char value; 
....................  
....................    lcd_gotoxy(x,y); 
....................    while ( bit_test(lcd_read_byte(),7) ); // wait until busy flag is low 
....................    lcd_output_rs(1); 
....................    value = lcd_read_byte(); 
....................    lcd_output_rs(0); 
....................     
....................    return(value); 
.................... } 
....................  
.................... // write a custom character to the ram 
.................... // which is 0-7 and specifies which character array we are modifying. 
.................... // ptr points to an array of 8 bytes, where each byte is the next row of 
.................... //    pixels.  only bits 0-4 are used.  the last row is the cursor row, and 
.................... //    usually you will want to leave this byte 0x00. 
.................... void lcd_set_cgram_char(unsigned int8 which, unsigned int8 *ptr) 
.................... { 
....................    unsigned int i; 
....................  
....................    which <<= 3; 
....................    which &= 0x38; 
....................  
....................    lcd_send_byte(0, 0x40 | which);  //set cgram address 
....................  
....................    for(i=0; i<8; i++) 
....................    { 
....................       lcd_send_byte(1, *ptr++); 
....................    } 
....................    
....................    #if defined(LCD_EXTENDED_NEWLINE) 
....................     lcd_gotoxy(g_LcdX+1, g_LcdY+1);  //set ddram address 
....................    #endif 
.................... } 
....................  
.................... void lcd_cursor_on(int1 on) 
.................... { 
....................    if (on) 
....................    { 
....................       lcd_send_byte(0,0x0F);           //turn LCD cursor ON 
....................    } 
....................    else 
....................    { 
....................       lcd_send_byte(0,0x0C);           //turn LCD cursor OFF 
....................    } 
.................... } 
....................  
.................... #endif 
....................  
.................... #include <kbd4x4_b.c> 
.................... /////////////////////////////////////////////////////////////////////////// 
.................... ////                             KBD4x4_1.C                                //// 
.................... ////                  Generic keypad scan driver                       //// 
.................... ////                                                                   //// 
.................... ////  kbd_init()   Must be called before any other function.           //// 
.................... ////                                                                   //// 
.................... ////  c = kbd_getc(c)  Will return a key value if pressed or /0 if not //// 
.................... ////                   This function should be called frequently so as //// 
.................... ////                   not to miss a key press.                        //// 
.................... ////                                                                   //// 
.................... /////////////////////////////////////////////////////////////////////////// 
.................... ////        (C) Copyright 1996,2003 Custom Computer Services           //// 
.................... //// This source code may only be used by licensed users of the CCS C  //// 
.................... //// compiler.  This source code may only be distributed to other      //// 
.................... //// licensed users of the CCS C compiler.  No other use, reproduction //// 
.................... //// or distribution is permitted without written permission.          //// 
.................... //// Derivative programs created using this software in object code    //// 
.................... //// form are not restricted in any way.                               //// 
.................... /////////////////////////////////////////////////////////////////////////// 
....................  
.................... ////////////////// The following defines the keypad layout on port D 
....................  
.................... // Un-comment the following define to use port B 
.................... #define use_portb_kbd TRUE 
....................  
.................... // Make sure the port used has pull-up resistors (or the LCD) on 
.................... // the column pins 
....................  
....................  
.................... #if defined(__PCH__) 
.................... #if defined use_portb_kbd 
....................    #byte kbd = 0xF81                   // This puts the entire structure 
.................... #else 
....................    #byte kbd = 0xF83                   // This puts the entire structure 
.................... #endif 
.................... #else 
.................... #if defined use_portb_kbd 
....................    #byte kbd = 6                  // on to port B (at address 6) 
.................... #else 
....................    #byte kbd = 8                 // on to port D (at address 8) 
.................... #endif 
.................... #endif 
....................  
.................... #if defined use_portb_kbd 
....................    #define set_tris_kbd(x) set_tris_b(x) 
.................... #else 
....................    #define set_tris_kbd(x) set_tris_d(x) 
.................... #endif 
....................  
....................  
....................  
.................... //Keypad connection:   (for example column 0 is B2) 
.................... //                Bx: 
....................  
.................... #ifdef blue_keypad  ///////////////////////////////////// For the blue keypad 
.................... #define COL0 (1 << 2) 
.................... #define COL1 (1 << 3) 
.................... #define COL2 (1 << 6) 
....................  
.................... #define ROW0 (1 << 4) 
.................... #define ROW1 (1 << 7) 
.................... #define ROW2 (1 << 1) 
.................... #define ROW3 (1 << 5) 
....................  
.................... #else ////////////////////////////////////////////////// For the black keypad 
.................... #define COL0 (1 << 4) 
.................... #define COL1 (1 << 5) 
.................... #define COL2 (1 << 6) 
.................... #define COL3 (1 << 7) 
....................  
.................... #define ROW0 (1 << 0) 
.................... #define ROW1 (1 << 1) 
.................... #define ROW2 (1 << 2) 
.................... #define ROW3 (1 << 3) 
....................  
.................... #endif 
....................  
.................... #define ALL_ROWS (ROW0|ROW1|ROW2|ROW3) 
.................... #define ALL_PINS (ALL_ROWS|COL0|COL1|COL2|COL3) 
....................  
.................... // Keypad layout: 
.................... char const KEYS[4][4] = {{'7','8','9','/'}, 
....................                          {'4','5','6','*'}, 
....................                          {'1','2','3','-'}, 
....................                          {'C','0','=','+'}}; 
....................  
.................... #define KBD_DEBOUNCE_FACTOR 33    // Set this number to apx n/333 where 
....................                                   // n is the number of times you expect 
....................                                   // to call kbd_getc each second 
....................  
....................  
.................... void kbd_init() { 
*
0158:  BSF    0A.3
0159:  BCF    0A.4
015A:  GOTO   1A4 (RETURN)
.................... } 
....................  
.................... char kbd_getc( ) { 
....................    static BYTE kbd_call_count; 
*
099A:  BCF    03.5
099B:  CLRF   20
....................    static int1 kbd_down; 
099C:  BCF    21.0
....................    static char last_key; 
099D:  CLRF   22
....................    static BYTE col; 
099E:  CLRF   23
....................  
....................    BYTE kchar; 
....................    BYTE row; 
....................  
....................    kchar='\0'; 
*
05F2:  CLRF   36
....................    if(++kbd_call_count>KBD_DEBOUNCE_FACTOR) { 
05F3:  INCF   20,F
05F4:  MOVF   20,W
05F5:  SUBLW  21
05F6:  BTFSC  03.0
05F7:  GOTO   652
....................        switch (col) { 
05F8:  MOVF   23,W
05F9:  ADDLW  FC
05FA:  BTFSC  03.0
05FB:  GOTO   615
05FC:  ADDLW  04
05FD:  GOTO   65B
....................          case 0   : set_tris_kbd(ALL_PINS&~COL0); 
05FE:  MOVLW  EF
05FF:  BSF    03.5
0600:  MOVWF  06
....................                     kbd=~COL0&ALL_PINS; 
0601:  BCF    03.5
0602:  MOVWF  06
....................                     break; 
0603:  GOTO   615
....................          case 1   : set_tris_kbd(ALL_PINS&~COL1); 
0604:  MOVLW  DF
0605:  BSF    03.5
0606:  MOVWF  06
....................                     kbd=~COL1&ALL_PINS; 
0607:  BCF    03.5
0608:  MOVWF  06
....................                     break; 
0609:  GOTO   615
....................          case 2   : set_tris_kbd(ALL_PINS&~COL2); 
060A:  MOVLW  BF
060B:  BSF    03.5
060C:  MOVWF  06
....................                     kbd=~COL2&ALL_PINS; 
060D:  BCF    03.5
060E:  MOVWF  06
....................                     break; 
060F:  GOTO   615
....................          case 3   : set_tris_kbd(ALL_PINS&~COL3); 
0610:  MOVLW  7F
0611:  BSF    03.5
0612:  MOVWF  06
....................                     kbd=~COL3&ALL_PINS; 
0613:  BCF    03.5
0614:  MOVWF  06
....................                     break; 
....................        } 
....................  
....................        if(kbd_down) { 
0615:  BTFSS  21.0
0616:  GOTO   621
....................          if((kbd & (ALL_ROWS))==(ALL_ROWS)) { 
0617:  MOVF   06,W
0618:  ANDLW  0F
0619:  SUBLW  0F
061A:  BTFSS  03.2
061B:  GOTO   620
....................            kbd_down=FALSE; 
061C:  BCF    21.0
....................            kchar=last_key; 
061D:  MOVF   22,W
061E:  MOVWF  36
....................            last_key='\0'; 
061F:  CLRF   22
....................          } 
....................        } else { 
0620:  GOTO   651
....................           if((kbd & (ALL_ROWS))!=(ALL_ROWS)) { 
0621:  MOVF   06,W
0622:  ANDLW  0F
0623:  SUBLW  0F
0624:  BTFSC  03.2
0625:  GOTO   64C
....................              if((kbd & ROW0)==0) 
0626:  MOVF   06,W
0627:  ANDLW  01
0628:  BTFSS  03.2
0629:  GOTO   62C
....................                row=0; 
062A:  CLRF   37
062B:  GOTO   640
....................              else if((kbd & ROW1)==0) 
062C:  MOVF   06,W
062D:  ANDLW  02
062E:  BTFSS  03.2
062F:  GOTO   633
....................                row=1; 
0630:  MOVLW  01
0631:  MOVWF  37
0632:  GOTO   640
....................              else if((kbd & ROW2)==0) 
0633:  MOVF   06,W
0634:  ANDLW  04
0635:  BTFSS  03.2
0636:  GOTO   63A
....................                row=2; 
0637:  MOVLW  02
0638:  MOVWF  37
0639:  GOTO   640
....................              else if((kbd & ROW3)==0) 
063A:  MOVF   06,W
063B:  ANDLW  08
063C:  BTFSS  03.2
063D:  GOTO   640
....................                row=3; 
063E:  MOVLW  03
063F:  MOVWF  37
....................              last_key =KEYS[row][col]; 
0640:  RLF    37,W
0641:  MOVWF  77
0642:  RLF    77,F
0643:  MOVLW  FC
0644:  ANDWF  77,F
0645:  MOVF   77,W
0646:  ADDWF  23,W
0647:  CALL   004
0648:  MOVWF  78
0649:  MOVWF  22
....................              kbd_down = TRUE; 
064A:  BSF    21.0
....................           } else { 
064B:  GOTO   651
....................              ++col; 
064C:  INCF   23,F
....................              if(col==4) 
064D:  MOVF   23,W
064E:  SUBLW  04
064F:  BTFSC  03.2
....................                col=0; 
0650:  CLRF   23
....................           } 
....................        } 
....................       kbd_call_count=0; 
0651:  CLRF   20
....................    } 
....................   set_tris_kbd(ALL_PINS); 
0652:  MOVLW  FF
0653:  BSF    03.5
0654:  MOVWF  06
....................   return(kchar); 
0655:  BCF    03.5
0656:  MOVF   36,W
0657:  MOVWF  78
0658:  BCF    0A.3
0659:  BCF    0A.4
065A:  GOTO   69B (RETURN)
.................... } 
....................  
.................... #include <getNum16.c> 
.................... /* 
....................    ** Se requiere haber inicializado el lcd y el teclado **  
....................     
....................    Usar como "int16 numero = get_num();" no puede borrar numeros 
....................     
....................    Al usar como "int16 numero = get_num_lcd(cursor_x,cursor_y)" 
....................    se pueden borrar caracteres con '-' y con 'C' 
....................        
....................    Por Angel Primitivo Vejar Corts 2022 | angel-primi@hotmail.com 
.................... */ 
....................  
.................... unsigned int32 pow(int8 base, int8 power){ 
*
0713:  CLRF   3C
0714:  CLRF   3B
0715:  CLRF   3A
0716:  MOVLW  01
0717:  MOVWF  39
....................    int32 result = 1; 
....................    for(int8 i = 0; i < power; i++){ 
0718:  CLRF   3D
0719:  MOVF   38,W
071A:  SUBWF  3D,W
071B:  BTFSC  03.0
071C:  GOTO   735
....................       result *= base; 
071D:  MOVF   3C,W
071E:  MOVWF  41
071F:  MOVF   3B,W
0720:  MOVWF  40
0721:  MOVF   3A,W
0722:  MOVWF  3F
0723:  MOVF   39,W
0724:  MOVWF  3E
0725:  CLRF   45
0726:  CLRF   44
0727:  CLRF   43
0728:  MOVF   37,W
0729:  MOVWF  42
072A:  CALL   663
072B:  MOVF   7A,W
072C:  MOVWF  3C
072D:  MOVF   79,W
072E:  MOVWF  3B
072F:  MOVF   78,W
0730:  MOVWF  3A
0731:  MOVF   77,W
0732:  MOVWF  39
0733:  INCF   3D,F
0734:  GOTO   719
....................    } 
....................    return result; 
0735:  MOVF   39,W
0736:  MOVWF  77
0737:  MOVF   3A,W
0738:  MOVWF  78
0739:  MOVF   3B,W
073A:  MOVWF  79
073B:  MOVF   3C,W
073C:  MOVWF  7A
.................... } 
....................  
.................... char read_key(){ 
....................    char c; 
....................    do{ 
....................       c=kbd_getc(); 
*
069A:  GOTO   5F2
069B:  MOVF   78,W
069C:  MOVWF  35
....................    } 
....................    while(c=='\0');  
069D:  MOVF   35,F
069E:  BTFSC  03.2
069F:  GOTO   69A
....................    return(c); 
06A0:  MOVF   35,W
06A1:  MOVWF  78
.................... } 
....................  
.................... int16 get_num_lcd(int8 x, int8 y){ 
....................    lcd_gotoxy(x,y); 
*
068D:  MOVF   29,W
068E:  MOVWF  39
068F:  MOVF   2A,W
0690:  MOVWF  3A
0691:  CALL   365
....................    int16 numero = 0; 
....................    char cadena[5] = {0,0,0,0,0}; 
*
0694:  CLRF   2D
0695:  CLRF   2E
0696:  CLRF   2F
0697:  CLRF   30
0698:  CLRF   31
....................    int8 index = 0; 
....................    char tecla; 
*
0692:  CLRF   2C
0693:  CLRF   2B
*
0699:  CLRF   32
....................    do { 
....................       tecla = read_key(); 
*
06A2:  MOVF   78,W
06A3:  MOVWF  33
....................       if((tecla >= 48) && (tecla <= 57))  
06A4:  MOVF   33,W
06A5:  SUBLW  2F
06A6:  BTFSC  03.0
06A7:  GOTO   6B6
06A8:  MOVF   33,W
06A9:  SUBLW  39
06AA:  BTFSS  03.0
06AB:  GOTO   6B6
....................       { 
....................          cadena[index] = tecla; 
06AC:  MOVLW  2D
06AD:  ADDWF  32,W
06AE:  MOVWF  04
06AF:  BCF    03.7
06B0:  MOVF   33,W
06B1:  MOVWF  00
....................          index++; 
06B2:  INCF   32,F
....................          printf(lcd_putc,"%c",tecla); 
06B3:  MOVF   33,W
06B4:  MOVWF  38
06B5:  CALL   377
....................       } 
....................        
....................       if(tecla == '-' && index > 0){ 
06B6:  MOVF   33,W
06B7:  SUBLW  2D
06B8:  BTFSS  03.2
06B9:  GOTO   6D4
06BA:  MOVF   32,F
06BB:  BTFSC  03.2
06BC:  GOTO   6D4
....................          index--; 
06BD:  DECF   32,F
....................          cadena[index] = 0; 
06BE:  MOVLW  2D
06BF:  ADDWF  32,W
06C0:  MOVWF  04
06C1:  BCF    03.7
06C2:  CLRF   00
....................          lcd_gotoxy(x + index,y); 
06C3:  MOVF   32,W
06C4:  ADDWF  29,W
06C5:  MOVWF  35
06C6:  MOVWF  39
06C7:  MOVF   2A,W
06C8:  MOVWF  3A
06C9:  CALL   365
....................          printf(lcd_putc," "); 
06CA:  MOVLW  20
06CB:  MOVWF  38
06CC:  CALL   377
....................          lcd_gotoxy(x + index,y); 
06CD:  MOVF   32,W
06CE:  ADDWF  29,W
06CF:  MOVWF  35
06D0:  MOVWF  39
06D1:  MOVF   2A,W
06D2:  MOVWF  3A
06D3:  CALL   365
....................       } 
....................        
....................       if(tecla == 'C' && index > 0){ 
06D4:  MOVF   33,W
06D5:  SUBLW  43
06D6:  BTFSS  03.2
06D7:  GOTO   6F2
06D8:  MOVF   32,F
06D9:  BTFSC  03.2
06DA:  GOTO   6F2
....................          index=0; 
06DB:  CLRF   32
....................          cadena[0] = 0; 
06DC:  CLRF   2D
....................          cadena[1] = 0; 
06DD:  CLRF   2E
....................          cadena[2] = 0; 
06DE:  CLRF   2F
....................          cadena[3] = 0; 
06DF:  CLRF   30
....................          cadena[4] = 0; 
06E0:  CLRF   31
....................          lcd_gotoxy(x,y); 
06E1:  MOVF   29,W
06E2:  MOVWF  39
06E3:  MOVF   2A,W
06E4:  MOVWF  3A
06E5:  CALL   365
....................          printf(lcd_putc,"     "); 
06E6:  MOVLW  18
06E7:  BSF    03.6
06E8:  MOVWF  0D
06E9:  MOVLW  00
06EA:  MOVWF  0F
06EB:  BCF    03.6
06EC:  CALL   59C
....................          lcd_gotoxy(x,y); 
06ED:  MOVF   29,W
06EE:  MOVWF  39
06EF:  MOVF   2A,W
06F0:  MOVWF  3A
06F1:  CALL   365
....................       } 
....................        
....................       if(tecla == '=' && index > 0){ 
06F2:  MOVF   33,W
06F3:  SUBLW  3D
06F4:  BTFSS  03.2
06F5:  GOTO   6F9
06F6:  MOVF   32,F
06F7:  BTFSS  03.2
....................          break;      
06F8:  GOTO   6FD
....................       } 
....................    }while(index < 5); 
06F9:  MOVF   32,W
06FA:  SUBLW  04
06FB:  BTFSC  03.0
06FC:  GOTO   69A
....................     
....................    for(int8 i = 0; i < index; i++){ 
06FD:  CLRF   34
06FE:  MOVF   32,W
06FF:  SUBWF  34,W
0700:  BTFSC  03.0
0701:  GOTO   75E
....................       numero += (cadena[i] - 48) * (pow(10,index - 1 - i)); 
0702:  MOVLW  2D
0703:  ADDWF  34,W
0704:  MOVWF  04
0705:  BCF    03.7
0706:  MOVLW  30
0707:  SUBWF  00,W
0708:  MOVWF  35
0709:  MOVLW  01
070A:  SUBWF  32,W
070B:  MOVWF  78
070C:  MOVF   34,W
070D:  SUBWF  78,W
070E:  MOVWF  36
070F:  MOVLW  0A
0710:  MOVWF  37
0711:  MOVF   36,W
0712:  MOVWF  38
*
073D:  CLRF   37
073E:  MOVF   04,W
073F:  MOVWF  36
0740:  BCF    37.0
0741:  BTFSC  03.7
0742:  BSF    37.0
0743:  CLRF   41
0744:  CLRF   40
0745:  CLRF   3F
0746:  MOVF   35,W
0747:  MOVWF  3E
0748:  MOVF   7A,W
0749:  MOVWF  45
074A:  MOVF   79,W
074B:  MOVWF  44
074C:  MOVF   78,W
074D:  MOVWF  43
074E:  MOVF   77,W
074F:  MOVWF  42
0750:  CALL   663
0751:  MOVF   36,W
0752:  MOVWF  04
0753:  BCF    03.7
0754:  BTFSC  37.0
0755:  BSF    03.7
0756:  MOVF   77,W
0757:  ADDWF  2B,F
0758:  MOVF   78,W
0759:  BTFSC  03.0
075A:  INCFSZ 78,W
075B:  ADDWF  2C,F
075C:  INCF   34,F
075D:  GOTO   6FE
....................    }   
....................    return numero; 
075E:  MOVF   2B,W
075F:  MOVWF  78
0760:  MOVF   2C,W
0761:  MOVWF  79
0762:  BSF    0A.3
0763:  BCF    0A.4
0764:  GOTO   1E0 (RETURN)
.................... } 
....................  
.................... int16 get_num() { 
....................    int16 numero = 0; 
....................    char cadena[5] = {0,0,0,0,0}; 
....................    int8 index = 0; 
....................    char tecla; 
....................    do { 
....................       tecla = read_key(); 
....................       if((tecla >= 48) && (tecla <= 57))  
....................       { 
....................          cadena[index] = tecla; 
....................          index++; 
....................          printf(lcd_putc,"%c",tecla); 
....................       } 
....................        
....................       if(tecla == '=' && index > 0){ 
....................          break;      
....................       } 
....................    }while(index < 5); 
....................     
....................    for(int8 i = 0; i < index; i++){ 
....................       numero += (cadena[i] - 48) * (pow(10,index - 1 - i)); 
....................    }   
....................    return numero; 
.................... } 
....................  
....................  
.................... #use STANDARD_IO(C) 
....................  
.................... #define PWM_SERVO PIN_C0  
....................  
.................... void mover_servo(int8 grados){ 
*
02E7:  CLRF   7A
02E8:  MOVF   2A,W
02E9:  MOVWF  79
02EA:  RLF    79,F
02EB:  RLF    7A,F
02EC:  RLF    79,F
02ED:  RLF    7A,F
02EE:  MOVLW  FC
02EF:  ANDWF  79,F
02F0:  MOVF   79,W
02F1:  MOVWF  30
02F2:  MOVF   7A,W
02F3:  MOVWF  31
02F4:  CALL   15B
02F5:  BCF    03.1
02F6:  MOVLW  96
02F7:  MOVWF  33
02F8:  MOVLW  43
02F9:  MOVWF  32
02FA:  MOVLW  0B
02FB:  MOVWF  31
02FC:  MOVLW  7E
02FD:  MOVWF  30
02FE:  MOVF   7A,W
02FF:  MOVWF  37
0300:  MOVF   79,W
0301:  MOVWF  36
0302:  MOVF   78,W
0303:  MOVWF  35
0304:  MOVF   77,W
0305:  MOVWF  34
0306:  CALL   178
0307:  MOVF   7A,W
0308:  MOVWF  33
0309:  MOVF   79,W
030A:  MOVWF  32
030B:  MOVF   78,W
030C:  MOVWF  31
030D:  MOVF   77,W
030E:  MOVWF  30
030F:  CALL   2B9
0310:  MOVF   79,W
0311:  MOVWF  2C
0312:  MOVF   78,W
0313:  MOVWF  2B
0314:  MOVF   2C,W
0315:  MOVWF  31
0316:  MOVF   2B,W
0317:  MOVWF  30
0318:  CALL   15B
0319:  BSF    03.1
031A:  CLRF   33
031B:  MOVLW  40
031C:  MOVWF  32
031D:  MOVLW  1C
031E:  MOVWF  31
031F:  MOVLW  8D
0320:  MOVWF  30
0321:  MOVF   7A,W
0322:  MOVWF  37
0323:  MOVF   79,W
0324:  MOVWF  36
0325:  MOVF   78,W
0326:  MOVWF  35
0327:  MOVF   77,W
0328:  MOVWF  34
0329:  CALL   178
032A:  MOVF   7A,W
032B:  MOVWF  33
032C:  MOVF   79,W
032D:  MOVWF  32
032E:  MOVF   78,W
032F:  MOVWF  31
0330:  MOVF   77,W
0331:  MOVWF  30
0332:  CALL   2B9
0333:  MOVF   79,W
0334:  MOVWF  2E
0335:  MOVF   78,W
0336:  MOVWF  2D
....................     
....................    int16 t_alto = (float)0.544 + grados * (1,856 / 180); // Se calcula el tiempo en alto 
....................    int16 t_bajo = 20000.0 - t_alto; // Se calcula el tiempo en bajo 
....................  
....................    for(int8 i = 0; i < 10; i++) // Se ejecuta el pulso 10 veces 
0337:  CLRF   2F
0338:  MOVF   2F,W
0339:  SUBLW  09
033A:  BTFSS  03.0
033B:  GOTO   364
....................    { 
....................      output_high(PWM_SERVO); 
033C:  BCF    24.0
033D:  MOVF   24,W
033E:  BSF    03.5
033F:  MOVWF  07
0340:  BCF    03.5
0341:  BSF    07.0
....................      delay_us(t_alto); 
0342:  MOVF   2C,W
0343:  MOVWF  30
0344:  INCF   30,F
0345:  DECF   30,F
0346:  BTFSC  03.2
0347:  GOTO   34C
0348:  MOVLW  FF
0349:  MOVWF  31
034A:  CALL   2D8
034B:  GOTO   345
034C:  MOVF   2B,W
034D:  MOVWF  31
034E:  CALL   2D8
....................      output_low(PWM_SERVO); 
034F:  BCF    24.0
0350:  MOVF   24,W
0351:  BSF    03.5
0352:  MOVWF  07
0353:  BCF    03.5
0354:  BCF    07.0
....................      delay_us(t_bajo); 
0355:  MOVF   2E,W
0356:  MOVWF  30
0357:  INCF   30,F
0358:  DECF   30,F
0359:  BTFSC  03.2
035A:  GOTO   35F
035B:  MOVLW  FF
035C:  MOVWF  31
035D:  CALL   2D8
035E:  GOTO   358
035F:  MOVF   2D,W
0360:  MOVWF  31
0361:  CALL   2D8
0362:  INCF   2F,F
0363:  GOTO   338
....................    } 
0364:  RETURN
.................... } 
....................  
.................... void mover_servo_90(int8 grados){ 
*
0800:  CLRF   7A
0801:  MOVF   2A,W
0802:  MOVWF  79
0803:  RLF    79,F
0804:  RLF    7A,F
0805:  RLF    79,F
0806:  RLF    7A,F
0807:  MOVLW  FC
0808:  ANDWF  79,F
0809:  MOVF   79,W
080A:  MOVWF  30
080B:  MOVF   7A,W
080C:  MOVWF  31
080D:  BCF    0A.3
080E:  CALL   15B
080F:  BSF    0A.3
0810:  BCF    03.1
0811:  MOVLW  96
0812:  MOVWF  33
0813:  MOVLW  43
0814:  MOVWF  32
0815:  MOVLW  0B
0816:  MOVWF  31
0817:  MOVLW  7E
0818:  MOVWF  30
0819:  MOVF   7A,W
081A:  MOVWF  37
081B:  MOVF   79,W
081C:  MOVWF  36
081D:  MOVF   78,W
081E:  MOVWF  35
081F:  MOVF   77,W
0820:  MOVWF  34
0821:  BCF    0A.3
0822:  CALL   178
0823:  BSF    0A.3
0824:  MOVF   7A,W
0825:  MOVWF  33
0826:  MOVF   79,W
0827:  MOVWF  32
0828:  MOVF   78,W
0829:  MOVWF  31
082A:  MOVF   77,W
082B:  MOVWF  30
082C:  BCF    0A.3
082D:  CALL   2B9
082E:  BSF    0A.3
082F:  MOVF   79,W
0830:  MOVWF  2C
0831:  MOVF   78,W
0832:  MOVWF  2B
0833:  MOVF   2C,W
0834:  MOVWF  31
0835:  MOVF   2B,W
0836:  MOVWF  30
0837:  BCF    0A.3
0838:  CALL   15B
0839:  BSF    0A.3
083A:  BSF    03.1
083B:  CLRF   33
083C:  MOVLW  40
083D:  MOVWF  32
083E:  MOVLW  1C
083F:  MOVWF  31
0840:  MOVLW  8D
0841:  MOVWF  30
0842:  MOVF   7A,W
0843:  MOVWF  37
0844:  MOVF   79,W
0845:  MOVWF  36
0846:  MOVF   78,W
0847:  MOVWF  35
0848:  MOVF   77,W
0849:  MOVWF  34
084A:  BCF    0A.3
084B:  CALL   178
084C:  BSF    0A.3
084D:  MOVF   7A,W
084E:  MOVWF  33
084F:  MOVF   79,W
0850:  MOVWF  32
0851:  MOVF   78,W
0852:  MOVWF  31
0853:  MOVF   77,W
0854:  MOVWF  30
0855:  BCF    0A.3
0856:  CALL   2B9
0857:  BSF    0A.3
0858:  MOVF   79,W
0859:  MOVWF  2E
085A:  MOVF   78,W
085B:  MOVWF  2D
....................  
....................    int16 t_alto = (float)0.544 + grados * (1,856 / 180); // Se calcula el tiempo en alto 
....................    int16 t_bajo = 20000.0 - t_alto; // Se calcula el tiempo en bajo 
....................  
....................    for(int8 i = 0; i < 10; i++) // Se ejecuta el pulso 10 veces 
085C:  CLRF   2F
085D:  MOVF   2F,W
085E:  SUBLW  09
085F:  BTFSS  03.0
0860:  GOTO   091
....................    { 
....................      output_high(PWM_SERVO); 
0861:  BCF    24.0
0862:  MOVF   24,W
0863:  BSF    03.5
0864:  MOVWF  07
0865:  BCF    03.5
0866:  BSF    07.0
....................      delay_us(t_alto); 
0867:  MOVF   2C,W
0868:  MOVWF  30
0869:  INCF   30,F
086A:  DECF   30,F
086B:  BTFSC  03.2
086C:  GOTO   073
086D:  MOVLW  FF
086E:  MOVWF  31
086F:  BCF    0A.3
0870:  CALL   2D8
0871:  BSF    0A.3
0872:  GOTO   06A
0873:  MOVF   2B,W
0874:  MOVWF  31
0875:  BCF    0A.3
0876:  CALL   2D8
0877:  BSF    0A.3
....................      output_low(PWM_SERVO); 
0878:  BCF    24.0
0879:  MOVF   24,W
087A:  BSF    03.5
087B:  MOVWF  07
087C:  BCF    03.5
087D:  BCF    07.0
....................      delay_us(t_bajo); 
087E:  MOVF   2E,W
087F:  MOVWF  30
0880:  INCF   30,F
0881:  DECF   30,F
0882:  BTFSC  03.2
0883:  GOTO   08A
0884:  MOVLW  FF
0885:  MOVWF  31
0886:  BCF    0A.3
0887:  CALL   2D8
0888:  BSF    0A.3
0889:  GOTO   081
088A:  MOVF   2D,W
088B:  MOVWF  31
088C:  BCF    0A.3
088D:  CALL   2D8
088E:  BSF    0A.3
088F:  INCF   2F,F
0890:  GOTO   05D
....................    } 
0891:  BSF    0A.3
0892:  BCF    0A.4
0893:  GOTO   27D (RETURN)
.................... } 
....................  
.................... void mover_servo_180(int8 grados){ 
0894:  CLRF   7A
0895:  MOVF   2A,W
0896:  MOVWF  79
0897:  RLF    79,F
0898:  RLF    7A,F
0899:  RLF    79,F
089A:  RLF    7A,F
089B:  MOVLW  FC
089C:  ANDWF  79,F
089D:  MOVF   79,W
089E:  MOVWF  30
089F:  MOVF   7A,W
08A0:  MOVWF  31
08A1:  BCF    0A.3
08A2:  CALL   15B
08A3:  BSF    0A.3
08A4:  BCF    03.1
08A5:  MOVLW  96
08A6:  MOVWF  33
08A7:  MOVLW  43
08A8:  MOVWF  32
08A9:  MOVLW  0B
08AA:  MOVWF  31
08AB:  MOVLW  7E
08AC:  MOVWF  30
08AD:  MOVF   7A,W
08AE:  MOVWF  37
08AF:  MOVF   79,W
08B0:  MOVWF  36
08B1:  MOVF   78,W
08B2:  MOVWF  35
08B3:  MOVF   77,W
08B4:  MOVWF  34
08B5:  BCF    0A.3
08B6:  CALL   178
08B7:  BSF    0A.3
08B8:  MOVF   7A,W
08B9:  MOVWF  33
08BA:  MOVF   79,W
08BB:  MOVWF  32
08BC:  MOVF   78,W
08BD:  MOVWF  31
08BE:  MOVF   77,W
08BF:  MOVWF  30
08C0:  BCF    0A.3
08C1:  CALL   2B9
08C2:  BSF    0A.3
08C3:  MOVF   79,W
08C4:  MOVWF  2C
08C5:  MOVF   78,W
08C6:  MOVWF  2B
08C7:  MOVF   2C,W
08C8:  MOVWF  31
08C9:  MOVF   2B,W
08CA:  MOVWF  30
08CB:  BCF    0A.3
08CC:  CALL   15B
08CD:  BSF    0A.3
08CE:  BSF    03.1
08CF:  CLRF   33
08D0:  MOVLW  40
08D1:  MOVWF  32
08D2:  MOVLW  1C
08D3:  MOVWF  31
08D4:  MOVLW  8D
08D5:  MOVWF  30
08D6:  MOVF   7A,W
08D7:  MOVWF  37
08D8:  MOVF   79,W
08D9:  MOVWF  36
08DA:  MOVF   78,W
08DB:  MOVWF  35
08DC:  MOVF   77,W
08DD:  MOVWF  34
08DE:  BCF    0A.3
08DF:  CALL   178
08E0:  BSF    0A.3
08E1:  MOVF   7A,W
08E2:  MOVWF  33
08E3:  MOVF   79,W
08E4:  MOVWF  32
08E5:  MOVF   78,W
08E6:  MOVWF  31
08E7:  MOVF   77,W
08E8:  MOVWF  30
08E9:  BCF    0A.3
08EA:  CALL   2B9
08EB:  BSF    0A.3
08EC:  MOVF   79,W
08ED:  MOVWF  2E
08EE:  MOVF   78,W
08EF:  MOVWF  2D
....................     
....................    int16 t_alto = (float)0.544 + grados * (1,856 / 180); // Se calcula el tiempo en alto 
....................    int16 t_bajo = 20000.0 - t_alto; // Se calcula el tiempo en bajo 
....................  
....................    for(int8 i = 0; i < 10; i++) // Se ejecuta el pulso 10 veces 
08F0:  CLRF   2F
08F1:  MOVF   2F,W
08F2:  SUBLW  09
08F3:  BTFSS  03.0
08F4:  GOTO   125
....................    { 
....................      output_high(PWM_SERVO); 
08F5:  BCF    24.0
08F6:  MOVF   24,W
08F7:  BSF    03.5
08F8:  MOVWF  07
08F9:  BCF    03.5
08FA:  BSF    07.0
....................      delay_us(t_alto); 
08FB:  MOVF   2C,W
08FC:  MOVWF  30
08FD:  INCF   30,F
08FE:  DECF   30,F
08FF:  BTFSC  03.2
0900:  GOTO   107
0901:  MOVLW  FF
0902:  MOVWF  31
0903:  BCF    0A.3
0904:  CALL   2D8
0905:  BSF    0A.3
0906:  GOTO   0FE
0907:  MOVF   2B,W
0908:  MOVWF  31
0909:  BCF    0A.3
090A:  CALL   2D8
090B:  BSF    0A.3
....................      output_low(PWM_SERVO); 
090C:  BCF    24.0
090D:  MOVF   24,W
090E:  BSF    03.5
090F:  MOVWF  07
0910:  BCF    03.5
0911:  BCF    07.0
....................      delay_us(t_bajo); 
0912:  MOVF   2E,W
0913:  MOVWF  30
0914:  INCF   30,F
0915:  DECF   30,F
0916:  BTFSC  03.2
0917:  GOTO   11E
0918:  MOVLW  FF
0919:  MOVWF  31
091A:  BCF    0A.3
091B:  CALL   2D8
091C:  BSF    0A.3
091D:  GOTO   115
091E:  MOVF   2D,W
091F:  MOVWF  31
0920:  BCF    0A.3
0921:  CALL   2D8
0922:  BSF    0A.3
0923:  INCF   2F,F
0924:  GOTO   0F1
....................    } 
0925:  BSF    0A.3
0926:  BCF    0A.4
0927:  GOTO   2B3 (RETURN)
.................... } 
....................  
.................... void mover_servo_181(){ 
0928:  MOVLW  0A
0929:  MOVWF  2A
092A:  MOVLW  4C
092B:  MOVWF  29
092C:  MOVF   2A,W
092D:  MOVWF  31
092E:  MOVF   29,W
092F:  MOVWF  30
0930:  BCF    0A.3
0931:  CALL   15B
0932:  BSF    0A.3
0933:  BSF    03.1
0934:  CLRF   33
0935:  MOVLW  40
0936:  MOVWF  32
0937:  MOVLW  1C
0938:  MOVWF  31
0939:  MOVLW  8D
093A:  MOVWF  30
093B:  MOVF   7A,W
093C:  MOVWF  37
093D:  MOVF   79,W
093E:  MOVWF  36
093F:  MOVF   78,W
0940:  MOVWF  35
0941:  MOVF   77,W
0942:  MOVWF  34
0943:  BCF    0A.3
0944:  CALL   178
0945:  BSF    0A.3
0946:  MOVF   7A,W
0947:  MOVWF  33
0948:  MOVF   79,W
0949:  MOVWF  32
094A:  MOVF   78,W
094B:  MOVWF  31
094C:  MOVF   77,W
094D:  MOVWF  30
094E:  BCF    0A.3
094F:  CALL   2B9
0950:  BSF    0A.3
0951:  MOVF   79,W
0952:  MOVWF  2C
0953:  MOVF   78,W
0954:  MOVWF  2B
....................     
....................    int16 t_alto = (float)177 * 11.024 + 685; // Se calcula el tiempo en alto 
....................    int16 t_bajo = 20000.0 - t_alto; // Se calcula el tiempo en bajo 
....................  
....................    for(int8 i = 0; i < 10; i++) // Se ejecuta el pulso 10 veces 
0955:  CLRF   2D
0956:  MOVF   2D,W
0957:  SUBLW  09
0958:  BTFSS  03.0
0959:  GOTO   18A
....................    { 
....................      output_high(PWM_SERVO); 
095A:  BCF    24.0
095B:  MOVF   24,W
095C:  BSF    03.5
095D:  MOVWF  07
095E:  BCF    03.5
095F:  BSF    07.0
....................      delay_us(t_alto); 
0960:  MOVF   2A,W
0961:  MOVWF  2E
0962:  INCF   2E,F
0963:  DECF   2E,F
0964:  BTFSC  03.2
0965:  GOTO   16C
0966:  MOVLW  FF
0967:  MOVWF  31
0968:  BCF    0A.3
0969:  CALL   2D8
096A:  BSF    0A.3
096B:  GOTO   163
096C:  MOVF   29,W
096D:  MOVWF  31
096E:  BCF    0A.3
096F:  CALL   2D8
0970:  BSF    0A.3
....................      output_low(PWM_SERVO); 
0971:  BCF    24.0
0972:  MOVF   24,W
0973:  BSF    03.5
0974:  MOVWF  07
0975:  BCF    03.5
0976:  BCF    07.0
....................      delay_us(t_bajo); 
0977:  MOVF   2C,W
0978:  MOVWF  2E
0979:  INCF   2E,F
097A:  DECF   2E,F
097B:  BTFSC  03.2
097C:  GOTO   183
097D:  MOVLW  FF
097E:  MOVWF  31
097F:  BCF    0A.3
0980:  CALL   2D8
0981:  BSF    0A.3
0982:  GOTO   17A
0983:  MOVF   2B,W
0984:  MOVWF  31
0985:  BCF    0A.3
0986:  CALL   2D8
0987:  BSF    0A.3
0988:  INCF   2D,F
0989:  GOTO   156
....................    } 
098A:  BSF    0A.3
098B:  BCF    0A.4
098C:  GOTO   2C7 (RETURN)
.................... } 
....................  
.................... void main() 
098D:  MOVF   03,W
098E:  ANDLW  1F
098F:  MOVWF  03
0990:  MOVLW  FF
0991:  MOVWF  24
0992:  BSF    03.5
0993:  BSF    1F.0
0994:  BSF    1F.1
0995:  BSF    1F.2
0996:  BCF    1F.3
0997:  MOVLW  07
0998:  MOVWF  1C
0999:  BCF    03.7
.................... { 
....................    // Inicializar pines 
....................    lcd_init(); 
*
099F:  BCF    0A.3
09A0:  GOTO   112
09A1:  BSF    0A.3
....................    kbd_init(); 
09A2:  BCF    0A.3
09A3:  GOTO   158
09A4:  BSF    0A.3
....................    output_low(PWM_SERVO); 
09A5:  BCF    24.0
09A6:  MOVF   24,W
09A7:  BSF    03.5
09A8:  MOVWF  07
09A9:  BCF    03.5
09AA:  BCF    07.0
....................    port_b_pullups(TRUE); 
09AB:  BSF    03.5
09AC:  BCF    01.7
....................    float grados = 0; 
09AD:  BCF    03.5
09AE:  CLRF   28
09AF:  CLRF   27
09B0:  CLRF   26
09B1:  CLRF   25
....................    mover_servo(0); 
09B2:  CLRF   2A
09B3:  BCF    0A.3
09B4:  CALL   2E7
09B5:  BSF    0A.3
....................    while (TRUE){ 
....................       printf(lcd_putc,"\fPosicion:%f", grados); 
09B6:  MOVLW  1B
09B7:  BSF    03.6
09B8:  MOVWF  0D
09B9:  MOVLW  00
09BA:  MOVWF  0F
09BB:  BCF    03.0
09BC:  MOVLW  0A
09BD:  BCF    03.6
09BE:  MOVWF  29
09BF:  BCF    0A.3
09C0:  CALL   3A3
09C1:  BSF    0A.3
09C2:  MOVLW  89
09C3:  MOVWF  04
09C4:  MOVF   28,W
09C5:  MOVWF  2C
09C6:  MOVF   27,W
09C7:  MOVWF  2B
09C8:  MOVF   26,W
09C9:  MOVWF  2A
09CA:  MOVF   25,W
09CB:  MOVWF  29
09CC:  MOVLW  02
09CD:  MOVWF  2D
09CE:  BCF    0A.3
09CF:  CALL   449
09D0:  BSF    0A.3
....................       printf(lcd_putc,"\nGrado(0-180):"); 
09D1:  MOVLW  22
09D2:  BSF    03.6
09D3:  MOVWF  0D
09D4:  MOVLW  00
09D5:  MOVWF  0F
09D6:  BCF    0A.3
09D7:  BCF    03.6
09D8:  CALL   59C
09D9:  BSF    0A.3
....................       grados = get_num_lcd(14,2); 
09DA:  MOVLW  0E
09DB:  MOVWF  29
09DC:  MOVLW  02
09DD:  MOVWF  2A
09DE:  BCF    0A.3
09DF:  GOTO   68D
09E0:  BSF    0A.3
09E1:  MOVF   79,W
09E2:  MOVWF  31
09E3:  MOVF   78,W
09E4:  MOVWF  30
09E5:  BCF    0A.3
09E6:  CALL   15B
09E7:  BSF    0A.3
09E8:  MOVF   7A,W
09E9:  MOVWF  28
09EA:  MOVF   79,W
09EB:  MOVWF  27
09EC:  MOVF   78,W
09ED:  MOVWF  26
09EE:  MOVF   77,W
09EF:  MOVWF  25
....................       if(grados < 0 || grados > 180){ 
09F0:  MOVF   28,W
09F1:  MOVWF  2C
09F2:  MOVF   27,W
09F3:  MOVWF  2B
09F4:  MOVF   26,W
09F5:  MOVWF  2A
09F6:  MOVF   25,W
09F7:  MOVWF  29
09F8:  CLRF   30
09F9:  CLRF   2F
09FA:  CLRF   2E
09FB:  CLRF   2D
09FC:  BCF    0A.3
09FD:  CALL   765
09FE:  BSF    0A.3
09FF:  BTFSC  03.0
0A00:  GOTO   214
0A01:  CLRF   2C
0A02:  CLRF   2B
0A03:  MOVLW  34
0A04:  MOVWF  2A
0A05:  MOVLW  86
0A06:  MOVWF  29
0A07:  MOVF   28,W
0A08:  MOVWF  30
0A09:  MOVF   27,W
0A0A:  MOVWF  2F
0A0B:  MOVF   26,W
0A0C:  MOVWF  2E
0A0D:  MOVF   25,W
0A0E:  MOVWF  2D
0A0F:  BCF    0A.3
0A10:  CALL   765
0A11:  BSF    0A.3
0A12:  BTFSS  03.0
0A13:  GOTO   227
....................          printf(lcd_putc,"\f*ERROR* \nNumero no valido"); 
0A14:  MOVLW  2A
0A15:  BSF    03.6
0A16:  MOVWF  0D
0A17:  MOVLW  00
0A18:  MOVWF  0F
0A19:  BCF    0A.3
0A1A:  BCF    03.6
0A1B:  CALL   59C
0A1C:  BSF    0A.3
....................          delay_ms(1000); 
0A1D:  MOVLW  04
0A1E:  MOVWF  29
0A1F:  MOVLW  FA
0A20:  MOVWF  39
0A21:  BCF    0A.3
0A22:  CALL   03F
0A23:  BSF    0A.3
0A24:  DECFSZ 29,F
0A25:  GOTO   21F
....................       } 
0A26:  GOTO   2C7
....................       else if(grados==0){ 
0A27:  MOVF   28,W
0A28:  MOVWF  2C
0A29:  MOVF   27,W
0A2A:  MOVWF  2B
0A2B:  MOVF   26,W
0A2C:  MOVWF  2A
0A2D:  MOVF   25,W
0A2E:  MOVWF  29
0A2F:  CLRF   30
0A30:  CLRF   2F
0A31:  CLRF   2E
0A32:  CLRF   2D
0A33:  BCF    0A.3
0A34:  CALL   765
0A35:  BSF    0A.3
0A36:  BTFSS  03.2
0A37:  GOTO   24A
....................          mover_servo(grados); 
0A38:  MOVF   28,W
0A39:  MOVWF  33
0A3A:  MOVF   27,W
0A3B:  MOVWF  32
0A3C:  MOVF   26,W
0A3D:  MOVWF  31
0A3E:  MOVF   25,W
0A3F:  MOVWF  30
0A40:  BCF    0A.3
0A41:  CALL   2B9
0A42:  BSF    0A.3
0A43:  MOVF   78,W
0A44:  MOVWF  29
0A45:  MOVWF  2A
0A46:  BCF    0A.3
0A47:  CALL   2E7
0A48:  BSF    0A.3
....................       } 
0A49:  GOTO   2C7
....................       else if(grados<91 && grados>0){ 
0A4A:  MOVF   28,W
0A4B:  MOVWF  2C
0A4C:  MOVF   27,W
0A4D:  MOVWF  2B
0A4E:  MOVF   26,W
0A4F:  MOVWF  2A
0A50:  MOVF   25,W
0A51:  MOVWF  29
0A52:  CLRF   30
0A53:  CLRF   2F
0A54:  MOVLW  36
0A55:  MOVWF  2E
0A56:  MOVLW  85
0A57:  MOVWF  2D
0A58:  BCF    0A.3
0A59:  CALL   765
0A5A:  BSF    0A.3
0A5B:  BTFSS  03.0
0A5C:  GOTO   27E
0A5D:  CLRF   2C
0A5E:  CLRF   2B
0A5F:  CLRF   2A
0A60:  CLRF   29
0A61:  MOVF   28,W
0A62:  MOVWF  30
0A63:  MOVF   27,W
0A64:  MOVWF  2F
0A65:  MOVF   26,W
0A66:  MOVWF  2E
0A67:  MOVF   25,W
0A68:  MOVWF  2D
0A69:  BCF    0A.3
0A6A:  CALL   765
0A6B:  BSF    0A.3
0A6C:  BTFSS  03.0
0A6D:  GOTO   27E
....................          mover_servo_90(grados); 
0A6E:  MOVF   28,W
0A6F:  MOVWF  33
0A70:  MOVF   27,W
0A71:  MOVWF  32
0A72:  MOVF   26,W
0A73:  MOVWF  31
0A74:  MOVF   25,W
0A75:  MOVWF  30
0A76:  BCF    0A.3
0A77:  CALL   2B9
0A78:  BSF    0A.3
0A79:  MOVF   78,W
0A7A:  MOVWF  29
0A7B:  MOVWF  2A
0A7C:  GOTO   000
....................       } 
0A7D:  GOTO   2C7
....................       else if(grados>90 && grados<180){ 
0A7E:  CLRF   2C
0A7F:  CLRF   2B
0A80:  MOVLW  34
0A81:  MOVWF  2A
0A82:  MOVLW  85
0A83:  MOVWF  29
0A84:  MOVF   28,W
0A85:  MOVWF  30
0A86:  MOVF   27,W
0A87:  MOVWF  2F
0A88:  MOVF   26,W
0A89:  MOVWF  2E
0A8A:  MOVF   25,W
0A8B:  MOVWF  2D
0A8C:  BCF    0A.3
0A8D:  CALL   765
0A8E:  BSF    0A.3
0A8F:  BTFSS  03.0
0A90:  GOTO   2B4
0A91:  MOVF   28,W
0A92:  MOVWF  2C
0A93:  MOVF   27,W
0A94:  MOVWF  2B
0A95:  MOVF   26,W
0A96:  MOVWF  2A
0A97:  MOVF   25,W
0A98:  MOVWF  29
0A99:  CLRF   30
0A9A:  CLRF   2F
0A9B:  MOVLW  34
0A9C:  MOVWF  2E
0A9D:  MOVLW  86
0A9E:  MOVWF  2D
0A9F:  BCF    0A.3
0AA0:  CALL   765
0AA1:  BSF    0A.3
0AA2:  BTFSS  03.0
0AA3:  GOTO   2B4
....................          mover_servo_180(grados); 
0AA4:  MOVF   28,W
0AA5:  MOVWF  33
0AA6:  MOVF   27,W
0AA7:  MOVWF  32
0AA8:  MOVF   26,W
0AA9:  MOVWF  31
0AAA:  MOVF   25,W
0AAB:  MOVWF  30
0AAC:  BCF    0A.3
0AAD:  CALL   2B9
0AAE:  BSF    0A.3
0AAF:  MOVF   78,W
0AB0:  MOVWF  29
0AB1:  MOVWF  2A
0AB2:  GOTO   094
....................       } 
0AB3:  GOTO   2C7
....................       else if(grados==180){ 
0AB4:  MOVF   28,W
0AB5:  MOVWF  2C
0AB6:  MOVF   27,W
0AB7:  MOVWF  2B
0AB8:  MOVF   26,W
0AB9:  MOVWF  2A
0ABA:  MOVF   25,W
0ABB:  MOVWF  29
0ABC:  CLRF   30
0ABD:  CLRF   2F
0ABE:  MOVLW  34
0ABF:  MOVWF  2E
0AC0:  MOVLW  86
0AC1:  MOVWF  2D
0AC2:  BCF    0A.3
0AC3:  CALL   765
0AC4:  BSF    0A.3
0AC5:  BTFSC  03.2
....................          mover_servo_181(); 
0AC6:  GOTO   128
....................       } 
....................       printf(lcd_putc,"\fPosicion:%f", grados); 
0AC7:  MOVLW  38
0AC8:  BSF    03.6
0AC9:  MOVWF  0D
0ACA:  MOVLW  00
0ACB:  MOVWF  0F
0ACC:  BCF    03.0
0ACD:  MOVLW  0A
0ACE:  BCF    03.6
0ACF:  MOVWF  29
0AD0:  BCF    0A.3
0AD1:  CALL   3A3
0AD2:  BSF    0A.3
0AD3:  MOVLW  89
0AD4:  MOVWF  04
0AD5:  MOVF   28,W
0AD6:  MOVWF  2C
0AD7:  MOVF   27,W
0AD8:  MOVWF  2B
0AD9:  MOVF   26,W
0ADA:  MOVWF  2A
0ADB:  MOVF   25,W
0ADC:  MOVWF  29
0ADD:  MOVLW  02
0ADE:  MOVWF  2D
0ADF:  BCF    0A.3
0AE0:  CALL   449
0AE1:  BSF    0A.3
....................       delay_ms(1000); 
0AE2:  MOVLW  04
0AE3:  MOVWF  29
0AE4:  MOVLW  FA
0AE5:  MOVWF  39
0AE6:  BCF    0A.3
0AE7:  CALL   03F
0AE8:  BSF    0A.3
0AE9:  DECFSZ 29,F
0AEA:  GOTO   2E4
0AEB:  GOTO   1B6
....................    } 
.................... } 
0AEC:  SLEEP

Configuration Fuses:
   Word  1: 3F32   HS NOWDT PUT NOBROWNOUT NOLVP NOCPD NOWRT NODEBUG NOPROTECT
