
ROM used:   2565/8192 (31%)
            2645/8192 (32%) including unused fragments

            1.8 Average locations per line
            12.0 Average locations per statement

RAM used:   42/368 (11%) at main() level
            72/368 (20%) worst case

Stack used: 5 worst case (5 in main + 0 for interrupts)
Stack size: 8

Lines Stmts  %   Files
----- ----- ---  -----
  100    45  21  Bipolar.c
  708     0   0  ..\..\..\..\..\..\Program Files (x86)\PICC\Devices\16F877a.h
  350    67  31  ..\..\..\..\..\..\Program Files (x86)\PICC\Drivers\lcd_d.c
  150    43  20  ..\..\..\..\..\..\Program Files (x86)\PICC\Drivers\kbd4x4_b_fisico.c
   99    58  27  ..\..\..\..\..\..\Program Files (x86)\PICC\Drivers\getNum16.c
----- -----
 1407   213 Total

Page ROM  %  RAM    Vol Diff  Functions:
---- --- --- ---    --- ----  ----------
0     20   1    1             @delay_ms1
0      8   0    0             @const711
 Inline         3    587  6.0  lcd_read_byte
0      6   0    0     59  4.2  lcd_read_nibble
0     15   1    1    172  3.4  lcd_send_nibble
0     61   2    3    317  4.3  lcd_send_byte
0     48   2    2    624  5.8  lcd_init
0     18   1    4    186  5.5  lcd_gotoxy
0     36   1    1    272  4.1  lcd_putc
0     20   1    0             @const736
0      3   0    0      3  0.0  kbd_init
0    105   4    3   5853 10.1  kbd_getc
0      8   0    0             @goto48762
 Inline         7    155  5.0  pow
0     42   2   13             @MUL3232
 Inline         1     90  3.1  read_key
0    216   8   15   1660 12.1  get_num_lcd
0      3   0    0             @const767
0     86   3    4             @PSTRINGC7_728
0     12   0    0             @const781
0      9   0    1     24  1.5  update_stepper
0     11   0    0     80  3.0  step_up
0      9   0    0     70  2.6  step_back
1    597  23   30   1288  9.3  MAIN
0      9   0    0             @const793
0     29   1    2             @ITOF
0     63   2   10             @FLT
0     14   1    0             @const800
0     33   1    4             @SFTOI
0    321  13   16             @ADDFF
0    117   5   13             @MULFF
0    204   8   14             @DIVFF
0     16   1    0             @const814
0     87   3    5             @PSTRINGCN7_728
 Inline         5             @FTOSD
0     79   3   13             @DIV3232
0    224   9   13             @PRINTF_L32D_728FPFPF
0     16   1    0             @const826
0     16   1    0             @const828
 Inline         0             @cinit1

Program metrics:
    Functions               16
    Statements              213
    Comments                251
    Volume (V)              16275
    Difficulty (D)          80.1
    Effort to implement (E) 1304090
    Time to implement (T)   20 hours, 7 minutes
    Est Delivered Bugs (B)  4
    Cyclomatic Complexity   35
    Maintainability (MI)    85

 Segment     Used  Free
-----------  ----  ----
00000-00003     4  0  
00004-007FF  1964  80  
00800-00FFF   597  1451  
01000-017FF     0  2048  
01800-01FFF     0  2048  



