
ROM used:   2777/8192 (34%)
            2847/8192 (35%) including unused fragments

            1.9 Average locations per line
            10.9 Average locations per statement

RAM used:   11/368 (3%) at main() level
            48/368 (13%) worst case

Stack used: 6 worst case (6 in main + 0 for interrupts)
Stack size: 8

Lines Stmts  %   Files
----- ----- ---  -----
  109    53  21  servo_proyecto.c
  671     0   0  ..\..\..\..\Escritorio\PICC\Devices\16F877a.h
  456   100  39  ..\..\..\..\Escritorio\PICC\Drivers\lcd.c
  150    43  17  ..\..\..\..\Escritorio\PICC\Drivers\kbd4x4_b.c
   99    58  23  ..\..\..\..\Escritorio\PICC\Drivers\getNum16.c
----- -----
 1485   254 Total

Page ROM  %  RAM   Vol Diff  Functions:
---- --- --- ---   --- ----  ----------
0     20   1    1             @delay_ms1
0     15   1    1             @delay_us1
 Inline         3   760  4.5  lcd_read_byte
0     49   2    2   262  3.7  lcd_read_nibble
0     48   2    1   399  2.4  lcd_send_nibble
0     94   3    3   415  3.7  lcd_send_byte
0     70   3    6   852  6.2  lcd_init
0     18   1    4   208  6.3  lcd_gotoxy
0     44   2    1   354  4.7  lcd_putc
0     20   1    0             @const658
0      3   0    0     3  0.0  kbd_init
0    105   4    3  5853 10.1  kbd_getc
0      8   0    0             @goto10703
 Inline         6   155  5.0  pow
0     42   2   13             @MUL3232
 Inline         1    90  3.1  read_key
0    216   8    5  1660 12.1  get_num_lcd
0      3   0    0             @const690
0     86   3    4             @PSTRINGC7_645
0     29   1    2             @ITOF
0    117   4   13             @MULFF
0    321  12   16             @ADDFF
0     31   1    4             @SFTOI
0    145   5    9   271  4.8  mover_servo
1    173   6    9   271  4.8  mover_servo_90
1    173   6    9   271  4.8  mover_servo_180
1    101   4    5   258  4.6  mover_servo_181
1    352  13    1   829  6.2  MAIN
0      7   0    0             @const734
0     87   3    5             @PSTRINGCN7_645
 Inline         5             @FTOSD
0     79   3   13             @DIV3232
0    224   8   13             @PRINTF_L32D_645FPFPF
0      8   0    0             @const745
0     63   2   10             @FLT
0     15   1    0             @const749
0      7   0    0             @const750
 Inline         0             @cinit1

Program metrics:
    Functions               17
    Statements              254
    Comments                274
    Volume (V)              19251
    Difficulty (D)          86.6
    Effort to implement (E) 1667776
    Time to implement (T)   25 hours, 44 minutes
    Est Delivered Bugs (B)  5
    Cyclomatic Complexity   38
    Maintainability (MI)    87

 Segment     Used  Free
-----------  ----  ----
00000-00003     4  0  
00004-007FF  1974  70  
00800-00FFF   799  1249  
01000-017FF     0  2048  
01800-01FFF     0  2048  



