CCS PCM C Compiler, Version 5.015, 5967               16-oct.-23 13:29

               Filename:   C:\Users\strop\OneDrive\Documentos\GitHub\Microcontroladores\Servo_1\servo_proyecto.lst

               ROM used:   2777 words (34%)
                           Largest free fragment is 2048
               RAM used:   11 (3%) at main() level
                           48 (13%) worst case
               Stack used: 6 locations
               Stack size: 8

*
0000:  MOVLW  09
0001:  MOVWF  0A
0002:  GOTO   1BF
0003:  NOP
.................... #include <16F877a.h> 
.................... //////////// Standard Header file for the PIC16F877A device //////////////// 
.................... /////////////////////////////////////////////////////////////////////////// 
.................... ////        (C) Copyright 1996, 2013 Custom Computer Services          //// 
.................... //// This source code may only be used by licensed users of the CCS C  //// 
.................... //// compiler.  This source code may only be distributed to other      //// 
.................... //// licensed users of the CCS C compiler.  No other use, reproduction //// 
.................... //// or distribution is permitted without written permission.          //// 
.................... //// Derivative programs created using this software in object code    //// 
.................... //// form are not restricted in any way.                               //// 
.................... /////////////////////////////////////////////////////////////////////////// 
.................... #device PIC16F877A 
0004:  BCF    0A.0
0005:  BCF    0A.1
0006:  BCF    0A.2
0007:  ADDWF  02,F
0008:  RETLW  37
0009:  RETLW  38
000A:  RETLW  39
000B:  RETLW  2F
000C:  RETLW  34
000D:  RETLW  35
000E:  RETLW  36
000F:  RETLW  2A
0010:  RETLW  31
0011:  RETLW  32
0012:  RETLW  33
0013:  RETLW  2D
0014:  RETLW  43
0015:  RETLW  30
0016:  RETLW  3D
0017:  RETLW  2B
0018:  DATA 20,10
0019:  DATA 20,10
001A:  DATA 20,00
001B:  DATA 0C,28
001C:  DATA EF,39
001D:  DATA E9,31
001E:  DATA E9,37
001F:  DATA 6E,1D
0020:  DATA 25,33
0021:  DATA 00,00
0022:  DATA 8A,23
0023:  DATA F2,30
0024:  DATA E4,37
0025:  DATA 28,18
0026:  DATA AD,18
0027:  DATA 38,18
0028:  DATA 29,1D
0029:  DATA 00,00
002A:  DATA 0C,15
002B:  DATA AA,22
002C:  DATA 52,29
002D:  DATA 4F,29
002E:  DATA 2A,15
002F:  DATA 20,05
0030:  DATA CE,3A
0031:  DATA ED,32
0032:  DATA F2,37
0033:  DATA 20,37
0034:  DATA 6F,10
0035:  DATA F6,30
0036:  DATA EC,34
0037:  DATA E4,37
0038:  DATA 00,01
0039:  DATA 0C,28
003A:  DATA EF,39
003B:  DATA E9,31
003C:  DATA E9,37
003D:  DATA 6E,1D
003E:  DATA 25,33
003F:  DATA 00,00
*
015C:  MOVLW  8E
015D:  MOVWF  77
015E:  MOVF   31,W
015F:  MOVWF  78
0160:  MOVF   30,W
0161:  MOVWF  79
0162:  CLRF   7A
0163:  MOVF   78,F
0164:  BTFSS  03.2
0165:  GOTO   170
0166:  MOVF   79,W
0167:  MOVWF  78
0168:  CLRF   79
0169:  MOVLW  08
016A:  SUBWF  77,F
016B:  MOVF   78,F
016C:  BTFSS  03.2
016D:  GOTO   170
016E:  CLRF   77
016F:  GOTO   178
0170:  BCF    03.0
0171:  BTFSC  78.7
0172:  GOTO   177
0173:  RLF    79,F
0174:  RLF    78,F
0175:  DECF   77,F
0176:  GOTO   170
0177:  BCF    78.7
0178:  RETURN
0179:  MOVF   36,W
017A:  BTFSC  03.2
017B:  GOTO   1E9
017C:  MOVWF  3E
017D:  MOVF   3A,W
017E:  BTFSC  03.2
017F:  GOTO   1E9
0180:  ADDWF  3E,F
0181:  BTFSC  03.0
0182:  GOTO   18A
0183:  MOVLW  7F
0184:  SUBWF  3E,F
0185:  BTFSS  03.0
0186:  GOTO   1E9
0187:  BTFSC  03.2
0188:  GOTO   1E9
0189:  GOTO   18E
018A:  MOVLW  81
018B:  ADDWF  3E,F
018C:  BTFSC  03.0
018D:  GOTO   1E9
018E:  MOVF   3E,W
018F:  MOVWF  77
0190:  CLRF   78
0191:  CLRF   79
0192:  CLRF   7A
0193:  MOVF   37,W
0194:  MOVWF  42
0195:  BSF    42.7
0196:  MOVF   38,W
0197:  MOVWF  41
0198:  MOVF   39,W
0199:  MOVWF  40
019A:  MOVLW  18
019B:  MOVWF  3E
019C:  CLRF   3F
019D:  BTFSS  40.0
019E:  GOTO   1B7
019F:  MOVF   3D,W
01A0:  ADDWF  7A,F
01A1:  BTFSS  03.0
01A2:  GOTO   1A9
01A3:  INCF   79,F
01A4:  BTFSS  03.2
01A5:  GOTO   1A9
01A6:  INCF   78,F
01A7:  BTFSC  03.2
01A8:  BSF    3F.7
01A9:  MOVF   3C,W
01AA:  ADDWF  79,F
01AB:  BTFSS  03.0
01AC:  GOTO   1B0
01AD:  INCF   78,F
01AE:  BTFSC  03.2
01AF:  BSF    3F.7
01B0:  MOVF   3B,W
01B1:  MOVWF  38
01B2:  BSF    38.7
01B3:  MOVF   38,W
01B4:  ADDWF  78,F
01B5:  BTFSC  03.0
01B6:  BSF    3F.7
01B7:  RLF    3F,F
01B8:  RRF    78,F
01B9:  RRF    79,F
01BA:  RRF    7A,F
01BB:  RRF    42,F
01BC:  RRF    41,F
01BD:  RRF    40,F
01BE:  BCF    03.0
01BF:  DECFSZ 3E,F
01C0:  GOTO   19C
01C1:  MOVLW  01
01C2:  ADDWF  77,F
01C3:  BTFSC  03.0
01C4:  GOTO   1E9
01C5:  BTFSC  78.7
01C6:  GOTO   1CE
01C7:  RLF    42,F
01C8:  RLF    7A,F
01C9:  RLF    79,F
01CA:  RLF    78,F
01CB:  DECF   77,F
01CC:  BTFSC  03.2
01CD:  GOTO   1E9
01CE:  BTFSS  42.7
01CF:  GOTO   1DF
01D0:  INCF   7A,F
01D1:  BTFSS  03.2
01D2:  GOTO   1DF
01D3:  INCF   79,F
01D4:  BTFSS  03.2
01D5:  GOTO   1DF
01D6:  INCF   78,F
01D7:  BTFSS  03.2
01D8:  GOTO   1DF
01D9:  RRF    78,F
01DA:  RRF    79,F
01DB:  RRF    7A,F
01DC:  INCF   77,F
01DD:  BTFSC  03.2
01DE:  GOTO   1E9
01DF:  MOVF   37,W
01E0:  MOVWF  3F
01E1:  MOVF   3B,W
01E2:  XORWF  3F,F
01E3:  BTFSS  3F.7
01E4:  GOTO   1E7
01E5:  BSF    78.7
01E6:  GOTO   1ED
01E7:  BCF    78.7
01E8:  GOTO   1ED
01E9:  CLRF   77
01EA:  CLRF   78
01EB:  CLRF   79
01EC:  CLRF   7A
01ED:  RETURN
01EE:  MOVLW  80
01EF:  BTFSC  03.1
01F0:  XORWF  39,F
01F1:  CLRF   3E
01F2:  CLRF   3F
01F3:  MOVF   35,W
01F4:  MOVWF  3D
01F5:  MOVF   39,W
01F6:  XORWF  3D,F
01F7:  MOVF   34,W
01F8:  BTFSC  03.2
01F9:  GOTO   2DE
01FA:  MOVWF  3C
01FB:  MOVWF  77
01FC:  MOVF   38,W
01FD:  BTFSC  03.2
01FE:  GOTO   2E7
01FF:  SUBWF  3C,F
0200:  BTFSC  03.2
0201:  GOTO   283
0202:  BTFSS  03.0
0203:  GOTO   241
0204:  MOVF   39,W
0205:  MOVWF  42
0206:  BSF    42.7
0207:  MOVF   3A,W
0208:  MOVWF  41
0209:  MOVF   3B,W
020A:  MOVWF  40
020B:  CLRF   3F
020C:  BCF    03.0
020D:  RRF    42,F
020E:  RRF    41,F
020F:  RRF    40,F
0210:  RRF    3F,F
0211:  DECFSZ 3C,F
0212:  GOTO   20B
0213:  BTFSS  3D.7
0214:  GOTO   218
0215:  BSF    3E.0
0216:  GOTO   2FB
0217:  BCF    3E.0
0218:  BCF    3C.0
0219:  BSF    3E.4
021A:  MOVLW  37
021B:  MOVWF  04
021C:  BCF    03.7
021D:  GOTO   310
021E:  BCF    3E.4
021F:  BTFSC  3D.7
0220:  GOTO   22B
0221:  BTFSS  3C.0
0222:  GOTO   236
0223:  RRF    42,F
0224:  RRF    41,F
0225:  RRF    40,F
0226:  RRF    3F,F
0227:  INCF   77,F
0228:  BTFSC  03.2
0229:  GOTO   2F6
022A:  GOTO   236
022B:  BTFSC  42.7
022C:  GOTO   239
022D:  BCF    03.0
022E:  RLF    3F,F
022F:  RLF    40,F
0230:  RLF    41,F
0231:  RLF    42,F
0232:  DECF   77,F
0233:  BTFSC  03.2
0234:  GOTO   2F6
0235:  GOTO   22B
0236:  BSF    3E.6
0237:  GOTO   2A3
0238:  BCF    3E.6
0239:  MOVF   35,W
023A:  MOVWF  3D
023B:  BTFSS  3D.7
023C:  GOTO   23F
023D:  BSF    42.7
023E:  GOTO   2EF
023F:  BCF    42.7
0240:  GOTO   2EF
0241:  MOVF   38,W
0242:  MOVWF  3C
0243:  MOVWF  77
0244:  MOVF   34,W
0245:  SUBWF  3C,F
0246:  MOVF   35,W
0247:  MOVWF  42
0248:  BSF    42.7
0249:  MOVF   36,W
024A:  MOVWF  41
024B:  MOVF   37,W
024C:  MOVWF  40
024D:  CLRF   3F
024E:  BCF    03.0
024F:  RRF    42,F
0250:  RRF    41,F
0251:  RRF    40,F
0252:  RRF    3F,F
0253:  DECFSZ 3C,F
0254:  GOTO   24D
0255:  BTFSS  3D.7
0256:  GOTO   25A
0257:  BSF    3E.1
0258:  GOTO   2FB
0259:  BCF    3E.1
025A:  BCF    3C.0
025B:  BSF    3E.5
025C:  MOVLW  3B
025D:  MOVWF  04
025E:  BCF    03.7
025F:  GOTO   310
0260:  BCF    3E.5
0261:  BTFSC  3D.7
0262:  GOTO   26D
0263:  BTFSS  3C.0
0264:  GOTO   278
0265:  RRF    42,F
0266:  RRF    41,F
0267:  RRF    40,F
0268:  RRF    3F,F
0269:  INCF   77,F
026A:  BTFSC  03.2
026B:  GOTO   2F6
026C:  GOTO   278
026D:  BTFSC  42.7
026E:  GOTO   27B
026F:  BCF    03.0
0270:  RLF    3F,F
0271:  RLF    40,F
0272:  RLF    41,F
0273:  RLF    42,F
0274:  DECF   77,F
0275:  BTFSC  03.2
0276:  GOTO   2F6
0277:  GOTO   26D
0278:  BSF    3E.7
0279:  GOTO   2A3
027A:  BCF    3E.7
027B:  MOVF   39,W
027C:  MOVWF  3D
027D:  BTFSS  3D.7
027E:  GOTO   281
027F:  BSF    42.7
0280:  GOTO   2EF
0281:  BCF    42.7
0282:  GOTO   2EF
0283:  MOVF   39,W
0284:  MOVWF  42
0285:  BSF    42.7
0286:  MOVF   3A,W
0287:  MOVWF  41
0288:  MOVF   3B,W
0289:  MOVWF  40
028A:  BTFSS  3D.7
028B:  GOTO   290
028C:  BCF    42.7
028D:  BSF    3E.2
028E:  GOTO   2FB
028F:  BCF    3E.2
0290:  CLRF   3F
0291:  BCF    3C.0
0292:  MOVLW  37
0293:  MOVWF  04
0294:  BCF    03.7
0295:  GOTO   310
0296:  BTFSC  3D.7
0297:  GOTO   2B9
0298:  MOVF   35,W
0299:  MOVWF  3D
029A:  BTFSS  3C.0
029B:  GOTO   2A3
029C:  RRF    42,F
029D:  RRF    41,F
029E:  RRF    40,F
029F:  RRF    3F,F
02A0:  INCF   77,F
02A1:  BTFSC  03.2
02A2:  GOTO   2F6
02A3:  BTFSS  3F.7
02A4:  GOTO   2B4
02A5:  INCF   40,F
02A6:  BTFSS  03.2
02A7:  GOTO   2B4
02A8:  INCF   41,F
02A9:  BTFSS  03.2
02AA:  GOTO   2B4
02AB:  INCF   42,F
02AC:  BTFSS  03.2
02AD:  GOTO   2B4
02AE:  RRF    42,F
02AF:  RRF    41,F
02B0:  RRF    40,F
02B1:  INCF   77,F
02B2:  BTFSC  03.2
02B3:  GOTO   2F6
02B4:  BTFSC  3E.6
02B5:  GOTO   238
02B6:  BTFSC  3E.7
02B7:  GOTO   27A
02B8:  GOTO   2D8
02B9:  MOVLW  80
02BA:  XORWF  42,F
02BB:  BTFSS  42.7
02BC:  GOTO   2C1
02BD:  GOTO   2FB
02BE:  MOVF   39,W
02BF:  MOVWF  3D
02C0:  GOTO   2CE
02C1:  MOVF   35,W
02C2:  MOVWF  3D
02C3:  MOVF   42,F
02C4:  BTFSS  03.2
02C5:  GOTO   2CE
02C6:  MOVF   41,F
02C7:  BTFSS  03.2
02C8:  GOTO   2CE
02C9:  MOVF   40,F
02CA:  BTFSS  03.2
02CB:  GOTO   2CE
02CC:  CLRF   77
02CD:  GOTO   2EF
02CE:  BTFSC  42.7
02CF:  GOTO   2D8
02D0:  BCF    03.0
02D1:  RLF    3F,F
02D2:  RLF    40,F
02D3:  RLF    41,F
02D4:  RLF    42,F
02D5:  DECFSZ 77,F
02D6:  GOTO   2CE
02D7:  GOTO   2F6
02D8:  BTFSS  3D.7
02D9:  GOTO   2DC
02DA:  BSF    42.7
02DB:  GOTO   2EF
02DC:  BCF    42.7
02DD:  GOTO   2EF
02DE:  MOVF   38,W
02DF:  MOVWF  77
02E0:  MOVF   39,W
02E1:  MOVWF  42
02E2:  MOVF   3A,W
02E3:  MOVWF  41
02E4:  MOVF   3B,W
02E5:  MOVWF  40
02E6:  GOTO   2EF
02E7:  MOVF   34,W
02E8:  MOVWF  77
02E9:  MOVF   35,W
02EA:  MOVWF  42
02EB:  MOVF   36,W
02EC:  MOVWF  41
02ED:  MOVF   37,W
02EE:  MOVWF  40
02EF:  MOVF   42,W
02F0:  MOVWF  78
02F1:  MOVF   41,W
02F2:  MOVWF  79
02F3:  MOVF   40,W
02F4:  MOVWF  7A
02F5:  GOTO   32E
02F6:  CLRF   77
02F7:  CLRF   78
02F8:  CLRF   79
02F9:  CLRF   7A
02FA:  GOTO   32E
02FB:  CLRF   3F
02FC:  COMF   40,F
02FD:  COMF   41,F
02FE:  COMF   42,F
02FF:  COMF   3F,F
0300:  INCF   3F,F
0301:  BTFSS  03.2
0302:  GOTO   309
0303:  INCF   40,F
0304:  BTFSS  03.2
0305:  GOTO   309
0306:  INCF   41,F
0307:  BTFSC  03.2
0308:  INCF   42,F
0309:  BTFSC  3E.0
030A:  GOTO   217
030B:  BTFSC  3E.1
030C:  GOTO   259
030D:  BTFSC  3E.2
030E:  GOTO   28F
030F:  GOTO   2BE
0310:  MOVF   00,W
0311:  ADDWF  40,F
0312:  BTFSS  03.0
0313:  GOTO   31A
0314:  INCF   41,F
0315:  BTFSS  03.2
0316:  GOTO   31A
0317:  INCF   42,F
0318:  BTFSC  03.2
0319:  BSF    3C.0
031A:  DECF   04,F
031B:  MOVF   00,W
031C:  ADDWF  41,F
031D:  BTFSS  03.0
031E:  GOTO   322
031F:  INCF   42,F
0320:  BTFSC  03.2
0321:  BSF    3C.0
0322:  DECF   04,F
0323:  MOVF   00,W
0324:  BTFSS  00.7
0325:  XORLW  80
0326:  ADDWF  42,F
0327:  BTFSC  03.0
0328:  BSF    3C.0
0329:  BTFSC  3E.4
032A:  GOTO   21E
032B:  BTFSC  3E.5
032C:  GOTO   260
032D:  GOTO   296
032E:  RETURN
032F:  MOVLW  8E
0330:  MOVWF  77
0331:  MOVF   30,W
0332:  SUBWF  77,F
0333:  MOVF   31,W
0334:  MOVWF  79
0335:  MOVF   32,W
0336:  MOVWF  78
0337:  BSF    79.7
0338:  MOVF   77,F
0339:  BTFSC  03.2
033A:  GOTO   346
033B:  BCF    03.0
033C:  MOVF   79,F
033D:  BTFSS  03.2
033E:  GOTO   342
033F:  MOVF   78,F
0340:  BTFSC  03.2
0341:  GOTO   346
0342:  RRF    79,F
0343:  RRF    78,F
0344:  DECFSZ 77,F
0345:  GOTO   33B
0346:  BTFSS  31.7
0347:  GOTO   34D
0348:  COMF   78,F
0349:  COMF   79,F
034A:  INCF   78,F
034B:  BTFSC  03.2
034C:  INCF   79,F
034D:  RETURN
*
042C:  MOVF   0B,W
042D:  MOVWF  2A
042E:  BCF    0B.7
042F:  BSF    03.5
0430:  BSF    03.6
0431:  BSF    0C.7
0432:  BSF    0C.0
0433:  NOP
0434:  NOP
0435:  BCF    03.5
0436:  BCF    03.6
0437:  BTFSC  2A.7
0438:  BSF    0B.7
0439:  BTFSC  03.0
043A:  GOTO   463
043B:  BSF    03.6
043C:  MOVF   0C,W
043D:  ANDLW  7F
043E:  BCF    03.6
043F:  MOVWF  2A
0440:  BSF    03.6
0441:  MOVF   0D,W
0442:  BCF    03.6
0443:  MOVWF  2B
0444:  BSF    03.6
0445:  MOVF   0F,W
0446:  BCF    03.6
0447:  MOVWF  2C
0448:  MOVF   2A,W
0449:  MOVWF  38
044A:  CALL   400
044B:  MOVF   2B,W
044C:  BSF    03.6
044D:  MOVWF  0D
044E:  BCF    03.6
044F:  MOVF   2C,W
0450:  BSF    03.6
0451:  MOVWF  0F
0452:  BCF    03.6
0453:  MOVF   0B,W
0454:  MOVWF  2D
0455:  BCF    0B.7
0456:  BSF    03.5
0457:  BSF    03.6
0458:  BSF    0C.7
0459:  BSF    0C.0
045A:  NOP
045B:  NOP
045C:  BCF    03.5
045D:  BCF    03.6
045E:  BTFSC  2D.7
045F:  BSF    0B.7
0460:  DECFSZ 29,F
0461:  GOTO   463
0462:  GOTO   482
0463:  BSF    03.6
0464:  RLF    0C,W
0465:  RLF    0E,W
0466:  ANDLW  7F
0467:  BCF    03.6
0468:  MOVWF  2A
0469:  BSF    03.6
046A:  MOVF   0D,W
046B:  BCF    03.6
046C:  MOVWF  2B
046D:  BSF    03.6
046E:  MOVF   0F,W
046F:  BCF    03.6
0470:  MOVWF  2C
0471:  MOVF   2A,W
0472:  MOVWF  38
0473:  CALL   400
0474:  MOVF   2B,W
0475:  BSF    03.6
0476:  MOVWF  0D
0477:  BCF    03.6
0478:  MOVF   2C,W
0479:  BSF    03.6
047A:  MOVWF  0F
047B:  INCF   0D,F
047C:  BTFSC  03.2
047D:  INCF   0F,F
047E:  BCF    03.0
047F:  BCF    03.6
0480:  DECFSZ 29,F
0481:  GOTO   42C
0482:  RETURN
0483:  BTFSC  03.1
0484:  GOTO   488
0485:  MOVLW  3E
0486:  MOVWF  04
0487:  BCF    03.7
0488:  CLRF   77
0489:  CLRF   78
048A:  CLRF   79
048B:  CLRF   7A
048C:  CLRF   3E
048D:  CLRF   3F
048E:  CLRF   40
048F:  CLRF   41
0490:  MOVF   3D,W
0491:  IORWF  3C,W
0492:  IORWF  3B,W
0493:  IORWF  3A,W
0494:  BTFSC  03.2
0495:  GOTO   4C6
0496:  MOVLW  20
0497:  MOVWF  42
0498:  BCF    03.0
0499:  RLF    36,F
049A:  RLF    37,F
049B:  RLF    38,F
049C:  RLF    39,F
049D:  RLF    3E,F
049E:  RLF    3F,F
049F:  RLF    40,F
04A0:  RLF    41,F
04A1:  MOVF   3D,W
04A2:  SUBWF  41,W
04A3:  BTFSS  03.2
04A4:  GOTO   4AF
04A5:  MOVF   3C,W
04A6:  SUBWF  40,W
04A7:  BTFSS  03.2
04A8:  GOTO   4AF
04A9:  MOVF   3B,W
04AA:  SUBWF  3F,W
04AB:  BTFSS  03.2
04AC:  GOTO   4AF
04AD:  MOVF   3A,W
04AE:  SUBWF  3E,W
04AF:  BTFSS  03.0
04B0:  GOTO   4C0
04B1:  MOVF   3A,W
04B2:  SUBWF  3E,F
04B3:  MOVF   3B,W
04B4:  BTFSS  03.0
04B5:  INCFSZ 3B,W
04B6:  SUBWF  3F,F
04B7:  MOVF   3C,W
04B8:  BTFSS  03.0
04B9:  INCFSZ 3C,W
04BA:  SUBWF  40,F
04BB:  MOVF   3D,W
04BC:  BTFSS  03.0
04BD:  INCFSZ 3D,W
04BE:  SUBWF  41,F
04BF:  BSF    03.0
04C0:  RLF    77,F
04C1:  RLF    78,F
04C2:  RLF    79,F
04C3:  RLF    7A,F
04C4:  DECFSZ 42,F
04C5:  GOTO   498
04C6:  MOVF   3E,W
04C7:  MOVWF  00
04C8:  INCF   04,F
04C9:  MOVF   3F,W
04CA:  MOVWF  00
04CB:  INCF   04,F
04CC:  MOVF   40,W
04CD:  MOVWF  00
04CE:  INCF   04,F
04CF:  MOVF   41,W
04D0:  MOVWF  00
04D1:  RETURN
04D2:  MOVF   04,W
04D3:  MOVWF  2E
04D4:  MOVF   2D,W
04D5:  MOVWF  30
04D6:  BTFSC  03.2
04D7:  GOTO   4F1
04D8:  MOVF   2C,W
04D9:  MOVWF  39
04DA:  MOVF   2B,W
04DB:  MOVWF  38
04DC:  MOVF   2A,W
04DD:  MOVWF  37
04DE:  MOVF   29,W
04DF:  MOVWF  36
04E0:  CLRF   3D
04E1:  CLRF   3C
04E2:  MOVLW  20
04E3:  MOVWF  3B
04E4:  MOVLW  82
04E5:  MOVWF  3A
04E6:  CALL   179
04E7:  MOVF   7A,W
04E8:  MOVWF  2C
04E9:  MOVF   79,W
04EA:  MOVWF  2B
04EB:  MOVF   78,W
04EC:  MOVWF  2A
04ED:  MOVF   77,W
04EE:  MOVWF  29
04EF:  DECFSZ 30,F
04F0:  GOTO   4D8
04F1:  MOVF   2C,W
04F2:  MOVWF  39
04F3:  MOVF   2B,W
04F4:  MOVWF  38
04F5:  MOVF   2A,W
04F6:  MOVWF  37
04F7:  MOVF   29,W
04F8:  MOVWF  36
04F9:  MOVF   36,W
04FA:  SUBLW  B6
04FB:  MOVWF  36
04FC:  CLRF   7A
04FD:  MOVF   37,W
04FE:  MOVWF  3A
04FF:  BSF    37.7
0500:  BCF    03.0
0501:  RRF    37,F
0502:  RRF    38,F
0503:  RRF    39,F
0504:  RRF    7A,F
0505:  RRF    79,F
0506:  RRF    78,F
0507:  RRF    77,F
0508:  DECFSZ 36,F
0509:  GOTO   500
050A:  BTFSS  3A.7
050B:  GOTO   517
050C:  COMF   77,F
050D:  COMF   78,F
050E:  COMF   79,F
050F:  COMF   7A,F
0510:  INCF   77,F
0511:  BTFSC  03.2
0512:  INCF   78,F
0513:  BTFSC  03.2
0514:  INCF   79,F
0515:  BTFSC  03.2
0516:  INCF   7A,F
0517:  MOVF   7A,W
0518:  MOVWF  2C
0519:  MOVF   79,W
051A:  MOVWF  2B
051B:  MOVF   78,W
051C:  MOVWF  2A
051D:  MOVF   77,W
051E:  MOVWF  29
051F:  BTFSS  2C.7
0520:  GOTO   52E
0521:  DECF   2E,F
0522:  BSF    2E.5
0523:  COMF   29,F
0524:  COMF   2A,F
0525:  COMF   2B,F
0526:  COMF   2C,F
0527:  INCF   29,F
0528:  BTFSC  03.2
0529:  INCF   2A,F
052A:  BTFSC  03.2
052B:  INCF   2B,F
052C:  BTFSC  03.2
052D:  INCF   2C,F
052E:  MOVLW  3B
052F:  MOVWF  35
0530:  MOVLW  9A
0531:  MOVWF  34
0532:  MOVLW  CA
0533:  MOVWF  33
0534:  CLRF   32
0535:  MOVLW  0A
0536:  MOVWF  30
0537:  MOVF   2D,W
0538:  BTFSC  03.2
0539:  INCF   2E,F
053A:  BSF    03.1
053B:  MOVLW  29
053C:  MOVWF  04
053D:  BCF    03.7
053E:  MOVF   2C,W
053F:  MOVWF  39
0540:  MOVF   2B,W
0541:  MOVWF  38
0542:  MOVF   2A,W
0543:  MOVWF  37
0544:  MOVF   29,W
0545:  MOVWF  36
0546:  MOVF   35,W
0547:  MOVWF  3D
0548:  MOVF   34,W
0549:  MOVWF  3C
054A:  MOVF   33,W
054B:  MOVWF  3B
054C:  MOVF   32,W
054D:  MOVWF  3A
054E:  CALL   483
054F:  MOVF   78,W
0550:  MOVF   77,F
0551:  BTFSS  03.2
0552:  GOTO   566
0553:  INCF   2D,W
0554:  SUBWF  30,W
0555:  BTFSC  03.2
0556:  GOTO   566
0557:  MOVF   2E,W
0558:  BTFSC  03.2
0559:  GOTO   568
055A:  ANDLW  0F
055B:  SUBWF  30,W
055C:  BTFSC  03.2
055D:  GOTO   560
055E:  BTFSC  03.0
055F:  GOTO   598
0560:  BTFSC  2E.7
0561:  GOTO   598
0562:  BTFSC  2E.6
0563:  GOTO   568
0564:  MOVLW  20
0565:  GOTO   594
0566:  MOVLW  20
0567:  ANDWF  2E,F
0568:  BTFSS  2E.5
0569:  GOTO   576
056A:  BCF    2E.5
056B:  MOVF   2D,W
056C:  BTFSS  03.2
056D:  DECF   2E,F
056E:  MOVF   77,W
056F:  MOVWF  2E
0570:  MOVLW  2D
0571:  MOVWF  38
0572:  CALL   400
0573:  MOVF   2E,W
0574:  MOVWF  77
0575:  CLRF   2E
0576:  MOVF   2D,W
0577:  SUBWF  30,W
0578:  BTFSS  03.2
0579:  GOTO   584
057A:  MOVF   77,W
057B:  MOVWF  2E
057C:  MOVLW  2E
057D:  MOVWF  38
057E:  CALL   400
057F:  MOVF   2E,W
0580:  MOVWF  77
0581:  MOVLW  20
0582:  ANDWF  2E,F
0583:  MOVLW  00
0584:  MOVLW  30
0585:  BTFSS  2E.5
0586:  GOTO   594
0587:  BCF    2E.5
0588:  MOVF   2D,W
0589:  BTFSS  03.2
058A:  DECF   2E,F
058B:  MOVF   77,W
058C:  MOVWF  2E
058D:  MOVLW  2D
058E:  MOVWF  38
058F:  CALL   400
0590:  MOVF   2E,W
0591:  MOVWF  77
0592:  CLRF   2E
0593:  MOVLW  30
0594:  ADDWF  77,F
0595:  MOVF   77,W
0596:  MOVWF  38
0597:  CALL   400
0598:  BCF    03.1
0599:  MOVF   35,W
059A:  MOVWF  39
059B:  MOVF   34,W
059C:  MOVWF  38
059D:  MOVF   33,W
059E:  MOVWF  37
059F:  MOVF   32,W
05A0:  MOVWF  36
05A1:  CLRF   3D
05A2:  CLRF   3C
05A3:  CLRF   3B
05A4:  MOVLW  0A
05A5:  MOVWF  3A
05A6:  CALL   483
05A7:  MOVF   7A,W
05A8:  MOVWF  35
05A9:  MOVF   79,W
05AA:  MOVWF  34
05AB:  MOVF   78,W
05AC:  MOVWF  33
05AD:  MOVF   77,W
05AE:  MOVWF  32
05AF:  DECFSZ 30,F
05B0:  GOTO   53A
05B1:  RETURN
05B2:  MOVF   0B,W
05B3:  MOVWF  35
05B4:  BCF    0B.7
05B5:  BSF    03.5
05B6:  BSF    03.6
05B7:  BSF    0C.7
05B8:  BSF    0C.0
05B9:  NOP
05BA:  NOP
05BB:  BCF    03.5
05BC:  BCF    03.6
05BD:  BTFSC  35.7
05BE:  BSF    0B.7
05BF:  BSF    03.6
05C0:  MOVF   0C,W
05C1:  ANDLW  7F
05C2:  BTFSC  03.2
05C3:  GOTO   606
05C4:  BCF    03.6
05C5:  MOVWF  35
05C6:  BSF    03.6
05C7:  MOVF   0D,W
05C8:  BCF    03.6
05C9:  MOVWF  36
05CA:  BSF    03.6
05CB:  MOVF   0F,W
05CC:  BCF    03.6
05CD:  MOVWF  37
05CE:  MOVF   35,W
05CF:  MOVWF  38
05D0:  CALL   400
05D1:  MOVF   36,W
05D2:  BSF    03.6
05D3:  MOVWF  0D
05D4:  BCF    03.6
05D5:  MOVF   37,W
05D6:  BSF    03.6
05D7:  MOVWF  0F
05D8:  BCF    03.6
05D9:  MOVF   0B,W
05DA:  MOVWF  38
05DB:  BCF    0B.7
05DC:  BSF    03.5
05DD:  BSF    03.6
05DE:  BSF    0C.7
05DF:  BSF    0C.0
05E0:  NOP
05E1:  NOP
05E2:  BCF    03.5
05E3:  BCF    03.6
05E4:  BTFSC  38.7
05E5:  BSF    0B.7
05E6:  BSF    03.6
05E7:  RLF    0C,W
05E8:  RLF    0E,W
05E9:  ANDLW  7F
05EA:  BTFSC  03.2
05EB:  GOTO   606
05EC:  BCF    03.6
05ED:  MOVWF  35
05EE:  BSF    03.6
05EF:  MOVF   0D,W
05F0:  BCF    03.6
05F1:  MOVWF  36
05F2:  BSF    03.6
05F3:  MOVF   0F,W
05F4:  BCF    03.6
05F5:  MOVWF  37
05F6:  MOVF   35,W
05F7:  MOVWF  38
05F8:  CALL   400
05F9:  MOVF   36,W
05FA:  BSF    03.6
05FB:  MOVWF  0D
05FC:  BCF    03.6
05FD:  MOVF   37,W
05FE:  BSF    03.6
05FF:  MOVWF  0F
0600:  INCF   0D,F
0601:  BTFSC  03.2
0602:  INCF   0F,F
0603:  BCF    03.6
0604:  GOTO   5B2
0605:  BSF    03.6
0606:  BCF    03.6
0607:  RETURN
*
0671:  BCF    0A.0
0672:  BSF    0A.1
0673:  BSF    0A.2
0674:  ADDWF  02,F
0675:  GOTO   614
0676:  GOTO   61A
0677:  GOTO   620
0678:  GOTO   626
0679:  MOVLW  20
067A:  MOVWF  4A
067B:  CLRF   46
067C:  CLRF   47
067D:  CLRF   48
067E:  CLRF   49
067F:  MOVF   41,W
0680:  MOVWF  7A
0681:  MOVF   40,W
0682:  MOVWF  79
0683:  MOVF   3F,W
0684:  MOVWF  78
0685:  MOVF   3E,W
0686:  MOVWF  77
0687:  BCF    03.0
0688:  BTFSS  77.0
0689:  GOTO   698
068A:  MOVF   42,W
068B:  ADDWF  46,F
068C:  MOVF   43,W
068D:  BTFSC  03.0
068E:  INCFSZ 43,W
068F:  ADDWF  47,F
0690:  MOVF   44,W
0691:  BTFSC  03.0
0692:  INCFSZ 44,W
0693:  ADDWF  48,F
0694:  MOVF   45,W
0695:  BTFSC  03.0
0696:  INCFSZ 45,W
0697:  ADDWF  49,F
0698:  RRF    49,F
0699:  RRF    48,F
069A:  RRF    47,F
069B:  RRF    46,F
069C:  RRF    7A,F
069D:  RRF    79,F
069E:  RRF    78,F
069F:  RRF    77,F
06A0:  DECFSZ 4A,F
06A1:  GOTO   687
06A2:  RETURN
*
077B:  MOVF   2A,W
077C:  MOVWF  31
077D:  MOVF   2E,W
077E:  XORWF  31,F
077F:  BTFSS  31.7
0780:  GOTO   786
0781:  BCF    03.2
0782:  BCF    03.0
0783:  BTFSC  2A.7
0784:  BSF    03.0
0785:  GOTO   7B9
0786:  MOVF   2A,W
0787:  MOVWF  31
0788:  MOVF   2D,W
0789:  MOVWF  32
078A:  MOVF   29,W
078B:  SUBWF  32,F
078C:  BTFSC  03.2
078D:  GOTO   794
078E:  BTFSS  31.7
078F:  GOTO   7B9
0790:  MOVF   03,W
0791:  XORLW  01
0792:  MOVWF  03
0793:  GOTO   7B9
0794:  MOVF   2E,W
0795:  MOVWF  32
0796:  MOVF   2A,W
0797:  SUBWF  32,F
0798:  BTFSC  03.2
0799:  GOTO   7A0
079A:  BTFSS  31.7
079B:  GOTO   7B9
079C:  MOVF   03,W
079D:  XORLW  01
079E:  MOVWF  03
079F:  GOTO   7B9
07A0:  MOVF   2F,W
07A1:  MOVWF  32
07A2:  MOVF   2B,W
07A3:  SUBWF  32,F
07A4:  BTFSC  03.2
07A5:  GOTO   7AC
07A6:  BTFSS  31.7
07A7:  GOTO   7B9
07A8:  MOVF   03,W
07A9:  XORLW  01
07AA:  MOVWF  03
07AB:  GOTO   7B9
07AC:  MOVF   30,W
07AD:  MOVWF  32
07AE:  MOVF   2C,W
07AF:  SUBWF  32,F
07B0:  BTFSC  03.2
07B1:  GOTO   7B8
07B2:  BTFSS  31.7
07B3:  GOTO   7B9
07B4:  MOVF   03,W
07B5:  XORLW  01
07B6:  MOVWF  03
07B7:  GOTO   7B9
07B8:  BCF    03.0
07B9:  RETURN
....................  
.................... #list 
....................  
.................... #device ADC = 10 
.................... #use delay(crystal = 20000000) 
*
0040:  MOVLW  39
0041:  MOVWF  04
0042:  BCF    03.7
0043:  MOVF   00,W
0044:  BTFSC  03.2
0045:  GOTO   053
0046:  MOVLW  06
0047:  MOVWF  78
0048:  CLRF   77
0049:  DECFSZ 77,F
004A:  GOTO   049
004B:  DECFSZ 78,F
004C:  GOTO   048
004D:  MOVLW  7B
004E:  MOVWF  77
004F:  DECFSZ 77,F
0050:  GOTO   04F
0051:  DECFSZ 00,F
0052:  GOTO   046
0053:  RETURN
*
034E:  MOVLW  03
034F:  SUBWF  31,F
0350:  BTFSS  03.0
0351:  GOTO   35C
0352:  MOVLW  31
0353:  MOVWF  04
0354:  BCF    03.7
0355:  MOVF   00,W
0356:  BTFSC  03.2
0357:  GOTO   35C
0358:  GOTO   35A
0359:  GOTO   35A
035A:  DECFSZ 00,F
035B:  GOTO   359
035C:  RETURN
.................... #FUSES NOWDT, NOBROWNOUT, NOLVP, HS 
.................... #define LCD_ENABLE_PIN  PIN_A3                                    //// 
.................... #define LCD_RS_PIN      PIN_A5                                    //// 
.................... #define LCD_RW_PIN      PIN_A4                                    //// 
.................... #define LCD_DATA4       PIN_D4                                    //// 
.................... #define LCD_DATA5       PIN_D5                                    //// 
.................... #define LCD_DATA6       PIN_D6                                    //// 
.................... #define LCD_DATA7       PIN_D7  
.................... #include <lcd.c> 
.................... /////////////////////////////////////////////////////////////////////////////// 
.................... ////                             LCD.C                                     //// 
.................... ////                 Driver for common LCD modules                         //// 
.................... ////                                                                       //// 
.................... ////  lcd_init()   Must be called before any other function.               //// 
.................... ////                                                                       //// 
.................... ////  lcd_putc(c)  Will display c on the next position of the LCD.         //// 
.................... ////                 \a  Set cursor position to upper left                 //// 
.................... ////                 \f  Clear display, set cursor to upper left           //// 
.................... ////                 \n  Go to start of second line                        //// 
.................... ////                 \b  Move back one position                            //// 
.................... ////              If LCD_EXTENDED_NEWLINE is defined, the \n character     //// 
.................... ////              will erase all remanining characters on the current      //// 
.................... ////              line, and move the cursor to the beginning of the next   //// 
.................... ////              line.                                                    //// 
.................... ////              If LCD_EXTENDED_NEWLINE is defined, the \r character     //// 
.................... ////              will move the cursor to the start of the current         //// 
.................... ////              line.                                                    //// 
.................... ////                                                                       //// 
.................... ////  lcd_gotoxy(x,y) Set write position on LCD (upper left is 1,1)        //// 
.................... ////                                                                       //// 
.................... ////  lcd_getc(x,y)   Returns character at position x,y on LCD             //// 
.................... ////                                                                       //// 
.................... ////  lcd_cursor_on(int1 on)   Turn the cursor on (on=TRUE) or off         //// 
.................... ////              (on=FALSE).                                              //// 
.................... ////                                                                       //// 
.................... ////  lcd_set_cgram_char(w, *p)   Write a custom character to the CGRAM.   //// 
.................... ////                                                                       //// 
.................... ////                                                                       //// 
.................... ////  CONFIGURATION                                                        //// 
.................... ////  The LCD can be configured in one of two ways: a.) port access or     //// 
.................... ////  b.) pin access.  Port access requires the entire 7 bit interface     //// 
.................... ////  connected to one GPIO port, and the data bits (D4:D7 of the LCD)     //// 
.................... ////  connected to sequential pins on the GPIO.  Pin access                //// 
.................... ////  has no requirements, all 7 bits of the control interface can         //// 
.................... ////  can be connected to any GPIO using several ports.                    //// 
.................... ////                                                                       //// 
.................... ////  To use port access, #define LCD_DATA_PORT to the SFR location of     //// 
.................... ////  of the GPIO port that holds the interface, -AND- edit LCD_PIN_MAP    //// 
.................... ////  of this file to configure the pin order.  If you are using a         //// 
.................... ////  baseline PIC (PCB), then LCD_OUTPUT_MAP and LCD_INPUT_MAP also must  //// 
.................... ////  be defined.                                                          //// 
.................... ////                                                                       //// 
.................... ////  Example of port access:                                              //// 
.................... ////     #define LCD_DATA_PORT getenv("SFR:PORTD")                         //// 
.................... ////                                                                       //// 
.................... ////  To use pin access, the following pins must be defined:               //// 
.................... ////     LCD_ENABLE_PIN                                                    //// 
.................... ////     LCD_RS_PIN                                                        //// 
.................... ////     LCD_RW_PIN                                                        //// 
.................... ////     LCD_DATA4                                                         //// 
.................... ////     LCD_DATA5                                                         //// 
.................... ////     LCD_DATA6                                                         //// 
.................... ////     LCD_DATA7                                                         //// 
.................... ////                                                                       //// 
.................... ////  Example of pin access:                                               //// 
.................... ////     #define LCD_ENABLE_PIN  PIN_E0                                    //// 
.................... ////     #define LCD_RS_PIN      PIN_E1                                    //// 
.................... ////     #define LCD_RW_PIN      PIN_E2                                    //// 
.................... ////     #define LCD_DATA4       PIN_D4                                    //// 
.................... ////     #define LCD_DATA5       PIN_D5                                    //// 
.................... ////     #define LCD_DATA6       PIN_D6                                    //// 
.................... ////     #define LCD_DATA7       PIN_D7                                    //// 
.................... ////                                                                       //// 
.................... /////////////////////////////////////////////////////////////////////////////// 
.................... ////        (C) Copyright 1996,2010 Custom Computer Services           //// 
.................... //// This source code may only be used by licensed users of the CCS C  //// 
.................... //// compiler.  This source code may only be distributed to other      //// 
.................... //// licensed users of the CCS C compiler.  No other use, reproduction //// 
.................... //// or distribution is permitted without written permission.          //// 
.................... //// Derivative programs created using this software in object code    //// 
.................... //// form are not restricted in any way.                               //// 
.................... /////////////////////////////////////////////////////////////////////////// 
....................  
.................... #ifndef __LCD_C__ 
.................... #define __LCD_C__ 
....................  
.................... // define the pinout. 
.................... // only required if port access is being used. 
.................... typedef struct   
.................... {                            // This structure is overlayed 
....................    int1 enable;           // on to an I/O port to gain 
....................    int1 rs;               // access to the LCD pins. 
....................    int1 rw;               // The bits are allocated from 
....................    int1 unused;           // low order up.  ENABLE will 
....................    unsigned int     data : 4;         // be LSB pin of that port. 
....................   #if defined(__PCD__)       // The port used will be LCD_DATA_PORT. 
....................    unsigned int    reserved: 8; 
....................   #endif 
.................... } LCD_PIN_MAP; 
....................  
.................... // this is to improve compatability with previous LCD drivers that accepted 
.................... // a define labeled 'use_portb_lcd' that configured the LCD onto port B. 
.................... #if ((defined(use_portb_lcd)) && (use_portb_lcd==TRUE)) 
....................  #define LCD_DATA_PORT getenv("SFR:PORTB") 
.................... #endif 
....................  
.................... #if defined(__PCB__) 
....................    // these definitions only need to be modified for baseline PICs. 
....................    // all other PICs use LCD_PIN_MAP or individual LCD_xxx pin definitions. 
.................... /*                                    EN, RS,   RW,   UNUSED,  DATA  */ 
....................  const LCD_PIN_MAP LCD_OUTPUT_MAP =  {0,  0,    0,    0,       0}; 
....................  const LCD_PIN_MAP LCD_INPUT_MAP =   {0,  0,    0,    0,       0xF}; 
.................... #endif 
....................  
.................... ////////////////////// END CONFIGURATION /////////////////////////////////// 
....................  
.................... #ifndef LCD_ENABLE_PIN 
....................    #define lcd_output_enable(x) lcdlat.enable=x 
....................    #define lcd_enable_tris()   lcdtris.enable=0 
.................... #else 
....................    #define lcd_output_enable(x) output_bit(LCD_ENABLE_PIN, x) 
....................    #define lcd_enable_tris()  output_drive(LCD_ENABLE_PIN) 
.................... #endif 
....................  
.................... #ifndef LCD_RS_PIN 
....................    #define lcd_output_rs(x) lcdlat.rs=x 
....................    #define lcd_rs_tris()   lcdtris.rs=0 
.................... #else 
....................    #define lcd_output_rs(x) output_bit(LCD_RS_PIN, x) 
....................    #define lcd_rs_tris()  output_drive(LCD_RS_PIN) 
.................... #endif 
....................  
.................... #ifndef LCD_RW_PIN 
....................    #define lcd_output_rw(x) lcdlat.rw=x 
....................    #define lcd_rw_tris()   lcdtris.rw=0 
.................... #else 
....................    #define lcd_output_rw(x) output_bit(LCD_RW_PIN, x) 
....................    #define lcd_rw_tris()  output_drive(LCD_RW_PIN) 
.................... #endif 
....................  
.................... // original version of this library incorrectly labeled LCD_DATA0 as LCD_DATA4, 
.................... // LCD_DATA1 as LCD_DATA5, and so on.  this block of code makes the driver 
.................... // compatible with any code written for the original library 
.................... #if (defined(LCD_DATA0) && defined(LCD_DATA1) && defined(LCD_DATA2) && defined(LCD_DATA3) && !defined(LCD_DATA4) && !defined(LCD_DATA5) && !defined(LCD_DATA6) && !defined(LCD_DATA7)) 
....................    #define  LCD_DATA4    LCD_DATA0 
....................    #define  LCD_DATA5    LCD_DATA1 
....................    #define  LCD_DATA6    LCD_DATA2 
....................    #define  LCD_DATA7    LCD_DATA3 
.................... #endif 
....................  
.................... #ifndef LCD_DATA4 
.................... #ifndef LCD_DATA_PORT 
....................    #if defined(__PCB__) 
....................       #define LCD_DATA_PORT      0x06     //portb 
....................       #define set_tris_lcd(x)   set_tris_b(x) 
....................    #else 
....................      #if defined(PIN_D0) 
....................       #define LCD_DATA_PORT      getenv("SFR:PORTD")     //portd 
....................      #else 
....................       #define LCD_DATA_PORT      getenv("SFR:PORTB")     //portb 
....................      #endif 
....................    #endif    
.................... #endif 
....................  
.................... #if defined(__PCB__) 
....................    LCD_PIN_MAP lcd, lcdlat; 
....................    #byte lcd = LCD_DATA_PORT 
....................    #byte lcdlat = LCD_DATA_PORT 
.................... #elif defined(__PCM__) 
....................    LCD_PIN_MAP lcd, lcdlat, lcdtris; 
....................    #byte lcd = LCD_DATA_PORT 
....................    #byte lcdlat = LCD_DATA_PORT 
....................    #byte lcdtris = LCD_DATA_PORT+0x80 
.................... #elif defined(__PCH__) 
....................    LCD_PIN_MAP lcd, lcdlat, lcdtris; 
....................    #byte lcd = LCD_DATA_PORT 
....................    #byte lcdlat = LCD_DATA_PORT+9 
....................    #byte lcdtris = LCD_DATA_PORT+0x12 
.................... #elif defined(__PCD__) 
....................    LCD_PIN_MAP lcd, lcdlat, lcdtris; 
....................    #word lcd = LCD_DATA_PORT 
....................    #word lcdlat = LCD_DATA_PORT+2 
....................    #word lcdtris = LCD_DATA_PORT-0x02 
.................... #endif 
.................... #endif   //LCD_DATA4 not defined 
....................  
.................... #ifndef LCD_TYPE 
....................    #define LCD_TYPE 2           // 0=5x7, 1=5x10, 2=2 lines 
.................... #endif 
....................  
.................... #ifndef LCD_LINE_TWO 
....................    #define LCD_LINE_TWO 0x40    // LCD RAM address for the second line 
.................... #endif 
....................  
.................... #ifndef LCD_LINE_LENGTH 
....................    #define LCD_LINE_LENGTH 20 
.................... #endif 
....................  
.................... unsigned int8 lcd_read_nibble(void); 
....................  
.................... unsigned int8 lcd_read_byte(void) 
.................... { 
....................    unsigned int8 low,high; 
....................  
....................  #if defined(__PCB__) 
....................    set_tris_lcd(LCD_INPUT_MAP); 
....................  #else 
....................   #if (defined(LCD_DATA4) && defined(LCD_DATA5) && defined(LCD_DATA6) && defined(LCD_DATA7)) 
....................    output_float(LCD_DATA4); 
*
00BD:  BSF    08.4
....................    output_float(LCD_DATA5); 
00BE:  BSF    08.5
....................    output_float(LCD_DATA6); 
00BF:  BSF    08.6
....................    output_float(LCD_DATA7); 
00C0:  BSF    08.7
....................   #else 
....................    lcdtris.data = 0xF; 
....................   #endif 
....................  #endif 
....................          
....................    lcd_output_rw(1); 
00C1:  BCF    03.5
00C2:  BSF    05.4
00C3:  BSF    03.5
00C4:  BCF    05.4
....................    delay_cycles(1); 
00C5:  NOP
....................    lcd_output_enable(1); 
00C6:  BCF    03.5
00C7:  BSF    05.3
00C8:  BSF    03.5
00C9:  BCF    05.3
....................    delay_cycles(1); 
00CA:  NOP
....................    high = lcd_read_nibble(); 
00CB:  BCF    03.5
00CC:  CALL   084
00CD:  MOVF   78,W
00CE:  MOVWF  40
....................        
....................    lcd_output_enable(0); 
00CF:  BCF    05.3
00D0:  BSF    03.5
00D1:  BCF    05.3
....................    delay_cycles(1); 
00D2:  NOP
....................    lcd_output_enable(1); 
00D3:  BCF    03.5
00D4:  BSF    05.3
00D5:  BSF    03.5
00D6:  BCF    05.3
....................    delay_us(1); 
00D7:  GOTO   0D8
00D8:  GOTO   0D9
00D9:  NOP
....................    low = lcd_read_nibble(); 
00DA:  BCF    03.5
00DB:  CALL   084
00DC:  MOVF   78,W
00DD:  MOVWF  3F
....................        
....................    lcd_output_enable(0); 
00DE:  BCF    05.3
00DF:  BSF    03.5
00E0:  BCF    05.3
....................  
....................  #if defined(__PCB__) 
....................    set_tris_lcd(LCD_OUTPUT_MAP); 
....................  #else 
....................   #if (defined(LCD_DATA4) && defined(LCD_DATA5) && defined(LCD_DATA6) && defined(LCD_DATA7)) 
....................    output_drive(LCD_DATA4); 
00E1:  BCF    08.4
....................    output_drive(LCD_DATA5); 
00E2:  BCF    08.5
....................    output_drive(LCD_DATA6); 
00E3:  BCF    08.6
....................    output_drive(LCD_DATA7); 
00E4:  BCF    08.7
....................   #else 
....................    lcdtris.data = 0x0; 
....................   #endif 
....................  #endif 
....................  
....................    return( (high<<4) | low); 
00E5:  BCF    03.5
00E6:  SWAPF  40,W
00E7:  MOVWF  77
00E8:  MOVLW  F0
00E9:  ANDWF  77,F
00EA:  MOVF   77,W
00EB:  IORWF  3F,W
00EC:  MOVWF  78
.................... } 
....................  
.................... unsigned int8 lcd_read_nibble(void) 
.................... { 
....................   #if (defined(LCD_DATA4) && defined(LCD_DATA5) && defined(LCD_DATA6) && defined(LCD_DATA7)) 
*
0084:  CLRF   41
....................    unsigned int8 n = 0x00; 
....................  
....................    /* Read the data port */ 
....................    n |= input(LCD_DATA4); 
0085:  BSF    03.5
0086:  BSF    08.4
0087:  MOVLW  00
0088:  BCF    03.5
0089:  BTFSC  08.4
008A:  MOVLW  01
008B:  IORWF  41,F
....................    n |= input(LCD_DATA5) << 1; 
008C:  BSF    03.5
008D:  BSF    08.5
008E:  MOVLW  00
008F:  BCF    03.5
0090:  BTFSC  08.5
0091:  MOVLW  01
0092:  MOVWF  77
0093:  BCF    03.0
0094:  RLF    77,F
0095:  MOVF   77,W
0096:  IORWF  41,F
....................    n |= input(LCD_DATA6) << 2; 
0097:  BSF    03.5
0098:  BSF    08.6
0099:  MOVLW  00
009A:  BCF    03.5
009B:  BTFSC  08.6
009C:  MOVLW  01
009D:  MOVWF  77
009E:  RLF    77,F
009F:  RLF    77,F
00A0:  MOVLW  FC
00A1:  ANDWF  77,F
00A2:  MOVF   77,W
00A3:  IORWF  41,F
....................    n |= input(LCD_DATA7) << 3; 
00A4:  BSF    03.5
00A5:  BSF    08.7
00A6:  MOVLW  00
00A7:  BCF    03.5
00A8:  BTFSC  08.7
00A9:  MOVLW  01
00AA:  MOVWF  77
00AB:  RLF    77,F
00AC:  RLF    77,F
00AD:  RLF    77,F
00AE:  MOVLW  F8
00AF:  ANDWF  77,F
00B0:  MOVF   77,W
00B1:  IORWF  41,F
....................     
....................    return(n); 
00B2:  MOVF   41,W
00B3:  MOVWF  78
....................   #else 
00B4:  RETURN
....................    return(lcd.data); 
....................   #endif 
.................... } 
....................  
.................... void lcd_send_nibble(unsigned int8 n) 
.................... { 
....................   #if (defined(LCD_DATA4) && defined(LCD_DATA5) && defined(LCD_DATA6) && defined(LCD_DATA7)) 
....................    /* Write to the data port */ 
....................    output_bit(LCD_DATA4, bit_test(n, 0)); 
*
0054:  BTFSC  40.0
0055:  GOTO   058
0056:  BCF    08.4
0057:  GOTO   059
0058:  BSF    08.4
0059:  BSF    03.5
005A:  BCF    08.4
....................    output_bit(LCD_DATA5, bit_test(n, 1)); 
005B:  BCF    03.5
005C:  BTFSC  40.1
005D:  GOTO   060
005E:  BCF    08.5
005F:  GOTO   061
0060:  BSF    08.5
0061:  BSF    03.5
0062:  BCF    08.5
....................    output_bit(LCD_DATA6, bit_test(n, 2)); 
0063:  BCF    03.5
0064:  BTFSC  40.2
0065:  GOTO   068
0066:  BCF    08.6
0067:  GOTO   069
0068:  BSF    08.6
0069:  BSF    03.5
006A:  BCF    08.6
....................    output_bit(LCD_DATA7, bit_test(n, 3)); 
006B:  BCF    03.5
006C:  BTFSC  40.3
006D:  GOTO   070
006E:  BCF    08.7
006F:  GOTO   071
0070:  BSF    08.7
0071:  BSF    03.5
0072:  BCF    08.7
....................   #else       
....................    lcdlat.data = n; 
....................   #endif 
....................        
....................    delay_cycles(1); 
0073:  NOP
....................    lcd_output_enable(1); 
0074:  BCF    03.5
0075:  BSF    05.3
0076:  BSF    03.5
0077:  BCF    05.3
....................    delay_us(2); 
0078:  MOVLW  02
0079:  MOVWF  77
007A:  DECFSZ 77,F
007B:  GOTO   07A
007C:  GOTO   07D
007D:  NOP
....................    lcd_output_enable(0); 
007E:  BCF    03.5
007F:  BCF    05.3
0080:  BSF    03.5
0081:  BCF    05.3
0082:  BCF    03.5
0083:  RETURN
.................... } 
....................  
.................... void lcd_send_byte(unsigned int8 address, unsigned int8 n) 
.................... { 
....................   #if defined(__PCB__) 
....................    set_tris_lcd(LCD_OUTPUT_MAP); 
....................   #else 
....................    lcd_enable_tris(); 
*
00B5:  BSF    03.5
00B6:  BCF    05.3
....................    lcd_rs_tris(); 
00B7:  BCF    05.5
....................    lcd_rw_tris(); 
00B8:  BCF    05.4
....................   #endif 
....................  
....................    lcd_output_rs(0); 
00B9:  BCF    03.5
00BA:  BCF    05.5
00BB:  BSF    03.5
00BC:  BCF    05.5
....................    while ( bit_test(lcd_read_byte(),7) ) ; 
*
00ED:  MOVF   78,W
00EE:  MOVWF  3F
00EF:  BTFSS  3F.7
00F0:  GOTO   0F3
00F1:  BSF    03.5
00F2:  GOTO   0BD
....................    lcd_output_rs(address); 
00F3:  MOVF   3D,F
00F4:  BTFSS  03.2
00F5:  GOTO   0F8
00F6:  BCF    05.5
00F7:  GOTO   0F9
00F8:  BSF    05.5
00F9:  BSF    03.5
00FA:  BCF    05.5
....................    delay_cycles(1); 
00FB:  NOP
....................    lcd_output_rw(0); 
00FC:  BCF    03.5
00FD:  BCF    05.4
00FE:  BSF    03.5
00FF:  BCF    05.4
....................    delay_cycles(1); 
0100:  NOP
....................    lcd_output_enable(0); 
0101:  BCF    03.5
0102:  BCF    05.3
0103:  BSF    03.5
0104:  BCF    05.3
....................    lcd_send_nibble(n >> 4); 
0105:  BCF    03.5
0106:  SWAPF  3E,W
0107:  MOVWF  3F
0108:  MOVLW  0F
0109:  ANDWF  3F,F
010A:  MOVF   3F,W
010B:  MOVWF  40
010C:  CALL   054
....................    lcd_send_nibble(n & 0xf); 
010D:  MOVF   3E,W
010E:  ANDLW  0F
010F:  MOVWF  3F
0110:  MOVWF  40
0111:  CALL   054
0112:  RETURN
.................... } 
....................  
.................... #if defined(LCD_EXTENDED_NEWLINE) 
.................... unsigned int8 g_LcdX, g_LcdY; 
.................... #endif 
....................  
.................... void lcd_init(void)  
.................... { 
....................    unsigned int8 i; 
....................    unsigned int8 LCD_INIT_STRING[4] = {0x20 | (LCD_TYPE << 2), 0xc, 1, 6}; 
0113:  MOVLW  28
0114:  MOVWF  2A
0115:  MOVLW  0C
0116:  MOVWF  2B
0117:  MOVLW  01
0118:  MOVWF  2C
0119:  MOVLW  06
011A:  MOVWF  2D
....................                              // These bytes need to be sent to the LCD 
....................                              // to start it up. 
....................     
....................  
....................    lcd_output_enable(0); 
011B:  BCF    05.3
011C:  BSF    03.5
011D:  BCF    05.3
....................    lcd_output_rs(0); 
011E:  BCF    03.5
011F:  BCF    05.5
0120:  BSF    03.5
0121:  BCF    05.5
....................    lcd_output_rw(0); 
0122:  BCF    03.5
0123:  BCF    05.4
0124:  BSF    03.5
0125:  BCF    05.4
....................  
....................  #if defined(__PCB__) 
....................    set_tris_lcd(LCD_OUTPUT_MAP); 
....................  #else 
....................   #if (defined(LCD_DATA4) && defined(LCD_DATA5) && defined(LCD_DATA6) && defined(LCD_DATA7)) 
....................    output_drive(LCD_DATA4); 
0126:  BCF    08.4
....................    output_drive(LCD_DATA5); 
0127:  BCF    08.5
....................    output_drive(LCD_DATA6); 
0128:  BCF    08.6
....................    output_drive(LCD_DATA7); 
0129:  BCF    08.7
....................   #else 
....................    lcdtris.data = 0x0; 
....................   #endif 
....................    lcd_enable_tris(); 
012A:  BCF    05.3
....................    lcd_rs_tris(); 
012B:  BCF    05.5
....................    lcd_rw_tris(); 
012C:  BCF    05.4
....................  #endif 
....................      
....................    delay_ms(15); 
012D:  MOVLW  0F
012E:  BCF    03.5
012F:  MOVWF  39
0130:  CALL   040
....................    for(i=1;i<=3;++i) 
0131:  MOVLW  01
0132:  MOVWF  29
0133:  MOVF   29,W
0134:  SUBLW  03
0135:  BTFSS  03.0
0136:  GOTO   13F
....................    { 
....................        lcd_send_nibble(3); 
0137:  MOVLW  03
0138:  MOVWF  40
0139:  CALL   054
....................        delay_ms(5); 
013A:  MOVLW  05
013B:  MOVWF  39
013C:  CALL   040
013D:  INCF   29,F
013E:  GOTO   133
....................    } 
....................     
....................    lcd_send_nibble(2); 
013F:  MOVLW  02
0140:  MOVWF  40
0141:  CALL   054
....................    delay_ms(5); 
0142:  MOVLW  05
0143:  MOVWF  39
0144:  CALL   040
....................    for(i=0;i<=3;++i) 
0145:  CLRF   29
0146:  MOVF   29,W
0147:  SUBLW  03
0148:  BTFSS  03.0
0149:  GOTO   156
....................       lcd_send_byte(0,LCD_INIT_STRING[i]); 
014A:  MOVLW  2A
014B:  ADDWF  29,W
014C:  MOVWF  04
014D:  BCF    03.7
014E:  MOVF   00,W
014F:  MOVWF  2E
0150:  CLRF   3D
0151:  MOVF   2E,W
0152:  MOVWF  3E
0153:  CALL   0B5
....................  
....................   #if defined(LCD_EXTENDED_NEWLINE) 
0154:  INCF   29,F
0155:  GOTO   146
0156:  BSF    0A.3
0157:  BCF    0A.4
0158:  GOTO   1D3 (RETURN)
....................    g_LcdX = 0; 
....................    g_LcdY = 0; 
....................   #endif 
.................... } 
....................  
.................... void lcd_gotoxy(unsigned int8 x, unsigned int8 y) 
.................... { 
....................    unsigned int8 address; 
....................     
....................    if(y!=1) 
*
03EE:  DECFSZ 3A,W
03EF:  GOTO   3F1
03F0:  GOTO   3F4
....................       address=LCD_LINE_TWO; 
03F1:  MOVLW  40
03F2:  MOVWF  3B
03F3:  GOTO   3F5
....................    else 
....................       address=0; 
03F4:  CLRF   3B
....................       
....................    address+=x-1; 
03F5:  MOVLW  01
03F6:  SUBWF  39,W
03F7:  ADDWF  3B,F
....................    lcd_send_byte(0,0x80|address); 
03F8:  MOVF   3B,W
03F9:  IORLW  80
03FA:  MOVWF  3C
03FB:  CLRF   3D
03FC:  MOVF   3C,W
03FD:  MOVWF  3E
03FE:  CALL   0B5
....................  
....................   #if defined(LCD_EXTENDED_NEWLINE) 
03FF:  RETURN
....................    g_LcdX = x - 1; 
....................    g_LcdY = y - 1; 
....................   #endif 
.................... } 
....................  
.................... void lcd_putc(char c) 
.................... { 
....................    switch (c) 
0400:  MOVF   38,W
0401:  XORLW  07
0402:  BTFSC  03.2
0403:  GOTO   40E
0404:  XORLW  0B
0405:  BTFSC  03.2
0406:  GOTO   413
0407:  XORLW  06
0408:  BTFSC  03.2
0409:  GOTO   41B
040A:  XORLW  02
040B:  BTFSC  03.2
040C:  GOTO   421
040D:  GOTO   426
....................    { 
....................       case '\a'   :  lcd_gotoxy(1,1);     break; 
040E:  MOVLW  01
040F:  MOVWF  39
0410:  MOVWF  3A
0411:  CALL   3EE
0412:  GOTO   42B
....................  
....................       case '\f'   :  lcd_send_byte(0,1); 
0413:  CLRF   3D
0414:  MOVLW  01
0415:  MOVWF  3E
0416:  CALL   0B5
....................                      delay_ms(2); 
0417:  MOVLW  02
0418:  MOVWF  39
0419:  CALL   040
....................                     #if defined(LCD_EXTENDED_NEWLINE) 
....................                      g_LcdX = 0; 
....................                      g_LcdY = 0; 
....................                     #endif 
....................                      break; 
041A:  GOTO   42B
....................  
....................      #if defined(LCD_EXTENDED_NEWLINE) 
....................       case '\r'   :  lcd_gotoxy(1, g_LcdY+1);   break; 
....................       case '\n'   : 
....................          while (g_LcdX++ < LCD_LINE_LENGTH) 
....................          { 
....................             lcd_send_byte(1, ' '); 
....................          } 
....................          lcd_gotoxy(1, g_LcdY+2); 
....................          break; 
....................      #else 
....................       case '\n'   : lcd_gotoxy(1,2);        break; 
041B:  MOVLW  01
041C:  MOVWF  39
041D:  MOVLW  02
041E:  MOVWF  3A
041F:  CALL   3EE
0420:  GOTO   42B
....................      #endif 
....................       
....................       case '\b'   : lcd_send_byte(0,0x10);  break; 
0421:  CLRF   3D
0422:  MOVLW  10
0423:  MOVWF  3E
0424:  CALL   0B5
0425:  GOTO   42B
....................       
....................      #if defined(LCD_EXTENDED_NEWLINE) 
....................       default     :  
....................          if (g_LcdX < LCD_LINE_LENGTH) 
....................          { 
....................             lcd_send_byte(1, c); 
....................             g_LcdX++; 
....................          } 
....................          break; 
....................      #else 
....................       default     : lcd_send_byte(1,c);     break; 
0426:  MOVLW  01
0427:  MOVWF  3D
0428:  MOVF   38,W
0429:  MOVWF  3E
042A:  CALL   0B5
....................      #endif 
....................    } 
042B:  RETURN
.................... } 
....................   
.................... char lcd_getc(unsigned int8 x, unsigned int8 y) 
.................... { 
....................    char value; 
....................  
....................    lcd_gotoxy(x,y); 
....................    while ( bit_test(lcd_read_byte(),7) ); // wait until busy flag is low 
....................    lcd_output_rs(1); 
....................    value = lcd_read_byte(); 
....................    lcd_output_rs(0); 
....................     
....................    return(value); 
.................... } 
....................  
.................... // write a custom character to the ram 
.................... // which is 0-7 and specifies which character array we are modifying. 
.................... // ptr points to an array of 8 bytes, where each byte is the next row of 
.................... //    pixels.  only bits 0-4 are used.  the last row is the cursor row, and 
.................... //    usually you will want to leave this byte 0x00. 
.................... void lcd_set_cgram_char(unsigned int8 which, unsigned int8 *ptr) 
.................... { 
....................    unsigned int i; 
....................  
....................    which <<= 3; 
....................    which &= 0x38; 
....................  
....................    lcd_send_byte(0, 0x40 | which);  //set cgram address 
....................  
....................    for(i=0; i<8; i++) 
....................    { 
....................       lcd_send_byte(1, *ptr++); 
....................    } 
....................    
....................    #if defined(LCD_EXTENDED_NEWLINE) 
....................     lcd_gotoxy(g_LcdX+1, g_LcdY+1);  //set ddram address 
....................    #endif 
.................... } 
....................  
.................... void lcd_cursor_on(int1 on) 
.................... { 
....................    if (on) 
....................    { 
....................       lcd_send_byte(0,0x0F);           //turn LCD cursor ON 
....................    } 
....................    else 
....................    { 
....................       lcd_send_byte(0,0x0C);           //turn LCD cursor OFF 
....................    } 
.................... } 
....................  
.................... #endif 
....................  
.................... #include <kbd4x4_b.c> 
.................... /////////////////////////////////////////////////////////////////////////// 
.................... ////                             KBD4x4_1.C                                //// 
.................... ////                  Generic keypad scan driver                       //// 
.................... ////                                                                   //// 
.................... ////  kbd_init()   Must be called before any other function.           //// 
.................... ////                                                                   //// 
.................... ////  c = kbd_getc(c)  Will return a key value if pressed or /0 if not //// 
.................... ////                   This function should be called frequently so as //// 
.................... ////                   not to miss a key press.                        //// 
.................... ////                                                                   //// 
.................... /////////////////////////////////////////////////////////////////////////// 
.................... ////        (C) Copyright 1996,2003 Custom Computer Services           //// 
.................... //// This source code may only be used by licensed users of the CCS C  //// 
.................... //// compiler.  This source code may only be distributed to other      //// 
.................... //// licensed users of the CCS C compiler.  No other use, reproduction //// 
.................... //// or distribution is permitted without written permission.          //// 
.................... //// Derivative programs created using this software in object code    //// 
.................... //// form are not restricted in any way.                               //// 
.................... /////////////////////////////////////////////////////////////////////////// 
....................  
.................... ////////////////// The following defines the keypad layout on port D 
....................  
.................... // Un-comment the following define to use port B 
.................... #define use_portb_kbd TRUE 
....................  
.................... // Make sure the port used has pull-up resistors (or the LCD) on 
.................... // the column pins 
....................  
....................  
.................... #if defined(__PCH__) 
.................... #if defined use_portb_kbd 
....................    #byte kbd = 0xF81                   // This puts the entire structure 
.................... #else 
....................    #byte kbd = 0xF83                   // This puts the entire structure 
.................... #endif 
.................... #else 
.................... #if defined use_portb_kbd 
....................    #byte kbd = 6                  // on to port B (at address 6) 
.................... #else 
....................    #byte kbd = 8                 // on to port D (at address 8) 
.................... #endif 
.................... #endif 
....................  
.................... #if defined use_portb_kbd 
....................    #define set_tris_kbd(x) set_tris_b(x) 
.................... #else 
....................    #define set_tris_kbd(x) set_tris_d(x) 
.................... #endif 
....................  
....................  
....................  
.................... //Keypad connection:   (for example column 0 is B2) 
.................... //                Bx: 
....................  
.................... #ifdef blue_keypad  ///////////////////////////////////// For the blue keypad 
.................... #define COL0 (1 << 2) 
.................... #define COL1 (1 << 3) 
.................... #define COL2 (1 << 6) 
....................  
.................... #define ROW0 (1 << 4) 
.................... #define ROW1 (1 << 7) 
.................... #define ROW2 (1 << 1) 
.................... #define ROW3 (1 << 5) 
....................  
.................... #else ////////////////////////////////////////////////// For the black keypad 
.................... #define COL0 (1 << 4) 
.................... #define COL1 (1 << 5) 
.................... #define COL2 (1 << 6) 
.................... #define COL3 (1 << 7) 
....................  
.................... #define ROW0 (1 << 0) 
.................... #define ROW1 (1 << 1) 
.................... #define ROW2 (1 << 2) 
.................... #define ROW3 (1 << 3) 
....................  
.................... #endif 
....................  
.................... #define ALL_ROWS (ROW0|ROW1|ROW2|ROW3) 
.................... #define ALL_PINS (ALL_ROWS|COL0|COL1|COL2|COL3) 
....................  
.................... // Keypad layout: 
.................... char const KEYS[4][4] = {{'7','8','9','/'}, 
....................                          {'4','5','6','*'}, 
....................                          {'1','2','3','-'}, 
....................                          {'C','0','=','+'}}; 
....................  
.................... #define KBD_DEBOUNCE_FACTOR 33    // Set this number to apx n/333 where 
....................                                   // n is the number of times you expect 
....................                                   // to call kbd_getc each second 
....................  
....................  
.................... void kbd_init() { 
*
0159:  BSF    0A.3
015A:  BCF    0A.4
015B:  GOTO   1D6 (RETURN)
.................... } 
....................  
.................... char kbd_getc( ) { 
....................    static BYTE kbd_call_count; 
*
09CC:  BCF    03.5
09CD:  CLRF   20
....................    static int1 kbd_down; 
09CE:  BCF    21.0
....................    static char last_key; 
09CF:  CLRF   22
....................    static BYTE col; 
09D0:  CLRF   23
....................  
....................    BYTE kchar; 
....................    BYTE row; 
....................  
....................    kchar='\0'; 
*
0608:  CLRF   36
....................    if(++kbd_call_count>KBD_DEBOUNCE_FACTOR) { 
0609:  INCF   20,F
060A:  MOVF   20,W
060B:  SUBLW  21
060C:  BTFSC  03.0
060D:  GOTO   668
....................        switch (col) { 
060E:  MOVF   23,W
060F:  ADDLW  FC
0610:  BTFSC  03.0
0611:  GOTO   62B
0612:  ADDLW  04
0613:  GOTO   671
....................          case 0   : set_tris_kbd(ALL_PINS&~COL0); 
0614:  MOVLW  EF
0615:  BSF    03.5
0616:  MOVWF  06
....................                     kbd=~COL0&ALL_PINS; 
0617:  BCF    03.5
0618:  MOVWF  06
....................                     break; 
0619:  GOTO   62B
....................          case 1   : set_tris_kbd(ALL_PINS&~COL1); 
061A:  MOVLW  DF
061B:  BSF    03.5
061C:  MOVWF  06
....................                     kbd=~COL1&ALL_PINS; 
061D:  BCF    03.5
061E:  MOVWF  06
....................                     break; 
061F:  GOTO   62B
....................          case 2   : set_tris_kbd(ALL_PINS&~COL2); 
0620:  MOVLW  BF
0621:  BSF    03.5
0622:  MOVWF  06
....................                     kbd=~COL2&ALL_PINS; 
0623:  BCF    03.5
0624:  MOVWF  06
....................                     break; 
0625:  GOTO   62B
....................          case 3   : set_tris_kbd(ALL_PINS&~COL3); 
0626:  MOVLW  7F
0627:  BSF    03.5
0628:  MOVWF  06
....................                     kbd=~COL3&ALL_PINS; 
0629:  BCF    03.5
062A:  MOVWF  06
....................                     break; 
....................        } 
....................  
....................        if(kbd_down) { 
062B:  BTFSS  21.0
062C:  GOTO   637
....................          if((kbd & (ALL_ROWS))==(ALL_ROWS)) { 
062D:  MOVF   06,W
062E:  ANDLW  0F
062F:  SUBLW  0F
0630:  BTFSS  03.2
0631:  GOTO   636
....................            kbd_down=FALSE; 
0632:  BCF    21.0
....................            kchar=last_key; 
0633:  MOVF   22,W
0634:  MOVWF  36
....................            last_key='\0'; 
0635:  CLRF   22
....................          } 
....................        } else { 
0636:  GOTO   667
....................           if((kbd & (ALL_ROWS))!=(ALL_ROWS)) { 
0637:  MOVF   06,W
0638:  ANDLW  0F
0639:  SUBLW  0F
063A:  BTFSC  03.2
063B:  GOTO   662
....................              if((kbd & ROW0)==0) 
063C:  MOVF   06,W
063D:  ANDLW  01
063E:  BTFSS  03.2
063F:  GOTO   642
....................                row=0; 
0640:  CLRF   37
0641:  GOTO   656
....................              else if((kbd & ROW1)==0) 
0642:  MOVF   06,W
0643:  ANDLW  02
0644:  BTFSS  03.2
0645:  GOTO   649
....................                row=1; 
0646:  MOVLW  01
0647:  MOVWF  37
0648:  GOTO   656
....................              else if((kbd & ROW2)==0) 
0649:  MOVF   06,W
064A:  ANDLW  04
064B:  BTFSS  03.2
064C:  GOTO   650
....................                row=2; 
064D:  MOVLW  02
064E:  MOVWF  37
064F:  GOTO   656
....................              else if((kbd & ROW3)==0) 
0650:  MOVF   06,W
0651:  ANDLW  08
0652:  BTFSS  03.2
0653:  GOTO   656
....................                row=3; 
0654:  MOVLW  03
0655:  MOVWF  37
....................              last_key =KEYS[row][col]; 
0656:  RLF    37,W
0657:  MOVWF  77
0658:  RLF    77,F
0659:  MOVLW  FC
065A:  ANDWF  77,F
065B:  MOVF   77,W
065C:  ADDWF  23,W
065D:  CALL   004
065E:  MOVWF  78
065F:  MOVWF  22
....................              kbd_down = TRUE; 
0660:  BSF    21.0
....................           } else { 
0661:  GOTO   667
....................              ++col; 
0662:  INCF   23,F
....................              if(col==4) 
0663:  MOVF   23,W
0664:  SUBLW  04
0665:  BTFSC  03.2
....................                col=0; 
0666:  CLRF   23
....................           } 
....................        } 
....................       kbd_call_count=0; 
0667:  CLRF   20
....................    } 
....................   set_tris_kbd(ALL_PINS); 
0668:  MOVLW  FF
0669:  BSF    03.5
066A:  MOVWF  06
....................   return(kchar); 
066B:  BCF    03.5
066C:  MOVF   36,W
066D:  MOVWF  78
066E:  BCF    0A.3
066F:  BCF    0A.4
0670:  GOTO   6B1 (RETURN)
.................... } 
....................  
.................... #include <getNum16.c> 
.................... /* 
....................    ** Se requiere haber inicializado el lcd y el teclado **  
....................     
....................    Usar como "int16 numero = get_num();" no puede borrar numeros 
....................     
....................    Al usar como "int16 numero = get_num_lcd(cursor_x,cursor_y)" 
....................    se pueden borrar caracteres con '-' y con 'C' 
....................        
....................    Por Angel Primitivo Vejar Corts 2022 | angel-primi@hotmail.com 
.................... */ 
....................  
.................... unsigned int32 pow(int8 base, int8 power){ 
*
0729:  CLRF   3C
072A:  CLRF   3B
072B:  CLRF   3A
072C:  MOVLW  01
072D:  MOVWF  39
....................    int32 result = 1; 
....................    for(int8 i = 0; i < power; i++){ 
072E:  CLRF   3D
072F:  MOVF   38,W
0730:  SUBWF  3D,W
0731:  BTFSC  03.0
0732:  GOTO   74B
....................       result *= base; 
0733:  MOVF   3C,W
0734:  MOVWF  41
0735:  MOVF   3B,W
0736:  MOVWF  40
0737:  MOVF   3A,W
0738:  MOVWF  3F
0739:  MOVF   39,W
073A:  MOVWF  3E
073B:  CLRF   45
073C:  CLRF   44
073D:  CLRF   43
073E:  MOVF   37,W
073F:  MOVWF  42
0740:  CALL   679
0741:  MOVF   7A,W
0742:  MOVWF  3C
0743:  MOVF   79,W
0744:  MOVWF  3B
0745:  MOVF   78,W
0746:  MOVWF  3A
0747:  MOVF   77,W
0748:  MOVWF  39
0749:  INCF   3D,F
074A:  GOTO   72F
....................    } 
....................    return result; 
074B:  MOVF   39,W
074C:  MOVWF  77
074D:  MOVF   3A,W
074E:  MOVWF  78
074F:  MOVF   3B,W
0750:  MOVWF  79
0751:  MOVF   3C,W
0752:  MOVWF  7A
.................... } 
....................  
.................... char read_key(){ 
....................    char c; 
....................    do{ 
....................       c=kbd_getc(); 
*
06B0:  GOTO   608
06B1:  MOVF   78,W
06B2:  MOVWF  35
....................    } 
....................    while(c=='\0');  
06B3:  MOVF   35,F
06B4:  BTFSC  03.2
06B5:  GOTO   6B0
....................    return(c); 
06B6:  MOVF   35,W
06B7:  MOVWF  78
.................... } 
....................  
.................... int16 get_num_lcd(int8 x, int8 y){ 
....................    lcd_gotoxy(x,y); 
*
06A3:  MOVF   29,W
06A4:  MOVWF  39
06A5:  MOVF   2A,W
06A6:  MOVWF  3A
06A7:  CALL   3EE
....................    int16 numero = 0; 
....................    char cadena[5] = {0,0,0,0,0}; 
*
06AA:  CLRF   2D
06AB:  CLRF   2E
06AC:  CLRF   2F
06AD:  CLRF   30
06AE:  CLRF   31
....................    int8 index = 0; 
....................    char tecla; 
*
06A8:  CLRF   2C
06A9:  CLRF   2B
*
06AF:  CLRF   32
....................    do { 
....................       tecla = read_key(); 
*
06B8:  MOVF   78,W
06B9:  MOVWF  33
....................       if((tecla >= 48) && (tecla <= 57))  
06BA:  MOVF   33,W
06BB:  SUBLW  2F
06BC:  BTFSC  03.0
06BD:  GOTO   6CC
06BE:  MOVF   33,W
06BF:  SUBLW  39
06C0:  BTFSS  03.0
06C1:  GOTO   6CC
....................       { 
....................          cadena[index] = tecla; 
06C2:  MOVLW  2D
06C3:  ADDWF  32,W
06C4:  MOVWF  04
06C5:  BCF    03.7
06C6:  MOVF   33,W
06C7:  MOVWF  00
....................          index++; 
06C8:  INCF   32,F
....................          printf(lcd_putc,"%c",tecla); 
06C9:  MOVF   33,W
06CA:  MOVWF  38
06CB:  CALL   400
....................       } 
....................        
....................       if(tecla == '-' && index > 0){ 
06CC:  MOVF   33,W
06CD:  SUBLW  2D
06CE:  BTFSS  03.2
06CF:  GOTO   6EA
06D0:  MOVF   32,F
06D1:  BTFSC  03.2
06D2:  GOTO   6EA
....................          index--; 
06D3:  DECF   32,F
....................          cadena[index] = 0; 
06D4:  MOVLW  2D
06D5:  ADDWF  32,W
06D6:  MOVWF  04
06D7:  BCF    03.7
06D8:  CLRF   00
....................          lcd_gotoxy(x + index,y); 
06D9:  MOVF   32,W
06DA:  ADDWF  29,W
06DB:  MOVWF  35
06DC:  MOVWF  39
06DD:  MOVF   2A,W
06DE:  MOVWF  3A
06DF:  CALL   3EE
....................          printf(lcd_putc," "); 
06E0:  MOVLW  20
06E1:  MOVWF  38
06E2:  CALL   400
....................          lcd_gotoxy(x + index,y); 
06E3:  MOVF   32,W
06E4:  ADDWF  29,W
06E5:  MOVWF  35
06E6:  MOVWF  39
06E7:  MOVF   2A,W
06E8:  MOVWF  3A
06E9:  CALL   3EE
....................       } 
....................        
....................       if(tecla == 'C' && index > 0){ 
06EA:  MOVF   33,W
06EB:  SUBLW  43
06EC:  BTFSS  03.2
06ED:  GOTO   708
06EE:  MOVF   32,F
06EF:  BTFSC  03.2
06F0:  GOTO   708
....................          index=0; 
06F1:  CLRF   32
....................          cadena[0] = 0; 
06F2:  CLRF   2D
....................          cadena[1] = 0; 
06F3:  CLRF   2E
....................          cadena[2] = 0; 
06F4:  CLRF   2F
....................          cadena[3] = 0; 
06F5:  CLRF   30
....................          cadena[4] = 0; 
06F6:  CLRF   31
....................          lcd_gotoxy(x,y); 
06F7:  MOVF   29,W
06F8:  MOVWF  39
06F9:  MOVF   2A,W
06FA:  MOVWF  3A
06FB:  CALL   3EE
....................          printf(lcd_putc,"     "); 
06FC:  MOVLW  18
06FD:  BSF    03.6
06FE:  MOVWF  0D
06FF:  MOVLW  00
0700:  MOVWF  0F
0701:  BCF    03.6
0702:  CALL   5B2
....................          lcd_gotoxy(x,y); 
0703:  MOVF   29,W
0704:  MOVWF  39
0705:  MOVF   2A,W
0706:  MOVWF  3A
0707:  CALL   3EE
....................       } 
....................        
....................       if(tecla == '=' && index > 0){ 
0708:  MOVF   33,W
0709:  SUBLW  3D
070A:  BTFSS  03.2
070B:  GOTO   70F
070C:  MOVF   32,F
070D:  BTFSS  03.2
....................          break;      
070E:  GOTO   713
....................       } 
....................    }while(index < 5); 
070F:  MOVF   32,W
0710:  SUBLW  04
0711:  BTFSC  03.0
0712:  GOTO   6B0
....................     
....................    for(int8 i = 0; i < index; i++){ 
0713:  CLRF   34
0714:  MOVF   32,W
0715:  SUBWF  34,W
0716:  BTFSC  03.0
0717:  GOTO   774
....................       numero += (cadena[i] - 48) * (pow(10,index - 1 - i)); 
0718:  MOVLW  2D
0719:  ADDWF  34,W
071A:  MOVWF  04
071B:  BCF    03.7
071C:  MOVLW  30
071D:  SUBWF  00,W
071E:  MOVWF  35
071F:  MOVLW  01
0720:  SUBWF  32,W
0721:  MOVWF  78
0722:  MOVF   34,W
0723:  SUBWF  78,W
0724:  MOVWF  36
0725:  MOVLW  0A
0726:  MOVWF  37
0727:  MOVF   36,W
0728:  MOVWF  38
*
0753:  CLRF   37
0754:  MOVF   04,W
0755:  MOVWF  36
0756:  BCF    37.0
0757:  BTFSC  03.7
0758:  BSF    37.0
0759:  CLRF   41
075A:  CLRF   40
075B:  CLRF   3F
075C:  MOVF   35,W
075D:  MOVWF  3E
075E:  MOVF   7A,W
075F:  MOVWF  45
0760:  MOVF   79,W
0761:  MOVWF  44
0762:  MOVF   78,W
0763:  MOVWF  43
0764:  MOVF   77,W
0765:  MOVWF  42
0766:  CALL   679
0767:  MOVF   36,W
0768:  MOVWF  04
0769:  BCF    03.7
076A:  BTFSC  37.0
076B:  BSF    03.7
076C:  MOVF   77,W
076D:  ADDWF  2B,F
076E:  MOVF   78,W
076F:  BTFSC  03.0
0770:  INCFSZ 78,W
0771:  ADDWF  2C,F
0772:  INCF   34,F
0773:  GOTO   714
....................    }   
....................    return numero; 
0774:  MOVF   2B,W
0775:  MOVWF  78
0776:  MOVF   2C,W
0777:  MOVWF  79
0778:  BSF    0A.3
0779:  BCF    0A.4
077A:  GOTO   212 (RETURN)
.................... } 
....................  
.................... int16 get_num() { 
....................    int16 numero = 0; 
....................    char cadena[5] = {0,0,0,0,0}; 
....................    int8 index = 0; 
....................    char tecla; 
....................    do { 
....................       tecla = read_key(); 
....................       if((tecla >= 48) && (tecla <= 57))  
....................       { 
....................          cadena[index] = tecla; 
....................          index++; 
....................          printf(lcd_putc,"%c",tecla); 
....................       } 
....................        
....................       if(tecla == '=' && index > 0){ 
....................          break;      
....................       } 
....................    }while(index < 5); 
....................     
....................    for(int8 i = 0; i < index; i++){ 
....................       numero += (cadena[i] - 48) * (pow(10,index - 1 - i)); 
....................    }   
....................    return numero; 
.................... } 
....................  
....................  
.................... #use STANDARD_IO(E) 
....................  
.................... #define PWM_SERVO PIN_C0  
....................  
.................... void mover_servo(int8 grados){ 
*
035D:  CLRF   31
035E:  MOVF   2A,W
035F:  MOVWF  30
0360:  CALL   15C
0361:  MOVF   7A,W
0362:  MOVWF  33
0363:  MOVF   79,W
0364:  MOVWF  32
0365:  MOVF   78,W
0366:  MOVWF  31
0367:  MOVF   77,W
0368:  MOVWF  30
0369:  MOVF   7A,W
036A:  MOVWF  39
036B:  MOVF   79,W
036C:  MOVWF  38
036D:  MOVF   78,W
036E:  MOVWF  37
036F:  MOVF   77,W
0370:  MOVWF  36
0371:  MOVLW  33
0372:  MOVWF  3D
0373:  MOVWF  3C
0374:  MOVWF  3B
0375:  MOVLW  82
0376:  MOVWF  3A
0377:  CALL   179
0378:  MOVF   7A,W
0379:  MOVWF  33
037A:  MOVF   79,W
037B:  MOVWF  32
037C:  MOVF   78,W
037D:  MOVWF  31
037E:  MOVF   77,W
037F:  MOVWF  30
0380:  BCF    03.1
0381:  MOVF   7A,W
0382:  MOVWF  37
0383:  MOVF   79,W
0384:  MOVWF  36
0385:  MOVF   78,W
0386:  MOVWF  35
0387:  MOVF   77,W
0388:  MOVWF  34
0389:  CLRF   3B
038A:  CLRF   3A
038B:  MOVLW  2F
038C:  MOVWF  39
038D:  MOVLW  88
038E:  MOVWF  38
038F:  CALL   1EE
0390:  MOVF   7A,W
0391:  MOVWF  33
0392:  MOVF   79,W
0393:  MOVWF  32
0394:  MOVF   78,W
0395:  MOVWF  31
0396:  MOVF   77,W
0397:  MOVWF  30
0398:  CALL   32F
0399:  MOVF   79,W
039A:  MOVWF  2C
039B:  MOVF   78,W
039C:  MOVWF  2B
039D:  MOVF   2C,W
039E:  MOVWF  31
039F:  MOVF   2B,W
03A0:  MOVWF  30
03A1:  CALL   15C
03A2:  BSF    03.1
03A3:  CLRF   37
03A4:  MOVLW  40
03A5:  MOVWF  36
03A6:  MOVLW  1C
03A7:  MOVWF  35
03A8:  MOVLW  8D
03A9:  MOVWF  34
03AA:  MOVF   7A,W
03AB:  MOVWF  3B
03AC:  MOVF   79,W
03AD:  MOVWF  3A
03AE:  MOVF   78,W
03AF:  MOVWF  39
03B0:  MOVF   77,W
03B1:  MOVWF  38
03B2:  CALL   1EE
03B3:  MOVF   7A,W
03B4:  MOVWF  33
03B5:  MOVF   79,W
03B6:  MOVWF  32
03B7:  MOVF   78,W
03B8:  MOVWF  31
03B9:  MOVF   77,W
03BA:  MOVWF  30
03BB:  CALL   32F
03BC:  MOVF   79,W
03BD:  MOVWF  2E
03BE:  MOVF   78,W
03BF:  MOVWF  2D
....................     
....................    int16 t_alto = (float)grados * 11.2 + 700; // Se calcula el tiempo en alto 
....................    int16 t_bajo = 20000.0 - t_alto; // Se calcula el tiempo en bajo 
....................  
....................    for(int8 i = 0; i < 10; i++) // Se ejecuta el pulso 10 veces 
03C0:  CLRF   2F
03C1:  MOVF   2F,W
03C2:  SUBLW  09
03C3:  BTFSS  03.0
03C4:  GOTO   3ED
....................    { 
....................      output_high(PWM_SERVO); 
03C5:  BCF    24.0
03C6:  MOVF   24,W
03C7:  BSF    03.5
03C8:  MOVWF  07
03C9:  BCF    03.5
03CA:  BSF    07.0
....................      delay_us(t_alto); 
03CB:  MOVF   2C,W
03CC:  MOVWF  30
03CD:  INCF   30,F
03CE:  DECF   30,F
03CF:  BTFSC  03.2
03D0:  GOTO   3D5
03D1:  MOVLW  FF
03D2:  MOVWF  31
03D3:  CALL   34E
03D4:  GOTO   3CE
03D5:  MOVF   2B,W
03D6:  MOVWF  31
03D7:  CALL   34E
....................      output_low(PWM_SERVO); 
03D8:  BCF    24.0
03D9:  MOVF   24,W
03DA:  BSF    03.5
03DB:  MOVWF  07
03DC:  BCF    03.5
03DD:  BCF    07.0
....................      delay_us(t_bajo); 
03DE:  MOVF   2E,W
03DF:  MOVWF  30
03E0:  INCF   30,F
03E1:  DECF   30,F
03E2:  BTFSC  03.2
03E3:  GOTO   3E8
03E4:  MOVLW  FF
03E5:  MOVWF  31
03E6:  CALL   34E
03E7:  GOTO   3E1
03E8:  MOVF   2D,W
03E9:  MOVWF  31
03EA:  CALL   34E
03EB:  INCF   2F,F
03EC:  GOTO   3C1
....................    } 
03ED:  RETURN
.................... } 
....................  
.................... void mover_servo_90(int8 grados){ 
*
0800:  CLRF   31
0801:  MOVF   2A,W
0802:  MOVWF  30
0803:  BCF    0A.3
0804:  CALL   15C
0805:  BSF    0A.3
0806:  MOVF   7A,W
0807:  MOVWF  33
0808:  MOVF   79,W
0809:  MOVWF  32
080A:  MOVF   78,W
080B:  MOVWF  31
080C:  MOVF   77,W
080D:  MOVWF  30
080E:  MOVF   33,W
080F:  MOVWF  39
0810:  MOVF   32,W
0811:  MOVWF  38
0812:  MOVF   31,W
0813:  MOVWF  37
0814:  MOVF   30,W
0815:  MOVWF  36
0816:  MOVLW  B4
0817:  MOVWF  3D
0818:  MOVLW  C8
0819:  MOVWF  3C
081A:  MOVLW  3E
081B:  MOVWF  3B
081C:  MOVLW  82
081D:  MOVWF  3A
081E:  BCF    0A.3
081F:  CALL   179
0820:  BSF    0A.3
0821:  MOVF   7A,W
0822:  MOVWF  33
0823:  MOVF   79,W
0824:  MOVWF  32
0825:  MOVF   78,W
0826:  MOVWF  31
0827:  MOVF   77,W
0828:  MOVWF  30
0829:  BCF    03.1
082A:  MOVF   33,W
082B:  MOVWF  37
082C:  MOVF   32,W
082D:  MOVWF  36
082E:  MOVF   31,W
082F:  MOVWF  35
0830:  MOVF   30,W
0831:  MOVWF  34
0832:  MOVLW  8F
0833:  MOVWF  3B
0834:  MOVLW  32
0835:  MOVWF  3A
0836:  MOVLW  29
0837:  MOVWF  39
0838:  MOVLW  88
0839:  MOVWF  38
083A:  BCF    0A.3
083B:  CALL   1EE
083C:  BSF    0A.3
083D:  MOVF   7A,W
083E:  MOVWF  33
083F:  MOVF   79,W
0840:  MOVWF  32
0841:  MOVF   78,W
0842:  MOVWF  31
0843:  MOVF   77,W
0844:  MOVWF  30
0845:  BCF    0A.3
0846:  CALL   32F
0847:  BSF    0A.3
0848:  MOVF   79,W
0849:  MOVWF  2C
084A:  MOVF   78,W
084B:  MOVWF  2B
084C:  MOVF   2C,W
084D:  MOVWF  31
084E:  MOVF   2B,W
084F:  MOVWF  30
0850:  BCF    0A.3
0851:  CALL   15C
0852:  BSF    0A.3
0853:  BSF    03.1
0854:  CLRF   37
0855:  MOVLW  40
0856:  MOVWF  36
0857:  MOVLW  1C
0858:  MOVWF  35
0859:  MOVLW  8D
085A:  MOVWF  34
085B:  MOVF   7A,W
085C:  MOVWF  3B
085D:  MOVF   79,W
085E:  MOVWF  3A
085F:  MOVF   78,W
0860:  MOVWF  39
0861:  MOVF   77,W
0862:  MOVWF  38
0863:  BCF    0A.3
0864:  CALL   1EE
0865:  BSF    0A.3
0866:  MOVF   7A,W
0867:  MOVWF  33
0868:  MOVF   79,W
0869:  MOVWF  32
086A:  MOVF   78,W
086B:  MOVWF  31
086C:  MOVF   77,W
086D:  MOVWF  30
086E:  BCF    0A.3
086F:  CALL   32F
0870:  BSF    0A.3
0871:  MOVF   79,W
0872:  MOVWF  2E
0873:  MOVF   78,W
0874:  MOVWF  2D
....................  
....................    int16 t_alto = (float)grados * 11.924 + 676.79; // Se calcula el tiempo en alto 
....................    int16 t_bajo = 20000.0 - t_alto; // Se calcula el tiempo en bajo 
....................  
....................    for(int8 i = 0; i < 10; i++) // Se ejecuta el pulso 10 veces 
0875:  CLRF   2F
0876:  MOVF   2F,W
0877:  SUBLW  09
0878:  BTFSS  03.0
0879:  GOTO   0AA
....................    { 
....................      output_high(PWM_SERVO); 
087A:  BCF    24.0
087B:  MOVF   24,W
087C:  BSF    03.5
087D:  MOVWF  07
087E:  BCF    03.5
087F:  BSF    07.0
....................      delay_us(t_alto); 
0880:  MOVF   2C,W
0881:  MOVWF  30
0882:  INCF   30,F
0883:  DECF   30,F
0884:  BTFSC  03.2
0885:  GOTO   08C
0886:  MOVLW  FF
0887:  MOVWF  31
0888:  BCF    0A.3
0889:  CALL   34E
088A:  BSF    0A.3
088B:  GOTO   083
088C:  MOVF   2B,W
088D:  MOVWF  31
088E:  BCF    0A.3
088F:  CALL   34E
0890:  BSF    0A.3
....................      output_low(PWM_SERVO); 
0891:  BCF    24.0
0892:  MOVF   24,W
0893:  BSF    03.5
0894:  MOVWF  07
0895:  BCF    03.5
0896:  BCF    07.0
....................      delay_us(t_bajo); 
0897:  MOVF   2E,W
0898:  MOVWF  30
0899:  INCF   30,F
089A:  DECF   30,F
089B:  BTFSC  03.2
089C:  GOTO   0A3
089D:  MOVLW  FF
089E:  MOVWF  31
089F:  BCF    0A.3
08A0:  CALL   34E
08A1:  BSF    0A.3
08A2:  GOTO   09A
08A3:  MOVF   2D,W
08A4:  MOVWF  31
08A5:  BCF    0A.3
08A6:  CALL   34E
08A7:  BSF    0A.3
08A8:  INCF   2F,F
08A9:  GOTO   076
....................    } 
08AA:  BSF    0A.3
08AB:  BCF    0A.4
08AC:  GOTO   2AF (RETURN)
.................... } 
....................  
.................... void mover_servo_180(int8 grados){ 
08AD:  CLRF   31
08AE:  MOVF   2A,W
08AF:  MOVWF  30
08B0:  BCF    0A.3
08B1:  CALL   15C
08B2:  BSF    0A.3
08B3:  MOVF   7A,W
08B4:  MOVWF  33
08B5:  MOVF   79,W
08B6:  MOVWF  32
08B7:  MOVF   78,W
08B8:  MOVWF  31
08B9:  MOVF   77,W
08BA:  MOVWF  30
08BB:  MOVF   7A,W
08BC:  MOVWF  39
08BD:  MOVF   79,W
08BE:  MOVWF  38
08BF:  MOVF   78,W
08C0:  MOVWF  37
08C1:  MOVF   77,W
08C2:  MOVWF  36
08C3:  MOVLW  87
08C4:  MOVWF  3D
08C5:  MOVLW  16
08C6:  MOVWF  3C
08C7:  MOVLW  1B
08C8:  MOVWF  3B
08C9:  MOVLW  82
08CA:  MOVWF  3A
08CB:  BCF    0A.3
08CC:  CALL   179
08CD:  BSF    0A.3
08CE:  MOVF   7A,W
08CF:  MOVWF  33
08D0:  MOVF   79,W
08D1:  MOVWF  32
08D2:  MOVF   78,W
08D3:  MOVWF  31
08D4:  MOVF   77,W
08D5:  MOVWF  30
08D6:  BCF    03.1
08D7:  MOVF   7A,W
08D8:  MOVWF  37
08D9:  MOVF   79,W
08DA:  MOVWF  36
08DB:  MOVF   78,W
08DC:  MOVWF  35
08DD:  MOVF   77,W
08DE:  MOVWF  34
08DF:  MOVLW  7B
08E0:  MOVWF  3B
08E1:  MOVLW  14
08E2:  MOVWF  3A
08E3:  MOVLW  61
08E4:  MOVWF  39
08E5:  MOVLW  88
08E6:  MOVWF  38
08E7:  BCF    0A.3
08E8:  CALL   1EE
08E9:  BSF    0A.3
08EA:  MOVF   7A,W
08EB:  MOVWF  33
08EC:  MOVF   79,W
08ED:  MOVWF  32
08EE:  MOVF   78,W
08EF:  MOVWF  31
08F0:  MOVF   77,W
08F1:  MOVWF  30
08F2:  BCF    0A.3
08F3:  CALL   32F
08F4:  BSF    0A.3
08F5:  MOVF   79,W
08F6:  MOVWF  2C
08F7:  MOVF   78,W
08F8:  MOVWF  2B
08F9:  MOVF   2C,W
08FA:  MOVWF  31
08FB:  MOVF   2B,W
08FC:  MOVWF  30
08FD:  BCF    0A.3
08FE:  CALL   15C
08FF:  BSF    0A.3
0900:  BSF    03.1
0901:  CLRF   37
0902:  MOVLW  40
0903:  MOVWF  36
0904:  MOVLW  1C
0905:  MOVWF  35
0906:  MOVLW  8D
0907:  MOVWF  34
0908:  MOVF   7A,W
0909:  MOVWF  3B
090A:  MOVF   79,W
090B:  MOVWF  3A
090C:  MOVF   78,W
090D:  MOVWF  39
090E:  MOVF   77,W
090F:  MOVWF  38
0910:  BCF    0A.3
0911:  CALL   1EE
0912:  BSF    0A.3
0913:  MOVF   7A,W
0914:  MOVWF  33
0915:  MOVF   79,W
0916:  MOVWF  32
0917:  MOVF   78,W
0918:  MOVWF  31
0919:  MOVF   77,W
091A:  MOVWF  30
091B:  BCF    0A.3
091C:  CALL   32F
091D:  BSF    0A.3
091E:  MOVF   79,W
091F:  MOVWF  2E
0920:  MOVF   78,W
0921:  MOVWF  2D
....................     
....................    int16 t_alto = (float)grados * 9.693 + 900.32; // Se calcula el tiempo en alto 
....................    int16 t_bajo = 20000.0 - t_alto; // Se calcula el tiempo en bajo 
....................  
....................    for(int8 i = 0; i < 10; i++) // Se ejecuta el pulso 10 veces 
0922:  CLRF   2F
0923:  MOVF   2F,W
0924:  SUBLW  09
0925:  BTFSS  03.0
0926:  GOTO   157
....................    { 
....................      output_high(PWM_SERVO); 
0927:  BCF    24.0
0928:  MOVF   24,W
0929:  BSF    03.5
092A:  MOVWF  07
092B:  BCF    03.5
092C:  BSF    07.0
....................      delay_us(t_alto); 
092D:  MOVF   2C,W
092E:  MOVWF  30
092F:  INCF   30,F
0930:  DECF   30,F
0931:  BTFSC  03.2
0932:  GOTO   139
0933:  MOVLW  FF
0934:  MOVWF  31
0935:  BCF    0A.3
0936:  CALL   34E
0937:  BSF    0A.3
0938:  GOTO   130
0939:  MOVF   2B,W
093A:  MOVWF  31
093B:  BCF    0A.3
093C:  CALL   34E
093D:  BSF    0A.3
....................      output_low(PWM_SERVO); 
093E:  BCF    24.0
093F:  MOVF   24,W
0940:  BSF    03.5
0941:  MOVWF  07
0942:  BCF    03.5
0943:  BCF    07.0
....................      delay_us(t_bajo); 
0944:  MOVF   2E,W
0945:  MOVWF  30
0946:  INCF   30,F
0947:  DECF   30,F
0948:  BTFSC  03.2
0949:  GOTO   150
094A:  MOVLW  FF
094B:  MOVWF  31
094C:  BCF    0A.3
094D:  CALL   34E
094E:  BSF    0A.3
094F:  GOTO   147
0950:  MOVF   2D,W
0951:  MOVWF  31
0952:  BCF    0A.3
0953:  CALL   34E
0954:  BSF    0A.3
0955:  INCF   2F,F
0956:  GOTO   123
....................    } 
0957:  BSF    0A.3
0958:  BCF    0A.4
0959:  GOTO   2E5 (RETURN)
.................... } 
....................  
.................... void mover_servo_181(){ 
095A:  MOVLW  0A
095B:  MOVWF  2A
095C:  MOVLW  4C
095D:  MOVWF  29
095E:  MOVF   2A,W
095F:  MOVWF  31
0960:  MOVF   29,W
0961:  MOVWF  30
0962:  BCF    0A.3
0963:  CALL   15C
0964:  BSF    0A.3
0965:  BSF    03.1
0966:  CLRF   37
0967:  MOVLW  40
0968:  MOVWF  36
0969:  MOVLW  1C
096A:  MOVWF  35
096B:  MOVLW  8D
096C:  MOVWF  34
096D:  MOVF   7A,W
096E:  MOVWF  3B
096F:  MOVF   79,W
0970:  MOVWF  3A
0971:  MOVF   78,W
0972:  MOVWF  39
0973:  MOVF   77,W
0974:  MOVWF  38
0975:  BCF    0A.3
0976:  CALL   1EE
0977:  BSF    0A.3
0978:  MOVF   7A,W
0979:  MOVWF  33
097A:  MOVF   79,W
097B:  MOVWF  32
097C:  MOVF   78,W
097D:  MOVWF  31
097E:  MOVF   77,W
097F:  MOVWF  30
0980:  BCF    0A.3
0981:  CALL   32F
0982:  BSF    0A.3
0983:  MOVF   79,W
0984:  MOVWF  2C
0985:  MOVF   78,W
0986:  MOVWF  2B
....................     
....................    int16 t_alto = (float)177 * 11.024 + 685; // Se calcula el tiempo en alto 
....................    int16 t_bajo = 20000.0 - t_alto; // Se calcula el tiempo en bajo 
....................  
....................    for(int8 i = 0; i < 10; i++) // Se ejecuta el pulso 10 veces 
0987:  CLRF   2D
0988:  MOVF   2D,W
0989:  SUBLW  09
098A:  BTFSS  03.0
098B:  GOTO   1BC
....................    { 
....................      output_high(PWM_SERVO); 
098C:  BCF    24.0
098D:  MOVF   24,W
098E:  BSF    03.5
098F:  MOVWF  07
0990:  BCF    03.5
0991:  BSF    07.0
....................      delay_us(t_alto); 
0992:  MOVF   2A,W
0993:  MOVWF  2E
0994:  INCF   2E,F
0995:  DECF   2E,F
0996:  BTFSC  03.2
0997:  GOTO   19E
0998:  MOVLW  FF
0999:  MOVWF  31
099A:  BCF    0A.3
099B:  CALL   34E
099C:  BSF    0A.3
099D:  GOTO   195
099E:  MOVF   29,W
099F:  MOVWF  31
09A0:  BCF    0A.3
09A1:  CALL   34E
09A2:  BSF    0A.3
....................      output_low(PWM_SERVO); 
09A3:  BCF    24.0
09A4:  MOVF   24,W
09A5:  BSF    03.5
09A6:  MOVWF  07
09A7:  BCF    03.5
09A8:  BCF    07.0
....................      delay_us(t_bajo); 
09A9:  MOVF   2C,W
09AA:  MOVWF  2E
09AB:  INCF   2E,F
09AC:  DECF   2E,F
09AD:  BTFSC  03.2
09AE:  GOTO   1B5
09AF:  MOVLW  FF
09B0:  MOVWF  31
09B1:  BCF    0A.3
09B2:  CALL   34E
09B3:  BSF    0A.3
09B4:  GOTO   1AC
09B5:  MOVF   2B,W
09B6:  MOVWF  31
09B7:  BCF    0A.3
09B8:  CALL   34E
09B9:  BSF    0A.3
09BA:  INCF   2D,F
09BB:  GOTO   188
....................    } 
09BC:  BSF    0A.3
09BD:  BCF    0A.4
09BE:  GOTO   2F9 (RETURN)
.................... } 
....................  
.................... void main() 
09BF:  MOVF   03,W
09C0:  ANDLW  1F
09C1:  MOVWF  03
09C2:  MOVLW  FF
09C3:  MOVWF  24
09C4:  BSF    03.5
09C5:  BSF    1F.0
09C6:  BSF    1F.1
09C7:  BSF    1F.2
09C8:  BCF    1F.3
09C9:  MOVLW  07
09CA:  MOVWF  1C
09CB:  BCF    03.7
.................... { 
....................    // Inicializar pines 
....................    lcd_init(); 
*
09D1:  BCF    0A.3
09D2:  GOTO   113
09D3:  BSF    0A.3
....................    kbd_init(); 
09D4:  BCF    0A.3
09D5:  GOTO   159
09D6:  BSF    0A.3
....................    output_low(PWM_SERVO); 
09D7:  BCF    24.0
09D8:  MOVF   24,W
09D9:  BSF    03.5
09DA:  MOVWF  07
09DB:  BCF    03.5
09DC:  BCF    07.0
....................    port_b_pullups(TRUE); 
09DD:  BSF    03.5
09DE:  BCF    01.7
....................    float grados = 0; 
09DF:  BCF    03.5
09E0:  CLRF   28
09E1:  CLRF   27
09E2:  CLRF   26
09E3:  CLRF   25
....................    mover_servo(0); 
09E4:  CLRF   2A
09E5:  BCF    0A.3
09E6:  CALL   35D
09E7:  BSF    0A.3
....................    while (TRUE){ 
....................       printf(lcd_putc,"\fPosicion:%f", grados); 
09E8:  MOVLW  1B
09E9:  BSF    03.6
09EA:  MOVWF  0D
09EB:  MOVLW  00
09EC:  MOVWF  0F
09ED:  BCF    03.0
09EE:  MOVLW  0A
09EF:  BCF    03.6
09F0:  MOVWF  29
09F1:  BCF    0A.3
09F2:  CALL   42C
09F3:  BSF    0A.3
09F4:  MOVLW  89
09F5:  MOVWF  04
09F6:  MOVF   28,W
09F7:  MOVWF  2C
09F8:  MOVF   27,W
09F9:  MOVWF  2B
09FA:  MOVF   26,W
09FB:  MOVWF  2A
09FC:  MOVF   25,W
09FD:  MOVWF  29
09FE:  MOVLW  02
09FF:  MOVWF  2D
0A00:  BCF    0A.3
0A01:  CALL   4D2
0A02:  BSF    0A.3
....................       printf(lcd_putc,"\nGrado(0-180):"); 
0A03:  MOVLW  22
0A04:  BSF    03.6
0A05:  MOVWF  0D
0A06:  MOVLW  00
0A07:  MOVWF  0F
0A08:  BCF    0A.3
0A09:  BCF    03.6
0A0A:  CALL   5B2
0A0B:  BSF    0A.3
....................       grados = get_num_lcd(14,2); 
0A0C:  MOVLW  0E
0A0D:  MOVWF  29
0A0E:  MOVLW  02
0A0F:  MOVWF  2A
0A10:  BCF    0A.3
0A11:  GOTO   6A3
0A12:  BSF    0A.3
0A13:  MOVF   79,W
0A14:  MOVWF  31
0A15:  MOVF   78,W
0A16:  MOVWF  30
0A17:  BCF    0A.3
0A18:  CALL   15C
0A19:  BSF    0A.3
0A1A:  MOVF   7A,W
0A1B:  MOVWF  28
0A1C:  MOVF   79,W
0A1D:  MOVWF  27
0A1E:  MOVF   78,W
0A1F:  MOVWF  26
0A20:  MOVF   77,W
0A21:  MOVWF  25
....................       if(grados < 0 || grados > 180){ 
0A22:  MOVF   28,W
0A23:  MOVWF  2C
0A24:  MOVF   27,W
0A25:  MOVWF  2B
0A26:  MOVF   26,W
0A27:  MOVWF  2A
0A28:  MOVF   25,W
0A29:  MOVWF  29
0A2A:  CLRF   30
0A2B:  CLRF   2F
0A2C:  CLRF   2E
0A2D:  CLRF   2D
0A2E:  BCF    0A.3
0A2F:  CALL   77B
0A30:  BSF    0A.3
0A31:  BTFSC  03.0
0A32:  GOTO   246
0A33:  CLRF   2C
0A34:  CLRF   2B
0A35:  MOVLW  34
0A36:  MOVWF  2A
0A37:  MOVLW  86
0A38:  MOVWF  29
0A39:  MOVF   28,W
0A3A:  MOVWF  30
0A3B:  MOVF   27,W
0A3C:  MOVWF  2F
0A3D:  MOVF   26,W
0A3E:  MOVWF  2E
0A3F:  MOVF   25,W
0A40:  MOVWF  2D
0A41:  BCF    0A.3
0A42:  CALL   77B
0A43:  BSF    0A.3
0A44:  BTFSS  03.0
0A45:  GOTO   259
....................          printf(lcd_putc,"\f**ERROR** \nNumero no valido"); 
0A46:  MOVLW  2A
0A47:  BSF    03.6
0A48:  MOVWF  0D
0A49:  MOVLW  00
0A4A:  MOVWF  0F
0A4B:  BCF    0A.3
0A4C:  BCF    03.6
0A4D:  CALL   5B2
0A4E:  BSF    0A.3
....................          delay_ms(1000); 
0A4F:  MOVLW  04
0A50:  MOVWF  29
0A51:  MOVLW  FA
0A52:  MOVWF  39
0A53:  BCF    0A.3
0A54:  CALL   040
0A55:  BSF    0A.3
0A56:  DECFSZ 29,F
0A57:  GOTO   251
....................       } 
0A58:  GOTO   2F9
....................       else if(grados==0){ 
0A59:  MOVF   28,W
0A5A:  MOVWF  2C
0A5B:  MOVF   27,W
0A5C:  MOVWF  2B
0A5D:  MOVF   26,W
0A5E:  MOVWF  2A
0A5F:  MOVF   25,W
0A60:  MOVWF  29
0A61:  CLRF   30
0A62:  CLRF   2F
0A63:  CLRF   2E
0A64:  CLRF   2D
0A65:  BCF    0A.3
0A66:  CALL   77B
0A67:  BSF    0A.3
0A68:  BTFSS  03.2
0A69:  GOTO   27C
....................          mover_servo(grados); 
0A6A:  MOVF   28,W
0A6B:  MOVWF  33
0A6C:  MOVF   27,W
0A6D:  MOVWF  32
0A6E:  MOVF   26,W
0A6F:  MOVWF  31
0A70:  MOVF   25,W
0A71:  MOVWF  30
0A72:  BCF    0A.3
0A73:  CALL   32F
0A74:  BSF    0A.3
0A75:  MOVF   78,W
0A76:  MOVWF  29
0A77:  MOVWF  2A
0A78:  BCF    0A.3
0A79:  CALL   35D
0A7A:  BSF    0A.3
....................       } 
0A7B:  GOTO   2F9
....................       else if(grados<91 && grados>0){ 
0A7C:  MOVF   28,W
0A7D:  MOVWF  2C
0A7E:  MOVF   27,W
0A7F:  MOVWF  2B
0A80:  MOVF   26,W
0A81:  MOVWF  2A
0A82:  MOVF   25,W
0A83:  MOVWF  29
0A84:  CLRF   30
0A85:  CLRF   2F
0A86:  MOVLW  36
0A87:  MOVWF  2E
0A88:  MOVLW  85
0A89:  MOVWF  2D
0A8A:  BCF    0A.3
0A8B:  CALL   77B
0A8C:  BSF    0A.3
0A8D:  BTFSS  03.0
0A8E:  GOTO   2B0
0A8F:  CLRF   2C
0A90:  CLRF   2B
0A91:  CLRF   2A
0A92:  CLRF   29
0A93:  MOVF   28,W
0A94:  MOVWF  30
0A95:  MOVF   27,W
0A96:  MOVWF  2F
0A97:  MOVF   26,W
0A98:  MOVWF  2E
0A99:  MOVF   25,W
0A9A:  MOVWF  2D
0A9B:  BCF    0A.3
0A9C:  CALL   77B
0A9D:  BSF    0A.3
0A9E:  BTFSS  03.0
0A9F:  GOTO   2B0
....................          mover_servo_90(grados); 
0AA0:  MOVF   28,W
0AA1:  MOVWF  33
0AA2:  MOVF   27,W
0AA3:  MOVWF  32
0AA4:  MOVF   26,W
0AA5:  MOVWF  31
0AA6:  MOVF   25,W
0AA7:  MOVWF  30
0AA8:  BCF    0A.3
0AA9:  CALL   32F
0AAA:  BSF    0A.3
0AAB:  MOVF   78,W
0AAC:  MOVWF  29
0AAD:  MOVWF  2A
0AAE:  GOTO   000
....................       } 
0AAF:  GOTO   2F9
....................       else if(grados>90 && grados<180){ 
0AB0:  CLRF   2C
0AB1:  CLRF   2B
0AB2:  MOVLW  34
0AB3:  MOVWF  2A
0AB4:  MOVLW  85
0AB5:  MOVWF  29
0AB6:  MOVF   28,W
0AB7:  MOVWF  30
0AB8:  MOVF   27,W
0AB9:  MOVWF  2F
0ABA:  MOVF   26,W
0ABB:  MOVWF  2E
0ABC:  MOVF   25,W
0ABD:  MOVWF  2D
0ABE:  BCF    0A.3
0ABF:  CALL   77B
0AC0:  BSF    0A.3
0AC1:  BTFSS  03.0
0AC2:  GOTO   2E6
0AC3:  MOVF   28,W
0AC4:  MOVWF  2C
0AC5:  MOVF   27,W
0AC6:  MOVWF  2B
0AC7:  MOVF   26,W
0AC8:  MOVWF  2A
0AC9:  MOVF   25,W
0ACA:  MOVWF  29
0ACB:  CLRF   30
0ACC:  CLRF   2F
0ACD:  MOVLW  34
0ACE:  MOVWF  2E
0ACF:  MOVLW  86
0AD0:  MOVWF  2D
0AD1:  BCF    0A.3
0AD2:  CALL   77B
0AD3:  BSF    0A.3
0AD4:  BTFSS  03.0
0AD5:  GOTO   2E6
....................          mover_servo_180(grados); 
0AD6:  MOVF   28,W
0AD7:  MOVWF  33
0AD8:  MOVF   27,W
0AD9:  MOVWF  32
0ADA:  MOVF   26,W
0ADB:  MOVWF  31
0ADC:  MOVF   25,W
0ADD:  MOVWF  30
0ADE:  BCF    0A.3
0ADF:  CALL   32F
0AE0:  BSF    0A.3
0AE1:  MOVF   78,W
0AE2:  MOVWF  29
0AE3:  MOVWF  2A
0AE4:  GOTO   0AD
....................       } 
0AE5:  GOTO   2F9
....................       else if(grados==180){ 
0AE6:  MOVF   28,W
0AE7:  MOVWF  2C
0AE8:  MOVF   27,W
0AE9:  MOVWF  2B
0AEA:  MOVF   26,W
0AEB:  MOVWF  2A
0AEC:  MOVF   25,W
0AED:  MOVWF  29
0AEE:  CLRF   30
0AEF:  CLRF   2F
0AF0:  MOVLW  34
0AF1:  MOVWF  2E
0AF2:  MOVLW  86
0AF3:  MOVWF  2D
0AF4:  BCF    0A.3
0AF5:  CALL   77B
0AF6:  BSF    0A.3
0AF7:  BTFSC  03.2
....................          mover_servo_181(); 
0AF8:  GOTO   15A
....................       } 
....................       printf(lcd_putc,"\fPosicion:%f", grados); 
0AF9:  MOVLW  39
0AFA:  BSF    03.6
0AFB:  MOVWF  0D
0AFC:  MOVLW  00
0AFD:  MOVWF  0F
0AFE:  BCF    03.0
0AFF:  MOVLW  0A
0B00:  BCF    03.6
0B01:  MOVWF  29
0B02:  BCF    0A.3
0B03:  CALL   42C
0B04:  BSF    0A.3
0B05:  MOVLW  89
0B06:  MOVWF  04
0B07:  MOVF   28,W
0B08:  MOVWF  2C
0B09:  MOVF   27,W
0B0A:  MOVWF  2B
0B0B:  MOVF   26,W
0B0C:  MOVWF  2A
0B0D:  MOVF   25,W
0B0E:  MOVWF  29
0B0F:  MOVLW  02
0B10:  MOVWF  2D
0B11:  BCF    0A.3
0B12:  CALL   4D2
0B13:  BSF    0A.3
....................       delay_ms(1000); 
0B14:  MOVLW  04
0B15:  MOVWF  29
0B16:  MOVLW  FA
0B17:  MOVWF  39
0B18:  BCF    0A.3
0B19:  CALL   040
0B1A:  BSF    0A.3
0B1B:  DECFSZ 29,F
0B1C:  GOTO   316
0B1D:  GOTO   1E8
....................    } 
.................... } 
0B1E:  SLEEP

Configuration Fuses:
   Word  1: 3F32   HS NOWDT PUT NOBROWNOUT NOLVP NOCPD NOWRT NODEBUG NOPROTECT
