CCS PCM C Compiler, Version 5.015, 5967               27-nov.-23 09:18

               Filename:   C:\Users\strop\OneDrive\Documentos\GitHub\Microcontroladores\Microcontroladores\Unidad4_esc\Unidad4_esc.lst

               ROM used:   984 words (12%)
                           Largest free fragment is 2048
               RAM used:   25 (7%) at main() level
                           56 (15%) worst case
               Stack used: 6 locations (5 in main + 1 for interrupts)
               Stack size: 8

*
0000:  MOVLW  02
0001:  MOVWF  0A
0002:  GOTO   2F1
0003:  NOP
0004:  MOVWF  7F
0005:  SWAPF  03,W
0006:  CLRF   03
0007:  MOVWF  21
0008:  MOVF   0A,W
0009:  MOVWF  20
000A:  CLRF   0A
000B:  MOVF   04,W
000C:  MOVWF  22
000D:  MOVF   77,W
000E:  MOVWF  23
000F:  MOVF   78,W
0010:  MOVWF  24
0011:  MOVF   79,W
0012:  MOVWF  25
0013:  MOVF   7A,W
0014:  MOVWF  26
0015:  BCF    03.7
0016:  BCF    03.5
0017:  MOVLW  8C
0018:  MOVWF  04
0019:  BTFSS  00.5
001A:  GOTO   01D
001B:  BTFSC  0C.5
001C:  GOTO   02E
001D:  MOVF   22,W
001E:  MOVWF  04
001F:  MOVF   23,W
0020:  MOVWF  77
0021:  MOVF   24,W
0022:  MOVWF  78
0023:  MOVF   25,W
0024:  MOVWF  79
0025:  MOVF   26,W
0026:  MOVWF  7A
0027:  MOVF   20,W
0028:  MOVWF  0A
0029:  SWAPF  21,W
002A:  MOVWF  03
002B:  SWAPF  7F,F
002C:  SWAPF  7F,W
002D:  RETFIE
002E:  BCF    0A.3
002F:  BCF    0A.4
0030:  GOTO   039
.................... #include <16F877a.h> 
.................... //////////// Standard Header file for the PIC16F877A device //////////////// 
.................... /////////////////////////////////////////////////////////////////////////// 
.................... ////        (C) Copyright 1996, 2013 Custom Computer Services          //// 
.................... //// This source code may only be used by licensed users of the CCS C  //// 
.................... //// compiler.  This source code may only be distributed to other      //// 
.................... //// licensed users of the CCS C compiler.  No other use, reproduction //// 
.................... //// or distribution is permitted without written permission.          //// 
.................... //// Derivative programs created using this software in object code    //// 
.................... //// form are not restricted in any way.                               //// 
.................... /////////////////////////////////////////////////////////////////////////// 
.................... #device PIC16F877A 
0031:  BCF    0A.0
0032:  BCF    0A.1
0033:  BCF    0A.2
0034:  ADDWF  02,F
0035:  RETLW  28
0036:  RETLW  0C
0037:  RETLW  01
0038:  RETLW  06
*
0055:  MOVLW  8E
0056:  MOVWF  77
0057:  MOVF   52,W
0058:  MOVWF  78
0059:  MOVF   51,W
005A:  MOVWF  79
005B:  CLRF   7A
005C:  MOVF   78,F
005D:  BTFSS  03.2
005E:  GOTO   069
005F:  MOVF   79,W
0060:  MOVWF  78
0061:  CLRF   79
0062:  MOVLW  08
0063:  SUBWF  77,F
0064:  MOVF   78,F
0065:  BTFSS  03.2
0066:  GOTO   069
0067:  CLRF   77
0068:  GOTO   071
0069:  BCF    03.0
006A:  BTFSC  78.7
006B:  GOTO   070
006C:  RLF    79,F
006D:  RLF    78,F
006E:  DECF   77,F
006F:  GOTO   069
0070:  BCF    78.7
*
014D:  MOVF   41,W
014E:  BTFSC  03.2
014F:  GOTO   1BD
0150:  MOVWF  49
0151:  MOVF   45,W
0152:  BTFSC  03.2
0153:  GOTO   1BD
0154:  ADDWF  49,F
0155:  BTFSC  03.0
0156:  GOTO   15E
0157:  MOVLW  7F
0158:  SUBWF  49,F
0159:  BTFSS  03.0
015A:  GOTO   1BD
015B:  BTFSC  03.2
015C:  GOTO   1BD
015D:  GOTO   162
015E:  MOVLW  81
015F:  ADDWF  49,F
0160:  BTFSC  03.0
0161:  GOTO   1BD
0162:  MOVF   49,W
0163:  MOVWF  77
0164:  CLRF   78
0165:  CLRF   79
0166:  CLRF   7A
0167:  MOVF   42,W
0168:  MOVWF  4D
0169:  BSF    4D.7
016A:  MOVF   43,W
016B:  MOVWF  4C
016C:  MOVF   44,W
016D:  MOVWF  4B
016E:  MOVLW  18
016F:  MOVWF  49
0170:  CLRF   4A
0171:  BTFSS  4B.0
0172:  GOTO   18B
0173:  MOVF   48,W
0174:  ADDWF  7A,F
0175:  BTFSS  03.0
0176:  GOTO   17D
0177:  INCF   79,F
0178:  BTFSS  03.2
0179:  GOTO   17D
017A:  INCF   78,F
017B:  BTFSC  03.2
017C:  BSF    4A.7
017D:  MOVF   47,W
017E:  ADDWF  79,F
017F:  BTFSS  03.0
0180:  GOTO   184
0181:  INCF   78,F
0182:  BTFSC  03.2
0183:  BSF    4A.7
0184:  MOVF   46,W
0185:  MOVWF  43
0186:  BSF    43.7
0187:  MOVF   43,W
0188:  ADDWF  78,F
0189:  BTFSC  03.0
018A:  BSF    4A.7
018B:  RLF    4A,F
018C:  RRF    78,F
018D:  RRF    79,F
018E:  RRF    7A,F
018F:  RRF    4D,F
0190:  RRF    4C,F
0191:  RRF    4B,F
0192:  BCF    03.0
0193:  DECFSZ 49,F
0194:  GOTO   170
0195:  MOVLW  01
0196:  ADDWF  77,F
0197:  BTFSC  03.0
0198:  GOTO   1BD
0199:  BTFSC  78.7
019A:  GOTO   1A2
019B:  RLF    4D,F
019C:  RLF    7A,F
019D:  RLF    79,F
019E:  RLF    78,F
019F:  DECF   77,F
01A0:  BTFSC  03.2
01A1:  GOTO   1BD
01A2:  BTFSS  4D.7
01A3:  GOTO   1B3
01A4:  INCF   7A,F
01A5:  BTFSS  03.2
01A6:  GOTO   1B3
01A7:  INCF   79,F
01A8:  BTFSS  03.2
01A9:  GOTO   1B3
01AA:  INCF   78,F
01AB:  BTFSS  03.2
01AC:  GOTO   1B3
01AD:  RRF    78,F
01AE:  RRF    79,F
01AF:  RRF    7A,F
01B0:  INCF   77,F
01B1:  BTFSC  03.2
01B2:  GOTO   1BD
01B3:  MOVF   42,W
01B4:  MOVWF  4A
01B5:  MOVF   46,W
01B6:  XORWF  4A,F
01B7:  BTFSS  4A.7
01B8:  GOTO   1BB
01B9:  BSF    78.7
01BA:  GOTO   1C1
01BB:  BCF    78.7
01BC:  GOTO   1C1
01BD:  CLRF   77
01BE:  CLRF   78
01BF:  CLRF   79
01C0:  CLRF   7A
01C1:  RETURN
01C2:  BTFSC  03.1
01C3:  GOTO   1C7
01C4:  MOVLW  49
01C5:  MOVWF  04
01C6:  BCF    03.7
01C7:  CLRF   77
01C8:  CLRF   78
01C9:  CLRF   79
01CA:  CLRF   7A
01CB:  CLRF   49
01CC:  CLRF   4A
01CD:  CLRF   4B
01CE:  CLRF   4C
01CF:  MOVF   48,W
01D0:  IORWF  47,W
01D1:  IORWF  46,W
01D2:  IORWF  45,W
01D3:  BTFSC  03.2
01D4:  GOTO   205
01D5:  MOVLW  20
01D6:  MOVWF  4D
01D7:  BCF    03.0
01D8:  RLF    41,F
01D9:  RLF    42,F
01DA:  RLF    43,F
01DB:  RLF    44,F
01DC:  RLF    49,F
01DD:  RLF    4A,F
01DE:  RLF    4B,F
01DF:  RLF    4C,F
01E0:  MOVF   48,W
01E1:  SUBWF  4C,W
01E2:  BTFSS  03.2
01E3:  GOTO   1EE
01E4:  MOVF   47,W
01E5:  SUBWF  4B,W
01E6:  BTFSS  03.2
01E7:  GOTO   1EE
01E8:  MOVF   46,W
01E9:  SUBWF  4A,W
01EA:  BTFSS  03.2
01EB:  GOTO   1EE
01EC:  MOVF   45,W
01ED:  SUBWF  49,W
01EE:  BTFSS  03.0
01EF:  GOTO   1FF
01F0:  MOVF   45,W
01F1:  SUBWF  49,F
01F2:  MOVF   46,W
01F3:  BTFSS  03.0
01F4:  INCFSZ 46,W
01F5:  SUBWF  4A,F
01F6:  MOVF   47,W
01F7:  BTFSS  03.0
01F8:  INCFSZ 47,W
01F9:  SUBWF  4B,F
01FA:  MOVF   48,W
01FB:  BTFSS  03.0
01FC:  INCFSZ 48,W
01FD:  SUBWF  4C,F
01FE:  BSF    03.0
01FF:  RLF    77,F
0200:  RLF    78,F
0201:  RLF    79,F
0202:  RLF    7A,F
0203:  DECFSZ 4D,F
0204:  GOTO   1D7
0205:  MOVF   49,W
0206:  MOVWF  00
0207:  INCF   04,F
0208:  MOVF   4A,W
0209:  MOVWF  00
020A:  INCF   04,F
020B:  MOVF   4B,W
020C:  MOVWF  00
020D:  INCF   04,F
020E:  MOVF   4C,W
020F:  MOVWF  00
0210:  RETURN
0211:  MOVF   04,W
0212:  MOVWF  39
0213:  MOVF   38,W
0214:  MOVWF  3B
0215:  BTFSC  03.2
0216:  GOTO   230
0217:  MOVF   37,W
0218:  MOVWF  44
0219:  MOVF   36,W
021A:  MOVWF  43
021B:  MOVF   35,W
021C:  MOVWF  42
021D:  MOVF   34,W
021E:  MOVWF  41
021F:  CLRF   48
0220:  CLRF   47
0221:  MOVLW  20
0222:  MOVWF  46
0223:  MOVLW  82
0224:  MOVWF  45
0225:  CALL   14D
0226:  MOVF   7A,W
0227:  MOVWF  37
0228:  MOVF   79,W
0229:  MOVWF  36
022A:  MOVF   78,W
022B:  MOVWF  35
022C:  MOVF   77,W
022D:  MOVWF  34
022E:  DECFSZ 3B,F
022F:  GOTO   217
0230:  MOVF   37,W
0231:  MOVWF  44
0232:  MOVF   36,W
0233:  MOVWF  43
0234:  MOVF   35,W
0235:  MOVWF  42
0236:  MOVF   34,W
0237:  MOVWF  41
0238:  MOVF   41,W
0239:  SUBLW  B6
023A:  MOVWF  41
023B:  CLRF   7A
023C:  MOVF   42,W
023D:  MOVWF  45
023E:  BSF    42.7
023F:  BCF    03.0
0240:  RRF    42,F
0241:  RRF    43,F
0242:  RRF    44,F
0243:  RRF    7A,F
0244:  RRF    79,F
0245:  RRF    78,F
0246:  RRF    77,F
0247:  DECFSZ 41,F
0248:  GOTO   23F
0249:  BTFSS  45.7
024A:  GOTO   256
024B:  COMF   77,F
024C:  COMF   78,F
024D:  COMF   79,F
024E:  COMF   7A,F
024F:  INCF   77,F
0250:  BTFSC  03.2
0251:  INCF   78,F
0252:  BTFSC  03.2
0253:  INCF   79,F
0254:  BTFSC  03.2
0255:  INCF   7A,F
0256:  MOVF   7A,W
0257:  MOVWF  37
0258:  MOVF   79,W
0259:  MOVWF  36
025A:  MOVF   78,W
025B:  MOVWF  35
025C:  MOVF   77,W
025D:  MOVWF  34
025E:  BTFSS  37.7
025F:  GOTO   26D
0260:  DECF   39,F
0261:  BSF    39.5
0262:  COMF   34,F
0263:  COMF   35,F
0264:  COMF   36,F
0265:  COMF   37,F
0266:  INCF   34,F
0267:  BTFSC  03.2
0268:  INCF   35,F
0269:  BTFSC  03.2
026A:  INCF   36,F
026B:  BTFSC  03.2
026C:  INCF   37,F
026D:  MOVLW  3B
026E:  MOVWF  40
026F:  MOVLW  9A
0270:  MOVWF  3F
0271:  MOVLW  CA
0272:  MOVWF  3E
0273:  CLRF   3D
0274:  MOVLW  0A
0275:  MOVWF  3B
0276:  MOVF   38,W
0277:  BTFSC  03.2
0278:  INCF   39,F
0279:  BSF    03.1
027A:  MOVLW  34
027B:  MOVWF  04
027C:  BCF    03.7
027D:  MOVF   37,W
027E:  MOVWF  44
027F:  MOVF   36,W
0280:  MOVWF  43
0281:  MOVF   35,W
0282:  MOVWF  42
0283:  MOVF   34,W
0284:  MOVWF  41
0285:  MOVF   40,W
0286:  MOVWF  48
0287:  MOVF   3F,W
0288:  MOVWF  47
0289:  MOVF   3E,W
028A:  MOVWF  46
028B:  MOVF   3D,W
028C:  MOVWF  45
028D:  CALL   1C2
028E:  MOVF   78,W
028F:  MOVF   77,F
0290:  BTFSS  03.2
0291:  GOTO   2A5
0292:  INCF   38,W
0293:  SUBWF  3B,W
0294:  BTFSC  03.2
0295:  GOTO   2A5
0296:  MOVF   39,W
0297:  BTFSC  03.2
0298:  GOTO   2A7
0299:  ANDLW  0F
029A:  SUBWF  3B,W
029B:  BTFSC  03.2
029C:  GOTO   29F
029D:  BTFSC  03.0
029E:  GOTO   2D7
029F:  BTFSC  39.7
02A0:  GOTO   2D7
02A1:  BTFSC  39.6
02A2:  GOTO   2A7
02A3:  MOVLW  20
02A4:  GOTO   2D3
02A5:  MOVLW  20
02A6:  ANDWF  39,F
02A7:  BTFSS  39.5
02A8:  GOTO   2B5
02A9:  BCF    39.5
02AA:  MOVF   38,W
02AB:  BTFSS  03.2
02AC:  DECF   39,F
02AD:  MOVF   77,W
02AE:  MOVWF  39
02AF:  MOVLW  2D
02B0:  MOVWF  41
02B1:  CALL   129
02B2:  MOVF   39,W
02B3:  MOVWF  77
02B4:  CLRF   39
02B5:  MOVF   38,W
02B6:  SUBWF  3B,W
02B7:  BTFSS  03.2
02B8:  GOTO   2C3
02B9:  MOVF   77,W
02BA:  MOVWF  39
02BB:  MOVLW  2E
02BC:  MOVWF  41
02BD:  CALL   129
02BE:  MOVF   39,W
02BF:  MOVWF  77
02C0:  MOVLW  20
02C1:  ANDWF  39,F
02C2:  MOVLW  00
02C3:  MOVLW  30
02C4:  BTFSS  39.5
02C5:  GOTO   2D3
02C6:  BCF    39.5
02C7:  MOVF   38,W
02C8:  BTFSS  03.2
02C9:  DECF   39,F
02CA:  MOVF   77,W
02CB:  MOVWF  39
02CC:  MOVLW  2D
02CD:  MOVWF  41
02CE:  CALL   129
02CF:  MOVF   39,W
02D0:  MOVWF  77
02D1:  CLRF   39
02D2:  MOVLW  30
02D3:  ADDWF  77,F
02D4:  MOVF   77,W
02D5:  MOVWF  41
02D6:  CALL   129
02D7:  BCF    03.1
02D8:  MOVF   40,W
02D9:  MOVWF  44
02DA:  MOVF   3F,W
02DB:  MOVWF  43
02DC:  MOVF   3E,W
02DD:  MOVWF  42
02DE:  MOVF   3D,W
02DF:  MOVWF  41
02E0:  CLRF   48
02E1:  CLRF   47
02E2:  CLRF   46
02E3:  MOVLW  0A
02E4:  MOVWF  45
02E5:  CALL   1C2
02E6:  MOVF   7A,W
02E7:  MOVWF  40
02E8:  MOVF   79,W
02E9:  MOVWF  3F
02EA:  MOVF   78,W
02EB:  MOVWF  3E
02EC:  MOVF   77,W
02ED:  MOVWF  3D
02EE:  DECFSZ 3B,F
02EF:  GOTO   279
02F0:  RETURN
....................  
.................... #list 
....................  
.................... #device ADC=10 
....................  
.................... #use delay(crystal=20Mhz) 
*
007F:  MOVLW  42
0080:  MOVWF  04
0081:  BCF    03.7
0082:  MOVF   00,W
0083:  BTFSC  03.2
0084:  GOTO   092
0085:  MOVLW  06
0086:  MOVWF  78
0087:  CLRF   77
0088:  DECFSZ 77,F
0089:  GOTO   088
008A:  DECFSZ 78,F
008B:  GOTO   087
008C:  MOVLW  7B
008D:  MOVWF  77
008E:  DECFSZ 77,F
008F:  GOTO   08E
0090:  DECFSZ 00,F
0091:  GOTO   085
0092:  RETURN
....................  
.................... #FUSES NOWDT, NOBROWNOUT, NOLVP 
....................  
.................... // Directiva para usar el puerto USART 
....................  
.................... #use rs232(BAUD=9600, XMIT = PIN_C6, RCV=PIN_C7) 
....................  
.................... #include <lcd_d.c> //Incluir librería LCD 
.................... /////////////////////////////////////////////////////////////////////////////// 
.................... ////                             LCD.C                                     //// 
.................... ////                 Driver for common LCD modules                         //// 
.................... ////                                                                       //// 
.................... ////  lcd_init()   Must be called before any other function.               //// 
.................... ////                                                                       //// 
.................... ////  lcd_putc(c)  Will display c on the next position of the LCD.         //// 
.................... ////                     The following have special meaning:               //// 
.................... ////                      \f  Clear display                                //// 
.................... ////                      \n  Go to start of second line                   //// 
.................... ////                      \b  Move back one position                       //// 
.................... ////                                                                       //// 
.................... ////  lcd_gotoxy(x,y) Set write position on LCD (upper left is 1,1)        //// 
.................... ////                                                                       //// 
.................... ////  lcd_getc(x,y)   Returns character at position x,y on LCD             //// 
.................... ////                                                                       //// 
.................... ////  CONFIGURATION                                                        //// 
.................... ////  The LCD can be configured in one of two ways: a.) port access or     //// 
.................... ////  b.) pin access.  Port access requires the entire 7 bit interface     //// 
.................... ////  connected to one GPIO port, and the data bits (D4:D7 of the LCD)     //// 
.................... ////  connected to sequential pins on the GPIO.  Pin access                //// 
.................... ////  has no requirements, all 7 bits of the control interface can         //// 
.................... ////  can be connected to any GPIO using several ports.                    //// 
.................... ////                                                                       //// 
.................... ////  To use port access, #define LCD_DATA_PORT to the SFR location of     //// 
.................... ////  of the GPIO port that holds the interface, -AND- edit LCD_PIN_MAP    //// 
.................... ////  of this file to configure the pin order.  If you are using a         //// 
.................... ////  baseline PIC (PCB), then LCD_OUTPUT_MAP and LCD_INPUT_MAP also must  //// 
.................... ////  be defined.                                                          //// 
.................... ////                                                                       //// 
.................... ////  Example of port access:                                              //// 
.................... ////     #define LCD_DATA_PORT getenv("SFR:PORTD")                         //// 
.................... ////                                                                       //// 
.................... ////  To use pin access, the following pins must be defined:               //// 
.................... ////     LCD_ENABLE_PIN                                                    //// 
.................... ////     LCD_RS_PIN                                                        //// 
.................... ////     LCD_RW_PIN                                                        //// 
.................... ////     LCD_DATA4                                                         //// 
.................... ////     LCD_DATA5                                                         //// 
.................... ////     LCD_DATA6                                                         //// 
.................... ////     LCD_DATA7                                                         //// 
.................... ////                                                                       //// 
.................... ////  Example of pin access:                                               //// 
.................... ////     #define LCD_ENABLE_PIN  PIN_E0                                    //// 
.................... ////     #define LCD_RS_PIN      PIN_E1                                    //// 
.................... ////     #define LCD_RW_PIN      PIN_E2                                    //// 
.................... ////     #define LCD_DATA4       PIN_D4                                    //// 
.................... ////     #define LCD_DATA5       PIN_D5                                    //// 
.................... ////     #define LCD_DATA6       PIN_D6                                    //// 
.................... ////     #define LCD_DATA7       PIN_D7                                    //// 
.................... ////                                                                       //// 
.................... /////////////////////////////////////////////////////////////////////////////// 
.................... ////        (C) Copyright 1996,2009 Custom Computer Services           //// 
.................... //// This source code may only be used by licensed users of the CCS C  //// 
.................... //// compiler.  This source code may only be distributed to other      //// 
.................... //// licensed users of the CCS C compiler.  No other use, reproduction //// 
.................... //// or distribution is permitted without written permission.          //// 
.................... //// Derivative programs created using this software in object code    //// 
.................... //// form are not restricted in any way.                               //// 
.................... /////////////////////////////////////////////////////////////////////////// 
....................  
.................... // define the pinout. 
.................... #define LCD_DATA_PORT      0x08     //portd    LA PUSE YO  
....................  
.................... // only required if port access is being used. 
.................... typedef struct   
.................... {                            // This structure is overlayed 
....................    BOOLEAN enable;           // on to an I/O port to gain 
....................    BOOLEAN rs;               // access to the LCD pins. 
....................    BOOLEAN rw;               // The bits are allocated from 
....................    BOOLEAN unused;           // low order up.  ENABLE will 
....................    int     data : 4;         // be LSB pin of that port. 
....................   #if defined(__PCD__)       // The port used will be LCD_DATA_PORT. 
....................    int    reserved: 8; 
....................   #endif 
.................... } LCD_PIN_MAP; 
....................  
.................... // this is to improve compatability with previous LCD drivers that accepted 
.................... // a define labeled 'use_portb_lcd' that configured the LCD onto port B. 
.................... #if ((defined(use_portb_lcd)) && (use_portb_lcd==TRUE)) 
....................  #define LCD_DATA_PORT getenv("SFR:PORTB") 
.................... #endif 
....................  
.................... #if defined(__PCB__) 
....................    // these definitions only need to be modified for baseline PICs. 
....................    // all other PICs use LCD_PIN_MAP or individual LCD_xxx pin definitions. 
.................... /*                                    EN, RS,   RW,   UNUSED,  DATA  */ 
....................  const LCD_PIN_MAP LCD_OUTPUT_MAP =  {0,  0,    0,    0,       0}; 
....................  const LCD_PIN_MAP LCD_INPUT_MAP =   {0,  0,    0,    0,       0xF}; 
.................... #endif 
....................  
.................... ////////////////////// END CONFIGURATION /////////////////////////////////// 
....................  
.................... #ifndef LCD_ENABLE_PIN 
....................    #define lcd_output_enable(x) lcdlat.enable=x 
....................    #define lcd_enable_tris()   lcdtris.enable=0 
.................... #else 
....................    #define lcd_output_enable(x) output_bit(LCD_ENABLE_PIN, x) 
....................    #define lcd_enable_tris()  output_drive(LCD_ENABLE_PIN) 
.................... #endif 
....................  
.................... #ifndef LCD_RS_PIN 
....................    #define lcd_output_rs(x) lcdlat.rs=x 
....................    #define lcd_rs_tris()   lcdtris.rs=0 
.................... #else 
....................    #define lcd_output_rs(x) output_bit(LCD_RS_PIN, x) 
....................    #define lcd_rs_tris()  output_drive(LCD_RS_PIN) 
.................... #endif 
....................  
.................... #ifndef LCD_RW_PIN 
....................    #define lcd_output_rw(x) lcdlat.rw=x 
....................    #define lcd_rw_tris()   lcdtris.rw=0 
.................... #else 
....................    #define lcd_output_rw(x) output_bit(LCD_RW_PIN, x) 
....................    #define lcd_rw_tris()  output_drive(LCD_RW_PIN) 
.................... #endif 
....................  
.................... // original version of this library incorrectly labeled LCD_DATA0 as LCD_DATA4, 
.................... // LCD_DATA1 as LCD_DATA5, and so on.  this block of code makes the driver 
.................... // compatible with any code written for the original library 
.................... #if (defined(LCD_DATA0) && defined(LCD_DATA1) && defined(LCD_DATA2) && defined(LCD_DATA3) && !defined(LCD_DATA4) && !defined(LCD_DATA5) && !defined(LCD_DATA6) && !defined(LCD_DATA7)) 
....................    #define  LCD_DATA4    LCD_DATA0 
....................    #define  LCD_DATA5    LCD_DATA1 
....................    #define  LCD_DATA6    LCD_DATA2 
....................    #define  LCD_DATA7    LCD_DATA3 
.................... #endif 
....................  
.................... #ifndef LCD_DATA4 
.................... #ifndef LCD_DATA_PORT 
....................    #if defined(__PCB__) 
....................       #define LCD_DATA_PORT      0x06     //portb 
....................       #define set_tris_lcd(x)   set_tris_b(x) 
....................    #else 
....................      #if defined(PIN_D0) 
....................       #define LCD_DATA_PORT      getenv("SFR:PORTD")     //portd 
....................      #else 
....................       #define LCD_DATA_PORT      getenv("SFR:PORTB")     //portb 
....................      #endif 
....................    #endif    
.................... #endif 
....................  
.................... #if defined(__PCB__) 
....................    LCD_PIN_MAP lcd, lcdlat; 
....................    #byte lcd = LCD_DATA_PORT 
....................    #byte lcdlat = LCD_DATA_PORT 
.................... #elif defined(__PCM__) 
....................    LCD_PIN_MAP lcd, lcdlat, lcdtris; 
....................    #byte lcd = LCD_DATA_PORT 
....................    #byte lcdlat = LCD_DATA_PORT 
....................    #byte lcdtris = LCD_DATA_PORT+0x80 
.................... #elif defined(__PCH__) 
....................    LCD_PIN_MAP lcd, lcdlat, lcdtris; 
....................    #byte lcd = LCD_DATA_PORT 
....................    #byte lcdlat = LCD_DATA_PORT+9 
....................    #byte lcdtris = LCD_DATA_PORT+0x12 
.................... #elif defined(__PCD__) 
....................    LCD_PIN_MAP lcd, lcdlat, lcdtris; 
....................    #word lcd = LCD_DATA_PORT 
....................    #word lcdlat = LCD_DATA_PORT+2 
....................    #word lcdtris = LCD_DATA_PORT-0x02 
.................... #endif 
.................... #endif   //LCD_DATA4 not defined 
....................  
.................... #ifndef LCD_TYPE 
....................    #define LCD_TYPE 2           // 0=5x7, 1=5x10, 2=2 lines 
.................... #endif 
....................  
.................... #ifndef LCD_LINE_TWO 
....................    #define LCD_LINE_TWO 0x40    // LCD RAM address for the second line 
.................... #endif 
....................  
.................... BYTE const LCD_INIT_STRING[4] = {0x20 | (LCD_TYPE << 2), 0xc, 1, 6}; 
....................                              // These bytes need to be sent to the LCD 
....................                              // to start it up. 
....................  
.................... BYTE lcd_read_nibble(void); 
....................  
.................... BYTE lcd_read_byte(void) 
.................... { 
....................    BYTE low,high; 
....................  
....................  #if defined(__PCB__) 
....................    set_tris_lcd(LCD_INPUT_MAP); 
....................  #else 
....................   #if (defined(LCD_DATA4) && defined(LCD_DATA5) && defined(LCD_DATA6) && defined(LCD_DATA7)) 
....................    output_float(LCD_DATA4); 
....................    output_float(LCD_DATA5); 
....................    output_float(LCD_DATA6); 
....................    output_float(LCD_DATA7); 
....................   #else 
....................    lcdtris.data = 0xF; 
*
00AB:  MOVLW  0F
00AC:  BSF    03.5
00AD:  ANDWF  08,W
00AE:  IORLW  F0
00AF:  MOVWF  08
....................   #endif 
....................  #endif 
....................          
....................    lcd_output_rw(1); 
00B0:  BCF    03.5
00B1:  BSF    08.2
....................    delay_cycles(1); 
00B2:  NOP
....................    lcd_output_enable(1); 
00B3:  BSF    08.0
....................    delay_cycles(1); 
00B4:  NOP
....................    high = lcd_read_nibble(); 
00B5:  CALL   0A4
00B6:  MOVF   78,W
00B7:  MOVWF  49
....................        
....................    lcd_output_enable(0); 
00B8:  BCF    08.0
....................    delay_cycles(1); 
00B9:  NOP
....................    lcd_output_enable(1); 
00BA:  BSF    08.0
....................    delay_us(1); 
00BB:  GOTO   0BC
00BC:  GOTO   0BD
00BD:  NOP
....................    low = lcd_read_nibble(); 
00BE:  CALL   0A4
00BF:  MOVF   78,W
00C0:  MOVWF  48
....................        
....................    lcd_output_enable(0); 
00C1:  BCF    08.0
....................  
....................  #if defined(__PCB__) 
....................    set_tris_lcd(LCD_INPUT_MAP); 
....................  #else 
....................   #if (defined(LCD_DATA4) && defined(LCD_DATA5) && defined(LCD_DATA6) && defined(LCD_DATA7)) 
....................    output_drive(LCD_DATA4); 
....................    output_drive(LCD_DATA5); 
....................    output_drive(LCD_DATA6); 
....................    output_drive(LCD_DATA7); 
....................   #else 
....................    lcdtris.data = 0x0; 
00C2:  MOVLW  0F
00C3:  BSF    03.5
00C4:  ANDWF  08,W
00C5:  MOVWF  08
....................   #endif 
....................  #endif 
....................  
....................    return( (high<<4) | low); 
00C6:  BCF    03.5
00C7:  SWAPF  49,W
00C8:  MOVWF  77
00C9:  MOVLW  F0
00CA:  ANDWF  77,F
00CB:  MOVF   77,W
00CC:  IORWF  48,W
00CD:  MOVWF  78
.................... } 
....................  
.................... BYTE lcd_read_nibble(void) 
.................... { 
....................   #if (defined(LCD_DATA4) && defined(LCD_DATA5) && defined(LCD_DATA6) && defined(LCD_DATA7)) 
....................    BYTE n = 0x00; 
....................  
....................    /* Read the data port */ 
....................    n |= input(LCD_DATA4); 
....................    n |= input(LCD_DATA5) << 1; 
....................    n |= input(LCD_DATA6) << 2; 
....................    n |= input(LCD_DATA7) << 3; 
....................     
....................    return(n); 
....................   #else 
....................    return(lcd.data); 
*
00A4:  MOVF   08,W
00A5:  MOVWF  77
00A6:  SWAPF  08,W
00A7:  ANDLW  0F
00A8:  MOVWF  78
....................   #endif 
00A9:  RETURN
.................... } 
....................  
.................... void lcd_send_nibble(BYTE n) 
.................... { 
....................   #if (defined(LCD_DATA4) && defined(LCD_DATA5) && defined(LCD_DATA6) && defined(LCD_DATA7)) 
....................    /* Write to the data port */ 
....................    output_bit(LCD_DATA4, bit_test(n, 0)); 
....................    output_bit(LCD_DATA5, bit_test(n, 1)); 
....................    output_bit(LCD_DATA6, bit_test(n, 2)); 
....................    output_bit(LCD_DATA7, bit_test(n, 3)); 
....................   #else       
....................    lcdlat.data = n; 
*
0093:  SWAPF  49,W
0094:  ANDLW  F0
0095:  MOVWF  77
0096:  MOVLW  0F
0097:  ANDWF  08,W
0098:  IORWF  77,W
0099:  MOVWF  08
....................   #endif 
....................        
....................    delay_cycles(1); 
009A:  NOP
....................    lcd_output_enable(1); 
009B:  BSF    08.0
....................    delay_us(2); 
009C:  MOVLW  02
009D:  MOVWF  77
009E:  DECFSZ 77,F
009F:  GOTO   09E
00A0:  GOTO   0A1
00A1:  NOP
....................    lcd_output_enable(0); 
00A2:  BCF    08.0
00A3:  RETURN
.................... } 
....................  
.................... void lcd_send_byte(BYTE address, BYTE n) 
.................... { 
....................    lcd_output_rs(0); 
*
00AA:  BCF    08.1
....................    while ( bit_test(lcd_read_byte(),7) ) ; 
*
00CE:  MOVF   78,W
00CF:  MOVWF  48
00D0:  BTFSC  48.7
00D1:  GOTO   0AB
....................    lcd_output_rs(address); 
00D2:  BTFSS  46.0
00D3:  BCF    08.1
00D4:  BTFSC  46.0
00D5:  BSF    08.1
....................    delay_cycles(1); 
00D6:  NOP
....................    lcd_output_rw(0); 
00D7:  BCF    08.2
....................    delay_cycles(1); 
00D8:  NOP
....................    lcd_output_enable(0); 
00D9:  BCF    08.0
....................    lcd_send_nibble(n >> 4); 
00DA:  SWAPF  47,W
00DB:  MOVWF  48
00DC:  MOVLW  0F
00DD:  ANDWF  48,F
00DE:  MOVF   48,W
00DF:  MOVWF  49
00E0:  CALL   093
....................    lcd_send_nibble(n & 0xf); 
00E1:  MOVF   47,W
00E2:  ANDLW  0F
00E3:  MOVWF  48
00E4:  MOVWF  49
00E5:  CALL   093
00E6:  RETURN
.................... } 
....................  
.................... void lcd_init(void)  
.................... { 
....................    BYTE i; 
....................  
....................  #if defined(__PCB__) 
....................    set_tris_lcd(LCD_OUTPUT_MAP); 
....................  #else 
....................   #if (defined(LCD_DATA4) && defined(LCD_DATA5) && defined(LCD_DATA6) && defined(LCD_DATA7)) 
....................    output_drive(LCD_DATA4); 
....................    output_drive(LCD_DATA5); 
....................    output_drive(LCD_DATA6); 
....................    output_drive(LCD_DATA7); 
....................   #else 
....................    lcdtris.data = 0x0; 
00E7:  MOVLW  0F
00E8:  BSF    03.5
00E9:  ANDWF  08,W
00EA:  MOVWF  08
....................   #endif 
....................    lcd_enable_tris(); 
00EB:  BCF    08.0
....................    lcd_rs_tris(); 
00EC:  BCF    08.1
....................    lcd_rw_tris(); 
00ED:  BCF    08.2
....................  #endif 
....................  
....................    lcd_output_rs(0); 
00EE:  BCF    03.5
00EF:  BCF    08.1
....................    lcd_output_rw(0); 
00F0:  BCF    08.2
....................    lcd_output_enable(0); 
00F1:  BCF    08.0
....................      
....................    delay_ms(15); 
00F2:  MOVLW  0F
00F3:  MOVWF  42
00F4:  CALL   07F
....................    for(i=1;i<=3;++i) 
00F5:  MOVLW  01
00F6:  MOVWF  30
00F7:  MOVF   30,W
00F8:  SUBLW  03
00F9:  BTFSS  03.0
00FA:  GOTO   103
....................    { 
....................        lcd_send_nibble(3); 
00FB:  MOVLW  03
00FC:  MOVWF  49
00FD:  CALL   093
....................        delay_ms(5); 
00FE:  MOVLW  05
00FF:  MOVWF  42
0100:  CALL   07F
0101:  INCF   30,F
0102:  GOTO   0F7
....................    } 
....................      
....................    lcd_send_nibble(2); 
0103:  MOVLW  02
0104:  MOVWF  49
0105:  CALL   093
....................    for(i=0;i<=3;++i) 
0106:  CLRF   30
0107:  MOVF   30,W
0108:  SUBLW  03
0109:  BTFSS  03.0
010A:  GOTO   114
....................       lcd_send_byte(0,LCD_INIT_STRING[i]); 
010B:  MOVF   30,W
010C:  CALL   031
010D:  MOVWF  31
010E:  CLRF   46
010F:  MOVF   31,W
0110:  MOVWF  47
0111:  CALL   0AA
0112:  INCF   30,F
0113:  GOTO   107
0114:  BCF    0A.3
0115:  BCF    0A.4
0116:  GOTO   30A (RETURN)
.................... } 
....................  
.................... void lcd_gotoxy(BYTE x, BYTE y) 
.................... { 
....................    BYTE address; 
....................  
....................    if(y!=1) 
0117:  DECFSZ 43,W
0118:  GOTO   11A
0119:  GOTO   11D
....................       address=LCD_LINE_TWO; 
011A:  MOVLW  40
011B:  MOVWF  44
011C:  GOTO   11E
....................    else 
....................       address=0; 
011D:  CLRF   44
....................       
....................    address+=x-1; 
011E:  MOVLW  01
011F:  SUBWF  42,W
0120:  ADDWF  44,F
....................    lcd_send_byte(0,0x80|address); 
0121:  MOVF   44,W
0122:  IORLW  80
0123:  MOVWF  45
0124:  CLRF   46
0125:  MOVF   45,W
0126:  MOVWF  47
0127:  CALL   0AA
0128:  RETURN
.................... } 
....................  
.................... void lcd_putc(char c) 
.................... { 
....................    switch (c) 
0129:  MOVF   41,W
012A:  XORLW  0C
012B:  BTFSC  03.2
012C:  GOTO   134
012D:  XORLW  06
012E:  BTFSC  03.2
012F:  GOTO   13C
0130:  XORLW  02
0131:  BTFSC  03.2
0132:  GOTO   142
0133:  GOTO   147
....................    { 
....................       case '\f'   :  lcd_send_byte(0,1); 
0134:  CLRF   46
0135:  MOVLW  01
0136:  MOVWF  47
0137:  CALL   0AA
....................                      delay_ms(2); 
0138:  MOVLW  02
0139:  MOVWF  42
013A:  CALL   07F
....................                      break; 
013B:  GOTO   14C
....................                       
....................       case '\n'   : lcd_gotoxy(1,2);        break; 
013C:  MOVLW  01
013D:  MOVWF  42
013E:  MOVLW  02
013F:  MOVWF  43
0140:  CALL   117
0141:  GOTO   14C
....................       
....................       case '\b'   : lcd_send_byte(0,0x10);  break; 
0142:  CLRF   46
0143:  MOVLW  10
0144:  MOVWF  47
0145:  CALL   0AA
0146:  GOTO   14C
....................       
....................       default     : lcd_send_byte(1,c);     break; 
0147:  MOVLW  01
0148:  MOVWF  46
0149:  MOVF   41,W
014A:  MOVWF  47
014B:  CALL   0AA
....................    } 
014C:  RETURN
.................... } 
....................   
.................... char lcd_getc(BYTE x, BYTE y) 
.................... { 
....................    char value; 
....................  
....................    lcd_gotoxy(x,y); 
....................    while ( bit_test(lcd_read_byte(),7) ); // wait until busy flag is low 
....................    lcd_output_rs(1); 
....................    value = lcd_read_byte(); 
....................    lcd_output_rs(0); 
....................     
....................    return(value); 
.................... } 
....................  
....................  
.................... int8 byte1,byte2, entrada; 
.................... int16 ID; 
.................... float numero=0; 
....................  
.................... // Interrupción al recibir una trama 
....................  
.................... #INT_RDA  
....................  
.................... void rda_int(){ 
....................    ID = getc(); 
*
0039:  BTFSS  0C.5
003A:  GOTO   039
003B:  MOVF   1A,W
003C:  CLRF   2B
003D:  MOVWF  2A
....................    byte2 = getc(); 
003E:  BTFSS  0C.5
003F:  GOTO   03E
0040:  MOVF   1A,W
0041:  MOVWF  28
....................    byte1 = getc(); 
0042:  BTFSS  0C.5
0043:  GOTO   042
0044:  MOVF   1A,W
0045:  MOVWF  27
....................    numero = ((int16) byte2 << 8) | byte1; // Unimos los bytes 
0046:  CLRF   4F
0047:  MOVF   28,W
0048:  MOVWF  4E
0049:  MOVF   4E,W
004A:  MOVWF  4F
004B:  CLRF   4E
004C:  MOVF   4E,W
004D:  IORWF  27,W
004E:  MOVWF  77
004F:  MOVF   4F,W
0050:  MOVWF  7A
0051:  MOVF   77,W
0052:  MOVWF  51
0053:  MOVF   7A,W
0054:  MOVWF  52
*
0071:  MOVF   7A,W
0072:  MOVWF  2F
0073:  MOVF   79,W
0074:  MOVWF  2E
0075:  MOVF   78,W
0076:  MOVWF  2D
0077:  MOVF   77,W
0078:  MOVWF  2C
....................    entrada=1; 
0079:  MOVLW  01
007A:  MOVWF  29
007B:  BCF    0C.5
007C:  BCF    0A.3
007D:  BCF    0A.4
007E:  GOTO   01D
.................... } 
....................  
.................... void main(){ 
*
02F1:  MOVF   03,W
02F2:  ANDLW  1F
02F3:  MOVWF  03
02F4:  MOVLW  81
02F5:  BSF    03.5
02F6:  MOVWF  19
02F7:  MOVLW  A6
02F8:  MOVWF  18
02F9:  MOVLW  90
02FA:  BCF    03.5
02FB:  MOVWF  18
02FC:  CLRF   2F
02FD:  CLRF   2E
02FE:  CLRF   2D
02FF:  CLRF   2C
0300:  BSF    03.5
0301:  BSF    1F.0
0302:  BSF    1F.1
0303:  BSF    1F.2
0304:  BCF    1F.3
0305:  MOVLW  07
0306:  MOVWF  1C
0307:  BCF    03.7
....................    lcd_init(); //Inicializar pantalla 
0308:  BCF    03.5
0309:  GOTO   0E7
....................    setup_uart(9600); //Configurar baudios 
030A:  MOVLW  81
030B:  BSF    03.5
030C:  MOVWF  19
030D:  MOVLW  A6
030E:  MOVWF  18
030F:  MOVLW  90
0310:  BCF    03.5
0311:  MOVWF  18
....................    enable_interrupts(INT_RDA); 
0312:  BSF    03.5
0313:  BSF    0C.5
....................    enable_interrupts(GLOBAL); 
0314:  MOVLW  C0
0315:  BCF    03.5
0316:  IORWF  0B,F
....................    while(TRUE){ 
....................  
....................       if(ID==1 && entrada==1){ 
0317:  DECFSZ 2A,W
0318:  GOTO   357
0319:  MOVF   2B,F
031A:  BTFSS  03.2
031B:  GOTO   357
031C:  DECFSZ 29,W
031D:  GOTO   357
....................          lcd_gotoxy(1,1); 
031E:  MOVLW  01
031F:  MOVWF  42
0320:  MOVWF  43
0321:  CALL   117
....................          printf(lcd_putc,"A1"); 
0322:  MOVLW  41
0323:  MOVWF  41
0324:  CALL   129
0325:  MOVLW  31
0326:  MOVWF  41
0327:  CALL   129
....................          lcd_gotoxy(1,2);  
0328:  MOVLW  01
0329:  MOVWF  42
032A:  MOVLW  02
032B:  MOVWF  43
032C:  CALL   117
....................          printf(lcd_putc,"%.0f ",(numero*(5.0 / 1023.0*100))); 
032D:  MOVF   2F,W
032E:  MOVWF  44
032F:  MOVF   2E,W
0330:  MOVWF  43
0331:  MOVF   2D,W
0332:  MOVWF  42
0333:  MOVF   2C,W
0334:  MOVWF  41
0335:  MOVLW  90
0336:  MOVWF  48
0337:  MOVLW  3E
0338:  MOVWF  47
0339:  MOVLW  7A
033A:  MOVWF  46
033B:  MOVLW  7D
033C:  MOVWF  45
033D:  CALL   14D
033E:  MOVF   7A,W
033F:  MOVWF  33
0340:  MOVF   79,W
0341:  MOVWF  32
0342:  MOVF   78,W
0343:  MOVWF  31
0344:  MOVF   77,W
0345:  MOVWF  30
0346:  MOVLW  89
0347:  MOVWF  04
0348:  MOVF   7A,W
0349:  MOVWF  37
034A:  MOVF   79,W
034B:  MOVWF  36
034C:  MOVF   78,W
034D:  MOVWF  35
034E:  MOVF   77,W
034F:  MOVWF  34
0350:  CLRF   38
0351:  CALL   211
0352:  MOVLW  20
0353:  MOVWF  41
0354:  CALL   129
....................          entrada=0; 
0355:  CLRF   29
....................       }else if(ID==2 && entrada==1){ 
0356:  GOTO   3D6
0357:  MOVF   2A,W
0358:  SUBLW  02
0359:  BTFSS  03.2
035A:  GOTO   397
035B:  MOVF   2B,F
035C:  BTFSS  03.2
035D:  GOTO   397
035E:  DECFSZ 29,W
035F:  GOTO   397
....................          lcd_gotoxy(4,1);  
0360:  MOVLW  04
0361:  MOVWF  42
0362:  MOVLW  01
0363:  MOVWF  43
0364:  CALL   117
....................          printf(lcd_putc,"A2"); 
0365:  MOVLW  41
0366:  MOVWF  41
0367:  CALL   129
0368:  MOVLW  32
0369:  MOVWF  41
036A:  CALL   129
....................          lcd_gotoxy(4,2);  
036B:  MOVLW  04
036C:  MOVWF  42
036D:  MOVLW  02
036E:  MOVWF  43
036F:  CALL   117
....................          printf(lcd_putc,"%.0f",(numero*(5.0 / 1023.0*100))); 
0370:  MOVF   2F,W
0371:  MOVWF  44
0372:  MOVF   2E,W
0373:  MOVWF  43
0374:  MOVF   2D,W
0375:  MOVWF  42
0376:  MOVF   2C,W
0377:  MOVWF  41
0378:  MOVLW  90
0379:  MOVWF  48
037A:  MOVLW  3E
037B:  MOVWF  47
037C:  MOVLW  7A
037D:  MOVWF  46
037E:  MOVLW  7D
037F:  MOVWF  45
0380:  CALL   14D
0381:  MOVF   7A,W
0382:  MOVWF  33
0383:  MOVF   79,W
0384:  MOVWF  32
0385:  MOVF   78,W
0386:  MOVWF  31
0387:  MOVF   77,W
0388:  MOVWF  30
0389:  MOVLW  89
038A:  MOVWF  04
038B:  MOVF   7A,W
038C:  MOVWF  37
038D:  MOVF   79,W
038E:  MOVWF  36
038F:  MOVF   78,W
0390:  MOVWF  35
0391:  MOVF   77,W
0392:  MOVWF  34
0393:  CLRF   38
0394:  CALL   211
....................          entrada=0; 
0395:  CLRF   29
....................       }else if(ID==3 && entrada==1){ 
0396:  GOTO   3D6
0397:  MOVF   2A,W
0398:  SUBLW  03
0399:  BTFSS  03.2
039A:  GOTO   3D6
039B:  MOVF   2B,F
039C:  BTFSS  03.2
039D:  GOTO   3D6
039E:  DECFSZ 29,W
039F:  GOTO   3D6
....................          lcd_gotoxy(8,1);  
03A0:  MOVLW  08
03A1:  MOVWF  42
03A2:  MOVLW  01
03A3:  MOVWF  43
03A4:  CALL   117
....................           
....................          printf(lcd_putc,"A3"); 
03A5:  MOVLW  41
03A6:  MOVWF  41
03A7:  CALL   129
03A8:  MOVLW  33
03A9:  MOVWF  41
03AA:  CALL   129
....................          lcd_gotoxy(8,2); 
03AB:  MOVLW  08
03AC:  MOVWF  42
03AD:  MOVLW  02
03AE:  MOVWF  43
03AF:  CALL   117
....................          printf(lcd_putc,"%.0f",(numero*(5.0 / 1023.0*100))); 
03B0:  MOVF   2F,W
03B1:  MOVWF  44
03B2:  MOVF   2E,W
03B3:  MOVWF  43
03B4:  MOVF   2D,W
03B5:  MOVWF  42
03B6:  MOVF   2C,W
03B7:  MOVWF  41
03B8:  MOVLW  90
03B9:  MOVWF  48
03BA:  MOVLW  3E
03BB:  MOVWF  47
03BC:  MOVLW  7A
03BD:  MOVWF  46
03BE:  MOVLW  7D
03BF:  MOVWF  45
03C0:  CALL   14D
03C1:  MOVF   7A,W
03C2:  MOVWF  33
03C3:  MOVF   79,W
03C4:  MOVWF  32
03C5:  MOVF   78,W
03C6:  MOVWF  31
03C7:  MOVF   77,W
03C8:  MOVWF  30
03C9:  MOVLW  89
03CA:  MOVWF  04
03CB:  MOVF   7A,W
03CC:  MOVWF  37
03CD:  MOVF   79,W
03CE:  MOVWF  36
03CF:  MOVF   78,W
03D0:  MOVWF  35
03D1:  MOVF   77,W
03D2:  MOVWF  34
03D3:  CLRF   38
03D4:  CALL   211
....................          entrada=0; 
03D5:  CLRF   29
....................       } 
03D6:  GOTO   317
....................  
....................    } 
....................  
.................... } 
03D7:  SLEEP

Configuration Fuses:
   Word  1: 3F32   HS NOWDT PUT NOBROWNOUT NOLVP NOCPD NOWRT NODEBUG NOPROTECT
