
ROM used:   982/8192 (12%)
            982/8192 (12%) including unused fragments

            0.9 Average locations per line
            9.9 Average locations per statement

RAM used:   25/368 (7%) at main() level
            56/368 (15%) worst case

Stack used: 6 worst case (5 in main + 1 for interrupts)
Stack size: 8

Lines Stmts  %   Files
----- ----- ---  -----
   61    32  32  Unidad4_esc.c
  708     0   0  ..\..\..\..\..\..\..\Program Files (x86)\PICC\Devices\16F877a.h
  350    67  68  ..\..\..\..\..\..\..\Program Files (x86)\PICC\Drivers\lcd_d.c
----- -----
 1119    99 Total

Page ROM  %  RAM    Vol Diff  Functions:
---- --- --- ---    --- ----  ----------
0     20   2    1             @delay_ms1
0      8   1    0             @const714
 Inline         3    587  6.0  lcd_read_byte
0      6   1    0     59  4.2  lcd_read_nibble
0     15   2    1    172  3.4  lcd_send_nibble
0     61   6    3    317  4.3  lcd_send_byte
0     48   5    2    624  5.8  lcd_init
0     18   2    4    186  5.5  lcd_gotoxy
0     36   4    1    272  4.1  lcd_putc
0     70   7    3    141  2.6  rda_int
 Inline         2      3  0.0  @ITOF
0    231  24    4   1084  5.7  MAIN
0    117  12   13             @MULFF
 Inline         5     90  3.1  @FTOSD
0     79   8   13   1660 12.1  @DIV3232
0    224  23   13             @PRINTF_L32D_731FPFPF
 Inline         0    760 10.8  @cinit1

Program metrics:
    Functions               13
    Statements              99
    Comments                207
    Volume (V)              9176
    Difficulty (D)          67.8
    Effort to implement (E) 622606
    Time to implement (T)   9 hours, 36 minutes
    Est Delivered Bugs (B)  2
    Cyclomatic Complexity   21
    Maintainability (MI)    99

 Segment     Used  Free
-----------  ----  ----
00000-00003     4  0  
00004-00030    45  0  
00031-007FF   933  1066  
00800-00FFF     0  2048  
01000-017FF     0  2048  
01800-01FFF     0  2048  



