
ROM used:   763/8192 (9%)
            763/8192 (9%) including unused fragments

            0.5 Average locations per line
            3.0 Average locations per statement

RAM used:   24/368 (7%) at main() level
            44/368 (12%) worst case

Stack used: 7 worst case (6 in main + 1 for interrupts)
Stack size: 8

Lines Stmts  %   Files
----- ----- ---  -----
  105    52  21  comunicacion_serial_proyecto2.c
  671     0   0  ..\..\..\..\Escritorio\PICC\Devices\16F877a.h
  456   100  40  ..\..\..\..\Escritorio\PICC\Drivers\lcd.c
  150    43  17  ..\..\..\..\Escritorio\PICC\Drivers\kbd4x4_b.c
   99    58  23  ..\..\..\..\Escritorio\PICC\Drivers\getNum16.c
----- -----
 1481   253 Total

Page ROM  %  RAM   Vol Diff  Functions:
---- --- --- ---   --- ----  ----------
0     20   3    1             @delay_ms1
 Inline         3   760  4.5  lcd_read_byte
0     49   6    2   262  3.7  lcd_read_nibble
0     48   6    1   399  2.4  lcd_send_nibble
0     94  12    3   415  3.7  lcd_send_byte
0     70   9    6   852  6.2  lcd_init
0     18   2    4   208  6.3  lcd_gotoxy
0     44   6    1   354  4.7  lcd_putc
0      3   0    0     3  0.0  kbd_init
0      3   0    0             @const690
0     22   3    0   110  2.9  rda_isr
0      9   1    0    32  1.0  paro
0     59   8    2   187  5.2  delay_paro
 Inline         5             @MUL1616
0     36   5    2   220  4.7  girar_izq
0     99  13    9             @PRINTF_LU_645
0     36   5    2   220  4.7  girar_der
0     72   9    1   346  4.6  MAIN
 Inline         0             @cinit1

Program metrics:
    Functions               14
    Statements              253
    Comments                268
    Volume (V)              7200
    Difficulty (D)          55.7
    Effort to implement (E) 401261
    Time to implement (T)   6 hours, 12 minutes
    Est Delivered Bugs (B)  2
    Cyclomatic Complexity   16
    Maintainability (MI)    115

 Segment     Used  Free
-----------  ----  ----
00000-00003     4  0  
00004-00050    77  0  
00051-007FF   682  1285  
00800-00FFF     0  2048  
01000-017FF     0  2048  
01800-01FFF     0  2048  



