CCS PCM C Compiler, Version 5.015, 5967               22-nov.-23 12:38

               Filename:   C:\Users\strop\OneDrive\Documentos\GitHub\Microcontroladores\Comunicacion_esc\comunicacion_serial_proyecto2.lst

               ROM used:   763 words (9%)
                           Largest free fragment is 2048
               RAM used:   24 (7%) at main() level
                           44 (12%) worst case
               Stack used: 7 locations (6 in main + 1 for interrupts)
               Stack size: 8

*
0000:  MOVLW  02
0001:  MOVWF  0A
0002:  GOTO   2B3
0003:  NOP
0004:  MOVWF  7F
0005:  SWAPF  03,W
0006:  CLRF   03
0007:  MOVWF  21
0008:  MOVF   0A,W
0009:  MOVWF  20
000A:  CLRF   0A
000B:  MOVF   04,W
000C:  MOVWF  22
000D:  MOVF   77,W
000E:  MOVWF  23
000F:  MOVF   78,W
0010:  MOVWF  24
0011:  MOVF   79,W
0012:  MOVWF  25
0013:  MOVF   7A,W
0014:  MOVWF  26
0015:  BSF    03.6
0016:  MOVF   0D,W
0017:  BCF    03.6
0018:  MOVWF  27
0019:  BSF    03.6
001A:  MOVF   0F,W
001B:  BCF    03.6
001C:  MOVWF  28
001D:  BSF    03.6
001E:  MOVF   0C,W
001F:  BCF    03.6
0020:  MOVWF  29
0021:  BSF    03.6
0022:  MOVF   0E,W
0023:  BCF    03.6
0024:  MOVWF  2A
0025:  BCF    03.7
0026:  BCF    03.5
0027:  MOVLW  8C
0028:  MOVWF  04
0029:  BTFSS  00.5
002A:  GOTO   02D
002B:  BTFSC  0C.5
002C:  GOTO   04E
002D:  MOVF   22,W
002E:  MOVWF  04
002F:  MOVF   23,W
0030:  MOVWF  77
0031:  MOVF   24,W
0032:  MOVWF  78
0033:  MOVF   25,W
0034:  MOVWF  79
0035:  MOVF   26,W
0036:  MOVWF  7A
0037:  MOVF   27,W
0038:  BSF    03.6
0039:  MOVWF  0D
003A:  BCF    03.6
003B:  MOVF   28,W
003C:  BSF    03.6
003D:  MOVWF  0F
003E:  BCF    03.6
003F:  MOVF   29,W
0040:  BSF    03.6
0041:  MOVWF  0C
0042:  BCF    03.6
0043:  MOVF   2A,W
0044:  BSF    03.6
0045:  MOVWF  0E
0046:  BCF    03.6
0047:  MOVF   20,W
0048:  MOVWF  0A
0049:  SWAPF  21,W
004A:  MOVWF  03
004B:  SWAPF  7F,F
004C:  SWAPF  7F,W
004D:  RETFIE
004E:  BCF    0A.3
004F:  BCF    0A.4
0050:  GOTO   054
.................... ///Esclavo 
.................... #include <16F877a.h> 
.................... //////////// Standard Header file for the PIC16F877A device //////////////// 
.................... /////////////////////////////////////////////////////////////////////////// 
.................... ////        (C) Copyright 1996, 2013 Custom Computer Services          //// 
.................... //// This source code may only be used by licensed users of the CCS C  //// 
.................... //// compiler.  This source code may only be distributed to other      //// 
.................... //// licensed users of the CCS C compiler.  No other use, reproduction //// 
.................... //// or distribution is permitted without written permission.          //// 
.................... //// Derivative programs created using this software in object code    //// 
.................... //// form are not restricted in any way.                               //// 
.................... /////////////////////////////////////////////////////////////////////////// 
.................... #device PIC16F877A 
0051:  DATA 20,10
0052:  DATA 20,10
0053:  DATA 20,00
*
01CD:  CLRF   3B
01CE:  MOVF   04,W
01CF:  MOVWF  3A
01D0:  BCF    3B.0
01D1:  BTFSC  03.7
01D2:  BSF    3B.0
01D3:  SWAPF  34,W
01D4:  IORLW  F0
01D5:  MOVWF  36
01D6:  ADDWF  36,F
01D7:  ADDLW  E2
01D8:  MOVWF  37
01D9:  ADDLW  32
01DA:  MOVWF  39
01DB:  MOVF   34,W
01DC:  ANDLW  0F
01DD:  ADDWF  37,F
01DE:  ADDWF  37,F
01DF:  ADDWF  39,F
01E0:  ADDLW  E9
01E1:  MOVWF  38
01E2:  ADDWF  38,F
01E3:  ADDWF  38,F
01E4:  SWAPF  33,W
01E5:  ANDLW  0F
01E6:  ADDWF  38,F
01E7:  ADDWF  39,F
01E8:  RLF    38,F
01E9:  RLF    39,F
01EA:  COMF   39,F
01EB:  RLF    39,F
01EC:  MOVF   33,W
01ED:  ANDLW  0F
01EE:  ADDWF  39,F
01EF:  RLF    36,F
01F0:  MOVLW  07
01F1:  MOVWF  35
01F2:  MOVLW  0A
01F3:  ADDWF  39,F
01F4:  DECF   38,F
01F5:  BTFSS  03.0
01F6:  GOTO   1F3
01F7:  ADDWF  38,F
01F8:  DECF   37,F
01F9:  BTFSS  03.0
01FA:  GOTO   1F7
01FB:  ADDWF  37,F
01FC:  DECF   36,F
01FD:  BTFSS  03.0
01FE:  GOTO   1FB
01FF:  ADDWF  36,F
0200:  DECF   35,F
0201:  BTFSS  03.0
0202:  GOTO   1FF
0203:  MOVLW  35
0204:  MOVWF  04
0205:  BCF    03.7
0206:  MOVLW  07
0207:  ANDWF  3A,W
0208:  BCF    3A.6
0209:  ADDWF  04,F
020A:  MOVLW  39
020B:  SUBWF  04,W
020C:  BTFSC  03.2
020D:  BSF    3A.6
020E:  MOVF   00,W
020F:  MOVWF  77
0210:  BTFSS  03.2
0211:  GOTO   21A
0212:  BTFSC  3A.6
0213:  GOTO   21A
0214:  BTFSC  3A.4
0215:  GOTO   22C
0216:  BTFSC  3A.3
0217:  GOTO   21A
0218:  MOVLW  20
0219:  GOTO   21D
021A:  BSF    3A.3
021B:  BCF    3A.4
021C:  MOVLW  30
021D:  ADDWF  77,F
021E:  CLRF   34
021F:  MOVF   04,W
0220:  MOVWF  33
0221:  BCF    34.0
0222:  BTFSC  03.7
0223:  BSF    34.0
0224:  MOVF   77,W
0225:  MOVWF  3C
0226:  CALL   1A1
0227:  MOVF   33,W
0228:  MOVWF  04
0229:  BCF    03.7
022A:  BTFSC  34.0
022B:  BSF    03.7
022C:  INCF   04,F
022D:  BTFSS  3A.6
022E:  GOTO   20A
022F:  RETURN
*
0239:  MOVLW  10
023A:  MOVWF  3B
023B:  CLRF   77
023C:  CLRF   7A
023D:  RRF    38,F
023E:  RRF    37,F
023F:  BTFSS  03.0
0240:  GOTO   247
0241:  MOVF   39,W
0242:  ADDWF  77,F
0243:  BTFSC  03.0
0244:  INCF   7A,F
0245:  MOVF   3A,W
0246:  ADDWF  7A,F
0247:  RRF    7A,F
0248:  RRF    77,F
0249:  RRF    79,F
024A:  RRF    78,F
024B:  DECFSZ 3B,F
024C:  GOTO   23D
....................  
.................... #list 
....................  
.................... #device ADC = 10 
.................... #use delay(crystal = 20000000) 
*
006A:  MOVLW  3D
006B:  MOVWF  04
006C:  BCF    03.7
006D:  MOVF   00,W
006E:  BTFSC  03.2
006F:  GOTO   07D
0070:  MOVLW  06
0071:  MOVWF  78
0072:  CLRF   77
0073:  DECFSZ 77,F
0074:  GOTO   073
0075:  DECFSZ 78,F
0076:  GOTO   072
0077:  MOVLW  7B
0078:  MOVWF  77
0079:  DECFSZ 77,F
007A:  GOTO   079
007B:  DECFSZ 00,F
007C:  GOTO   070
007D:  RETURN
.................... #FUSES NOWDT, NOBROWNOUT, NOLVP, HS 
.................... #define LCD_ENABLE_PIN  PIN_A3                                    //// 
.................... #define LCD_RS_PIN      PIN_A5                                    //// 
.................... #define LCD_RW_PIN      PIN_A4                                    //// 
.................... #define LCD_DATA4       PIN_D4                                    //// 
.................... #define LCD_DATA5       PIN_D5                                    //// 
.................... #define LCD_DATA6       PIN_D6                                    //// 
.................... #define LCD_DATA7       PIN_D7  
.................... #include <lcd.c> 
.................... /////////////////////////////////////////////////////////////////////////////// 
.................... ////                             LCD.C                                     //// 
.................... ////                 Driver for common LCD modules                         //// 
.................... ////                                                                       //// 
.................... ////  lcd_init()   Must be called before any other function.               //// 
.................... ////                                                                       //// 
.................... ////  lcd_putc(c)  Will display c on the next position of the LCD.         //// 
.................... ////                 \a  Set cursor position to upper left                 //// 
.................... ////                 \f  Clear display, set cursor to upper left           //// 
.................... ////                 \n  Go to start of second line                        //// 
.................... ////                 \b  Move back one position                            //// 
.................... ////              If LCD_EXTENDED_NEWLINE is defined, the \n character     //// 
.................... ////              will erase all remanining characters on the current      //// 
.................... ////              line, and move the cursor to the beginning of the next   //// 
.................... ////              line.                                                    //// 
.................... ////              If LCD_EXTENDED_NEWLINE is defined, the \r character     //// 
.................... ////              will move the cursor to the start of the current         //// 
.................... ////              line.                                                    //// 
.................... ////                                                                       //// 
.................... ////  lcd_gotoxy(x,y) Set write position on LCD (upper left is 1,1)        //// 
.................... ////                                                                       //// 
.................... ////  lcd_getc(x,y)   Returns character at position x,y on LCD             //// 
.................... ////                                                                       //// 
.................... ////  lcd_cursor_on(int1 on)   Turn the cursor on (on=TRUE) or off         //// 
.................... ////              (on=FALSE).                                              //// 
.................... ////                                                                       //// 
.................... ////  lcd_set_cgram_char(w, *p)   Write a custom character to the CGRAM.   //// 
.................... ////                                                                       //// 
.................... ////                                                                       //// 
.................... ////  CONFIGURATION                                                        //// 
.................... ////  The LCD can be configured in one of two ways: a.) port access or     //// 
.................... ////  b.) pin access.  Port access requires the entire 7 bit interface     //// 
.................... ////  connected to one GPIO port, and the data bits (D4:D7 of the LCD)     //// 
.................... ////  connected to sequential pins on the GPIO.  Pin access                //// 
.................... ////  has no requirements, all 7 bits of the control interface can         //// 
.................... ////  can be connected to any GPIO using several ports.                    //// 
.................... ////                                                                       //// 
.................... ////  To use port access, #define LCD_DATA_PORT to the SFR location of     //// 
.................... ////  of the GPIO port that holds the interface, -AND- edit LCD_PIN_MAP    //// 
.................... ////  of this file to configure the pin order.  If you are using a         //// 
.................... ////  baseline PIC (PCB), then LCD_OUTPUT_MAP and LCD_INPUT_MAP also must  //// 
.................... ////  be defined.                                                          //// 
.................... ////                                                                       //// 
.................... ////  Example of port access:                                              //// 
.................... ////     #define LCD_DATA_PORT getenv("SFR:PORTD")                         //// 
.................... ////                                                                       //// 
.................... ////  To use pin access, the following pins must be defined:               //// 
.................... ////     LCD_ENABLE_PIN                                                    //// 
.................... ////     LCD_RS_PIN                                                        //// 
.................... ////     LCD_RW_PIN                                                        //// 
.................... ////     LCD_DATA4                                                         //// 
.................... ////     LCD_DATA5                                                         //// 
.................... ////     LCD_DATA6                                                         //// 
.................... ////     LCD_DATA7                                                         //// 
.................... ////                                                                       //// 
.................... ////  Example of pin access:                                               //// 
.................... ////     #define LCD_ENABLE_PIN  PIN_E0                                    //// 
.................... ////     #define LCD_RS_PIN      PIN_E1                                    //// 
.................... ////     #define LCD_RW_PIN      PIN_E2                                    //// 
.................... ////     #define LCD_DATA4       PIN_D4                                    //// 
.................... ////     #define LCD_DATA5       PIN_D5                                    //// 
.................... ////     #define LCD_DATA6       PIN_D6                                    //// 
.................... ////     #define LCD_DATA7       PIN_D7                                    //// 
.................... ////                                                                       //// 
.................... /////////////////////////////////////////////////////////////////////////////// 
.................... ////        (C) Copyright 1996,2010 Custom Computer Services           //// 
.................... //// This source code may only be used by licensed users of the CCS C  //// 
.................... //// compiler.  This source code may only be distributed to other      //// 
.................... //// licensed users of the CCS C compiler.  No other use, reproduction //// 
.................... //// or distribution is permitted without written permission.          //// 
.................... //// Derivative programs created using this software in object code    //// 
.................... //// form are not restricted in any way.                               //// 
.................... /////////////////////////////////////////////////////////////////////////// 
....................  
.................... #ifndef __LCD_C__ 
.................... #define __LCD_C__ 
....................  
.................... // define the pinout. 
.................... // only required if port access is being used. 
.................... typedef struct   
.................... {                            // This structure is overlayed 
....................    int1 enable;           // on to an I/O port to gain 
....................    int1 rs;               // access to the LCD pins. 
....................    int1 rw;               // The bits are allocated from 
....................    int1 unused;           // low order up.  ENABLE will 
....................    unsigned int     data : 4;         // be LSB pin of that port. 
....................   #if defined(__PCD__)       // The port used will be LCD_DATA_PORT. 
....................    unsigned int    reserved: 8; 
....................   #endif 
.................... } LCD_PIN_MAP; 
....................  
.................... // this is to improve compatability with previous LCD drivers that accepted 
.................... // a define labeled 'use_portb_lcd' that configured the LCD onto port B. 
.................... #if ((defined(use_portb_lcd)) && (use_portb_lcd==TRUE)) 
....................  #define LCD_DATA_PORT getenv("SFR:PORTB") 
.................... #endif 
....................  
.................... #if defined(__PCB__) 
....................    // these definitions only need to be modified for baseline PICs. 
....................    // all other PICs use LCD_PIN_MAP or individual LCD_xxx pin definitions. 
.................... /*                                    EN, RS,   RW,   UNUSED,  DATA  */ 
....................  const LCD_PIN_MAP LCD_OUTPUT_MAP =  {0,  0,    0,    0,       0}; 
....................  const LCD_PIN_MAP LCD_INPUT_MAP =   {0,  0,    0,    0,       0xF}; 
.................... #endif 
....................  
.................... ////////////////////// END CONFIGURATION /////////////////////////////////// 
....................  
.................... #ifndef LCD_ENABLE_PIN 
....................    #define lcd_output_enable(x) lcdlat.enable=x 
....................    #define lcd_enable_tris()   lcdtris.enable=0 
.................... #else 
....................    #define lcd_output_enable(x) output_bit(LCD_ENABLE_PIN, x) 
....................    #define lcd_enable_tris()  output_drive(LCD_ENABLE_PIN) 
.................... #endif 
....................  
.................... #ifndef LCD_RS_PIN 
....................    #define lcd_output_rs(x) lcdlat.rs=x 
....................    #define lcd_rs_tris()   lcdtris.rs=0 
.................... #else 
....................    #define lcd_output_rs(x) output_bit(LCD_RS_PIN, x) 
....................    #define lcd_rs_tris()  output_drive(LCD_RS_PIN) 
.................... #endif 
....................  
.................... #ifndef LCD_RW_PIN 
....................    #define lcd_output_rw(x) lcdlat.rw=x 
....................    #define lcd_rw_tris()   lcdtris.rw=0 
.................... #else 
....................    #define lcd_output_rw(x) output_bit(LCD_RW_PIN, x) 
....................    #define lcd_rw_tris()  output_drive(LCD_RW_PIN) 
.................... #endif 
....................  
.................... // original version of this library incorrectly labeled LCD_DATA0 as LCD_DATA4, 
.................... // LCD_DATA1 as LCD_DATA5, and so on.  this block of code makes the driver 
.................... // compatible with any code written for the original library 
.................... #if (defined(LCD_DATA0) && defined(LCD_DATA1) && defined(LCD_DATA2) && defined(LCD_DATA3) && !defined(LCD_DATA4) && !defined(LCD_DATA5) && !defined(LCD_DATA6) && !defined(LCD_DATA7)) 
....................    #define  LCD_DATA4    LCD_DATA0 
....................    #define  LCD_DATA5    LCD_DATA1 
....................    #define  LCD_DATA6    LCD_DATA2 
....................    #define  LCD_DATA7    LCD_DATA3 
.................... #endif 
....................  
.................... #ifndef LCD_DATA4 
.................... #ifndef LCD_DATA_PORT 
....................    #if defined(__PCB__) 
....................       #define LCD_DATA_PORT      0x06     //portb 
....................       #define set_tris_lcd(x)   set_tris_b(x) 
....................    #else 
....................      #if defined(PIN_D0) 
....................       #define LCD_DATA_PORT      getenv("SFR:PORTD")     //portd 
....................      #else 
....................       #define LCD_DATA_PORT      getenv("SFR:PORTB")     //portb 
....................      #endif 
....................    #endif    
.................... #endif 
....................  
.................... #if defined(__PCB__) 
....................    LCD_PIN_MAP lcd, lcdlat; 
....................    #byte lcd = LCD_DATA_PORT 
....................    #byte lcdlat = LCD_DATA_PORT 
.................... #elif defined(__PCM__) 
....................    LCD_PIN_MAP lcd, lcdlat, lcdtris; 
....................    #byte lcd = LCD_DATA_PORT 
....................    #byte lcdlat = LCD_DATA_PORT 
....................    #byte lcdtris = LCD_DATA_PORT+0x80 
.................... #elif defined(__PCH__) 
....................    LCD_PIN_MAP lcd, lcdlat, lcdtris; 
....................    #byte lcd = LCD_DATA_PORT 
....................    #byte lcdlat = LCD_DATA_PORT+9 
....................    #byte lcdtris = LCD_DATA_PORT+0x12 
.................... #elif defined(__PCD__) 
....................    LCD_PIN_MAP lcd, lcdlat, lcdtris; 
....................    #word lcd = LCD_DATA_PORT 
....................    #word lcdlat = LCD_DATA_PORT+2 
....................    #word lcdtris = LCD_DATA_PORT-0x02 
.................... #endif 
.................... #endif   //LCD_DATA4 not defined 
....................  
.................... #ifndef LCD_TYPE 
....................    #define LCD_TYPE 2           // 0=5x7, 1=5x10, 2=2 lines 
.................... #endif 
....................  
.................... #ifndef LCD_LINE_TWO 
....................    #define LCD_LINE_TWO 0x40    // LCD RAM address for the second line 
.................... #endif 
....................  
.................... #ifndef LCD_LINE_LENGTH 
....................    #define LCD_LINE_LENGTH 20 
.................... #endif 
....................  
.................... unsigned int8 lcd_read_nibble(void); 
....................  
.................... unsigned int8 lcd_read_byte(void) 
.................... { 
....................    unsigned int8 low,high; 
....................  
....................  #if defined(__PCB__) 
....................    set_tris_lcd(LCD_INPUT_MAP); 
....................  #else 
....................   #if (defined(LCD_DATA4) && defined(LCD_DATA5) && defined(LCD_DATA6) && defined(LCD_DATA7)) 
....................    output_float(LCD_DATA4); 
*
00E7:  BSF    08.4
....................    output_float(LCD_DATA5); 
00E8:  BSF    08.5
....................    output_float(LCD_DATA6); 
00E9:  BSF    08.6
....................    output_float(LCD_DATA7); 
00EA:  BSF    08.7
....................   #else 
....................    lcdtris.data = 0xF; 
....................   #endif 
....................  #endif 
....................          
....................    lcd_output_rw(1); 
00EB:  BCF    03.5
00EC:  BSF    05.4
00ED:  BSF    03.5
00EE:  BCF    05.4
....................    delay_cycles(1); 
00EF:  NOP
....................    lcd_output_enable(1); 
00F0:  BCF    03.5
00F1:  BSF    05.3
00F2:  BSF    03.5
00F3:  BCF    05.3
....................    delay_cycles(1); 
00F4:  NOP
....................    high = lcd_read_nibble(); 
00F5:  BCF    03.5
00F6:  CALL   0AE
00F7:  MOVF   78,W
00F8:  MOVWF  44
....................        
....................    lcd_output_enable(0); 
00F9:  BCF    05.3
00FA:  BSF    03.5
00FB:  BCF    05.3
....................    delay_cycles(1); 
00FC:  NOP
....................    lcd_output_enable(1); 
00FD:  BCF    03.5
00FE:  BSF    05.3
00FF:  BSF    03.5
0100:  BCF    05.3
....................    delay_us(1); 
0101:  GOTO   102
0102:  GOTO   103
0103:  NOP
....................    low = lcd_read_nibble(); 
0104:  BCF    03.5
0105:  CALL   0AE
0106:  MOVF   78,W
0107:  MOVWF  43
....................        
....................    lcd_output_enable(0); 
0108:  BCF    05.3
0109:  BSF    03.5
010A:  BCF    05.3
....................  
....................  #if defined(__PCB__) 
....................    set_tris_lcd(LCD_OUTPUT_MAP); 
....................  #else 
....................   #if (defined(LCD_DATA4) && defined(LCD_DATA5) && defined(LCD_DATA6) && defined(LCD_DATA7)) 
....................    output_drive(LCD_DATA4); 
010B:  BCF    08.4
....................    output_drive(LCD_DATA5); 
010C:  BCF    08.5
....................    output_drive(LCD_DATA6); 
010D:  BCF    08.6
....................    output_drive(LCD_DATA7); 
010E:  BCF    08.7
....................   #else 
....................    lcdtris.data = 0x0; 
....................   #endif 
....................  #endif 
....................  
....................    return( (high<<4) | low); 
010F:  BCF    03.5
0110:  SWAPF  44,W
0111:  MOVWF  77
0112:  MOVLW  F0
0113:  ANDWF  77,F
0114:  MOVF   77,W
0115:  IORWF  43,W
0116:  MOVWF  78
.................... } 
....................  
.................... unsigned int8 lcd_read_nibble(void) 
.................... { 
....................   #if (defined(LCD_DATA4) && defined(LCD_DATA5) && defined(LCD_DATA6) && defined(LCD_DATA7)) 
*
00AE:  CLRF   45
....................    unsigned int8 n = 0x00; 
....................  
....................    /* Read the data port */ 
....................    n |= input(LCD_DATA4); 
00AF:  BSF    03.5
00B0:  BSF    08.4
00B1:  MOVLW  00
00B2:  BCF    03.5
00B3:  BTFSC  08.4
00B4:  MOVLW  01
00B5:  IORWF  45,F
....................    n |= input(LCD_DATA5) << 1; 
00B6:  BSF    03.5
00B7:  BSF    08.5
00B8:  MOVLW  00
00B9:  BCF    03.5
00BA:  BTFSC  08.5
00BB:  MOVLW  01
00BC:  MOVWF  77
00BD:  BCF    03.0
00BE:  RLF    77,F
00BF:  MOVF   77,W
00C0:  IORWF  45,F
....................    n |= input(LCD_DATA6) << 2; 
00C1:  BSF    03.5
00C2:  BSF    08.6
00C3:  MOVLW  00
00C4:  BCF    03.5
00C5:  BTFSC  08.6
00C6:  MOVLW  01
00C7:  MOVWF  77
00C8:  RLF    77,F
00C9:  RLF    77,F
00CA:  MOVLW  FC
00CB:  ANDWF  77,F
00CC:  MOVF   77,W
00CD:  IORWF  45,F
....................    n |= input(LCD_DATA7) << 3; 
00CE:  BSF    03.5
00CF:  BSF    08.7
00D0:  MOVLW  00
00D1:  BCF    03.5
00D2:  BTFSC  08.7
00D3:  MOVLW  01
00D4:  MOVWF  77
00D5:  RLF    77,F
00D6:  RLF    77,F
00D7:  RLF    77,F
00D8:  MOVLW  F8
00D9:  ANDWF  77,F
00DA:  MOVF   77,W
00DB:  IORWF  45,F
....................     
....................    return(n); 
00DC:  MOVF   45,W
00DD:  MOVWF  78
....................   #else 
00DE:  RETURN
....................    return(lcd.data); 
....................   #endif 
.................... } 
....................  
.................... void lcd_send_nibble(unsigned int8 n) 
.................... { 
....................   #if (defined(LCD_DATA4) && defined(LCD_DATA5) && defined(LCD_DATA6) && defined(LCD_DATA7)) 
....................    /* Write to the data port */ 
....................    output_bit(LCD_DATA4, bit_test(n, 0)); 
*
007E:  BTFSC  44.0
007F:  GOTO   082
0080:  BCF    08.4
0081:  GOTO   083
0082:  BSF    08.4
0083:  BSF    03.5
0084:  BCF    08.4
....................    output_bit(LCD_DATA5, bit_test(n, 1)); 
0085:  BCF    03.5
0086:  BTFSC  44.1
0087:  GOTO   08A
0088:  BCF    08.5
0089:  GOTO   08B
008A:  BSF    08.5
008B:  BSF    03.5
008C:  BCF    08.5
....................    output_bit(LCD_DATA6, bit_test(n, 2)); 
008D:  BCF    03.5
008E:  BTFSC  44.2
008F:  GOTO   092
0090:  BCF    08.6
0091:  GOTO   093
0092:  BSF    08.6
0093:  BSF    03.5
0094:  BCF    08.6
....................    output_bit(LCD_DATA7, bit_test(n, 3)); 
0095:  BCF    03.5
0096:  BTFSC  44.3
0097:  GOTO   09A
0098:  BCF    08.7
0099:  GOTO   09B
009A:  BSF    08.7
009B:  BSF    03.5
009C:  BCF    08.7
....................   #else       
....................    lcdlat.data = n; 
....................   #endif 
....................        
....................    delay_cycles(1); 
009D:  NOP
....................    lcd_output_enable(1); 
009E:  BCF    03.5
009F:  BSF    05.3
00A0:  BSF    03.5
00A1:  BCF    05.3
....................    delay_us(2); 
00A2:  MOVLW  02
00A3:  MOVWF  77
00A4:  DECFSZ 77,F
00A5:  GOTO   0A4
00A6:  GOTO   0A7
00A7:  NOP
....................    lcd_output_enable(0); 
00A8:  BCF    03.5
00A9:  BCF    05.3
00AA:  BSF    03.5
00AB:  BCF    05.3
00AC:  BCF    03.5
00AD:  RETURN
.................... } 
....................  
.................... void lcd_send_byte(unsigned int8 address, unsigned int8 n) 
.................... { 
....................   #if defined(__PCB__) 
....................    set_tris_lcd(LCD_OUTPUT_MAP); 
....................   #else 
....................    lcd_enable_tris(); 
*
00DF:  BSF    03.5
00E0:  BCF    05.3
....................    lcd_rs_tris(); 
00E1:  BCF    05.5
....................    lcd_rw_tris(); 
00E2:  BCF    05.4
....................   #endif 
....................  
....................    lcd_output_rs(0); 
00E3:  BCF    03.5
00E4:  BCF    05.5
00E5:  BSF    03.5
00E6:  BCF    05.5
....................    while ( bit_test(lcd_read_byte(),7) ) ; 
*
0117:  MOVF   78,W
0118:  MOVWF  43
0119:  BTFSS  43.7
011A:  GOTO   11D
011B:  BSF    03.5
011C:  GOTO   0E7
....................    lcd_output_rs(address); 
011D:  MOVF   41,F
011E:  BTFSS  03.2
011F:  GOTO   122
0120:  BCF    05.5
0121:  GOTO   123
0122:  BSF    05.5
0123:  BSF    03.5
0124:  BCF    05.5
....................    delay_cycles(1); 
0125:  NOP
....................    lcd_output_rw(0); 
0126:  BCF    03.5
0127:  BCF    05.4
0128:  BSF    03.5
0129:  BCF    05.4
....................    delay_cycles(1); 
012A:  NOP
....................    lcd_output_enable(0); 
012B:  BCF    03.5
012C:  BCF    05.3
012D:  BSF    03.5
012E:  BCF    05.3
....................    lcd_send_nibble(n >> 4); 
012F:  BCF    03.5
0130:  SWAPF  42,W
0131:  MOVWF  43
0132:  MOVLW  0F
0133:  ANDWF  43,F
0134:  MOVF   43,W
0135:  MOVWF  44
0136:  CALL   07E
....................    lcd_send_nibble(n & 0xf); 
0137:  MOVF   42,W
0138:  ANDLW  0F
0139:  MOVWF  43
013A:  MOVWF  44
013B:  CALL   07E
013C:  RETURN
.................... } 
....................  
.................... #if defined(LCD_EXTENDED_NEWLINE) 
.................... unsigned int8 g_LcdX, g_LcdY; 
.................... #endif 
....................  
.................... void lcd_init(void)  
.................... { 
....................    unsigned int8 i; 
....................    unsigned int8 LCD_INIT_STRING[4] = {0x20 | (LCD_TYPE << 2), 0xc, 1, 6}; 
013D:  MOVLW  28
013E:  MOVWF  33
013F:  MOVLW  0C
0140:  MOVWF  34
0141:  MOVLW  01
0142:  MOVWF  35
0143:  MOVLW  06
0144:  MOVWF  36
....................                              // These bytes need to be sent to the LCD 
....................                              // to start it up. 
....................     
....................  
....................    lcd_output_enable(0); 
0145:  BCF    05.3
0146:  BSF    03.5
0147:  BCF    05.3
....................    lcd_output_rs(0); 
0148:  BCF    03.5
0149:  BCF    05.5
014A:  BSF    03.5
014B:  BCF    05.5
....................    lcd_output_rw(0); 
014C:  BCF    03.5
014D:  BCF    05.4
014E:  BSF    03.5
014F:  BCF    05.4
....................  
....................  #if defined(__PCB__) 
....................    set_tris_lcd(LCD_OUTPUT_MAP); 
....................  #else 
....................   #if (defined(LCD_DATA4) && defined(LCD_DATA5) && defined(LCD_DATA6) && defined(LCD_DATA7)) 
....................    output_drive(LCD_DATA4); 
0150:  BCF    08.4
....................    output_drive(LCD_DATA5); 
0151:  BCF    08.5
....................    output_drive(LCD_DATA6); 
0152:  BCF    08.6
....................    output_drive(LCD_DATA7); 
0153:  BCF    08.7
....................   #else 
....................    lcdtris.data = 0x0; 
....................   #endif 
....................    lcd_enable_tris(); 
0154:  BCF    05.3
....................    lcd_rs_tris(); 
0155:  BCF    05.5
....................    lcd_rw_tris(); 
0156:  BCF    05.4
....................  #endif 
....................      
....................    delay_ms(15); 
0157:  MOVLW  0F
0158:  BCF    03.5
0159:  MOVWF  3D
015A:  CALL   06A
....................    for(i=1;i<=3;++i) 
015B:  MOVLW  01
015C:  MOVWF  32
015D:  MOVF   32,W
015E:  SUBLW  03
015F:  BTFSS  03.0
0160:  GOTO   169
....................    { 
....................        lcd_send_nibble(3); 
0161:  MOVLW  03
0162:  MOVWF  44
0163:  CALL   07E
....................        delay_ms(5); 
0164:  MOVLW  05
0165:  MOVWF  3D
0166:  CALL   06A
0167:  INCF   32,F
0168:  GOTO   15D
....................    } 
....................     
....................    lcd_send_nibble(2); 
0169:  MOVLW  02
016A:  MOVWF  44
016B:  CALL   07E
....................    delay_ms(5); 
016C:  MOVLW  05
016D:  MOVWF  3D
016E:  CALL   06A
....................    for(i=0;i<=3;++i) 
016F:  CLRF   32
0170:  MOVF   32,W
0171:  SUBLW  03
0172:  BTFSS  03.0
0173:  GOTO   180
....................       lcd_send_byte(0,LCD_INIT_STRING[i]); 
0174:  MOVLW  33
0175:  ADDWF  32,W
0176:  MOVWF  04
0177:  BCF    03.7
0178:  MOVF   00,W
0179:  MOVWF  37
017A:  CLRF   41
017B:  MOVF   37,W
017C:  MOVWF  42
017D:  CALL   0DF
....................  
....................   #if defined(LCD_EXTENDED_NEWLINE) 
017E:  INCF   32,F
017F:  GOTO   170
0180:  BCF    0A.3
0181:  BCF    0A.4
0182:  GOTO   2CD (RETURN)
....................    g_LcdX = 0; 
....................    g_LcdY = 0; 
....................   #endif 
.................... } 
....................  
.................... void lcd_gotoxy(unsigned int8 x, unsigned int8 y) 
.................... { 
....................    unsigned int8 address; 
....................     
....................    if(y!=1) 
*
018F:  DECFSZ 3E,W
0190:  GOTO   192
0191:  GOTO   195
....................       address=LCD_LINE_TWO; 
0192:  MOVLW  40
0193:  MOVWF  3F
0194:  GOTO   196
....................    else 
....................       address=0; 
0195:  CLRF   3F
....................       
....................    address+=x-1; 
0196:  MOVLW  01
0197:  SUBWF  3D,W
0198:  ADDWF  3F,F
....................    lcd_send_byte(0,0x80|address); 
0199:  MOVF   3F,W
019A:  IORLW  80
019B:  MOVWF  40
019C:  CLRF   41
019D:  MOVF   40,W
019E:  MOVWF  42
019F:  CALL   0DF
....................  
....................   #if defined(LCD_EXTENDED_NEWLINE) 
01A0:  RETURN
....................    g_LcdX = x - 1; 
....................    g_LcdY = y - 1; 
....................   #endif 
.................... } 
....................  
.................... void lcd_putc(char c) 
.................... { 
....................    switch (c) 
01A1:  MOVF   3C,W
01A2:  XORLW  07
01A3:  BTFSC  03.2
01A4:  GOTO   1AF
01A5:  XORLW  0B
01A6:  BTFSC  03.2
01A7:  GOTO   1B4
01A8:  XORLW  06
01A9:  BTFSC  03.2
01AA:  GOTO   1BC
01AB:  XORLW  02
01AC:  BTFSC  03.2
01AD:  GOTO   1C2
01AE:  GOTO   1C7
....................    { 
....................       case '\a'   :  lcd_gotoxy(1,1);     break; 
01AF:  MOVLW  01
01B0:  MOVWF  3D
01B1:  MOVWF  3E
01B2:  CALL   18F
01B3:  GOTO   1CC
....................  
....................       case '\f'   :  lcd_send_byte(0,1); 
01B4:  CLRF   41
01B5:  MOVLW  01
01B6:  MOVWF  42
01B7:  CALL   0DF
....................                      delay_ms(2); 
01B8:  MOVLW  02
01B9:  MOVWF  3D
01BA:  CALL   06A
....................                     #if defined(LCD_EXTENDED_NEWLINE) 
....................                      g_LcdX = 0; 
....................                      g_LcdY = 0; 
....................                     #endif 
....................                      break; 
01BB:  GOTO   1CC
....................  
....................      #if defined(LCD_EXTENDED_NEWLINE) 
....................       case '\r'   :  lcd_gotoxy(1, g_LcdY+1);   break; 
....................       case '\n'   : 
....................          while (g_LcdX++ < LCD_LINE_LENGTH) 
....................          { 
....................             lcd_send_byte(1, ' '); 
....................          } 
....................          lcd_gotoxy(1, g_LcdY+2); 
....................          break; 
....................      #else 
....................       case '\n'   : lcd_gotoxy(1,2);        break; 
01BC:  MOVLW  01
01BD:  MOVWF  3D
01BE:  MOVLW  02
01BF:  MOVWF  3E
01C0:  CALL   18F
01C1:  GOTO   1CC
....................      #endif 
....................       
....................       case '\b'   : lcd_send_byte(0,0x10);  break; 
01C2:  CLRF   41
01C3:  MOVLW  10
01C4:  MOVWF  42
01C5:  CALL   0DF
01C6:  GOTO   1CC
....................       
....................      #if defined(LCD_EXTENDED_NEWLINE) 
....................       default     :  
....................          if (g_LcdX < LCD_LINE_LENGTH) 
....................          { 
....................             lcd_send_byte(1, c); 
....................             g_LcdX++; 
....................          } 
....................          break; 
....................      #else 
....................       default     : lcd_send_byte(1,c);     break; 
01C7:  MOVLW  01
01C8:  MOVWF  41
01C9:  MOVF   3C,W
01CA:  MOVWF  42
01CB:  CALL   0DF
....................      #endif 
....................    } 
01CC:  RETURN
.................... } 
....................   
.................... char lcd_getc(unsigned int8 x, unsigned int8 y) 
.................... { 
....................    char value; 
....................  
....................    lcd_gotoxy(x,y); 
....................    while ( bit_test(lcd_read_byte(),7) ); // wait until busy flag is low 
....................    lcd_output_rs(1); 
....................    value = lcd_read_byte(); 
....................    lcd_output_rs(0); 
....................     
....................    return(value); 
.................... } 
....................  
.................... // write a custom character to the ram 
.................... // which is 0-7 and specifies which character array we are modifying. 
.................... // ptr points to an array of 8 bytes, where each byte is the next row of 
.................... //    pixels.  only bits 0-4 are used.  the last row is the cursor row, and 
.................... //    usually you will want to leave this byte 0x00. 
.................... void lcd_set_cgram_char(unsigned int8 which, unsigned int8 *ptr) 
.................... { 
....................    unsigned int i; 
....................  
....................    which <<= 3; 
....................    which &= 0x38; 
....................  
....................    lcd_send_byte(0, 0x40 | which);  //set cgram address 
....................  
....................    for(i=0; i<8; i++) 
....................    { 
....................       lcd_send_byte(1, *ptr++); 
....................    } 
....................    
....................    #if defined(LCD_EXTENDED_NEWLINE) 
....................     lcd_gotoxy(g_LcdX+1, g_LcdY+1);  //set ddram address 
....................    #endif 
.................... } 
....................  
.................... void lcd_cursor_on(int1 on) 
.................... { 
....................    if (on) 
....................    { 
....................       lcd_send_byte(0,0x0F);           //turn LCD cursor ON 
....................    } 
....................    else 
....................    { 
....................       lcd_send_byte(0,0x0C);           //turn LCD cursor OFF 
....................    } 
.................... } 
....................  
.................... #endif 
....................  
.................... #include <kbd4x4_b.c> 
.................... /////////////////////////////////////////////////////////////////////////// 
.................... ////                             KBD4x4_1.C                                //// 
.................... ////                  Generic keypad scan driver                       //// 
.................... ////                                                                   //// 
.................... ////  kbd_init()   Must be called before any other function.           //// 
.................... ////                                                                   //// 
.................... ////  c = kbd_getc(c)  Will return a key value if pressed or /0 if not //// 
.................... ////                   This function should be called frequently so as //// 
.................... ////                   not to miss a key press.                        //// 
.................... ////                                                                   //// 
.................... /////////////////////////////////////////////////////////////////////////// 
.................... ////        (C) Copyright 1996,2003 Custom Computer Services           //// 
.................... //// This source code may only be used by licensed users of the CCS C  //// 
.................... //// compiler.  This source code may only be distributed to other      //// 
.................... //// licensed users of the CCS C compiler.  No other use, reproduction //// 
.................... //// or distribution is permitted without written permission.          //// 
.................... //// Derivative programs created using this software in object code    //// 
.................... //// form are not restricted in any way.                               //// 
.................... /////////////////////////////////////////////////////////////////////////// 
....................  
.................... ////////////////// The following defines the keypad layout on port D 
....................  
.................... // Un-comment the following define to use port B 
.................... #define use_portb_kbd TRUE 
....................  
.................... // Make sure the port used has pull-up resistors (or the LCD) on 
.................... // the column pins 
....................  
....................  
.................... #if defined(__PCH__) 
.................... #if defined use_portb_kbd 
....................    #byte kbd = 0xF81                   // This puts the entire structure 
.................... #else 
....................    #byte kbd = 0xF83                   // This puts the entire structure 
.................... #endif 
.................... #else 
.................... #if defined use_portb_kbd 
....................    #byte kbd = 6                  // on to port B (at address 6) 
.................... #else 
....................    #byte kbd = 8                 // on to port D (at address 8) 
.................... #endif 
.................... #endif 
....................  
.................... #if defined use_portb_kbd 
....................    #define set_tris_kbd(x) set_tris_b(x) 
.................... #else 
....................    #define set_tris_kbd(x) set_tris_d(x) 
.................... #endif 
....................  
....................  
....................  
.................... //Keypad connection:   (for example column 0 is B2) 
.................... //                Bx: 
....................  
.................... #ifdef blue_keypad  ///////////////////////////////////// For the blue keypad 
.................... #define COL0 (1 << 2) 
.................... #define COL1 (1 << 3) 
.................... #define COL2 (1 << 6) 
....................  
.................... #define ROW0 (1 << 4) 
.................... #define ROW1 (1 << 7) 
.................... #define ROW2 (1 << 1) 
.................... #define ROW3 (1 << 5) 
....................  
.................... #else ////////////////////////////////////////////////// For the black keypad 
.................... #define COL0 (1 << 4) 
.................... #define COL1 (1 << 5) 
.................... #define COL2 (1 << 6) 
.................... #define COL3 (1 << 7) 
....................  
.................... #define ROW0 (1 << 0) 
.................... #define ROW1 (1 << 1) 
.................... #define ROW2 (1 << 2) 
.................... #define ROW3 (1 << 3) 
....................  
.................... #endif 
....................  
.................... #define ALL_ROWS (ROW0|ROW1|ROW2|ROW3) 
.................... #define ALL_PINS (ALL_ROWS|COL0|COL1|COL2|COL3) 
....................  
.................... // Keypad layout: 
.................... char const KEYS[4][4] = {{'7','8','9','/'}, 
....................                          {'4','5','6','*'}, 
....................                          {'1','2','3','-'}, 
....................                          {'C','0','=','+'}}; 
....................  
.................... #define KBD_DEBOUNCE_FACTOR 33    // Set this number to apx n/333 where 
....................                                   // n is the number of times you expect 
....................                                   // to call kbd_getc each second 
....................  
....................  
.................... void kbd_init() { 
*
0183:  BCF    0A.3
0184:  BCF    0A.4
0185:  GOTO   2CE (RETURN)
.................... } 
....................  
.................... char kbd_getc( ) { 
....................    static BYTE kbd_call_count; 
*
02C7:  BCF    03.5
02C8:  CLRF   2B
....................    static int1 kbd_down; 
02C9:  BCF    2C.0
....................    static char last_key; 
02CA:  CLRF   2D
....................    static BYTE col; 
02CB:  CLRF   2E
....................  
....................    BYTE kchar; 
....................    BYTE row; 
....................  
....................    kchar='\0'; 
....................    if(++kbd_call_count>KBD_DEBOUNCE_FACTOR) { 
....................        switch (col) { 
....................          case 0   : set_tris_kbd(ALL_PINS&~COL0); 
....................                     kbd=~COL0&ALL_PINS; 
....................                     break; 
....................          case 1   : set_tris_kbd(ALL_PINS&~COL1); 
....................                     kbd=~COL1&ALL_PINS; 
....................                     break; 
....................          case 2   : set_tris_kbd(ALL_PINS&~COL2); 
....................                     kbd=~COL2&ALL_PINS; 
....................                     break; 
....................          case 3   : set_tris_kbd(ALL_PINS&~COL3); 
....................                     kbd=~COL3&ALL_PINS; 
....................                     break; 
....................        } 
....................  
....................        if(kbd_down) { 
....................          if((kbd & (ALL_ROWS))==(ALL_ROWS)) { 
....................            kbd_down=FALSE; 
....................            kchar=last_key; 
....................            last_key='\0'; 
....................          } 
....................        } else { 
....................           if((kbd & (ALL_ROWS))!=(ALL_ROWS)) { 
....................              if((kbd & ROW0)==0) 
....................                row=0; 
....................              else if((kbd & ROW1)==0) 
....................                row=1; 
....................              else if((kbd & ROW2)==0) 
....................                row=2; 
....................              else if((kbd & ROW3)==0) 
....................                row=3; 
....................              last_key =KEYS[row][col]; 
....................              kbd_down = TRUE; 
....................           } else { 
....................              ++col; 
....................              if(col==4) 
....................                col=0; 
....................           } 
....................        } 
....................       kbd_call_count=0; 
....................    } 
....................   set_tris_kbd(ALL_PINS); 
....................   return(kchar); 
.................... } 
....................  
.................... #include <getNum16.c> 
.................... /* 
....................    ** Se requiere haber inicializado el lcd y el teclado **  
....................     
....................    Usar como "int16 numero = get_num();" no puede borrar numeros 
....................     
....................    Al usar como "int16 numero = get_num_lcd(cursor_x,cursor_y)" 
....................    se pueden borrar caracteres con '-' y con 'C' 
....................        
....................    Por Angel Primitivo Vejar Cortés 2022 | angel-primi@hotmail.com 
.................... */ 
....................  
.................... unsigned int32 pow(int8 base, int8 power){ 
....................    int32 result = 1; 
....................    for(int8 i = 0; i < power; i++){ 
....................       result *= base; 
....................    } 
....................    return result; 
.................... } 
....................  
.................... char read_key(){ 
....................    char c; 
....................    do{ 
....................       c=kbd_getc(); 
....................    } 
....................    while(c=='\0');  
....................    return(c); 
.................... } 
....................  
.................... int16 get_num_lcd(int8 x, int8 y){ 
....................    lcd_gotoxy(x,y); 
....................    int16 numero = 0; 
....................    char cadena[5] = {0,0,0,0,0}; 
....................    int8 index = 0; 
....................    char tecla; 
....................    do { 
....................       tecla = read_key(); 
....................       if((tecla >= 48) && (tecla <= 57))  
....................       { 
....................          cadena[index] = tecla; 
....................          index++; 
....................          printf(lcd_putc,"%c",tecla); 
....................       } 
....................        
....................       if(tecla == '-' && index > 0){ 
....................          index--; 
....................          cadena[index] = 0; 
....................          lcd_gotoxy(x + index,y); 
....................          printf(lcd_putc," "); 
....................          lcd_gotoxy(x + index,y); 
....................       } 
....................        
....................       if(tecla == 'C' && index > 0){ 
....................          index=0; 
....................          cadena[0] = 0; 
....................          cadena[1] = 0; 
....................          cadena[2] = 0; 
....................          cadena[3] = 0; 
....................          cadena[4] = 0; 
....................          lcd_gotoxy(x,y); 
....................          printf(lcd_putc,"     "); 
....................          lcd_gotoxy(x,y); 
....................       } 
....................        
....................       if(tecla == '=' && index > 0){ 
....................          break;      
....................       } 
....................    }while(index < 5); 
....................     
....................    for(int8 i = 0; i < index; i++){ 
....................       numero += (cadena[i] - 48) * (pow(10,index - 1 - i)); 
....................    }   
....................    return numero; 
.................... } 
....................  
.................... int16 get_num() { 
....................    int16 numero = 0; 
....................    char cadena[5] = {0,0,0,0,0}; 
....................    int8 index = 0; 
....................    char tecla; 
....................    do { 
....................       tecla = read_key(); 
....................       if((tecla >= 48) && (tecla <= 57))  
....................       { 
....................          cadena[index] = tecla; 
....................          index++; 
....................          printf(lcd_putc,"%c",tecla); 
....................       } 
....................        
....................       if(tecla == '=' && index > 0){ 
....................          break;      
....................       } 
....................    }while(index < 5); 
....................     
....................    for(int8 i = 0; i < index; i++){ 
....................       numero += (cadena[i] - 48) * (pow(10,index - 1 - i)); 
....................    }   
....................    return numero; 
.................... } 
....................  
....................  
.................... #use rs232(BAUD = 9600, XMIT = PIN_C6, RCV = PIN_C7) 
....................  
.................... #define MA1 PIN_B0 
.................... #define MA2 PIN_B1 
....................  
.................... char char_in; 
.................... int16 tiempo; 
.................... int1 cambio = 0; 
.................... int1 delay_paro(int16 segundos); 
....................  
.................... #INT_RDA 
.................... void rda_isr() { 
....................   char_in = getc(); 
*
0054:  BTFSS  0C.5
0055:  GOTO   054
0056:  MOVF   1A,W
0057:  MOVWF  2F
....................   if (char_in == '1' || char_in == '3') { 
0058:  MOVF   2F,W
0059:  SUBLW  31
005A:  BTFSC  03.2
005B:  GOTO   060
005C:  MOVF   2F,W
005D:  SUBLW  33
005E:  BTFSS  03.2
005F:  GOTO   065
....................     tiempo = getc(); 
0060:  BTFSS  0C.5
0061:  GOTO   060
0062:  MOVF   1A,W
0063:  CLRF   31
0064:  MOVWF  30
....................   } 
....................   cambio = 1; 
0065:  BSF    2C.1
0066:  BCF    0C.5
0067:  BCF    0A.3
0068:  BCF    0A.4
0069:  GOTO   02D
.................... } 
....................  
.................... void paro(){ 
....................    output_low(MA1); 
*
0186:  BSF    03.5
0187:  BCF    06.0
0188:  BCF    03.5
0189:  BCF    06.0
....................    output_low(MA2); 
018A:  BSF    03.5
018B:  BCF    06.1
018C:  BCF    03.5
018D:  BCF    06.1
018E:  RETURN
.................... } 
....................  
.................... int1 delay_paro(int16 segundos){ 
....................    for(int16 i = 0; i < segundos * 100; i++){ 
*
0230:  CLRF   36
0231:  CLRF   35
0232:  MOVF   34,W
0233:  MOVWF  38
0234:  MOVF   33,W
0235:  MOVWF  37
0236:  CLRF   3A
0237:  MOVLW  64
0238:  MOVWF  39
*
024D:  MOVF   79,W
024E:  MOVWF  7A
024F:  MOVF   36,W
0250:  SUBWF  7A,W
0251:  BTFSS  03.0
0252:  GOTO   268
0253:  BTFSS  03.2
0254:  GOTO   259
0255:  MOVF   78,W
0256:  SUBWF  35,W
0257:  BTFSC  03.0
0258:  GOTO   268
....................       delay_ms(10); 
0259:  MOVLW  0A
025A:  MOVWF  3D
025B:  CALL   06A
....................       if(char_in == '='){ 
025C:  MOVF   2F,W
025D:  SUBLW  3D
025E:  BTFSS  03.2
025F:  GOTO   264
....................          paro(); 
0260:  CALL   186
....................          return 1; 
0261:  MOVLW  01
0262:  MOVWF  78
0263:  GOTO   26A
....................       } 
0264:  INCF   35,F
0265:  BTFSC  03.2
0266:  INCF   36,F
0267:  GOTO   232
....................   } 
....................    return 0; 
0268:  MOVLW  00
0269:  MOVWF  78
026A:  RETURN
.................... } 
....................  
.................... void girar_izq(){ 
026B:  CLRF   32
....................    int8 i = 0; 
....................    while(i < 1){ 
026C:  MOVF   32,F
026D:  BTFSS  03.2
026E:  GOTO   28C
....................       printf(lcd_putc,"\f%lu",tiempo); 
026F:  MOVLW  0C
0270:  MOVWF  3C
0271:  CALL   1A1
0272:  MOVLW  10
0273:  MOVWF  04
0274:  MOVF   31,W
0275:  MOVWF  34
0276:  MOVF   30,W
0277:  MOVWF  33
0278:  CALL   1CD
....................       output_low(MA1); 
0279:  BSF    03.5
027A:  BCF    06.0
027B:  BCF    03.5
027C:  BCF    06.0
....................       output_high(MA2); 
027D:  BSF    03.5
027E:  BCF    06.1
027F:  BCF    03.5
0280:  BSF    06.1
....................       if(delay_paro(tiempo) == 1)break; 
0281:  MOVF   31,W
0282:  MOVWF  34
0283:  MOVF   30,W
0284:  MOVWF  33
0285:  CALL   230
0286:  DECFSZ 78,W
0287:  GOTO   289
0288:  GOTO   28C
....................       paro(); 
0289:  CALL   186
....................       i++; 
028A:  INCF   32,F
028B:  GOTO   26C
....................    } 
028C:  BCF    0A.3
028D:  BCF    0A.4
028E:  GOTO   2F9 (RETURN)
.................... } 
....................  
.................... void girar_der(){ 
028F:  CLRF   32
....................    int8 i = 0; 
....................    while(i < 1){ 
0290:  MOVF   32,F
0291:  BTFSS  03.2
0292:  GOTO   2B0
....................       printf(lcd_putc,"\f%lu",tiempo); 
0293:  MOVLW  0C
0294:  MOVWF  3C
0295:  CALL   1A1
0296:  MOVLW  10
0297:  MOVWF  04
0298:  MOVF   31,W
0299:  MOVWF  34
029A:  MOVF   30,W
029B:  MOVWF  33
029C:  CALL   1CD
....................       output_high(MA1); 
029D:  BSF    03.5
029E:  BCF    06.0
029F:  BCF    03.5
02A0:  BSF    06.0
....................       output_low(MA2); 
02A1:  BSF    03.5
02A2:  BCF    06.1
02A3:  BCF    03.5
02A4:  BCF    06.1
....................       if(delay_paro(tiempo) == 1)break; 
02A5:  MOVF   31,W
02A6:  MOVWF  34
02A7:  MOVF   30,W
02A8:  MOVWF  33
02A9:  CALL   230
02AA:  DECFSZ 78,W
02AB:  GOTO   2AD
02AC:  GOTO   2B0
....................       paro(); 
02AD:  CALL   186
....................       i++; 
02AE:  INCF   32,F
02AF:  GOTO   290
....................    } 
02B0:  BCF    0A.3
02B1:  BCF    0A.4
02B2:  GOTO   2F9 (RETURN)
.................... } 
....................  
.................... void main() { 
02B3:  MOVF   03,W
02B4:  ANDLW  1F
02B5:  MOVWF  03
02B6:  MOVLW  81
02B7:  BSF    03.5
02B8:  MOVWF  19
02B9:  MOVLW  A6
02BA:  MOVWF  18
02BB:  MOVLW  90
02BC:  BCF    03.5
02BD:  MOVWF  18
02BE:  BCF    2C.1
02BF:  BSF    03.5
02C0:  BSF    1F.0
02C1:  BSF    1F.1
02C2:  BSF    1F.2
02C3:  BCF    1F.3
02C4:  MOVLW  07
02C5:  MOVWF  1C
02C6:  BCF    03.7
....................   // Inicializar pines  
....................   lcd_init(); 
*
02CC:  GOTO   13D
....................   kbd_init(); 
02CD:  GOTO   183
....................    
....................   setup_uart(9600); //Configurar baudios 
02CE:  MOVLW  81
02CF:  BSF    03.5
02D0:  MOVWF  19
02D1:  MOVLW  A6
02D2:  MOVWF  18
02D3:  MOVLW  90
02D4:  BCF    03.5
02D5:  MOVWF  18
....................    
....................   enable_interrupts(INT_RDA); 
02D6:  BSF    03.5
02D7:  BSF    0C.5
....................   enable_interrupts(GLOBAL); 
02D8:  MOVLW  C0
02D9:  BCF    03.5
02DA:  IORWF  0B,F
....................    
....................   output_high(MA1); 
02DB:  BSF    03.5
02DC:  BCF    06.0
02DD:  BCF    03.5
02DE:  BSF    06.0
....................   output_low(MA2); 
02DF:  BSF    03.5
02E0:  BCF    06.1
02E1:  BCF    03.5
02E2:  BCF    06.1
....................   delay_ms(2000); 
02E3:  MOVLW  08
02E4:  MOVWF  32
02E5:  MOVLW  FA
02E6:  MOVWF  3D
02E7:  CALL   06A
02E8:  DECFSZ 32,F
02E9:  GOTO   2E5
....................   paro(); 
02EA:  CALL   186
....................    
....................   while (TRUE) { 
....................     if (cambio) { 
02EB:  BTFSS  2C.1
02EC:  GOTO   2F9
....................       cambio = 0; 
02ED:  BCF    2C.1
....................       switch (char_in) { 
02EE:  MOVF   2F,W
02EF:  XORLW  31
02F0:  BTFSC  03.2
02F1:  GOTO   2F6
02F2:  XORLW  02
02F3:  BTFSC  03.2
02F4:  GOTO   2F8
02F5:  GOTO   2F9
....................       case '1': 
....................         girar_izq(); 
02F6:  GOTO   26B
....................         break; 
02F7:  GOTO   2F9
....................       case '3': 
....................         girar_der(); 
02F8:  GOTO   28F
....................         break; 
....................       } 
....................     } 
02F9:  GOTO   2EB
....................   } 
.................... } 
02FA:  SLEEP

Configuration Fuses:
   Word  1: 3F32   HS NOWDT PUT NOBROWNOUT NOLVP NOCPD NOWRT NODEBUG NOPROTECT
