CCS PCM C Compiler, Version 5.112, 29001               25-abr.-23 10:47

               Filename:   C:\Users\Ernesto VC\Documents\GitHub\Microcontroladores\Bipolar\Bipolar.lst

               ROM used:   2565 words (31%)
                           Largest free fragment is 2048
               RAM used:   42 (11%) at main() level
                           72 (20%) worst case
               Stack used: 5 locations
               Stack size: 8

*
0000:  MOVLW  08
0001:  MOVWF  0A
0002:  GOTO   000
0003:  NOP
.................... //-. Motor bipolar .-
.................... 
.................... #include <16F877a.h>
.................... //////////// Standard Header file for the PIC16F877A device ////////////////
.................... ///////////////////////////////////////////////////////////////////////////
.................... ////        (C) Copyright 1996, 2020 Custom Computer Services          ////
.................... //// This source code may only be used by licensed users of the CCS C  ////
.................... //// compiler.  This source code may only be distributed to other      ////
.................... //// licensed users of the CCS C compiler.  No other use, reproduction ////
.................... //// or distribution is permitted without written permission.          ////
.................... //// Derivative programs created using this software in object code    ////
.................... //// form are not restricted in any way.                               ////
.................... ///////////////////////////////////////////////////////////////////////////
.................... #device PIC16F877A
0004:  BCF    0A.0
0005:  BCF    0A.1
0006:  BCF    0A.2
0007:  ADDWF  02,F
0008:  RETLW  28
0009:  RETLW  0C
000A:  RETLW  01
000B:  RETLW  06
000C:  BCF    0A.0
000D:  BCF    0A.1
000E:  BCF    0A.2
000F:  ADDWF  02,F
0010:  RETLW  31
0011:  RETLW  32
0012:  RETLW  33
0013:  RETLW  2F
0014:  RETLW  34
0015:  RETLW  35
0016:  RETLW  36
0017:  RETLW  2A
0018:  RETLW  37
0019:  RETLW  38
001A:  RETLW  39
001B:  RETLW  2D
001C:  RETLW  43
001D:  RETLW  30
001E:  RETLW  3D
001F:  RETLW  2B
0020:  BCF    0A.0
0021:  BCF    0A.1
0022:  BCF    0A.2
0023:  ADDWF  02,F
0024:  RETLW  08
0025:  RETLW  0A
0026:  RETLW  02
0027:  RETLW  06
0028:  RETLW  04
0029:  RETLW  05
002A:  RETLW  01
002B:  RETLW  09
002C:  DATA 20,10
002D:  DATA 20,10
002E:  DATA 20,00
002F:  DATA 8C,23
0030:  DATA F2,30
0031:  DATA E4,37
0032:  DATA 20,14
0033:  DATA 30,10
0034:  DATA 61,10
0035:  DATA 33,1B
0036:  DATA B0,14
0037:  DATA 3A,00
0038:  DATA 0C,15
0039:  DATA 45,29
003A:  DATA D2,27
003B:  DATA 52,15
003C:  DATA 20,05
003D:  DATA CE,3A
003E:  DATA ED,32
003F:  DATA F2,37
0040:  DATA 20,37
0041:  DATA 6F,10
0042:  DATA F6,30
0043:  DATA EC,34
0044:  DATA E4,37
0045:  DATA 00,00
0046:  DATA 0C,28
0047:  DATA E1,39
0048:  DATA EF,39
0049:  DATA 20,3A
004A:  DATA 6F,3A
004B:  DATA 61,36
004C:  DATA BA,12
004D:  DATA 66,05
004E:  DATA D0,30
004F:  DATA F3,37
0050:  DATA A0,30
0051:  DATA 63,3A
0052:  DATA F5,30
0053:  DATA 6C,1D
0054:  DATA 25,33
0055:  DATA 00,00
0056:  DATA 0C,28
0057:  DATA E1,39
0058:  DATA EF,39
0059:  DATA 20,3A
005A:  DATA 6F,3A
005B:  DATA 61,36
005C:  DATA BA,12
005D:  DATA 66,05
005E:  DATA D0,30
005F:  DATA F3,37
0060:  DATA A0,30
0061:  DATA 63,3A
0062:  DATA F5,30
0063:  DATA 6C,1D
0064:  DATA 25,33
0065:  DATA 00,01
0066:  DATA 0C,28
0067:  DATA E1,39
0068:  DATA EF,39
0069:  DATA 20,3A
006A:  DATA 6F,3A
006B:  DATA 61,36
006C:  DATA BA,12
006D:  DATA 66,05
006E:  DATA D0,30
006F:  DATA F3,37
0070:  DATA A0,30
0071:  DATA 63,3A
0072:  DATA F5,30
0073:  DATA 6C,1D
0074:  DATA 25,33
0075:  DATA 00,00
*
014E:  MOVF   0B,W
014F:  MOVWF  4D
0150:  BCF    0B.7
0151:  BSF    03.5
0152:  BSF    03.6
0153:  BSF    0C.7
0154:  BSF    0C.0
0155:  NOP
0156:  NOP
0157:  BCF    03.5
0158:  BCF    03.6
0159:  BTFSC  4D.7
015A:  BSF    0B.7
015B:  BSF    03.6
015C:  MOVF   0C,W
015D:  ANDLW  7F
015E:  BTFSC  03.2
015F:  GOTO   1A2
0160:  BCF    03.6
0161:  MOVWF  4D
0162:  BSF    03.6
0163:  MOVF   0D,W
0164:  BCF    03.6
0165:  MOVWF  4E
0166:  BSF    03.6
0167:  MOVF   0F,W
0168:  BCF    03.6
0169:  MOVWF  4F
016A:  MOVF   4D,W
016B:  MOVWF  50
016C:  CALL   12A
016D:  MOVF   4E,W
016E:  BSF    03.6
016F:  MOVWF  0D
0170:  BCF    03.6
0171:  MOVF   4F,W
0172:  BSF    03.6
0173:  MOVWF  0F
0174:  BCF    03.6
0175:  MOVF   0B,W
0176:  MOVWF  50
0177:  BCF    0B.7
0178:  BSF    03.5
0179:  BSF    03.6
017A:  BSF    0C.7
017B:  BSF    0C.0
017C:  NOP
017D:  NOP
017E:  BCF    03.5
017F:  BCF    03.6
0180:  BTFSC  50.7
0181:  BSF    0B.7
0182:  BSF    03.6
0183:  RLF    0C,W
0184:  RLF    0E,W
0185:  ANDLW  7F
0186:  BTFSC  03.2
0187:  GOTO   1A2
0188:  BCF    03.6
0189:  MOVWF  4D
018A:  BSF    03.6
018B:  MOVF   0D,W
018C:  BCF    03.6
018D:  MOVWF  4E
018E:  BSF    03.6
018F:  MOVF   0F,W
0190:  BCF    03.6
0191:  MOVWF  4F
0192:  MOVF   4D,W
0193:  MOVWF  50
0194:  CALL   12A
0195:  MOVF   4E,W
0196:  BSF    03.6
0197:  MOVWF  0D
0198:  BCF    03.6
0199:  MOVF   4F,W
019A:  BSF    03.6
019B:  MOVWF  0F
019C:  INCF   0D,F
019D:  BTFSC  03.2
019E:  INCF   0F,F
019F:  BCF    03.6
01A0:  GOTO   14E
01A1:  BSF    03.6
01A2:  BCF    03.6
01A3:  RETURN
*
020D:  BCF    0A.0
020E:  BSF    0A.1
020F:  BCF    0A.2
0210:  ADDWF  02,F
0211:  GOTO   1B0
0212:  GOTO   1B6
0213:  GOTO   1BC
0214:  GOTO   1C2
0215:  MOVLW  20
0216:  MOVWF  62
0217:  CLRF   5E
0218:  CLRF   5F
0219:  CLRF   60
021A:  CLRF   61
021B:  MOVF   59,W
021C:  MOVWF  7A
021D:  MOVF   58,W
021E:  MOVWF  79
021F:  MOVF   57,W
0220:  MOVWF  78
0221:  MOVF   56,W
0222:  MOVWF  77
0223:  BCF    03.0
0224:  BTFSS  77.0
0225:  GOTO   234
0226:  MOVF   5A,W
0227:  ADDWF  5E,F
0228:  MOVF   5B,W
0229:  BTFSC  03.0
022A:  INCFSZ 5B,W
022B:  ADDWF  5F,F
022C:  MOVF   5C,W
022D:  BTFSC  03.0
022E:  INCFSZ 5C,W
022F:  ADDWF  60,F
0230:  MOVF   5D,W
0231:  BTFSC  03.0
0232:  INCFSZ 5D,W
0233:  ADDWF  61,F
0234:  RRF    61,F
0235:  RRF    60,F
0236:  RRF    5F,F
0237:  RRF    5E,F
0238:  RRF    7A,F
0239:  RRF    79,F
023A:  RRF    78,F
023B:  RRF    77,F
023C:  DECFSZ 62,F
023D:  GOTO   223
023E:  RETURN
*
0317:  MOVLW  8E
0318:  MOVWF  77
0319:  MOVF   42,W
031A:  MOVWF  78
031B:  MOVF   41,W
031C:  MOVWF  79
031D:  CLRF   7A
031E:  MOVF   78,F
031F:  BTFSS  03.2
0320:  GOTO   32B
0321:  MOVF   79,W
0322:  MOVWF  78
0323:  CLRF   79
0324:  MOVLW  08
0325:  SUBWF  77,F
0326:  MOVF   78,F
0327:  BTFSS  03.2
0328:  GOTO   32B
0329:  CLRF   77
032A:  GOTO   333
032B:  BCF    03.0
032C:  BTFSC  78.7
032D:  GOTO   332
032E:  RLF    79,F
032F:  RLF    78,F
0330:  DECF   77,F
0331:  GOTO   32B
0332:  BCF    78.7
0333:  RETURN
0334:  MOVF   42,W
0335:  MOVWF  49
0336:  MOVF   46,W
0337:  XORWF  49,F
0338:  BTFSS  49.7
0339:  GOTO   33F
033A:  BCF    03.2
033B:  BCF    03.0
033C:  BTFSC  42.7
033D:  BSF    03.0
033E:  GOTO   372
033F:  MOVF   42,W
0340:  MOVWF  49
0341:  MOVF   45,W
0342:  MOVWF  4A
0343:  MOVF   41,W
0344:  SUBWF  4A,F
0345:  BTFSC  03.2
0346:  GOTO   34D
0347:  BTFSS  49.7
0348:  GOTO   372
0349:  MOVF   03,W
034A:  XORLW  01
034B:  MOVWF  03
034C:  GOTO   372
034D:  MOVF   46,W
034E:  MOVWF  4A
034F:  MOVF   42,W
0350:  SUBWF  4A,F
0351:  BTFSC  03.2
0352:  GOTO   359
0353:  BTFSS  49.7
0354:  GOTO   372
0355:  MOVF   03,W
0356:  XORLW  01
0357:  MOVWF  03
0358:  GOTO   372
0359:  MOVF   47,W
035A:  MOVWF  4A
035B:  MOVF   43,W
035C:  SUBWF  4A,F
035D:  BTFSC  03.2
035E:  GOTO   365
035F:  BTFSS  49.7
0360:  GOTO   372
0361:  MOVF   03,W
0362:  XORLW  01
0363:  MOVWF  03
0364:  GOTO   372
0365:  MOVF   48,W
0366:  MOVWF  4A
0367:  MOVF   44,W
0368:  SUBWF  4A,F
0369:  BTFSC  03.2
036A:  GOTO   371
036B:  BTFSS  49.7
036C:  GOTO   372
036D:  MOVF   03,W
036E:  XORLW  01
036F:  MOVWF  03
0370:  GOTO   372
0371:  BCF    03.0
0372:  RETURN
0373:  MOVLW  8E
0374:  MOVWF  77
0375:  MOVF   41,W
0376:  SUBWF  77,F
0377:  MOVF   42,W
0378:  MOVWF  79
0379:  MOVF   43,W
037A:  MOVWF  78
037B:  BSF    79.7
037C:  MOVF   77,F
037D:  BTFSC  03.2
037E:  GOTO   38A
037F:  BCF    03.0
0380:  MOVF   79,F
0381:  BTFSS  03.2
0382:  GOTO   386
0383:  MOVF   78,F
0384:  BTFSC  03.2
0385:  GOTO   38A
0386:  RRF    79,F
0387:  RRF    78,F
0388:  DECFSZ 77,F
0389:  GOTO   37F
038A:  BTFSS  42.7
038B:  GOTO   391
038C:  COMF   78,F
038D:  COMF   79,F
038E:  INCF   78,F
038F:  BTFSC  03.2
0390:  INCF   79,F
0391:  BSF    0A.3
0392:  BCF    0A.4
0393:  GOTO   09A (RETURN)
0394:  MOVLW  80
0395:  BTFSC  03.1
0396:  XORWF  46,F
0397:  CLRF   4B
0398:  CLRF   4C
0399:  MOVF   42,W
039A:  MOVWF  4A
039B:  MOVF   46,W
039C:  XORWF  4A,F
039D:  MOVF   41,W
039E:  BTFSC  03.2
039F:  GOTO   484
03A0:  MOVWF  49
03A1:  MOVWF  77
03A2:  MOVF   45,W
03A3:  BTFSC  03.2
03A4:  GOTO   48D
03A5:  SUBWF  49,F
03A6:  BTFSC  03.2
03A7:  GOTO   429
03A8:  BTFSS  03.0
03A9:  GOTO   3E7
03AA:  MOVF   46,W
03AB:  MOVWF  4F
03AC:  BSF    4F.7
03AD:  MOVF   47,W
03AE:  MOVWF  4E
03AF:  MOVF   48,W
03B0:  MOVWF  4D
03B1:  CLRF   4C
03B2:  BCF    03.0
03B3:  RRF    4F,F
03B4:  RRF    4E,F
03B5:  RRF    4D,F
03B6:  RRF    4C,F
03B7:  DECFSZ 49,F
03B8:  GOTO   3B1
03B9:  BTFSS  4A.7
03BA:  GOTO   3BE
03BB:  BSF    4B.0
03BC:  GOTO   4A1
03BD:  BCF    4B.0
03BE:  BCF    49.0
03BF:  BSF    4B.4
03C0:  MOVLW  44
03C1:  MOVWF  04
03C2:  BCF    03.7
03C3:  GOTO   4B6
03C4:  BCF    4B.4
03C5:  BTFSC  4A.7
03C6:  GOTO   3D1
03C7:  BTFSS  49.0
03C8:  GOTO   3DC
03C9:  RRF    4F,F
03CA:  RRF    4E,F
03CB:  RRF    4D,F
03CC:  RRF    4C,F
03CD:  INCF   77,F
03CE:  BTFSC  03.2
03CF:  GOTO   49C
03D0:  GOTO   3DC
03D1:  BTFSC  4F.7
03D2:  GOTO   3DF
03D3:  BCF    03.0
03D4:  RLF    4C,F
03D5:  RLF    4D,F
03D6:  RLF    4E,F
03D7:  RLF    4F,F
03D8:  DECF   77,F
03D9:  BTFSC  03.2
03DA:  GOTO   49C
03DB:  GOTO   3D1
03DC:  BSF    4B.6
03DD:  GOTO   449
03DE:  BCF    4B.6
03DF:  MOVF   42,W
03E0:  MOVWF  4A
03E1:  BTFSS  4A.7
03E2:  GOTO   3E5
03E3:  BSF    4F.7
03E4:  GOTO   495
03E5:  BCF    4F.7
03E6:  GOTO   495
03E7:  MOVF   45,W
03E8:  MOVWF  49
03E9:  MOVWF  77
03EA:  MOVF   41,W
03EB:  SUBWF  49,F
03EC:  MOVF   42,W
03ED:  MOVWF  4F
03EE:  BSF    4F.7
03EF:  MOVF   43,W
03F0:  MOVWF  4E
03F1:  MOVF   44,W
03F2:  MOVWF  4D
03F3:  CLRF   4C
03F4:  BCF    03.0
03F5:  RRF    4F,F
03F6:  RRF    4E,F
03F7:  RRF    4D,F
03F8:  RRF    4C,F
03F9:  DECFSZ 49,F
03FA:  GOTO   3F3
03FB:  BTFSS  4A.7
03FC:  GOTO   400
03FD:  BSF    4B.1
03FE:  GOTO   4A1
03FF:  BCF    4B.1
0400:  BCF    49.0
0401:  BSF    4B.5
0402:  MOVLW  48
0403:  MOVWF  04
0404:  BCF    03.7
0405:  GOTO   4B6
0406:  BCF    4B.5
0407:  BTFSC  4A.7
0408:  GOTO   413
0409:  BTFSS  49.0
040A:  GOTO   41E
040B:  RRF    4F,F
040C:  RRF    4E,F
040D:  RRF    4D,F
040E:  RRF    4C,F
040F:  INCF   77,F
0410:  BTFSC  03.2
0411:  GOTO   49C
0412:  GOTO   41E
0413:  BTFSC  4F.7
0414:  GOTO   421
0415:  BCF    03.0
0416:  RLF    4C,F
0417:  RLF    4D,F
0418:  RLF    4E,F
0419:  RLF    4F,F
041A:  DECF   77,F
041B:  BTFSC  03.2
041C:  GOTO   49C
041D:  GOTO   413
041E:  BSF    4B.7
041F:  GOTO   449
0420:  BCF    4B.7
0421:  MOVF   46,W
0422:  MOVWF  4A
0423:  BTFSS  4A.7
0424:  GOTO   427
0425:  BSF    4F.7
0426:  GOTO   495
0427:  BCF    4F.7
0428:  GOTO   495
0429:  MOVF   46,W
042A:  MOVWF  4F
042B:  BSF    4F.7
042C:  MOVF   47,W
042D:  MOVWF  4E
042E:  MOVF   48,W
042F:  MOVWF  4D
0430:  BTFSS  4A.7
0431:  GOTO   436
0432:  BCF    4F.7
0433:  BSF    4B.2
0434:  GOTO   4A1
0435:  BCF    4B.2
0436:  CLRF   4C
0437:  BCF    49.0
0438:  MOVLW  44
0439:  MOVWF  04
043A:  BCF    03.7
043B:  GOTO   4B6
043C:  BTFSC  4A.7
043D:  GOTO   45F
043E:  MOVF   42,W
043F:  MOVWF  4A
0440:  BTFSS  49.0
0441:  GOTO   449
0442:  RRF    4F,F
0443:  RRF    4E,F
0444:  RRF    4D,F
0445:  RRF    4C,F
0446:  INCF   77,F
0447:  BTFSC  03.2
0448:  GOTO   49C
0449:  BTFSS  4C.7
044A:  GOTO   45A
044B:  INCF   4D,F
044C:  BTFSS  03.2
044D:  GOTO   45A
044E:  INCF   4E,F
044F:  BTFSS  03.2
0450:  GOTO   45A
0451:  INCF   4F,F
0452:  BTFSS  03.2
0453:  GOTO   45A
0454:  RRF    4F,F
0455:  RRF    4E,F
0456:  RRF    4D,F
0457:  INCF   77,F
0458:  BTFSC  03.2
0459:  GOTO   49C
045A:  BTFSC  4B.6
045B:  GOTO   3DE
045C:  BTFSC  4B.7
045D:  GOTO   420
045E:  GOTO   47E
045F:  MOVLW  80
0460:  XORWF  4F,F
0461:  BTFSS  4F.7
0462:  GOTO   467
0463:  GOTO   4A1
0464:  MOVF   46,W
0465:  MOVWF  4A
0466:  GOTO   474
0467:  MOVF   42,W
0468:  MOVWF  4A
0469:  MOVF   4F,F
046A:  BTFSS  03.2
046B:  GOTO   474
046C:  MOVF   4E,F
046D:  BTFSS  03.2
046E:  GOTO   474
046F:  MOVF   4D,F
0470:  BTFSS  03.2
0471:  GOTO   474
0472:  CLRF   77
0473:  GOTO   495
0474:  BTFSC  4F.7
0475:  GOTO   47E
0476:  BCF    03.0
0477:  RLF    4C,F
0478:  RLF    4D,F
0479:  RLF    4E,F
047A:  RLF    4F,F
047B:  DECFSZ 77,F
047C:  GOTO   474
047D:  GOTO   49C
047E:  BTFSS  4A.7
047F:  GOTO   482
0480:  BSF    4F.7
0481:  GOTO   495
0482:  BCF    4F.7
0483:  GOTO   495
0484:  MOVF   45,W
0485:  MOVWF  77
0486:  MOVF   46,W
0487:  MOVWF  4F
0488:  MOVF   47,W
0489:  MOVWF  4E
048A:  MOVF   48,W
048B:  MOVWF  4D
048C:  GOTO   495
048D:  MOVF   41,W
048E:  MOVWF  77
048F:  MOVF   42,W
0490:  MOVWF  4F
0491:  MOVF   43,W
0492:  MOVWF  4E
0493:  MOVF   44,W
0494:  MOVWF  4D
0495:  MOVF   4F,W
0496:  MOVWF  78
0497:  MOVF   4E,W
0498:  MOVWF  79
0499:  MOVF   4D,W
049A:  MOVWF  7A
049B:  GOTO   4D4
049C:  CLRF   77
049D:  CLRF   78
049E:  CLRF   79
049F:  CLRF   7A
04A0:  GOTO   4D4
04A1:  CLRF   4C
04A2:  COMF   4D,F
04A3:  COMF   4E,F
04A4:  COMF   4F,F
04A5:  COMF   4C,F
04A6:  INCF   4C,F
04A7:  BTFSS  03.2
04A8:  GOTO   4AF
04A9:  INCF   4D,F
04AA:  BTFSS  03.2
04AB:  GOTO   4AF
04AC:  INCF   4E,F
04AD:  BTFSC  03.2
04AE:  INCF   4F,F
04AF:  BTFSC  4B.0
04B0:  GOTO   3BD
04B1:  BTFSC  4B.1
04B2:  GOTO   3FF
04B3:  BTFSC  4B.2
04B4:  GOTO   435
04B5:  GOTO   464
04B6:  MOVF   00,W
04B7:  ADDWF  4D,F
04B8:  BTFSS  03.0
04B9:  GOTO   4C0
04BA:  INCF   4E,F
04BB:  BTFSS  03.2
04BC:  GOTO   4C0
04BD:  INCF   4F,F
04BE:  BTFSC  03.2
04BF:  BSF    49.0
04C0:  DECF   04,F
04C1:  MOVF   00,W
04C2:  ADDWF  4E,F
04C3:  BTFSS  03.0
04C4:  GOTO   4C8
04C5:  INCF   4F,F
04C6:  BTFSC  03.2
04C7:  BSF    49.0
04C8:  DECF   04,F
04C9:  MOVF   00,W
04CA:  BTFSS  00.7
04CB:  XORLW  80
04CC:  ADDWF  4F,F
04CD:  BTFSC  03.0
04CE:  BSF    49.0
04CF:  BTFSC  4B.4
04D0:  GOTO   3C4
04D1:  BTFSC  4B.5
04D2:  GOTO   406
04D3:  GOTO   43C
04D4:  RETURN
04D5:  MOVF   4E,W
04D6:  BTFSC  03.2
04D7:  GOTO   545
04D8:  MOVWF  56
04D9:  MOVF   52,W
04DA:  BTFSC  03.2
04DB:  GOTO   545
04DC:  ADDWF  56,F
04DD:  BTFSC  03.0
04DE:  GOTO   4E6
04DF:  MOVLW  7F
04E0:  SUBWF  56,F
04E1:  BTFSS  03.0
04E2:  GOTO   545
04E3:  BTFSC  03.2
04E4:  GOTO   545
04E5:  GOTO   4EA
04E6:  MOVLW  81
04E7:  ADDWF  56,F
04E8:  BTFSC  03.0
04E9:  GOTO   545
04EA:  MOVF   56,W
04EB:  MOVWF  77
04EC:  CLRF   78
04ED:  CLRF   79
04EE:  CLRF   7A
04EF:  MOVF   4F,W
04F0:  MOVWF  5A
04F1:  BSF    5A.7
04F2:  MOVF   50,W
04F3:  MOVWF  59
04F4:  MOVF   51,W
04F5:  MOVWF  58
04F6:  MOVLW  18
04F7:  MOVWF  56
04F8:  CLRF   57
04F9:  BTFSS  58.0
04FA:  GOTO   513
04FB:  MOVF   55,W
04FC:  ADDWF  7A,F
04FD:  BTFSS  03.0
04FE:  GOTO   505
04FF:  INCF   79,F
0500:  BTFSS  03.2
0501:  GOTO   505
0502:  INCF   78,F
0503:  BTFSC  03.2
0504:  BSF    57.7
0505:  MOVF   54,W
0506:  ADDWF  79,F
0507:  BTFSS  03.0
0508:  GOTO   50C
0509:  INCF   78,F
050A:  BTFSC  03.2
050B:  BSF    57.7
050C:  MOVF   53,W
050D:  MOVWF  50
050E:  BSF    50.7
050F:  MOVF   50,W
0510:  ADDWF  78,F
0511:  BTFSC  03.0
0512:  BSF    57.7
0513:  RLF    57,F
0514:  RRF    78,F
0515:  RRF    79,F
0516:  RRF    7A,F
0517:  RRF    5A,F
0518:  RRF    59,F
0519:  RRF    58,F
051A:  BCF    03.0
051B:  DECFSZ 56,F
051C:  GOTO   4F8
051D:  MOVLW  01
051E:  ADDWF  77,F
051F:  BTFSC  03.0
0520:  GOTO   545
0521:  BTFSC  78.7
0522:  GOTO   52A
0523:  RLF    5A,F
0524:  RLF    7A,F
0525:  RLF    79,F
0526:  RLF    78,F
0527:  DECF   77,F
0528:  BTFSC  03.2
0529:  GOTO   545
052A:  BTFSS  5A.7
052B:  GOTO   53B
052C:  INCF   7A,F
052D:  BTFSS  03.2
052E:  GOTO   53B
052F:  INCF   79,F
0530:  BTFSS  03.2
0531:  GOTO   53B
0532:  INCF   78,F
0533:  BTFSS  03.2
0534:  GOTO   53B
0535:  RRF    78,F
0536:  RRF    79,F
0537:  RRF    7A,F
0538:  INCF   77,F
0539:  BTFSC  03.2
053A:  GOTO   545
053B:  MOVF   4F,W
053C:  MOVWF  57
053D:  MOVF   53,W
053E:  XORWF  57,F
053F:  BTFSS  57.7
0540:  GOTO   543
0541:  BSF    78.7
0542:  GOTO   549
0543:  BCF    78.7
0544:  GOTO   549
0545:  CLRF   77
0546:  CLRF   78
0547:  CLRF   79
0548:  CLRF   7A
0549:  RETURN
054A:  MOVF   45,W
054B:  BTFSC  03.2
054C:  GOTO   60F
054D:  MOVWF  51
054E:  MOVF   49,W
054F:  BTFSC  03.2
0550:  GOTO   60F
0551:  SUBWF  51,F
0552:  BTFSS  03.0
0553:  GOTO   559
0554:  MOVLW  7F
0555:  ADDWF  51,F
0556:  BTFSC  03.0
0557:  GOTO   60F
0558:  GOTO   55F
0559:  MOVLW  81
055A:  SUBWF  51,F
055B:  BTFSS  03.0
055C:  GOTO   60F
055D:  BTFSC  03.2
055E:  GOTO   60F
055F:  MOVF   51,W
0560:  MOVWF  77
0561:  CLRF   78
0562:  CLRF   79
0563:  CLRF   7A
0564:  CLRF   50
0565:  MOVF   46,W
0566:  MOVWF  4F
0567:  BSF    4F.7
0568:  MOVF   47,W
0569:  MOVWF  4E
056A:  MOVF   48,W
056B:  MOVWF  4D
056C:  MOVLW  19
056D:  MOVWF  51
056E:  MOVF   4C,W
056F:  SUBWF  4D,F
0570:  BTFSC  03.0
0571:  GOTO   582
0572:  MOVLW  01
0573:  SUBWF  4E,F
0574:  BTFSC  03.0
0575:  GOTO   582
0576:  SUBWF  4F,F
0577:  BTFSC  03.0
0578:  GOTO   582
0579:  SUBWF  50,F
057A:  BTFSC  03.0
057B:  GOTO   582
057C:  INCF   50,F
057D:  INCF   4F,F
057E:  INCF   4E,F
057F:  MOVF   4C,W
0580:  ADDWF  4D,F
0581:  GOTO   5B4
0582:  MOVF   4B,W
0583:  SUBWF  4E,F
0584:  BTFSC  03.0
0585:  GOTO   59D
0586:  MOVLW  01
0587:  SUBWF  4F,F
0588:  BTFSC  03.0
0589:  GOTO   59D
058A:  SUBWF  50,F
058B:  BTFSC  03.0
058C:  GOTO   59D
058D:  INCF   50,F
058E:  INCF   4F,F
058F:  MOVF   4B,W
0590:  ADDWF  4E,F
0591:  MOVF   4C,W
0592:  ADDWF  4D,F
0593:  BTFSS  03.0
0594:  GOTO   5B4
0595:  INCF   4E,F
0596:  BTFSS  03.2
0597:  GOTO   5B4
0598:  INCF   4F,F
0599:  BTFSS  03.2
059A:  GOTO   5B4
059B:  INCF   50,F
059C:  GOTO   5B4
059D:  MOVF   4A,W
059E:  IORLW  80
059F:  SUBWF  4F,F
05A0:  BTFSC  03.0
05A1:  GOTO   5B3
05A2:  MOVLW  01
05A3:  SUBWF  50,F
05A4:  BTFSC  03.0
05A5:  GOTO   5B3
05A6:  INCF   50,F
05A7:  MOVF   4A,W
05A8:  IORLW  80
05A9:  ADDWF  4F,F
05AA:  MOVF   4B,W
05AB:  ADDWF  4E,F
05AC:  BTFSS  03.0
05AD:  GOTO   591
05AE:  INCF   4F,F
05AF:  BTFSS  03.2
05B0:  GOTO   591
05B1:  INCF   50,F
05B2:  GOTO   591
05B3:  BSF    7A.0
05B4:  DECFSZ 51,F
05B5:  GOTO   5B7
05B6:  GOTO   5C2
05B7:  BCF    03.0
05B8:  RLF    4D,F
05B9:  RLF    4E,F
05BA:  RLF    4F,F
05BB:  RLF    50,F
05BC:  BCF    03.0
05BD:  RLF    7A,F
05BE:  RLF    79,F
05BF:  RLF    78,F
05C0:  RLF    52,F
05C1:  GOTO   56E
05C2:  BTFSS  52.0
05C3:  GOTO   5CA
05C4:  BCF    03.0
05C5:  RRF    78,F
05C6:  RRF    79,F
05C7:  RRF    7A,F
05C8:  RRF    52,F
05C9:  GOTO   5CD
05CA:  DECF   77,F
05CB:  BTFSC  03.2
05CC:  GOTO   60F
05CD:  BTFSC  52.7
05CE:  GOTO   5F6
05CF:  BCF    03.0
05D0:  RLF    4D,F
05D1:  RLF    4E,F
05D2:  RLF    4F,F
05D3:  RLF    50,F
05D4:  MOVF   4C,W
05D5:  SUBWF  4D,F
05D6:  BTFSC  03.0
05D7:  GOTO   5E2
05D8:  MOVLW  01
05D9:  SUBWF  4E,F
05DA:  BTFSC  03.0
05DB:  GOTO   5E2
05DC:  SUBWF  4F,F
05DD:  BTFSC  03.0
05DE:  GOTO   5E2
05DF:  SUBWF  50,F
05E0:  BTFSS  03.0
05E1:  GOTO   605
05E2:  MOVF   4B,W
05E3:  SUBWF  4E,F
05E4:  BTFSC  03.0
05E5:  GOTO   5ED
05E6:  MOVLW  01
05E7:  SUBWF  4F,F
05E8:  BTFSC  03.0
05E9:  GOTO   5ED
05EA:  SUBWF  50,F
05EB:  BTFSS  03.0
05EC:  GOTO   605
05ED:  MOVF   4A,W
05EE:  IORLW  80
05EF:  SUBWF  4F,F
05F0:  BTFSC  03.0
05F1:  GOTO   5F6
05F2:  MOVLW  01
05F3:  SUBWF  50,F
05F4:  BTFSS  03.0
05F5:  GOTO   605
05F6:  INCF   7A,F
05F7:  BTFSS  03.2
05F8:  GOTO   605
05F9:  INCF   79,F
05FA:  BTFSS  03.2
05FB:  GOTO   605
05FC:  INCF   78,F
05FD:  BTFSS  03.2
05FE:  GOTO   605
05FF:  INCF   77,F
0600:  BTFSC  03.2
0601:  GOTO   60F
0602:  RRF    78,F
0603:  RRF    79,F
0604:  RRF    7A,F
0605:  MOVF   46,W
0606:  MOVWF  51
0607:  MOVF   4A,W
0608:  XORWF  51,F
0609:  BTFSS  51.7
060A:  GOTO   60D
060B:  BSF    78.7
060C:  GOTO   613
060D:  BCF    78.7
060E:  GOTO   613
060F:  CLRF   77
0610:  CLRF   78
0611:  CLRF   79
0612:  CLRF   7A
0613:  BSF    0A.3
0614:  BCF    0A.4
0615:  GOTO   0E5 (RETURN)
0616:  MOVF   0B,W
0617:  MOVWF  42
0618:  BCF    0B.7
0619:  BSF    03.5
061A:  BSF    03.6
061B:  BSF    0C.7
061C:  BSF    0C.0
061D:  NOP
061E:  NOP
061F:  BCF    03.5
0620:  BCF    03.6
0621:  BTFSC  42.7
0622:  BSF    0B.7
0623:  BTFSC  03.0
0624:  GOTO   64D
0625:  BSF    03.6
0626:  MOVF   0C,W
0627:  ANDLW  7F
0628:  BCF    03.6
0629:  MOVWF  42
062A:  BSF    03.6
062B:  MOVF   0D,W
062C:  BCF    03.6
062D:  MOVWF  43
062E:  BSF    03.6
062F:  MOVF   0F,W
0630:  BCF    03.6
0631:  MOVWF  44
0632:  MOVF   42,W
0633:  MOVWF  50
0634:  CALL   12A
0635:  MOVF   43,W
0636:  BSF    03.6
0637:  MOVWF  0D
0638:  BCF    03.6
0639:  MOVF   44,W
063A:  BSF    03.6
063B:  MOVWF  0F
063C:  BCF    03.6
063D:  MOVF   0B,W
063E:  MOVWF  45
063F:  BCF    0B.7
0640:  BSF    03.5
0641:  BSF    03.6
0642:  BSF    0C.7
0643:  BSF    0C.0
0644:  NOP
0645:  NOP
0646:  BCF    03.5
0647:  BCF    03.6
0648:  BTFSC  45.7
0649:  BSF    0B.7
064A:  DECFSZ 41,F
064B:  GOTO   64D
064C:  GOTO   66C
064D:  BSF    03.6
064E:  RLF    0C,W
064F:  RLF    0E,W
0650:  ANDLW  7F
0651:  BCF    03.6
0652:  MOVWF  42
0653:  BSF    03.6
0654:  MOVF   0D,W
0655:  BCF    03.6
0656:  MOVWF  43
0657:  BSF    03.6
0658:  MOVF   0F,W
0659:  BCF    03.6
065A:  MOVWF  44
065B:  MOVF   42,W
065C:  MOVWF  50
065D:  CALL   12A
065E:  MOVF   43,W
065F:  BSF    03.6
0660:  MOVWF  0D
0661:  BCF    03.6
0662:  MOVF   44,W
0663:  BSF    03.6
0664:  MOVWF  0F
0665:  INCF   0D,F
0666:  BTFSC  03.2
0667:  INCF   0F,F
0668:  BCF    03.0
0669:  BCF    03.6
066A:  DECFSZ 41,F
066B:  GOTO   616
066C:  RETURN
066D:  BTFSC  03.1
066E:  GOTO   672
066F:  MOVLW  56
0670:  MOVWF  04
0671:  BCF    03.7
0672:  CLRF   77
0673:  CLRF   78
0674:  CLRF   79
0675:  CLRF   7A
0676:  CLRF   56
0677:  CLRF   57
0678:  CLRF   58
0679:  CLRF   59
067A:  MOVF   55,W
067B:  IORWF  54,W
067C:  IORWF  53,W
067D:  IORWF  52,W
067E:  BTFSC  03.2
067F:  GOTO   6B0
0680:  MOVLW  20
0681:  MOVWF  5A
0682:  BCF    03.0
0683:  RLF    4E,F
0684:  RLF    4F,F
0685:  RLF    50,F
0686:  RLF    51,F
0687:  RLF    56,F
0688:  RLF    57,F
0689:  RLF    58,F
068A:  RLF    59,F
068B:  MOVF   55,W
068C:  SUBWF  59,W
068D:  BTFSS  03.2
068E:  GOTO   699
068F:  MOVF   54,W
0690:  SUBWF  58,W
0691:  BTFSS  03.2
0692:  GOTO   699
0693:  MOVF   53,W
0694:  SUBWF  57,W
0695:  BTFSS  03.2
0696:  GOTO   699
0697:  MOVF   52,W
0698:  SUBWF  56,W
0699:  BTFSS  03.0
069A:  GOTO   6AA
069B:  MOVF   52,W
069C:  SUBWF  56,F
069D:  MOVF   53,W
069E:  BTFSS  03.0
069F:  INCFSZ 53,W
06A0:  SUBWF  57,F
06A1:  MOVF   54,W
06A2:  BTFSS  03.0
06A3:  INCFSZ 54,W
06A4:  SUBWF  58,F
06A5:  MOVF   55,W
06A6:  BTFSS  03.0
06A7:  INCFSZ 55,W
06A8:  SUBWF  59,F
06A9:  BSF    03.0
06AA:  RLF    77,F
06AB:  RLF    78,F
06AC:  RLF    79,F
06AD:  RLF    7A,F
06AE:  DECFSZ 5A,F
06AF:  GOTO   682
06B0:  MOVF   56,W
06B1:  MOVWF  00
06B2:  INCF   04,F
06B3:  MOVF   57,W
06B4:  MOVWF  00
06B5:  INCF   04,F
06B6:  MOVF   58,W
06B7:  MOVWF  00
06B8:  INCF   04,F
06B9:  MOVF   59,W
06BA:  MOVWF  00
06BB:  RETURN
06BC:  MOVF   04,W
06BD:  MOVWF  46
06BE:  MOVF   45,W
06BF:  MOVWF  48
06C0:  BTFSC  03.2
06C1:  GOTO   6DB
06C2:  MOVF   44,W
06C3:  MOVWF  51
06C4:  MOVF   43,W
06C5:  MOVWF  50
06C6:  MOVF   42,W
06C7:  MOVWF  4F
06C8:  MOVF   41,W
06C9:  MOVWF  4E
06CA:  CLRF   55
06CB:  CLRF   54
06CC:  MOVLW  20
06CD:  MOVWF  53
06CE:  MOVLW  82
06CF:  MOVWF  52
06D0:  CALL   4D5
06D1:  MOVF   7A,W
06D2:  MOVWF  44
06D3:  MOVF   79,W
06D4:  MOVWF  43
06D5:  MOVF   78,W
06D6:  MOVWF  42
06D7:  MOVF   77,W
06D8:  MOVWF  41
06D9:  DECFSZ 48,F
06DA:  GOTO   6C2
06DB:  MOVF   44,W
06DC:  MOVWF  51
06DD:  MOVF   43,W
06DE:  MOVWF  50
06DF:  MOVF   42,W
06E0:  MOVWF  4F
06E1:  MOVF   41,W
06E2:  MOVWF  4E
06E3:  MOVF   4E,W
06E4:  SUBLW  B6
06E5:  MOVWF  4E
06E6:  CLRF   7A
06E7:  MOVF   4F,W
06E8:  MOVWF  52
06E9:  BSF    4F.7
06EA:  BCF    03.0
06EB:  RRF    4F,F
06EC:  RRF    50,F
06ED:  RRF    51,F
06EE:  RRF    7A,F
06EF:  RRF    79,F
06F0:  RRF    78,F
06F1:  RRF    77,F
06F2:  DECFSZ 4E,F
06F3:  GOTO   6EA
06F4:  BTFSS  52.7
06F5:  GOTO   701
06F6:  COMF   77,F
06F7:  COMF   78,F
06F8:  COMF   79,F
06F9:  COMF   7A,F
06FA:  INCF   77,F
06FB:  BTFSC  03.2
06FC:  INCF   78,F
06FD:  BTFSC  03.2
06FE:  INCF   79,F
06FF:  BTFSC  03.2
0700:  INCF   7A,F
0701:  MOVF   7A,W
0702:  MOVWF  44
0703:  MOVF   79,W
0704:  MOVWF  43
0705:  MOVF   78,W
0706:  MOVWF  42
0707:  MOVF   77,W
0708:  MOVWF  41
0709:  BTFSS  44.7
070A:  GOTO   718
070B:  DECF   46,F
070C:  BSF    46.5
070D:  COMF   41,F
070E:  COMF   42,F
070F:  COMF   43,F
0710:  COMF   44,F
0711:  INCF   41,F
0712:  BTFSC  03.2
0713:  INCF   42,F
0714:  BTFSC  03.2
0715:  INCF   43,F
0716:  BTFSC  03.2
0717:  INCF   44,F
0718:  MOVLW  3B
0719:  MOVWF  4D
071A:  MOVLW  9A
071B:  MOVWF  4C
071C:  MOVLW  CA
071D:  MOVWF  4B
071E:  CLRF   4A
071F:  MOVLW  0A
0720:  MOVWF  48
0721:  MOVF   45,W
0722:  BTFSC  03.2
0723:  INCF   46,F
0724:  BSF    03.1
0725:  MOVLW  41
0726:  MOVWF  04
0727:  BCF    03.7
0728:  MOVF   44,W
0729:  MOVWF  51
072A:  MOVF   43,W
072B:  MOVWF  50
072C:  MOVF   42,W
072D:  MOVWF  4F
072E:  MOVF   41,W
072F:  MOVWF  4E
0730:  MOVF   4D,W
0731:  MOVWF  55
0732:  MOVF   4C,W
0733:  MOVWF  54
0734:  MOVF   4B,W
0735:  MOVWF  53
0736:  MOVF   4A,W
0737:  MOVWF  52
0738:  CALL   66D
0739:  MOVF   78,W
073A:  MOVF   77,F
073B:  BTFSS  03.2
073C:  GOTO   750
073D:  INCF   45,W
073E:  SUBWF  48,W
073F:  BTFSC  03.2
0740:  GOTO   750
0741:  MOVF   46,W
0742:  BTFSC  03.2
0743:  GOTO   752
0744:  ANDLW  0F
0745:  SUBWF  48,W
0746:  BTFSC  03.2
0747:  GOTO   74A
0748:  BTFSC  03.0
0749:  GOTO   782
074A:  BTFSC  46.7
074B:  GOTO   782
074C:  BTFSC  46.6
074D:  GOTO   752
074E:  MOVLW  20
074F:  GOTO   77E
0750:  MOVLW  20
0751:  ANDWF  46,F
0752:  BTFSS  46.5
0753:  GOTO   760
0754:  BCF    46.5
0755:  MOVF   45,W
0756:  BTFSS  03.2
0757:  DECF   46,F
0758:  MOVF   77,W
0759:  MOVWF  46
075A:  MOVLW  2D
075B:  MOVWF  50
075C:  CALL   12A
075D:  MOVF   46,W
075E:  MOVWF  77
075F:  CLRF   46
0760:  MOVF   45,W
0761:  SUBWF  48,W
0762:  BTFSS  03.2
0763:  GOTO   76E
0764:  MOVF   77,W
0765:  MOVWF  46
0766:  MOVLW  2E
0767:  MOVWF  50
0768:  CALL   12A
0769:  MOVF   46,W
076A:  MOVWF  77
076B:  MOVLW  20
076C:  ANDWF  46,F
076D:  MOVLW  00
076E:  MOVLW  30
076F:  BTFSS  46.5
0770:  GOTO   77E
0771:  BCF    46.5
0772:  MOVF   45,W
0773:  BTFSS  03.2
0774:  DECF   46,F
0775:  MOVF   77,W
0776:  MOVWF  46
0777:  MOVLW  2D
0778:  MOVWF  50
0779:  CALL   12A
077A:  MOVF   46,W
077B:  MOVWF  77
077C:  CLRF   46
077D:  MOVLW  30
077E:  ADDWF  77,F
077F:  MOVF   77,W
0780:  MOVWF  50
0781:  CALL   12A
0782:  BCF    03.1
0783:  MOVF   4D,W
0784:  MOVWF  51
0785:  MOVF   4C,W
0786:  MOVWF  50
0787:  MOVF   4B,W
0788:  MOVWF  4F
0789:  MOVF   4A,W
078A:  MOVWF  4E
078B:  CLRF   55
078C:  CLRF   54
078D:  CLRF   53
078E:  MOVLW  0A
078F:  MOVWF  52
0790:  CALL   66D
0791:  MOVF   7A,W
0792:  MOVWF  4D
0793:  MOVF   79,W
0794:  MOVWF  4C
0795:  MOVF   78,W
0796:  MOVWF  4B
0797:  MOVF   77,W
0798:  MOVWF  4A
0799:  DECFSZ 48,F
079A:  GOTO   724
079B:  RETURN
.................... 
.................... #list
.................... 
.................... #device ADC = 10
.................... #use delay(crystal = 20000000)
*
007F:  MOVLW  51
0080:  MOVWF  04
0081:  BCF    03.7
0082:  MOVF   00,W
0083:  BTFSC  03.2
0084:  GOTO   092
0085:  MOVLW  06
0086:  MOVWF  78
0087:  CLRF   77
0088:  DECFSZ 77,F
0089:  GOTO   088
008A:  DECFSZ 78,F
008B:  GOTO   087
008C:  MOVLW  7B
008D:  MOVWF  77
008E:  DECFSZ 77,F
008F:  GOTO   08E
0090:  DECFSZ 00,F
0091:  GOTO   085
0092:  RETURN
.................... #FUSES NOWDT, NOBROWNOUT, NOLVP, HS
.................... 
.................... #include <lcd_d.c>
.................... ///////////////////////////////////////////////////////////////////////////////
.................... ////                             LCD.C                                     ////
.................... ////                 Driver for common LCD modules                         ////
.................... ////                                                                       ////
.................... ////  lcd_init()   Must be called before any other function.               ////
.................... ////                                                                       ////
.................... ////  lcd_putc(c)  Will display c on the next position of the LCD.         ////
.................... ////                     The following have special meaning:               ////
.................... ////                      \f  Clear display                                ////
.................... ////                      \n  Go to start of second line                   ////
.................... ////                      \b  Move back one position                       ////
.................... ////                                                                       ////
.................... ////  lcd_gotoxy(x,y) Set write position on LCD (upper left is 1,1)        ////
.................... ////                                                                       ////
.................... ////  lcd_getc(x,y)   Returns character at position x,y on LCD             ////
.................... ////                                                                       ////
.................... ////  CONFIGURATION                                                        ////
.................... ////  The LCD can be configured in one of two ways: a.) port access or     ////
.................... ////  b.) pin access.  Port access requires the entire 7 bit interface     ////
.................... ////  connected to one GPIO port, and the data bits (D4:D7 of the LCD)     ////
.................... ////  connected to sequential pins on the GPIO.  Pin access                ////
.................... ////  has no requirements, all 7 bits of the control interface can         ////
.................... ////  can be connected to any GPIO using several ports.                    ////
.................... ////                                                                       ////
.................... ////  To use port access, #define LCD_DATA_PORT to the SFR location of     ////
.................... ////  of the GPIO port that holds the interface, -AND- edit LCD_PIN_MAP    ////
.................... ////  of this file to configure the pin order.  If you are using a         ////
.................... ////  baseline PIC (PCB), then LCD_OUTPUT_MAP and LCD_INPUT_MAP also must  ////
.................... ////  be defined.                                                          ////
.................... ////                                                                       ////
.................... ////  Example of port access:                                              ////
.................... ////     #define LCD_DATA_PORT getenv("SFR:PORTD")                         ////
.................... ////                                                                       ////
.................... ////  To use pin access, the following pins must be defined:               ////
.................... ////     LCD_ENABLE_PIN                                                    ////
.................... ////     LCD_RS_PIN                                                        ////
.................... ////     LCD_RW_PIN                                                        ////
.................... ////     LCD_DATA4                                                         ////
.................... ////     LCD_DATA5                                                         ////
.................... ////     LCD_DATA6                                                         ////
.................... ////     LCD_DATA7                                                         ////
.................... ////                                                                       ////
.................... ////  Example of pin access:                                               ////
.................... ////     #define LCD_ENABLE_PIN  PIN_E0                                    ////
.................... ////     #define LCD_RS_PIN      PIN_E1                                    ////
.................... ////     #define LCD_RW_PIN      PIN_E2                                    ////
.................... ////     #define LCD_DATA4       PIN_D4                                    ////
.................... ////     #define LCD_DATA5       PIN_D5                                    ////
.................... ////     #define LCD_DATA6       PIN_D6                                    ////
.................... ////     #define LCD_DATA7       PIN_D7                                    ////
.................... ////                                                                       ////
.................... ///////////////////////////////////////////////////////////////////////////////
.................... ////        (C) Copyright 1996,2009 Custom Computer Services           ////
.................... //// This source code may only be used by licensed users of the CCS C  ////
.................... //// compiler.  This source code may only be distributed to other      ////
.................... //// licensed users of the CCS C compiler.  No other use, reproduction ////
.................... //// or distribution is permitted without written permission.          ////
.................... //// Derivative programs created using this software in object code    ////
.................... //// form are not restricted in any way.                               ////
.................... ///////////////////////////////////////////////////////////////////////////
.................... 
.................... // define the pinout.
.................... #define LCD_DATA_PORT      0x08     //portd    LA PUSE YO 
.................... 
.................... // only required if port access is being used.
.................... typedef struct  
.................... {                            // This structure is overlayed
....................    BOOLEAN enable;           // on to an I/O port to gain
....................    BOOLEAN rs;               // access to the LCD pins.
....................    BOOLEAN rw;               // The bits are allocated from
....................    BOOLEAN unused;           // low order up.  ENABLE will
....................    int     data : 4;         // be LSB pin of that port.
....................   #if defined(__PCD__)       // The port used will be LCD_DATA_PORT.
....................    int    reserved: 8;
....................   #endif
.................... } LCD_PIN_MAP;
.................... 
.................... // this is to improve compatability with previous LCD drivers that accepted
.................... // a define labeled 'use_portb_lcd' that configured the LCD onto port B.
.................... #if ((defined(use_portb_lcd)) && (use_portb_lcd==TRUE))
....................  #define LCD_DATA_PORT getenv("SFR:PORTB")
.................... #endif
.................... 
.................... #if defined(__PCB__)
....................    // these definitions only need to be modified for baseline PICs.
....................    // all other PICs use LCD_PIN_MAP or individual LCD_xxx pin definitions.
.................... /*                                    EN, RS,   RW,   UNUSED,  DATA  */
....................  const LCD_PIN_MAP LCD_OUTPUT_MAP =  {0,  0,    0,    0,       0};
....................  const LCD_PIN_MAP LCD_INPUT_MAP =   {0,  0,    0,    0,       0xF};
.................... #endif
.................... 
.................... ////////////////////// END CONFIGURATION ///////////////////////////////////
.................... 
.................... #ifndef LCD_ENABLE_PIN
....................    #define lcd_output_enable(x) lcdlat.enable=x
....................    #define lcd_enable_tris()   lcdtris.enable=0
.................... #else
....................    #define lcd_output_enable(x) output_bit(LCD_ENABLE_PIN, x)
....................    #define lcd_enable_tris()  output_drive(LCD_ENABLE_PIN)
.................... #endif
.................... 
.................... #ifndef LCD_RS_PIN
....................    #define lcd_output_rs(x) lcdlat.rs=x
....................    #define lcd_rs_tris()   lcdtris.rs=0
.................... #else
....................    #define lcd_output_rs(x) output_bit(LCD_RS_PIN, x)
....................    #define lcd_rs_tris()  output_drive(LCD_RS_PIN)
.................... #endif
.................... 
.................... #ifndef LCD_RW_PIN
....................    #define lcd_output_rw(x) lcdlat.rw=x
....................    #define lcd_rw_tris()   lcdtris.rw=0
.................... #else
....................    #define lcd_output_rw(x) output_bit(LCD_RW_PIN, x)
....................    #define lcd_rw_tris()  output_drive(LCD_RW_PIN)
.................... #endif
.................... 
.................... // original version of this library incorrectly labeled LCD_DATA0 as LCD_DATA4,
.................... // LCD_DATA1 as LCD_DATA5, and so on.  this block of code makes the driver
.................... // compatible with any code written for the original library
.................... #if (defined(LCD_DATA0) && defined(LCD_DATA1) && defined(LCD_DATA2) && defined(LCD_DATA3) && !defined(LCD_DATA4) && !defined(LCD_DATA5) && !defined(LCD_DATA6) && !defined(LCD_DATA7))
....................    #define  LCD_DATA4    LCD_DATA0
....................    #define  LCD_DATA5    LCD_DATA1
....................    #define  LCD_DATA6    LCD_DATA2
....................    #define  LCD_DATA7    LCD_DATA3
.................... #endif
.................... 
.................... #ifndef LCD_DATA4
.................... #ifndef LCD_DATA_PORT
....................    #if defined(__PCB__)
....................       #define LCD_DATA_PORT      0x06     //portb
....................       #define set_tris_lcd(x)   set_tris_b(x)
....................    #else
....................      #if defined(PIN_D0)
....................       #define LCD_DATA_PORT      getenv("SFR:PORTD")     //portd
....................      #else
....................       #define LCD_DATA_PORT      getenv("SFR:PORTB")     //portb
....................      #endif
....................    #endif   
.................... #endif
.................... 
.................... #if defined(__PCB__)
....................    LCD_PIN_MAP lcd, lcdlat;
....................    #byte lcd = LCD_DATA_PORT
....................    #byte lcdlat = LCD_DATA_PORT
.................... #elif defined(__PCM__)
....................    LCD_PIN_MAP lcd, lcdlat, lcdtris;
....................    #byte lcd = LCD_DATA_PORT
....................    #byte lcdlat = LCD_DATA_PORT
....................    #byte lcdtris = LCD_DATA_PORT+0x80
.................... #elif defined(__PCH__)
....................    LCD_PIN_MAP lcd, lcdlat, lcdtris;
....................    #byte lcd = LCD_DATA_PORT
....................    #byte lcdlat = LCD_DATA_PORT+9
....................    #byte lcdtris = LCD_DATA_PORT+0x12
.................... #elif defined(__PCD__)
....................    LCD_PIN_MAP lcd, lcdlat, lcdtris;
....................    #word lcd = LCD_DATA_PORT
....................    #word lcdlat = LCD_DATA_PORT+2
....................    #word lcdtris = LCD_DATA_PORT-0x02
.................... #endif
.................... #endif   //LCD_DATA4 not defined
.................... 
.................... #ifndef LCD_TYPE
....................    #define LCD_TYPE 2           // 0=5x7, 1=5x10, 2=2 lines
.................... #endif
.................... 
.................... #ifndef LCD_LINE_TWO
....................    #define LCD_LINE_TWO 0x40    // LCD RAM address for the second line
.................... #endif
.................... 
.................... BYTE const LCD_INIT_STRING[4] = {0x20 | (LCD_TYPE << 2), 0xc, 1, 6};
....................                              // These bytes need to be sent to the LCD
....................                              // to start it up.
.................... 
.................... BYTE lcd_read_nibble(void);
.................... 
.................... BYTE lcd_read_byte(void)
.................... {
....................    BYTE low,high;
.................... 
....................  #if defined(__PCB__)
....................    set_tris_lcd(LCD_INPUT_MAP);
....................  #else
....................   #if (defined(LCD_DATA4) && defined(LCD_DATA5) && defined(LCD_DATA6) && defined(LCD_DATA7))
....................    output_float(LCD_DATA4);
....................    output_float(LCD_DATA5);
....................    output_float(LCD_DATA6);
....................    output_float(LCD_DATA7);
....................   #else
....................    lcdtris.data = 0xF;
*
00A9:  MOVLW  0F
00AA:  BSF    03.5
00AB:  ANDWF  08,W
00AC:  IORLW  F0
00AD:  MOVWF  08
....................   #endif
....................  #endif
....................         
....................    lcd_output_rw(1);
00AE:  BCF    03.5
00AF:  BSF    08.2
....................    delay_cycles(1);
00B0:  NOP
....................    lcd_output_enable(1);
00B1:  BSF    08.0
....................    delay_cycles(1);
00B2:  NOP
....................    high = lcd_read_nibble();
00B3:  CALL   0A2
00B4:  MOVF   78,W
00B5:  MOVWF  58
....................       
....................    lcd_output_enable(0);
00B6:  BCF    08.0
....................    delay_cycles(1);
00B7:  NOP
....................    lcd_output_enable(1);
00B8:  BSF    08.0
....................    delay_us(1);
00B9:  GOTO   0BA
00BA:  GOTO   0BB
00BB:  NOP
....................    low = lcd_read_nibble();
00BC:  CALL   0A2
00BD:  MOVF   78,W
00BE:  MOVWF  57
....................       
....................    lcd_output_enable(0);
00BF:  BCF    08.0
.................... 
....................  #if defined(__PCB__)
....................    set_tris_lcd(LCD_INPUT_MAP);
....................  #else
....................   #if (defined(LCD_DATA4) && defined(LCD_DATA5) && defined(LCD_DATA6) && defined(LCD_DATA7))
....................    output_drive(LCD_DATA4);
....................    output_drive(LCD_DATA5);
....................    output_drive(LCD_DATA6);
....................    output_drive(LCD_DATA7);
....................   #else
....................    lcdtris.data = 0x0;
00C0:  MOVLW  0F
00C1:  BSF    03.5
00C2:  ANDWF  08,W
00C3:  MOVWF  08
....................   #endif
....................  #endif
.................... 
....................    return( (high<<4) | low);
00C4:  BCF    03.5
00C5:  SWAPF  58,W
00C6:  MOVWF  77
00C7:  MOVLW  F0
00C8:  ANDWF  77,F
00C9:  MOVF   77,W
00CA:  IORWF  57,W
00CB:  MOVWF  78
.................... }
.................... 
.................... BYTE lcd_read_nibble(void)
.................... {
....................   #if (defined(LCD_DATA4) && defined(LCD_DATA5) && defined(LCD_DATA6) && defined(LCD_DATA7))
....................    BYTE n = 0x00;
.................... 
....................    /* Read the data port */
....................    n |= input(LCD_DATA4);
....................    n |= input(LCD_DATA5) << 1;
....................    n |= input(LCD_DATA6) << 2;
....................    n |= input(LCD_DATA7) << 3;
....................    
....................    return(n);
....................   #else
....................    return(lcd.data);
*
00A2:  MOVF   08,W
00A3:  MOVWF  77
00A4:  SWAPF  08,W
00A5:  ANDLW  0F
00A6:  MOVWF  78
....................   #endif
00A7:  RETURN
.................... }
.................... 
.................... void lcd_send_nibble(BYTE n)
.................... {
....................   #if (defined(LCD_DATA4) && defined(LCD_DATA5) && defined(LCD_DATA6) && defined(LCD_DATA7))
....................    /* Write to the data port */
....................    output_bit(LCD_DATA4, bit_test(n, 0));
....................    output_bit(LCD_DATA5, bit_test(n, 1));
....................    output_bit(LCD_DATA6, bit_test(n, 2));
....................    output_bit(LCD_DATA7, bit_test(n, 3));
....................   #else      
....................    lcdlat.data = n;
*
0093:  SWAPF  58,W
0094:  ANDLW  F0
0095:  MOVWF  77
0096:  MOVLW  0F
0097:  ANDWF  08,W
0098:  IORWF  77,W
0099:  MOVWF  08
....................   #endif
....................       
....................    delay_cycles(1);
009A:  NOP
....................    lcd_output_enable(1);
009B:  BSF    08.0
....................    delay_us(2);
009C:  MOVLW  03
009D:  MOVWF  77
009E:  DECFSZ 77,F
009F:  GOTO   09E
....................    lcd_output_enable(0);
00A0:  BCF    08.0
00A1:  RETURN
.................... }
.................... 
.................... void lcd_send_byte(BYTE address, BYTE n)
.................... {
....................    lcd_output_rs(0);
*
00A8:  BCF    08.1
....................    while ( bit_test(lcd_read_byte(),7) ) ;
*
00CC:  MOVF   78,W
00CD:  MOVWF  57
00CE:  BTFSC  57.7
00CF:  GOTO   0A9
....................    lcd_output_rs(address);
00D0:  BTFSS  55.0
00D1:  BCF    08.1
00D2:  BTFSC  55.0
00D3:  BSF    08.1
....................    delay_cycles(1);
00D4:  NOP
....................    lcd_output_rw(0);
00D5:  BCF    08.2
....................    delay_cycles(1);
00D6:  NOP
....................    lcd_output_enable(0);
00D7:  BCF    08.0
....................    lcd_send_nibble(n >> 4);
00D8:  SWAPF  56,W
00D9:  MOVWF  57
00DA:  MOVLW  0F
00DB:  ANDWF  57,F
00DC:  MOVF   57,W
00DD:  MOVWF  58
00DE:  CALL   093
....................    lcd_send_nibble(n & 0xf);
00DF:  MOVF   56,W
00E0:  ANDLW  0F
00E1:  MOVWF  57
00E2:  MOVWF  58
00E3:  CALL   093
00E4:  RETURN
.................... }
.................... 
.................... void lcd_init(void) 
.................... {
....................    BYTE i;
.................... 
....................  #if defined(__PCB__)
....................    set_tris_lcd(LCD_OUTPUT_MAP);
....................  #else
....................   #if (defined(LCD_DATA4) && defined(LCD_DATA5) && defined(LCD_DATA6) && defined(LCD_DATA7))
....................    output_drive(LCD_DATA4);
....................    output_drive(LCD_DATA5);
....................    output_drive(LCD_DATA6);
....................    output_drive(LCD_DATA7);
....................   #else
....................    lcdtris.data = 0x0;
00E5:  MOVLW  0F
00E6:  BSF    03.5
00E7:  ANDWF  08,W
00E8:  MOVWF  08
....................   #endif
....................    lcd_enable_tris();
00E9:  BCF    08.0
....................    lcd_rs_tris();
00EA:  BCF    08.1
....................    lcd_rw_tris();
00EB:  BCF    08.2
....................  #endif
.................... 
....................    lcd_output_rs(0);
00EC:  BCF    03.5
00ED:  BCF    08.1
....................    lcd_output_rw(0);
00EE:  BCF    08.2
....................    lcd_output_enable(0);
00EF:  BCF    08.0
....................     
....................    delay_ms(15);
00F0:  MOVLW  0F
00F1:  MOVWF  51
00F2:  CALL   07F
....................    for(i=1;i<=3;++i)
00F3:  MOVLW  01
00F4:  MOVWF  41
00F5:  MOVF   41,W
00F6:  SUBLW  03
00F7:  BTFSS  03.0
00F8:  GOTO   101
....................    {
....................        lcd_send_nibble(3);
00F9:  MOVLW  03
00FA:  MOVWF  58
00FB:  CALL   093
....................        delay_ms(5);
00FC:  MOVLW  05
00FD:  MOVWF  51
00FE:  CALL   07F
00FF:  INCF   41,F
0100:  GOTO   0F5
....................    }
....................     
....................    lcd_send_nibble(2);
0101:  MOVLW  02
0102:  MOVWF  58
0103:  CALL   093
....................    for(i=0;i<=3;++i)
0104:  CLRF   41
0105:  MOVF   41,W
0106:  SUBLW  03
0107:  BTFSS  03.0
0108:  GOTO   112
....................       lcd_send_byte(0,LCD_INIT_STRING[i]);
0109:  MOVF   41,W
010A:  CALL   004
010B:  MOVWF  42
010C:  CLRF   55
010D:  MOVF   42,W
010E:  MOVWF  56
010F:  CALL   0A8
0110:  INCF   41,F
0111:  GOTO   105
0112:  BSF    0A.3
0113:  BCF    0A.4
0114:  GOTO   018 (RETURN)
.................... }
.................... 
.................... void lcd_gotoxy(BYTE x, BYTE y)
.................... {
....................    BYTE address;
.................... 
....................    if(y!=1)
*
0118:  DECFSZ 52,W
0119:  GOTO   11B
011A:  GOTO   11E
....................       address=LCD_LINE_TWO;
011B:  MOVLW  40
011C:  MOVWF  53
011D:  GOTO   11F
....................    else
....................       address=0;
011E:  CLRF   53
....................      
....................    address+=x-1;
011F:  MOVLW  01
0120:  SUBWF  51,W
0121:  ADDWF  53,F
....................    lcd_send_byte(0,0x80|address);
0122:  MOVF   53,W
0123:  IORLW  80
0124:  MOVWF  54
0125:  CLRF   55
0126:  MOVF   54,W
0127:  MOVWF  56
0128:  CALL   0A8
0129:  RETURN
.................... }
.................... 
.................... void lcd_putc(char c)
.................... {
....................    switch (c)
012A:  MOVF   50,W
012B:  XORLW  0C
012C:  BTFSC  03.2
012D:  GOTO   135
012E:  XORLW  06
012F:  BTFSC  03.2
0130:  GOTO   13D
0131:  XORLW  02
0132:  BTFSC  03.2
0133:  GOTO   143
0134:  GOTO   148
....................    {
....................       case '\f'   :  lcd_send_byte(0,1);
0135:  CLRF   55
0136:  MOVLW  01
0137:  MOVWF  56
0138:  CALL   0A8
....................                      delay_ms(2);
0139:  MOVLW  02
013A:  MOVWF  51
013B:  CALL   07F
....................                      break;
013C:  GOTO   14D
....................                      
....................       case '\n'   : lcd_gotoxy(1,2);        break;
013D:  MOVLW  01
013E:  MOVWF  51
013F:  MOVLW  02
0140:  MOVWF  52
0141:  CALL   118
0142:  GOTO   14D
....................      
....................       case '\b'   : lcd_send_byte(0,0x10);  break;
0143:  CLRF   55
0144:  MOVLW  10
0145:  MOVWF  56
0146:  CALL   0A8
0147:  GOTO   14D
....................      
....................       default     : lcd_send_byte(1,c);     break;
0148:  MOVLW  01
0149:  MOVWF  55
014A:  MOVF   50,W
014B:  MOVWF  56
014C:  CALL   0A8
....................    }
014D:  RETURN
.................... }
....................  
.................... char lcd_getc(BYTE x, BYTE y)
.................... {
....................    char value;
.................... 
....................    lcd_gotoxy(x,y);
....................    while ( bit_test(lcd_read_byte(),7) ); // wait until busy flag is low
....................    lcd_output_rs(1);
....................    value = lcd_read_byte();
....................    lcd_output_rs(0);
....................    
....................    return(value);
.................... }
.................... 
.................... //#include <kbd4x4_b.c>
.................... #include <kbd4x4_b_fisico.c> //para utilizarla en fisico
.................... ///////////////////////////////////////////////////////////////////////////
.................... ////                             KBD4x4_1.C                                ////
.................... ////                  Generic keypad scan driver                       ////
.................... ////                                                                   ////
.................... ////  kbd_init()   Must be called before any other function.           ////
.................... ////                                                                   ////
.................... ////  c = kbd_getc(c)  Will return a key value if pressed or /0 if not ////
.................... ////                   This function should be called frequently so as ////
.................... ////                   not to miss a key press.                        ////
.................... ////                                                                   ////
.................... ///////////////////////////////////////////////////////////////////////////
.................... ////        (C) Copyright 1996,2003 Custom Computer Services           ////
.................... //// This source code may only be used by licensed users of the CCS C  ////
.................... //// compiler.  This source code may only be distributed to other      ////
.................... //// licensed users of the CCS C compiler.  No other use, reproduction ////
.................... //// or distribution is permitted without written permission.          ////
.................... //// Derivative programs created using this software in object code    ////
.................... //// form are not restricted in any way.                               ////
.................... ///////////////////////////////////////////////////////////////////////////
.................... 
.................... ////////////////// The following defines the keypad layout on port D
.................... 
.................... // Un-comment the following define to use port B
.................... #define use_portb_kbd TRUE
.................... 
.................... // Make sure the port used has pull-up resistors (or the LCD) on
.................... // the column pins
.................... 
.................... 
.................... #if defined(__PCH__)
.................... #if defined use_portb_kbd
....................    #byte kbd = 0xF81                   // This puts the entire structure
.................... #else
....................    #byte kbd = 0xF83                   // This puts the entire structure
.................... #endif
.................... #else
.................... #if defined use_portb_kbd
....................    #byte kbd = 6                  // on to port B (at address 6)
.................... #else
....................    #byte kbd = 8                 // on to port D (at address 8)
.................... #endif
.................... #endif
.................... 
.................... #if defined use_portb_kbd
....................    #define set_tris_kbd(x) set_tris_b(x)
.................... #else
....................    #define set_tris_kbd(x) set_tris_d(x)
.................... #endif
.................... 
.................... 
.................... 
.................... //Keypad connection:   (for example column 0 is B2)
.................... //                Bx:
.................... 
.................... #ifdef blue_keypad  ///////////////////////////////////// For the blue keypad
.................... #define COL0 (1 << 2)
.................... #define COL1 (1 << 3)
.................... #define COL2 (1 << 6)
.................... 
.................... #define ROW0 (1 << 4)
.................... #define ROW1 (1 << 7)
.................... #define ROW2 (1 << 1)
.................... #define ROW3 (1 << 5)
.................... 
.................... #else ////////////////////////////////////////////////// For the black keypad
.................... #define COL0 (1 << 4)
.................... #define COL1 (1 << 5)
.................... #define COL2 (1 << 6)
.................... #define COL3 (1 << 7)
.................... 
.................... #define ROW0 (1 << 0)
.................... #define ROW1 (1 << 1)
.................... #define ROW2 (1 << 2)
.................... #define ROW3 (1 << 3)
.................... 
.................... #endif
.................... 
.................... #define ALL_ROWS (ROW0|ROW1|ROW2|ROW3)
.................... #define ALL_PINS (ALL_ROWS|COL0|COL1|COL2|COL3)
.................... 
.................... // Keypad layout:
.................... char const KEYS[4][4] = {{'1','2','3','/'},
....................                          {'4','5','6','*'},
....................                          {'7','8','9','-'},
....................                          {'C','0','=','+'}};
.................... 
.................... #define KBD_DEBOUNCE_FACTOR 33    // Set this number to apx n/333 where
....................                                   // n is the number of times you expect
....................                                   // to call kbd_getc each second
.................... 
.................... 
.................... void kbd_init() {
*
0115:  BSF    0A.3
0116:  BCF    0A.4
0117:  GOTO   01B (RETURN)
.................... }
.................... 
.................... char kbd_getc( ) {
....................    static BYTE kbd_call_count;
*
080E:  BCF    03.5
080F:  CLRF   20
....................    static int1 kbd_down;
0810:  BCF    21.0
....................    static char last_key;
0811:  CLRF   22
....................    static BYTE col;
0812:  CLRF   23
.................... 
....................    BYTE kchar;
....................    BYTE row;
.................... 
....................    kchar='\0';
*
01A4:  CLRF   4E
....................    if(++kbd_call_count>KBD_DEBOUNCE_FACTOR) {
01A5:  INCF   20,F
01A6:  MOVF   20,W
01A7:  SUBLW  21
01A8:  BTFSC  03.0
01A9:  GOTO   204
....................        switch (col) {
01AA:  MOVF   23,W
01AB:  ADDLW  FC
01AC:  BTFSC  03.0
01AD:  GOTO   1C7
01AE:  ADDLW  04
01AF:  GOTO   20D
....................          case 0   : set_tris_kbd(ALL_PINS&~COL0);
01B0:  MOVLW  EF
01B1:  BSF    03.5
01B2:  MOVWF  06
....................                     kbd=~COL0&ALL_PINS;
01B3:  BCF    03.5
01B4:  MOVWF  06
....................                     break;
01B5:  GOTO   1C7
....................          case 1   : set_tris_kbd(ALL_PINS&~COL1);
01B6:  MOVLW  DF
01B7:  BSF    03.5
01B8:  MOVWF  06
....................                     kbd=~COL1&ALL_PINS;
01B9:  BCF    03.5
01BA:  MOVWF  06
....................                     break;
01BB:  GOTO   1C7
....................          case 2   : set_tris_kbd(ALL_PINS&~COL2);
01BC:  MOVLW  BF
01BD:  BSF    03.5
01BE:  MOVWF  06
....................                     kbd=~COL2&ALL_PINS;
01BF:  BCF    03.5
01C0:  MOVWF  06
....................                     break;
01C1:  GOTO   1C7
....................          case 3   : set_tris_kbd(ALL_PINS&~COL3);
01C2:  MOVLW  7F
01C3:  BSF    03.5
01C4:  MOVWF  06
....................                     kbd=~COL3&ALL_PINS;
01C5:  BCF    03.5
01C6:  MOVWF  06
....................                     break;
....................        }
.................... 
....................        if(kbd_down) {
01C7:  BTFSS  21.0
01C8:  GOTO   1D3
....................          if((kbd & (ALL_ROWS))==(ALL_ROWS)) {
01C9:  MOVF   06,W
01CA:  ANDLW  0F
01CB:  SUBLW  0F
01CC:  BTFSS  03.2
01CD:  GOTO   1D2
....................            kbd_down=FALSE;
01CE:  BCF    21.0
....................            kchar=last_key;
01CF:  MOVF   22,W
01D0:  MOVWF  4E
....................            last_key='\0';
01D1:  CLRF   22
....................          }
....................        } else {
01D2:  GOTO   203
....................           if((kbd & (ALL_ROWS))!=(ALL_ROWS)) {
01D3:  MOVF   06,W
01D4:  ANDLW  0F
01D5:  SUBLW  0F
01D6:  BTFSC  03.2
01D7:  GOTO   1FE
....................              if((kbd & ROW0)==0)
01D8:  MOVF   06,W
01D9:  ANDLW  01
01DA:  BTFSS  03.2
01DB:  GOTO   1DE
....................                row=0;
01DC:  CLRF   4F
01DD:  GOTO   1F2
....................              else if((kbd & ROW1)==0)
01DE:  MOVF   06,W
01DF:  ANDLW  02
01E0:  BTFSS  03.2
01E1:  GOTO   1E5
....................                row=1;
01E2:  MOVLW  01
01E3:  MOVWF  4F
01E4:  GOTO   1F2
....................              else if((kbd & ROW2)==0)
01E5:  MOVF   06,W
01E6:  ANDLW  04
01E7:  BTFSS  03.2
01E8:  GOTO   1EC
....................                row=2;
01E9:  MOVLW  02
01EA:  MOVWF  4F
01EB:  GOTO   1F2
....................              else if((kbd & ROW3)==0)
01EC:  MOVF   06,W
01ED:  ANDLW  08
01EE:  BTFSS  03.2
01EF:  GOTO   1F2
....................                row=3;
01F0:  MOVLW  03
01F1:  MOVWF  4F
....................              last_key =KEYS[row][col];
01F2:  RLF    4F,W
01F3:  MOVWF  77
01F4:  RLF    77,F
01F5:  MOVLW  FC
01F6:  ANDWF  77,F
01F7:  MOVF   77,W
01F8:  ADDWF  23,W
01F9:  CALL   00C
01FA:  MOVWF  78
01FB:  MOVWF  22
....................              kbd_down = TRUE;
01FC:  BSF    21.0
....................           } else {
01FD:  GOTO   203
....................              ++col;
01FE:  INCF   23,F
....................              if(col==4)
01FF:  MOVF   23,W
0200:  SUBLW  04
0201:  BTFSC  03.2
....................                col=0;
0202:  CLRF   23
....................           }
....................        }
....................       kbd_call_count=0;
0203:  CLRF   20
....................    }
....................   set_tris_kbd(ALL_PINS);
0204:  MOVLW  FF
0205:  BSF    03.5
0206:  MOVWF  06
....................   return(kchar);
0207:  BCF    03.5
0208:  MOVF   4E,W
0209:  MOVWF  78
020A:  BCF    0A.3
020B:  BCF    0A.4
020C:  GOTO   24D (RETURN)
.................... }
.................... 
.................... #include <getNum16.c>
.................... /*
....................    ** Se requiere haber inicializado el lcd y el teclado ** 
....................    
....................    Usar como "int16 numero = get_num();" no puede borrar numeros
....................    
....................    Al usar como "int16 numero = get_num_lcd(cursor_x,cursor_y)"
....................    se pueden borrar caracteres con '-' y con 'C'
....................       
....................    Por Angel Primitivo Vejar Corts 2022 | angel-primi@hotmail.com
.................... */
.................... 
.................... unsigned int32 pow(int8 base, int8 power){
*
02C5:  CLRF   54
02C6:  CLRF   53
02C7:  CLRF   52
02C8:  MOVLW  01
02C9:  MOVWF  51
....................    int32 result = 1;
....................    for(int8 i = 0; i < power; i++){
02CA:  CLRF   55
02CB:  MOVF   50,W
02CC:  SUBWF  55,W
02CD:  BTFSC  03.0
02CE:  GOTO   2E7
....................       result *= base;
02CF:  MOVF   54,W
02D0:  MOVWF  59
02D1:  MOVF   53,W
02D2:  MOVWF  58
02D3:  MOVF   52,W
02D4:  MOVWF  57
02D5:  MOVF   51,W
02D6:  MOVWF  56
02D7:  CLRF   5D
02D8:  CLRF   5C
02D9:  CLRF   5B
02DA:  MOVF   4F,W
02DB:  MOVWF  5A
02DC:  CALL   215
02DD:  MOVF   7A,W
02DE:  MOVWF  54
02DF:  MOVF   79,W
02E0:  MOVWF  53
02E1:  MOVF   78,W
02E2:  MOVWF  52
02E3:  MOVF   77,W
02E4:  MOVWF  51
02E5:  INCF   55,F
02E6:  GOTO   2CB
....................    }
....................    return result;
02E7:  MOVF   51,W
02E8:  MOVWF  77
02E9:  MOVF   52,W
02EA:  MOVWF  78
02EB:  MOVF   53,W
02EC:  MOVWF  79
02ED:  MOVF   54,W
02EE:  MOVWF  7A
.................... }
.................... 
.................... char read_key(){
....................    char c;
....................    do{
....................       c=kbd_getc();
*
024C:  GOTO   1A4
024D:  MOVF   78,W
024E:  MOVWF  4D
....................    }
....................    while(c=='\0'); 
024F:  MOVF   4D,F
0250:  BTFSC  03.2
0251:  GOTO   24C
....................    return(c);
0252:  MOVF   4D,W
0253:  MOVWF  78
.................... }
.................... 
.................... int16 get_num_lcd(int8 x, int8 y){
....................    lcd_gotoxy(x,y);
*
023F:  MOVF   41,W
0240:  MOVWF  51
0241:  MOVF   42,W
0242:  MOVWF  52
0243:  CALL   118
....................    int16 numero = 0;
....................    char cadena[5] = {0,0,0,0,0};
*
0246:  CLRF   45
0247:  CLRF   46
0248:  CLRF   47
0249:  CLRF   48
024A:  CLRF   49
....................    int8 index = 0;
....................    char tecla;
*
0244:  CLRF   44
0245:  CLRF   43
*
024B:  CLRF   4A
....................    do {
....................       tecla = read_key();
*
0254:  MOVF   78,W
0255:  MOVWF  4B
....................       if((tecla >= 48) && (tecla <= 57)) 
0256:  MOVF   4B,W
0257:  SUBLW  2F
0258:  BTFSC  03.0
0259:  GOTO   268
025A:  MOVF   4B,W
025B:  SUBLW  39
025C:  BTFSS  03.0
025D:  GOTO   268
....................       {
....................          cadena[index] = tecla;
025E:  MOVLW  45
025F:  ADDWF  4A,W
0260:  MOVWF  04
0261:  BCF    03.7
0262:  MOVF   4B,W
0263:  MOVWF  00
....................          index++;
0264:  INCF   4A,F
....................          printf(lcd_putc,"%c",tecla);
0265:  MOVF   4B,W
0266:  MOVWF  50
0267:  CALL   12A
....................       }
....................       
....................       if(tecla == '-' && index > 0){
0268:  MOVF   4B,W
0269:  SUBLW  2D
026A:  BTFSS  03.2
026B:  GOTO   286
026C:  MOVF   4A,F
026D:  BTFSC  03.2
026E:  GOTO   286
....................          index--;
026F:  DECF   4A,F
....................          cadena[index] = 0;
0270:  MOVLW  45
0271:  ADDWF  4A,W
0272:  MOVWF  04
0273:  BCF    03.7
0274:  CLRF   00
....................          lcd_gotoxy(x + index,y);
0275:  MOVF   4A,W
0276:  ADDWF  41,W
0277:  MOVWF  4D
0278:  MOVWF  51
0279:  MOVF   42,W
027A:  MOVWF  52
027B:  CALL   118
....................          printf(lcd_putc," ");
027C:  MOVLW  20
027D:  MOVWF  50
027E:  CALL   12A
....................          lcd_gotoxy(x + index,y);
027F:  MOVF   4A,W
0280:  ADDWF  41,W
0281:  MOVWF  4D
0282:  MOVWF  51
0283:  MOVF   42,W
0284:  MOVWF  52
0285:  CALL   118
....................       }
....................       
....................       if(tecla == 'C' && index > 0){
0286:  MOVF   4B,W
0287:  SUBLW  43
0288:  BTFSS  03.2
0289:  GOTO   2A4
028A:  MOVF   4A,F
028B:  BTFSC  03.2
028C:  GOTO   2A4
....................          index=0;
028D:  CLRF   4A
....................          cadena[0] = 0;
028E:  CLRF   45
....................          cadena[1] = 0;
028F:  CLRF   46
....................          cadena[2] = 0;
0290:  CLRF   47
....................          cadena[3] = 0;
0291:  CLRF   48
....................          cadena[4] = 0;
0292:  CLRF   49
....................          lcd_gotoxy(x,y);
0293:  MOVF   41,W
0294:  MOVWF  51
0295:  MOVF   42,W
0296:  MOVWF  52
0297:  CALL   118
....................          printf(lcd_putc,"     ");
0298:  MOVLW  2C
0299:  BSF    03.6
029A:  MOVWF  0D
029B:  MOVLW  00
029C:  MOVWF  0F
029D:  BCF    03.6
029E:  CALL   14E
....................          lcd_gotoxy(x,y);
029F:  MOVF   41,W
02A0:  MOVWF  51
02A1:  MOVF   42,W
02A2:  MOVWF  52
02A3:  CALL   118
....................       }
....................       
....................       if(tecla == '=' && index > 0){
02A4:  MOVF   4B,W
02A5:  SUBLW  3D
02A6:  BTFSS  03.2
02A7:  GOTO   2AB
02A8:  MOVF   4A,F
02A9:  BTFSS  03.2
....................          break;     
02AA:  GOTO   2AF
....................       }
....................    }while(index < 5);
02AB:  MOVF   4A,W
02AC:  SUBLW  04
02AD:  BTFSC  03.0
02AE:  GOTO   24C
....................    
....................    for(int8 i = 0; i < index; i++){
02AF:  CLRF   4C
02B0:  MOVF   4A,W
02B1:  SUBWF  4C,W
02B2:  BTFSC  03.0
02B3:  GOTO   310
....................       numero += (cadena[i] - 48) * (pow(10,index - 1 - i));
02B4:  MOVLW  45
02B5:  ADDWF  4C,W
02B6:  MOVWF  04
02B7:  BCF    03.7
02B8:  MOVLW  30
02B9:  SUBWF  00,W
02BA:  MOVWF  4D
02BB:  MOVLW  01
02BC:  SUBWF  4A,W
02BD:  MOVWF  78
02BE:  MOVF   4C,W
02BF:  SUBWF  78,W
02C0:  MOVWF  4E
02C1:  MOVLW  0A
02C2:  MOVWF  4F
02C3:  MOVF   4E,W
02C4:  MOVWF  50
*
02EF:  CLRF   4F
02F0:  MOVF   04,W
02F1:  MOVWF  4E
02F2:  BCF    4F.0
02F3:  BTFSC  03.7
02F4:  BSF    4F.0
02F5:  CLRF   59
02F6:  CLRF   58
02F7:  CLRF   57
02F8:  MOVF   4D,W
02F9:  MOVWF  56
02FA:  MOVF   7A,W
02FB:  MOVWF  5D
02FC:  MOVF   79,W
02FD:  MOVWF  5C
02FE:  MOVF   78,W
02FF:  MOVWF  5B
0300:  MOVF   77,W
0301:  MOVWF  5A
0302:  CALL   215
0303:  MOVF   4E,W
0304:  MOVWF  04
0305:  BCF    03.7
0306:  BTFSC  4F.0
0307:  BSF    03.7
0308:  MOVF   77,W
0309:  ADDWF  43,F
030A:  MOVF   78,W
030B:  BTFSC  03.0
030C:  INCFSZ 78,W
030D:  ADDWF  44,F
030E:  INCF   4C,F
030F:  GOTO   2B0
....................    }  
....................    return numero;
0310:  MOVF   43,W
0311:  MOVWF  78
0312:  MOVF   44,W
0313:  MOVWF  79
0314:  BSF    0A.3
0315:  BCF    0A.4
0316:  GOTO   038 (RETURN)
.................... }
.................... 
.................... int16 get_num() {
....................    int16 numero = 0;
....................    char cadena[5] = {0,0,0,0,0};
....................    int8 index = 0;
....................    char tecla;
....................    do {
....................       tecla = read_key();
....................       if((tecla >= 48) && (tecla <= 57)) 
....................       {
....................          cadena[index] = tecla;
....................          index++;
....................          printf(lcd_putc,"%c",tecla);
....................       }
....................       
....................       if(tecla == '=' && index > 0){
....................          break;     
....................       }
....................    }while(index < 5);
....................    
....................    for(int8 i = 0; i < index; i++){
....................       numero += (cadena[i] - 48) * (pow(10,index - 1 - i));
....................    }  
....................    return numero;
.................... }
.................... 
.................... 
.................... #use STANDARD_IO(A)
.................... #use STANDARD_IO(B)
.................... #use STANDARD_IO(D)
.................... 
.................... #define MA1 PIN_A0
.................... #define MA2 PIN_A1
.................... #define MA3 PIN_A2
.................... #define MA4 PIN_A3
.................... 
.................... const int8 pasos[8] = {
.................... 
....................    0b1000,
....................    0b1010,
....................    0b0010,
....................    0b0110,
....................    0b0100,
....................    0b0101,
....................    0b0001,
....................    0b1001
.................... 
.................... };
.................... 
.................... int8 step_index = 0;
.................... 
.................... void update_stepper(){
....................    output_a(pasos[step_index]);
*
0076:  MOVF   26,W
0077:  CALL   020
0078:  MOVWF  41
0079:  BSF    03.5
007A:  CLRF   05
007B:  BCF    03.5
007C:  MOVF   41,W
007D:  MOVWF  05
007E:  RETURN
.................... }
.................... 
.................... void step_up(){
....................    if(step_index == 0){
*
079C:  MOVF   26,F
079D:  BTFSS  03.2
079E:  GOTO   7A2
....................       step_index = 7;
079F:  MOVLW  07
07A0:  MOVWF  26
....................    }else{
07A1:  GOTO   7A3
....................       step_index--;
07A2:  DECF   26,F
....................    }
....................    update_stepper();
07A3:  CALL   076
07A4:  BSF    0A.3
07A5:  BCF    0A.4
07A6:  GOTO   165 (RETURN)
.................... }
.................... 
.................... void step_back(){
....................    step_index++;
07A7:  INCF   26,F
....................    if(step_index > 7){
07A8:  MOVF   26,W
07A9:  SUBLW  07
07AA:  BTFSS  03.0
....................       step_index = 0;
07AB:  CLRF   26
....................    }
....................    update_stepper();
07AC:  CALL   076
07AD:  BSF    0A.3
07AE:  BCF    0A.4
07AF:  GOTO   1F7 (RETURN)
.................... }
.................... 
.................... void main(){
*
0800:  MOVF   03,W
0801:  ANDLW  1F
0802:  MOVWF  03
0803:  CLRF   25
0804:  CLRF   24
0805:  CLRF   26
0806:  BSF    03.5
0807:  BSF    1F.0
0808:  BSF    1F.1
0809:  BSF    1F.2
080A:  BCF    1F.3
080B:  MOVLW  07
080C:  MOVWF  1C
080D:  BCF    03.7
....................    // setup_uart(9600); //Configurar baudios
....................    // Inicializar pines
....................    update_stepper();
*
0813:  BCF    0A.3
0814:  CALL   076
0815:  BSF    0A.3
....................    lcd_init();
0816:  BCF    0A.3
0817:  GOTO   0E5
0818:  BSF    0A.3
....................    kbd_init();
0819:  BCF    0A.3
081A:  GOTO   115
081B:  BSF    0A.3
....................    port_b_pullups(TRUE);
081C:  BSF    03.5
081D:  BCF    01.7
....................    int16 numero;
....................    float pos_actual = 0;
....................    float micro_paso = 0.9;
081E:  BCF    03.5
081F:  CLRF   2C
0820:  CLRF   2B
0821:  CLRF   2A
0822:  CLRF   29
0823:  MOVLW  66
0824:  MOVWF  30
0825:  MOVWF  2F
0826:  MOVWF  2E
0827:  MOVLW  7E
0828:  MOVWF  2D
....................    while (TRUE){
....................       printf(lcd_putc,"\fGrado (0 a 360):");
0829:  MOVLW  2F
082A:  BSF    03.6
082B:  MOVWF  0D
082C:  MOVLW  00
082D:  MOVWF  0F
082E:  BCF    0A.3
082F:  BCF    03.6
0830:  CALL   14E
0831:  BSF    0A.3
....................       numero = get_num_lcd(1,2);
0832:  MOVLW  01
0833:  MOVWF  41
0834:  MOVLW  02
0835:  MOVWF  42
0836:  BCF    0A.3
0837:  GOTO   23F
0838:  BSF    0A.3
0839:  MOVF   79,W
083A:  MOVWF  28
083B:  MOVF   78,W
083C:  MOVWF  27
....................       float grados = (float)numero;
083D:  MOVF   28,W
083E:  MOVWF  42
083F:  MOVF   27,W
0840:  MOVWF  41
0841:  BCF    0A.3
0842:  CALL   317
0843:  BSF    0A.3
0844:  MOVF   7A,W
0845:  MOVWF  34
0846:  MOVF   79,W
0847:  MOVWF  33
0848:  MOVF   78,W
0849:  MOVWF  32
084A:  MOVF   77,W
084B:  MOVWF  31
....................       if(numero > 360.0 || numero < 0.0){
084C:  MOVF   28,W
084D:  MOVWF  42
084E:  MOVF   27,W
084F:  MOVWF  41
0850:  BCF    0A.3
0851:  CALL   317
0852:  BSF    0A.3
0853:  CLRF   44
0854:  CLRF   43
0855:  MOVLW  34
0856:  MOVWF  42
0857:  MOVLW  87
0858:  MOVWF  41
0859:  MOVF   7A,W
085A:  MOVWF  48
085B:  MOVF   79,W
085C:  MOVWF  47
085D:  MOVF   78,W
085E:  MOVWF  46
085F:  MOVF   77,W
0860:  MOVWF  45
0861:  BCF    0A.3
0862:  CALL   334
0863:  BSF    0A.3
0864:  BTFSC  03.0
0865:  GOTO   07E
0866:  MOVF   28,W
0867:  MOVWF  42
0868:  MOVF   27,W
0869:  MOVWF  41
086A:  BCF    0A.3
086B:  CALL   317
086C:  BSF    0A.3
086D:  MOVF   7A,W
086E:  MOVWF  44
086F:  MOVF   79,W
0870:  MOVWF  43
0871:  MOVF   78,W
0872:  MOVWF  42
0873:  MOVF   77,W
0874:  MOVWF  41
0875:  CLRF   48
0876:  CLRF   47
0877:  CLRF   46
0878:  CLRF   45
0879:  BCF    0A.3
087A:  CALL   334
087B:  BSF    0A.3
087C:  BTFSS  03.0
087D:  GOTO   0A0
....................          printf(lcd_putc,"\f*ERROR* \nNumero no valido");
087E:  MOVLW  38
087F:  BSF    03.6
0880:  MOVWF  0D
0881:  MOVLW  00
0882:  MOVWF  0F
0883:  BCF    0A.3
0884:  BCF    03.6
0885:  CALL   14E
0886:  BSF    0A.3
....................          delay_ms(1000);
0887:  MOVLW  04
0888:  MOVWF  41
0889:  MOVLW  FA
088A:  MOVWF  51
088B:  BCF    0A.3
088C:  CALL   07F
088D:  BSF    0A.3
088E:  DECFSZ 41,F
088F:  GOTO   089
....................          numero = pos_actual;
0890:  MOVF   2C,W
0891:  MOVWF  44
0892:  MOVF   2B,W
0893:  MOVWF  43
0894:  MOVF   2A,W
0895:  MOVWF  42
0896:  MOVF   29,W
0897:  MOVWF  41
0898:  BCF    0A.3
0899:  GOTO   373
089A:  BSF    0A.3
089B:  MOVF   79,W
089C:  MOVWF  28
089D:  MOVF   78,W
089E:  MOVWF  27
....................       }
089F:  GOTO   253
....................       else{
....................          float pasos_totales = ((grados-pos_actual)*400.0)/(360.0);
....................          float pasos_diferencia = abs(pasos_totales);
08A0:  BSF    03.1
08A1:  MOVF   34,W
08A2:  MOVWF  44
08A3:  MOVF   33,W
08A4:  MOVWF  43
08A5:  MOVF   32,W
08A6:  MOVWF  42
08A7:  MOVF   31,W
08A8:  MOVWF  41
08A9:  MOVF   2C,W
08AA:  MOVWF  48
08AB:  MOVF   2B,W
08AC:  MOVWF  47
08AD:  MOVF   2A,W
08AE:  MOVWF  46
08AF:  MOVF   29,W
08B0:  MOVWF  45
08B1:  BCF    0A.3
08B2:  CALL   394
08B3:  BSF    0A.3
08B4:  MOVF   7A,W
08B5:  MOVWF  44
08B6:  MOVF   79,W
08B7:  MOVWF  43
08B8:  MOVF   78,W
08B9:  MOVWF  42
08BA:  MOVF   77,W
08BB:  MOVWF  41
08BC:  MOVF   44,W
08BD:  MOVWF  51
08BE:  MOVF   43,W
08BF:  MOVWF  50
08C0:  MOVF   42,W
08C1:  MOVWF  4F
08C2:  MOVF   41,W
08C3:  MOVWF  4E
08C4:  CLRF   55
08C5:  CLRF   54
08C6:  MOVLW  48
08C7:  MOVWF  53
08C8:  MOVLW  87
08C9:  MOVWF  52
08CA:  BCF    0A.3
08CB:  CALL   4D5
08CC:  BSF    0A.3
08CD:  MOVF   7A,W
08CE:  MOVWF  44
08CF:  MOVF   79,W
08D0:  MOVWF  43
08D1:  MOVF   78,W
08D2:  MOVWF  42
08D3:  MOVF   77,W
08D4:  MOVWF  41
08D5:  MOVF   44,W
08D6:  MOVWF  48
08D7:  MOVF   43,W
08D8:  MOVWF  47
08D9:  MOVF   42,W
08DA:  MOVWF  46
08DB:  MOVF   41,W
08DC:  MOVWF  45
08DD:  CLRF   4C
08DE:  CLRF   4B
08DF:  MOVLW  34
08E0:  MOVWF  4A
08E1:  MOVLW  87
08E2:  MOVWF  49
08E3:  BCF    0A.3
08E4:  GOTO   54A
08E5:  BSF    0A.3
08E6:  MOVF   7A,W
08E7:  MOVWF  38
08E8:  MOVF   79,W
08E9:  MOVWF  37
08EA:  MOVF   78,W
08EB:  MOVWF  36
08EC:  MOVF   77,W
08ED:  MOVWF  35
08EE:  MOVWF  77
08EF:  MOVF   36,W
08F0:  MOVWF  78
08F1:  BCF    78.7
08F2:  MOVF   38,W
08F3:  MOVWF  3C
08F4:  MOVF   37,W
08F5:  MOVWF  3B
08F6:  MOVF   78,W
08F7:  MOVWF  3A
08F8:  MOVF   77,W
08F9:  MOVWF  39
....................          printf(lcd_putc,"\fPasos total:%f\nPaso actual:%f",pasos_totales,pos_actual);
08FA:  MOVLW  46
08FB:  BSF    03.6
08FC:  MOVWF  0D
08FD:  MOVLW  00
08FE:  MOVWF  0F
08FF:  BCF    03.0
0900:  MOVLW  0D
0901:  BCF    03.6
0902:  MOVWF  41
0903:  BCF    0A.3
0904:  CALL   616
0905:  BSF    0A.3
0906:  MOVLW  89
0907:  MOVWF  04
0908:  MOVF   38,W
0909:  MOVWF  44
090A:  MOVF   37,W
090B:  MOVWF  43
090C:  MOVF   36,W
090D:  MOVWF  42
090E:  MOVF   35,W
090F:  MOVWF  41
0910:  MOVLW  02
0911:  MOVWF  45
0912:  BCF    0A.3
0913:  CALL   6BC
0914:  BSF    0A.3
0915:  MOVLW  4D
0916:  BSF    03.6
0917:  MOVWF  0D
0918:  MOVLW  00
0919:  MOVWF  0F
091A:  BSF    03.0
091B:  MOVLW  0D
091C:  BCF    03.6
091D:  MOVWF  41
091E:  BCF    0A.3
091F:  CALL   616
0920:  BSF    0A.3
0921:  MOVLW  89
0922:  MOVWF  04
0923:  MOVF   2C,W
0924:  MOVWF  44
0925:  MOVF   2B,W
0926:  MOVWF  43
0927:  MOVF   2A,W
0928:  MOVWF  42
0929:  MOVF   29,W
092A:  MOVWF  41
092B:  MOVLW  02
092C:  MOVWF  45
092D:  BCF    0A.3
092E:  CALL   6BC
092F:  BSF    0A.3
....................          if(pos_actual < grados){
0930:  MOVF   2C,W
0931:  MOVWF  44
0932:  MOVF   2B,W
0933:  MOVWF  43
0934:  MOVF   2A,W
0935:  MOVWF  42
0936:  MOVF   29,W
0937:  MOVWF  41
0938:  MOVF   34,W
0939:  MOVWF  48
093A:  MOVF   33,W
093B:  MOVWF  47
093C:  MOVF   32,W
093D:  MOVWF  46
093E:  MOVF   31,W
093F:  MOVWF  45
0940:  BCF    0A.3
0941:  CALL   334
0942:  BSF    0A.3
0943:  BTFSS  03.0
0944:  GOTO   1C2
....................             for(int16 i=0; i < pasos_diferencia; i++){
0945:  CLRF   3E
0946:  CLRF   3D
0947:  MOVF   3E,W
0948:  MOVWF  42
0949:  MOVF   3D,W
094A:  MOVWF  41
094B:  BCF    0A.3
094C:  CALL   317
094D:  BSF    0A.3
094E:  MOVF   7A,W
094F:  MOVWF  44
0950:  MOVF   79,W
0951:  MOVWF  43
0952:  MOVF   78,W
0953:  MOVWF  42
0954:  MOVF   77,W
0955:  MOVWF  41
0956:  MOVF   3C,W
0957:  MOVWF  48
0958:  MOVF   3B,W
0959:  MOVWF  47
095A:  MOVF   3A,W
095B:  MOVWF  46
095C:  MOVF   39,W
095D:  MOVWF  45
095E:  BCF    0A.3
095F:  CALL   334
0960:  BSF    0A.3
0961:  BTFSS  03.0
0962:  GOTO   1C1
....................                step_up();
0963:  BCF    0A.3
0964:  GOTO   79C
0965:  BSF    0A.3
....................                pos_actual += micro_paso;
0966:  BCF    03.1
0967:  MOVF   2C,W
0968:  MOVWF  44
0969:  MOVF   2B,W
096A:  MOVWF  43
096B:  MOVF   2A,W
096C:  MOVWF  42
096D:  MOVF   29,W
096E:  MOVWF  41
096F:  MOVF   30,W
0970:  MOVWF  48
0971:  MOVF   2F,W
0972:  MOVWF  47
0973:  MOVF   2E,W
0974:  MOVWF  46
0975:  MOVF   2D,W
0976:  MOVWF  45
0977:  BCF    0A.3
0978:  CALL   394
0979:  BSF    0A.3
097A:  MOVF   7A,W
097B:  MOVWF  2C
097C:  MOVF   79,W
097D:  MOVWF  2B
097E:  MOVF   78,W
097F:  MOVWF  2A
0980:  MOVF   77,W
0981:  MOVWF  29
....................                printf(lcd_putc,"\fPasos total:%f\nPaso actual:%f",pasos_totales,pos_actual);
0982:  MOVLW  56
0983:  BSF    03.6
0984:  MOVWF  0D
0985:  MOVLW  00
0986:  MOVWF  0F
0987:  BCF    03.0
0988:  MOVLW  0D
0989:  BCF    03.6
098A:  MOVWF  41
098B:  BCF    0A.3
098C:  CALL   616
098D:  BSF    0A.3
098E:  MOVLW  89
098F:  MOVWF  04
0990:  MOVF   38,W
0991:  MOVWF  44
0992:  MOVF   37,W
0993:  MOVWF  43
0994:  MOVF   36,W
0995:  MOVWF  42
0996:  MOVF   35,W
0997:  MOVWF  41
0998:  MOVLW  02
0999:  MOVWF  45
099A:  BCF    0A.3
099B:  CALL   6BC
099C:  BSF    0A.3
099D:  MOVLW  5D
099E:  BSF    03.6
099F:  MOVWF  0D
09A0:  MOVLW  00
09A1:  MOVWF  0F
09A2:  BSF    03.0
09A3:  MOVLW  0D
09A4:  BCF    03.6
09A5:  MOVWF  41
09A6:  BCF    0A.3
09A7:  CALL   616
09A8:  BSF    0A.3
09A9:  MOVLW  89
09AA:  MOVWF  04
09AB:  MOVF   2C,W
09AC:  MOVWF  44
09AD:  MOVF   2B,W
09AE:  MOVWF  43
09AF:  MOVF   2A,W
09B0:  MOVWF  42
09B1:  MOVF   29,W
09B2:  MOVWF  41
09B3:  MOVLW  02
09B4:  MOVWF  45
09B5:  BCF    0A.3
09B6:  CALL   6BC
09B7:  BSF    0A.3
....................                delay_ms(100);
09B8:  MOVLW  64
09B9:  MOVWF  51
09BA:  BCF    0A.3
09BB:  CALL   07F
09BC:  BSF    0A.3
09BD:  INCF   3D,F
09BE:  BTFSC  03.2
09BF:  INCF   3E,F
09C0:  GOTO   147
....................             }
....................          }
09C1:  GOTO   253
....................          else if(pos_actual > grados){
09C2:  MOVF   34,W
09C3:  MOVWF  44
09C4:  MOVF   33,W
09C5:  MOVWF  43
09C6:  MOVF   32,W
09C7:  MOVWF  42
09C8:  MOVF   31,W
09C9:  MOVWF  41
09CA:  MOVF   2C,W
09CB:  MOVWF  48
09CC:  MOVF   2B,W
09CD:  MOVWF  47
09CE:  MOVF   2A,W
09CF:  MOVWF  46
09D0:  MOVF   29,W
09D1:  MOVWF  45
09D2:  BCF    0A.3
09D3:  CALL   334
09D4:  BSF    0A.3
09D5:  BTFSS  03.0
09D6:  GOTO   253
....................             for(int16 i=0; i < pasos_diferencia; i++){
09D7:  CLRF   40
09D8:  CLRF   3F
09D9:  MOVF   40,W
09DA:  MOVWF  42
09DB:  MOVF   3F,W
09DC:  MOVWF  41
09DD:  BCF    0A.3
09DE:  CALL   317
09DF:  BSF    0A.3
09E0:  MOVF   7A,W
09E1:  MOVWF  44
09E2:  MOVF   79,W
09E3:  MOVWF  43
09E4:  MOVF   78,W
09E5:  MOVWF  42
09E6:  MOVF   77,W
09E7:  MOVWF  41
09E8:  MOVF   3C,W
09E9:  MOVWF  48
09EA:  MOVF   3B,W
09EB:  MOVWF  47
09EC:  MOVF   3A,W
09ED:  MOVWF  46
09EE:  MOVF   39,W
09EF:  MOVWF  45
09F0:  BCF    0A.3
09F1:  CALL   334
09F2:  BSF    0A.3
09F3:  BTFSS  03.0
09F4:  GOTO   253
....................                step_back();
09F5:  BCF    0A.3
09F6:  GOTO   7A7
09F7:  BSF    0A.3
....................                pos_actual -= micro_paso;
09F8:  BSF    03.1
09F9:  MOVF   2C,W
09FA:  MOVWF  44
09FB:  MOVF   2B,W
09FC:  MOVWF  43
09FD:  MOVF   2A,W
09FE:  MOVWF  42
09FF:  MOVF   29,W
0A00:  MOVWF  41
0A01:  MOVF   30,W
0A02:  MOVWF  48
0A03:  MOVF   2F,W
0A04:  MOVWF  47
0A05:  MOVF   2E,W
0A06:  MOVWF  46
0A07:  MOVF   2D,W
0A08:  MOVWF  45
0A09:  BCF    0A.3
0A0A:  CALL   394
0A0B:  BSF    0A.3
0A0C:  MOVF   7A,W
0A0D:  MOVWF  2C
0A0E:  MOVF   79,W
0A0F:  MOVWF  2B
0A10:  MOVF   78,W
0A11:  MOVWF  2A
0A12:  MOVF   77,W
0A13:  MOVWF  29
....................                printf(lcd_putc,"\fPasos total:%f\nPaso actual:%f",pasos_totales,pos_actual);
0A14:  MOVLW  66
0A15:  BSF    03.6
0A16:  MOVWF  0D
0A17:  MOVLW  00
0A18:  MOVWF  0F
0A19:  BCF    03.0
0A1A:  MOVLW  0D
0A1B:  BCF    03.6
0A1C:  MOVWF  41
0A1D:  BCF    0A.3
0A1E:  CALL   616
0A1F:  BSF    0A.3
0A20:  MOVLW  89
0A21:  MOVWF  04
0A22:  MOVF   38,W
0A23:  MOVWF  44
0A24:  MOVF   37,W
0A25:  MOVWF  43
0A26:  MOVF   36,W
0A27:  MOVWF  42
0A28:  MOVF   35,W
0A29:  MOVWF  41
0A2A:  MOVLW  02
0A2B:  MOVWF  45
0A2C:  BCF    0A.3
0A2D:  CALL   6BC
0A2E:  BSF    0A.3
0A2F:  MOVLW  6D
0A30:  BSF    03.6
0A31:  MOVWF  0D
0A32:  MOVLW  00
0A33:  MOVWF  0F
0A34:  BSF    03.0
0A35:  MOVLW  0D
0A36:  BCF    03.6
0A37:  MOVWF  41
0A38:  BCF    0A.3
0A39:  CALL   616
0A3A:  BSF    0A.3
0A3B:  MOVLW  89
0A3C:  MOVWF  04
0A3D:  MOVF   2C,W
0A3E:  MOVWF  44
0A3F:  MOVF   2B,W
0A40:  MOVWF  43
0A41:  MOVF   2A,W
0A42:  MOVWF  42
0A43:  MOVF   29,W
0A44:  MOVWF  41
0A45:  MOVLW  02
0A46:  MOVWF  45
0A47:  BCF    0A.3
0A48:  CALL   6BC
0A49:  BSF    0A.3
....................                delay_ms(100);
0A4A:  MOVLW  64
0A4B:  MOVWF  51
0A4C:  BCF    0A.3
0A4D:  CALL   07F
0A4E:  BSF    0A.3
0A4F:  INCF   3F,F
0A50:  BTFSC  03.2
0A51:  INCF   40,F
0A52:  GOTO   1D9
....................             }
....................          }
....................       }
0A53:  GOTO   029
....................    }
.................... }
0A54:  SLEEP

Configuration Fuses:
   Word  1: 3F32   HS NOWDT PUT NOBROWNOUT NOLVP NOCPD NOWRT NODEBUG NOPROTECT
