
ROM used:   1240/8192 (15%)
            1240/8192 (15%) including unused fragments

            0.9 Average locations per line
            5.4 Average locations per statement

RAM used:   22/368 (6%) at main() level
            53/368 (14%) worst case

Stack used: 6 worst case (6 in main + 0 for interrupts)
Stack size: 8

Lines Stmts  %   Files
----- ----- ---  -----
  102    60  26  Practica2F.c
  708     0   0  ..\..\..\..\..\..\Program Files (x86)\PICC\Devices\16F877a.h
  350    67  29  ..\..\..\..\..\..\Program Files (x86)\PICC\Drivers\lcd_d.c
  150    43  19  ..\..\..\..\..\..\Program Files (x86)\PICC\Drivers\kbd4x4_b.c
   99    58  25  ..\..\..\..\..\..\Program Files (x86)\PICC\Drivers\getNum16.c
----- -----
 1409   228 Total

Page ROM  %  RAM    Vol Diff  Functions:
---- --- --- ---    --- ----  ----------
0     20   2    1             @delay_ms1
0      8   1    0             @const711
 Inline         3    587  6.0  lcd_read_byte
0      6   0    0     59  4.2  lcd_read_nibble
0     15   1    1    172  3.4  lcd_send_nibble
0     61   5    3    317  4.3  lcd_send_byte
0     48   4    2    624  5.8  lcd_init
0     18   1    4    186  5.5  lcd_gotoxy
0     36   3    1    272  4.1  lcd_putc
0     20   2    0             @const736
0      3   0    0      3  0.0  kbd_init
0    105   8    3   5853 10.1  kbd_getc
0      8   1    0             @goto16770
 Inline         7    155  5.0  pow
0     42   3   13             @MUL3232
 Inline         1     90  3.1  read_key
0    214  17   15   1660 12.1  get_num_lcd
0      3   0    0             @const767
0     86   7    4             @PSTRINGC7_728
0    451  36   10   2426 11.4  MAIN
0     10   1    0             @const786
0     10   1    0             @const787
0     21   2    5   2527 11.5  @MUL1616
0      9   1    0             @const792
0      9   1    0             @const793
0      8   1    0             @const794
0      9   1    0             @const795
0      8   1    0             @const797
0      8   1    0             @const798
 Inline         0             @cinit1

Program metrics:
    Functions               14
    Statements              228
    Comments                245
    Volume (V)              21073
    Difficulty (D)          85.7
    Effort to implement (E) 1806179
    Time to implement (T)   27 hours, 52 minutes
    Est Delivered Bugs (B)  5
    Cyclomatic Complexity   52
    Maintainability (MI)    97

 Segment     Used  Free
-----------  ----  ----
00000-00003     4  0  
00004-007FF  1236  808  
00800-00FFF     0  2048  
01000-017FF     0  2048  
01800-01FFF     0  2048  



