
ROM used:   324/8192 (4%)
            324/8192 (4%) including unused fragments

            0.2 Average locations per line
            1.8 Average locations per statement

RAM used:   21/368 (6%) at main() level
            29/368 (8%) worst case

Stack used: 3 worst case (2 in main + 1 for interrupts)
Stack size: 8

Lines Stmts  %   Files
----- ----- ---  -----
   35    13   7  Probar_bluetooth.c
  671     0   0  ..\..\..\..\Escritorio\PICC\Devices\16F877a.h
  350    67  37  ..\..\..\..\Escritorio\PICC\Drivers\lcd_d.c
  150    43  24  ..\..\..\..\Escritorio\PICC\Drivers\kbd4x4_b.c
   99    58  32  ..\..\..\..\Escritorio\PICC\Drivers\getNum16.c
----- -----
 1305   181 Total

Page ROM  %  RAM   Vol Diff  Functions:
---- --- --- ---   --- ----  ----------
0     20   6    1             @delay_ms1
0      8   2    0             @const634
 Inline         3   587  6.0  lcd_read_byte
0      6   2    0    59  4.2  lcd_read_nibble
0     17   5    1   172  3.4  lcd_send_nibble
 Inline         3   317  4.3  lcd_send_byte
0    107  33    2   624  5.8  lcd_init
0      3   1    0     3  0.0  kbd_init
0      3   1    0             @const691
0     19   6    2    70  2.0  interrupcion_rda
0     60  19    1   181  1.8  MAIN
 Inline         0             @cinit1

Program metrics:
    Functions               8
    Statements              181
    Comments                240
    Volume (V)              3010
    Difficulty (D)          27.3
    Effort to implement (E) 82038
    Time to implement (T)   1 hours, 16 minutes
    Est Delivered Bugs (B)  1
    Cyclomatic Complexity   2
    Maintainability (MI)    130

 Segment     Used  Free
-----------  ----  ----
00000-00003     4  0  
00004-00050    77  0  
00051-007FF   243  1724  
00800-00FFF     0  2048  
01000-017FF     0  2048  
01800-01FFF     0  2048  



