
ROM used:   515/8192 (6%)
            515/8192 (6%) including unused fragments

            0.4 Average locations per line
            2.7 Average locations per statement

RAM used:   9/368 (2%) at main() level
            24/368 (7%) worst case

Stack used: 2 worst case (2 in main + 0 for interrupts)
Stack size: 8

Lines Stmts  %   Files
----- ----- ---  -----
   46    21  11  Examen_UIV.c
  671     0   0  ..\..\..\..\Escritorio\PICC\Devices\16F877a.h
  350    67  35  ..\..\..\..\Escritorio\PICC\Drivers\lcd_d.c
  150    43  23  ..\..\..\..\Escritorio\PICC\Drivers\kbd4x4_b.c
   99    58  31  ..\..\..\..\Escritorio\PICC\Drivers\getNum16.c
----- -----
 1316   189 Total

Page ROM  %  RAM   Vol Diff  Functions:
---- --- --- ---   --- ----  ----------
0     20   4    1             @delay_ms1
0      8   2    0             @const634
 Inline         3   587  6.0  lcd_read_byte
0      6   1    0    59  4.2  lcd_read_nibble
0     17   3    1   172  3.4  lcd_send_nibble
 Inline         3   317  4.3  lcd_send_byte
0    107  21    2   624  5.8  lcd_init
0      3   1    0     3  0.0  kbd_init
0      3   1    0             @const691
0    156  30    0   467  2.8  MAIN
0     13   3    0             @const709
0     89  17    9             @PRINTF_LU_9600_62_63
0     89  17    5             @PSTRINGCN7_9600_62_63
 Inline         0             @cinit1

Program metrics:
    Functions               7
    Statements              189
    Comments                240
    Volume (V)              3244
    Difficulty (D)          25.4
    Effort to implement (E) 82381
    Time to implement (T)   1 hours, 16 minutes
    Est Delivered Bugs (B)  1
    Cyclomatic Complexity   2
    Maintainability (MI)    103

 Segment     Used  Free
-----------  ----  ----
00000-00003     4  0  
00004-007FF   511  1533  
00800-00FFF     0  2048  
01000-017FF     0  2048  
01800-01FFF     0  2048  



