
ROM used:   2709/8192 (33%)
            2879/8192 (35%) including unused fragments

            1.8 Average locations per line
            11.0 Average locations per statement

RAM used:   15/368 (4%) at main() level
            75/368 (20%) worst case

Stack used: 6 worst case (6 in main + 0 for interrupts)
Stack size: 8

Lines Stmts  %   Files
----- ----- ---  -----
  107    45  18  Motor_bipolar_a_pasos_Proyecto.c
  671     0   0  ..\..\..\..\Escritorio\PICC\Devices\16F877a.h
  456   100  41  ..\..\..\..\Escritorio\PICC\Drivers\lcd.c
  150    43  17  ..\..\..\..\Escritorio\PICC\Drivers\kbd4x4_b.c
   99    58  24  ..\..\..\..\Escritorio\PICC\Drivers\getNum16.c
----- -----
 1483   246 Total

Page ROM  %  RAM   Vol Diff  Functions:
---- --- --- ---   --- ----  ----------
0     20   1    1             @delay_ms1
 Inline         3   760  4.5  lcd_read_byte
0     49   2    2   262  3.7  lcd_read_nibble
0     48   2    1   399  2.4  lcd_send_nibble
0     94   3    3   415  3.7  lcd_send_byte
0     70   3    6   852  6.2  lcd_init
0     18   1    4   208  6.3  lcd_gotoxy
0     44   2    1   354  4.7  lcd_putc
0     20   1    0             @const658
0      3   0    0     3  0.0  kbd_init
0    105   4    3  5853 10.1  kbd_getc
0      8   0    0             @goto10703
 Inline         6   155  5.0  pow
0     42   2   13             @MUL3232
 Inline         1    90  3.1  read_key
0    216   8    5  1660 12.1  get_num_lcd
0      3   0    0             @const690
0     86   3    4             @PSTRINGC7_645
0     12   0    0             @const701
0     11   0    1    24  1.5  update_stepper
0     11   0    0    80  3.0  step_up
0      9   0    0    70  2.6  step_back
1    593  22    4  1317  8.9  MAIN
0      9   0    0             @const714
0     29   1    2             @ITOF
0     63   2   10             @FLT
0     15   1    0             @const721
0     33   1    4             @SFTOI
0    117   4   13             @MULFF
0    204   8   14             @DIVFF
0    321  12   16             @ADDFF
0     16   1    0             @const736
0     87   3    5             @PSTRINGCN7_645
 Inline         5             @FTOSD
0     79   3   13             @DIV3232
1    238   9   13             @PRINTF_L32D_645FPFPF
0     16   1    0             @const748
0     16   1    0             @const750
 Inline         0             @cinit1

Program metrics:
    Functions               16
    Statements              246
    Comments                270
    Volume (V)              18079
    Difficulty (D)          78.7
    Effort to implement (E) 1422887
    Time to implement (T)   21 hours, 57 minutes
    Est Delivered Bugs (B)  4
    Cyclomatic Complexity   36
    Maintainability (MI)    94

 Segment     Used  Free
-----------  ----  ----
00000-00003     4  0  
00004-007FF  1874  170  
00800-00FFF   831  1217  
01000-017FF     0  2048  
01800-01FFF     0  2048  



