CCS PCM C Compiler, Version 5.015, 5967               12-oct.-23 13:07

               Filename:   C:\Users\strop\OneDrive\Documentos\GitHub\Microcontroladores\Motor_bipolar\Motor_bipolar_a_pasos_Proyecto.lst

               ROM used:   2709 words (33%)
                           Largest free fragment is 2048
               RAM used:   15 (4%) at main() level
                           75 (20%) worst case
               Stack used: 6 locations
               Stack size: 8

*
0000:  MOVLW  08
0001:  MOVWF  0A
0002:  GOTO   0EE
0003:  NOP
.................... //-. Motor bipolar .- 
....................  
.................... #include <16F877a.h> 
.................... //////////// Standard Header file for the PIC16F877A device //////////////// 
.................... /////////////////////////////////////////////////////////////////////////// 
.................... ////        (C) Copyright 1996, 2013 Custom Computer Services          //// 
.................... //// This source code may only be used by licensed users of the CCS C  //// 
.................... //// compiler.  This source code may only be distributed to other      //// 
.................... //// licensed users of the CCS C compiler.  No other use, reproduction //// 
.................... //// or distribution is permitted without written permission.          //// 
.................... //// Derivative programs created using this software in object code    //// 
.................... //// form are not restricted in any way.                               //// 
.................... /////////////////////////////////////////////////////////////////////////// 
.................... #device PIC16F877A 
0004:  BCF    0A.0
0005:  BCF    0A.1
0006:  BCF    0A.2
0007:  ADDWF  02,F
0008:  RETLW  37
0009:  RETLW  38
000A:  RETLW  39
000B:  RETLW  2F
000C:  RETLW  34
000D:  RETLW  35
000E:  RETLW  36
000F:  RETLW  2A
0010:  RETLW  31
0011:  RETLW  32
0012:  RETLW  33
0013:  RETLW  2D
0014:  RETLW  43
0015:  RETLW  30
0016:  RETLW  3D
0017:  RETLW  2B
0018:  BCF    0A.0
0019:  BCF    0A.1
001A:  BCF    0A.2
001B:  ADDWF  02,F
001C:  RETLW  08
001D:  RETLW  0A
001E:  RETLW  02
001F:  RETLW  06
0020:  RETLW  04
0021:  RETLW  05
0022:  RETLW  01
0023:  RETLW  09
0024:  DATA 20,10
0025:  DATA 20,10
0026:  DATA 20,00
0027:  DATA 8C,23
0028:  DATA F2,30
0029:  DATA E4,37
002A:  DATA 20,14
002B:  DATA 30,10
002C:  DATA 61,10
002D:  DATA 33,1B
002E:  DATA B0,14
002F:  DATA 3A,00
0030:  DATA 0C,15
0031:  DATA AA,22
0032:  DATA 52,29
0033:  DATA 4F,29
0034:  DATA 2A,15
0035:  DATA 20,05
0036:  DATA CE,3A
0037:  DATA ED,32
0038:  DATA F2,37
0039:  DATA 20,37
003A:  DATA 6F,10
003B:  DATA F6,30
003C:  DATA EC,34
003D:  DATA E4,37
003E:  DATA 00,00
003F:  DATA 0C,28
0040:  DATA E1,39
0041:  DATA EF,39
0042:  DATA 20,3A
0043:  DATA 6F,3A
0044:  DATA 61,36
0045:  DATA BA,12
0046:  DATA 66,05
0047:  DATA D0,30
0048:  DATA F3,37
0049:  DATA A0,30
004A:  DATA 63,3A
004B:  DATA F5,30
004C:  DATA 6C,1D
004D:  DATA 25,33
004E:  DATA 00,00
004F:  DATA 0C,28
0050:  DATA E1,39
0051:  DATA EF,39
0052:  DATA 20,3A
0053:  DATA 6F,3A
0054:  DATA 61,36
0055:  DATA BA,12
0056:  DATA 66,05
0057:  DATA D0,30
0058:  DATA F3,37
0059:  DATA A0,30
005A:  DATA 63,3A
005B:  DATA F5,30
005C:  DATA 6C,1D
005D:  DATA 25,33
005E:  DATA 00,01
005F:  DATA 0C,28
0060:  DATA E1,39
0061:  DATA EF,39
0062:  DATA 20,3A
0063:  DATA 6F,3A
0064:  DATA 61,36
0065:  DATA BA,12
0066:  DATA 66,05
0067:  DATA D0,30
0068:  DATA F3,37
0069:  DATA A0,30
006A:  DATA 63,3A
006B:  DATA F5,30
006C:  DATA 6C,1D
006D:  DATA 25,33
006E:  DATA 00,00
*
01D4:  MOVF   0B,W
01D5:  MOVWF  50
01D6:  BCF    0B.7
01D7:  BSF    03.5
01D8:  BSF    03.6
01D9:  BSF    0C.7
01DA:  BSF    0C.0
01DB:  NOP
01DC:  NOP
01DD:  BCF    03.5
01DE:  BCF    03.6
01DF:  BTFSC  50.7
01E0:  BSF    0B.7
01E1:  BSF    03.6
01E2:  MOVF   0C,W
01E3:  ANDLW  7F
01E4:  BTFSC  03.2
01E5:  GOTO   228
01E6:  BCF    03.6
01E7:  MOVWF  50
01E8:  BSF    03.6
01E9:  MOVF   0D,W
01EA:  BCF    03.6
01EB:  MOVWF  51
01EC:  BSF    03.6
01ED:  MOVF   0F,W
01EE:  BCF    03.6
01EF:  MOVWF  52
01F0:  MOVF   50,W
01F1:  MOVWF  53
01F2:  CALL   1A8
01F3:  MOVF   51,W
01F4:  BSF    03.6
01F5:  MOVWF  0D
01F6:  BCF    03.6
01F7:  MOVF   52,W
01F8:  BSF    03.6
01F9:  MOVWF  0F
01FA:  BCF    03.6
01FB:  MOVF   0B,W
01FC:  MOVWF  53
01FD:  BCF    0B.7
01FE:  BSF    03.5
01FF:  BSF    03.6
0200:  BSF    0C.7
0201:  BSF    0C.0
0202:  NOP
0203:  NOP
0204:  BCF    03.5
0205:  BCF    03.6
0206:  BTFSC  53.7
0207:  BSF    0B.7
0208:  BSF    03.6
0209:  RLF    0C,W
020A:  RLF    0E,W
020B:  ANDLW  7F
020C:  BTFSC  03.2
020D:  GOTO   228
020E:  BCF    03.6
020F:  MOVWF  50
0210:  BSF    03.6
0211:  MOVF   0D,W
0212:  BCF    03.6
0213:  MOVWF  51
0214:  BSF    03.6
0215:  MOVF   0F,W
0216:  BCF    03.6
0217:  MOVWF  52
0218:  MOVF   50,W
0219:  MOVWF  53
021A:  CALL   1A8
021B:  MOVF   51,W
021C:  BSF    03.6
021D:  MOVWF  0D
021E:  BCF    03.6
021F:  MOVF   52,W
0220:  BSF    03.6
0221:  MOVWF  0F
0222:  INCF   0D,F
0223:  BTFSC  03.2
0224:  INCF   0F,F
0225:  BCF    03.6
0226:  GOTO   1D4
0227:  BSF    03.6
0228:  BCF    03.6
0229:  RETURN
*
0293:  BCF    0A.0
0294:  BSF    0A.1
0295:  BCF    0A.2
0296:  ADDWF  02,F
0297:  GOTO   236
0298:  GOTO   23C
0299:  GOTO   242
029A:  GOTO   248
029B:  MOVLW  20
029C:  MOVWF  65
029D:  CLRF   61
029E:  CLRF   62
029F:  CLRF   63
02A0:  CLRF   64
02A1:  MOVF   5C,W
02A2:  MOVWF  7A
02A3:  MOVF   5B,W
02A4:  MOVWF  79
02A5:  MOVF   5A,W
02A6:  MOVWF  78
02A7:  MOVF   59,W
02A8:  MOVWF  77
02A9:  BCF    03.0
02AA:  BTFSS  77.0
02AB:  GOTO   2BA
02AC:  MOVF   5D,W
02AD:  ADDWF  61,F
02AE:  MOVF   5E,W
02AF:  BTFSC  03.0
02B0:  INCFSZ 5E,W
02B1:  ADDWF  62,F
02B2:  MOVF   5F,W
02B3:  BTFSC  03.0
02B4:  INCFSZ 5F,W
02B5:  ADDWF  63,F
02B6:  MOVF   60,W
02B7:  BTFSC  03.0
02B8:  INCFSZ 60,W
02B9:  ADDWF  64,F
02BA:  RRF    64,F
02BB:  RRF    63,F
02BC:  RRF    62,F
02BD:  RRF    61,F
02BE:  RRF    7A,F
02BF:  RRF    79,F
02C0:  RRF    78,F
02C1:  RRF    77,F
02C2:  DECFSZ 65,F
02C3:  GOTO   2A9
02C4:  RETURN
*
039D:  MOVLW  8E
039E:  MOVWF  77
039F:  MOVF   45,W
03A0:  MOVWF  78
03A1:  MOVF   44,W
03A2:  MOVWF  79
03A3:  CLRF   7A
03A4:  MOVF   78,F
03A5:  BTFSS  03.2
03A6:  GOTO   3B1
03A7:  MOVF   79,W
03A8:  MOVWF  78
03A9:  CLRF   79
03AA:  MOVLW  08
03AB:  SUBWF  77,F
03AC:  MOVF   78,F
03AD:  BTFSS  03.2
03AE:  GOTO   3B1
03AF:  CLRF   77
03B0:  GOTO   3B9
03B1:  BCF    03.0
03B2:  BTFSC  78.7
03B3:  GOTO   3B8
03B4:  RLF    79,F
03B5:  RLF    78,F
03B6:  DECF   77,F
03B7:  GOTO   3B1
03B8:  BCF    78.7
03B9:  RETURN
03BA:  MOVF   45,W
03BB:  MOVWF  4C
03BC:  MOVF   49,W
03BD:  XORWF  4C,F
03BE:  BTFSS  4C.7
03BF:  GOTO   3C5
03C0:  BCF    03.2
03C1:  BCF    03.0
03C2:  BTFSC  45.7
03C3:  BSF    03.0
03C4:  GOTO   3F8
03C5:  MOVF   45,W
03C6:  MOVWF  4C
03C7:  MOVF   48,W
03C8:  MOVWF  4D
03C9:  MOVF   44,W
03CA:  SUBWF  4D,F
03CB:  BTFSC  03.2
03CC:  GOTO   3D3
03CD:  BTFSS  4C.7
03CE:  GOTO   3F8
03CF:  MOVF   03,W
03D0:  XORLW  01
03D1:  MOVWF  03
03D2:  GOTO   3F8
03D3:  MOVF   49,W
03D4:  MOVWF  4D
03D5:  MOVF   45,W
03D6:  SUBWF  4D,F
03D7:  BTFSC  03.2
03D8:  GOTO   3DF
03D9:  BTFSS  4C.7
03DA:  GOTO   3F8
03DB:  MOVF   03,W
03DC:  XORLW  01
03DD:  MOVWF  03
03DE:  GOTO   3F8
03DF:  MOVF   4A,W
03E0:  MOVWF  4D
03E1:  MOVF   46,W
03E2:  SUBWF  4D,F
03E3:  BTFSC  03.2
03E4:  GOTO   3EB
03E5:  BTFSS  4C.7
03E6:  GOTO   3F8
03E7:  MOVF   03,W
03E8:  XORLW  01
03E9:  MOVWF  03
03EA:  GOTO   3F8
03EB:  MOVF   4B,W
03EC:  MOVWF  4D
03ED:  MOVF   47,W
03EE:  SUBWF  4D,F
03EF:  BTFSC  03.2
03F0:  GOTO   3F7
03F1:  BTFSS  4C.7
03F2:  GOTO   3F8
03F3:  MOVF   03,W
03F4:  XORLW  01
03F5:  MOVWF  03
03F6:  GOTO   3F8
03F7:  BCF    03.0
03F8:  RETURN
03F9:  MOVLW  8E
03FA:  MOVWF  77
03FB:  MOVF   44,W
03FC:  SUBWF  77,F
03FD:  MOVF   45,W
03FE:  MOVWF  79
03FF:  MOVF   46,W
0400:  MOVWF  78
0401:  BSF    79.7
0402:  MOVF   77,F
0403:  BTFSC  03.2
0404:  GOTO   410
0405:  BCF    03.0
0406:  MOVF   79,F
0407:  BTFSS  03.2
0408:  GOTO   40C
0409:  MOVF   78,F
040A:  BTFSC  03.2
040B:  GOTO   410
040C:  RRF    79,F
040D:  RRF    78,F
040E:  DECFSZ 77,F
040F:  GOTO   405
0410:  BTFSS  45.7
0411:  GOTO   417
0412:  COMF   78,F
0413:  COMF   79,F
0414:  INCF   78,F
0415:  BTFSC  03.2
0416:  INCF   79,F
0417:  BSF    0A.3
0418:  BCF    0A.4
0419:  GOTO   188 (RETURN)
041A:  MOVF   51,W
041B:  BTFSC  03.2
041C:  GOTO   48A
041D:  MOVWF  59
041E:  MOVF   55,W
041F:  BTFSC  03.2
0420:  GOTO   48A
0421:  ADDWF  59,F
0422:  BTFSC  03.0
0423:  GOTO   42B
0424:  MOVLW  7F
0425:  SUBWF  59,F
0426:  BTFSS  03.0
0427:  GOTO   48A
0428:  BTFSC  03.2
0429:  GOTO   48A
042A:  GOTO   42F
042B:  MOVLW  81
042C:  ADDWF  59,F
042D:  BTFSC  03.0
042E:  GOTO   48A
042F:  MOVF   59,W
0430:  MOVWF  77
0431:  CLRF   78
0432:  CLRF   79
0433:  CLRF   7A
0434:  MOVF   52,W
0435:  MOVWF  5D
0436:  BSF    5D.7
0437:  MOVF   53,W
0438:  MOVWF  5C
0439:  MOVF   54,W
043A:  MOVWF  5B
043B:  MOVLW  18
043C:  MOVWF  59
043D:  CLRF   5A
043E:  BTFSS  5B.0
043F:  GOTO   458
0440:  MOVF   58,W
0441:  ADDWF  7A,F
0442:  BTFSS  03.0
0443:  GOTO   44A
0444:  INCF   79,F
0445:  BTFSS  03.2
0446:  GOTO   44A
0447:  INCF   78,F
0448:  BTFSC  03.2
0449:  BSF    5A.7
044A:  MOVF   57,W
044B:  ADDWF  79,F
044C:  BTFSS  03.0
044D:  GOTO   451
044E:  INCF   78,F
044F:  BTFSC  03.2
0450:  BSF    5A.7
0451:  MOVF   56,W
0452:  MOVWF  53
0453:  BSF    53.7
0454:  MOVF   53,W
0455:  ADDWF  78,F
0456:  BTFSC  03.0
0457:  BSF    5A.7
0458:  RLF    5A,F
0459:  RRF    78,F
045A:  RRF    79,F
045B:  RRF    7A,F
045C:  RRF    5D,F
045D:  RRF    5C,F
045E:  RRF    5B,F
045F:  BCF    03.0
0460:  DECFSZ 59,F
0461:  GOTO   43D
0462:  MOVLW  01
0463:  ADDWF  77,F
0464:  BTFSC  03.0
0465:  GOTO   48A
0466:  BTFSC  78.7
0467:  GOTO   46F
0468:  RLF    5D,F
0469:  RLF    7A,F
046A:  RLF    79,F
046B:  RLF    78,F
046C:  DECF   77,F
046D:  BTFSC  03.2
046E:  GOTO   48A
046F:  BTFSS  5D.7
0470:  GOTO   480
0471:  INCF   7A,F
0472:  BTFSS  03.2
0473:  GOTO   480
0474:  INCF   79,F
0475:  BTFSS  03.2
0476:  GOTO   480
0477:  INCF   78,F
0478:  BTFSS  03.2
0479:  GOTO   480
047A:  RRF    78,F
047B:  RRF    79,F
047C:  RRF    7A,F
047D:  INCF   77,F
047E:  BTFSC  03.2
047F:  GOTO   48A
0480:  MOVF   52,W
0481:  MOVWF  5A
0482:  MOVF   56,W
0483:  XORWF  5A,F
0484:  BTFSS  5A.7
0485:  GOTO   488
0486:  BSF    78.7
0487:  GOTO   48E
0488:  BCF    78.7
0489:  GOTO   48E
048A:  CLRF   77
048B:  CLRF   78
048C:  CLRF   79
048D:  CLRF   7A
048E:  RETURN
048F:  MOVF   48,W
0490:  BTFSC  03.2
0491:  GOTO   554
0492:  MOVWF  54
0493:  MOVF   4C,W
0494:  BTFSC  03.2
0495:  GOTO   554
0496:  SUBWF  54,F
0497:  BTFSS  03.0
0498:  GOTO   49E
0499:  MOVLW  7F
049A:  ADDWF  54,F
049B:  BTFSC  03.0
049C:  GOTO   554
049D:  GOTO   4A4
049E:  MOVLW  81
049F:  SUBWF  54,F
04A0:  BTFSS  03.0
04A1:  GOTO   554
04A2:  BTFSC  03.2
04A3:  GOTO   554
04A4:  MOVF   54,W
04A5:  MOVWF  77
04A6:  CLRF   78
04A7:  CLRF   79
04A8:  CLRF   7A
04A9:  CLRF   53
04AA:  MOVF   49,W
04AB:  MOVWF  52
04AC:  BSF    52.7
04AD:  MOVF   4A,W
04AE:  MOVWF  51
04AF:  MOVF   4B,W
04B0:  MOVWF  50
04B1:  MOVLW  19
04B2:  MOVWF  54
04B3:  MOVF   4F,W
04B4:  SUBWF  50,F
04B5:  BTFSC  03.0
04B6:  GOTO   4C7
04B7:  MOVLW  01
04B8:  SUBWF  51,F
04B9:  BTFSC  03.0
04BA:  GOTO   4C7
04BB:  SUBWF  52,F
04BC:  BTFSC  03.0
04BD:  GOTO   4C7
04BE:  SUBWF  53,F
04BF:  BTFSC  03.0
04C0:  GOTO   4C7
04C1:  INCF   53,F
04C2:  INCF   52,F
04C3:  INCF   51,F
04C4:  MOVF   4F,W
04C5:  ADDWF  50,F
04C6:  GOTO   4F9
04C7:  MOVF   4E,W
04C8:  SUBWF  51,F
04C9:  BTFSC  03.0
04CA:  GOTO   4E2
04CB:  MOVLW  01
04CC:  SUBWF  52,F
04CD:  BTFSC  03.0
04CE:  GOTO   4E2
04CF:  SUBWF  53,F
04D0:  BTFSC  03.0
04D1:  GOTO   4E2
04D2:  INCF   53,F
04D3:  INCF   52,F
04D4:  MOVF   4E,W
04D5:  ADDWF  51,F
04D6:  MOVF   4F,W
04D7:  ADDWF  50,F
04D8:  BTFSS  03.0
04D9:  GOTO   4F9
04DA:  INCF   51,F
04DB:  BTFSS  03.2
04DC:  GOTO   4F9
04DD:  INCF   52,F
04DE:  BTFSS  03.2
04DF:  GOTO   4F9
04E0:  INCF   53,F
04E1:  GOTO   4F9
04E2:  MOVF   4D,W
04E3:  IORLW  80
04E4:  SUBWF  52,F
04E5:  BTFSC  03.0
04E6:  GOTO   4F8
04E7:  MOVLW  01
04E8:  SUBWF  53,F
04E9:  BTFSC  03.0
04EA:  GOTO   4F8
04EB:  INCF   53,F
04EC:  MOVF   4D,W
04ED:  IORLW  80
04EE:  ADDWF  52,F
04EF:  MOVF   4E,W
04F0:  ADDWF  51,F
04F1:  BTFSS  03.0
04F2:  GOTO   4D6
04F3:  INCF   52,F
04F4:  BTFSS  03.2
04F5:  GOTO   4D6
04F6:  INCF   53,F
04F7:  GOTO   4D6
04F8:  BSF    7A.0
04F9:  DECFSZ 54,F
04FA:  GOTO   4FC
04FB:  GOTO   507
04FC:  BCF    03.0
04FD:  RLF    50,F
04FE:  RLF    51,F
04FF:  RLF    52,F
0500:  RLF    53,F
0501:  BCF    03.0
0502:  RLF    7A,F
0503:  RLF    79,F
0504:  RLF    78,F
0505:  RLF    55,F
0506:  GOTO   4B3
0507:  BTFSS  55.0
0508:  GOTO   50F
0509:  BCF    03.0
050A:  RRF    78,F
050B:  RRF    79,F
050C:  RRF    7A,F
050D:  RRF    55,F
050E:  GOTO   512
050F:  DECF   77,F
0510:  BTFSC  03.2
0511:  GOTO   554
0512:  BTFSC  55.7
0513:  GOTO   53B
0514:  BCF    03.0
0515:  RLF    50,F
0516:  RLF    51,F
0517:  RLF    52,F
0518:  RLF    53,F
0519:  MOVF   4F,W
051A:  SUBWF  50,F
051B:  BTFSC  03.0
051C:  GOTO   527
051D:  MOVLW  01
051E:  SUBWF  51,F
051F:  BTFSC  03.0
0520:  GOTO   527
0521:  SUBWF  52,F
0522:  BTFSC  03.0
0523:  GOTO   527
0524:  SUBWF  53,F
0525:  BTFSS  03.0
0526:  GOTO   54A
0527:  MOVF   4E,W
0528:  SUBWF  51,F
0529:  BTFSC  03.0
052A:  GOTO   532
052B:  MOVLW  01
052C:  SUBWF  52,F
052D:  BTFSC  03.0
052E:  GOTO   532
052F:  SUBWF  53,F
0530:  BTFSS  03.0
0531:  GOTO   54A
0532:  MOVF   4D,W
0533:  IORLW  80
0534:  SUBWF  52,F
0535:  BTFSC  03.0
0536:  GOTO   53B
0537:  MOVLW  01
0538:  SUBWF  53,F
0539:  BTFSS  03.0
053A:  GOTO   54A
053B:  INCF   7A,F
053C:  BTFSS  03.2
053D:  GOTO   54A
053E:  INCF   79,F
053F:  BTFSS  03.2
0540:  GOTO   54A
0541:  INCF   78,F
0542:  BTFSS  03.2
0543:  GOTO   54A
0544:  INCF   77,F
0545:  BTFSC  03.2
0546:  GOTO   554
0547:  RRF    78,F
0548:  RRF    79,F
0549:  RRF    7A,F
054A:  MOVF   49,W
054B:  MOVWF  54
054C:  MOVF   4D,W
054D:  XORWF  54,F
054E:  BTFSS  54.7
054F:  GOTO   552
0550:  BSF    78.7
0551:  GOTO   558
0552:  BCF    78.7
0553:  GOTO   558
0554:  CLRF   77
0555:  CLRF   78
0556:  CLRF   79
0557:  CLRF   7A
0558:  BSF    0A.3
0559:  BCF    0A.4
055A:  GOTO   1B7 (RETURN)
055B:  MOVLW  80
055C:  BTFSC  03.1
055D:  XORWF  49,F
055E:  CLRF   4E
055F:  CLRF   4F
0560:  MOVF   45,W
0561:  MOVWF  4D
0562:  MOVF   49,W
0563:  XORWF  4D,F
0564:  MOVF   44,W
0565:  BTFSC  03.2
0566:  GOTO   64B
0567:  MOVWF  4C
0568:  MOVWF  77
0569:  MOVF   48,W
056A:  BTFSC  03.2
056B:  GOTO   654
056C:  SUBWF  4C,F
056D:  BTFSC  03.2
056E:  GOTO   5F0
056F:  BTFSS  03.0
0570:  GOTO   5AE
0571:  MOVF   49,W
0572:  MOVWF  52
0573:  BSF    52.7
0574:  MOVF   4A,W
0575:  MOVWF  51
0576:  MOVF   4B,W
0577:  MOVWF  50
0578:  CLRF   4F
0579:  BCF    03.0
057A:  RRF    52,F
057B:  RRF    51,F
057C:  RRF    50,F
057D:  RRF    4F,F
057E:  DECFSZ 4C,F
057F:  GOTO   578
0580:  BTFSS  4D.7
0581:  GOTO   585
0582:  BSF    4E.0
0583:  GOTO   668
0584:  BCF    4E.0
0585:  BCF    4C.0
0586:  BSF    4E.4
0587:  MOVLW  47
0588:  MOVWF  04
0589:  BCF    03.7
058A:  GOTO   67D
058B:  BCF    4E.4
058C:  BTFSC  4D.7
058D:  GOTO   598
058E:  BTFSS  4C.0
058F:  GOTO   5A3
0590:  RRF    52,F
0591:  RRF    51,F
0592:  RRF    50,F
0593:  RRF    4F,F
0594:  INCF   77,F
0595:  BTFSC  03.2
0596:  GOTO   663
0597:  GOTO   5A3
0598:  BTFSC  52.7
0599:  GOTO   5A6
059A:  BCF    03.0
059B:  RLF    4F,F
059C:  RLF    50,F
059D:  RLF    51,F
059E:  RLF    52,F
059F:  DECF   77,F
05A0:  BTFSC  03.2
05A1:  GOTO   663
05A2:  GOTO   598
05A3:  BSF    4E.6
05A4:  GOTO   610
05A5:  BCF    4E.6
05A6:  MOVF   45,W
05A7:  MOVWF  4D
05A8:  BTFSS  4D.7
05A9:  GOTO   5AC
05AA:  BSF    52.7
05AB:  GOTO   65C
05AC:  BCF    52.7
05AD:  GOTO   65C
05AE:  MOVF   48,W
05AF:  MOVWF  4C
05B0:  MOVWF  77
05B1:  MOVF   44,W
05B2:  SUBWF  4C,F
05B3:  MOVF   45,W
05B4:  MOVWF  52
05B5:  BSF    52.7
05B6:  MOVF   46,W
05B7:  MOVWF  51
05B8:  MOVF   47,W
05B9:  MOVWF  50
05BA:  CLRF   4F
05BB:  BCF    03.0
05BC:  RRF    52,F
05BD:  RRF    51,F
05BE:  RRF    50,F
05BF:  RRF    4F,F
05C0:  DECFSZ 4C,F
05C1:  GOTO   5BA
05C2:  BTFSS  4D.7
05C3:  GOTO   5C7
05C4:  BSF    4E.1
05C5:  GOTO   668
05C6:  BCF    4E.1
05C7:  BCF    4C.0
05C8:  BSF    4E.5
05C9:  MOVLW  4B
05CA:  MOVWF  04
05CB:  BCF    03.7
05CC:  GOTO   67D
05CD:  BCF    4E.5
05CE:  BTFSC  4D.7
05CF:  GOTO   5DA
05D0:  BTFSS  4C.0
05D1:  GOTO   5E5
05D2:  RRF    52,F
05D3:  RRF    51,F
05D4:  RRF    50,F
05D5:  RRF    4F,F
05D6:  INCF   77,F
05D7:  BTFSC  03.2
05D8:  GOTO   663
05D9:  GOTO   5E5
05DA:  BTFSC  52.7
05DB:  GOTO   5E8
05DC:  BCF    03.0
05DD:  RLF    4F,F
05DE:  RLF    50,F
05DF:  RLF    51,F
05E0:  RLF    52,F
05E1:  DECF   77,F
05E2:  BTFSC  03.2
05E3:  GOTO   663
05E4:  GOTO   5DA
05E5:  BSF    4E.7
05E6:  GOTO   610
05E7:  BCF    4E.7
05E8:  MOVF   49,W
05E9:  MOVWF  4D
05EA:  BTFSS  4D.7
05EB:  GOTO   5EE
05EC:  BSF    52.7
05ED:  GOTO   65C
05EE:  BCF    52.7
05EF:  GOTO   65C
05F0:  MOVF   49,W
05F1:  MOVWF  52
05F2:  BSF    52.7
05F3:  MOVF   4A,W
05F4:  MOVWF  51
05F5:  MOVF   4B,W
05F6:  MOVWF  50
05F7:  BTFSS  4D.7
05F8:  GOTO   5FD
05F9:  BCF    52.7
05FA:  BSF    4E.2
05FB:  GOTO   668
05FC:  BCF    4E.2
05FD:  CLRF   4F
05FE:  BCF    4C.0
05FF:  MOVLW  47
0600:  MOVWF  04
0601:  BCF    03.7
0602:  GOTO   67D
0603:  BTFSC  4D.7
0604:  GOTO   626
0605:  MOVF   45,W
0606:  MOVWF  4D
0607:  BTFSS  4C.0
0608:  GOTO   610
0609:  RRF    52,F
060A:  RRF    51,F
060B:  RRF    50,F
060C:  RRF    4F,F
060D:  INCF   77,F
060E:  BTFSC  03.2
060F:  GOTO   663
0610:  BTFSS  4F.7
0611:  GOTO   621
0612:  INCF   50,F
0613:  BTFSS  03.2
0614:  GOTO   621
0615:  INCF   51,F
0616:  BTFSS  03.2
0617:  GOTO   621
0618:  INCF   52,F
0619:  BTFSS  03.2
061A:  GOTO   621
061B:  RRF    52,F
061C:  RRF    51,F
061D:  RRF    50,F
061E:  INCF   77,F
061F:  BTFSC  03.2
0620:  GOTO   663
0621:  BTFSC  4E.6
0622:  GOTO   5A5
0623:  BTFSC  4E.7
0624:  GOTO   5E7
0625:  GOTO   645
0626:  MOVLW  80
0627:  XORWF  52,F
0628:  BTFSS  52.7
0629:  GOTO   62E
062A:  GOTO   668
062B:  MOVF   49,W
062C:  MOVWF  4D
062D:  GOTO   63B
062E:  MOVF   45,W
062F:  MOVWF  4D
0630:  MOVF   52,F
0631:  BTFSS  03.2
0632:  GOTO   63B
0633:  MOVF   51,F
0634:  BTFSS  03.2
0635:  GOTO   63B
0636:  MOVF   50,F
0637:  BTFSS  03.2
0638:  GOTO   63B
0639:  CLRF   77
063A:  GOTO   65C
063B:  BTFSC  52.7
063C:  GOTO   645
063D:  BCF    03.0
063E:  RLF    4F,F
063F:  RLF    50,F
0640:  RLF    51,F
0641:  RLF    52,F
0642:  DECFSZ 77,F
0643:  GOTO   63B
0644:  GOTO   663
0645:  BTFSS  4D.7
0646:  GOTO   649
0647:  BSF    52.7
0648:  GOTO   65C
0649:  BCF    52.7
064A:  GOTO   65C
064B:  MOVF   48,W
064C:  MOVWF  77
064D:  MOVF   49,W
064E:  MOVWF  52
064F:  MOVF   4A,W
0650:  MOVWF  51
0651:  MOVF   4B,W
0652:  MOVWF  50
0653:  GOTO   65C
0654:  MOVF   44,W
0655:  MOVWF  77
0656:  MOVF   45,W
0657:  MOVWF  52
0658:  MOVF   46,W
0659:  MOVWF  51
065A:  MOVF   47,W
065B:  MOVWF  50
065C:  MOVF   52,W
065D:  MOVWF  78
065E:  MOVF   51,W
065F:  MOVWF  79
0660:  MOVF   50,W
0661:  MOVWF  7A
0662:  GOTO   69B
0663:  CLRF   77
0664:  CLRF   78
0665:  CLRF   79
0666:  CLRF   7A
0667:  GOTO   69B
0668:  CLRF   4F
0669:  COMF   50,F
066A:  COMF   51,F
066B:  COMF   52,F
066C:  COMF   4F,F
066D:  INCF   4F,F
066E:  BTFSS  03.2
066F:  GOTO   676
0670:  INCF   50,F
0671:  BTFSS  03.2
0672:  GOTO   676
0673:  INCF   51,F
0674:  BTFSC  03.2
0675:  INCF   52,F
0676:  BTFSC  4E.0
0677:  GOTO   584
0678:  BTFSC  4E.1
0679:  GOTO   5C6
067A:  BTFSC  4E.2
067B:  GOTO   5FC
067C:  GOTO   62B
067D:  MOVF   00,W
067E:  ADDWF  50,F
067F:  BTFSS  03.0
0680:  GOTO   687
0681:  INCF   51,F
0682:  BTFSS  03.2
0683:  GOTO   687
0684:  INCF   52,F
0685:  BTFSC  03.2
0686:  BSF    4C.0
0687:  DECF   04,F
0688:  MOVF   00,W
0689:  ADDWF  51,F
068A:  BTFSS  03.0
068B:  GOTO   68F
068C:  INCF   52,F
068D:  BTFSC  03.2
068E:  BSF    4C.0
068F:  DECF   04,F
0690:  MOVF   00,W
0691:  BTFSS  00.7
0692:  XORLW  80
0693:  ADDWF  52,F
0694:  BTFSC  03.0
0695:  BSF    4C.0
0696:  BTFSC  4E.4
0697:  GOTO   58B
0698:  BTFSC  4E.5
0699:  GOTO   5CD
069A:  GOTO   603
069B:  RETURN
069C:  MOVF   0B,W
069D:  MOVWF  45
069E:  BCF    0B.7
069F:  BSF    03.5
06A0:  BSF    03.6
06A1:  BSF    0C.7
06A2:  BSF    0C.0
06A3:  NOP
06A4:  NOP
06A5:  BCF    03.5
06A6:  BCF    03.6
06A7:  BTFSC  45.7
06A8:  BSF    0B.7
06A9:  BTFSC  03.0
06AA:  GOTO   6D3
06AB:  BSF    03.6
06AC:  MOVF   0C,W
06AD:  ANDLW  7F
06AE:  BCF    03.6
06AF:  MOVWF  45
06B0:  BSF    03.6
06B1:  MOVF   0D,W
06B2:  BCF    03.6
06B3:  MOVWF  46
06B4:  BSF    03.6
06B5:  MOVF   0F,W
06B6:  BCF    03.6
06B7:  MOVWF  47
06B8:  MOVF   45,W
06B9:  MOVWF  53
06BA:  CALL   1A8
06BB:  MOVF   46,W
06BC:  BSF    03.6
06BD:  MOVWF  0D
06BE:  BCF    03.6
06BF:  MOVF   47,W
06C0:  BSF    03.6
06C1:  MOVWF  0F
06C2:  BCF    03.6
06C3:  MOVF   0B,W
06C4:  MOVWF  48
06C5:  BCF    0B.7
06C6:  BSF    03.5
06C7:  BSF    03.6
06C8:  BSF    0C.7
06C9:  BSF    0C.0
06CA:  NOP
06CB:  NOP
06CC:  BCF    03.5
06CD:  BCF    03.6
06CE:  BTFSC  48.7
06CF:  BSF    0B.7
06D0:  DECFSZ 44,F
06D1:  GOTO   6D3
06D2:  GOTO   6F2
06D3:  BSF    03.6
06D4:  RLF    0C,W
06D5:  RLF    0E,W
06D6:  ANDLW  7F
06D7:  BCF    03.6
06D8:  MOVWF  45
06D9:  BSF    03.6
06DA:  MOVF   0D,W
06DB:  BCF    03.6
06DC:  MOVWF  46
06DD:  BSF    03.6
06DE:  MOVF   0F,W
06DF:  BCF    03.6
06E0:  MOVWF  47
06E1:  MOVF   45,W
06E2:  MOVWF  53
06E3:  CALL   1A8
06E4:  MOVF   46,W
06E5:  BSF    03.6
06E6:  MOVWF  0D
06E7:  BCF    03.6
06E8:  MOVF   47,W
06E9:  BSF    03.6
06EA:  MOVWF  0F
06EB:  INCF   0D,F
06EC:  BTFSC  03.2
06ED:  INCF   0F,F
06EE:  BCF    03.0
06EF:  BCF    03.6
06F0:  DECFSZ 44,F
06F1:  GOTO   69C
06F2:  RETURN
06F3:  BTFSC  03.1
06F4:  GOTO   6F8
06F5:  MOVLW  59
06F6:  MOVWF  04
06F7:  BCF    03.7
06F8:  CLRF   77
06F9:  CLRF   78
06FA:  CLRF   79
06FB:  CLRF   7A
06FC:  CLRF   59
06FD:  CLRF   5A
06FE:  CLRF   5B
06FF:  CLRF   5C
0700:  MOVF   58,W
0701:  IORWF  57,W
0702:  IORWF  56,W
0703:  IORWF  55,W
0704:  BTFSC  03.2
0705:  GOTO   736
0706:  MOVLW  20
0707:  MOVWF  5D
0708:  BCF    03.0
0709:  RLF    51,F
070A:  RLF    52,F
070B:  RLF    53,F
070C:  RLF    54,F
070D:  RLF    59,F
070E:  RLF    5A,F
070F:  RLF    5B,F
0710:  RLF    5C,F
0711:  MOVF   58,W
0712:  SUBWF  5C,W
0713:  BTFSS  03.2
0714:  GOTO   71F
0715:  MOVF   57,W
0716:  SUBWF  5B,W
0717:  BTFSS  03.2
0718:  GOTO   71F
0719:  MOVF   56,W
071A:  SUBWF  5A,W
071B:  BTFSS  03.2
071C:  GOTO   71F
071D:  MOVF   55,W
071E:  SUBWF  59,W
071F:  BTFSS  03.0
0720:  GOTO   730
0721:  MOVF   55,W
0722:  SUBWF  59,F
0723:  MOVF   56,W
0724:  BTFSS  03.0
0725:  INCFSZ 56,W
0726:  SUBWF  5A,F
0727:  MOVF   57,W
0728:  BTFSS  03.0
0729:  INCFSZ 57,W
072A:  SUBWF  5B,F
072B:  MOVF   58,W
072C:  BTFSS  03.0
072D:  INCFSZ 58,W
072E:  SUBWF  5C,F
072F:  BSF    03.0
0730:  RLF    77,F
0731:  RLF    78,F
0732:  RLF    79,F
0733:  RLF    7A,F
0734:  DECFSZ 5D,F
0735:  GOTO   708
0736:  MOVF   59,W
0737:  MOVWF  00
0738:  INCF   04,F
0739:  MOVF   5A,W
073A:  MOVWF  00
073B:  INCF   04,F
073C:  MOVF   5B,W
073D:  MOVWF  00
073E:  INCF   04,F
073F:  MOVF   5C,W
0740:  MOVWF  00
0741:  RETURN
*
0800:  MOVF   04,W
0801:  MOVWF  49
0802:  MOVF   48,W
0803:  MOVWF  4B
0804:  BTFSC  03.2
0805:  GOTO   021
0806:  MOVF   47,W
0807:  MOVWF  54
0808:  MOVF   46,W
0809:  MOVWF  53
080A:  MOVF   45,W
080B:  MOVWF  52
080C:  MOVF   44,W
080D:  MOVWF  51
080E:  CLRF   58
080F:  CLRF   57
0810:  MOVLW  20
0811:  MOVWF  56
0812:  MOVLW  82
0813:  MOVWF  55
0814:  BCF    0A.3
0815:  CALL   41A
0816:  BSF    0A.3
0817:  MOVF   7A,W
0818:  MOVWF  47
0819:  MOVF   79,W
081A:  MOVWF  46
081B:  MOVF   78,W
081C:  MOVWF  45
081D:  MOVF   77,W
081E:  MOVWF  44
081F:  DECFSZ 4B,F
0820:  GOTO   006
0821:  MOVF   47,W
0822:  MOVWF  54
0823:  MOVF   46,W
0824:  MOVWF  53
0825:  MOVF   45,W
0826:  MOVWF  52
0827:  MOVF   44,W
0828:  MOVWF  51
0829:  MOVF   51,W
082A:  SUBLW  B6
082B:  MOVWF  51
082C:  CLRF   7A
082D:  MOVF   52,W
082E:  MOVWF  55
082F:  BSF    52.7
0830:  BCF    03.0
0831:  RRF    52,F
0832:  RRF    53,F
0833:  RRF    54,F
0834:  RRF    7A,F
0835:  RRF    79,F
0836:  RRF    78,F
0837:  RRF    77,F
0838:  DECFSZ 51,F
0839:  GOTO   030
083A:  BTFSS  55.7
083B:  GOTO   047
083C:  COMF   77,F
083D:  COMF   78,F
083E:  COMF   79,F
083F:  COMF   7A,F
0840:  INCF   77,F
0841:  BTFSC  03.2
0842:  INCF   78,F
0843:  BTFSC  03.2
0844:  INCF   79,F
0845:  BTFSC  03.2
0846:  INCF   7A,F
0847:  MOVF   7A,W
0848:  MOVWF  47
0849:  MOVF   79,W
084A:  MOVWF  46
084B:  MOVF   78,W
084C:  MOVWF  45
084D:  MOVF   77,W
084E:  MOVWF  44
084F:  BTFSS  47.7
0850:  GOTO   05E
0851:  DECF   49,F
0852:  BSF    49.5
0853:  COMF   44,F
0854:  COMF   45,F
0855:  COMF   46,F
0856:  COMF   47,F
0857:  INCF   44,F
0858:  BTFSC  03.2
0859:  INCF   45,F
085A:  BTFSC  03.2
085B:  INCF   46,F
085C:  BTFSC  03.2
085D:  INCF   47,F
085E:  MOVLW  3B
085F:  MOVWF  50
0860:  MOVLW  9A
0861:  MOVWF  4F
0862:  MOVLW  CA
0863:  MOVWF  4E
0864:  CLRF   4D
0865:  MOVLW  0A
0866:  MOVWF  4B
0867:  MOVF   48,W
0868:  BTFSC  03.2
0869:  INCF   49,F
086A:  BSF    03.1
086B:  MOVLW  44
086C:  MOVWF  04
086D:  BCF    03.7
086E:  MOVF   47,W
086F:  MOVWF  54
0870:  MOVF   46,W
0871:  MOVWF  53
0872:  MOVF   45,W
0873:  MOVWF  52
0874:  MOVF   44,W
0875:  MOVWF  51
0876:  MOVF   50,W
0877:  MOVWF  58
0878:  MOVF   4F,W
0879:  MOVWF  57
087A:  MOVF   4E,W
087B:  MOVWF  56
087C:  MOVF   4D,W
087D:  MOVWF  55
087E:  BCF    0A.3
087F:  CALL   6F3
0880:  BSF    0A.3
0881:  MOVF   78,W
0882:  MOVF   77,F
0883:  BTFSS  03.2
0884:  GOTO   098
0885:  INCF   48,W
0886:  SUBWF  4B,W
0887:  BTFSC  03.2
0888:  GOTO   098
0889:  MOVF   49,W
088A:  BTFSC  03.2
088B:  GOTO   09A
088C:  ANDLW  0F
088D:  SUBWF  4B,W
088E:  BTFSC  03.2
088F:  GOTO   092
0890:  BTFSC  03.0
0891:  GOTO   0D2
0892:  BTFSC  49.7
0893:  GOTO   0D2
0894:  BTFSC  49.6
0895:  GOTO   09A
0896:  MOVLW  20
0897:  GOTO   0CC
0898:  MOVLW  20
0899:  ANDWF  49,F
089A:  BTFSS  49.5
089B:  GOTO   0AA
089C:  BCF    49.5
089D:  MOVF   48,W
089E:  BTFSS  03.2
089F:  DECF   49,F
08A0:  MOVF   77,W
08A1:  MOVWF  49
08A2:  MOVLW  2D
08A3:  MOVWF  53
08A4:  BCF    0A.3
08A5:  CALL   1A8
08A6:  BSF    0A.3
08A7:  MOVF   49,W
08A8:  MOVWF  77
08A9:  CLRF   49
08AA:  MOVF   48,W
08AB:  SUBWF  4B,W
08AC:  BTFSS  03.2
08AD:  GOTO   0BA
08AE:  MOVF   77,W
08AF:  MOVWF  49
08B0:  MOVLW  2E
08B1:  MOVWF  53
08B2:  BCF    0A.3
08B3:  CALL   1A8
08B4:  BSF    0A.3
08B5:  MOVF   49,W
08B6:  MOVWF  77
08B7:  MOVLW  20
08B8:  ANDWF  49,F
08B9:  MOVLW  00
08BA:  MOVLW  30
08BB:  BTFSS  49.5
08BC:  GOTO   0CC
08BD:  BCF    49.5
08BE:  MOVF   48,W
08BF:  BTFSS  03.2
08C0:  DECF   49,F
08C1:  MOVF   77,W
08C2:  MOVWF  49
08C3:  MOVLW  2D
08C4:  MOVWF  53
08C5:  BCF    0A.3
08C6:  CALL   1A8
08C7:  BSF    0A.3
08C8:  MOVF   49,W
08C9:  MOVWF  77
08CA:  CLRF   49
08CB:  MOVLW  30
08CC:  ADDWF  77,F
08CD:  MOVF   77,W
08CE:  MOVWF  53
08CF:  BCF    0A.3
08D0:  CALL   1A8
08D1:  BSF    0A.3
08D2:  BCF    03.1
08D3:  MOVF   50,W
08D4:  MOVWF  54
08D5:  MOVF   4F,W
08D6:  MOVWF  53
08D7:  MOVF   4E,W
08D8:  MOVWF  52
08D9:  MOVF   4D,W
08DA:  MOVWF  51
08DB:  CLRF   58
08DC:  CLRF   57
08DD:  CLRF   56
08DE:  MOVLW  0A
08DF:  MOVWF  55
08E0:  BCF    0A.3
08E1:  CALL   6F3
08E2:  BSF    0A.3
08E3:  MOVF   7A,W
08E4:  MOVWF  50
08E5:  MOVF   79,W
08E6:  MOVWF  4F
08E7:  MOVF   78,W
08E8:  MOVWF  4E
08E9:  MOVF   77,W
08EA:  MOVWF  4D
08EB:  DECFSZ 4B,F
08EC:  GOTO   06A
08ED:  RETURN
....................  
.................... #list 
....................  
.................... #device ADC = 10 
.................... #use delay(crystal = 20000000) 
*
007A:  MOVLW  54
007B:  MOVWF  04
007C:  BCF    03.7
007D:  MOVF   00,W
007E:  BTFSC  03.2
007F:  GOTO   08D
0080:  MOVLW  06
0081:  MOVWF  78
0082:  CLRF   77
0083:  DECFSZ 77,F
0084:  GOTO   083
0085:  DECFSZ 78,F
0086:  GOTO   082
0087:  MOVLW  7B
0088:  MOVWF  77
0089:  DECFSZ 77,F
008A:  GOTO   089
008B:  DECFSZ 00,F
008C:  GOTO   080
008D:  RETURN
.................... #FUSES NOWDT, NOBROWNOUT, NOLVP, HS 
....................  
.................... #define LCD_ENABLE_PIN  PIN_A3                                    //// 
.................... #define LCD_RS_PIN      PIN_A5                                    //// 
.................... #define LCD_RW_PIN      PIN_A4                                    //// 
.................... #define LCD_DATA4       PIN_D4                                    //// 
.................... #define LCD_DATA5       PIN_D5                                    //// 
.................... #define LCD_DATA6       PIN_D6                                    //// 
.................... #define LCD_DATA7       PIN_D7  
.................... #include <lcd.c> 
.................... /////////////////////////////////////////////////////////////////////////////// 
.................... ////                             LCD.C                                     //// 
.................... ////                 Driver for common LCD modules                         //// 
.................... ////                                                                       //// 
.................... ////  lcd_init()   Must be called before any other function.               //// 
.................... ////                                                                       //// 
.................... ////  lcd_putc(c)  Will display c on the next position of the LCD.         //// 
.................... ////                 \a  Set cursor position to upper left                 //// 
.................... ////                 \f  Clear display, set cursor to upper left           //// 
.................... ////                 \n  Go to start of second line                        //// 
.................... ////                 \b  Move back one position                            //// 
.................... ////              If LCD_EXTENDED_NEWLINE is defined, the \n character     //// 
.................... ////              will erase all remanining characters on the current      //// 
.................... ////              line, and move the cursor to the beginning of the next   //// 
.................... ////              line.                                                    //// 
.................... ////              If LCD_EXTENDED_NEWLINE is defined, the \r character     //// 
.................... ////              will move the cursor to the start of the current         //// 
.................... ////              line.                                                    //// 
.................... ////                                                                       //// 
.................... ////  lcd_gotoxy(x,y) Set write position on LCD (upper left is 1,1)        //// 
.................... ////                                                                       //// 
.................... ////  lcd_getc(x,y)   Returns character at position x,y on LCD             //// 
.................... ////                                                                       //// 
.................... ////  lcd_cursor_on(int1 on)   Turn the cursor on (on=TRUE) or off         //// 
.................... ////              (on=FALSE).                                              //// 
.................... ////                                                                       //// 
.................... ////  lcd_set_cgram_char(w, *p)   Write a custom character to the CGRAM.   //// 
.................... ////                                                                       //// 
.................... ////                                                                       //// 
.................... ////  CONFIGURATION                                                        //// 
.................... ////  The LCD can be configured in one of two ways: a.) port access or     //// 
.................... ////  b.) pin access.  Port access requires the entire 7 bit interface     //// 
.................... ////  connected to one GPIO port, and the data bits (D4:D7 of the LCD)     //// 
.................... ////  connected to sequential pins on the GPIO.  Pin access                //// 
.................... ////  has no requirements, all 7 bits of the control interface can         //// 
.................... ////  can be connected to any GPIO using several ports.                    //// 
.................... ////                                                                       //// 
.................... ////  To use port access, #define LCD_DATA_PORT to the SFR location of     //// 
.................... ////  of the GPIO port that holds the interface, -AND- edit LCD_PIN_MAP    //// 
.................... ////  of this file to configure the pin order.  If you are using a         //// 
.................... ////  baseline PIC (PCB), then LCD_OUTPUT_MAP and LCD_INPUT_MAP also must  //// 
.................... ////  be defined.                                                          //// 
.................... ////                                                                       //// 
.................... ////  Example of port access:                                              //// 
.................... ////     #define LCD_DATA_PORT getenv("SFR:PORTD")                         //// 
.................... ////                                                                       //// 
.................... ////  To use pin access, the following pins must be defined:               //// 
.................... ////     LCD_ENABLE_PIN                                                    //// 
.................... ////     LCD_RS_PIN                                                        //// 
.................... ////     LCD_RW_PIN                                                        //// 
.................... ////     LCD_DATA4                                                         //// 
.................... ////     LCD_DATA5                                                         //// 
.................... ////     LCD_DATA6                                                         //// 
.................... ////     LCD_DATA7                                                         //// 
.................... ////                                                                       //// 
.................... ////  Example of pin access:                                               //// 
.................... ////     #define LCD_ENABLE_PIN  PIN_E0                                    //// 
.................... ////     #define LCD_RS_PIN      PIN_E1                                    //// 
.................... ////     #define LCD_RW_PIN      PIN_E2                                    //// 
.................... ////     #define LCD_DATA4       PIN_D4                                    //// 
.................... ////     #define LCD_DATA5       PIN_D5                                    //// 
.................... ////     #define LCD_DATA6       PIN_D6                                    //// 
.................... ////     #define LCD_DATA7       PIN_D7                                    //// 
.................... ////                                                                       //// 
.................... /////////////////////////////////////////////////////////////////////////////// 
.................... ////        (C) Copyright 1996,2010 Custom Computer Services           //// 
.................... //// This source code may only be used by licensed users of the CCS C  //// 
.................... //// compiler.  This source code may only be distributed to other      //// 
.................... //// licensed users of the CCS C compiler.  No other use, reproduction //// 
.................... //// or distribution is permitted without written permission.          //// 
.................... //// Derivative programs created using this software in object code    //// 
.................... //// form are not restricted in any way.                               //// 
.................... /////////////////////////////////////////////////////////////////////////// 
....................  
.................... #ifndef __LCD_C__ 
.................... #define __LCD_C__ 
....................  
.................... // define the pinout. 
.................... // only required if port access is being used. 
.................... typedef struct   
.................... {                            // This structure is overlayed 
....................    int1 enable;           // on to an I/O port to gain 
....................    int1 rs;               // access to the LCD pins. 
....................    int1 rw;               // The bits are allocated from 
....................    int1 unused;           // low order up.  ENABLE will 
....................    unsigned int     data : 4;         // be LSB pin of that port. 
....................   #if defined(__PCD__)       // The port used will be LCD_DATA_PORT. 
....................    unsigned int    reserved: 8; 
....................   #endif 
.................... } LCD_PIN_MAP; 
....................  
.................... // this is to improve compatability with previous LCD drivers that accepted 
.................... // a define labeled 'use_portb_lcd' that configured the LCD onto port B. 
.................... #if ((defined(use_portb_lcd)) && (use_portb_lcd==TRUE)) 
....................  #define LCD_DATA_PORT getenv("SFR:PORTB") 
.................... #endif 
....................  
.................... #if defined(__PCB__) 
....................    // these definitions only need to be modified for baseline PICs. 
....................    // all other PICs use LCD_PIN_MAP or individual LCD_xxx pin definitions. 
.................... /*                                    EN, RS,   RW,   UNUSED,  DATA  */ 
....................  const LCD_PIN_MAP LCD_OUTPUT_MAP =  {0,  0,    0,    0,       0}; 
....................  const LCD_PIN_MAP LCD_INPUT_MAP =   {0,  0,    0,    0,       0xF}; 
.................... #endif 
....................  
.................... ////////////////////// END CONFIGURATION /////////////////////////////////// 
....................  
.................... #ifndef LCD_ENABLE_PIN 
....................    #define lcd_output_enable(x) lcdlat.enable=x 
....................    #define lcd_enable_tris()   lcdtris.enable=0 
.................... #else 
....................    #define lcd_output_enable(x) output_bit(LCD_ENABLE_PIN, x) 
....................    #define lcd_enable_tris()  output_drive(LCD_ENABLE_PIN) 
.................... #endif 
....................  
.................... #ifndef LCD_RS_PIN 
....................    #define lcd_output_rs(x) lcdlat.rs=x 
....................    #define lcd_rs_tris()   lcdtris.rs=0 
.................... #else 
....................    #define lcd_output_rs(x) output_bit(LCD_RS_PIN, x) 
....................    #define lcd_rs_tris()  output_drive(LCD_RS_PIN) 
.................... #endif 
....................  
.................... #ifndef LCD_RW_PIN 
....................    #define lcd_output_rw(x) lcdlat.rw=x 
....................    #define lcd_rw_tris()   lcdtris.rw=0 
.................... #else 
....................    #define lcd_output_rw(x) output_bit(LCD_RW_PIN, x) 
....................    #define lcd_rw_tris()  output_drive(LCD_RW_PIN) 
.................... #endif 
....................  
.................... // original version of this library incorrectly labeled LCD_DATA0 as LCD_DATA4, 
.................... // LCD_DATA1 as LCD_DATA5, and so on.  this block of code makes the driver 
.................... // compatible with any code written for the original library 
.................... #if (defined(LCD_DATA0) && defined(LCD_DATA1) && defined(LCD_DATA2) && defined(LCD_DATA3) && !defined(LCD_DATA4) && !defined(LCD_DATA5) && !defined(LCD_DATA6) && !defined(LCD_DATA7)) 
....................    #define  LCD_DATA4    LCD_DATA0 
....................    #define  LCD_DATA5    LCD_DATA1 
....................    #define  LCD_DATA6    LCD_DATA2 
....................    #define  LCD_DATA7    LCD_DATA3 
.................... #endif 
....................  
.................... #ifndef LCD_DATA4 
.................... #ifndef LCD_DATA_PORT 
....................    #if defined(__PCB__) 
....................       #define LCD_DATA_PORT      0x06     //portb 
....................       #define set_tris_lcd(x)   set_tris_b(x) 
....................    #else 
....................      #if defined(PIN_D0) 
....................       #define LCD_DATA_PORT      getenv("SFR:PORTD")     //portd 
....................      #else 
....................       #define LCD_DATA_PORT      getenv("SFR:PORTB")     //portb 
....................      #endif 
....................    #endif    
.................... #endif 
....................  
.................... #if defined(__PCB__) 
....................    LCD_PIN_MAP lcd, lcdlat; 
....................    #byte lcd = LCD_DATA_PORT 
....................    #byte lcdlat = LCD_DATA_PORT 
.................... #elif defined(__PCM__) 
....................    LCD_PIN_MAP lcd, lcdlat, lcdtris; 
....................    #byte lcd = LCD_DATA_PORT 
....................    #byte lcdlat = LCD_DATA_PORT 
....................    #byte lcdtris = LCD_DATA_PORT+0x80 
.................... #elif defined(__PCH__) 
....................    LCD_PIN_MAP lcd, lcdlat, lcdtris; 
....................    #byte lcd = LCD_DATA_PORT 
....................    #byte lcdlat = LCD_DATA_PORT+9 
....................    #byte lcdtris = LCD_DATA_PORT+0x12 
.................... #elif defined(__PCD__) 
....................    LCD_PIN_MAP lcd, lcdlat, lcdtris; 
....................    #word lcd = LCD_DATA_PORT 
....................    #word lcdlat = LCD_DATA_PORT+2 
....................    #word lcdtris = LCD_DATA_PORT-0x02 
.................... #endif 
.................... #endif   //LCD_DATA4 not defined 
....................  
.................... #ifndef LCD_TYPE 
....................    #define LCD_TYPE 2           // 0=5x7, 1=5x10, 2=2 lines 
.................... #endif 
....................  
.................... #ifndef LCD_LINE_TWO 
....................    #define LCD_LINE_TWO 0x40    // LCD RAM address for the second line 
.................... #endif 
....................  
.................... #ifndef LCD_LINE_LENGTH 
....................    #define LCD_LINE_LENGTH 20 
.................... #endif 
....................  
.................... unsigned int8 lcd_read_nibble(void); 
....................  
.................... unsigned int8 lcd_read_byte(void) 
.................... { 
....................    unsigned int8 low,high; 
....................  
....................  #if defined(__PCB__) 
....................    set_tris_lcd(LCD_INPUT_MAP); 
....................  #else 
....................   #if (defined(LCD_DATA4) && defined(LCD_DATA5) && defined(LCD_DATA6) && defined(LCD_DATA7)) 
....................    output_float(LCD_DATA4); 
*
00F7:  BSF    08.4
....................    output_float(LCD_DATA5); 
00F8:  BSF    08.5
....................    output_float(LCD_DATA6); 
00F9:  BSF    08.6
....................    output_float(LCD_DATA7); 
00FA:  BSF    08.7
....................   #else 
....................    lcdtris.data = 0xF; 
....................   #endif 
....................  #endif 
....................          
....................    lcd_output_rw(1); 
00FB:  BCF    03.5
00FC:  BSF    05.4
00FD:  BSF    03.5
00FE:  BCF    05.4
....................    delay_cycles(1); 
00FF:  NOP
....................    lcd_output_enable(1); 
0100:  BCF    03.5
0101:  BSF    05.3
0102:  BSF    03.5
0103:  BCF    05.3
....................    delay_cycles(1); 
0104:  NOP
....................    high = lcd_read_nibble(); 
0105:  BCF    03.5
0106:  CALL   0BE
0107:  MOVF   78,W
0108:  MOVWF  5B
....................        
....................    lcd_output_enable(0); 
0109:  BCF    05.3
010A:  BSF    03.5
010B:  BCF    05.3
....................    delay_cycles(1); 
010C:  NOP
....................    lcd_output_enable(1); 
010D:  BCF    03.5
010E:  BSF    05.3
010F:  BSF    03.5
0110:  BCF    05.3
....................    delay_us(1); 
0111:  GOTO   112
0112:  GOTO   113
0113:  NOP
....................    low = lcd_read_nibble(); 
0114:  BCF    03.5
0115:  CALL   0BE
0116:  MOVF   78,W
0117:  MOVWF  5A
....................        
....................    lcd_output_enable(0); 
0118:  BCF    05.3
0119:  BSF    03.5
011A:  BCF    05.3
....................  
....................  #if defined(__PCB__) 
....................    set_tris_lcd(LCD_OUTPUT_MAP); 
....................  #else 
....................   #if (defined(LCD_DATA4) && defined(LCD_DATA5) && defined(LCD_DATA6) && defined(LCD_DATA7)) 
....................    output_drive(LCD_DATA4); 
011B:  BCF    08.4
....................    output_drive(LCD_DATA5); 
011C:  BCF    08.5
....................    output_drive(LCD_DATA6); 
011D:  BCF    08.6
....................    output_drive(LCD_DATA7); 
011E:  BCF    08.7
....................   #else 
....................    lcdtris.data = 0x0; 
....................   #endif 
....................  #endif 
....................  
....................    return( (high<<4) | low); 
011F:  BCF    03.5
0120:  SWAPF  5B,W
0121:  MOVWF  77
0122:  MOVLW  F0
0123:  ANDWF  77,F
0124:  MOVF   77,W
0125:  IORWF  5A,W
0126:  MOVWF  78
.................... } 
....................  
.................... unsigned int8 lcd_read_nibble(void) 
.................... { 
....................   #if (defined(LCD_DATA4) && defined(LCD_DATA5) && defined(LCD_DATA6) && defined(LCD_DATA7)) 
*
00BE:  CLRF   5C
....................    unsigned int8 n = 0x00; 
....................  
....................    /* Read the data port */ 
....................    n |= input(LCD_DATA4); 
00BF:  BSF    03.5
00C0:  BSF    08.4
00C1:  MOVLW  00
00C2:  BCF    03.5
00C3:  BTFSC  08.4
00C4:  MOVLW  01
00C5:  IORWF  5C,F
....................    n |= input(LCD_DATA5) << 1; 
00C6:  BSF    03.5
00C7:  BSF    08.5
00C8:  MOVLW  00
00C9:  BCF    03.5
00CA:  BTFSC  08.5
00CB:  MOVLW  01
00CC:  MOVWF  77
00CD:  BCF    03.0
00CE:  RLF    77,F
00CF:  MOVF   77,W
00D0:  IORWF  5C,F
....................    n |= input(LCD_DATA6) << 2; 
00D1:  BSF    03.5
00D2:  BSF    08.6
00D3:  MOVLW  00
00D4:  BCF    03.5
00D5:  BTFSC  08.6
00D6:  MOVLW  01
00D7:  MOVWF  77
00D8:  RLF    77,F
00D9:  RLF    77,F
00DA:  MOVLW  FC
00DB:  ANDWF  77,F
00DC:  MOVF   77,W
00DD:  IORWF  5C,F
....................    n |= input(LCD_DATA7) << 3; 
00DE:  BSF    03.5
00DF:  BSF    08.7
00E0:  MOVLW  00
00E1:  BCF    03.5
00E2:  BTFSC  08.7
00E3:  MOVLW  01
00E4:  MOVWF  77
00E5:  RLF    77,F
00E6:  RLF    77,F
00E7:  RLF    77,F
00E8:  MOVLW  F8
00E9:  ANDWF  77,F
00EA:  MOVF   77,W
00EB:  IORWF  5C,F
....................     
....................    return(n); 
00EC:  MOVF   5C,W
00ED:  MOVWF  78
....................   #else 
00EE:  RETURN
....................    return(lcd.data); 
....................   #endif 
.................... } 
....................  
.................... void lcd_send_nibble(unsigned int8 n) 
.................... { 
....................   #if (defined(LCD_DATA4) && defined(LCD_DATA5) && defined(LCD_DATA6) && defined(LCD_DATA7)) 
....................    /* Write to the data port */ 
....................    output_bit(LCD_DATA4, bit_test(n, 0)); 
*
008E:  BTFSC  5B.0
008F:  GOTO   092
0090:  BCF    08.4
0091:  GOTO   093
0092:  BSF    08.4
0093:  BSF    03.5
0094:  BCF    08.4
....................    output_bit(LCD_DATA5, bit_test(n, 1)); 
0095:  BCF    03.5
0096:  BTFSC  5B.1
0097:  GOTO   09A
0098:  BCF    08.5
0099:  GOTO   09B
009A:  BSF    08.5
009B:  BSF    03.5
009C:  BCF    08.5
....................    output_bit(LCD_DATA6, bit_test(n, 2)); 
009D:  BCF    03.5
009E:  BTFSC  5B.2
009F:  GOTO   0A2
00A0:  BCF    08.6
00A1:  GOTO   0A3
00A2:  BSF    08.6
00A3:  BSF    03.5
00A4:  BCF    08.6
....................    output_bit(LCD_DATA7, bit_test(n, 3)); 
00A5:  BCF    03.5
00A6:  BTFSC  5B.3
00A7:  GOTO   0AA
00A8:  BCF    08.7
00A9:  GOTO   0AB
00AA:  BSF    08.7
00AB:  BSF    03.5
00AC:  BCF    08.7
....................   #else       
....................    lcdlat.data = n; 
....................   #endif 
....................        
....................    delay_cycles(1); 
00AD:  NOP
....................    lcd_output_enable(1); 
00AE:  BCF    03.5
00AF:  BSF    05.3
00B0:  BSF    03.5
00B1:  BCF    05.3
....................    delay_us(2); 
00B2:  MOVLW  02
00B3:  MOVWF  77
00B4:  DECFSZ 77,F
00B5:  GOTO   0B4
00B6:  GOTO   0B7
00B7:  NOP
....................    lcd_output_enable(0); 
00B8:  BCF    03.5
00B9:  BCF    05.3
00BA:  BSF    03.5
00BB:  BCF    05.3
00BC:  BCF    03.5
00BD:  RETURN
.................... } 
....................  
.................... void lcd_send_byte(unsigned int8 address, unsigned int8 n) 
.................... { 
....................   #if defined(__PCB__) 
....................    set_tris_lcd(LCD_OUTPUT_MAP); 
....................   #else 
....................    lcd_enable_tris(); 
*
00EF:  BSF    03.5
00F0:  BCF    05.3
....................    lcd_rs_tris(); 
00F1:  BCF    05.5
....................    lcd_rw_tris(); 
00F2:  BCF    05.4
....................   #endif 
....................  
....................    lcd_output_rs(0); 
00F3:  BCF    03.5
00F4:  BCF    05.5
00F5:  BSF    03.5
00F6:  BCF    05.5
....................    while ( bit_test(lcd_read_byte(),7) ) ; 
*
0127:  MOVF   78,W
0128:  MOVWF  5A
0129:  BTFSS  5A.7
012A:  GOTO   12D
012B:  BSF    03.5
012C:  GOTO   0F7
....................    lcd_output_rs(address); 
012D:  MOVF   58,F
012E:  BTFSS  03.2
012F:  GOTO   132
0130:  BCF    05.5
0131:  GOTO   133
0132:  BSF    05.5
0133:  BSF    03.5
0134:  BCF    05.5
....................    delay_cycles(1); 
0135:  NOP
....................    lcd_output_rw(0); 
0136:  BCF    03.5
0137:  BCF    05.4
0138:  BSF    03.5
0139:  BCF    05.4
....................    delay_cycles(1); 
013A:  NOP
....................    lcd_output_enable(0); 
013B:  BCF    03.5
013C:  BCF    05.3
013D:  BSF    03.5
013E:  BCF    05.3
....................    lcd_send_nibble(n >> 4); 
013F:  BCF    03.5
0140:  SWAPF  59,W
0141:  MOVWF  5A
0142:  MOVLW  0F
0143:  ANDWF  5A,F
0144:  MOVF   5A,W
0145:  MOVWF  5B
0146:  CALL   08E
....................    lcd_send_nibble(n & 0xf); 
0147:  MOVF   59,W
0148:  ANDLW  0F
0149:  MOVWF  5A
014A:  MOVWF  5B
014B:  CALL   08E
014C:  RETURN
.................... } 
....................  
.................... #if defined(LCD_EXTENDED_NEWLINE) 
.................... unsigned int8 g_LcdX, g_LcdY; 
.................... #endif 
....................  
.................... void lcd_init(void)  
.................... { 
....................    unsigned int8 i; 
....................    unsigned int8 LCD_INIT_STRING[4] = {0x20 | (LCD_TYPE << 2), 0xc, 1, 6}; 
014D:  MOVLW  28
014E:  MOVWF  45
014F:  MOVLW  0C
0150:  MOVWF  46
0151:  MOVLW  01
0152:  MOVWF  47
0153:  MOVLW  06
0154:  MOVWF  48
....................                              // These bytes need to be sent to the LCD 
....................                              // to start it up. 
....................     
....................  
....................    lcd_output_enable(0); 
0155:  BCF    05.3
0156:  BSF    03.5
0157:  BCF    05.3
....................    lcd_output_rs(0); 
0158:  BCF    03.5
0159:  BCF    05.5
015A:  BSF    03.5
015B:  BCF    05.5
....................    lcd_output_rw(0); 
015C:  BCF    03.5
015D:  BCF    05.4
015E:  BSF    03.5
015F:  BCF    05.4
....................  
....................  #if defined(__PCB__) 
....................    set_tris_lcd(LCD_OUTPUT_MAP); 
....................  #else 
....................   #if (defined(LCD_DATA4) && defined(LCD_DATA5) && defined(LCD_DATA6) && defined(LCD_DATA7)) 
....................    output_drive(LCD_DATA4); 
0160:  BCF    08.4
....................    output_drive(LCD_DATA5); 
0161:  BCF    08.5
....................    output_drive(LCD_DATA6); 
0162:  BCF    08.6
....................    output_drive(LCD_DATA7); 
0163:  BCF    08.7
....................   #else 
....................    lcdtris.data = 0x0; 
....................   #endif 
....................    lcd_enable_tris(); 
0164:  BCF    05.3
....................    lcd_rs_tris(); 
0165:  BCF    05.5
....................    lcd_rw_tris(); 
0166:  BCF    05.4
....................  #endif 
....................      
....................    delay_ms(15); 
0167:  MOVLW  0F
0168:  BCF    03.5
0169:  MOVWF  54
016A:  CALL   07A
....................    for(i=1;i<=3;++i) 
016B:  MOVLW  01
016C:  MOVWF  44
016D:  MOVF   44,W
016E:  SUBLW  03
016F:  BTFSS  03.0
0170:  GOTO   179
....................    { 
....................        lcd_send_nibble(3); 
0171:  MOVLW  03
0172:  MOVWF  5B
0173:  CALL   08E
....................        delay_ms(5); 
0174:  MOVLW  05
0175:  MOVWF  54
0176:  CALL   07A
0177:  INCF   44,F
0178:  GOTO   16D
....................    } 
....................     
....................    lcd_send_nibble(2); 
0179:  MOVLW  02
017A:  MOVWF  5B
017B:  CALL   08E
....................    delay_ms(5); 
017C:  MOVLW  05
017D:  MOVWF  54
017E:  CALL   07A
....................    for(i=0;i<=3;++i) 
017F:  CLRF   44
0180:  MOVF   44,W
0181:  SUBLW  03
0182:  BTFSS  03.0
0183:  GOTO   190
....................       lcd_send_byte(0,LCD_INIT_STRING[i]); 
0184:  MOVLW  45
0185:  ADDWF  44,W
0186:  MOVWF  04
0187:  BCF    03.7
0188:  MOVF   00,W
0189:  MOVWF  49
018A:  CLRF   58
018B:  MOVF   49,W
018C:  MOVWF  59
018D:  CALL   0EF
....................  
....................   #if defined(LCD_EXTENDED_NEWLINE) 
018E:  INCF   44,F
018F:  GOTO   180
0190:  BSF    0A.3
0191:  BCF    0A.4
0192:  GOTO   106 (RETURN)
....................    g_LcdX = 0; 
....................    g_LcdY = 0; 
....................   #endif 
.................... } 
....................  
.................... void lcd_gotoxy(unsigned int8 x, unsigned int8 y) 
.................... { 
....................    unsigned int8 address; 
....................     
....................    if(y!=1) 
*
0196:  DECFSZ 55,W
0197:  GOTO   199
0198:  GOTO   19C
....................       address=LCD_LINE_TWO; 
0199:  MOVLW  40
019A:  MOVWF  56
019B:  GOTO   19D
....................    else 
....................       address=0; 
019C:  CLRF   56
....................       
....................    address+=x-1; 
019D:  MOVLW  01
019E:  SUBWF  54,W
019F:  ADDWF  56,F
....................    lcd_send_byte(0,0x80|address); 
01A0:  MOVF   56,W
01A1:  IORLW  80
01A2:  MOVWF  57
01A3:  CLRF   58
01A4:  MOVF   57,W
01A5:  MOVWF  59
01A6:  CALL   0EF
....................  
....................   #if defined(LCD_EXTENDED_NEWLINE) 
01A7:  RETURN
....................    g_LcdX = x - 1; 
....................    g_LcdY = y - 1; 
....................   #endif 
.................... } 
....................  
.................... void lcd_putc(char c) 
.................... { 
....................    switch (c) 
01A8:  MOVF   53,W
01A9:  XORLW  07
01AA:  BTFSC  03.2
01AB:  GOTO   1B6
01AC:  XORLW  0B
01AD:  BTFSC  03.2
01AE:  GOTO   1BB
01AF:  XORLW  06
01B0:  BTFSC  03.2
01B1:  GOTO   1C3
01B2:  XORLW  02
01B3:  BTFSC  03.2
01B4:  GOTO   1C9
01B5:  GOTO   1CE
....................    { 
....................       case '\a'   :  lcd_gotoxy(1,1);     break; 
01B6:  MOVLW  01
01B7:  MOVWF  54
01B8:  MOVWF  55
01B9:  CALL   196
01BA:  GOTO   1D3
....................  
....................       case '\f'   :  lcd_send_byte(0,1); 
01BB:  CLRF   58
01BC:  MOVLW  01
01BD:  MOVWF  59
01BE:  CALL   0EF
....................                      delay_ms(2); 
01BF:  MOVLW  02
01C0:  MOVWF  54
01C1:  CALL   07A
....................                     #if defined(LCD_EXTENDED_NEWLINE) 
....................                      g_LcdX = 0; 
....................                      g_LcdY = 0; 
....................                     #endif 
....................                      break; 
01C2:  GOTO   1D3
....................  
....................      #if defined(LCD_EXTENDED_NEWLINE) 
....................       case '\r'   :  lcd_gotoxy(1, g_LcdY+1);   break; 
....................       case '\n'   : 
....................          while (g_LcdX++ < LCD_LINE_LENGTH) 
....................          { 
....................             lcd_send_byte(1, ' '); 
....................          } 
....................          lcd_gotoxy(1, g_LcdY+2); 
....................          break; 
....................      #else 
....................       case '\n'   : lcd_gotoxy(1,2);        break; 
01C3:  MOVLW  01
01C4:  MOVWF  54
01C5:  MOVLW  02
01C6:  MOVWF  55
01C7:  CALL   196
01C8:  GOTO   1D3
....................      #endif 
....................       
....................       case '\b'   : lcd_send_byte(0,0x10);  break; 
01C9:  CLRF   58
01CA:  MOVLW  10
01CB:  MOVWF  59
01CC:  CALL   0EF
01CD:  GOTO   1D3
....................       
....................      #if defined(LCD_EXTENDED_NEWLINE) 
....................       default     :  
....................          if (g_LcdX < LCD_LINE_LENGTH) 
....................          { 
....................             lcd_send_byte(1, c); 
....................             g_LcdX++; 
....................          } 
....................          break; 
....................      #else 
....................       default     : lcd_send_byte(1,c);     break; 
01CE:  MOVLW  01
01CF:  MOVWF  58
01D0:  MOVF   53,W
01D1:  MOVWF  59
01D2:  CALL   0EF
....................      #endif 
....................    } 
01D3:  RETURN
.................... } 
....................   
.................... char lcd_getc(unsigned int8 x, unsigned int8 y) 
.................... { 
....................    char value; 
....................  
....................    lcd_gotoxy(x,y); 
....................    while ( bit_test(lcd_read_byte(),7) ); // wait until busy flag is low 
....................    lcd_output_rs(1); 
....................    value = lcd_read_byte(); 
....................    lcd_output_rs(0); 
....................     
....................    return(value); 
.................... } 
....................  
.................... // write a custom character to the ram 
.................... // which is 0-7 and specifies which character array we are modifying. 
.................... // ptr points to an array of 8 bytes, where each byte is the next row of 
.................... //    pixels.  only bits 0-4 are used.  the last row is the cursor row, and 
.................... //    usually you will want to leave this byte 0x00. 
.................... void lcd_set_cgram_char(unsigned int8 which, unsigned int8 *ptr) 
.................... { 
....................    unsigned int i; 
....................  
....................    which <<= 3; 
....................    which &= 0x38; 
....................  
....................    lcd_send_byte(0, 0x40 | which);  //set cgram address 
....................  
....................    for(i=0; i<8; i++) 
....................    { 
....................       lcd_send_byte(1, *ptr++); 
....................    } 
....................    
....................    #if defined(LCD_EXTENDED_NEWLINE) 
....................     lcd_gotoxy(g_LcdX+1, g_LcdY+1);  //set ddram address 
....................    #endif 
.................... } 
....................  
.................... void lcd_cursor_on(int1 on) 
.................... { 
....................    if (on) 
....................    { 
....................       lcd_send_byte(0,0x0F);           //turn LCD cursor ON 
....................    } 
....................    else 
....................    { 
....................       lcd_send_byte(0,0x0C);           //turn LCD cursor OFF 
....................    } 
.................... } 
....................  
.................... #endif 
....................  
.................... #include <kbd4x4_b.c> 
.................... /////////////////////////////////////////////////////////////////////////// 
.................... ////                             KBD4x4_1.C                                //// 
.................... ////                  Generic keypad scan driver                       //// 
.................... ////                                                                   //// 
.................... ////  kbd_init()   Must be called before any other function.           //// 
.................... ////                                                                   //// 
.................... ////  c = kbd_getc(c)  Will return a key value if pressed or /0 if not //// 
.................... ////                   This function should be called frequently so as //// 
.................... ////                   not to miss a key press.                        //// 
.................... ////                                                                   //// 
.................... /////////////////////////////////////////////////////////////////////////// 
.................... ////        (C) Copyright 1996,2003 Custom Computer Services           //// 
.................... //// This source code may only be used by licensed users of the CCS C  //// 
.................... //// compiler.  This source code may only be distributed to other      //// 
.................... //// licensed users of the CCS C compiler.  No other use, reproduction //// 
.................... //// or distribution is permitted without written permission.          //// 
.................... //// Derivative programs created using this software in object code    //// 
.................... //// form are not restricted in any way.                               //// 
.................... /////////////////////////////////////////////////////////////////////////// 
....................  
.................... ////////////////// The following defines the keypad layout on port D 
....................  
.................... // Un-comment the following define to use port B 
.................... #define use_portb_kbd TRUE 
....................  
.................... // Make sure the port used has pull-up resistors (or the LCD) on 
.................... // the column pins 
....................  
....................  
.................... #if defined(__PCH__) 
.................... #if defined use_portb_kbd 
....................    #byte kbd = 0xF81                   // This puts the entire structure 
.................... #else 
....................    #byte kbd = 0xF83                   // This puts the entire structure 
.................... #endif 
.................... #else 
.................... #if defined use_portb_kbd 
....................    #byte kbd = 6                  // on to port B (at address 6) 
.................... #else 
....................    #byte kbd = 8                 // on to port D (at address 8) 
.................... #endif 
.................... #endif 
....................  
.................... #if defined use_portb_kbd 
....................    #define set_tris_kbd(x) set_tris_b(x) 
.................... #else 
....................    #define set_tris_kbd(x) set_tris_d(x) 
.................... #endif 
....................  
....................  
....................  
.................... //Keypad connection:   (for example column 0 is B2) 
.................... //                Bx: 
....................  
.................... #ifdef blue_keypad  ///////////////////////////////////// For the blue keypad 
.................... #define COL0 (1 << 2) 
.................... #define COL1 (1 << 3) 
.................... #define COL2 (1 << 6) 
....................  
.................... #define ROW0 (1 << 4) 
.................... #define ROW1 (1 << 7) 
.................... #define ROW2 (1 << 1) 
.................... #define ROW3 (1 << 5) 
....................  
.................... #else ////////////////////////////////////////////////// For the black keypad 
.................... #define COL0 (1 << 4) 
.................... #define COL1 (1 << 5) 
.................... #define COL2 (1 << 6) 
.................... #define COL3 (1 << 7) 
....................  
.................... #define ROW0 (1 << 0) 
.................... #define ROW1 (1 << 1) 
.................... #define ROW2 (1 << 2) 
.................... #define ROW3 (1 << 3) 
....................  
.................... #endif 
....................  
.................... #define ALL_ROWS (ROW0|ROW1|ROW2|ROW3) 
.................... #define ALL_PINS (ALL_ROWS|COL0|COL1|COL2|COL3) 
....................  
.................... // Keypad layout: 
.................... char const KEYS[4][4] = {{'7','8','9','/'}, 
....................                          {'4','5','6','*'}, 
....................                          {'1','2','3','-'}, 
....................                          {'C','0','=','+'}}; 
....................  
.................... #define KBD_DEBOUNCE_FACTOR 33    // Set this number to apx n/333 where 
....................                                   // n is the number of times you expect 
....................                                   // to call kbd_getc each second 
....................  
....................  
.................... void kbd_init() { 
*
0193:  BSF    0A.3
0194:  BCF    0A.4
0195:  GOTO   109 (RETURN)
.................... } 
....................  
.................... char kbd_getc( ) { 
....................    static BYTE kbd_call_count; 
*
08FC:  BCF    03.5
08FD:  CLRF   20
....................    static int1 kbd_down; 
08FE:  BCF    21.0
....................    static char last_key; 
08FF:  CLRF   22
....................    static BYTE col; 
0900:  CLRF   23
....................  
....................    BYTE kchar; 
....................    BYTE row; 
....................  
....................    kchar='\0'; 
*
022A:  CLRF   51
....................    if(++kbd_call_count>KBD_DEBOUNCE_FACTOR) { 
022B:  INCF   20,F
022C:  MOVF   20,W
022D:  SUBLW  21
022E:  BTFSC  03.0
022F:  GOTO   28A
....................        switch (col) { 
0230:  MOVF   23,W
0231:  ADDLW  FC
0232:  BTFSC  03.0
0233:  GOTO   24D
0234:  ADDLW  04
0235:  GOTO   293
....................          case 0   : set_tris_kbd(ALL_PINS&~COL0); 
0236:  MOVLW  EF
0237:  BSF    03.5
0238:  MOVWF  06
....................                     kbd=~COL0&ALL_PINS; 
0239:  BCF    03.5
023A:  MOVWF  06
....................                     break; 
023B:  GOTO   24D
....................          case 1   : set_tris_kbd(ALL_PINS&~COL1); 
023C:  MOVLW  DF
023D:  BSF    03.5
023E:  MOVWF  06
....................                     kbd=~COL1&ALL_PINS; 
023F:  BCF    03.5
0240:  MOVWF  06
....................                     break; 
0241:  GOTO   24D
....................          case 2   : set_tris_kbd(ALL_PINS&~COL2); 
0242:  MOVLW  BF
0243:  BSF    03.5
0244:  MOVWF  06
....................                     kbd=~COL2&ALL_PINS; 
0245:  BCF    03.5
0246:  MOVWF  06
....................                     break; 
0247:  GOTO   24D
....................          case 3   : set_tris_kbd(ALL_PINS&~COL3); 
0248:  MOVLW  7F
0249:  BSF    03.5
024A:  MOVWF  06
....................                     kbd=~COL3&ALL_PINS; 
024B:  BCF    03.5
024C:  MOVWF  06
....................                     break; 
....................        } 
....................  
....................        if(kbd_down) { 
024D:  BTFSS  21.0
024E:  GOTO   259
....................          if((kbd & (ALL_ROWS))==(ALL_ROWS)) { 
024F:  MOVF   06,W
0250:  ANDLW  0F
0251:  SUBLW  0F
0252:  BTFSS  03.2
0253:  GOTO   258
....................            kbd_down=FALSE; 
0254:  BCF    21.0
....................            kchar=last_key; 
0255:  MOVF   22,W
0256:  MOVWF  51
....................            last_key='\0'; 
0257:  CLRF   22
....................          } 
....................        } else { 
0258:  GOTO   289
....................           if((kbd & (ALL_ROWS))!=(ALL_ROWS)) { 
0259:  MOVF   06,W
025A:  ANDLW  0F
025B:  SUBLW  0F
025C:  BTFSC  03.2
025D:  GOTO   284
....................              if((kbd & ROW0)==0) 
025E:  MOVF   06,W
025F:  ANDLW  01
0260:  BTFSS  03.2
0261:  GOTO   264
....................                row=0; 
0262:  CLRF   52
0263:  GOTO   278
....................              else if((kbd & ROW1)==0) 
0264:  MOVF   06,W
0265:  ANDLW  02
0266:  BTFSS  03.2
0267:  GOTO   26B
....................                row=1; 
0268:  MOVLW  01
0269:  MOVWF  52
026A:  GOTO   278
....................              else if((kbd & ROW2)==0) 
026B:  MOVF   06,W
026C:  ANDLW  04
026D:  BTFSS  03.2
026E:  GOTO   272
....................                row=2; 
026F:  MOVLW  02
0270:  MOVWF  52
0271:  GOTO   278
....................              else if((kbd & ROW3)==0) 
0272:  MOVF   06,W
0273:  ANDLW  08
0274:  BTFSS  03.2
0275:  GOTO   278
....................                row=3; 
0276:  MOVLW  03
0277:  MOVWF  52
....................              last_key =KEYS[row][col]; 
0278:  RLF    52,W
0279:  MOVWF  77
027A:  RLF    77,F
027B:  MOVLW  FC
027C:  ANDWF  77,F
027D:  MOVF   77,W
027E:  ADDWF  23,W
027F:  CALL   004
0280:  MOVWF  78
0281:  MOVWF  22
....................              kbd_down = TRUE; 
0282:  BSF    21.0
....................           } else { 
0283:  GOTO   289
....................              ++col; 
0284:  INCF   23,F
....................              if(col==4) 
0285:  MOVF   23,W
0286:  SUBLW  04
0287:  BTFSC  03.2
....................                col=0; 
0288:  CLRF   23
....................           } 
....................        } 
....................       kbd_call_count=0; 
0289:  CLRF   20
....................    } 
....................   set_tris_kbd(ALL_PINS); 
028A:  MOVLW  FF
028B:  BSF    03.5
028C:  MOVWF  06
....................   return(kchar); 
028D:  BCF    03.5
028E:  MOVF   51,W
028F:  MOVWF  78
0290:  BCF    0A.3
0291:  BCF    0A.4
0292:  GOTO   2D3 (RETURN)
.................... } 
....................  
.................... //#include <kbd4x4_b_fisico.c> para utilizarla en fisico 
.................... #include <getNum16.c> 
.................... /* 
....................    ** Se requiere haber inicializado el lcd y el teclado **  
....................     
....................    Usar como "int16 numero = get_num();" no puede borrar numeros 
....................     
....................    Al usar como "int16 numero = get_num_lcd(cursor_x,cursor_y)" 
....................    se pueden borrar caracteres con '-' y con 'C' 
....................        
....................    Por Angel Primitivo Vejar Corts 2022 | angel-primi@hotmail.com 
.................... */ 
....................  
.................... unsigned int32 pow(int8 base, int8 power){ 
*
034B:  CLRF   57
034C:  CLRF   56
034D:  CLRF   55
034E:  MOVLW  01
034F:  MOVWF  54
....................    int32 result = 1; 
....................    for(int8 i = 0; i < power; i++){ 
0350:  CLRF   58
0351:  MOVF   53,W
0352:  SUBWF  58,W
0353:  BTFSC  03.0
0354:  GOTO   36D
....................       result *= base; 
0355:  MOVF   57,W
0356:  MOVWF  5C
0357:  MOVF   56,W
0358:  MOVWF  5B
0359:  MOVF   55,W
035A:  MOVWF  5A
035B:  MOVF   54,W
035C:  MOVWF  59
035D:  CLRF   60
035E:  CLRF   5F
035F:  CLRF   5E
0360:  MOVF   52,W
0361:  MOVWF  5D
0362:  CALL   29B
0363:  MOVF   7A,W
0364:  MOVWF  57
0365:  MOVF   79,W
0366:  MOVWF  56
0367:  MOVF   78,W
0368:  MOVWF  55
0369:  MOVF   77,W
036A:  MOVWF  54
036B:  INCF   58,F
036C:  GOTO   351
....................    } 
....................    return result; 
036D:  MOVF   54,W
036E:  MOVWF  77
036F:  MOVF   55,W
0370:  MOVWF  78
0371:  MOVF   56,W
0372:  MOVWF  79
0373:  MOVF   57,W
0374:  MOVWF  7A
.................... } 
....................  
.................... char read_key(){ 
....................    char c; 
....................    do{ 
....................       c=kbd_getc(); 
*
02D2:  GOTO   22A
02D3:  MOVF   78,W
02D4:  MOVWF  50
....................    } 
....................    while(c=='\0');  
02D5:  MOVF   50,F
02D6:  BTFSC  03.2
02D7:  GOTO   2D2
....................    return(c); 
02D8:  MOVF   50,W
02D9:  MOVWF  78
.................... } 
....................  
.................... int16 get_num_lcd(int8 x, int8 y){ 
....................    lcd_gotoxy(x,y); 
*
02C5:  MOVF   44,W
02C6:  MOVWF  54
02C7:  MOVF   45,W
02C8:  MOVWF  55
02C9:  CALL   196
....................    int16 numero = 0; 
....................    char cadena[5] = {0,0,0,0,0}; 
*
02CC:  CLRF   48
02CD:  CLRF   49
02CE:  CLRF   4A
02CF:  CLRF   4B
02D0:  CLRF   4C
....................    int8 index = 0; 
....................    char tecla; 
*
02CA:  CLRF   47
02CB:  CLRF   46
*
02D1:  CLRF   4D
....................    do { 
....................       tecla = read_key(); 
*
02DA:  MOVF   78,W
02DB:  MOVWF  4E
....................       if((tecla >= 48) && (tecla <= 57))  
02DC:  MOVF   4E,W
02DD:  SUBLW  2F
02DE:  BTFSC  03.0
02DF:  GOTO   2EE
02E0:  MOVF   4E,W
02E1:  SUBLW  39
02E2:  BTFSS  03.0
02E3:  GOTO   2EE
....................       { 
....................          cadena[index] = tecla; 
02E4:  MOVLW  48
02E5:  ADDWF  4D,W
02E6:  MOVWF  04
02E7:  BCF    03.7
02E8:  MOVF   4E,W
02E9:  MOVWF  00
....................          index++; 
02EA:  INCF   4D,F
....................          printf(lcd_putc,"%c",tecla); 
02EB:  MOVF   4E,W
02EC:  MOVWF  53
02ED:  CALL   1A8
....................       } 
....................        
....................       if(tecla == '-' && index > 0){ 
02EE:  MOVF   4E,W
02EF:  SUBLW  2D
02F0:  BTFSS  03.2
02F1:  GOTO   30C
02F2:  MOVF   4D,F
02F3:  BTFSC  03.2
02F4:  GOTO   30C
....................          index--; 
02F5:  DECF   4D,F
....................          cadena[index] = 0; 
02F6:  MOVLW  48
02F7:  ADDWF  4D,W
02F8:  MOVWF  04
02F9:  BCF    03.7
02FA:  CLRF   00
....................          lcd_gotoxy(x + index,y); 
02FB:  MOVF   4D,W
02FC:  ADDWF  44,W
02FD:  MOVWF  50
02FE:  MOVWF  54
02FF:  MOVF   45,W
0300:  MOVWF  55
0301:  CALL   196
....................          printf(lcd_putc," "); 
0302:  MOVLW  20
0303:  MOVWF  53
0304:  CALL   1A8
....................          lcd_gotoxy(x + index,y); 
0305:  MOVF   4D,W
0306:  ADDWF  44,W
0307:  MOVWF  50
0308:  MOVWF  54
0309:  MOVF   45,W
030A:  MOVWF  55
030B:  CALL   196
....................       } 
....................        
....................       if(tecla == 'C' && index > 0){ 
030C:  MOVF   4E,W
030D:  SUBLW  43
030E:  BTFSS  03.2
030F:  GOTO   32A
0310:  MOVF   4D,F
0311:  BTFSC  03.2
0312:  GOTO   32A
....................          index=0; 
0313:  CLRF   4D
....................          cadena[0] = 0; 
0314:  CLRF   48
....................          cadena[1] = 0; 
0315:  CLRF   49
....................          cadena[2] = 0; 
0316:  CLRF   4A
....................          cadena[3] = 0; 
0317:  CLRF   4B
....................          cadena[4] = 0; 
0318:  CLRF   4C
....................          lcd_gotoxy(x,y); 
0319:  MOVF   44,W
031A:  MOVWF  54
031B:  MOVF   45,W
031C:  MOVWF  55
031D:  CALL   196
....................          printf(lcd_putc,"     "); 
031E:  MOVLW  24
031F:  BSF    03.6
0320:  MOVWF  0D
0321:  MOVLW  00
0322:  MOVWF  0F
0323:  BCF    03.6
0324:  CALL   1D4
....................          lcd_gotoxy(x,y); 
0325:  MOVF   44,W
0326:  MOVWF  54
0327:  MOVF   45,W
0328:  MOVWF  55
0329:  CALL   196
....................       } 
....................        
....................       if(tecla == '=' && index > 0){ 
032A:  MOVF   4E,W
032B:  SUBLW  3D
032C:  BTFSS  03.2
032D:  GOTO   331
032E:  MOVF   4D,F
032F:  BTFSS  03.2
....................          break;      
0330:  GOTO   335
....................       } 
....................    }while(index < 5); 
0331:  MOVF   4D,W
0332:  SUBLW  04
0333:  BTFSC  03.0
0334:  GOTO   2D2
....................     
....................    for(int8 i = 0; i < index; i++){ 
0335:  CLRF   4F
0336:  MOVF   4D,W
0337:  SUBWF  4F,W
0338:  BTFSC  03.0
0339:  GOTO   396
....................       numero += (cadena[i] - 48) * (pow(10,index - 1 - i)); 
033A:  MOVLW  48
033B:  ADDWF  4F,W
033C:  MOVWF  04
033D:  BCF    03.7
033E:  MOVLW  30
033F:  SUBWF  00,W
0340:  MOVWF  50
0341:  MOVLW  01
0342:  SUBWF  4D,W
0343:  MOVWF  78
0344:  MOVF   4F,W
0345:  SUBWF  78,W
0346:  MOVWF  51
0347:  MOVLW  0A
0348:  MOVWF  52
0349:  MOVF   51,W
034A:  MOVWF  53
*
0375:  CLRF   52
0376:  MOVF   04,W
0377:  MOVWF  51
0378:  BCF    52.0
0379:  BTFSC  03.7
037A:  BSF    52.0
037B:  CLRF   5C
037C:  CLRF   5B
037D:  CLRF   5A
037E:  MOVF   50,W
037F:  MOVWF  59
0380:  MOVF   7A,W
0381:  MOVWF  60
0382:  MOVF   79,W
0383:  MOVWF  5F
0384:  MOVF   78,W
0385:  MOVWF  5E
0386:  MOVF   77,W
0387:  MOVWF  5D
0388:  CALL   29B
0389:  MOVF   51,W
038A:  MOVWF  04
038B:  BCF    03.7
038C:  BTFSC  52.0
038D:  BSF    03.7
038E:  MOVF   77,W
038F:  ADDWF  46,F
0390:  MOVF   78,W
0391:  BTFSC  03.0
0392:  INCFSZ 78,W
0393:  ADDWF  47,F
0394:  INCF   4F,F
0395:  GOTO   336
....................    }   
....................    return numero; 
0396:  MOVF   46,W
0397:  MOVWF  78
0398:  MOVF   47,W
0399:  MOVWF  79
039A:  BSF    0A.3
039B:  BCF    0A.4
039C:  GOTO   126 (RETURN)
.................... } 
....................  
.................... int16 get_num() { 
....................    int16 numero = 0; 
....................    char cadena[5] = {0,0,0,0,0}; 
....................    int8 index = 0; 
....................    char tecla; 
....................    do { 
....................       tecla = read_key(); 
....................       if((tecla >= 48) && (tecla <= 57))  
....................       { 
....................          cadena[index] = tecla; 
....................          index++; 
....................          printf(lcd_putc,"%c",tecla); 
....................       } 
....................        
....................       if(tecla == '=' && index > 0){ 
....................          break;      
....................       } 
....................    }while(index < 5); 
....................     
....................    for(int8 i = 0; i < index; i++){ 
....................       numero += (cadena[i] - 48) * (pow(10,index - 1 - i)); 
....................    }   
....................    return numero; 
.................... } 
....................  
....................  
.................... #use STANDARD_IO(C) 
.................... #use STANDARD_IO(B) 
.................... #use STANDARD_IO(D) 
....................  
.................... #define MA1 PIN_C0 
.................... #define MA2 PIN_C1 
.................... #define MA3 PIN_C2 
.................... #define MA4 PIN_C3 
....................  
.................... const int8 pasos[8] =  
.................... { 
....................    0b1000, 
....................    0b1010, 
....................    0b0010, 
....................    0b0110, 
....................    0b0100, 
....................    0b0101, 
....................    0b0001, 
....................    0b1001 
.................... }; 
....................  
.................... int8 step_index = 0; 
....................  
.................... void update_stepper(){ 
....................    output_c(pasos[step_index]); 
*
006F:  MOVF   25,W
0070:  CALL   018
0071:  MOVWF  44
0072:  MOVLW  00
0073:  MOVWF  24
0074:  BSF    03.5
0075:  CLRF   07
0076:  BCF    03.5
0077:  MOVF   44,W
0078:  MOVWF  07
0079:  RETURN
.................... } 
....................  
.................... void step_up(){ 
....................    if(step_index == 0){ 
*
0742:  MOVF   25,F
0743:  BTFSS  03.2
0744:  GOTO   748
....................       step_index = 7; 
0745:  MOVLW  07
0746:  MOVWF  25
....................    }else{ 
0747:  GOTO   749
....................       step_index--; 
0748:  DECF   25,F
....................    } 
....................    update_stepper(); 
0749:  CALL   06F
074A:  BSF    0A.3
074B:  BCF    0A.4
074C:  GOTO   257 (RETURN)
.................... } 
....................  
.................... void step_back(){ 
....................    step_index++; 
074D:  INCF   25,F
....................    if(step_index > 7){ 
074E:  MOVF   25,W
074F:  SUBLW  07
0750:  BTFSS  03.0
....................       step_index = 0; 
0751:  CLRF   25
....................    } 
....................    update_stepper(); 
0752:  CALL   06F
0753:  BSF    0A.3
0754:  BCF    0A.4
0755:  GOTO   2E5 (RETURN)
.................... } 
....................  
.................... void main(){ 
*
08EE:  MOVF   03,W
08EF:  ANDLW  1F
08F0:  MOVWF  03
08F1:  MOVLW  FF
08F2:  MOVWF  24
08F3:  CLRF   25
08F4:  BSF    03.5
08F5:  BSF    1F.0
08F6:  BSF    1F.1
08F7:  BSF    1F.2
08F8:  BCF    1F.3
08F9:  MOVLW  07
08FA:  MOVWF  1C
08FB:  BCF    03.7
....................    // setup_uart(9600); //Configurar baudios 
....................    // Inicializar pines 
....................    update_stepper(); 
*
0901:  BCF    0A.3
0902:  CALL   06F
0903:  BSF    0A.3
....................    lcd_init(); 
0904:  BCF    0A.3
0905:  GOTO   14D
0906:  BSF    0A.3
....................    kbd_init(); 
0907:  BCF    0A.3
0908:  GOTO   193
0909:  BSF    0A.3
....................    port_b_pullups(TRUE); 
090A:  BSF    03.5
090B:  BCF    01.7
....................    int16 numero; 
....................    float pos_actual = 0; 
....................    float micro_paso = 0.9; 
090C:  BCF    03.5
090D:  CLRF   2B
090E:  CLRF   2A
090F:  CLRF   29
0910:  CLRF   28
0911:  MOVLW  66
0912:  MOVWF  2F
0913:  MOVWF  2E
0914:  MOVWF  2D
0915:  MOVLW  7E
0916:  MOVWF  2C
....................    while (TRUE){ 
....................       printf(lcd_putc,"\fGrado (0 a 360):"); 
0917:  MOVLW  27
0918:  BSF    03.6
0919:  MOVWF  0D
091A:  MOVLW  00
091B:  MOVWF  0F
091C:  BCF    0A.3
091D:  BCF    03.6
091E:  CALL   1D4
091F:  BSF    0A.3
....................       numero = get_num_lcd(1,2); 
0920:  MOVLW  01
0921:  MOVWF  44
0922:  MOVLW  02
0923:  MOVWF  45
0924:  BCF    0A.3
0925:  GOTO   2C5
0926:  BSF    0A.3
0927:  MOVF   79,W
0928:  MOVWF  27
0929:  MOVF   78,W
092A:  MOVWF  26
....................       float grados = (float)numero; 
092B:  MOVF   27,W
092C:  MOVWF  45
092D:  MOVF   26,W
092E:  MOVWF  44
092F:  BCF    0A.3
0930:  CALL   39D
0931:  BSF    0A.3
0932:  MOVF   7A,W
0933:  MOVWF  33
0934:  MOVF   79,W
0935:  MOVWF  32
0936:  MOVF   78,W
0937:  MOVWF  31
0938:  MOVF   77,W
0939:  MOVWF  30
....................       if(numero > 360.0 || numero < 0.0){ 
093A:  MOVF   27,W
093B:  MOVWF  45
093C:  MOVF   26,W
093D:  MOVWF  44
093E:  BCF    0A.3
093F:  CALL   39D
0940:  BSF    0A.3
0941:  CLRF   47
0942:  CLRF   46
0943:  MOVLW  34
0944:  MOVWF  45
0945:  MOVLW  87
0946:  MOVWF  44
0947:  MOVF   7A,W
0948:  MOVWF  4B
0949:  MOVF   79,W
094A:  MOVWF  4A
094B:  MOVF   78,W
094C:  MOVWF  49
094D:  MOVF   77,W
094E:  MOVWF  48
094F:  BCF    0A.3
0950:  CALL   3BA
0951:  BSF    0A.3
0952:  BTFSC  03.0
0953:  GOTO   16C
0954:  MOVF   27,W
0955:  MOVWF  45
0956:  MOVF   26,W
0957:  MOVWF  44
0958:  BCF    0A.3
0959:  CALL   39D
095A:  BSF    0A.3
095B:  MOVF   7A,W
095C:  MOVWF  47
095D:  MOVF   79,W
095E:  MOVWF  46
095F:  MOVF   78,W
0960:  MOVWF  45
0961:  MOVF   77,W
0962:  MOVWF  44
0963:  CLRF   4B
0964:  CLRF   4A
0965:  CLRF   49
0966:  CLRF   48
0967:  BCF    0A.3
0968:  CALL   3BA
0969:  BSF    0A.3
096A:  BTFSS  03.0
096B:  GOTO   18E
....................          printf(lcd_putc,"\f**ERROR** \nNumero no valido"); 
096C:  MOVLW  30
096D:  BSF    03.6
096E:  MOVWF  0D
096F:  MOVLW  00
0970:  MOVWF  0F
0971:  BCF    0A.3
0972:  BCF    03.6
0973:  CALL   1D4
0974:  BSF    0A.3
....................          delay_ms(1000); 
0975:  MOVLW  04
0976:  MOVWF  44
0977:  MOVLW  FA
0978:  MOVWF  54
0979:  BCF    0A.3
097A:  CALL   07A
097B:  BSF    0A.3
097C:  DECFSZ 44,F
097D:  GOTO   177
....................          numero = pos_actual; 
097E:  MOVF   2B,W
097F:  MOVWF  47
0980:  MOVF   2A,W
0981:  MOVWF  46
0982:  MOVF   29,W
0983:  MOVWF  45
0984:  MOVF   28,W
0985:  MOVWF  44
0986:  BCF    0A.3
0987:  GOTO   3F9
0988:  BSF    0A.3
0989:  MOVF   79,W
098A:  MOVWF  27
098B:  MOVF   78,W
098C:  MOVWF  26
....................       } 
098D:  GOTO   33D
....................       else{ 
....................          float pasos_totales = ((grados*400.0)/360.0); 
....................          float pasos_moverse = pasos_totales -= pos_actual; 
....................          float pasos_diferencia = abs(pasos_moverse); 
098E:  MOVF   33,W
098F:  MOVWF  54
0990:  MOVF   32,W
0991:  MOVWF  53
0992:  MOVF   31,W
0993:  MOVWF  52
0994:  MOVF   30,W
0995:  MOVWF  51
0996:  CLRF   58
0997:  CLRF   57
0998:  MOVLW  48
0999:  MOVWF  56
099A:  MOVLW  87
099B:  MOVWF  55
099C:  BCF    0A.3
099D:  CALL   41A
099E:  BSF    0A.3
099F:  MOVF   7A,W
09A0:  MOVWF  47
09A1:  MOVF   79,W
09A2:  MOVWF  46
09A3:  MOVF   78,W
09A4:  MOVWF  45
09A5:  MOVF   77,W
09A6:  MOVWF  44
09A7:  MOVF   47,W
09A8:  MOVWF  4B
09A9:  MOVF   46,W
09AA:  MOVWF  4A
09AB:  MOVF   45,W
09AC:  MOVWF  49
09AD:  MOVF   44,W
09AE:  MOVWF  48
09AF:  CLRF   4F
09B0:  CLRF   4E
09B1:  MOVLW  34
09B2:  MOVWF  4D
09B3:  MOVLW  87
09B4:  MOVWF  4C
09B5:  BCF    0A.3
09B6:  GOTO   48F
09B7:  BSF    0A.3
09B8:  MOVF   7A,W
09B9:  MOVWF  37
09BA:  MOVF   79,W
09BB:  MOVWF  36
09BC:  MOVF   78,W
09BD:  MOVWF  35
09BE:  MOVF   77,W
09BF:  MOVWF  34
09C0:  BSF    03.1
09C1:  MOVF   37,W
09C2:  MOVWF  47
09C3:  MOVF   36,W
09C4:  MOVWF  46
09C5:  MOVF   35,W
09C6:  MOVWF  45
09C7:  MOVF   34,W
09C8:  MOVWF  44
09C9:  MOVF   2B,W
09CA:  MOVWF  4B
09CB:  MOVF   2A,W
09CC:  MOVWF  4A
09CD:  MOVF   29,W
09CE:  MOVWF  49
09CF:  MOVF   28,W
09D0:  MOVWF  48
09D1:  BCF    0A.3
09D2:  CALL   55B
09D3:  BSF    0A.3
09D4:  MOVF   7A,W
09D5:  MOVWF  37
09D6:  MOVF   79,W
09D7:  MOVWF  36
09D8:  MOVF   78,W
09D9:  MOVWF  35
09DA:  MOVF   77,W
09DB:  MOVWF  34
09DC:  MOVF   37,W
09DD:  MOVWF  3B
09DE:  MOVF   36,W
09DF:  MOVWF  3A
09E0:  MOVF   35,W
09E1:  MOVWF  39
09E2:  MOVF   34,W
09E3:  MOVWF  38
09E4:  MOVWF  77
09E5:  MOVF   39,W
09E6:  MOVWF  78
09E7:  BCF    78.7
09E8:  MOVF   3B,W
09E9:  MOVWF  3F
09EA:  MOVF   3A,W
09EB:  MOVWF  3E
09EC:  MOVF   78,W
09ED:  MOVWF  3D
09EE:  MOVF   77,W
09EF:  MOVWF  3C
....................          printf(lcd_putc,"\fPasos total:%f\nPaso actual:%f",pasos_moverse,pos_actual); 
09F0:  MOVLW  3F
09F1:  BSF    03.6
09F2:  MOVWF  0D
09F3:  MOVLW  00
09F4:  MOVWF  0F
09F5:  BCF    03.0
09F6:  MOVLW  0D
09F7:  BCF    03.6
09F8:  MOVWF  44
09F9:  BCF    0A.3
09FA:  CALL   69C
09FB:  BSF    0A.3
09FC:  MOVLW  89
09FD:  MOVWF  04
09FE:  MOVF   3B,W
09FF:  MOVWF  47
0A00:  MOVF   3A,W
0A01:  MOVWF  46
0A02:  MOVF   39,W
0A03:  MOVWF  45
0A04:  MOVF   38,W
0A05:  MOVWF  44
0A06:  MOVLW  02
0A07:  MOVWF  48
0A08:  CALL   000
0A09:  MOVLW  46
0A0A:  BSF    03.6
0A0B:  MOVWF  0D
0A0C:  MOVLW  00
0A0D:  MOVWF  0F
0A0E:  BSF    03.0
0A0F:  MOVLW  0D
0A10:  BCF    03.6
0A11:  MOVWF  44
0A12:  BCF    0A.3
0A13:  CALL   69C
0A14:  BSF    0A.3
0A15:  MOVLW  89
0A16:  MOVWF  04
0A17:  MOVF   2B,W
0A18:  MOVWF  47
0A19:  MOVF   2A,W
0A1A:  MOVWF  46
0A1B:  MOVF   29,W
0A1C:  MOVWF  45
0A1D:  MOVF   28,W
0A1E:  MOVWF  44
0A1F:  MOVLW  02
0A20:  MOVWF  48
0A21:  CALL   000
....................          if(pos_actual < grados){ 
0A22:  MOVF   2B,W
0A23:  MOVWF  47
0A24:  MOVF   2A,W
0A25:  MOVWF  46
0A26:  MOVF   29,W
0A27:  MOVWF  45
0A28:  MOVF   28,W
0A29:  MOVWF  44
0A2A:  MOVF   33,W
0A2B:  MOVWF  4B
0A2C:  MOVF   32,W
0A2D:  MOVWF  4A
0A2E:  MOVF   31,W
0A2F:  MOVWF  49
0A30:  MOVF   30,W
0A31:  MOVWF  48
0A32:  BCF    0A.3
0A33:  CALL   3BA
0A34:  BSF    0A.3
0A35:  BTFSS  03.0
0A36:  GOTO   2B0
....................             for(int16 i=0; i < pasos_diferencia; i++){ 
0A37:  CLRF   41
0A38:  CLRF   40
0A39:  MOVF   41,W
0A3A:  MOVWF  45
0A3B:  MOVF   40,W
0A3C:  MOVWF  44
0A3D:  BCF    0A.3
0A3E:  CALL   39D
0A3F:  BSF    0A.3
0A40:  MOVF   7A,W
0A41:  MOVWF  47
0A42:  MOVF   79,W
0A43:  MOVWF  46
0A44:  MOVF   78,W
0A45:  MOVWF  45
0A46:  MOVF   77,W
0A47:  MOVWF  44
0A48:  MOVF   3F,W
0A49:  MOVWF  4B
0A4A:  MOVF   3E,W
0A4B:  MOVWF  4A
0A4C:  MOVF   3D,W
0A4D:  MOVWF  49
0A4E:  MOVF   3C,W
0A4F:  MOVWF  48
0A50:  BCF    0A.3
0A51:  CALL   3BA
0A52:  BSF    0A.3
0A53:  BTFSS  03.0
0A54:  GOTO   2AF
....................                step_up(); 
0A55:  BCF    0A.3
0A56:  GOTO   742
0A57:  BSF    0A.3
....................                pos_actual += micro_paso; 
0A58:  BCF    03.1
0A59:  MOVF   2B,W
0A5A:  MOVWF  47
0A5B:  MOVF   2A,W
0A5C:  MOVWF  46
0A5D:  MOVF   29,W
0A5E:  MOVWF  45
0A5F:  MOVF   28,W
0A60:  MOVWF  44
0A61:  MOVF   2F,W
0A62:  MOVWF  4B
0A63:  MOVF   2E,W
0A64:  MOVWF  4A
0A65:  MOVF   2D,W
0A66:  MOVWF  49
0A67:  MOVF   2C,W
0A68:  MOVWF  48
0A69:  BCF    0A.3
0A6A:  CALL   55B
0A6B:  BSF    0A.3
0A6C:  MOVF   7A,W
0A6D:  MOVWF  2B
0A6E:  MOVF   79,W
0A6F:  MOVWF  2A
0A70:  MOVF   78,W
0A71:  MOVWF  29
0A72:  MOVF   77,W
0A73:  MOVWF  28
....................                printf(lcd_putc,"\fPasos total:%f\nPaso actual:%f",pasos_moverse,pos_actual); 
0A74:  MOVLW  4F
0A75:  BSF    03.6
0A76:  MOVWF  0D
0A77:  MOVLW  00
0A78:  MOVWF  0F
0A79:  BCF    03.0
0A7A:  MOVLW  0D
0A7B:  BCF    03.6
0A7C:  MOVWF  44
0A7D:  BCF    0A.3
0A7E:  CALL   69C
0A7F:  BSF    0A.3
0A80:  MOVLW  89
0A81:  MOVWF  04
0A82:  MOVF   3B,W
0A83:  MOVWF  47
0A84:  MOVF   3A,W
0A85:  MOVWF  46
0A86:  MOVF   39,W
0A87:  MOVWF  45
0A88:  MOVF   38,W
0A89:  MOVWF  44
0A8A:  MOVLW  02
0A8B:  MOVWF  48
0A8C:  CALL   000
0A8D:  MOVLW  56
0A8E:  BSF    03.6
0A8F:  MOVWF  0D
0A90:  MOVLW  00
0A91:  MOVWF  0F
0A92:  BSF    03.0
0A93:  MOVLW  0D
0A94:  BCF    03.6
0A95:  MOVWF  44
0A96:  BCF    0A.3
0A97:  CALL   69C
0A98:  BSF    0A.3
0A99:  MOVLW  89
0A9A:  MOVWF  04
0A9B:  MOVF   2B,W
0A9C:  MOVWF  47
0A9D:  MOVF   2A,W
0A9E:  MOVWF  46
0A9F:  MOVF   29,W
0AA0:  MOVWF  45
0AA1:  MOVF   28,W
0AA2:  MOVWF  44
0AA3:  MOVLW  02
0AA4:  MOVWF  48
0AA5:  CALL   000
....................                delay_ms(150); 
0AA6:  MOVLW  96
0AA7:  MOVWF  54
0AA8:  BCF    0A.3
0AA9:  CALL   07A
0AAA:  BSF    0A.3
0AAB:  INCF   40,F
0AAC:  BTFSC  03.2
0AAD:  INCF   41,F
0AAE:  GOTO   239
....................             } 
....................          } 
0AAF:  GOTO   33D
....................          else if(pos_actual > grados){ 
0AB0:  MOVF   33,W
0AB1:  MOVWF  47
0AB2:  MOVF   32,W
0AB3:  MOVWF  46
0AB4:  MOVF   31,W
0AB5:  MOVWF  45
0AB6:  MOVF   30,W
0AB7:  MOVWF  44
0AB8:  MOVF   2B,W
0AB9:  MOVWF  4B
0ABA:  MOVF   2A,W
0ABB:  MOVWF  4A
0ABC:  MOVF   29,W
0ABD:  MOVWF  49
0ABE:  MOVF   28,W
0ABF:  MOVWF  48
0AC0:  BCF    0A.3
0AC1:  CALL   3BA
0AC2:  BSF    0A.3
0AC3:  BTFSS  03.0
0AC4:  GOTO   33D
....................             for(int16 i=0; i < pasos_diferencia; i++){ 
0AC5:  CLRF   43
0AC6:  CLRF   42
0AC7:  MOVF   43,W
0AC8:  MOVWF  45
0AC9:  MOVF   42,W
0ACA:  MOVWF  44
0ACB:  BCF    0A.3
0ACC:  CALL   39D
0ACD:  BSF    0A.3
0ACE:  MOVF   7A,W
0ACF:  MOVWF  47
0AD0:  MOVF   79,W
0AD1:  MOVWF  46
0AD2:  MOVF   78,W
0AD3:  MOVWF  45
0AD4:  MOVF   77,W
0AD5:  MOVWF  44
0AD6:  MOVF   3F,W
0AD7:  MOVWF  4B
0AD8:  MOVF   3E,W
0AD9:  MOVWF  4A
0ADA:  MOVF   3D,W
0ADB:  MOVWF  49
0ADC:  MOVF   3C,W
0ADD:  MOVWF  48
0ADE:  BCF    0A.3
0ADF:  CALL   3BA
0AE0:  BSF    0A.3
0AE1:  BTFSS  03.0
0AE2:  GOTO   33D
....................                step_back(); 
0AE3:  BCF    0A.3
0AE4:  GOTO   74D
0AE5:  BSF    0A.3
....................                pos_actual -= micro_paso; 
0AE6:  BSF    03.1
0AE7:  MOVF   2B,W
0AE8:  MOVWF  47
0AE9:  MOVF   2A,W
0AEA:  MOVWF  46
0AEB:  MOVF   29,W
0AEC:  MOVWF  45
0AED:  MOVF   28,W
0AEE:  MOVWF  44
0AEF:  MOVF   2F,W
0AF0:  MOVWF  4B
0AF1:  MOVF   2E,W
0AF2:  MOVWF  4A
0AF3:  MOVF   2D,W
0AF4:  MOVWF  49
0AF5:  MOVF   2C,W
0AF6:  MOVWF  48
0AF7:  BCF    0A.3
0AF8:  CALL   55B
0AF9:  BSF    0A.3
0AFA:  MOVF   7A,W
0AFB:  MOVWF  2B
0AFC:  MOVF   79,W
0AFD:  MOVWF  2A
0AFE:  MOVF   78,W
0AFF:  MOVWF  29
0B00:  MOVF   77,W
0B01:  MOVWF  28
....................                printf(lcd_putc,"\fPasos total:%f\nPaso actual:%f",pasos_moverse,pos_actual); 
0B02:  MOVLW  5F
0B03:  BSF    03.6
0B04:  MOVWF  0D
0B05:  MOVLW  00
0B06:  MOVWF  0F
0B07:  BCF    03.0
0B08:  MOVLW  0D
0B09:  BCF    03.6
0B0A:  MOVWF  44
0B0B:  BCF    0A.3
0B0C:  CALL   69C
0B0D:  BSF    0A.3
0B0E:  MOVLW  89
0B0F:  MOVWF  04
0B10:  MOVF   3B,W
0B11:  MOVWF  47
0B12:  MOVF   3A,W
0B13:  MOVWF  46
0B14:  MOVF   39,W
0B15:  MOVWF  45
0B16:  MOVF   38,W
0B17:  MOVWF  44
0B18:  MOVLW  02
0B19:  MOVWF  48
0B1A:  CALL   000
0B1B:  MOVLW  66
0B1C:  BSF    03.6
0B1D:  MOVWF  0D
0B1E:  MOVLW  00
0B1F:  MOVWF  0F
0B20:  BSF    03.0
0B21:  MOVLW  0D
0B22:  BCF    03.6
0B23:  MOVWF  44
0B24:  BCF    0A.3
0B25:  CALL   69C
0B26:  BSF    0A.3
0B27:  MOVLW  89
0B28:  MOVWF  04
0B29:  MOVF   2B,W
0B2A:  MOVWF  47
0B2B:  MOVF   2A,W
0B2C:  MOVWF  46
0B2D:  MOVF   29,W
0B2E:  MOVWF  45
0B2F:  MOVF   28,W
0B30:  MOVWF  44
0B31:  MOVLW  02
0B32:  MOVWF  48
0B33:  CALL   000
....................                delay_ms(150); 
0B34:  MOVLW  96
0B35:  MOVWF  54
0B36:  BCF    0A.3
0B37:  CALL   07A
0B38:  BSF    0A.3
0B39:  INCF   42,F
0B3A:  BTFSC  03.2
0B3B:  INCF   43,F
0B3C:  GOTO   2C7
....................             } 
....................          } 
....................       } 
0B3D:  GOTO   117
....................    } 
.................... } 
0B3E:  SLEEP

Configuration Fuses:
   Word  1: 3F32   HS NOWDT PUT NOBROWNOUT NOLVP NOCPD NOWRT NODEBUG NOPROTECT
