
ROM used:   1269/8192 (15%)
            1269/8192 (15%) including unused fragments

            0.9 Average locations per line
            5.5 Average locations per statement

RAM used:   22/368 (6%) at main() level
            53/368 (14%) worst case

Stack used: 6 worst case (6 in main + 0 for interrupts)
Stack size: 8

Lines Stmts  %   Files
----- ----- ---  -----
  111    64  28  Practica2F.c
  708     0   0  ..\..\..\..\..\..\Program Files (x86)\PICC\Devices\16F877a.h
  350    67  29  ..\..\..\..\..\..\Program Files (x86)\PICC\Drivers\lcd_d.c
  150    43  19  ..\..\..\..\..\..\Program Files (x86)\PICC\Drivers\kbd4x4_b.c
   99    58  25  ..\..\..\..\..\..\Program Files (x86)\PICC\Drivers\getNum16.c
----- -----
 1418   232 Total

Page ROM  %  RAM    Vol Diff  Functions:
---- --- --- ---    --- ----  ----------
0     20   2    1             @delay_ms1
0      8   1    0             @const711
 Inline         3    587  6.0  lcd_read_byte
0      6   0    0     59  4.2  lcd_read_nibble
0     15   1    1    172  3.4  lcd_send_nibble
0     61   5    3    317  4.3  lcd_send_byte
0     48   4    2    624  5.8  lcd_init
0     18   1    4    186  5.5  lcd_gotoxy
0     36   3    1    272  4.1  lcd_putc
0     20   2    0    624  5.8  @const736
0      3   0    0      3  0.0  kbd_init
0    105   8    3   5853 10.1  kbd_getc
0      8   1    0    226  3.8  @goto57249
 Inline         7    155  5.0  pow
0     42   3   13             @MUL3232
 Inline         1     90  3.1  read_key
0    214  17   15   1660 12.1  get_num_lcd
0      3   0    0             @const767
0     86   7    4             @PSTRINGC7_728
0     16   1    0             @const782
0     16   1    0             @const783
0    448  35   10   2447 11.9  MAIN
0     10   1    0             @const790
0     10   1    0    272  5.0  @const791
0     21   2    5    272  5.0  @MUL1616
0      9   1    0    714  6.1  @const796
0      9   1    0             @const797
0      8   1    0             @const798
0      9   1    0             @const799
0      8   1    0             @const801
0      8   1    0             @const802
 Inline         0             @cinit1

Program metrics:
    Functions               18
    Statements              232
    Comments                247
    Volume (V)              21605
    Difficulty (D)          101.3
    Effort to implement (E) 2189199
    Time to implement (T)   33 hours, 47 minutes
    Est Delivered Bugs (B)  6
    Cyclomatic Complexity   51
    Maintainability (MI)    66

 Segment     Used  Free
-----------  ----  ----
00000-00003     4  0  
00004-007FF  1265  779  
00800-00FFF     0  2048  
01000-017FF     0  2048  
01800-01FFF     0  2048  



