
ROM used:   81/8192 (1%)
            81/8192 (1%) including unused fragments

            0.1 Average locations per line
            10.1 Average locations per statement

RAM used:   12/368 (3%) at main() level
            12/368 (3%) worst case

Stack used: 1 worst case (0 in main + 1 for interrupts)
Stack size: 8

Lines Stmts  %   Files
----- ----- ---  -----
   35     8 100  Generador_frecuencia.c
  671     0   0  ..\..\..\..\Escritorio\PICC\Devices\16F877a.h
----- -----
  706     8 Total

Page ROM  %  RAM   Vol Diff  Functions:
---- --- --- ---   --- ----  ----------
0     11  14    0    32  1.0  timer0_interruption
0     23  28    0    98  2.1  MAIN
 Inline         0             @cinit1

Program metrics:
    Functions               2
    Statements              8
    Comments                125
    Volume (V)              162
    Difficulty (D)          2.9
    Effort to implement (E) 476
    Time to implement (T)   0 minutes
    Est Delivered Bugs (B)  0
    Cyclomatic Complexity   1
    Maintainability (MI)    110

 Segment     Used  Free
-----------  ----  ----
00000-00003     4  0  
00004-0002E    43  0  
0002F-007FF    34  1967  
00800-00FFF     0  2048  
01000-017FF     0  2048  
01800-01FFF     0  2048  



