
ROM used:   779/8192 (10%)
            779/8192 (10%) including unused fragments

            0.6 Average locations per line
            4.3 Average locations per statement

RAM used:   14/368 (4%) at main() level
            48/368 (13%) worst case

Stack used: 5 worst case (5 in main + 0 for interrupts)
Stack size: 8

Lines Stmts  %   Files
----- ----- ---  -----
   52    15   8  Examen_U2.c
  708     0   0  ..\..\..\..\..\..\Program Files (x86)\PICC\Devices\16F877a.h
  350    67  37  ..\..\..\..\..\..\Program Files (x86)\PICC\Drivers\lcd_d.c
  150    43  23  ..\..\..\..\..\..\Program Files (x86)\PICC\Drivers\kbd4x4_b.c
   99    58  32  ..\..\..\..\..\..\Program Files (x86)\PICC\Drivers\getNum16.c
----- -----
 1359   183 Total

Page ROM  %  RAM    Vol Diff  Functions:
---- --- --- ---    --- ----  ----------
0     20   3    1             @delay_ms1
0      8   1    0             @const711
 Inline         3    587  6.0  lcd_read_byte
0      6   1    0     59  4.2  lcd_read_nibble
0     15   2    1    172  3.4  lcd_send_nibble
0     61   8    3    317  4.3  lcd_send_byte
0     48   6    2    624  5.8  lcd_init
0     18   2    4    186  5.5  lcd_gotoxy
0     36   5    1    272  4.1  lcd_putc
0     20   3    0    155  5.0  @const736
0      3   0    0      3  0.0  kbd_init
0    105  13    3   5853 10.1  kbd_getc
0      8   1    0   1660 12.1  @goto10671
 Inline         7    155  5.0  pow
0     42   5   13             @MUL3232
 Inline         1     90  3.1  read_key
0    216  28   15   1660 12.1  get_num_lcd
0      3   0    0             @const767
0     86  11    4     32  1.0  @PSTRINGC7_728
0     11   1    0     32  1.0  paro
0      9   1    0    170  2.5  @const785
0      8   1    0    185  4.7  @const786
0     43   6    2    143  2.1  MAIN
0      9   1    0     50  1.1  @const792
 Inline         0    143  2.1  @cinit1

Program metrics:
    Functions               21
    Statements              183
    Comments                247
    Volume (V)              18622
    Difficulty (D)          96.9
    Effort to implement (E) 1804345
    Time to implement (T)   27 hours, 51 minutes
    Est Delivered Bugs (B)  5
    Cyclomatic Complexity   37
    Maintainability (MI)    59

 Segment     Used  Free
-----------  ----  ----
00000-00003     4  0  
00004-007FF   775  1269  
00800-00FFF     0  2048  
01000-017FF     0  2048  
01800-01FFF     0  2048  



