CCS PCM C Compiler, Version 5.112, 29001               27-mar.-23 19:40

               Filename:   C:\Users\strop\OneDrive\Documentos\GitHub\Microcontroladores\Examen\Examen_U2.lst

               ROM used:   986 words (12%)
                           Largest free fragment is 2048
               RAM used:   14 (4%) at main() level
                           48 (13%) worst case
               Stack used: 4 locations
               Stack size: 8

*
0000:  MOVLW  03
0001:  MOVWF  0A
0002:  GOTO   39A
0003:  NOP
.................... //-. Motor DC .-
.................... 
.................... #include <16F877a.h>
.................... //////////// Standard Header file for the PIC16F877A device ////////////////
.................... ///////////////////////////////////////////////////////////////////////////
.................... ////        (C) Copyright 1996, 2020 Custom Computer Services          ////
.................... //// This source code may only be used by licensed users of the CCS C  ////
.................... //// compiler.  This source code may only be distributed to other      ////
.................... //// licensed users of the CCS C compiler.  No other use, reproduction ////
.................... //// or distribution is permitted without written permission.          ////
.................... //// Derivative programs created using this software in object code    ////
.................... //// form are not restricted in any way.                               ////
.................... ///////////////////////////////////////////////////////////////////////////
.................... #device PIC16F877A
0004:  BCF    0A.0
0005:  BCF    0A.1
0006:  BCF    0A.2
0007:  ADDWF  02,F
0008:  RETLW  28
0009:  RETLW  0C
000A:  RETLW  01
000B:  RETLW  06
000C:  BCF    0A.0
000D:  BCF    0A.1
000E:  BCF    0A.2
000F:  ADDWF  02,F
0010:  RETLW  37
0011:  RETLW  38
0012:  RETLW  39
0013:  RETLW  2F
0014:  RETLW  34
0015:  RETLW  35
0016:  RETLW  36
0017:  RETLW  2A
0018:  RETLW  31
0019:  RETLW  32
001A:  RETLW  33
001B:  RETLW  2D
001C:  RETLW  43
001D:  RETLW  30
001E:  RETLW  3D
001F:  RETLW  2B
0020:  DATA 20,10
0021:  DATA 20,10
0022:  DATA 20,00
0023:  DATA 0C,28
0024:  DATA 41,29
0025:  DATA 4F,10
0026:  DATA C4,22
0027:  DATA A0,22
0028:  DATA CD,22
0029:  DATA D2,23
002A:  DATA 45,27
002B:  DATA 00,01
002C:  DATA 0C,28
002D:  DATA D2,22
002E:  DATA D3,29
002F:  DATA A0,20
0030:  DATA CE,2C
0031:  DATA A0,25
0032:  DATA C5,2C
0033:  DATA 00,00
0034:  DATA 46,39
0035:  DATA E5,39
0036:  DATA E1,17
0037:  DATA CC,34
0038:  DATA 67,34
0039:  DATA 74,1D
003A:  DATA A0,12
003B:  DATA 33,26
003C:  DATA 75,00
*
0117:  MOVF   0B,W
0118:  MOVWF  2A
0119:  BCF    0B.7
011A:  BSF    03.5
011B:  BSF    03.6
011C:  BSF    0C.7
011D:  BSF    0C.0
011E:  NOP
011F:  NOP
0120:  BCF    03.5
0121:  BCF    03.6
0122:  BTFSC  2A.7
0123:  BSF    0B.7
0124:  BTFSC  03.0
0125:  GOTO   14E
0126:  BSF    03.6
0127:  MOVF   0C,W
0128:  ANDLW  7F
0129:  BCF    03.6
012A:  MOVWF  2A
012B:  BSF    03.6
012C:  MOVF   0D,W
012D:  BCF    03.6
012E:  MOVWF  2B
012F:  BSF    03.6
0130:  MOVF   0F,W
0131:  BCF    03.6
0132:  MOVWF  2C
0133:  MOVF   2A,W
0134:  MOVWF  38
0135:  CALL   0F3
0136:  MOVF   2B,W
0137:  BSF    03.6
0138:  MOVWF  0D
0139:  BCF    03.6
013A:  MOVF   2C,W
013B:  BSF    03.6
013C:  MOVWF  0F
013D:  BCF    03.6
013E:  MOVF   0B,W
013F:  MOVWF  2D
0140:  BCF    0B.7
0141:  BSF    03.5
0142:  BSF    03.6
0143:  BSF    0C.7
0144:  BSF    0C.0
0145:  NOP
0146:  NOP
0147:  BCF    03.5
0148:  BCF    03.6
0149:  BTFSC  2D.7
014A:  BSF    0B.7
014B:  DECFSZ 29,F
014C:  GOTO   14E
014D:  GOTO   16D
014E:  BSF    03.6
014F:  RLF    0C,W
0150:  RLF    0E,W
0151:  ANDLW  7F
0152:  BCF    03.6
0153:  MOVWF  2A
0154:  BSF    03.6
0155:  MOVF   0D,W
0156:  BCF    03.6
0157:  MOVWF  2B
0158:  BSF    03.6
0159:  MOVF   0F,W
015A:  BCF    03.6
015B:  MOVWF  2C
015C:  MOVF   2A,W
015D:  MOVWF  38
015E:  CALL   0F3
015F:  MOVF   2B,W
0160:  BSF    03.6
0161:  MOVWF  0D
0162:  BCF    03.6
0163:  MOVF   2C,W
0164:  BSF    03.6
0165:  MOVWF  0F
0166:  INCF   0D,F
0167:  BTFSC  03.2
0168:  INCF   0F,F
0169:  BCF    03.0
016A:  BCF    03.6
016B:  DECFSZ 29,F
016C:  GOTO   117
016D:  BCF    0A.3
016E:  BCF    0A.4
016F:  GOTO   3BE (RETURN)
0170:  CLRF   31
0171:  MOVF   04,W
0172:  MOVWF  30
0173:  BCF    31.0
0174:  BTFSC  03.7
0175:  BSF    31.0
0176:  SWAPF  2A,W
0177:  IORLW  F0
0178:  MOVWF  2C
0179:  ADDWF  2C,F
017A:  ADDLW  E2
017B:  MOVWF  2D
017C:  ADDLW  32
017D:  MOVWF  2F
017E:  MOVF   2A,W
017F:  ANDLW  0F
0180:  ADDWF  2D,F
0181:  ADDWF  2D,F
0182:  ADDWF  2F,F
0183:  ADDLW  E9
0184:  MOVWF  2E
0185:  ADDWF  2E,F
0186:  ADDWF  2E,F
0187:  SWAPF  29,W
0188:  ANDLW  0F
0189:  ADDWF  2E,F
018A:  ADDWF  2F,F
018B:  RLF    2E,F
018C:  RLF    2F,F
018D:  COMF   2F,F
018E:  RLF    2F,F
018F:  MOVF   29,W
0190:  ANDLW  0F
0191:  ADDWF  2F,F
0192:  RLF    2C,F
0193:  MOVLW  07
0194:  MOVWF  2B
0195:  MOVLW  0A
0196:  ADDWF  2F,F
0197:  DECF   2E,F
0198:  BTFSS  03.0
0199:  GOTO   196
019A:  ADDWF  2E,F
019B:  DECF   2D,F
019C:  BTFSS  03.0
019D:  GOTO   19A
019E:  ADDWF  2D,F
019F:  DECF   2C,F
01A0:  BTFSS  03.0
01A1:  GOTO   19E
01A2:  ADDWF  2C,F
01A3:  DECF   2B,F
01A4:  BTFSS  03.0
01A5:  GOTO   1A2
01A6:  MOVLW  2B
01A7:  MOVWF  04
01A8:  BCF    03.7
01A9:  MOVLW  07
01AA:  ANDWF  30,W
01AB:  BCF    30.6
01AC:  ADDWF  04,F
01AD:  MOVLW  2F
01AE:  SUBWF  04,W
01AF:  BTFSC  03.2
01B0:  BSF    30.6
01B1:  MOVF   00,W
01B2:  MOVWF  77
01B3:  BTFSS  03.2
01B4:  GOTO   1BD
01B5:  BTFSC  30.6
01B6:  GOTO   1BD
01B7:  BTFSC  30.4
01B8:  GOTO   1CF
01B9:  BTFSC  30.3
01BA:  GOTO   1BD
01BB:  MOVLW  20
01BC:  GOTO   1C0
01BD:  BSF    30.3
01BE:  BCF    30.4
01BF:  MOVLW  30
01C0:  ADDWF  77,F
01C1:  CLRF   2A
01C2:  MOVF   04,W
01C3:  MOVWF  29
01C4:  BCF    2A.0
01C5:  BTFSC  03.7
01C6:  BSF    2A.0
01C7:  MOVF   77,W
01C8:  MOVWF  38
01C9:  CALL   0F3
01CA:  MOVF   29,W
01CB:  MOVWF  04
01CC:  BCF    03.7
01CD:  BTFSC  2A.0
01CE:  BSF    03.7
01CF:  INCF   04,F
01D0:  BTFSS  30.6
01D1:  GOTO   1AD
01D2:  BCF    0A.3
01D3:  BCF    0A.4
01D4:  GOTO   3C5 (RETURN)
*
023E:  BCF    0A.0
023F:  BSF    0A.1
0240:  BCF    0A.2
0241:  ADDWF  02,F
0242:  GOTO   1E1
0243:  GOTO   1E7
0244:  GOTO   1ED
0245:  GOTO   1F3
0246:  MOVLW  20
0247:  MOVWF  4A
0248:  CLRF   46
0249:  CLRF   47
024A:  CLRF   48
024B:  CLRF   49
024C:  MOVF   41,W
024D:  MOVWF  7A
024E:  MOVF   40,W
024F:  MOVWF  79
0250:  MOVF   3F,W
0251:  MOVWF  78
0252:  MOVF   3E,W
0253:  MOVWF  77
0254:  BCF    03.0
0255:  BTFSS  77.0
0256:  GOTO   265
0257:  MOVF   42,W
0258:  ADDWF  46,F
0259:  MOVF   43,W
025A:  BTFSC  03.0
025B:  INCFSZ 43,W
025C:  ADDWF  47,F
025D:  MOVF   44,W
025E:  BTFSC  03.0
025F:  INCFSZ 44,W
0260:  ADDWF  48,F
0261:  MOVF   45,W
0262:  BTFSC  03.0
0263:  INCFSZ 45,W
0264:  ADDWF  49,F
0265:  RRF    49,F
0266:  RRF    48,F
0267:  RRF    47,F
0268:  RRF    46,F
0269:  RRF    7A,F
026A:  RRF    79,F
026B:  RRF    78,F
026C:  RRF    77,F
026D:  DECFSZ 4A,F
026E:  GOTO   254
026F:  RETURN
*
02CE:  BCF    03.6
02CF:  MOVF   0B,W
02D0:  MOVWF  35
02D1:  BCF    0B.7
02D2:  BSF    03.5
02D3:  BSF    03.6
02D4:  BSF    0C.7
02D5:  BSF    0C.0
02D6:  NOP
02D7:  NOP
02D8:  BCF    03.5
02D9:  BCF    03.6
02DA:  BTFSC  35.7
02DB:  BSF    0B.7
02DC:  BSF    03.6
02DD:  MOVF   0C,W
02DE:  ANDLW  7F
02DF:  BTFSC  03.2
02E0:  GOTO   321
02E1:  BCF    03.6
02E2:  MOVWF  35
02E3:  BSF    03.6
02E4:  MOVF   0D,W
02E5:  BCF    03.6
02E6:  MOVWF  36
02E7:  BSF    03.6
02E8:  MOVF   0F,W
02E9:  BCF    03.6
02EA:  MOVWF  37
02EB:  MOVF   35,W
02EC:  MOVWF  38
02ED:  CALL   0F3
02EE:  MOVF   36,W
02EF:  BSF    03.6
02F0:  MOVWF  0D
02F1:  BCF    03.6
02F2:  MOVF   37,W
02F3:  BSF    03.6
02F4:  MOVWF  0F
02F5:  BCF    03.6
02F6:  MOVF   0B,W
02F7:  MOVWF  38
02F8:  BCF    0B.7
02F9:  BSF    03.5
02FA:  BSF    03.6
02FB:  BSF    0C.7
02FC:  BSF    0C.0
02FD:  NOP
02FE:  NOP
02FF:  BCF    03.5
0300:  BCF    03.6
0301:  BTFSC  38.7
0302:  BSF    0B.7
0303:  BSF    03.6
0304:  RLF    0C,W
0305:  RLF    0E,W
0306:  ANDLW  7F
0307:  BTFSC  03.2
0308:  GOTO   321
0309:  BCF    03.6
030A:  MOVWF  35
030B:  BSF    03.6
030C:  MOVF   0D,W
030D:  BCF    03.6
030E:  MOVWF  36
030F:  BSF    03.6
0310:  MOVF   0F,W
0311:  BCF    03.6
0312:  MOVWF  37
0313:  MOVF   35,W
0314:  MOVWF  38
0315:  CALL   0F3
0316:  MOVF   36,W
0317:  BSF    03.6
0318:  MOVWF  0D
0319:  BCF    03.6
031A:  MOVF   37,W
031B:  BSF    03.6
031C:  MOVWF  0F
031D:  INCF   0D,F
031E:  BTFSC  03.2
031F:  INCF   0F,F
0320:  GOTO   2CE
.................... 
.................... #list
.................... 
.................... #device ADC = 10
.................... #use delay(crystal = 20000000)
*
003D:  MOVLW  39
003E:  MOVWF  04
003F:  BCF    03.7
0040:  MOVF   00,W
0041:  BTFSC  03.2
0042:  GOTO   050
0043:  MOVLW  06
0044:  MOVWF  78
0045:  CLRF   77
0046:  DECFSZ 77,F
0047:  GOTO   046
0048:  DECFSZ 78,F
0049:  GOTO   045
004A:  MOVLW  7B
004B:  MOVWF  77
004C:  DECFSZ 77,F
004D:  GOTO   04C
004E:  DECFSZ 00,F
004F:  GOTO   043
0050:  RETURN
.................... #FUSES NOWDT, NOBROWNOUT, NOLVP, HS
.................... 
.................... #include <lcd_c.c>
.................... ///////////////////////////////////////////////////////////////////////////////
.................... ////                             LCD.C                                     ////
.................... ////                 Driver for common LCD modules                         ////
.................... ////                                                                       ////
.................... ////  lcd_init()   Must be called before any other function.               ////
.................... ////                                                                       ////
.................... ////  lcd_putc(c)  Will display c on the next position of the LCD.         ////
.................... ////                     The following have special meaning:               ////
.................... ////                      \f  Clear display                                ////
.................... ////                      \n  Go to start of second line                   ////
.................... ////                      \b  Move back one position                       ////
.................... ////                                                                       ////
.................... ////  lcd_gotoxy(x,y) Set write position on LCD (upper left is 1,1)        ////
.................... ////                                                                       ////
.................... ////  lcd_getc(x,y)   Returns character at position x,y on LCD             ////
.................... ////                                                                       ////
.................... ////  CONFIGURATION                                                        ////
.................... ////  The LCD can be configured in one of two ways: a.) port access or     ////
.................... ////  b.) pin access.  Port access requires the entire 7 bit interface     ////
.................... ////  connected to one GPIO port, and the data bits (D4:D7 of the LCD)     ////
.................... ////  connected to sequential pins on the GPIO.  Pin access                ////
.................... ////  has no requirements, all 7 bits of the control interface can         ////
.................... ////  can be connected to any GPIO using several ports.                    ////
.................... ////                                                                       ////
.................... ////  To use port access, #define LCD_DATA_PORT to the SFR location of     ////
.................... ////  of the GPIO port that holds the interface, -AND- edit LCD_PIN_MAP    ////
.................... ////  of this file to configure the pin order.  If you are using a         ////
.................... ////  baseline PIC (PCB), then LCD_OUTPUT_MAP and LCD_INPUT_MAP also must  ////
.................... ////  be defined.                                                          ////
.................... ////                                                                       ////
.................... ////  Example of port access:                                              ////
.................... ////     #define LCD_DATA_PORT getenv("SFR:PORTD")                         ////
.................... ////                                                                       ////
.................... ////  To use pin access, the following pins must be defined:               ////
.................... ////     LCD_ENABLE_PIN                                                    ////
.................... ////     LCD_RS_PIN                                                        ////
.................... ////     LCD_RW_PIN                                                        ////
.................... ////     LCD_DATA4                                                         ////
.................... ////     LCD_DATA5                                                         ////
.................... ////     LCD_DATA6                                                         ////
.................... ////     LCD_DATA7                                                         ////
.................... ////                                                                       ////
.................... ////  Example of pin access:                                               ////
.................... ////     #define LCD_ENABLE_PIN  PIN_E0                                    ////
.................... ////     #define LCD_RS_PIN      PIN_E1                                    ////
.................... ////     #define LCD_RW_PIN      PIN_E2                                    ////
.................... ////     #define LCD_DATA4       PIN_D4                                    ////
.................... ////     #define LCD_DATA5       PIN_D5                                    ////
.................... ////     #define LCD_DATA6       PIN_D6                                    ////
.................... ////     #define LCD_DATA7       PIN_D7                                    ////
.................... ////                                                                       ////
.................... ///////////////////////////////////////////////////////////////////////////////
.................... ////        (C) Copyright 1996,2009 Custom Computer Services           ////
.................... //// This source code may only be used by licensed users of the CCS C  ////
.................... //// compiler.  This source code may only be distributed to other      ////
.................... //// licensed users of the CCS C compiler.  No other use, reproduction ////
.................... //// or distribution is permitted without written permission.          ////
.................... //// Derivative programs created using this software in object code    ////
.................... //// form are not restricted in any way.                               ////
.................... ///////////////////////////////////////////////////////////////////////////
.................... 
.................... #define LCD_DATA_PORT      0x07     //portc    LA PUSE YO 
.................... 
.................... typedef struct  
.................... {                            // This structure is overlayed
....................    BOOLEAN enable;           // on to an I/O port to gain
....................    BOOLEAN rs;               // access to the LCD pins.
....................    BOOLEAN rw;               // The bits are allocated from
....................    BOOLEAN unused;           // low order up.  ENABLE will
....................    int     data : 4;         // be LSB pin of that port.
....................   #if defined(__PCD__)       // The port used will be LCD_DATA_PORT.
....................    int    reserved: 8;
....................   #endif
.................... } LCD_PIN_MAP;
.................... 
.................... #define use_portb_lcd TRUE
.................... 
.................... #if defined(__PCB__)
....................    // these definitions only need to be modified for baseline PICs.
....................    // all other PICs use LCD_PIN_MAP or individual LCD_xxx pin definitions.
.................... /*                                    EN, RS,   RW,   UNUSED,  DATA  */
....................  const LCD_PIN_MAP LCD_OUTPUT_MAP =  {0,  0,    0,    0,       0};
....................  const LCD_PIN_MAP LCD_INPUT_MAP =   {0,  0,    0,    0,       0xF};
.................... #endif
.................... 
.................... 
.................... 
.................... ////////////////////// END CONFIGURATION ///////////////////////////////////
.................... 
.................... #ifndef LCD_ENABLE_PIN
....................    #define lcd_output_enable(x) lcdlat.enable=x
....................    #define lcd_enable_tris()   lcdtris.enable=0
.................... #else
....................    #define lcd_output_enable(x) output_bit(LCD_ENABLE_PIN, x)
....................    #define lcd_enable_tris()  output_drive(LCD_ENABLE_PIN)
.................... #endif
.................... 
.................... #ifndef LCD_RS_PIN
....................    #define lcd_output_rs(x) lcdlat.rs=x
....................    #define lcd_rs_tris()   lcdtris.rs=0
.................... #else
....................    #define lcd_output_rs(x) output_bit(LCD_RS_PIN, x)
....................    #define lcd_rs_tris()  output_drive(LCD_RS_PIN)
.................... #endif
.................... 
.................... #ifndef LCD_RW_PIN
....................    #define lcd_output_rw(x) lcdlat.rw=x
....................    #define lcd_rw_tris()   lcdtris.rw=0
.................... #else
....................    #define lcd_output_rw(x) output_bit(LCD_RW_PIN, x)
....................    #define lcd_rw_tris()  output_drive(LCD_RW_PIN)
.................... #endif
.................... 
.................... #ifndef LCD_DATA_PORT
....................    #if defined(__PCB__)
....................       #define LCD_DATA_PORT      0x06     //portb
....................       #define set_tris_lcd(x)   set_tris_b(x)
....................    #elif defined(__PCM__)
....................       #define LCD_DATA_PORT      getenv("SFR:PORTD")     //portd
....................    #elif defined(__PCH__)
....................       #define LCD_DATA_PORT      getenv("SFR:PORTD")    //portd
....................    #elif defined(__PCD__)
....................       #define LCD_DATA_PORT      getenv("SFR:PORTD")    //portd
....................    #endif   
.................... #endif
.................... 
.................... #if defined(__PCB__)
....................    LCD_PIN_MAP lcd, lcdlat;
....................    #byte lcd = LCD_DATA_PORT
....................    #byte lcdlat = LCD_DATA_PORT
.................... #elif defined(__PCM__)
....................    LCD_PIN_MAP lcd, lcdlat, lcdtris;
....................    #byte lcd = LCD_DATA_PORT
....................    #byte lcdlat = LCD_DATA_PORT
....................    #byte lcdtris = LCD_DATA_PORT+0x80
.................... #elif defined(__PCH__)
....................    LCD_PIN_MAP lcd, lcdlat, lcdtris;
....................    #byte lcd = LCD_DATA_PORT
....................    #byte lcdlat = LCD_DATA_PORT+9
....................    #byte lcdtris = LCD_DATA_PORT+0x12
.................... #elif defined(__PCD__)
....................    LCD_PIN_MAP lcd, lcdlat, lcdtris;
....................    #word lcd = LCD_DATA_PORT
....................    #word lcdlat = LCD_DATA_PORT+2
....................    #word lcdtris = LCD_DATA_PORT-0x02
.................... #endif
.................... 
.................... #ifndef LCD_TYPE
....................    #define LCD_TYPE 2           // 0=5x7, 1=5x10, 2=2 lines
.................... #endif
.................... 
.................... #ifndef LCD_LINE_TWO
....................    #define LCD_LINE_TWO 0x40    // LCD RAM address for the second line
.................... #endif
.................... 
.................... BYTE const LCD_INIT_STRING[4] = {0x20 | (lcd_type << 2), 0xc, 1, 6};
....................                              // These bytes need to be sent to the LCD
....................                              // to start it up.
.................... 
.................... // original version of this library incorrectly labeled LCD_DATA0 as LCD_DATA4,
.................... // LCD_DATA1 as LCD_DATA5, and so on.  this block of code makes the driver
.................... // compatible with any code written for the original library
.................... #if (defined(LCD_DATA0) && defined(LCD_DATA1) && defined(LCD_DATA2) && defined(LCD_DATA3) && !defined(LCD_DATA4) && !defined(LCD_DATA5) && !defined(LCD_DATA6) && !defined(LCD_DATA7))
....................    #define  LCD_DATA4    LCD_DATA0
....................    #define  LCD_DATA5    LCD_DATA1
....................    #define  LCD_DATA6    LCD_DATA2
....................    #define  LCD_DATA7    LCD_DATA3
.................... #endif
.................... 
.................... BYTE lcd_read_nibble(void);
.................... 
.................... BYTE lcd_read_byte(void)
.................... {
....................    BYTE low,high;
.................... 
....................  #if defined(__PCB__)
....................    set_tris_lcd(LCD_INPUT_MAP);
....................  #else
....................   #if (defined(LCD_DATA4) && defined(LCD_DATA5) && defined(LCD_DATA6) && defined(LCD_DATA7))
....................    output_float(LCD_DATA4);
....................    output_float(LCD_DATA5);
....................    output_float(LCD_DATA6);
....................    output_float(LCD_DATA7);
....................   #else
....................    lcdtris.data = 0xF;
*
0067:  MOVLW  0F
0068:  BSF    03.5
0069:  ANDWF  07,W
006A:  IORLW  F0
006B:  MOVWF  07
....................   #endif
....................  #endif
....................         
....................    lcd_output_rw(1);
006C:  BCF    03.5
006D:  BSF    07.2
....................    delay_cycles(1);
006E:  NOP
....................    lcd_output_enable(1);
006F:  BSF    07.0
....................    delay_cycles(1);
0070:  NOP
....................    high = lcd_read_nibble();
0071:  CALL   060
0072:  MOVF   78,W
0073:  MOVWF  40
....................       
....................    lcd_output_enable(0);
0074:  BCF    07.0
....................    delay_cycles(1);
0075:  NOP
....................    lcd_output_enable(1);
0076:  BSF    07.0
....................    delay_us(1);
0077:  GOTO   078
0078:  GOTO   079
0079:  NOP
....................    low = lcd_read_nibble();
007A:  CALL   060
007B:  MOVF   78,W
007C:  MOVWF  3F
....................       
....................    lcd_output_enable(0);
007D:  BCF    07.0
.................... 
....................  #if defined(__PCB__)
....................    set_tris_lcd(LCD_INPUT_MAP);
....................  #else
....................   #if (defined(LCD_DATA4) && defined(LCD_DATA5) && defined(LCD_DATA6) && defined(LCD_DATA7))
....................    output_drive(LCD_DATA4);
....................    output_drive(LCD_DATA5);
....................    output_drive(LCD_DATA6);
....................    output_drive(LCD_DATA7);
....................   #else
....................    lcdtris.data = 0x0;
007E:  MOVLW  0F
007F:  BSF    03.5
0080:  ANDWF  07,W
0081:  MOVWF  07
....................   #endif
....................  #endif
.................... 
....................    return( (high<<4) | low);
0082:  BCF    03.5
0083:  SWAPF  40,W
0084:  MOVWF  77
0085:  MOVLW  F0
0086:  ANDWF  77,F
0087:  MOVF   77,W
0088:  IORWF  3F,W
0089:  MOVWF  78
.................... }
.................... 
.................... BYTE lcd_read_nibble(void)
.................... {
....................   #if (defined(LCD_DATA4) && defined(LCD_DATA5) && defined(LCD_DATA6) && defined(LCD_DATA7))
....................    BYTE n = 0x00;
.................... 
....................    /* Read the data port */
....................    n |= input(LCD_DATA4);
....................    n |= input(LCD_DATA5) << 1;
....................    n |= input(LCD_DATA6) << 2;
....................    n |= input(LCD_DATA7) << 3;
....................    
....................    return(n);
....................   #else
....................    return(lcd.data);
*
0060:  MOVF   07,W
0061:  MOVWF  77
0062:  SWAPF  07,W
0063:  ANDLW  0F
0064:  MOVWF  78
....................   #endif
0065:  RETURN
.................... }
.................... 
.................... void lcd_send_nibble(BYTE n)
.................... {
....................   #if (defined(LCD_DATA4) && defined(LCD_DATA5) && defined(LCD_DATA6) && defined(LCD_DATA7))
....................    /* Write to the data port */
....................    output_bit(LCD_DATA4, BIT_TEST(n, 0));
....................    output_bit(LCD_DATA5, BIT_TEST(n, 1));
....................    output_bit(LCD_DATA6, BIT_TEST(n, 2));
....................    output_bit(LCD_DATA7, BIT_TEST(n, 3));
....................   #else      
....................    lcdlat.data = n;
*
0051:  SWAPF  40,W
0052:  ANDLW  F0
0053:  MOVWF  77
0054:  MOVLW  0F
0055:  ANDWF  07,W
0056:  IORWF  77,W
0057:  MOVWF  07
....................   #endif
....................       
....................    delay_cycles(1);
0058:  NOP
....................    lcd_output_enable(1);
0059:  BSF    07.0
....................    delay_us(2);
005A:  MOVLW  03
005B:  MOVWF  77
005C:  DECFSZ 77,F
005D:  GOTO   05C
....................    lcd_output_enable(0);
005E:  BCF    07.0
005F:  RETURN
.................... }
.................... 
.................... void lcd_send_byte(BYTE address, BYTE n)
.................... {
....................    lcd_output_rs(0);
*
0066:  BCF    07.1
....................    while ( bit_test(lcd_read_byte(),7) ) ;
*
008A:  MOVF   78,W
008B:  MOVWF  3F
008C:  BTFSC  3F.7
008D:  GOTO   067
....................    lcd_output_rs(address);
008E:  BTFSS  3D.0
008F:  BCF    07.1
0090:  BTFSC  3D.0
0091:  BSF    07.1
....................    delay_cycles(1);
0092:  NOP
....................    lcd_output_rw(0);
0093:  BCF    07.2
....................    delay_cycles(1);
0094:  NOP
....................    lcd_output_enable(0);
0095:  BCF    07.0
....................    lcd_send_nibble(n >> 4);
0096:  SWAPF  3E,W
0097:  MOVWF  3F
0098:  MOVLW  0F
0099:  ANDWF  3F,F
009A:  MOVF   3F,W
009B:  MOVWF  40
009C:  CALL   051
....................    lcd_send_nibble(n & 0xf);
009D:  MOVF   3E,W
009E:  ANDLW  0F
009F:  MOVWF  3F
00A0:  MOVWF  40
00A1:  CALL   051
00A2:  RETURN
.................... }
.................... 
.................... void lcd_init(void) 
.................... {
....................    BYTE i;
.................... 
....................  #if defined(__PCB__)
....................    set_tris_lcd(LCD_OUTPUT_MAP);
....................  #else
....................   #if (defined(LCD_DATA4) && defined(LCD_DATA5) && defined(LCD_DATA6) && defined(LCD_DATA7))
....................    output_drive(LCD_DATA4);
....................    output_drive(LCD_DATA5);
....................    output_drive(LCD_DATA6);
....................    output_drive(LCD_DATA7);
....................   #else
....................    lcdtris.data = 0x0;
00A3:  MOVLW  0F
00A4:  BSF    03.5
00A5:  ANDWF  07,W
00A6:  MOVWF  07
....................   #endif
....................    lcd_enable_tris();
00A7:  BCF    07.0
....................    lcd_rs_tris();
00A8:  BCF    07.1
....................    lcd_rw_tris();
00A9:  BCF    07.2
....................  #endif
.................... 
....................    lcd_output_rs(0);
00AA:  BCF    03.5
00AB:  BCF    07.1
....................    lcd_output_rw(0);
00AC:  BCF    07.2
....................    lcd_output_enable(0);
00AD:  BCF    07.0
....................     
....................    delay_ms(15);
00AE:  MOVLW  0F
00AF:  MOVWF  39
00B0:  CALL   03D
....................    for(i=1;i<=3;++i)
00B1:  MOVLW  01
00B2:  MOVWF  29
00B3:  MOVF   29,W
00B4:  SUBLW  03
00B5:  BTFSS  03.0
00B6:  GOTO   0BF
....................    {
....................        lcd_send_nibble(3);
00B7:  MOVLW  03
00B8:  MOVWF  40
00B9:  CALL   051
....................        delay_ms(5);
00BA:  MOVLW  05
00BB:  MOVWF  39
00BC:  CALL   03D
00BD:  INCF   29,F
00BE:  GOTO   0B3
....................    }
....................     
....................    lcd_send_nibble(2);
00BF:  MOVLW  02
00C0:  MOVWF  40
00C1:  CALL   051
....................    for(i=0;i<=3;++i)
00C2:  CLRF   29
00C3:  MOVF   29,W
00C4:  SUBLW  03
00C5:  BTFSS  03.0
00C6:  GOTO   0D0
....................       lcd_send_byte(0,LCD_INIT_STRING[i]);
00C7:  MOVF   29,W
00C8:  CALL   004
00C9:  MOVWF  2A
00CA:  CLRF   3D
00CB:  MOVF   2A,W
00CC:  MOVWF  3E
00CD:  CALL   066
00CE:  INCF   29,F
00CF:  GOTO   0C3
00D0:  BCF    0A.3
00D1:  BCF    0A.4
00D2:  GOTO   3AF (RETURN)
.................... }
.................... 
.................... void lcd_gotoxy(BYTE x, BYTE y)
.................... {
....................    BYTE address;
.................... 
....................    if(y!=1)
*
00E1:  DECFSZ 3A,W
00E2:  GOTO   0E4
00E3:  GOTO   0E7
....................       address=LCD_LINE_TWO;
00E4:  MOVLW  40
00E5:  MOVWF  3B
00E6:  GOTO   0E8
....................    else
....................       address=0;
00E7:  CLRF   3B
....................      
....................    address+=x-1;
00E8:  MOVLW  01
00E9:  SUBWF  39,W
00EA:  ADDWF  3B,F
....................    lcd_send_byte(0,0x80|address);
00EB:  MOVF   3B,W
00EC:  IORLW  80
00ED:  MOVWF  3C
00EE:  CLRF   3D
00EF:  MOVF   3C,W
00F0:  MOVWF  3E
00F1:  CALL   066
00F2:  RETURN
.................... }
.................... 
.................... void lcd_putc(char c)
.................... {
....................    switch (c)
00F3:  MOVF   38,W
00F4:  XORLW  0C
00F5:  BTFSC  03.2
00F6:  GOTO   0FE
00F7:  XORLW  06
00F8:  BTFSC  03.2
00F9:  GOTO   106
00FA:  XORLW  02
00FB:  BTFSC  03.2
00FC:  GOTO   10C
00FD:  GOTO   111
....................    {
....................       case '\f'   :  lcd_send_byte(0,1);
00FE:  CLRF   3D
00FF:  MOVLW  01
0100:  MOVWF  3E
0101:  CALL   066
....................                      delay_ms(2);
0102:  MOVLW  02
0103:  MOVWF  39
0104:  CALL   03D
....................                      break;
0105:  GOTO   116
....................                      
....................       case '\n'   : lcd_gotoxy(1,2);        break;
0106:  MOVLW  01
0107:  MOVWF  39
0108:  MOVLW  02
0109:  MOVWF  3A
010A:  CALL   0E1
010B:  GOTO   116
....................      
....................       case '\b'   : lcd_send_byte(0,0x10);  break;
010C:  CLRF   3D
010D:  MOVLW  10
010E:  MOVWF  3E
010F:  CALL   066
0110:  GOTO   116
....................      
....................       default     : lcd_send_byte(1,c);     break;
0111:  MOVLW  01
0112:  MOVWF  3D
0113:  MOVF   38,W
0114:  MOVWF  3E
0115:  CALL   066
....................    }
0116:  RETURN
.................... }
....................  
.................... char lcd_getc(BYTE x, BYTE y)
.................... {
....................    char value;
.................... 
....................    lcd_gotoxy(x,y);
....................    while ( bit_test(lcd_read_byte(),7) ); // wait until busy flag is low
....................    lcd_output_rs(1);
....................    value = lcd_read_byte();
....................    lcd_output_rs(0);
....................    
....................    return(value);
.................... }
.................... 
.................... #include <kbd4x4_d.c>
.................... ///////////////////////////////////////////////////////////////////////////
.................... ////                             KBD4x4_1.C                                ////
.................... ////                  Generic keypad scan driver                       ////
.................... ////                                                                   ////
.................... ////  kbd_init()   Must be called before any other function.           ////
.................... ////                                                                   ////
.................... ////  c = kbd_getc(c)  Will return a key value if pressed or /0 if not ////
.................... ////                   This function should be called frequently so as ////
.................... ////                   not to miss a key press.                        ////
.................... ////                                                                   ////
.................... ///////////////////////////////////////////////////////////////////////////
.................... ////        (C) Copyright 1996,2003 Custom Computer Services           ////
.................... //// This source code may only be used by licensed users of the CCS C  ////
.................... //// compiler.  This source code may only be distributed to other      ////
.................... //// licensed users of the CCS C compiler.  No other use, reproduction ////
.................... //// or distribution is permitted without written permission.          ////
.................... //// Derivative programs created using this software in object code    ////
.................... //// form are not restricted in any way.                               ////
.................... ///////////////////////////////////////////////////////////////////////////
.................... 
.................... ////////////////// The following defines the keypad layout on port D
.................... 
.................... // Un-comment the following define to use port B
.................... //#define use_portb_kbd TRUE
.................... 
.................... // Make sure the port used has pull-up resistors (or the LCD) on
.................... // the column pins
.................... 
.................... 
.................... #if defined(__PCH__)
.................... #if defined use_portb_kbd
....................    #byte kbd = 0xF81                   // This puts the entire structure
.................... #else
....................    #byte kbd = 0xF83                   // This puts the entire structure
.................... #endif
.................... #else
.................... #if defined use_portb_kbd
....................    #byte kbd = 6                  // on to port B (at address 6)
.................... #else
....................    #byte kbd = 8                 // on to port D (at address 8)
.................... #endif
.................... #endif
.................... 
.................... #if defined use_portb_kbd
....................    #define set_tris_kbd(x) set_tris_b(x)
.................... #else
....................    #define set_tris_kbd(x) set_tris_d(x)
.................... #endif
.................... 
.................... 
.................... 
.................... //Keypad connection:   (for example column 0 is B2)
.................... //                Bx:
.................... 
.................... #ifdef blue_keypad  ///////////////////////////////////// For the blue keypad
.................... #define COL0 (1 << 2)
.................... #define COL1 (1 << 3)
.................... #define COL2 (1 << 6)
.................... 
.................... #define ROW0 (1 << 4)
.................... #define ROW1 (1 << 7)
.................... #define ROW2 (1 << 1)
.................... #define ROW3 (1 << 5)
.................... 
.................... #else ////////////////////////////////////////////////// For the black keypad
.................... #define COL0 (1 << 4)
.................... #define COL1 (1 << 5)
.................... #define COL2 (1 << 6)
.................... #define COL3 (1 << 7)
.................... 
.................... #define ROW0 (1 << 0)
.................... #define ROW1 (1 << 1)
.................... #define ROW2 (1 << 2)
.................... #define ROW3 (1 << 3)
.................... 
.................... #endif
.................... 
.................... #define ALL_ROWS (ROW0|ROW1|ROW2|ROW3)
.................... #define ALL_PINS (ALL_ROWS|COL0|COL1|COL2|COL3)
.................... 
.................... // Keypad layout:
.................... char const KEYS[4][4] = {{'7','8','9','/'},
....................                          {'4','5','6','*'},
....................                          {'1','2','3','-'},
....................                          {'C','0','=','+'}};
.................... 
.................... #define KBD_DEBOUNCE_FACTOR 33    // Set this number to apx n/333 where
....................                                   // n is the number of times you expect
....................                                   // to call kbd_getc each second
.................... 
.................... 
.................... void kbd_init() {
*
00D3:  BCF    0A.3
00D4:  BCF    0A.4
00D5:  GOTO   3B0 (RETURN)
.................... }
.................... 
.................... char kbd_getc( ) {
....................    static BYTE kbd_call_count;
*
03A9:  BCF    03.5
03AA:  CLRF   20
....................    static int1 kbd_down;
03AB:  BCF    21.0
....................    static char last_key;
03AC:  CLRF   22
....................    static BYTE col;
03AD:  CLRF   23
.................... 
....................    BYTE kchar;
....................    BYTE row;
.................... 
....................    kchar='\0';
*
01D5:  CLRF   36
....................    if(++kbd_call_count>KBD_DEBOUNCE_FACTOR) {
01D6:  INCF   20,F
01D7:  MOVF   20,W
01D8:  SUBLW  21
01D9:  BTFSC  03.0
01DA:  GOTO   235
....................        switch (col) {
01DB:  MOVF   23,W
01DC:  ADDLW  FC
01DD:  BTFSC  03.0
01DE:  GOTO   1F8
01DF:  ADDLW  04
01E0:  GOTO   23E
....................          case 0   : set_tris_kbd(ALL_PINS&~COL0);
01E1:  MOVLW  EF
01E2:  BSF    03.5
01E3:  MOVWF  08
....................                     kbd=~COL0&ALL_PINS;
01E4:  BCF    03.5
01E5:  MOVWF  08
....................                     break;
01E6:  GOTO   1F8
....................          case 1   : set_tris_kbd(ALL_PINS&~COL1);
01E7:  MOVLW  DF
01E8:  BSF    03.5
01E9:  MOVWF  08
....................                     kbd=~COL1&ALL_PINS;
01EA:  BCF    03.5
01EB:  MOVWF  08
....................                     break;
01EC:  GOTO   1F8
....................          case 2   : set_tris_kbd(ALL_PINS&~COL2);
01ED:  MOVLW  BF
01EE:  BSF    03.5
01EF:  MOVWF  08
....................                     kbd=~COL2&ALL_PINS;
01F0:  BCF    03.5
01F1:  MOVWF  08
....................                     break;
01F2:  GOTO   1F8
....................          case 3   : set_tris_kbd(ALL_PINS&~COL3);
01F3:  MOVLW  7F
01F4:  BSF    03.5
01F5:  MOVWF  08
....................                     kbd=~COL3&ALL_PINS;
01F6:  BCF    03.5
01F7:  MOVWF  08
....................                     break;
....................        }
.................... 
....................        if(kbd_down) {
01F8:  BTFSS  21.0
01F9:  GOTO   204
....................          if((kbd & (ALL_ROWS))==(ALL_ROWS)) {
01FA:  MOVF   08,W
01FB:  ANDLW  0F
01FC:  SUBLW  0F
01FD:  BTFSS  03.2
01FE:  GOTO   203
....................            kbd_down=FALSE;
01FF:  BCF    21.0
....................            kchar=last_key;
0200:  MOVF   22,W
0201:  MOVWF  36
....................            last_key='\0';
0202:  CLRF   22
....................          }
....................        } else {
0203:  GOTO   234
....................           if((kbd & (ALL_ROWS))!=(ALL_ROWS)) {
0204:  MOVF   08,W
0205:  ANDLW  0F
0206:  SUBLW  0F
0207:  BTFSC  03.2
0208:  GOTO   22F
....................              if((kbd & ROW0)==0)
0209:  MOVF   08,W
020A:  ANDLW  01
020B:  BTFSS  03.2
020C:  GOTO   20F
....................                row=0;
020D:  CLRF   37
020E:  GOTO   223
....................              else if((kbd & ROW1)==0)
020F:  MOVF   08,W
0210:  ANDLW  02
0211:  BTFSS  03.2
0212:  GOTO   216
....................                row=1;
0213:  MOVLW  01
0214:  MOVWF  37
0215:  GOTO   223
....................              else if((kbd & ROW2)==0)
0216:  MOVF   08,W
0217:  ANDLW  04
0218:  BTFSS  03.2
0219:  GOTO   21D
....................                row=2;
021A:  MOVLW  02
021B:  MOVWF  37
021C:  GOTO   223
....................              else if((kbd & ROW3)==0)
021D:  MOVF   08,W
021E:  ANDLW  08
021F:  BTFSS  03.2
0220:  GOTO   223
....................                row=3;
0221:  MOVLW  03
0222:  MOVWF  37
....................              last_key =KEYS[row][col];
0223:  RLF    37,W
0224:  MOVWF  77
0225:  RLF    77,F
0226:  MOVLW  FC
0227:  ANDWF  77,F
0228:  MOVF   77,W
0229:  ADDWF  23,W
022A:  CALL   00C
022B:  MOVWF  78
022C:  MOVWF  22
....................              kbd_down = TRUE;
022D:  BSF    21.0
....................           } else {
022E:  GOTO   234
....................              ++col;
022F:  INCF   23,F
....................              if(col==4)
0230:  MOVF   23,W
0231:  SUBLW  04
0232:  BTFSC  03.2
....................                col=0;
0233:  CLRF   23
....................           }
....................        }
....................       kbd_call_count=0;
0234:  CLRF   20
....................    }
....................   set_tris_kbd(ALL_PINS);
0235:  MOVLW  FF
0236:  BSF    03.5
0237:  MOVWF  08
....................   return(kchar);
0238:  BCF    03.5
0239:  MOVF   36,W
023A:  MOVWF  78
023B:  BCF    0A.3
023C:  BCF    0A.4
023D:  GOTO   27E (RETURN)
.................... }
.................... 
.................... #include <getNum16.c>
.................... /*
....................    ** Se requiere haber inicializado el lcd y el teclado ** 
....................    
....................    Usar como "int16 numero = get_num();" no puede borrar numeros
....................    
....................    Al usar como "int16 numero = get_num_lcd(cursor_x,cursor_y)"
....................    se pueden borrar caracteres con '-' y con 'C'
....................       
....................    Por Angel Primitivo Vejar Cortés 2022 | angel-primi@hotmail.com
.................... */
.................... 
.................... unsigned int32 pow(int8 base, int8 power){
*
0348:  CLRF   3C
0349:  CLRF   3B
034A:  CLRF   3A
034B:  MOVLW  01
034C:  MOVWF  39
....................    int32 result = 1;
....................    for(int8 i = 0; i < power; i++){
034D:  CLRF   3D
034E:  MOVF   38,W
034F:  SUBWF  3D,W
0350:  BTFSC  03.0
0351:  GOTO   36A
....................       result *= base;
0352:  MOVF   3C,W
0353:  MOVWF  41
0354:  MOVF   3B,W
0355:  MOVWF  40
0356:  MOVF   3A,W
0357:  MOVWF  3F
0358:  MOVF   39,W
0359:  MOVWF  3E
035A:  CLRF   45
035B:  CLRF   44
035C:  CLRF   43
035D:  MOVF   37,W
035E:  MOVWF  42
035F:  CALL   246
0360:  MOVF   7A,W
0361:  MOVWF  3C
0362:  MOVF   79,W
0363:  MOVWF  3B
0364:  MOVF   78,W
0365:  MOVWF  3A
0366:  MOVF   77,W
0367:  MOVWF  39
0368:  INCF   3D,F
0369:  GOTO   34E
....................    }
....................    return result;
036A:  MOVF   39,W
036B:  MOVWF  77
036C:  MOVF   3A,W
036D:  MOVWF  78
036E:  MOVF   3B,W
036F:  MOVWF  79
0370:  MOVF   3C,W
0371:  MOVWF  7A
.................... }
.................... 
.................... char read_key(){
....................    char c;
....................    do{
....................       c=kbd_getc();
*
027D:  GOTO   1D5
027E:  MOVF   78,W
027F:  MOVWF  35
....................    }
....................    while(c=='\0'); 
0280:  MOVF   35,F
0281:  BTFSC  03.2
0282:  GOTO   27D
....................    return(c);
0283:  MOVF   35,W
0284:  MOVWF  78
.................... }
.................... 
.................... int16 get_num_lcd(int8 x, int8 y){
....................    lcd_gotoxy(x,y);
*
0270:  MOVF   29,W
0271:  MOVWF  39
0272:  MOVF   2A,W
0273:  MOVWF  3A
0274:  CALL   0E1
....................    int16 numero = 0;
....................    char cadena[5] = {0,0,0,0,0};
*
0277:  CLRF   2D
0278:  CLRF   2E
0279:  CLRF   2F
027A:  CLRF   30
027B:  CLRF   31
....................    int8 index = 0;
....................    char tecla;
*
0275:  CLRF   2C
0276:  CLRF   2B
*
027C:  CLRF   32
....................    do {
....................       tecla = read_key();
*
0285:  MOVF   78,W
0286:  MOVWF  33
....................       if((tecla >= 48) && (tecla <= 57)) 
0287:  MOVF   33,W
0288:  SUBLW  2F
0289:  BTFSC  03.0
028A:  GOTO   299
028B:  MOVF   33,W
028C:  SUBLW  39
028D:  BTFSS  03.0
028E:  GOTO   299
....................       {
....................          cadena[index] = tecla;
028F:  MOVLW  2D
0290:  ADDWF  32,W
0291:  MOVWF  04
0292:  BCF    03.7
0293:  MOVF   33,W
0294:  MOVWF  00
....................          index++;
0295:  INCF   32,F
....................          printf(lcd_putc,"%c",tecla);
0296:  MOVF   33,W
0297:  MOVWF  38
0298:  CALL   0F3
....................       }
....................       
....................       if(tecla == '-' && index > 0){
0299:  MOVF   33,W
029A:  SUBLW  2D
029B:  BTFSS  03.2
029C:  GOTO   2B7
029D:  MOVF   32,F
029E:  BTFSC  03.2
029F:  GOTO   2B7
....................          index--;
02A0:  DECF   32,F
....................          cadena[index] = 0;
02A1:  MOVLW  2D
02A2:  ADDWF  32,W
02A3:  MOVWF  04
02A4:  BCF    03.7
02A5:  CLRF   00
....................          lcd_gotoxy(x + index,y);
02A6:  MOVF   32,W
02A7:  ADDWF  29,W
02A8:  MOVWF  35
02A9:  MOVWF  39
02AA:  MOVF   2A,W
02AB:  MOVWF  3A
02AC:  CALL   0E1
....................          printf(lcd_putc," ");
02AD:  MOVLW  20
02AE:  MOVWF  38
02AF:  CALL   0F3
....................          lcd_gotoxy(x + index,y);
02B0:  MOVF   32,W
02B1:  ADDWF  29,W
02B2:  MOVWF  35
02B3:  MOVWF  39
02B4:  MOVF   2A,W
02B5:  MOVWF  3A
02B6:  CALL   0E1
....................       }
....................       
....................       if(tecla == 'C' && index > 0){
02B7:  MOVF   33,W
02B8:  SUBLW  43
02B9:  BTFSS  03.2
02BA:  GOTO   327
02BB:  MOVF   32,F
02BC:  BTFSC  03.2
02BD:  GOTO   327
....................          index=0;
02BE:  CLRF   32
....................          cadena[0] = 0;
02BF:  CLRF   2D
....................          cadena[1] = 0;
02C0:  CLRF   2E
....................          cadena[2] = 0;
02C1:  CLRF   2F
....................          cadena[3] = 0;
02C2:  CLRF   30
....................          cadena[4] = 0;
02C3:  CLRF   31
....................          lcd_gotoxy(x,y);
02C4:  MOVF   29,W
02C5:  MOVWF  39
02C6:  MOVF   2A,W
02C7:  MOVWF  3A
02C8:  CALL   0E1
....................          printf(lcd_putc,"     ");
02C9:  MOVLW  20
02CA:  BSF    03.6
02CB:  MOVWF  0D
02CC:  MOVLW  00
02CD:  MOVWF  0F
....................          lcd_gotoxy(x,y);
*
0321:  BCF    03.6
0322:  MOVF   29,W
0323:  MOVWF  39
0324:  MOVF   2A,W
0325:  MOVWF  3A
0326:  CALL   0E1
....................       }
....................       
....................       if(tecla == '=' && index > 0){
0327:  MOVF   33,W
0328:  SUBLW  3D
0329:  BTFSS  03.2
032A:  GOTO   32E
032B:  MOVF   32,F
032C:  BTFSS  03.2
....................          break;     
032D:  GOTO   332
....................       }
....................    }while(index < 5);
032E:  MOVF   32,W
032F:  SUBLW  04
0330:  BTFSC  03.0
0331:  GOTO   27D
....................    
....................    for(int8 i = 0; i < index; i++){
0332:  CLRF   34
0333:  MOVF   32,W
0334:  SUBWF  34,W
0335:  BTFSC  03.0
0336:  GOTO   393
....................       numero += (cadena[i] - 48) * (pow(10,index - 1 - i));
0337:  MOVLW  2D
0338:  ADDWF  34,W
0339:  MOVWF  04
033A:  BCF    03.7
033B:  MOVLW  30
033C:  SUBWF  00,W
033D:  MOVWF  35
033E:  MOVLW  01
033F:  SUBWF  32,W
0340:  MOVWF  78
0341:  MOVF   34,W
0342:  SUBWF  78,W
0343:  MOVWF  36
0344:  MOVLW  0A
0345:  MOVWF  37
0346:  MOVF   36,W
0347:  MOVWF  38
*
0372:  CLRF   37
0373:  MOVF   04,W
0374:  MOVWF  36
0375:  BCF    37.0
0376:  BTFSC  03.7
0377:  BSF    37.0
0378:  CLRF   41
0379:  CLRF   40
037A:  CLRF   3F
037B:  MOVF   35,W
037C:  MOVWF  3E
037D:  MOVF   7A,W
037E:  MOVWF  45
037F:  MOVF   79,W
0380:  MOVWF  44
0381:  MOVF   78,W
0382:  MOVWF  43
0383:  MOVF   77,W
0384:  MOVWF  42
0385:  CALL   246
0386:  MOVF   36,W
0387:  MOVWF  04
0388:  BCF    03.7
0389:  BTFSC  37.0
038A:  BSF    03.7
038B:  MOVF   77,W
038C:  ADDWF  2B,F
038D:  MOVF   78,W
038E:  BTFSC  03.0
038F:  INCFSZ 78,W
0390:  ADDWF  2C,F
0391:  INCF   34,F
0392:  GOTO   333
....................    }  
....................    return numero;
0393:  MOVF   2B,W
0394:  MOVWF  78
0395:  MOVF   2C,W
0396:  MOVWF  79
0397:  BCF    0A.3
0398:  BCF    0A.4
0399:  GOTO   3CA (RETURN)
.................... }
.................... 
.................... int16 get_num() {
....................    int16 numero = 0;
....................    char cadena[5] = {0,0,0,0,0};
....................    int8 index = 0;
....................    char tecla;
....................    do {
....................       tecla = read_key();
....................       if((tecla >= 48) && (tecla <= 57)) 
....................       {
....................          cadena[index] = tecla;
....................          index++;
....................          printf(lcd_putc,"%c",tecla);
....................       }
....................       
....................       if(tecla == '=' && index > 0){
....................          break;     
....................       }
....................    }while(index < 5);
....................    
....................    for(int8 i = 0; i < index; i++){
....................       numero += (cadena[i] - 48) * (pow(10,index - 1 - i));
....................    }  
....................    return numero;
.................... }
.................... 
.................... 
.................... #use STANDARD_IO(C)
.................... #use STANDARD_IO(B)
.................... #use STANDARD_IO(D)
.................... 
.................... #define M_Fresa PIN_B0
.................... #define M_Light PIN_B1
.................... #define S_Fresa PIN_B4
.................... #define S_Light PIN_B5
.................... #define boton_paro PIN_B7
.................... 
.................... void paro()
.................... {
....................    output_low(M_Fresa);
*
00D6:  BSF    03.5
00D7:  BCF    06.0
00D8:  BCF    03.5
00D9:  BCF    06.0
....................    output_low(M_Light);
00DA:  BSF    03.5
00DB:  BCF    06.1
00DC:  BCF    03.5
00DD:  BCF    06.1
00DE:  BCF    0A.3
00DF:  BCF    0A.4
00E0:  GOTO   3B1 (RETURN)
.................... }
.................... 
.................... void paro_emergencia()
.................... {
....................    paro(); // Detener motores
....................    printf(lcd_putc,"\fPARO DE EMERGEN");
....................    while(input(boton_paro) == 1){}
....................    printf(lcd_putc,"\fPRESS ANY KEY");
....................    char tecla = read_key();
.................... }
.................... 
.................... 
.................... void main()
*
039A:  MOVF   03,W
039B:  ANDLW  1F
039C:  MOVWF  03
039D:  CLRF   25
039E:  CLRF   24
039F:  MOVLW  FF
03A0:  MOVWF  26
03A1:  BSF    03.5
03A2:  BSF    1F.0
03A3:  BSF    1F.1
03A4:  BSF    1F.2
03A5:  BCF    1F.3
03A6:  MOVLW  07
03A7:  MOVWF  1C
03A8:  BCF    03.7
.................... {
....................    lcd_init();
*
03AE:  GOTO   0A3
....................    kbd_init();
03AF:  GOTO   0D3
....................    paro();
03B0:  GOTO   0D6
....................    input(boton_paro);
03B1:  BSF    03.5
03B2:  BSF    06.7
....................    int16 menu;
....................    
.................... 
....................    printf(lcd_putc,"Fresa/Light: %3Lu", menu);
03B3:  MOVLW  34
03B4:  BCF    03.5
03B5:  BSF    03.6
03B6:  MOVWF  0D
03B7:  MOVLW  00
03B8:  MOVWF  0F
03B9:  BCF    03.0
03BA:  MOVLW  0D
03BB:  BCF    03.6
03BC:  MOVWF  29
03BD:  GOTO   117
03BE:  MOVLW  02
03BF:  MOVWF  04
03C0:  MOVF   28,W
03C1:  MOVWF  2A
03C2:  MOVF   27,W
03C3:  MOVWF  29
03C4:  GOTO   170
....................    menu = get_num_lcd(9,2);
03C5:  MOVLW  09
03C6:  MOVWF  29
03C7:  MOVLW  02
03C8:  MOVWF  2A
03C9:  GOTO   270
03CA:  MOVF   79,W
03CB:  MOVWF  28
03CC:  MOVF   78,W
03CD:  MOVWF  27
....................    
....................    switch(menu)
03CE:  MOVF   27,W
03CF:  MOVWF  77
03D0:  MOVF   28,W
03D1:  MOVWF  7A
03D2:  MOVF   7A,W
03D3:  BTFSS  03.2
03D4:  GOTO   3D8
03D5:  MOVLW  01
03D6:  SUBWF  77,W
03D7:  BTFSS  03.2
03D8:  GOTO   3D9
....................    {
....................       case 1:
....................          
....................    }
.................... }
03D9:  SLEEP

Configuration Fuses:
   Word  1: 3F32   HS NOWDT PUT NOBROWNOUT NOLVP NOCPD NOWRT NODEBUG NOPROTECT
