<<<<<<< Updated upstream
CCS PCM C Compiler, Version 5.112, 29001               27-mar.-23 19:40
=======
CCS PCM C Compiler, Version 5.112, 29001               28-mar.-23 10:31
>>>>>>> Stashed changes

               Filename:   C:\Users\strop\OneDrive\Documentos\GitHub\Microcontroladores\Examen\Examen_U2.lst

<<<<<<< Updated upstream
               ROM used:   986 words (12%)
                           Largest free fragment is 2048
               RAM used:   14 (4%) at main() level
                           48 (13%) worst case
               Stack used: 4 locations
               Stack size: 8

*
0000:  MOVLW  03
0001:  MOVWF  0A
0002:  GOTO   39A
=======
               ROM used:   1195 words (15%)
                           Largest free fragment is 2048
               RAM used:   16 (4%) at main() level
                           50 (14%) worst case
               Stack used: 5 locations
               Stack size: 8

*
0000:  MOVLW  04
0001:  MOVWF  0A
0002:  GOTO   456
>>>>>>> Stashed changes
0003:  NOP
.................... //-. Motor DC .-
.................... 
.................... #include <16F877a.h>
.................... //////////// Standard Header file for the PIC16F877A device ////////////////
.................... ///////////////////////////////////////////////////////////////////////////
.................... ////        (C) Copyright 1996, 2020 Custom Computer Services          ////
.................... //// This source code may only be used by licensed users of the CCS C  ////
.................... //// compiler.  This source code may only be distributed to other      ////
.................... //// licensed users of the CCS C compiler.  No other use, reproduction ////
.................... //// or distribution is permitted without written permission.          ////
.................... //// Derivative programs created using this software in object code    ////
.................... //// form are not restricted in any way.                               ////
.................... ///////////////////////////////////////////////////////////////////////////
.................... #device PIC16F877A
0004:  BCF    0A.0
0005:  BCF    0A.1
0006:  BCF    0A.2
0007:  ADDWF  02,F
0008:  RETLW  28
0009:  RETLW  0C
000A:  RETLW  01
000B:  RETLW  06
000C:  BCF    0A.0
000D:  BCF    0A.1
000E:  BCF    0A.2
000F:  ADDWF  02,F
0010:  RETLW  37
0011:  RETLW  38
0012:  RETLW  39
0013:  RETLW  2F
0014:  RETLW  34
0015:  RETLW  35
0016:  RETLW  36
0017:  RETLW  2A
0018:  RETLW  31
0019:  RETLW  32
001A:  RETLW  33
001B:  RETLW  2D
001C:  RETLW  43
001D:  RETLW  30
001E:  RETLW  3D
001F:  RETLW  2B
0020:  DATA 20,10
0021:  DATA 20,10
0022:  DATA 20,00
<<<<<<< Updated upstream
0023:  DATA 0C,28
0024:  DATA 41,29
0025:  DATA 4F,10
0026:  DATA C4,22
0027:  DATA A0,22
0028:  DATA CD,22
0029:  DATA D2,23
002A:  DATA 45,27
002B:  DATA 00,01
002C:  DATA 0C,28
002D:  DATA D2,22
002E:  DATA D3,29
002F:  DATA A0,20
0030:  DATA CE,2C
0031:  DATA A0,25
0032:  DATA C5,2C
0033:  DATA 00,00
0034:  DATA 46,39
0035:  DATA E5,39
0036:  DATA E1,17
0037:  DATA CC,34
0038:  DATA 67,34
0039:  DATA 74,1D
003A:  DATA A0,12
003B:  DATA 33,26
003C:  DATA 75,00
*
0117:  MOVF   0B,W
0118:  MOVWF  2A
0119:  BCF    0B.7
011A:  BSF    03.5
011B:  BSF    03.6
011C:  BSF    0C.7
011D:  BSF    0C.0
011E:  NOP
011F:  NOP
0120:  BCF    03.5
0121:  BCF    03.6
0122:  BTFSC  2A.7
0123:  BSF    0B.7
0124:  BTFSC  03.0
0125:  GOTO   14E
0126:  BSF    03.6
0127:  MOVF   0C,W
0128:  ANDLW  7F
0129:  BCF    03.6
012A:  MOVWF  2A
012B:  BSF    03.6
012C:  MOVF   0D,W
012D:  BCF    03.6
012E:  MOVWF  2B
012F:  BSF    03.6
0130:  MOVF   0F,W
0131:  BCF    03.6
0132:  MOVWF  2C
0133:  MOVF   2A,W
0134:  MOVWF  38
0135:  CALL   0F3
0136:  MOVF   2B,W
0137:  BSF    03.6
0138:  MOVWF  0D
0139:  BCF    03.6
013A:  MOVF   2C,W
013B:  BSF    03.6
013C:  MOVWF  0F
013D:  BCF    03.6
013E:  MOVF   0B,W
013F:  MOVWF  2D
0140:  BCF    0B.7
0141:  BSF    03.5
0142:  BSF    03.6
0143:  BSF    0C.7
0144:  BSF    0C.0
0145:  NOP
0146:  NOP
0147:  BCF    03.5
0148:  BCF    03.6
0149:  BTFSC  2D.7
014A:  BSF    0B.7
014B:  DECFSZ 29,F
014C:  GOTO   14E
014D:  GOTO   16D
014E:  BSF    03.6
014F:  RLF    0C,W
0150:  RLF    0E,W
0151:  ANDLW  7F
0152:  BCF    03.6
0153:  MOVWF  2A
0154:  BSF    03.6
0155:  MOVF   0D,W
0156:  BCF    03.6
0157:  MOVWF  2B
0158:  BSF    03.6
0159:  MOVF   0F,W
015A:  BCF    03.6
015B:  MOVWF  2C
015C:  MOVF   2A,W
015D:  MOVWF  38
015E:  CALL   0F3
015F:  MOVF   2B,W
0160:  BSF    03.6
0161:  MOVWF  0D
0162:  BCF    03.6
0163:  MOVF   2C,W
0164:  BSF    03.6
0165:  MOVWF  0F
0166:  INCF   0D,F
0167:  BTFSC  03.2
0168:  INCF   0F,F
0169:  BCF    03.0
016A:  BCF    03.6
016B:  DECFSZ 29,F
016C:  GOTO   117
016D:  BCF    0A.3
016E:  BCF    0A.4
016F:  GOTO   3BE (RETURN)
0170:  CLRF   31
0171:  MOVF   04,W
0172:  MOVWF  30
0173:  BCF    31.0
0174:  BTFSC  03.7
0175:  BSF    31.0
0176:  SWAPF  2A,W
0177:  IORLW  F0
0178:  MOVWF  2C
0179:  ADDWF  2C,F
017A:  ADDLW  E2
017B:  MOVWF  2D
017C:  ADDLW  32
017D:  MOVWF  2F
017E:  MOVF   2A,W
017F:  ANDLW  0F
0180:  ADDWF  2D,F
0181:  ADDWF  2D,F
0182:  ADDWF  2F,F
0183:  ADDLW  E9
0184:  MOVWF  2E
0185:  ADDWF  2E,F
0186:  ADDWF  2E,F
0187:  SWAPF  29,W
0188:  ANDLW  0F
0189:  ADDWF  2E,F
018A:  ADDWF  2F,F
018B:  RLF    2E,F
018C:  RLF    2F,F
018D:  COMF   2F,F
018E:  RLF    2F,F
018F:  MOVF   29,W
0190:  ANDLW  0F
0191:  ADDWF  2F,F
0192:  RLF    2C,F
0193:  MOVLW  07
0194:  MOVWF  2B
0195:  MOVLW  0A
0196:  ADDWF  2F,F
0197:  DECF   2E,F
0198:  BTFSS  03.0
0199:  GOTO   196
019A:  ADDWF  2E,F
019B:  DECF   2D,F
019C:  BTFSS  03.0
019D:  GOTO   19A
019E:  ADDWF  2D,F
019F:  DECF   2C,F
01A0:  BTFSS  03.0
01A1:  GOTO   19E
01A2:  ADDWF  2C,F
01A3:  DECF   2B,F
01A4:  BTFSS  03.0
01A5:  GOTO   1A2
01A6:  MOVLW  2B
01A7:  MOVWF  04
01A8:  BCF    03.7
01A9:  MOVLW  07
01AA:  ANDWF  30,W
01AB:  BCF    30.6
01AC:  ADDWF  04,F
01AD:  MOVLW  2F
01AE:  SUBWF  04,W
01AF:  BTFSC  03.2
01B0:  BSF    30.6
01B1:  MOVF   00,W
01B2:  MOVWF  77
01B3:  BTFSS  03.2
01B4:  GOTO   1BD
01B5:  BTFSC  30.6
01B6:  GOTO   1BD
01B7:  BTFSC  30.4
01B8:  GOTO   1CF
01B9:  BTFSC  30.3
01BA:  GOTO   1BD
01BB:  MOVLW  20
01BC:  GOTO   1C0
01BD:  BSF    30.3
01BE:  BCF    30.4
01BF:  MOVLW  30
01C0:  ADDWF  77,F
01C1:  CLRF   2A
01C2:  MOVF   04,W
01C3:  MOVWF  29
01C4:  BCF    2A.0
01C5:  BTFSC  03.7
01C6:  BSF    2A.0
01C7:  MOVF   77,W
01C8:  MOVWF  38
01C9:  CALL   0F3
01CA:  MOVF   29,W
01CB:  MOVWF  04
01CC:  BCF    03.7
01CD:  BTFSC  2A.0
01CE:  BSF    03.7
01CF:  INCF   04,F
01D0:  BTFSS  30.6
01D1:  GOTO   1AD
01D2:  BCF    0A.3
01D3:  BCF    0A.4
01D4:  GOTO   3C5 (RETURN)
*
023E:  BCF    0A.0
023F:  BSF    0A.1
0240:  BCF    0A.2
0241:  ADDWF  02,F
0242:  GOTO   1E1
0243:  GOTO   1E7
0244:  GOTO   1ED
0245:  GOTO   1F3
0246:  MOVLW  20
0247:  MOVWF  4A
0248:  CLRF   46
0249:  CLRF   47
024A:  CLRF   48
024B:  CLRF   49
024C:  MOVF   41,W
024D:  MOVWF  7A
024E:  MOVF   40,W
024F:  MOVWF  79
0250:  MOVF   3F,W
0251:  MOVWF  78
0252:  MOVF   3E,W
0253:  MOVWF  77
0254:  BCF    03.0
0255:  BTFSS  77.0
0256:  GOTO   265
0257:  MOVF   42,W
0258:  ADDWF  46,F
0259:  MOVF   43,W
025A:  BTFSC  03.0
025B:  INCFSZ 43,W
025C:  ADDWF  47,F
025D:  MOVF   44,W
025E:  BTFSC  03.0
025F:  INCFSZ 44,W
0260:  ADDWF  48,F
0261:  MOVF   45,W
0262:  BTFSC  03.0
0263:  INCFSZ 45,W
0264:  ADDWF  49,F
0265:  RRF    49,F
0266:  RRF    48,F
0267:  RRF    47,F
0268:  RRF    46,F
0269:  RRF    7A,F
026A:  RRF    79,F
026B:  RRF    78,F
026C:  RRF    77,F
026D:  DECFSZ 4A,F
026E:  GOTO   254
026F:  RETURN
*
02CE:  BCF    03.6
02CF:  MOVF   0B,W
02D0:  MOVWF  35
02D1:  BCF    0B.7
02D2:  BSF    03.5
02D3:  BSF    03.6
02D4:  BSF    0C.7
02D5:  BSF    0C.0
02D6:  NOP
02D7:  NOP
02D8:  BCF    03.5
02D9:  BCF    03.6
02DA:  BTFSC  35.7
02DB:  BSF    0B.7
02DC:  BSF    03.6
02DD:  MOVF   0C,W
02DE:  ANDLW  7F
02DF:  BTFSC  03.2
02E0:  GOTO   321
02E1:  BCF    03.6
02E2:  MOVWF  35
02E3:  BSF    03.6
02E4:  MOVF   0D,W
02E5:  BCF    03.6
02E6:  MOVWF  36
02E7:  BSF    03.6
02E8:  MOVF   0F,W
02E9:  BCF    03.6
02EA:  MOVWF  37
02EB:  MOVF   35,W
02EC:  MOVWF  38
02ED:  CALL   0F3
02EE:  MOVF   36,W
02EF:  BSF    03.6
02F0:  MOVWF  0D
02F1:  BCF    03.6
02F2:  MOVF   37,W
02F3:  BSF    03.6
02F4:  MOVWF  0F
02F5:  BCF    03.6
02F6:  MOVF   0B,W
02F7:  MOVWF  38
02F8:  BCF    0B.7
02F9:  BSF    03.5
02FA:  BSF    03.6
02FB:  BSF    0C.7
02FC:  BSF    0C.0
02FD:  NOP
02FE:  NOP
02FF:  BCF    03.5
0300:  BCF    03.6
0301:  BTFSC  38.7
0302:  BSF    0B.7
0303:  BSF    03.6
0304:  RLF    0C,W
0305:  RLF    0E,W
0306:  ANDLW  7F
0307:  BTFSC  03.2
0308:  GOTO   321
0309:  BCF    03.6
030A:  MOVWF  35
030B:  BSF    03.6
030C:  MOVF   0D,W
030D:  BCF    03.6
030E:  MOVWF  36
030F:  BSF    03.6
0310:  MOVF   0F,W
0311:  BCF    03.6
0312:  MOVWF  37
0313:  MOVF   35,W
0314:  MOVWF  38
0315:  CALL   0F3
0316:  MOVF   36,W
0317:  BSF    03.6
0318:  MOVWF  0D
0319:  BCF    03.6
031A:  MOVF   37,W
031B:  BSF    03.6
031C:  MOVWF  0F
031D:  INCF   0D,F
031E:  BTFSC  03.2
031F:  INCF   0F,F
0320:  GOTO   2CE
=======
0023:  DATA 8C,21
0024:  DATA 61,35
0025:  DATA E1,39
0026:  DATA 3A,10
0027:  DATA A5,1A
0028:  DATA CC,3A
0029:  DATA 00,00
002A:  DATA 8C,21
002B:  DATA 61,35
002C:  DATA E1,39
002D:  DATA 3A,10
002E:  DATA A5,1A
002F:  DATA CC,3A
0030:  DATA 00,00
0031:  DATA 0C,28
0032:  DATA 41,29
0033:  DATA 4F,10
0034:  DATA C4,22
0035:  DATA A0,22
0036:  DATA CD,22
0037:  DATA D2,23
0038:  DATA 45,27
0039:  DATA 00,01
003A:  DATA 0C,28
003B:  DATA D2,22
003C:  DATA D3,29
003D:  DATA A0,20
003E:  DATA CE,2C
003F:  DATA A0,25
0040:  DATA C5,2C
0041:  DATA 00,00
0042:  DATA 0C,23
0043:  DATA F2,32
0044:  DATA F3,30
0045:  DATA 2F,36
0046:  DATA E9,33
0047:  DATA 68,3A
0048:  DATA 0A,10
0049:  DATA B1,17
004A:  DATA 33,1D
004B:  DATA 20,00
004C:  DATA 0C,15
004D:  DATA AA,22
004E:  DATA 52,29
004F:  DATA 4F,29
0050:  DATA 2A,15
0051:  DATA 20,05
0052:  DATA CE,3A
0053:  DATA ED,32
0054:  DATA F2,37
0055:  DATA 20,37
0056:  DATA 6F,10
0057:  DATA F6,30
0058:  DATA EC,34
0059:  DATA E4,37
005A:  DATA 00,00
*
0133:  MOVF   0B,W
0134:  MOVWF  37
0135:  BCF    0B.7
0136:  BSF    03.5
0137:  BSF    03.6
0138:  BSF    0C.7
0139:  BSF    0C.0
013A:  NOP
013B:  NOP
013C:  BCF    03.5
013D:  BCF    03.6
013E:  BTFSC  37.7
013F:  BSF    0B.7
0140:  BSF    03.6
0141:  MOVF   0C,W
0142:  ANDLW  7F
0143:  BTFSC  03.2
0144:  GOTO   187
0145:  BCF    03.6
0146:  MOVWF  37
0147:  BSF    03.6
0148:  MOVF   0D,W
0149:  BCF    03.6
014A:  MOVWF  38
014B:  BSF    03.6
014C:  MOVF   0F,W
014D:  BCF    03.6
014E:  MOVWF  39
014F:  MOVF   37,W
0150:  MOVWF  3A
0151:  CALL   10F
0152:  MOVF   38,W
0153:  BSF    03.6
0154:  MOVWF  0D
0155:  BCF    03.6
0156:  MOVF   39,W
0157:  BSF    03.6
0158:  MOVWF  0F
0159:  BCF    03.6
015A:  MOVF   0B,W
015B:  MOVWF  3A
015C:  BCF    0B.7
015D:  BSF    03.5
015E:  BSF    03.6
015F:  BSF    0C.7
0160:  BSF    0C.0
0161:  NOP
0162:  NOP
0163:  BCF    03.5
0164:  BCF    03.6
0165:  BTFSC  3A.7
0166:  BSF    0B.7
0167:  BSF    03.6
0168:  RLF    0C,W
0169:  RLF    0E,W
016A:  ANDLW  7F
016B:  BTFSC  03.2
016C:  GOTO   187
016D:  BCF    03.6
016E:  MOVWF  37
016F:  BSF    03.6
0170:  MOVF   0D,W
0171:  BCF    03.6
0172:  MOVWF  38
0173:  BSF    03.6
0174:  MOVF   0F,W
0175:  BCF    03.6
0176:  MOVWF  39
0177:  MOVF   37,W
0178:  MOVWF  3A
0179:  CALL   10F
017A:  MOVF   38,W
017B:  BSF    03.6
017C:  MOVWF  0D
017D:  BCF    03.6
017E:  MOVF   39,W
017F:  BSF    03.6
0180:  MOVWF  0F
0181:  INCF   0D,F
0182:  BTFSC  03.2
0183:  INCF   0F,F
0184:  BCF    03.6
0185:  GOTO   133
0186:  BSF    03.6
0187:  BCF    03.6
0188:  RETURN
*
01F2:  BSF    0A.0
01F3:  BCF    0A.1
01F4:  BCF    0A.2
01F5:  ADDWF  02,F
01F6:  GOTO   195
01F7:  GOTO   19B
01F8:  GOTO   1A1
01F9:  GOTO   1A7
*
0203:  MOVLW  20
0204:  MOVWF  4C
0205:  CLRF   48
0206:  CLRF   49
0207:  CLRF   4A
0208:  CLRF   4B
0209:  MOVF   43,W
020A:  MOVWF  7A
020B:  MOVF   42,W
020C:  MOVWF  79
020D:  MOVF   41,W
020E:  MOVWF  78
020F:  MOVF   40,W
0210:  MOVWF  77
0211:  BCF    03.0
0212:  BTFSS  77.0
0213:  GOTO   222
0214:  MOVF   44,W
0215:  ADDWF  48,F
0216:  MOVF   45,W
0217:  BTFSC  03.0
0218:  INCFSZ 45,W
0219:  ADDWF  49,F
021A:  MOVF   46,W
021B:  BTFSC  03.0
021C:  INCFSZ 46,W
021D:  ADDWF  4A,F
021E:  MOVF   47,W
021F:  BTFSC  03.0
0220:  INCFSZ 47,W
0221:  ADDWF  4B,F
0222:  RRF    4B,F
0223:  RRF    4A,F
0224:  RRF    49,F
0225:  RRF    48,F
0226:  RRF    7A,F
0227:  RRF    79,F
0228:  RRF    78,F
0229:  RRF    77,F
022A:  DECFSZ 4C,F
022B:  GOTO   211
022C:  RETURN
*
02FE:  MOVF   0B,W
02FF:  MOVWF  2D
0300:  BCF    0B.7
0301:  BSF    03.5
0302:  BSF    03.6
0303:  BSF    0C.7
0304:  BSF    0C.0
0305:  NOP
0306:  NOP
0307:  BCF    03.5
0308:  BCF    03.6
0309:  BTFSC  2D.7
030A:  BSF    0B.7
030B:  BTFSC  03.0
030C:  GOTO   335
030D:  BSF    03.6
030E:  MOVF   0C,W
030F:  ANDLW  7F
0310:  BCF    03.6
0311:  MOVWF  2D
0312:  BSF    03.6
0313:  MOVF   0D,W
0314:  BCF    03.6
0315:  MOVWF  2E
0316:  BSF    03.6
0317:  MOVF   0F,W
0318:  BCF    03.6
0319:  MOVWF  2F
031A:  MOVF   2D,W
031B:  MOVWF  3A
031C:  CALL   10F
031D:  MOVF   2E,W
031E:  BSF    03.6
031F:  MOVWF  0D
0320:  BCF    03.6
0321:  MOVF   2F,W
0322:  BSF    03.6
0323:  MOVWF  0F
0324:  BCF    03.6
0325:  MOVF   0B,W
0326:  MOVWF  30
0327:  BCF    0B.7
0328:  BSF    03.5
0329:  BSF    03.6
032A:  BSF    0C.7
032B:  BSF    0C.0
032C:  NOP
032D:  NOP
032E:  BCF    03.5
032F:  BCF    03.6
0330:  BTFSC  30.7
0331:  BSF    0B.7
0332:  DECFSZ 2C,F
0333:  GOTO   335
0334:  GOTO   354
0335:  BSF    03.6
0336:  RLF    0C,W
0337:  RLF    0E,W
0338:  ANDLW  7F
0339:  BCF    03.6
033A:  MOVWF  2D
033B:  BSF    03.6
033C:  MOVF   0D,W
033D:  BCF    03.6
033E:  MOVWF  2E
033F:  BSF    03.6
0340:  MOVF   0F,W
0341:  BCF    03.6
0342:  MOVWF  2F
0343:  MOVF   2D,W
0344:  MOVWF  3A
0345:  CALL   10F
0346:  MOVF   2E,W
0347:  BSF    03.6
0348:  MOVWF  0D
0349:  BCF    03.6
034A:  MOVF   2F,W
034B:  BSF    03.6
034C:  MOVWF  0F
034D:  INCF   0D,F
034E:  BTFSC  03.2
034F:  INCF   0F,F
0350:  BCF    03.0
0351:  BCF    03.6
0352:  DECFSZ 2C,F
0353:  GOTO   2FE
0354:  RETURN
0355:  CLRF   34
0356:  MOVF   04,W
0357:  MOVWF  33
0358:  BCF    34.0
0359:  BTFSC  03.7
035A:  BSF    34.0
035B:  SWAPF  2D,W
035C:  IORLW  F0
035D:  MOVWF  2F
035E:  ADDWF  2F,F
035F:  ADDLW  E2
0360:  MOVWF  30
0361:  ADDLW  32
0362:  MOVWF  32
0363:  MOVF   2D,W
0364:  ANDLW  0F
0365:  ADDWF  30,F
0366:  ADDWF  30,F
0367:  ADDWF  32,F
0368:  ADDLW  E9
0369:  MOVWF  31
036A:  ADDWF  31,F
036B:  ADDWF  31,F
036C:  SWAPF  2C,W
036D:  ANDLW  0F
036E:  ADDWF  31,F
036F:  ADDWF  32,F
0370:  RLF    31,F
0371:  RLF    32,F
0372:  COMF   32,F
0373:  RLF    32,F
0374:  MOVF   2C,W
0375:  ANDLW  0F
0376:  ADDWF  32,F
0377:  RLF    2F,F
0378:  MOVLW  07
0379:  MOVWF  2E
037A:  MOVLW  0A
037B:  ADDWF  32,F
037C:  DECF   31,F
037D:  BTFSS  03.0
037E:  GOTO   37B
037F:  ADDWF  31,F
0380:  DECF   30,F
0381:  BTFSS  03.0
0382:  GOTO   37F
0383:  ADDWF  30,F
0384:  DECF   2F,F
0385:  BTFSS  03.0
0386:  GOTO   383
0387:  ADDWF  2F,F
0388:  DECF   2E,F
0389:  BTFSS  03.0
038A:  GOTO   387
038B:  MOVLW  2E
038C:  MOVWF  04
038D:  BCF    03.7
038E:  MOVLW  07
038F:  ANDWF  33,W
0390:  BCF    33.6
0391:  ADDWF  04,F
0392:  MOVLW  32
0393:  SUBWF  04,W
0394:  BTFSC  03.2
0395:  BSF    33.6
0396:  MOVF   00,W
0397:  MOVWF  77
0398:  BTFSS  03.2
0399:  GOTO   3A2
039A:  BTFSC  33.6
039B:  GOTO   3A2
039C:  BTFSC  33.4
039D:  GOTO   3B4
039E:  BTFSC  33.3
039F:  GOTO   3A2
03A0:  MOVLW  20
03A1:  GOTO   3A5
03A2:  BSF    33.3
03A3:  BCF    33.4
03A4:  MOVLW  30
03A5:  ADDWF  77,F
03A6:  CLRF   2D
03A7:  MOVF   04,W
03A8:  MOVWF  2C
03A9:  BCF    2D.0
03AA:  BTFSC  03.7
03AB:  BSF    2D.0
03AC:  MOVF   77,W
03AD:  MOVWF  3A
03AE:  CALL   10F
03AF:  MOVF   2C,W
03B0:  MOVWF  04
03B1:  BCF    03.7
03B2:  BTFSC  2D.0
03B3:  BSF    03.7
03B4:  INCF   04,F
03B5:  BTFSS  33.6
03B6:  GOTO   392
03B7:  RETURN
*
040B:  MOVLW  10
040C:  MOVWF  33
040D:  CLRF   77
040E:  CLRF   7A
040F:  RRF    30,F
0410:  RRF    2F,F
0411:  BTFSS  03.0
0412:  GOTO   419
0413:  MOVF   31,W
0414:  ADDWF  77,F
0415:  BTFSC  03.0
0416:  INCF   7A,F
0417:  MOVF   32,W
0418:  ADDWF  7A,F
0419:  RRF    7A,F
041A:  RRF    77,F
041B:  RRF    79,F
041C:  RRF    78,F
041D:  DECFSZ 33,F
041E:  GOTO   40F
>>>>>>> Stashed changes
.................... 
.................... #list
.................... 
.................... #device ADC = 10
.................... #use delay(crystal = 20000000)
*
005B:  MOVLW  3B
005C:  MOVWF  04
005D:  BCF    03.7
005E:  MOVF   00,W
005F:  BTFSC  03.2
0060:  GOTO   06E
0061:  MOVLW  06
0062:  MOVWF  78
0063:  CLRF   77
0064:  DECFSZ 77,F
0065:  GOTO   064
0066:  DECFSZ 78,F
0067:  GOTO   063
0068:  MOVLW  7B
0069:  MOVWF  77
006A:  DECFSZ 77,F
006B:  GOTO   06A
006C:  DECFSZ 00,F
006D:  GOTO   061
006E:  RETURN
.................... #FUSES NOWDT, NOBROWNOUT, NOLVP, HS
.................... 
.................... #include <lcd_c.c>
.................... ///////////////////////////////////////////////////////////////////////////////
.................... ////                             LCD.C                                     ////
.................... ////                 Driver for common LCD modules                         ////
.................... ////                                                                       ////
.................... ////  lcd_init()   Must be called before any other function.               ////
.................... ////                                                                       ////
.................... ////  lcd_putc(c)  Will display c on the next position of the LCD.         ////
.................... ////                     The following have special meaning:               ////
.................... ////                      \f  Clear display                                ////
.................... ////                      \n  Go to start of second line                   ////
.................... ////                      \b  Move back one position                       ////
.................... ////                                                                       ////
.................... ////  lcd_gotoxy(x,y) Set write position on LCD (upper left is 1,1)        ////
.................... ////                                                                       ////
.................... ////  lcd_getc(x,y)   Returns character at position x,y on LCD             ////
.................... ////                                                                       ////
.................... ////  CONFIGURATION                                                        ////
.................... ////  The LCD can be configured in one of two ways: a.) port access or     ////
.................... ////  b.) pin access.  Port access requires the entire 7 bit interface     ////
.................... ////  connected to one GPIO port, and the data bits (D4:D7 of the LCD)     ////
.................... ////  connected to sequential pins on the GPIO.  Pin access                ////
.................... ////  has no requirements, all 7 bits of the control interface can         ////
.................... ////  can be connected to any GPIO using several ports.                    ////
.................... ////                                                                       ////
.................... ////  To use port access, #define LCD_DATA_PORT to the SFR location of     ////
.................... ////  of the GPIO port that holds the interface, -AND- edit LCD_PIN_MAP    ////
.................... ////  of this file to configure the pin order.  If you are using a         ////
.................... ////  baseline PIC (PCB), then LCD_OUTPUT_MAP and LCD_INPUT_MAP also must  ////
.................... ////  be defined.                                                          ////
.................... ////                                                                       ////
.................... ////  Example of port access:                                              ////
.................... ////     #define LCD_DATA_PORT getenv("SFR:PORTD")                         ////
.................... ////                                                                       ////
.................... ////  To use pin access, the following pins must be defined:               ////
.................... ////     LCD_ENABLE_PIN                                                    ////
.................... ////     LCD_RS_PIN                                                        ////
.................... ////     LCD_RW_PIN                                                        ////
.................... ////     LCD_DATA4                                                         ////
.................... ////     LCD_DATA5                                                         ////
.................... ////     LCD_DATA6                                                         ////
.................... ////     LCD_DATA7                                                         ////
.................... ////                                                                       ////
.................... ////  Example of pin access:                                               ////
.................... ////     #define LCD_ENABLE_PIN  PIN_E0                                    ////
.................... ////     #define LCD_RS_PIN      PIN_E1                                    ////
.................... ////     #define LCD_RW_PIN      PIN_E2                                    ////
.................... ////     #define LCD_DATA4       PIN_D4                                    ////
.................... ////     #define LCD_DATA5       PIN_D5                                    ////
.................... ////     #define LCD_DATA6       PIN_D6                                    ////
.................... ////     #define LCD_DATA7       PIN_D7                                    ////
.................... ////                                                                       ////
.................... ///////////////////////////////////////////////////////////////////////////////
.................... ////        (C) Copyright 1996,2009 Custom Computer Services           ////
.................... //// This source code may only be used by licensed users of the CCS C  ////
.................... //// compiler.  This source code may only be distributed to other      ////
.................... //// licensed users of the CCS C compiler.  No other use, reproduction ////
.................... //// or distribution is permitted without written permission.          ////
.................... //// Derivative programs created using this software in object code    ////
.................... //// form are not restricted in any way.                               ////
.................... ///////////////////////////////////////////////////////////////////////////
.................... 
.................... #define LCD_DATA_PORT      0x07     //portc    LA PUSE YO 
.................... 
.................... typedef struct  
.................... {                            // This structure is overlayed
....................    BOOLEAN enable;           // on to an I/O port to gain
....................    BOOLEAN rs;               // access to the LCD pins.
....................    BOOLEAN rw;               // The bits are allocated from
....................    BOOLEAN unused;           // low order up.  ENABLE will
....................    int     data : 4;         // be LSB pin of that port.
....................   #if defined(__PCD__)       // The port used will be LCD_DATA_PORT.
....................    int    reserved: 8;
....................   #endif
.................... } LCD_PIN_MAP;
.................... 
.................... #define use_portb_lcd TRUE
.................... 
.................... #if defined(__PCB__)
....................    // these definitions only need to be modified for baseline PICs.
....................    // all other PICs use LCD_PIN_MAP or individual LCD_xxx pin definitions.
.................... /*                                    EN, RS,   RW,   UNUSED,  DATA  */
....................  const LCD_PIN_MAP LCD_OUTPUT_MAP =  {0,  0,    0,    0,       0};
....................  const LCD_PIN_MAP LCD_INPUT_MAP =   {0,  0,    0,    0,       0xF};
.................... #endif
.................... 
.................... 
.................... 
.................... ////////////////////// END CONFIGURATION ///////////////////////////////////
.................... 
.................... #ifndef LCD_ENABLE_PIN
....................    #define lcd_output_enable(x) lcdlat.enable=x
....................    #define lcd_enable_tris()   lcdtris.enable=0
.................... #else
....................    #define lcd_output_enable(x) output_bit(LCD_ENABLE_PIN, x)
....................    #define lcd_enable_tris()  output_drive(LCD_ENABLE_PIN)
.................... #endif
.................... 
.................... #ifndef LCD_RS_PIN
....................    #define lcd_output_rs(x) lcdlat.rs=x
....................    #define lcd_rs_tris()   lcdtris.rs=0
.................... #else
....................    #define lcd_output_rs(x) output_bit(LCD_RS_PIN, x)
....................    #define lcd_rs_tris()  output_drive(LCD_RS_PIN)
.................... #endif
.................... 
.................... #ifndef LCD_RW_PIN
....................    #define lcd_output_rw(x) lcdlat.rw=x
....................    #define lcd_rw_tris()   lcdtris.rw=0
.................... #else
....................    #define lcd_output_rw(x) output_bit(LCD_RW_PIN, x)
....................    #define lcd_rw_tris()  output_drive(LCD_RW_PIN)
.................... #endif
.................... 
.................... #ifndef LCD_DATA_PORT
....................    #if defined(__PCB__)
....................       #define LCD_DATA_PORT      0x06     //portb
....................       #define set_tris_lcd(x)   set_tris_b(x)
....................    #elif defined(__PCM__)
....................       #define LCD_DATA_PORT      getenv("SFR:PORTD")     //portd
....................    #elif defined(__PCH__)
....................       #define LCD_DATA_PORT      getenv("SFR:PORTD")    //portd
....................    #elif defined(__PCD__)
....................       #define LCD_DATA_PORT      getenv("SFR:PORTD")    //portd
....................    #endif   
.................... #endif
.................... 
.................... #if defined(__PCB__)
....................    LCD_PIN_MAP lcd, lcdlat;
....................    #byte lcd = LCD_DATA_PORT
....................    #byte lcdlat = LCD_DATA_PORT
.................... #elif defined(__PCM__)
....................    LCD_PIN_MAP lcd, lcdlat, lcdtris;
....................    #byte lcd = LCD_DATA_PORT
....................    #byte lcdlat = LCD_DATA_PORT
....................    #byte lcdtris = LCD_DATA_PORT+0x80
.................... #elif defined(__PCH__)
....................    LCD_PIN_MAP lcd, lcdlat, lcdtris;
....................    #byte lcd = LCD_DATA_PORT
....................    #byte lcdlat = LCD_DATA_PORT+9
....................    #byte lcdtris = LCD_DATA_PORT+0x12
.................... #elif defined(__PCD__)
....................    LCD_PIN_MAP lcd, lcdlat, lcdtris;
....................    #word lcd = LCD_DATA_PORT
....................    #word lcdlat = LCD_DATA_PORT+2
....................    #word lcdtris = LCD_DATA_PORT-0x02
.................... #endif
.................... 
.................... #ifndef LCD_TYPE
....................    #define LCD_TYPE 2           // 0=5x7, 1=5x10, 2=2 lines
.................... #endif
.................... 
.................... #ifndef LCD_LINE_TWO
....................    #define LCD_LINE_TWO 0x40    // LCD RAM address for the second line
.................... #endif
.................... 
.................... BYTE const LCD_INIT_STRING[4] = {0x20 | (lcd_type << 2), 0xc, 1, 6};
....................                              // These bytes need to be sent to the LCD
....................                              // to start it up.
.................... 
.................... // original version of this library incorrectly labeled LCD_DATA0 as LCD_DATA4,
.................... // LCD_DATA1 as LCD_DATA5, and so on.  this block of code makes the driver
.................... // compatible with any code written for the original library
.................... #if (defined(LCD_DATA0) && defined(LCD_DATA1) && defined(LCD_DATA2) && defined(LCD_DATA3) && !defined(LCD_DATA4) && !defined(LCD_DATA5) && !defined(LCD_DATA6) && !defined(LCD_DATA7))
....................    #define  LCD_DATA4    LCD_DATA0
....................    #define  LCD_DATA5    LCD_DATA1
....................    #define  LCD_DATA6    LCD_DATA2
....................    #define  LCD_DATA7    LCD_DATA3
.................... #endif
.................... 
.................... BYTE lcd_read_nibble(void);
.................... 
.................... BYTE lcd_read_byte(void)
.................... {
....................    BYTE low,high;
.................... 
....................  #if defined(__PCB__)
....................    set_tris_lcd(LCD_INPUT_MAP);
....................  #else
....................   #if (defined(LCD_DATA4) && defined(LCD_DATA5) && defined(LCD_DATA6) && defined(LCD_DATA7))
....................    output_float(LCD_DATA4);
....................    output_float(LCD_DATA5);
....................    output_float(LCD_DATA6);
....................    output_float(LCD_DATA7);
....................   #else
....................    lcdtris.data = 0xF;
*
<<<<<<< Updated upstream
0067:  MOVLW  0F
0068:  BSF    03.5
0069:  ANDWF  07,W
006A:  IORLW  F0
006B:  MOVWF  07
=======
0085:  MOVLW  0F
0086:  BSF    03.5
0087:  ANDWF  07,W
0088:  IORLW  F0
0089:  MOVWF  07
>>>>>>> Stashed changes
....................   #endif
....................  #endif
....................         
....................    lcd_output_rw(1);
<<<<<<< Updated upstream
006C:  BCF    03.5
006D:  BSF    07.2
=======
008A:  BCF    03.5
008B:  BSF    07.2
>>>>>>> Stashed changes
....................    delay_cycles(1);
008C:  NOP
....................    lcd_output_enable(1);
<<<<<<< Updated upstream
006F:  BSF    07.0
=======
008D:  BSF    07.0
>>>>>>> Stashed changes
....................    delay_cycles(1);
008E:  NOP
....................    high = lcd_read_nibble();
008F:  CALL   07E
0090:  MOVF   78,W
0091:  MOVWF  42
....................       
....................    lcd_output_enable(0);
<<<<<<< Updated upstream
0074:  BCF    07.0
=======
0092:  BCF    07.0
>>>>>>> Stashed changes
....................    delay_cycles(1);
0093:  NOP
....................    lcd_output_enable(1);
<<<<<<< Updated upstream
0076:  BSF    07.0
=======
0094:  BSF    07.0
>>>>>>> Stashed changes
....................    delay_us(1);
0095:  GOTO   096
0096:  GOTO   097
0097:  NOP
....................    low = lcd_read_nibble();
0098:  CALL   07E
0099:  MOVF   78,W
009A:  MOVWF  41
....................       
....................    lcd_output_enable(0);
<<<<<<< Updated upstream
007D:  BCF    07.0
=======
009B:  BCF    07.0
>>>>>>> Stashed changes
.................... 
....................  #if defined(__PCB__)
....................    set_tris_lcd(LCD_INPUT_MAP);
....................  #else
....................   #if (defined(LCD_DATA4) && defined(LCD_DATA5) && defined(LCD_DATA6) && defined(LCD_DATA7))
....................    output_drive(LCD_DATA4);
....................    output_drive(LCD_DATA5);
....................    output_drive(LCD_DATA6);
....................    output_drive(LCD_DATA7);
....................   #else
....................    lcdtris.data = 0x0;
<<<<<<< Updated upstream
007E:  MOVLW  0F
007F:  BSF    03.5
0080:  ANDWF  07,W
0081:  MOVWF  07
=======
009C:  MOVLW  0F
009D:  BSF    03.5
009E:  ANDWF  07,W
009F:  MOVWF  07
>>>>>>> Stashed changes
....................   #endif
....................  #endif
.................... 
....................    return( (high<<4) | low);
00A0:  BCF    03.5
00A1:  SWAPF  42,W
00A2:  MOVWF  77
00A3:  MOVLW  F0
00A4:  ANDWF  77,F
00A5:  MOVF   77,W
00A6:  IORWF  41,W
00A7:  MOVWF  78
.................... }
.................... 
.................... BYTE lcd_read_nibble(void)
.................... {
....................   #if (defined(LCD_DATA4) && defined(LCD_DATA5) && defined(LCD_DATA6) && defined(LCD_DATA7))
....................    BYTE n = 0x00;
.................... 
....................    /* Read the data port */
....................    n |= input(LCD_DATA4);
....................    n |= input(LCD_DATA5) << 1;
....................    n |= input(LCD_DATA6) << 2;
....................    n |= input(LCD_DATA7) << 3;
....................    
....................    return(n);
....................   #else
....................    return(lcd.data);
*
<<<<<<< Updated upstream
0060:  MOVF   07,W
0061:  MOVWF  77
0062:  SWAPF  07,W
0063:  ANDLW  0F
0064:  MOVWF  78
=======
007E:  MOVF   07,W
007F:  MOVWF  77
0080:  SWAPF  07,W
0081:  ANDLW  0F
0082:  MOVWF  78
>>>>>>> Stashed changes
....................   #endif
0083:  RETURN
.................... }
.................... 
.................... void lcd_send_nibble(BYTE n)
.................... {
....................   #if (defined(LCD_DATA4) && defined(LCD_DATA5) && defined(LCD_DATA6) && defined(LCD_DATA7))
....................    /* Write to the data port */
....................    output_bit(LCD_DATA4, BIT_TEST(n, 0));
....................    output_bit(LCD_DATA5, BIT_TEST(n, 1));
....................    output_bit(LCD_DATA6, BIT_TEST(n, 2));
....................    output_bit(LCD_DATA7, BIT_TEST(n, 3));
....................   #else      
....................    lcdlat.data = n;
*
<<<<<<< Updated upstream
0051:  SWAPF  40,W
0052:  ANDLW  F0
0053:  MOVWF  77
0054:  MOVLW  0F
0055:  ANDWF  07,W
0056:  IORWF  77,W
0057:  MOVWF  07
=======
006F:  SWAPF  42,W
0070:  ANDLW  F0
0071:  MOVWF  77
0072:  MOVLW  0F
0073:  ANDWF  07,W
0074:  IORWF  77,W
0075:  MOVWF  07
>>>>>>> Stashed changes
....................   #endif
....................       
....................    delay_cycles(1);
0076:  NOP
....................    lcd_output_enable(1);
<<<<<<< Updated upstream
0059:  BSF    07.0
=======
0077:  BSF    07.0
>>>>>>> Stashed changes
....................    delay_us(2);
0078:  MOVLW  03
0079:  MOVWF  77
007A:  DECFSZ 77,F
007B:  GOTO   07A
....................    lcd_output_enable(0);
<<<<<<< Updated upstream
005E:  BCF    07.0
005F:  RETURN
=======
007C:  BCF    07.0
007D:  RETURN
>>>>>>> Stashed changes
.................... }
.................... 
.................... void lcd_send_byte(BYTE address, BYTE n)
.................... {
....................    lcd_output_rs(0);
*
<<<<<<< Updated upstream
0066:  BCF    07.1
=======
0084:  BCF    07.1
>>>>>>> Stashed changes
....................    while ( bit_test(lcd_read_byte(),7) ) ;
*
00A8:  MOVF   78,W
00A9:  MOVWF  41
00AA:  BTFSC  41.7
00AB:  GOTO   085
....................    lcd_output_rs(address);
<<<<<<< Updated upstream
008E:  BTFSS  3D.0
008F:  BCF    07.1
0090:  BTFSC  3D.0
0091:  BSF    07.1
=======
00AC:  BTFSS  3F.0
00AD:  BCF    07.1
00AE:  BTFSC  3F.0
00AF:  BSF    07.1
>>>>>>> Stashed changes
....................    delay_cycles(1);
00B0:  NOP
....................    lcd_output_rw(0);
<<<<<<< Updated upstream
0093:  BCF    07.2
=======
00B1:  BCF    07.2
>>>>>>> Stashed changes
....................    delay_cycles(1);
00B2:  NOP
....................    lcd_output_enable(0);
<<<<<<< Updated upstream
0095:  BCF    07.0
=======
00B3:  BCF    07.0
>>>>>>> Stashed changes
....................    lcd_send_nibble(n >> 4);
00B4:  SWAPF  40,W
00B5:  MOVWF  41
00B6:  MOVLW  0F
00B7:  ANDWF  41,F
00B8:  MOVF   41,W
00B9:  MOVWF  42
00BA:  CALL   06F
....................    lcd_send_nibble(n & 0xf);
00BB:  MOVF   40,W
00BC:  ANDLW  0F
00BD:  MOVWF  41
00BE:  MOVWF  42
00BF:  CALL   06F
00C0:  RETURN
.................... }
.................... 
.................... void lcd_init(void) 
.................... {
....................    BYTE i;
.................... 
....................  #if defined(__PCB__)
....................    set_tris_lcd(LCD_OUTPUT_MAP);
....................  #else
....................   #if (defined(LCD_DATA4) && defined(LCD_DATA5) && defined(LCD_DATA6) && defined(LCD_DATA7))
....................    output_drive(LCD_DATA4);
....................    output_drive(LCD_DATA5);
....................    output_drive(LCD_DATA6);
....................    output_drive(LCD_DATA7);
....................   #else
....................    lcdtris.data = 0x0;
<<<<<<< Updated upstream
00A3:  MOVLW  0F
00A4:  BSF    03.5
00A5:  ANDWF  07,W
00A6:  MOVWF  07
....................   #endif
....................    lcd_enable_tris();
00A7:  BCF    07.0
....................    lcd_rs_tris();
00A8:  BCF    07.1
....................    lcd_rw_tris();
00A9:  BCF    07.2
....................  #endif
.................... 
....................    lcd_output_rs(0);
00AA:  BCF    03.5
00AB:  BCF    07.1
....................    lcd_output_rw(0);
00AC:  BCF    07.2
....................    lcd_output_enable(0);
00AD:  BCF    07.0
=======
00C1:  MOVLW  0F
00C2:  BSF    03.5
00C3:  ANDWF  07,W
00C4:  MOVWF  07
....................   #endif
....................    lcd_enable_tris();
00C5:  BCF    07.0
....................    lcd_rs_tris();
00C6:  BCF    07.1
....................    lcd_rw_tris();
00C7:  BCF    07.2
....................  #endif
.................... 
....................    lcd_output_rs(0);
00C8:  BCF    03.5
00C9:  BCF    07.1
....................    lcd_output_rw(0);
00CA:  BCF    07.2
....................    lcd_output_enable(0);
00CB:  BCF    07.0
>>>>>>> Stashed changes
....................     
....................    delay_ms(15);
00CC:  MOVLW  0F
00CD:  MOVWF  3B
00CE:  CALL   05B
....................    for(i=1;i<=3;++i)
00CF:  MOVLW  01
00D0:  MOVWF  2B
00D1:  MOVF   2B,W
00D2:  SUBLW  03
00D3:  BTFSS  03.0
00D4:  GOTO   0DD
....................    {
....................        lcd_send_nibble(3);
00D5:  MOVLW  03
00D6:  MOVWF  42
00D7:  CALL   06F
....................        delay_ms(5);
00D8:  MOVLW  05
00D9:  MOVWF  3B
00DA:  CALL   05B
00DB:  INCF   2B,F
00DC:  GOTO   0D1
....................    }
....................     
....................    lcd_send_nibble(2);
00DD:  MOVLW  02
00DE:  MOVWF  42
00DF:  CALL   06F
....................    for(i=0;i<=3;++i)
00E0:  CLRF   2B
00E1:  MOVF   2B,W
00E2:  SUBLW  03
00E3:  BTFSS  03.0
00E4:  GOTO   0EE
....................       lcd_send_byte(0,LCD_INIT_STRING[i]);
<<<<<<< Updated upstream
00C7:  MOVF   29,W
00C8:  CALL   004
00C9:  MOVWF  2A
00CA:  CLRF   3D
00CB:  MOVF   2A,W
00CC:  MOVWF  3E
00CD:  CALL   066
00CE:  INCF   29,F
00CF:  GOTO   0C3
00D0:  BCF    0A.3
00D1:  BCF    0A.4
00D2:  GOTO   3AF (RETURN)
=======
00E5:  MOVF   2B,W
00E6:  CALL   004
00E7:  MOVWF  2C
00E8:  CLRF   3F
00E9:  MOVF   2C,W
00EA:  MOVWF  40
00EB:  CALL   084
00EC:  INCF   2B,F
00ED:  GOTO   0E1
00EE:  BCF    0A.3
00EF:  BCF    0A.4
00F0:  GOTO   46B (RETURN)
>>>>>>> Stashed changes
.................... }
.................... 
.................... void lcd_gotoxy(BYTE x, BYTE y)
.................... {
....................    BYTE address;
.................... 
....................    if(y!=1)
*
00FD:  DECFSZ 3C,W
00FE:  GOTO   100
00FF:  GOTO   103
....................       address=LCD_LINE_TWO;
0100:  MOVLW  40
0101:  MOVWF  3D
0102:  GOTO   104
....................    else
....................       address=0;
0103:  CLRF   3D
....................      
....................    address+=x-1;
0104:  MOVLW  01
0105:  SUBWF  3B,W
0106:  ADDWF  3D,F
....................    lcd_send_byte(0,0x80|address);
0107:  MOVF   3D,W
0108:  IORLW  80
0109:  MOVWF  3E
010A:  CLRF   3F
010B:  MOVF   3E,W
010C:  MOVWF  40
010D:  CALL   084
010E:  RETURN
.................... }
.................... 
.................... void lcd_putc(char c)
.................... {
....................    switch (c)
010F:  MOVF   3A,W
0110:  XORLW  0C
0111:  BTFSC  03.2
0112:  GOTO   11A
0113:  XORLW  06
0114:  BTFSC  03.2
0115:  GOTO   122
0116:  XORLW  02
0117:  BTFSC  03.2
0118:  GOTO   128
0119:  GOTO   12D
....................    {
....................       case '\f'   :  lcd_send_byte(0,1);
011A:  CLRF   3F
011B:  MOVLW  01
011C:  MOVWF  40
011D:  CALL   084
....................                      delay_ms(2);
011E:  MOVLW  02
011F:  MOVWF  3B
0120:  CALL   05B
....................                      break;
0121:  GOTO   132
....................                      
....................       case '\n'   : lcd_gotoxy(1,2);        break;
0122:  MOVLW  01
0123:  MOVWF  3B
0124:  MOVLW  02
0125:  MOVWF  3C
0126:  CALL   0FD
0127:  GOTO   132
....................      
....................       case '\b'   : lcd_send_byte(0,0x10);  break;
0128:  CLRF   3F
0129:  MOVLW  10
012A:  MOVWF  40
012B:  CALL   084
012C:  GOTO   132
....................      
....................       default     : lcd_send_byte(1,c);     break;
012D:  MOVLW  01
012E:  MOVWF  3F
012F:  MOVF   3A,W
0130:  MOVWF  40
0131:  CALL   084
....................    }
0132:  RETURN
.................... }
....................  
.................... char lcd_getc(BYTE x, BYTE y)
.................... {
....................    char value;
.................... 
....................    lcd_gotoxy(x,y);
....................    while ( bit_test(lcd_read_byte(),7) ); // wait until busy flag is low
....................    lcd_output_rs(1);
....................    value = lcd_read_byte();
....................    lcd_output_rs(0);
....................    
....................    return(value);
.................... }
.................... 
.................... #include <kbd4x4_d.c>
.................... ///////////////////////////////////////////////////////////////////////////
.................... ////                             KBD4x4_1.C                                ////
.................... ////                  Generic keypad scan driver                       ////
.................... ////                                                                   ////
.................... ////  kbd_init()   Must be called before any other function.           ////
.................... ////                                                                   ////
.................... ////  c = kbd_getc(c)  Will return a key value if pressed or /0 if not ////
.................... ////                   This function should be called frequently so as ////
.................... ////                   not to miss a key press.                        ////
.................... ////                                                                   ////
.................... ///////////////////////////////////////////////////////////////////////////
.................... ////        (C) Copyright 1996,2003 Custom Computer Services           ////
.................... //// This source code may only be used by licensed users of the CCS C  ////
.................... //// compiler.  This source code may only be distributed to other      ////
.................... //// licensed users of the CCS C compiler.  No other use, reproduction ////
.................... //// or distribution is permitted without written permission.          ////
.................... //// Derivative programs created using this software in object code    ////
.................... //// form are not restricted in any way.                               ////
.................... ///////////////////////////////////////////////////////////////////////////
.................... 
.................... ////////////////// The following defines the keypad layout on port D
.................... 
.................... // Un-comment the following define to use port B
.................... //#define use_portb_kbd TRUE
.................... 
.................... // Make sure the port used has pull-up resistors (or the LCD) on
.................... // the column pins
.................... 
.................... 
.................... #if defined(__PCH__)
.................... #if defined use_portb_kbd
....................    #byte kbd = 0xF81                   // This puts the entire structure
.................... #else
....................    #byte kbd = 0xF83                   // This puts the entire structure
.................... #endif
.................... #else
.................... #if defined use_portb_kbd
....................    #byte kbd = 6                  // on to port B (at address 6)
.................... #else
....................    #byte kbd = 8                 // on to port D (at address 8)
.................... #endif
.................... #endif
.................... 
.................... #if defined use_portb_kbd
....................    #define set_tris_kbd(x) set_tris_b(x)
.................... #else
....................    #define set_tris_kbd(x) set_tris_d(x)
.................... #endif
.................... 
.................... 
.................... 
.................... //Keypad connection:   (for example column 0 is B2)
.................... //                Bx:
.................... 
.................... #ifdef blue_keypad  ///////////////////////////////////// For the blue keypad
.................... #define COL0 (1 << 2)
.................... #define COL1 (1 << 3)
.................... #define COL2 (1 << 6)
.................... 
.................... #define ROW0 (1 << 4)
.................... #define ROW1 (1 << 7)
.................... #define ROW2 (1 << 1)
.................... #define ROW3 (1 << 5)
.................... 
.................... #else ////////////////////////////////////////////////// For the black keypad
.................... #define COL0 (1 << 4)
.................... #define COL1 (1 << 5)
.................... #define COL2 (1 << 6)
.................... #define COL3 (1 << 7)
.................... 
.................... #define ROW0 (1 << 0)
.................... #define ROW1 (1 << 1)
.................... #define ROW2 (1 << 2)
.................... #define ROW3 (1 << 3)
.................... 
.................... #endif
.................... 
.................... #define ALL_ROWS (ROW0|ROW1|ROW2|ROW3)
.................... #define ALL_PINS (ALL_ROWS|COL0|COL1|COL2|COL3)
.................... 
.................... // Keypad layout:
.................... char const KEYS[4][4] = {{'7','8','9','/'},
....................                          {'4','5','6','*'},
....................                          {'1','2','3','-'},
....................                          {'C','0','=','+'}};
.................... 
.................... #define KBD_DEBOUNCE_FACTOR 33    // Set this number to apx n/333 where
....................                                   // n is the number of times you expect
....................                                   // to call kbd_getc each second
.................... 
.................... 
.................... void kbd_init() {
*
<<<<<<< Updated upstream
00D3:  BCF    0A.3
00D4:  BCF    0A.4
00D5:  GOTO   3B0 (RETURN)
=======
00F1:  BCF    0A.3
00F2:  BCF    0A.4
00F3:  GOTO   46C (RETURN)
>>>>>>> Stashed changes
.................... }
.................... 
.................... char kbd_getc( ) {
....................    static BYTE kbd_call_count;
*
<<<<<<< Updated upstream
03A9:  BCF    03.5
03AA:  CLRF   20
....................    static int1 kbd_down;
03AB:  BCF    21.0
....................    static char last_key;
03AC:  CLRF   22
....................    static BYTE col;
03AD:  CLRF   23
=======
0465:  BCF    03.5
0466:  CLRF   20
....................    static int1 kbd_down;
0467:  BCF    21.0
....................    static char last_key;
0468:  CLRF   22
....................    static BYTE col;
0469:  CLRF   23
>>>>>>> Stashed changes
.................... 
....................    BYTE kchar;
....................    BYTE row;
.................... 
....................    kchar='\0';
*
<<<<<<< Updated upstream
01D5:  CLRF   36
....................    if(++kbd_call_count>KBD_DEBOUNCE_FACTOR) {
01D6:  INCF   20,F
01D7:  MOVF   20,W
01D8:  SUBLW  21
01D9:  BTFSC  03.0
01DA:  GOTO   235
....................        switch (col) {
01DB:  MOVF   23,W
01DC:  ADDLW  FC
01DD:  BTFSC  03.0
01DE:  GOTO   1F8
01DF:  ADDLW  04
01E0:  GOTO   23E
....................          case 0   : set_tris_kbd(ALL_PINS&~COL0);
01E1:  MOVLW  EF
01E2:  BSF    03.5
01E3:  MOVWF  08
....................                     kbd=~COL0&ALL_PINS;
01E4:  BCF    03.5
01E5:  MOVWF  08
....................                     break;
01E6:  GOTO   1F8
....................          case 1   : set_tris_kbd(ALL_PINS&~COL1);
01E7:  MOVLW  DF
01E8:  BSF    03.5
01E9:  MOVWF  08
....................                     kbd=~COL1&ALL_PINS;
01EA:  BCF    03.5
01EB:  MOVWF  08
....................                     break;
01EC:  GOTO   1F8
....................          case 2   : set_tris_kbd(ALL_PINS&~COL2);
01ED:  MOVLW  BF
01EE:  BSF    03.5
01EF:  MOVWF  08
....................                     kbd=~COL2&ALL_PINS;
01F0:  BCF    03.5
01F1:  MOVWF  08
....................                     break;
01F2:  GOTO   1F8
....................          case 3   : set_tris_kbd(ALL_PINS&~COL3);
01F3:  MOVLW  7F
01F4:  BSF    03.5
01F5:  MOVWF  08
....................                     kbd=~COL3&ALL_PINS;
01F6:  BCF    03.5
01F7:  MOVWF  08
=======
0189:  CLRF   38
....................    if(++kbd_call_count>KBD_DEBOUNCE_FACTOR) {
018A:  INCF   20,F
018B:  MOVF   20,W
018C:  SUBLW  21
018D:  BTFSC  03.0
018E:  GOTO   1E9
....................        switch (col) {
018F:  MOVF   23,W
0190:  ADDLW  FC
0191:  BTFSC  03.0
0192:  GOTO   1AC
0193:  ADDLW  04
0194:  GOTO   1F2
....................          case 0   : set_tris_kbd(ALL_PINS&~COL0);
0195:  MOVLW  EF
0196:  BSF    03.5
0197:  MOVWF  08
....................                     kbd=~COL0&ALL_PINS;
0198:  BCF    03.5
0199:  MOVWF  08
....................                     break;
019A:  GOTO   1AC
....................          case 1   : set_tris_kbd(ALL_PINS&~COL1);
019B:  MOVLW  DF
019C:  BSF    03.5
019D:  MOVWF  08
....................                     kbd=~COL1&ALL_PINS;
019E:  BCF    03.5
019F:  MOVWF  08
....................                     break;
01A0:  GOTO   1AC
....................          case 2   : set_tris_kbd(ALL_PINS&~COL2);
01A1:  MOVLW  BF
01A2:  BSF    03.5
01A3:  MOVWF  08
....................                     kbd=~COL2&ALL_PINS;
01A4:  BCF    03.5
01A5:  MOVWF  08
....................                     break;
01A6:  GOTO   1AC
....................          case 3   : set_tris_kbd(ALL_PINS&~COL3);
01A7:  MOVLW  7F
01A8:  BSF    03.5
01A9:  MOVWF  08
....................                     kbd=~COL3&ALL_PINS;
01AA:  BCF    03.5
01AB:  MOVWF  08
>>>>>>> Stashed changes
....................                     break;
....................        }
.................... 
....................        if(kbd_down) {
<<<<<<< Updated upstream
01F8:  BTFSS  21.0
01F9:  GOTO   204
....................          if((kbd & (ALL_ROWS))==(ALL_ROWS)) {
01FA:  MOVF   08,W
01FB:  ANDLW  0F
01FC:  SUBLW  0F
01FD:  BTFSS  03.2
01FE:  GOTO   203
....................            kbd_down=FALSE;
01FF:  BCF    21.0
....................            kchar=last_key;
0200:  MOVF   22,W
0201:  MOVWF  36
....................            last_key='\0';
0202:  CLRF   22
....................          }
....................        } else {
0203:  GOTO   234
....................           if((kbd & (ALL_ROWS))!=(ALL_ROWS)) {
0204:  MOVF   08,W
0205:  ANDLW  0F
0206:  SUBLW  0F
0207:  BTFSC  03.2
0208:  GOTO   22F
....................              if((kbd & ROW0)==0)
0209:  MOVF   08,W
020A:  ANDLW  01
020B:  BTFSS  03.2
020C:  GOTO   20F
....................                row=0;
020D:  CLRF   37
020E:  GOTO   223
....................              else if((kbd & ROW1)==0)
020F:  MOVF   08,W
0210:  ANDLW  02
0211:  BTFSS  03.2
0212:  GOTO   216
....................                row=1;
0213:  MOVLW  01
0214:  MOVWF  37
0215:  GOTO   223
....................              else if((kbd & ROW2)==0)
0216:  MOVF   08,W
0217:  ANDLW  04
0218:  BTFSS  03.2
0219:  GOTO   21D
....................                row=2;
021A:  MOVLW  02
021B:  MOVWF  37
021C:  GOTO   223
....................              else if((kbd & ROW3)==0)
021D:  MOVF   08,W
021E:  ANDLW  08
021F:  BTFSS  03.2
0220:  GOTO   223
....................                row=3;
0221:  MOVLW  03
0222:  MOVWF  37
....................              last_key =KEYS[row][col];
0223:  RLF    37,W
0224:  MOVWF  77
0225:  RLF    77,F
0226:  MOVLW  FC
0227:  ANDWF  77,F
0228:  MOVF   77,W
0229:  ADDWF  23,W
022A:  CALL   00C
022B:  MOVWF  78
022C:  MOVWF  22
....................              kbd_down = TRUE;
022D:  BSF    21.0
....................           } else {
022E:  GOTO   234
....................              ++col;
022F:  INCF   23,F
....................              if(col==4)
0230:  MOVF   23,W
0231:  SUBLW  04
0232:  BTFSC  03.2
....................                col=0;
0233:  CLRF   23
....................           }
....................        }
....................       kbd_call_count=0;
0234:  CLRF   20
....................    }
....................   set_tris_kbd(ALL_PINS);
0235:  MOVLW  FF
0236:  BSF    03.5
0237:  MOVWF  08
....................   return(kchar);
0238:  BCF    03.5
0239:  MOVF   36,W
023A:  MOVWF  78
023B:  BCF    0A.3
023C:  BCF    0A.4
023D:  GOTO   27E (RETURN)
=======
01AC:  BTFSS  21.0
01AD:  GOTO   1B8
....................          if((kbd & (ALL_ROWS))==(ALL_ROWS)) {
01AE:  MOVF   08,W
01AF:  ANDLW  0F
01B0:  SUBLW  0F
01B1:  BTFSS  03.2
01B2:  GOTO   1B7
....................            kbd_down=FALSE;
01B3:  BCF    21.0
....................            kchar=last_key;
01B4:  MOVF   22,W
01B5:  MOVWF  38
....................            last_key='\0';
01B6:  CLRF   22
....................          }
....................        } else {
01B7:  GOTO   1E8
....................           if((kbd & (ALL_ROWS))!=(ALL_ROWS)) {
01B8:  MOVF   08,W
01B9:  ANDLW  0F
01BA:  SUBLW  0F
01BB:  BTFSC  03.2
01BC:  GOTO   1E3
....................              if((kbd & ROW0)==0)
01BD:  MOVF   08,W
01BE:  ANDLW  01
01BF:  BTFSS  03.2
01C0:  GOTO   1C3
....................                row=0;
01C1:  CLRF   39
01C2:  GOTO   1D7
....................              else if((kbd & ROW1)==0)
01C3:  MOVF   08,W
01C4:  ANDLW  02
01C5:  BTFSS  03.2
01C6:  GOTO   1CA
....................                row=1;
01C7:  MOVLW  01
01C8:  MOVWF  39
01C9:  GOTO   1D7
....................              else if((kbd & ROW2)==0)
01CA:  MOVF   08,W
01CB:  ANDLW  04
01CC:  BTFSS  03.2
01CD:  GOTO   1D1
....................                row=2;
01CE:  MOVLW  02
01CF:  MOVWF  39
01D0:  GOTO   1D7
....................              else if((kbd & ROW3)==0)
01D1:  MOVF   08,W
01D2:  ANDLW  08
01D3:  BTFSS  03.2
01D4:  GOTO   1D7
....................                row=3;
01D5:  MOVLW  03
01D6:  MOVWF  39
....................              last_key =KEYS[row][col];
01D7:  RLF    39,W
01D8:  MOVWF  77
01D9:  RLF    77,F
01DA:  MOVLW  FC
01DB:  ANDWF  77,F
01DC:  MOVF   77,W
01DD:  ADDWF  23,W
01DE:  CALL   00C
01DF:  MOVWF  78
01E0:  MOVWF  22
....................              kbd_down = TRUE;
01E1:  BSF    21.0
....................           } else {
01E2:  GOTO   1E8
....................              ++col;
01E3:  INCF   23,F
....................              if(col==4)
01E4:  MOVF   23,W
01E5:  SUBLW  04
01E6:  BTFSC  03.2
....................                col=0;
01E7:  CLRF   23
....................           }
....................        }
....................       kbd_call_count=0;
01E8:  CLRF   20
....................    }
....................   set_tris_kbd(ALL_PINS);
01E9:  MOVLW  FF
01EA:  BSF    03.5
01EB:  MOVWF  08
....................   return(kchar);
01EC:  BCF    03.5
01ED:  MOVF   38,W
01EE:  MOVWF  78
01EF:  BCF    0A.3
01F0:  BCF    0A.4
01F1:  GOTO   1FB (RETURN)
>>>>>>> Stashed changes
.................... }
.................... 
.................... #include <getNum16.c>
.................... /*
....................    ** Se requiere haber inicializado el lcd y el teclado ** 
....................    
....................    Usar como "int16 numero = get_num();" no puede borrar numeros
....................    
....................    Al usar como "int16 numero = get_num_lcd(cursor_x,cursor_y)"
....................    se pueden borrar caracteres con '-' y con 'C'
....................       
....................    Por Angel Primitivo Vejar Corts 2022 | angel-primi@hotmail.com
.................... */
.................... 
.................... unsigned int32 pow(int8 base, int8 power){
*
<<<<<<< Updated upstream
0348:  CLRF   3C
0349:  CLRF   3B
034A:  CLRF   3A
034B:  MOVLW  01
034C:  MOVWF  39
....................    int32 result = 1;
....................    for(int8 i = 0; i < power; i++){
034D:  CLRF   3D
034E:  MOVF   38,W
034F:  SUBWF  3D,W
0350:  BTFSC  03.0
0351:  GOTO   36A
....................       result *= base;
0352:  MOVF   3C,W
0353:  MOVWF  41
0354:  MOVF   3B,W
0355:  MOVWF  40
0356:  MOVF   3A,W
0357:  MOVWF  3F
0358:  MOVF   39,W
0359:  MOVWF  3E
035A:  CLRF   45
035B:  CLRF   44
035C:  CLRF   43
035D:  MOVF   37,W
035E:  MOVWF  42
035F:  CALL   246
0360:  MOVF   7A,W
0361:  MOVWF  3C
0362:  MOVF   79,W
0363:  MOVWF  3B
0364:  MOVF   78,W
0365:  MOVWF  3A
0366:  MOVF   77,W
0367:  MOVWF  39
0368:  INCF   3D,F
0369:  GOTO   34E
....................    }
....................    return result;
036A:  MOVF   39,W
036B:  MOVWF  77
036C:  MOVF   3A,W
036D:  MOVWF  78
036E:  MOVF   3B,W
036F:  MOVWF  79
0370:  MOVF   3C,W
0371:  MOVWF  7A
=======
02AC:  CLRF   3E
02AD:  CLRF   3D
02AE:  CLRF   3C
02AF:  MOVLW  01
02B0:  MOVWF  3B
....................    int32 result = 1;
....................    for(int8 i = 0; i < power; i++){
02B1:  CLRF   3F
02B2:  MOVF   3A,W
02B3:  SUBWF  3F,W
02B4:  BTFSC  03.0
02B5:  GOTO   2CE
....................       result *= base;
02B6:  MOVF   3E,W
02B7:  MOVWF  43
02B8:  MOVF   3D,W
02B9:  MOVWF  42
02BA:  MOVF   3C,W
02BB:  MOVWF  41
02BC:  MOVF   3B,W
02BD:  MOVWF  40
02BE:  CLRF   47
02BF:  CLRF   46
02C0:  CLRF   45
02C1:  MOVF   39,W
02C2:  MOVWF  44
02C3:  CALL   203
02C4:  MOVF   7A,W
02C5:  MOVWF  3E
02C6:  MOVF   79,W
02C7:  MOVWF  3D
02C8:  MOVF   78,W
02C9:  MOVWF  3C
02CA:  MOVF   77,W
02CB:  MOVWF  3B
02CC:  INCF   3F,F
02CD:  GOTO   2B2
....................    }
....................    return result;
02CE:  MOVF   3B,W
02CF:  MOVWF  77
02D0:  MOVF   3C,W
02D1:  MOVWF  78
02D2:  MOVF   3D,W
02D3:  MOVWF  79
02D4:  MOVF   3E,W
02D5:  MOVWF  7A
>>>>>>> Stashed changes
.................... }
.................... 
.................... char read_key(){
....................    char c;
....................    do{
....................       c=kbd_getc();
*
<<<<<<< Updated upstream
027D:  GOTO   1D5
027E:  MOVF   78,W
027F:  MOVWF  35
....................    }
....................    while(c=='\0'); 
0280:  MOVF   35,F
0281:  BTFSC  03.2
0282:  GOTO   27D
....................    return(c);
0283:  MOVF   35,W
0284:  MOVWF  78
=======
01FA:  GOTO   189
01FB:  MOVF   78,W
01FC:  MOVWF  37
....................    }
....................    while(c=='\0'); 
01FD:  MOVF   37,F
01FE:  BTFSC  03.2
01FF:  GOTO   1FA
....................    return(c);
0200:  MOVF   37,W
0201:  MOVWF  78
0202:  RETURN
>>>>>>> Stashed changes
.................... }
.................... 
.................... int16 get_num_lcd(int8 x, int8 y){
....................    lcd_gotoxy(x,y);
*
<<<<<<< Updated upstream
0270:  MOVF   29,W
0271:  MOVWF  39
0272:  MOVF   2A,W
0273:  MOVWF  3A
0274:  CALL   0E1
....................    int16 numero = 0;
....................    char cadena[5] = {0,0,0,0,0};
*
0277:  CLRF   2D
0278:  CLRF   2E
0279:  CLRF   2F
027A:  CLRF   30
027B:  CLRF   31
....................    int8 index = 0;
....................    char tecla;
*
0275:  CLRF   2C
0276:  CLRF   2B
*
027C:  CLRF   32
....................    do {
....................       tecla = read_key();
*
0285:  MOVF   78,W
0286:  MOVWF  33
....................       if((tecla >= 48) && (tecla <= 57)) 
0287:  MOVF   33,W
0288:  SUBLW  2F
0289:  BTFSC  03.0
028A:  GOTO   299
028B:  MOVF   33,W
028C:  SUBLW  39
028D:  BTFSS  03.0
028E:  GOTO   299
....................       {
....................          cadena[index] = tecla;
028F:  MOVLW  2D
0290:  ADDWF  32,W
0291:  MOVWF  04
0292:  BCF    03.7
0293:  MOVF   33,W
0294:  MOVWF  00
....................          index++;
0295:  INCF   32,F
....................          printf(lcd_putc,"%c",tecla);
0296:  MOVF   33,W
0297:  MOVWF  38
0298:  CALL   0F3
....................       }
....................       
....................       if(tecla == '-' && index > 0){
0299:  MOVF   33,W
029A:  SUBLW  2D
029B:  BTFSS  03.2
029C:  GOTO   2B7
029D:  MOVF   32,F
029E:  BTFSC  03.2
029F:  GOTO   2B7
....................          index--;
02A0:  DECF   32,F
....................          cadena[index] = 0;
02A1:  MOVLW  2D
02A2:  ADDWF  32,W
02A3:  MOVWF  04
02A4:  BCF    03.7
02A5:  CLRF   00
....................          lcd_gotoxy(x + index,y);
02A6:  MOVF   32,W
02A7:  ADDWF  29,W
02A8:  MOVWF  35
02A9:  MOVWF  39
02AA:  MOVF   2A,W
02AB:  MOVWF  3A
02AC:  CALL   0E1
....................          printf(lcd_putc," ");
02AD:  MOVLW  20
02AE:  MOVWF  38
02AF:  CALL   0F3
....................          lcd_gotoxy(x + index,y);
02B0:  MOVF   32,W
02B1:  ADDWF  29,W
02B2:  MOVWF  35
02B3:  MOVWF  39
02B4:  MOVF   2A,W
02B5:  MOVWF  3A
02B6:  CALL   0E1
....................       }
....................       
....................       if(tecla == 'C' && index > 0){
02B7:  MOVF   33,W
02B8:  SUBLW  43
02B9:  BTFSS  03.2
02BA:  GOTO   327
02BB:  MOVF   32,F
02BC:  BTFSC  03.2
02BD:  GOTO   327
....................          index=0;
02BE:  CLRF   32
....................          cadena[0] = 0;
02BF:  CLRF   2D
....................          cadena[1] = 0;
02C0:  CLRF   2E
....................          cadena[2] = 0;
02C1:  CLRF   2F
....................          cadena[3] = 0;
02C2:  CLRF   30
....................          cadena[4] = 0;
02C3:  CLRF   31
....................          lcd_gotoxy(x,y);
02C4:  MOVF   29,W
02C5:  MOVWF  39
02C6:  MOVF   2A,W
02C7:  MOVWF  3A
02C8:  CALL   0E1
....................          printf(lcd_putc,"     ");
02C9:  MOVLW  20
02CA:  BSF    03.6
02CB:  MOVWF  0D
02CC:  MOVLW  00
02CD:  MOVWF  0F
....................          lcd_gotoxy(x,y);
*
0321:  BCF    03.6
0322:  MOVF   29,W
0323:  MOVWF  39
0324:  MOVF   2A,W
0325:  MOVWF  3A
0326:  CALL   0E1
....................       }
....................       
....................       if(tecla == '=' && index > 0){
0327:  MOVF   33,W
0328:  SUBLW  3D
0329:  BTFSS  03.2
032A:  GOTO   32E
032B:  MOVF   32,F
032C:  BTFSS  03.2
....................          break;     
032D:  GOTO   332
....................       }
....................    }while(index < 5);
032E:  MOVF   32,W
032F:  SUBLW  04
0330:  BTFSC  03.0
0331:  GOTO   27D
....................    
....................    for(int8 i = 0; i < index; i++){
0332:  CLRF   34
0333:  MOVF   32,W
0334:  SUBWF  34,W
0335:  BTFSC  03.0
0336:  GOTO   393
....................       numero += (cadena[i] - 48) * (pow(10,index - 1 - i));
0337:  MOVLW  2D
0338:  ADDWF  34,W
0339:  MOVWF  04
033A:  BCF    03.7
033B:  MOVLW  30
033C:  SUBWF  00,W
033D:  MOVWF  35
033E:  MOVLW  01
033F:  SUBWF  32,W
0340:  MOVWF  78
0341:  MOVF   34,W
0342:  SUBWF  78,W
0343:  MOVWF  36
0344:  MOVLW  0A
0345:  MOVWF  37
0346:  MOVF   36,W
0347:  MOVWF  38
*
0372:  CLRF   37
0373:  MOVF   04,W
0374:  MOVWF  36
0375:  BCF    37.0
0376:  BTFSC  03.7
0377:  BSF    37.0
0378:  CLRF   41
0379:  CLRF   40
037A:  CLRF   3F
037B:  MOVF   35,W
037C:  MOVWF  3E
037D:  MOVF   7A,W
037E:  MOVWF  45
037F:  MOVF   79,W
0380:  MOVWF  44
0381:  MOVF   78,W
0382:  MOVWF  43
0383:  MOVF   77,W
0384:  MOVWF  42
0385:  CALL   246
0386:  MOVF   36,W
0387:  MOVWF  04
0388:  BCF    03.7
0389:  BTFSC  37.0
038A:  BSF    03.7
038B:  MOVF   77,W
038C:  ADDWF  2B,F
038D:  MOVF   78,W
038E:  BTFSC  03.0
038F:  INCFSZ 78,W
0390:  ADDWF  2C,F
0391:  INCF   34,F
0392:  GOTO   333
....................    }  
....................    return numero;
0393:  MOVF   2B,W
0394:  MOVWF  78
0395:  MOVF   2C,W
0396:  MOVWF  79
0397:  BCF    0A.3
0398:  BCF    0A.4
0399:  GOTO   3CA (RETURN)
=======
022D:  MOVF   2B,W
022E:  MOVWF  3B
022F:  MOVF   2C,W
0230:  MOVWF  3C
0231:  CALL   0FD
....................    int16 numero = 0;
....................    char cadena[5] = {0,0,0,0,0};
*
0234:  CLRF   2F
0235:  CLRF   30
0236:  CLRF   31
0237:  CLRF   32
0238:  CLRF   33
....................    int8 index = 0;
....................    char tecla;
*
0232:  CLRF   2E
0233:  CLRF   2D
*
0239:  CLRF   34
....................    do {
....................       tecla = read_key();
023A:  CALL   1FA
023B:  MOVF   78,W
023C:  MOVWF  35
....................       if((tecla >= 48) && (tecla <= 57)) 
023D:  MOVF   35,W
023E:  SUBLW  2F
023F:  BTFSC  03.0
0240:  GOTO   24F
0241:  MOVF   35,W
0242:  SUBLW  39
0243:  BTFSS  03.0
0244:  GOTO   24F
....................       {
....................          cadena[index] = tecla;
0245:  MOVLW  2F
0246:  ADDWF  34,W
0247:  MOVWF  04
0248:  BCF    03.7
0249:  MOVF   35,W
024A:  MOVWF  00
....................          index++;
024B:  INCF   34,F
....................          printf(lcd_putc,"%c",tecla);
024C:  MOVF   35,W
024D:  MOVWF  3A
024E:  CALL   10F
....................       }
....................       
....................       if(tecla == '-' && index > 0){
024F:  MOVF   35,W
0250:  SUBLW  2D
0251:  BTFSS  03.2
0252:  GOTO   26D
0253:  MOVF   34,F
0254:  BTFSC  03.2
0255:  GOTO   26D
....................          index--;
0256:  DECF   34,F
....................          cadena[index] = 0;
0257:  MOVLW  2F
0258:  ADDWF  34,W
0259:  MOVWF  04
025A:  BCF    03.7
025B:  CLRF   00
....................          lcd_gotoxy(x + index,y);
025C:  MOVF   34,W
025D:  ADDWF  2B,W
025E:  MOVWF  37
025F:  MOVWF  3B
0260:  MOVF   2C,W
0261:  MOVWF  3C
0262:  CALL   0FD
....................          printf(lcd_putc," ");
0263:  MOVLW  20
0264:  MOVWF  3A
0265:  CALL   10F
....................          lcd_gotoxy(x + index,y);
0266:  MOVF   34,W
0267:  ADDWF  2B,W
0268:  MOVWF  37
0269:  MOVWF  3B
026A:  MOVF   2C,W
026B:  MOVWF  3C
026C:  CALL   0FD
....................       }
....................       
....................       if(tecla == 'C' && index > 0){
026D:  MOVF   35,W
026E:  SUBLW  43
026F:  BTFSS  03.2
0270:  GOTO   28B
0271:  MOVF   34,F
0272:  BTFSC  03.2
0273:  GOTO   28B
....................          index=0;
0274:  CLRF   34
....................          cadena[0] = 0;
0275:  CLRF   2F
....................          cadena[1] = 0;
0276:  CLRF   30
....................          cadena[2] = 0;
0277:  CLRF   31
....................          cadena[3] = 0;
0278:  CLRF   32
....................          cadena[4] = 0;
0279:  CLRF   33
....................          lcd_gotoxy(x,y);
027A:  MOVF   2B,W
027B:  MOVWF  3B
027C:  MOVF   2C,W
027D:  MOVWF  3C
027E:  CALL   0FD
....................          printf(lcd_putc,"     ");
027F:  MOVLW  20
0280:  BSF    03.6
0281:  MOVWF  0D
0282:  MOVLW  00
0283:  MOVWF  0F
0284:  BCF    03.6
0285:  CALL   133
....................          lcd_gotoxy(x,y);
0286:  MOVF   2B,W
0287:  MOVWF  3B
0288:  MOVF   2C,W
0289:  MOVWF  3C
028A:  CALL   0FD
....................       }
....................       
....................       if(tecla == '=' && index > 0){
028B:  MOVF   35,W
028C:  SUBLW  3D
028D:  BTFSS  03.2
028E:  GOTO   292
028F:  MOVF   34,F
0290:  BTFSS  03.2
....................          break;     
0291:  GOTO   296
....................       }
....................    }while(index < 5);
0292:  MOVF   34,W
0293:  SUBLW  04
0294:  BTFSC  03.0
0295:  GOTO   23A
....................    
....................    for(int8 i = 0; i < index; i++){
0296:  CLRF   36
0297:  MOVF   34,W
0298:  SUBWF  36,W
0299:  BTFSC  03.0
029A:  GOTO   2F7
....................       numero += (cadena[i] - 48) * (pow(10,index - 1 - i));
029B:  MOVLW  2F
029C:  ADDWF  36,W
029D:  MOVWF  04
029E:  BCF    03.7
029F:  MOVLW  30
02A0:  SUBWF  00,W
02A1:  MOVWF  37
02A2:  MOVLW  01
02A3:  SUBWF  34,W
02A4:  MOVWF  78
02A5:  MOVF   36,W
02A6:  SUBWF  78,W
02A7:  MOVWF  38
02A8:  MOVLW  0A
02A9:  MOVWF  39
02AA:  MOVF   38,W
02AB:  MOVWF  3A
*
02D6:  CLRF   39
02D7:  MOVF   04,W
02D8:  MOVWF  38
02D9:  BCF    39.0
02DA:  BTFSC  03.7
02DB:  BSF    39.0
02DC:  CLRF   43
02DD:  CLRF   42
02DE:  CLRF   41
02DF:  MOVF   37,W
02E0:  MOVWF  40
02E1:  MOVF   7A,W
02E2:  MOVWF  47
02E3:  MOVF   79,W
02E4:  MOVWF  46
02E5:  MOVF   78,W
02E6:  MOVWF  45
02E7:  MOVF   77,W
02E8:  MOVWF  44
02E9:  CALL   203
02EA:  MOVF   38,W
02EB:  MOVWF  04
02EC:  BCF    03.7
02ED:  BTFSC  39.0
02EE:  BSF    03.7
02EF:  MOVF   77,W
02F0:  ADDWF  2D,F
02F1:  MOVF   78,W
02F2:  BTFSC  03.0
02F3:  INCFSZ 78,W
02F4:  ADDWF  2E,F
02F5:  INCF   36,F
02F6:  GOTO   297
....................    }  
....................    return numero;
02F7:  MOVF   2D,W
02F8:  MOVWF  78
02F9:  MOVF   2E,W
02FA:  MOVWF  79
02FB:  BCF    0A.3
02FC:  BCF    0A.4
02FD:  GOTO   47C (RETURN)
>>>>>>> Stashed changes
.................... }
.................... 
.................... int16 get_num() {
....................    int16 numero = 0;
....................    char cadena[5] = {0,0,0,0,0};
....................    int8 index = 0;
....................    char tecla;
....................    do {
....................       tecla = read_key();
....................       if((tecla >= 48) && (tecla <= 57)) 
....................       {
....................          cadena[index] = tecla;
....................          index++;
....................          printf(lcd_putc,"%c",tecla);
....................       }
....................       
....................       if(tecla == '=' && index > 0){
....................          break;     
....................       }
....................    }while(index < 5);
....................    
....................    for(int8 i = 0; i < index; i++){
....................       numero += (cadena[i] - 48) * (pow(10,index - 1 - i));
....................    }  
....................    return numero;
.................... }
.................... 
.................... 
.................... #use STANDARD_IO(C)
.................... #use STANDARD_IO(B)
.................... #use STANDARD_IO(D)
.................... 
.................... #define M_Fresa PIN_B0
.................... #define M_Light PIN_B1
.................... #define S_Fresa PIN_B4
.................... #define S_Light PIN_B5
.................... #define boton_paro PIN_B7
.................... 
<<<<<<< Updated upstream
=======
.................... int1 delay_paro(int16 segundos); // Declaramos funcin pero no la definimos
.................... int16 Cantidad;
.................... 
.................... /*void girar_Fresa()
.................... {
....................    output_high(M_Fresa);
....................    output_low(M_Light);
.................... }*/
.................... 
.................... /*void girar_Light()
.................... {
....................    output_high(M_Light);
....................    output_low(M_fresa);
.................... }*/
.................... 
>>>>>>> Stashed changes
.................... void paro()
.................... {
....................    output_low(M_Fresa);
*
00F4:  BSF    03.5
00F5:  BCF    06.0
00F6:  BCF    03.5
00F7:  BCF    06.0
....................    output_low(M_Light);
<<<<<<< Updated upstream
00DA:  BSF    03.5
00DB:  BCF    06.1
00DC:  BCF    03.5
00DD:  BCF    06.1
00DE:  BCF    0A.3
00DF:  BCF    0A.4
00E0:  GOTO   3B1 (RETURN)
=======
00F8:  BSF    03.5
00F9:  BCF    06.1
00FA:  BCF    03.5
00FB:  BCF    06.1
00FC:  RETURN
.................... }
.................... 
.................... void Cantidad_F()
.................... {
....................    printf(lcd_putc,"\fCajas: %5Lu", Cantidad);
*
03B8:  MOVLW  23
03B9:  BSF    03.6
03BA:  MOVWF  0D
03BB:  MOVLW  00
03BC:  MOVWF  0F
03BD:  BCF    03.0
03BE:  MOVLW  08
03BF:  BCF    03.6
03C0:  MOVWF  2C
03C1:  CALL   2FE
03C2:  MOVLW  00
03C3:  MOVWF  04
03C4:  MOVF   28,W
03C5:  MOVWF  2D
03C6:  MOVF   27,W
03C7:  MOVWF  2C
03C8:  CALL   355
....................    int8 i = 0;
03C9:  CLRF   2B
....................    while(i < Cantidad)
03CA:  MOVF   28,F
03CB:  BTFSS  03.2
03CC:  GOTO   3D1
03CD:  MOVF   27,W
03CE:  SUBWF  2B,W
03CF:  BTFSC  03.0
03D0:  GOTO   3DA
....................    {
....................       output_high(M_Fresa);
03D1:  BSF    03.5
03D2:  BCF    06.0
03D3:  BCF    03.5
03D4:  BSF    06.0
....................       output_low(M_Light);
03D5:  BSF    03.5
03D6:  BCF    06.1
03D7:  BCF    03.5
03D8:  BCF    06.1
....................       if(S_Fresa == TRUE)
....................       {
....................          i++;
....................          return;
....................       }
03D9:  GOTO   3CA
....................    }
03DA:  BCF    0A.3
03DB:  BCF    0A.4
03DC:  GOTO   486 (RETURN)
.................... }
.................... 
.................... void Cantidad_L()
.................... {
....................    printf(lcd_putc,"\fCajas: %5Lu", Cantidad);
03DD:  MOVLW  2A
03DE:  BSF    03.6
03DF:  MOVWF  0D
03E0:  MOVLW  00
03E1:  MOVWF  0F
03E2:  BCF    03.0
03E3:  MOVLW  08
03E4:  BCF    03.6
03E5:  MOVWF  2C
03E6:  CALL   2FE
03E7:  MOVLW  00
03E8:  MOVWF  04
03E9:  MOVF   28,W
03EA:  MOVWF  2D
03EB:  MOVF   27,W
03EC:  MOVWF  2C
03ED:  CALL   355
....................    int8 i = 0;
03EE:  CLRF   2B
....................    while(i < Cantidad)
03EF:  MOVF   28,F
03F0:  BTFSS  03.2
03F1:  GOTO   3F6
03F2:  MOVF   27,W
03F3:  SUBWF  2B,W
03F4:  BTFSC  03.0
03F5:  GOTO   3FF
....................    {
....................       output_high(M_Light);
03F6:  BSF    03.5
03F7:  BCF    06.1
03F8:  BCF    03.5
03F9:  BSF    06.1
....................       output_low(M_Fresa);
03FA:  BSF    03.5
03FB:  BCF    06.0
03FC:  BCF    03.5
03FD:  BCF    06.0
03FE:  GOTO   3EF
....................    }
03FF:  BCF    0A.3
0400:  BCF    0A.4
0401:  GOTO   48F (RETURN)
>>>>>>> Stashed changes
.................... }
.................... 
.................... void paro_emergencia()
.................... {
....................    paro(); // Detener motores
*
0433:  CALL   0F4
....................    printf(lcd_putc,"\fPARO DE EMERGEN");
0434:  MOVLW  31
0435:  BSF    03.6
0436:  MOVWF  0D
0437:  MOVLW  00
0438:  MOVWF  0F
0439:  BCF    03.6
043A:  CALL   133
....................    while(input(boton_paro) == 1){}
043B:  BSF    03.5
043C:  BSF    06.7
043D:  BCF    03.5
043E:  BTFSC  06.7
043F:  GOTO   43B
....................    printf(lcd_putc,"\fPRESS ANY KEY");
0440:  MOVLW  3A
0441:  BSF    03.6
0442:  MOVWF  0D
0443:  MOVLW  00
0444:  MOVWF  0F
0445:  BCF    03.6
0446:  CALL   133
....................    char tecla = read_key();
0447:  CALL   1FA
0448:  MOVF   78,W
0449:  MOVWF  2F
.................... }
.................... 
.................... int1 delay_paro(int16 segundos){
....................    for(int16 i = 0; i < segundos * 100; i++){
*
0402:  CLRF   2E
0403:  CLRF   2D
0404:  MOVF   2C,W
0405:  MOVWF  30
0406:  MOVF   2B,W
0407:  MOVWF  2F
0408:  CLRF   32
0409:  MOVLW  64
040A:  MOVWF  31
*
041F:  MOVF   79,W
0420:  MOVWF  7A
0421:  MOVF   2E,W
0422:  SUBWF  7A,W
0423:  BTFSS  03.0
0424:  GOTO   451
0425:  BTFSS  03.2
0426:  GOTO   42B
0427:  MOVF   78,W
0428:  SUBWF  2D,W
0429:  BTFSC  03.0
042A:  GOTO   451
....................       delay_ms(10);
042B:  MOVLW  0A
042C:  MOVWF  3B
042D:  CALL   05B
....................       if(input(boton_paro)){
042E:  BSF    03.5
042F:  BSF    06.7
0430:  BCF    03.5
0431:  BTFSS  06.7
0432:  GOTO   44D
....................          paro_emergencia();
....................          return 1;
*
044A:  MOVLW  01
044B:  MOVWF  78
044C:  GOTO   453
....................       }
044D:  INCF   2D,F
044E:  BTFSC  03.2
044F:  INCF   2E,F
0450:  GOTO   404
....................   }
....................    return 0;
0451:  MOVLW  00
0452:  MOVWF  78
0453:  BCF    0A.3
0454:  BCF    0A.4
0455:  GOTO   4A8 (RETURN)
.................... }
.................... 
.................... void main()
<<<<<<< Updated upstream
*
039A:  MOVF   03,W
039B:  ANDLW  1F
039C:  MOVWF  03
039D:  CLRF   25
039E:  CLRF   24
039F:  MOVLW  FF
03A0:  MOVWF  26
03A1:  BSF    03.5
03A2:  BSF    1F.0
03A3:  BSF    1F.1
03A4:  BSF    1F.2
03A5:  BCF    1F.3
03A6:  MOVLW  07
03A7:  MOVWF  1C
03A8:  BCF    03.7
=======
0456:  MOVF   03,W
0457:  ANDLW  1F
0458:  MOVWF  03
0459:  CLRF   25
045A:  CLRF   24
045B:  MOVLW  FF
045C:  MOVWF  26
045D:  BSF    03.5
045E:  BSF    1F.0
045F:  BSF    1F.1
0460:  BSF    1F.2
0461:  BCF    1F.3
0462:  MOVLW  07
0463:  MOVWF  1C
0464:  BCF    03.7
>>>>>>> Stashed changes
.................... {
....................    //port_b_pullups(TRUE);
....................    lcd_init();
*
<<<<<<< Updated upstream
03AE:  GOTO   0A3
....................    kbd_init();
03AF:  GOTO   0D3
....................    paro();
03B0:  GOTO   0D6
....................    input(boton_paro);
03B1:  BSF    03.5
03B2:  BSF    06.7
....................    int16 menu;
....................    
.................... 
....................    printf(lcd_putc,"Fresa/Light: %3Lu", menu);
03B3:  MOVLW  34
03B4:  BCF    03.5
03B5:  BSF    03.6
03B6:  MOVWF  0D
03B7:  MOVLW  00
03B8:  MOVWF  0F
03B9:  BCF    03.0
03BA:  MOVLW  0D
03BB:  BCF    03.6
03BC:  MOVWF  29
03BD:  GOTO   117
03BE:  MOVLW  02
03BF:  MOVWF  04
03C0:  MOVF   28,W
03C1:  MOVWF  2A
03C2:  MOVF   27,W
03C3:  MOVWF  29
03C4:  GOTO   170
....................    menu = get_num_lcd(9,2);
03C5:  MOVLW  09
03C6:  MOVWF  29
03C7:  MOVLW  02
03C8:  MOVWF  2A
03C9:  GOTO   270
03CA:  MOVF   79,W
03CB:  MOVWF  28
03CC:  MOVF   78,W
03CD:  MOVWF  27
....................    
....................    switch(menu)
03CE:  MOVF   27,W
03CF:  MOVWF  77
03D0:  MOVF   28,W
03D1:  MOVWF  7A
03D2:  MOVF   7A,W
03D3:  BTFSS  03.2
03D4:  GOTO   3D8
03D5:  MOVLW  01
03D6:  SUBWF  77,W
03D7:  BTFSS  03.2
03D8:  GOTO   3D9
....................    {
....................       case 1:
....................          
....................    }
.................... }
03D9:  SLEEP
=======
046A:  GOTO   0C1
....................    kbd_init();
046B:  GOTO   0F1
....................    paro();
046C:  CALL   0F4
....................    input(boton_paro);
046D:  BSF    03.5
046E:  BSF    06.7
....................    int16 menu;
....................    
....................    while (TRUE)
....................    {
....................       printf(lcd_putc,"\fFresa/light\n 1/3: ");
046F:  MOVLW  42
0470:  BCF    03.5
0471:  BSF    03.6
0472:  MOVWF  0D
0473:  MOVLW  00
0474:  MOVWF  0F
0475:  BCF    03.6
0476:  CALL   133
....................       menu = get_num_lcd(9,2);
0477:  MOVLW  09
0478:  MOVWF  2B
0479:  MOVLW  02
047A:  MOVWF  2C
047B:  GOTO   22D
047C:  MOVF   79,W
047D:  MOVWF  2A
047E:  MOVF   78,W
047F:  MOVWF  29
....................       
....................       if(menu == 1)
0480:  DECFSZ 29,W
0481:  GOTO   487
0482:  MOVF   2A,F
0483:  BTFSS  03.2
0484:  GOTO   487
....................       {
....................        Cantidad_F();
0485:  GOTO   3B8
....................       }
0486:  GOTO   4A8
....................       else if (menu == 2)
0487:  MOVF   29,W
0488:  SUBLW  02
0489:  BTFSS  03.2
048A:  GOTO   490
048B:  MOVF   2A,F
048C:  BTFSS  03.2
048D:  GOTO   490
....................       {
....................        Cantidad_L();         
048E:  GOTO   3DD
....................       }
048F:  GOTO   4A8
....................       else if(Cantidad <= 0 || cantidad > 2)
0490:  MOVF   27,F
0491:  BTFSS  03.2
0492:  GOTO   496
0493:  MOVF   28,F
0494:  BTFSC  03.2
0495:  GOTO   49D
0496:  MOVF   28,F
0497:  BTFSS  03.2
0498:  GOTO   49D
0499:  MOVF   27,W
049A:  SUBLW  02
049B:  BTFSC  03.0
049C:  GOTO   4A8
....................       {
....................         printf(lcd_putc,"\f**ERROR** \nNumero no valido");
049D:  MOVLW  4C
049E:  BSF    03.6
049F:  MOVWF  0D
04A0:  MOVLW  00
04A1:  MOVWF  0F
04A2:  BCF    03.6
04A3:  CALL   133
....................         delay_paro(2);
04A4:  CLRF   2C
04A5:  MOVLW  02
04A6:  MOVWF  2B
04A7:  GOTO   402
....................       }
04A8:  BSF    03.5
04A9:  GOTO   46F
....................    }
.................... }
04AA:  SLEEP
>>>>>>> Stashed changes

Configuration Fuses:
   Word  1: 3F32   HS NOWDT PUT NOBROWNOUT NOLVP NOCPD NOWRT NODEBUG NOPROTECT
