
ROM used:   542/8192 (7%)
            542/8192 (7%) including unused fragments

            0.5 Average locations per line
            6.6 Average locations per statement

RAM used:   9/368 (2%) at main() level
            28/368 (8%) worst case

Stack used: 4 worst case (4 in main + 0 for interrupts)
Stack size: 8

Lines Stmts  %   Files
----- ----- ---  -----
   33    15  18  Examen_U4.c
  708     0   0  ..\..\..\..\..\..\..\Program Files (x86)\PICC\Devices\16F877a.h
  350    67  82  ..\..\..\..\..\..\..\Program Files (x86)\PICC\Drivers\lcd_d.c
----- -----
 1091    82 Total

Page ROM  %  RAM    Vol Diff  Functions:
---- --- --- ---    --- ----  ----------
0     20   4    1             @delay_ms1
0      8   1    0             @const714
 Inline         3    587  6.0  lcd_read_byte
0      6   1    0     59  4.2  lcd_read_nibble
0     15   3    1    172  3.4  lcd_send_nibble
0     61  11    3    317  4.3  lcd_send_byte
0     48   9    2    624  5.8  lcd_init
 Inline         4    186  5.5  lcd_gotoxy
0     52  10    1    272  4.1  lcd_putc
0    132  24    4    354  2.8  MAIN
0     10   2    0      3  0.0  @const742
0     87  16    5   5853 10.1  @PSTRINGCN7_731
0     99  18    9      3  0.0  @PRINTF_LU_731
 Inline         0    155  5.0  @cinit1

Program metrics:
    Functions               12
    Statements              82
    Comments                209
    Volume (V)              11437
    Difficulty (D)          52.0
    Effort to implement (E) 594824
    Time to implement (T)   9 hours, 11 minutes
    Est Delivered Bugs (B)  2
    Cyclomatic Complexity   21
    Maintainability (MI)    113

 Segment     Used  Free
-----------  ----  ----
00000-00003     4  0  
00004-007FF   538  1506  
00800-00FFF     0  2048  
01000-017FF     0  2048  
01800-01FFF     0  2048  



