
ROM used:   149/8192 (2%)
            149/8192 (2%) including unused fragments

            0.2 Average locations per line
            4.7 Average locations per statement

RAM used:   6/368 (2%) at main() level
            9/368 (2%) worst case

Stack used: 0 worst case (0 in main + 0 for interrupts)
Stack size: 8

Lines Stmts  %   Files
----- ----- ---  -----
   64    32 100  SemaforoF.c
  708     0   0  ..\..\..\..\..\Program Files (x86)\PICC\Devices\16f877a.h
----- -----
  772    32 Total

Page ROM  %  RAM    Vol Diff  Functions:
---- --- --- ---    --- ----  ----------
0     21  14    1             @delay_ms1
0     33  22    2    204  4.5  green
0     33  22    2    167  3.1  yellow
0     28  19    2    192  4.0  red
0     30  20    0    129  1.7  MAIN
 Inline         0             @cinit1

Program metrics:
    Functions               4
    Statements              32
    Comments                146
    Volume (V)              994
    Difficulty (D)          12.9
    Effort to implement (E) 12842
    Time to implement (T)   12 minutes
    Est Delivered Bugs (B)  0
    Cyclomatic Complexity   5
    Maintainability (MI)    112

 Segment     Used  Free
-----------  ----  ----
00000-00003     4  0  
00004-007FF   145  1899  
00800-00FFF     0  2048  
01000-017FF     0  2048  
01800-01FFF     0  2048  



