
ROM used:   3045/8192 (37%)
            3048/8192 (37%) including unused fragments

            2.1 Average locations per line
            11.6 Average locations per statement

RAM used:   55/368 (15%) at main() level
            87/368 (24%) worst case

Stack used: 7 worst case (6 in main + 1 for interrupts)
Stack size: 8

Lines Stmts  %   Files
----- ----- ---  -----
  122    51  19  Control_rpm_4.c
  671     0   0  ..\..\..\..\Escritorio\PICC\Devices\16f877A.h
  456   100  38  ..\..\..\..\Escritorio\PICC\Drivers\lcd.c
  120    54  21  ..\..\..\..\Escritorio\PICC\Drivers\kbd_4x4_custom.c
   99    58  22  ..\..\..\..\Escritorio\PICC\Drivers\getNum16.c
----- -----
 1468   263 Total

Page ROM  %  RAM   Vol Diff  Functions:
---- --- --- ---   --- ----  ----------
0     20   1    1             @delay_ms1
 Inline         3   760  4.5  lcd_read_byte
0     49   2    2   262  3.7  lcd_read_nibble
0     48   2    1   399  2.4  lcd_send_nibble
0     94   3    3   415  3.7  lcd_send_byte
0     70   2    6   852  6.2  lcd_init
0     18   1    4   208  6.3  lcd_gotoxy
0     44   1    1   354  4.7  lcd_putc
0     20   1    0     3  0.0  @const657
0     27   1    0    67  1.2  kbd_init
0    150   5    1   786  4.8  read_row
0      8   0    0   155  5.0  @goto10700
 Inline         4   548  8.2  kbd_getc
 Inline         6   155  5.0  pow
0     42   1   13             @MUL3232
 Inline         1    90  3.1  read_key
0    271   9    5  1660 12.1  get_num_lcd
0      3   0    0             @const693
0     86   3    4   160  3.1  @PSTRINGC7_645
0      7   0    0    13  1.0  pulso
0     23   1    0    96  2.9  timer0
0     27   1    0   141  2.6  timer1_isr
1    518  17    4  1322  7.2  MAIN
0      9   0    0    13  1.0  @const727
0      9   0    0   204  2.3  @const728
0     21   1    5             @MUL1616
0     39   1    5             @DIV1616
0     29   1    4   204  2.3  @DTOF
0    321  11   16             @ADDFF
0    117   4   13             @MULFF
0    202   7   14             @DIVFF
0     31   1    5             @FTOSD
0     29   1    2             @ITOF
0     33   1    4             @SFTOI
0      5   0    0             @const753
0     87   3    5             @PSTRINGCN7_645
1     79   3   13             @DIV3232
1    209   7   13             @PRINTF_L32D_645FPFPF
0      6   0    0             @const762
1    103   3    9             @PRINTF_LU_645
0      5   0    0             @const765
1     91   3   12             @PRINTF_L32U_645
 Inline         0             @cinit1

Program metrics:
    Functions               23
    Statements              263
    Comments                243
    Volume (V)              15014
    Difficulty (D)          93.5
    Effort to implement (E) 1403997
    Time to implement (T)   21 hours, 40 minutes
    Est Delivered Bugs (B)  4
    Cyclomatic Complexity   33
    Maintainability (MI)    50

 Segment     Used  Free
-----------  ----  ----
00000-00003     4  0  
00004-0005E    91  0  
0005F-007FF  1950  3  
00800-00FFF  1000  1048  
01000-017FF     0  2048  
01800-01FFF     0  2048  



