CCS PCM C Compiler, Version 5.015, 5967               30-nov.-23 14:03

               Filename:   C:\Users\strop\OneDrive\Documentos\GitHub\Microcontroladores\Control_rpm_4\Control_rpm_4.lst

               ROM used:   3045 words (37%)
                           Largest free fragment is 2048
               RAM used:   55 (15%) at main() level
                           87 (24%) worst case
               Stack used: 7 locations (6 in main + 1 for interrupts)
               Stack size: 8

*
0000:  MOVLW  09
0001:  MOVWF  0A
0002:  GOTO   1E2
0003:  NOP
0004:  MOVWF  7F
0005:  SWAPF  03,W
0006:  CLRF   03
0007:  MOVWF  21
0008:  MOVF   0A,W
0009:  MOVWF  20
000A:  CLRF   0A
000B:  MOVF   04,W
000C:  MOVWF  22
000D:  MOVF   77,W
000E:  MOVWF  23
000F:  MOVF   78,W
0010:  MOVWF  24
0011:  MOVF   79,W
0012:  MOVWF  25
0013:  MOVF   7A,W
0014:  MOVWF  26
0015:  BSF    03.6
0016:  MOVF   0D,W
0017:  BCF    03.6
0018:  MOVWF  27
0019:  BSF    03.6
001A:  MOVF   0F,W
001B:  BCF    03.6
001C:  MOVWF  28
001D:  BSF    03.6
001E:  MOVF   0C,W
001F:  BCF    03.6
0020:  MOVWF  29
0021:  BSF    03.6
0022:  MOVF   0E,W
0023:  BCF    03.6
0024:  MOVWF  2A
0025:  BCF    03.7
0026:  BCF    03.5
0027:  BTFSS  0B.4
0028:  GOTO   02B
0029:  BTFSC  0B.1
002A:  GOTO   056
002B:  MOVLW  8C
002C:  MOVWF  04
002D:  BTFSS  00.0
002E:  GOTO   031
002F:  BTFSC  0C.0
0030:  GOTO   059
0031:  BTFSS  0B.5
0032:  GOTO   035
0033:  BTFSC  0B.2
0034:  GOTO   05C
0035:  MOVF   22,W
0036:  MOVWF  04
0037:  MOVF   23,W
0038:  MOVWF  77
0039:  MOVF   24,W
003A:  MOVWF  78
003B:  MOVF   25,W
003C:  MOVWF  79
003D:  MOVF   26,W
003E:  MOVWF  7A
003F:  MOVF   27,W
0040:  BSF    03.6
0041:  MOVWF  0D
0042:  BCF    03.6
0043:  MOVF   28,W
0044:  BSF    03.6
0045:  MOVWF  0F
0046:  BCF    03.6
0047:  MOVF   29,W
0048:  BSF    03.6
0049:  MOVWF  0C
004A:  BCF    03.6
004B:  MOVF   2A,W
004C:  BSF    03.6
004D:  MOVWF  0E
004E:  BCF    03.6
004F:  MOVF   20,W
0050:  MOVWF  0A
0051:  SWAPF  21,W
0052:  MOVWF  03
0053:  SWAPF  7F,F
0054:  SWAPF  7F,W
0055:  RETFIE
0056:  BCF    0A.3
0057:  BCF    0A.4
0058:  GOTO   076
0059:  BCF    0A.3
005A:  BCF    0A.4
005B:  GOTO   094
005C:  BCF    0A.3
005D:  BCF    0A.4
005E:  GOTO   07D
.................... #include <16f877A.h> 
.................... //////////// Standard Header file for the PIC16F877A device //////////////// 
.................... /////////////////////////////////////////////////////////////////////////// 
.................... ////        (C) Copyright 1996, 2013 Custom Computer Services          //// 
.................... //// This source code may only be used by licensed users of the CCS C  //// 
.................... //// compiler.  This source code may only be distributed to other      //// 
.................... //// licensed users of the CCS C compiler.  No other use, reproduction //// 
.................... //// or distribution is permitted without written permission.          //// 
.................... //// Derivative programs created using this software in object code    //// 
.................... //// form are not restricted in any way.                               //// 
.................... /////////////////////////////////////////////////////////////////////////// 
.................... #device PIC16F877A 
005F:  BCF    0A.0
0060:  BCF    0A.1
0061:  BCF    0A.2
0062:  ADDWF  02,F
0063:  RETLW  37
0064:  RETLW  38
0065:  RETLW  39
0066:  RETLW  2F
0067:  RETLW  34
0068:  RETLW  35
0069:  RETLW  36
006A:  RETLW  2A
006B:  RETLW  31
006C:  RETLW  32
006D:  RETLW  33
006E:  RETLW  2D
006F:  RETLW  43
0070:  RETLW  30
0071:  RETLW  3D
0072:  RETLW  2B
0073:  DATA 20,10
0074:  DATA 20,10
0075:  DATA 20,00
*
00AF:  DATA 0C,29
00B0:  DATA D0,26
00B1:  DATA 20,22
00B2:  DATA 45,10
00B3:  DATA 30,10
00B4:  DATA 41,10
00B5:  DATA 35,18
00B6:  DATA 30,18
00B7:  DATA 3A,00
00B8:  DATA 8C,34
00B9:  DATA EE,33
00BA:  DATA F2,32
00BB:  DATA F3,30
00BC:  DATA A0,37
00BD:  DATA 74,39
00BE:  DATA 6F,1D
00BF:  DATA 20,10
00C0:  DATA 00,00
00C1:  DATA 0C,29
00C2:  DATA D0,26
00C3:  DATA 3A,10
00C4:  DATA 25,33
00C5:  DATA 00,00
00C6:  DATA 8A,27
00C7:  DATA 42,25
00C8:  DATA BA,12
00C9:  DATA EC,3A
00CA:  DATA 20,10
00CB:  DATA 00,00
00CC:  DATA D0,37
00CD:  DATA F2,31
00CE:  DATA BA,12
00CF:  DATA EC,3A
00D0:  DATA 00,02
*
0243:  MOVF   0B,W
0244:  MOVWF  5C
0245:  BCF    0B.7
0246:  BSF    03.5
0247:  BSF    03.6
0248:  BSF    0C.7
0249:  BSF    0C.0
024A:  NOP
024B:  NOP
024C:  BCF    03.5
024D:  BCF    03.6
024E:  BTFSC  5C.7
024F:  BSF    0B.7
0250:  BSF    03.6
0251:  MOVF   0C,W
0252:  ANDLW  7F
0253:  BTFSC  03.2
0254:  GOTO   297
0255:  BCF    03.6
0256:  MOVWF  5C
0257:  BSF    03.6
0258:  MOVF   0D,W
0259:  BCF    03.6
025A:  MOVWF  5D
025B:  BSF    03.6
025C:  MOVF   0F,W
025D:  BCF    03.6
025E:  MOVWF  5E
025F:  MOVF   5C,W
0260:  MOVWF  5F
0261:  CALL   217
0262:  MOVF   5D,W
0263:  BSF    03.6
0264:  MOVWF  0D
0265:  BCF    03.6
0266:  MOVF   5E,W
0267:  BSF    03.6
0268:  MOVWF  0F
0269:  BCF    03.6
026A:  MOVF   0B,W
026B:  MOVWF  5F
026C:  BCF    0B.7
026D:  BSF    03.5
026E:  BSF    03.6
026F:  BSF    0C.7
0270:  BSF    0C.0
0271:  NOP
0272:  NOP
0273:  BCF    03.5
0274:  BCF    03.6
0275:  BTFSC  5F.7
0276:  BSF    0B.7
0277:  BSF    03.6
0278:  RLF    0C,W
0279:  RLF    0E,W
027A:  ANDLW  7F
027B:  BTFSC  03.2
027C:  GOTO   297
027D:  BCF    03.6
027E:  MOVWF  5C
027F:  BSF    03.6
0280:  MOVF   0D,W
0281:  BCF    03.6
0282:  MOVWF  5D
0283:  BSF    03.6
0284:  MOVF   0F,W
0285:  BCF    03.6
0286:  MOVWF  5E
0287:  MOVF   5C,W
0288:  MOVWF  5F
0289:  CALL   217
028A:  MOVF   5D,W
028B:  BSF    03.6
028C:  MOVWF  0D
028D:  BCF    03.6
028E:  MOVF   5E,W
028F:  BSF    03.6
0290:  MOVWF  0F
0291:  INCF   0D,F
0292:  BTFSC  03.2
0293:  INCF   0F,F
0294:  BCF    03.6
0295:  GOTO   243
0296:  BSF    03.6
0297:  BCF    03.6
0298:  RETURN
*
032F:  BSF    0A.0
0330:  BSF    0A.1
0331:  BCF    0A.2
0332:  ADDWF  02,F
0333:  GOTO   29F
0334:  GOTO   2B8
0335:  GOTO   2D1
0336:  GOTO   2EA
0337:  MOVLW  20
0338:  MOVWF  71
0339:  CLRF   6D
033A:  CLRF   6E
033B:  CLRF   6F
033C:  CLRF   70
033D:  MOVF   68,W
033E:  MOVWF  7A
033F:  MOVF   67,W
0340:  MOVWF  79
0341:  MOVF   66,W
0342:  MOVWF  78
0343:  MOVF   65,W
0344:  MOVWF  77
0345:  BCF    03.0
0346:  BTFSS  77.0
0347:  GOTO   356
0348:  MOVF   69,W
0349:  ADDWF  6D,F
034A:  MOVF   6A,W
034B:  BTFSC  03.0
034C:  INCFSZ 6A,W
034D:  ADDWF  6E,F
034E:  MOVF   6B,W
034F:  BTFSC  03.0
0350:  INCFSZ 6B,W
0351:  ADDWF  6F,F
0352:  MOVF   6C,W
0353:  BTFSC  03.0
0354:  INCFSZ 6C,W
0355:  ADDWF  70,F
0356:  RRF    70,F
0357:  RRF    6F,F
0358:  RRF    6E,F
0359:  RRF    6D,F
035A:  RRF    7A,F
035B:  RRF    79,F
035C:  RRF    78,F
035D:  RRF    77,F
035E:  DECFSZ 71,F
035F:  GOTO   345
0360:  RETURN
*
0470:  MOVLW  10
0471:  MOVWF  54
0472:  CLRF   77
0473:  CLRF   7A
0474:  RRF    51,F
0475:  RRF    50,F
0476:  BTFSS  03.0
0477:  GOTO   47E
0478:  MOVF   52,W
0479:  ADDWF  77,F
047A:  BTFSC  03.0
047B:  INCF   7A,F
047C:  MOVF   53,W
047D:  ADDWF  7A,F
047E:  RRF    7A,F
047F:  RRF    77,F
0480:  RRF    79,F
0481:  RRF    78,F
0482:  DECFSZ 54,F
0483:  GOTO   474
0484:  RETURN
0485:  CLRF   78
0486:  CLRF   79
0487:  CLRF   77
0488:  CLRF   7A
0489:  MOVF   55,W
048A:  BTFSS  03.2
048B:  GOTO   48F
048C:  MOVF   54,W
048D:  BTFSC  03.2
048E:  GOTO   4A9
048F:  MOVLW  10
0490:  MOVWF  56
0491:  BCF    03.0
0492:  RLF    52,F
0493:  RLF    53,F
0494:  RLF    77,F
0495:  RLF    7A,F
0496:  MOVF   55,W
0497:  SUBWF  7A,W
0498:  BTFSS  03.2
0499:  GOTO   49C
049A:  MOVF   54,W
049B:  SUBWF  77,W
049C:  BTFSS  03.0
049D:  GOTO   4A5
049E:  MOVF   54,W
049F:  SUBWF  77,F
04A0:  BTFSS  03.0
04A1:  DECF   7A,F
04A2:  MOVF   55,W
04A3:  SUBWF  7A,F
04A4:  BSF    03.0
04A5:  RLF    78,F
04A6:  RLF    79,F
04A7:  DECFSZ 56,F
04A8:  GOTO   491
04A9:  BSF    0A.3
04AA:  BCF    0A.4
04AB:  GOTO   26B (RETURN)
04AC:  MOVLW  B6
04AD:  MOVWF  77
04AE:  CLRF   7A
04AF:  CLRF   79
04B0:  CLRF   78
04B1:  MOVF   50,W
04B2:  IORWF  51,W
04B3:  IORWF  52,W
04B4:  IORWF  53,W
04B5:  BTFSS  03.2
04B6:  GOTO   4B9
04B7:  CLRF   77
04B8:  GOTO   4C6
04B9:  BCF    03.0
04BA:  BTFSC  78.7
04BB:  GOTO   4C5
04BC:  RLF    50,F
04BD:  RLF    51,F
04BE:  RLF    52,F
04BF:  RLF    53,F
04C0:  RLF    7A,F
04C1:  RLF    79,F
04C2:  RLF    78,F
04C3:  DECFSZ 77,F
04C4:  GOTO   4B9
04C5:  BCF    78.7
04C6:  BSF    0A.3
04C7:  BCF    0A.4
04C8:  GOTO   288 (RETURN)
04C9:  MOVLW  80
04CA:  BTFSC  03.1
04CB:  XORWF  55,F
04CC:  CLRF   5A
04CD:  CLRF   5B
04CE:  MOVF   51,W
04CF:  MOVWF  59
04D0:  MOVF   55,W
04D1:  XORWF  59,F
04D2:  MOVF   50,W
04D3:  BTFSC  03.2
04D4:  GOTO   5B9
04D5:  MOVWF  58
04D6:  MOVWF  77
04D7:  MOVF   54,W
04D8:  BTFSC  03.2
04D9:  GOTO   5C2
04DA:  SUBWF  58,F
04DB:  BTFSC  03.2
04DC:  GOTO   55E
04DD:  BTFSS  03.0
04DE:  GOTO   51C
04DF:  MOVF   55,W
04E0:  MOVWF  5E
04E1:  BSF    5E.7
04E2:  MOVF   56,W
04E3:  MOVWF  5D
04E4:  MOVF   57,W
04E5:  MOVWF  5C
04E6:  CLRF   5B
04E7:  BCF    03.0
04E8:  RRF    5E,F
04E9:  RRF    5D,F
04EA:  RRF    5C,F
04EB:  RRF    5B,F
04EC:  DECFSZ 58,F
04ED:  GOTO   4E6
04EE:  BTFSS  59.7
04EF:  GOTO   4F3
04F0:  BSF    5A.0
04F1:  GOTO   5D6
04F2:  BCF    5A.0
04F3:  BCF    58.0
04F4:  BSF    5A.4
04F5:  MOVLW  53
04F6:  MOVWF  04
04F7:  BCF    03.7
04F8:  GOTO   5EB
04F9:  BCF    5A.4
04FA:  BTFSC  59.7
04FB:  GOTO   506
04FC:  BTFSS  58.0
04FD:  GOTO   511
04FE:  RRF    5E,F
04FF:  RRF    5D,F
0500:  RRF    5C,F
0501:  RRF    5B,F
0502:  INCF   77,F
0503:  BTFSC  03.2
0504:  GOTO   5D1
0505:  GOTO   511
0506:  BTFSC  5E.7
0507:  GOTO   514
0508:  BCF    03.0
0509:  RLF    5B,F
050A:  RLF    5C,F
050B:  RLF    5D,F
050C:  RLF    5E,F
050D:  DECF   77,F
050E:  BTFSC  03.2
050F:  GOTO   5D1
0510:  GOTO   506
0511:  BSF    5A.6
0512:  GOTO   57E
0513:  BCF    5A.6
0514:  MOVF   51,W
0515:  MOVWF  59
0516:  BTFSS  59.7
0517:  GOTO   51A
0518:  BSF    5E.7
0519:  GOTO   5CA
051A:  BCF    5E.7
051B:  GOTO   5CA
051C:  MOVF   54,W
051D:  MOVWF  58
051E:  MOVWF  77
051F:  MOVF   50,W
0520:  SUBWF  58,F
0521:  MOVF   51,W
0522:  MOVWF  5E
0523:  BSF    5E.7
0524:  MOVF   52,W
0525:  MOVWF  5D
0526:  MOVF   53,W
0527:  MOVWF  5C
0528:  CLRF   5B
0529:  BCF    03.0
052A:  RRF    5E,F
052B:  RRF    5D,F
052C:  RRF    5C,F
052D:  RRF    5B,F
052E:  DECFSZ 58,F
052F:  GOTO   528
0530:  BTFSS  59.7
0531:  GOTO   535
0532:  BSF    5A.1
0533:  GOTO   5D6
0534:  BCF    5A.1
0535:  BCF    58.0
0536:  BSF    5A.5
0537:  MOVLW  57
0538:  MOVWF  04
0539:  BCF    03.7
053A:  GOTO   5EB
053B:  BCF    5A.5
053C:  BTFSC  59.7
053D:  GOTO   548
053E:  BTFSS  58.0
053F:  GOTO   553
0540:  RRF    5E,F
0541:  RRF    5D,F
0542:  RRF    5C,F
0543:  RRF    5B,F
0544:  INCF   77,F
0545:  BTFSC  03.2
0546:  GOTO   5D1
0547:  GOTO   553
0548:  BTFSC  5E.7
0549:  GOTO   556
054A:  BCF    03.0
054B:  RLF    5B,F
054C:  RLF    5C,F
054D:  RLF    5D,F
054E:  RLF    5E,F
054F:  DECF   77,F
0550:  BTFSC  03.2
0551:  GOTO   5D1
0552:  GOTO   548
0553:  BSF    5A.7
0554:  GOTO   57E
0555:  BCF    5A.7
0556:  MOVF   55,W
0557:  MOVWF  59
0558:  BTFSS  59.7
0559:  GOTO   55C
055A:  BSF    5E.7
055B:  GOTO   5CA
055C:  BCF    5E.7
055D:  GOTO   5CA
055E:  MOVF   55,W
055F:  MOVWF  5E
0560:  BSF    5E.7
0561:  MOVF   56,W
0562:  MOVWF  5D
0563:  MOVF   57,W
0564:  MOVWF  5C
0565:  BTFSS  59.7
0566:  GOTO   56B
0567:  BCF    5E.7
0568:  BSF    5A.2
0569:  GOTO   5D6
056A:  BCF    5A.2
056B:  CLRF   5B
056C:  BCF    58.0
056D:  MOVLW  53
056E:  MOVWF  04
056F:  BCF    03.7
0570:  GOTO   5EB
0571:  BTFSC  59.7
0572:  GOTO   594
0573:  MOVF   51,W
0574:  MOVWF  59
0575:  BTFSS  58.0
0576:  GOTO   57E
0577:  RRF    5E,F
0578:  RRF    5D,F
0579:  RRF    5C,F
057A:  RRF    5B,F
057B:  INCF   77,F
057C:  BTFSC  03.2
057D:  GOTO   5D1
057E:  BTFSS  5B.7
057F:  GOTO   58F
0580:  INCF   5C,F
0581:  BTFSS  03.2
0582:  GOTO   58F
0583:  INCF   5D,F
0584:  BTFSS  03.2
0585:  GOTO   58F
0586:  INCF   5E,F
0587:  BTFSS  03.2
0588:  GOTO   58F
0589:  RRF    5E,F
058A:  RRF    5D,F
058B:  RRF    5C,F
058C:  INCF   77,F
058D:  BTFSC  03.2
058E:  GOTO   5D1
058F:  BTFSC  5A.6
0590:  GOTO   513
0591:  BTFSC  5A.7
0592:  GOTO   555
0593:  GOTO   5B3
0594:  MOVLW  80
0595:  XORWF  5E,F
0596:  BTFSS  5E.7
0597:  GOTO   59C
0598:  GOTO   5D6
0599:  MOVF   55,W
059A:  MOVWF  59
059B:  GOTO   5A9
059C:  MOVF   51,W
059D:  MOVWF  59
059E:  MOVF   5E,F
059F:  BTFSS  03.2
05A0:  GOTO   5A9
05A1:  MOVF   5D,F
05A2:  BTFSS  03.2
05A3:  GOTO   5A9
05A4:  MOVF   5C,F
05A5:  BTFSS  03.2
05A6:  GOTO   5A9
05A7:  CLRF   77
05A8:  GOTO   5CA
05A9:  BTFSC  5E.7
05AA:  GOTO   5B3
05AB:  BCF    03.0
05AC:  RLF    5B,F
05AD:  RLF    5C,F
05AE:  RLF    5D,F
05AF:  RLF    5E,F
05B0:  DECFSZ 77,F
05B1:  GOTO   5A9
05B2:  GOTO   5D1
05B3:  BTFSS  59.7
05B4:  GOTO   5B7
05B5:  BSF    5E.7
05B6:  GOTO   5CA
05B7:  BCF    5E.7
05B8:  GOTO   5CA
05B9:  MOVF   54,W
05BA:  MOVWF  77
05BB:  MOVF   55,W
05BC:  MOVWF  5E
05BD:  MOVF   56,W
05BE:  MOVWF  5D
05BF:  MOVF   57,W
05C0:  MOVWF  5C
05C1:  GOTO   5CA
05C2:  MOVF   50,W
05C3:  MOVWF  77
05C4:  MOVF   51,W
05C5:  MOVWF  5E
05C6:  MOVF   52,W
05C7:  MOVWF  5D
05C8:  MOVF   53,W
05C9:  MOVWF  5C
05CA:  MOVF   5E,W
05CB:  MOVWF  78
05CC:  MOVF   5D,W
05CD:  MOVWF  79
05CE:  MOVF   5C,W
05CF:  MOVWF  7A
05D0:  GOTO   609
05D1:  CLRF   77
05D2:  CLRF   78
05D3:  CLRF   79
05D4:  CLRF   7A
05D5:  GOTO   609
05D6:  CLRF   5B
05D7:  COMF   5C,F
05D8:  COMF   5D,F
05D9:  COMF   5E,F
05DA:  COMF   5B,F
05DB:  INCF   5B,F
05DC:  BTFSS  03.2
05DD:  GOTO   5E4
05DE:  INCF   5C,F
05DF:  BTFSS  03.2
05E0:  GOTO   5E4
05E1:  INCF   5D,F
05E2:  BTFSC  03.2
05E3:  INCF   5E,F
05E4:  BTFSC  5A.0
05E5:  GOTO   4F2
05E6:  BTFSC  5A.1
05E7:  GOTO   534
05E8:  BTFSC  5A.2
05E9:  GOTO   56A
05EA:  GOTO   599
05EB:  MOVF   00,W
05EC:  ADDWF  5C,F
05ED:  BTFSS  03.0
05EE:  GOTO   5F5
05EF:  INCF   5D,F
05F0:  BTFSS  03.2
05F1:  GOTO   5F5
05F2:  INCF   5E,F
05F3:  BTFSC  03.2
05F4:  BSF    58.0
05F5:  DECF   04,F
05F6:  MOVF   00,W
05F7:  ADDWF  5D,F
05F8:  BTFSS  03.0
05F9:  GOTO   5FD
05FA:  INCF   5E,F
05FB:  BTFSC  03.2
05FC:  BSF    58.0
05FD:  DECF   04,F
05FE:  MOVF   00,W
05FF:  BTFSS  00.7
0600:  XORLW  80
0601:  ADDWF  5E,F
0602:  BTFSC  03.0
0603:  BSF    58.0
0604:  BTFSC  5A.4
0605:  GOTO   4F9
0606:  BTFSC  5A.5
0607:  GOTO   53B
0608:  GOTO   571
0609:  RETURN
060A:  MOVF   5D,W
060B:  BTFSC  03.2
060C:  GOTO   67A
060D:  MOVWF  65
060E:  MOVF   61,W
060F:  BTFSC  03.2
0610:  GOTO   67A
0611:  ADDWF  65,F
0612:  BTFSC  03.0
0613:  GOTO   61B
0614:  MOVLW  7F
0615:  SUBWF  65,F
0616:  BTFSS  03.0
0617:  GOTO   67A
0618:  BTFSC  03.2
0619:  GOTO   67A
061A:  GOTO   61F
061B:  MOVLW  81
061C:  ADDWF  65,F
061D:  BTFSC  03.0
061E:  GOTO   67A
061F:  MOVF   65,W
0620:  MOVWF  77
0621:  CLRF   78
0622:  CLRF   79
0623:  CLRF   7A
0624:  MOVF   5E,W
0625:  MOVWF  69
0626:  BSF    69.7
0627:  MOVF   5F,W
0628:  MOVWF  68
0629:  MOVF   60,W
062A:  MOVWF  67
062B:  MOVLW  18
062C:  MOVWF  65
062D:  CLRF   66
062E:  BTFSS  67.0
062F:  GOTO   648
0630:  MOVF   64,W
0631:  ADDWF  7A,F
0632:  BTFSS  03.0
0633:  GOTO   63A
0634:  INCF   79,F
0635:  BTFSS  03.2
0636:  GOTO   63A
0637:  INCF   78,F
0638:  BTFSC  03.2
0639:  BSF    66.7
063A:  MOVF   63,W
063B:  ADDWF  79,F
063C:  BTFSS  03.0
063D:  GOTO   641
063E:  INCF   78,F
063F:  BTFSC  03.2
0640:  BSF    66.7
0641:  MOVF   62,W
0642:  MOVWF  5F
0643:  BSF    5F.7
0644:  MOVF   5F,W
0645:  ADDWF  78,F
0646:  BTFSC  03.0
0647:  BSF    66.7
0648:  RLF    66,F
0649:  RRF    78,F
064A:  RRF    79,F
064B:  RRF    7A,F
064C:  RRF    69,F
064D:  RRF    68,F
064E:  RRF    67,F
064F:  BCF    03.0
0650:  DECFSZ 65,F
0651:  GOTO   62D
0652:  MOVLW  01
0653:  ADDWF  77,F
0654:  BTFSC  03.0
0655:  GOTO   67A
0656:  BTFSC  78.7
0657:  GOTO   65F
0658:  RLF    69,F
0659:  RLF    7A,F
065A:  RLF    79,F
065B:  RLF    78,F
065C:  DECF   77,F
065D:  BTFSC  03.2
065E:  GOTO   67A
065F:  BTFSS  69.7
0660:  GOTO   670
0661:  INCF   7A,F
0662:  BTFSS  03.2
0663:  GOTO   670
0664:  INCF   79,F
0665:  BTFSS  03.2
0666:  GOTO   670
0667:  INCF   78,F
0668:  BTFSS  03.2
0669:  GOTO   670
066A:  RRF    78,F
066B:  RRF    79,F
066C:  RRF    7A,F
066D:  INCF   77,F
066E:  BTFSC  03.2
066F:  GOTO   67A
0670:  MOVF   5E,W
0671:  MOVWF  66
0672:  MOVF   62,W
0673:  XORWF  66,F
0674:  BTFSS  66.7
0675:  GOTO   678
0676:  BSF    78.7
0677:  GOTO   67E
0678:  BCF    78.7
0679:  GOTO   67E
067A:  CLRF   77
067B:  CLRF   78
067C:  CLRF   79
067D:  CLRF   7A
067E:  RETURN
067F:  MOVF   54,W
0680:  BTFSC  03.2
0681:  GOTO   744
0682:  MOVWF  60
0683:  MOVF   58,W
0684:  BTFSC  03.2
0685:  GOTO   744
0686:  SUBWF  60,F
0687:  BTFSS  03.0
0688:  GOTO   68E
0689:  MOVLW  7F
068A:  ADDWF  60,F
068B:  BTFSC  03.0
068C:  GOTO   744
068D:  GOTO   694
068E:  MOVLW  81
068F:  SUBWF  60,F
0690:  BTFSS  03.0
0691:  GOTO   744
0692:  BTFSC  03.2
0693:  GOTO   744
0694:  MOVF   60,W
0695:  MOVWF  77
0696:  CLRF   78
0697:  CLRF   79
0698:  CLRF   7A
0699:  CLRF   5F
069A:  MOVF   55,W
069B:  MOVWF  5E
069C:  BSF    5E.7
069D:  MOVF   56,W
069E:  MOVWF  5D
069F:  MOVF   57,W
06A0:  MOVWF  5C
06A1:  MOVLW  19
06A2:  MOVWF  60
06A3:  MOVF   5B,W
06A4:  SUBWF  5C,F
06A5:  BTFSC  03.0
06A6:  GOTO   6B7
06A7:  MOVLW  01
06A8:  SUBWF  5D,F
06A9:  BTFSC  03.0
06AA:  GOTO   6B7
06AB:  SUBWF  5E,F
06AC:  BTFSC  03.0
06AD:  GOTO   6B7
06AE:  SUBWF  5F,F
06AF:  BTFSC  03.0
06B0:  GOTO   6B7
06B1:  INCF   5F,F
06B2:  INCF   5E,F
06B3:  INCF   5D,F
06B4:  MOVF   5B,W
06B5:  ADDWF  5C,F
06B6:  GOTO   6E9
06B7:  MOVF   5A,W
06B8:  SUBWF  5D,F
06B9:  BTFSC  03.0
06BA:  GOTO   6D2
06BB:  MOVLW  01
06BC:  SUBWF  5E,F
06BD:  BTFSC  03.0
06BE:  GOTO   6D2
06BF:  SUBWF  5F,F
06C0:  BTFSC  03.0
06C1:  GOTO   6D2
06C2:  INCF   5F,F
06C3:  INCF   5E,F
06C4:  MOVF   5A,W
06C5:  ADDWF  5D,F
06C6:  MOVF   5B,W
06C7:  ADDWF  5C,F
06C8:  BTFSS  03.0
06C9:  GOTO   6E9
06CA:  INCF   5D,F
06CB:  BTFSS  03.2
06CC:  GOTO   6E9
06CD:  INCF   5E,F
06CE:  BTFSS  03.2
06CF:  GOTO   6E9
06D0:  INCF   5F,F
06D1:  GOTO   6E9
06D2:  MOVF   59,W
06D3:  IORLW  80
06D4:  SUBWF  5E,F
06D5:  BTFSC  03.0
06D6:  GOTO   6E8
06D7:  MOVLW  01
06D8:  SUBWF  5F,F
06D9:  BTFSC  03.0
06DA:  GOTO   6E8
06DB:  INCF   5F,F
06DC:  MOVF   59,W
06DD:  IORLW  80
06DE:  ADDWF  5E,F
06DF:  MOVF   5A,W
06E0:  ADDWF  5D,F
06E1:  BTFSS  03.0
06E2:  GOTO   6C6
06E3:  INCF   5E,F
06E4:  BTFSS  03.2
06E5:  GOTO   6C6
06E6:  INCF   5F,F
06E7:  GOTO   6C6
06E8:  BSF    7A.0
06E9:  DECFSZ 60,F
06EA:  GOTO   6EC
06EB:  GOTO   6F7
06EC:  BCF    03.0
06ED:  RLF    5C,F
06EE:  RLF    5D,F
06EF:  RLF    5E,F
06F0:  RLF    5F,F
06F1:  BCF    03.0
06F2:  RLF    7A,F
06F3:  RLF    79,F
06F4:  RLF    78,F
06F5:  RLF    61,F
06F6:  GOTO   6A3
06F7:  BTFSS  61.0
06F8:  GOTO   6FF
06F9:  BCF    03.0
06FA:  RRF    78,F
06FB:  RRF    79,F
06FC:  RRF    7A,F
06FD:  RRF    61,F
06FE:  GOTO   702
06FF:  DECF   77,F
0700:  BTFSC  03.2
0701:  GOTO   744
0702:  BTFSC  61.7
0703:  GOTO   72B
0704:  BCF    03.0
0705:  RLF    5C,F
0706:  RLF    5D,F
0707:  RLF    5E,F
0708:  RLF    5F,F
0709:  MOVF   5B,W
070A:  SUBWF  5C,F
070B:  BTFSC  03.0
070C:  GOTO   717
070D:  MOVLW  01
070E:  SUBWF  5D,F
070F:  BTFSC  03.0
0710:  GOTO   717
0711:  SUBWF  5E,F
0712:  BTFSC  03.0
0713:  GOTO   717
0714:  SUBWF  5F,F
0715:  BTFSS  03.0
0716:  GOTO   73A
0717:  MOVF   5A,W
0718:  SUBWF  5D,F
0719:  BTFSC  03.0
071A:  GOTO   722
071B:  MOVLW  01
071C:  SUBWF  5E,F
071D:  BTFSC  03.0
071E:  GOTO   722
071F:  SUBWF  5F,F
0720:  BTFSS  03.0
0721:  GOTO   73A
0722:  MOVF   59,W
0723:  IORLW  80
0724:  SUBWF  5E,F
0725:  BTFSC  03.0
0726:  GOTO   72B
0727:  MOVLW  01
0728:  SUBWF  5F,F
0729:  BTFSS  03.0
072A:  GOTO   73A
072B:  INCF   7A,F
072C:  BTFSS  03.2
072D:  GOTO   73A
072E:  INCF   79,F
072F:  BTFSS  03.2
0730:  GOTO   73A
0731:  INCF   78,F
0732:  BTFSS  03.2
0733:  GOTO   73A
0734:  INCF   77,F
0735:  BTFSC  03.2
0736:  GOTO   744
0737:  RRF    78,F
0738:  RRF    79,F
0739:  RRF    7A,F
073A:  MOVF   55,W
073B:  MOVWF  60
073C:  MOVF   59,W
073D:  XORWF  60,F
073E:  BTFSS  60.7
073F:  GOTO   742
0740:  BSF    78.7
0741:  GOTO   748
0742:  BCF    78.7
0743:  GOTO   748
0744:  CLRF   77
0745:  CLRF   78
0746:  CLRF   79
0747:  CLRF   7A
0748:  RETURN
0749:  MOVF   5D,W
074A:  SUBLW  B6
074B:  MOVWF  5D
074C:  CLRF   7A
074D:  MOVF   5E,W
074E:  MOVWF  61
074F:  BSF    5E.7
0750:  BCF    03.0
0751:  RRF    5E,F
0752:  RRF    5F,F
0753:  RRF    60,F
0754:  RRF    7A,F
0755:  RRF    79,F
0756:  RRF    78,F
0757:  RRF    77,F
0758:  DECFSZ 5D,F
0759:  GOTO   750
075A:  BTFSS  61.7
075B:  GOTO   767
075C:  COMF   77,F
075D:  COMF   78,F
075E:  COMF   79,F
075F:  COMF   7A,F
0760:  INCF   77,F
0761:  BTFSC  03.2
0762:  INCF   78,F
0763:  BTFSC  03.2
0764:  INCF   79,F
0765:  BTFSC  03.2
0766:  INCF   7A,F
0767:  RETURN
0768:  MOVLW  8E
0769:  MOVWF  77
076A:  MOVF   53,W
076B:  MOVWF  78
076C:  MOVF   52,W
076D:  MOVWF  79
076E:  CLRF   7A
076F:  MOVF   78,F
0770:  BTFSS  03.2
0771:  GOTO   77C
0772:  MOVF   79,W
0773:  MOVWF  78
0774:  CLRF   79
0775:  MOVLW  08
0776:  SUBWF  77,F
0777:  MOVF   78,F
0778:  BTFSS  03.2
0779:  GOTO   77C
077A:  CLRF   77
077B:  GOTO   784
077C:  BCF    03.0
077D:  BTFSC  78.7
077E:  GOTO   783
077F:  RLF    79,F
0780:  RLF    78,F
0781:  DECF   77,F
0782:  GOTO   77C
0783:  BCF    78.7
0784:  RETURN
0785:  MOVLW  8E
0786:  MOVWF  77
0787:  MOVF   50,W
0788:  SUBWF  77,F
0789:  MOVF   51,W
078A:  MOVWF  79
078B:  MOVF   52,W
078C:  MOVWF  78
078D:  BSF    79.7
078E:  MOVF   77,F
078F:  BTFSC  03.2
0790:  GOTO   79C
0791:  BCF    03.0
0792:  MOVF   79,F
0793:  BTFSS  03.2
0794:  GOTO   798
0795:  MOVF   78,F
0796:  BTFSC  03.2
0797:  GOTO   79C
0798:  RRF    79,F
0799:  RRF    78,F
079A:  DECFSZ 77,F
079B:  GOTO   791
079C:  BTFSS  51.7
079D:  GOTO   7A3
079E:  COMF   78,F
079F:  COMF   79,F
07A0:  INCF   78,F
07A1:  BTFSC  03.2
07A2:  INCF   79,F
07A3:  BSF    0A.3
07A4:  BCF    0A.4
07A5:  GOTO   319 (RETURN)
07A6:  MOVF   0B,W
07A7:  MOVWF  51
07A8:  BCF    0B.7
07A9:  BSF    03.5
07AA:  BSF    03.6
07AB:  BSF    0C.7
07AC:  BSF    0C.0
07AD:  NOP
07AE:  NOP
07AF:  BCF    03.5
07B0:  BCF    03.6
07B1:  BTFSC  51.7
07B2:  BSF    0B.7
07B3:  BTFSC  03.0
07B4:  GOTO   7DD
07B5:  BSF    03.6
07B6:  MOVF   0C,W
07B7:  ANDLW  7F
07B8:  BCF    03.6
07B9:  MOVWF  51
07BA:  BSF    03.6
07BB:  MOVF   0D,W
07BC:  BCF    03.6
07BD:  MOVWF  52
07BE:  BSF    03.6
07BF:  MOVF   0F,W
07C0:  BCF    03.6
07C1:  MOVWF  53
07C2:  MOVF   51,W
07C3:  MOVWF  5F
07C4:  CALL   217
07C5:  MOVF   52,W
07C6:  BSF    03.6
07C7:  MOVWF  0D
07C8:  BCF    03.6
07C9:  MOVF   53,W
07CA:  BSF    03.6
07CB:  MOVWF  0F
07CC:  BCF    03.6
07CD:  MOVF   0B,W
07CE:  MOVWF  54
07CF:  BCF    0B.7
07D0:  BSF    03.5
07D1:  BSF    03.6
07D2:  BSF    0C.7
07D3:  BSF    0C.0
07D4:  NOP
07D5:  NOP
07D6:  BCF    03.5
07D7:  BCF    03.6
07D8:  BTFSC  54.7
07D9:  BSF    0B.7
07DA:  DECFSZ 50,F
07DB:  GOTO   7DD
07DC:  GOTO   7FC
07DD:  BSF    03.6
07DE:  RLF    0C,W
07DF:  RLF    0E,W
07E0:  ANDLW  7F
07E1:  BCF    03.6
07E2:  MOVWF  51
07E3:  BSF    03.6
07E4:  MOVF   0D,W
07E5:  BCF    03.6
07E6:  MOVWF  52
07E7:  BSF    03.6
07E8:  MOVF   0F,W
07E9:  BCF    03.6
07EA:  MOVWF  53
07EB:  MOVF   51,W
07EC:  MOVWF  5F
07ED:  CALL   217
07EE:  MOVF   52,W
07EF:  BSF    03.6
07F0:  MOVWF  0D
07F1:  BCF    03.6
07F2:  MOVF   53,W
07F3:  BSF    03.6
07F4:  MOVWF  0F
07F5:  INCF   0D,F
07F6:  BTFSC  03.2
07F7:  INCF   0F,F
07F8:  BCF    03.0
07F9:  BCF    03.6
07FA:  DECFSZ 50,F
07FB:  GOTO   7A6
07FC:  RETURN
*
0800:  BTFSC  03.1
0801:  GOTO   005
0802:  MOVLW  65
0803:  MOVWF  04
0804:  BCF    03.7
0805:  CLRF   77
0806:  CLRF   78
0807:  CLRF   79
0808:  CLRF   7A
0809:  CLRF   65
080A:  CLRF   66
080B:  CLRF   67
080C:  CLRF   68
080D:  MOVF   64,W
080E:  IORWF  63,W
080F:  IORWF  62,W
0810:  IORWF  61,W
0811:  BTFSC  03.2
0812:  GOTO   043
0813:  MOVLW  20
0814:  MOVWF  69
0815:  BCF    03.0
0816:  RLF    5D,F
0817:  RLF    5E,F
0818:  RLF    5F,F
0819:  RLF    60,F
081A:  RLF    65,F
081B:  RLF    66,F
081C:  RLF    67,F
081D:  RLF    68,F
081E:  MOVF   64,W
081F:  SUBWF  68,W
0820:  BTFSS  03.2
0821:  GOTO   02C
0822:  MOVF   63,W
0823:  SUBWF  67,W
0824:  BTFSS  03.2
0825:  GOTO   02C
0826:  MOVF   62,W
0827:  SUBWF  66,W
0828:  BTFSS  03.2
0829:  GOTO   02C
082A:  MOVF   61,W
082B:  SUBWF  65,W
082C:  BTFSS  03.0
082D:  GOTO   03D
082E:  MOVF   61,W
082F:  SUBWF  65,F
0830:  MOVF   62,W
0831:  BTFSS  03.0
0832:  INCFSZ 62,W
0833:  SUBWF  66,F
0834:  MOVF   63,W
0835:  BTFSS  03.0
0836:  INCFSZ 63,W
0837:  SUBWF  67,F
0838:  MOVF   64,W
0839:  BTFSS  03.0
083A:  INCFSZ 64,W
083B:  SUBWF  68,F
083C:  BSF    03.0
083D:  RLF    77,F
083E:  RLF    78,F
083F:  RLF    79,F
0840:  RLF    7A,F
0841:  DECFSZ 69,F
0842:  GOTO   015
0843:  MOVF   65,W
0844:  MOVWF  00
0845:  INCF   04,F
0846:  MOVF   66,W
0847:  MOVWF  00
0848:  INCF   04,F
0849:  MOVF   67,W
084A:  MOVWF  00
084B:  INCF   04,F
084C:  MOVF   68,W
084D:  MOVWF  00
084E:  RETURN
084F:  MOVF   04,W
0850:  MOVWF  55
0851:  MOVF   54,W
0852:  MOVWF  57
0853:  BTFSC  03.2
0854:  GOTO   070
0855:  MOVF   53,W
0856:  MOVWF  60
0857:  MOVF   52,W
0858:  MOVWF  5F
0859:  MOVF   51,W
085A:  MOVWF  5E
085B:  MOVF   50,W
085C:  MOVWF  5D
085D:  CLRF   64
085E:  CLRF   63
085F:  MOVLW  20
0860:  MOVWF  62
0861:  MOVLW  82
0862:  MOVWF  61
0863:  BCF    0A.3
0864:  CALL   60A
0865:  BSF    0A.3
0866:  MOVF   7A,W
0867:  MOVWF  53
0868:  MOVF   79,W
0869:  MOVWF  52
086A:  MOVF   78,W
086B:  MOVWF  51
086C:  MOVF   77,W
086D:  MOVWF  50
086E:  DECFSZ 57,F
086F:  GOTO   055
0870:  MOVF   53,W
0871:  MOVWF  60
0872:  MOVF   52,W
0873:  MOVWF  5F
0874:  MOVF   51,W
0875:  MOVWF  5E
0876:  MOVF   50,W
0877:  MOVWF  5D
0878:  BCF    0A.3
0879:  CALL   749
087A:  BSF    0A.3
087B:  MOVF   7A,W
087C:  MOVWF  53
087D:  MOVF   79,W
087E:  MOVWF  52
087F:  MOVF   78,W
0880:  MOVWF  51
0881:  MOVF   77,W
0882:  MOVWF  50
0883:  BTFSS  53.7
0884:  GOTO   092
0885:  DECF   55,F
0886:  BSF    55.5
0887:  COMF   50,F
0888:  COMF   51,F
0889:  COMF   52,F
088A:  COMF   53,F
088B:  INCF   50,F
088C:  BTFSC  03.2
088D:  INCF   51,F
088E:  BTFSC  03.2
088F:  INCF   52,F
0890:  BTFSC  03.2
0891:  INCF   53,F
0892:  MOVLW  3B
0893:  MOVWF  5C
0894:  MOVLW  9A
0895:  MOVWF  5B
0896:  MOVLW  CA
0897:  MOVWF  5A
0898:  CLRF   59
0899:  MOVLW  0A
089A:  MOVWF  57
089B:  MOVF   54,W
089C:  BTFSC  03.2
089D:  INCF   55,F
089E:  BSF    03.1
089F:  MOVLW  50
08A0:  MOVWF  04
08A1:  BCF    03.7
08A2:  MOVF   53,W
08A3:  MOVWF  60
08A4:  MOVF   52,W
08A5:  MOVWF  5F
08A6:  MOVF   51,W
08A7:  MOVWF  5E
08A8:  MOVF   50,W
08A9:  MOVWF  5D
08AA:  MOVF   5C,W
08AB:  MOVWF  64
08AC:  MOVF   5B,W
08AD:  MOVWF  63
08AE:  MOVF   5A,W
08AF:  MOVWF  62
08B0:  MOVF   59,W
08B1:  MOVWF  61
08B2:  CALL   000
08B3:  MOVF   78,W
08B4:  MOVF   77,F
08B5:  BTFSS  03.2
08B6:  GOTO   0CA
08B7:  INCF   54,W
08B8:  SUBWF  57,W
08B9:  BTFSC  03.2
08BA:  GOTO   0CA
08BB:  MOVF   55,W
08BC:  BTFSC  03.2
08BD:  GOTO   0CC
08BE:  ANDLW  0F
08BF:  SUBWF  57,W
08C0:  BTFSC  03.2
08C1:  GOTO   0C4
08C2:  BTFSC  03.0
08C3:  GOTO   104
08C4:  BTFSC  55.7
08C5:  GOTO   104
08C6:  BTFSC  55.6
08C7:  GOTO   0CC
08C8:  MOVLW  20
08C9:  GOTO   0FE
08CA:  MOVLW  20
08CB:  ANDWF  55,F
08CC:  BTFSS  55.5
08CD:  GOTO   0DC
08CE:  BCF    55.5
08CF:  MOVF   54,W
08D0:  BTFSS  03.2
08D1:  DECF   55,F
08D2:  MOVF   77,W
08D3:  MOVWF  55
08D4:  MOVLW  2D
08D5:  MOVWF  5F
08D6:  BCF    0A.3
08D7:  CALL   217
08D8:  BSF    0A.3
08D9:  MOVF   55,W
08DA:  MOVWF  77
08DB:  CLRF   55
08DC:  MOVF   54,W
08DD:  SUBWF  57,W
08DE:  BTFSS  03.2
08DF:  GOTO   0EC
08E0:  MOVF   77,W
08E1:  MOVWF  55
08E2:  MOVLW  2E
08E3:  MOVWF  5F
08E4:  BCF    0A.3
08E5:  CALL   217
08E6:  BSF    0A.3
08E7:  MOVF   55,W
08E8:  MOVWF  77
08E9:  MOVLW  20
08EA:  ANDWF  55,F
08EB:  MOVLW  00
08EC:  MOVLW  30
08ED:  BTFSS  55.5
08EE:  GOTO   0FE
08EF:  BCF    55.5
08F0:  MOVF   54,W
08F1:  BTFSS  03.2
08F2:  DECF   55,F
08F3:  MOVF   77,W
08F4:  MOVWF  55
08F5:  MOVLW  2D
08F6:  MOVWF  5F
08F7:  BCF    0A.3
08F8:  CALL   217
08F9:  BSF    0A.3
08FA:  MOVF   55,W
08FB:  MOVWF  77
08FC:  CLRF   55
08FD:  MOVLW  30
08FE:  ADDWF  77,F
08FF:  MOVF   77,W
0900:  MOVWF  5F
0901:  BCF    0A.3
0902:  CALL   217
0903:  BSF    0A.3
0904:  BCF    03.1
0905:  MOVF   5C,W
0906:  MOVWF  60
0907:  MOVF   5B,W
0908:  MOVWF  5F
0909:  MOVF   5A,W
090A:  MOVWF  5E
090B:  MOVF   59,W
090C:  MOVWF  5D
090D:  CLRF   64
090E:  CLRF   63
090F:  CLRF   62
0910:  MOVLW  0A
0911:  MOVWF  61
0912:  CALL   000
0913:  MOVF   7A,W
0914:  MOVWF  5C
0915:  MOVF   79,W
0916:  MOVWF  5B
0917:  MOVF   78,W
0918:  MOVWF  5A
0919:  MOVF   77,W
091A:  MOVWF  59
091B:  DECFSZ 57,F
091C:  GOTO   09E
091D:  BSF    0A.3
091E:  BCF    0A.4
091F:  GOTO   3AF (RETURN)
0920:  CLRF   58
0921:  MOVF   04,W
0922:  MOVWF  57
0923:  BCF    58.0
0924:  BTFSC  03.7
0925:  BSF    58.0
0926:  SWAPF  51,W
0927:  IORLW  F0
0928:  MOVWF  53
0929:  ADDWF  53,F
092A:  ADDLW  E2
092B:  MOVWF  54
092C:  ADDLW  32
092D:  MOVWF  56
092E:  MOVF   51,W
092F:  ANDLW  0F
0930:  ADDWF  54,F
0931:  ADDWF  54,F
0932:  ADDWF  56,F
0933:  ADDLW  E9
0934:  MOVWF  55
0935:  ADDWF  55,F
0936:  ADDWF  55,F
0937:  SWAPF  50,W
0938:  ANDLW  0F
0939:  ADDWF  55,F
093A:  ADDWF  56,F
093B:  RLF    55,F
093C:  RLF    56,F
093D:  COMF   56,F
093E:  RLF    56,F
093F:  MOVF   50,W
0940:  ANDLW  0F
0941:  ADDWF  56,F
0942:  RLF    53,F
0943:  MOVLW  07
0944:  MOVWF  52
0945:  MOVLW  0A
0946:  ADDWF  56,F
0947:  DECF   55,F
0948:  BTFSS  03.0
0949:  GOTO   146
094A:  ADDWF  55,F
094B:  DECF   54,F
094C:  BTFSS  03.0
094D:  GOTO   14A
094E:  ADDWF  54,F
094F:  DECF   53,F
0950:  BTFSS  03.0
0951:  GOTO   14E
0952:  ADDWF  53,F
0953:  DECF   52,F
0954:  BTFSS  03.0
0955:  GOTO   152
0956:  MOVLW  52
0957:  MOVWF  04
0958:  BCF    03.7
0959:  MOVLW  07
095A:  ANDWF  57,W
095B:  BCF    57.6
095C:  ADDWF  04,F
095D:  MOVLW  56
095E:  SUBWF  04,W
095F:  BTFSC  03.2
0960:  BSF    57.6
0961:  MOVF   00,W
0962:  MOVWF  77
0963:  BTFSS  03.2
0964:  GOTO   16D
0965:  BTFSC  57.6
0966:  GOTO   16D
0967:  BTFSC  57.4
0968:  GOTO   181
0969:  BTFSC  57.3
096A:  GOTO   16D
096B:  MOVLW  20
096C:  GOTO   170
096D:  BSF    57.3
096E:  BCF    57.4
096F:  MOVLW  30
0970:  ADDWF  77,F
0971:  CLRF   51
0972:  MOVF   04,W
0973:  MOVWF  50
0974:  BCF    51.0
0975:  BTFSC  03.7
0976:  BSF    51.0
0977:  MOVF   77,W
0978:  MOVWF  5F
0979:  BCF    0A.3
097A:  CALL   217
097B:  BSF    0A.3
097C:  MOVF   50,W
097D:  MOVWF  04
097E:  BCF    03.7
097F:  BTFSC  51.0
0980:  BSF    03.7
0981:  INCF   04,F
0982:  BTFSS  57.6
0983:  GOTO   15D
0984:  BSF    0A.3
0985:  BCF    0A.4
0986:  GOTO   3C2 (RETURN)
0987:  MOVF   04,W
0988:  MOVWF  54
0989:  MOVLW  3B
098A:  MOVWF  5B
098B:  MOVLW  9A
098C:  MOVWF  5A
098D:  MOVLW  CA
098E:  MOVWF  59
098F:  CLRF   58
0990:  MOVLW  0A
0991:  MOVWF  56
0992:  BSF    03.1
0993:  MOVLW  50
0994:  MOVWF  04
0995:  BCF    03.7
0996:  MOVF   53,W
0997:  MOVWF  60
0998:  MOVF   52,W
0999:  MOVWF  5F
099A:  MOVF   51,W
099B:  MOVWF  5E
099C:  MOVF   50,W
099D:  MOVWF  5D
099E:  MOVF   5B,W
099F:  MOVWF  64
09A0:  MOVF   5A,W
09A1:  MOVWF  63
09A2:  MOVF   59,W
09A3:  MOVWF  62
09A4:  MOVF   58,W
09A5:  MOVWF  61
09A6:  CALL   000
09A7:  MOVF   78,W
09A8:  MOVF   77,F
09A9:  BTFSS  03.2
09AA:  GOTO   1BE
09AB:  MOVF   56,W
09AC:  XORLW  01
09AD:  BTFSC  03.2
09AE:  GOTO   1BE
09AF:  MOVF   54,W
09B0:  BTFSC  03.2
09B1:  GOTO   1BF
09B2:  ANDLW  0F
09B3:  SUBWF  56,W
09B4:  BTFSC  03.2
09B5:  GOTO   1B8
09B6:  BTFSC  03.0
09B7:  GOTO   1C6
09B8:  BTFSC  54.7
09B9:  GOTO   1C6
09BA:  BTFSC  54.6
09BB:  GOTO   1BF
09BC:  MOVLW  20
09BD:  GOTO   1C0
09BE:  CLRF   54
09BF:  MOVLW  30
09C0:  ADDWF  77,F
09C1:  MOVF   77,W
09C2:  MOVWF  5F
09C3:  BCF    0A.3
09C4:  CALL   217
09C5:  BSF    0A.3
09C6:  BCF    03.1
09C7:  MOVF   5B,W
09C8:  MOVWF  60
09C9:  MOVF   5A,W
09CA:  MOVWF  5F
09CB:  MOVF   59,W
09CC:  MOVWF  5E
09CD:  MOVF   58,W
09CE:  MOVWF  5D
09CF:  CLRF   64
09D0:  CLRF   63
09D1:  CLRF   62
09D2:  MOVLW  0A
09D3:  MOVWF  61
09D4:  CALL   000
09D5:  MOVF   7A,W
09D6:  MOVWF  5B
09D7:  MOVF   79,W
09D8:  MOVWF  5A
09D9:  MOVF   78,W
09DA:  MOVWF  59
09DB:  MOVF   77,W
09DC:  MOVWF  58
09DD:  DECFSZ 56,F
09DE:  GOTO   192
09DF:  BSF    0A.3
09E0:  BCF    0A.4
09E1:  GOTO   3E3 (RETURN)
....................  
.................... #list 
....................  
.................... #use delay(crystal=20000000) 
*
00D1:  MOVLW  60
00D2:  MOVWF  04
00D3:  BCF    03.7
00D4:  MOVF   00,W
00D5:  BTFSC  03.2
00D6:  GOTO   0E4
00D7:  MOVLW  06
00D8:  MOVWF  78
00D9:  CLRF   77
00DA:  DECFSZ 77,F
00DB:  GOTO   0DA
00DC:  DECFSZ 78,F
00DD:  GOTO   0D9
00DE:  MOVLW  7B
00DF:  MOVWF  77
00E0:  DECFSZ 77,F
00E1:  GOTO   0E0
00E2:  DECFSZ 00,F
00E3:  GOTO   0D7
00E4:  RETURN
.................... #FUSES NOWDT, NOBROWNOUT, NOLVP, NOPROTECT, HS, NOPUT 
....................  
.................... #use STANDARD_IO(B) 
....................  
.................... #define LCD_ENABLE_PIN  PIN_A3                                    //// 
.................... #define LCD_RS_PIN      PIN_A5                                    //// 
.................... #define LCD_RW_PIN      PIN_A4                                    //// 
.................... #define LCD_DATA4       PIN_D4                                    //// 
.................... #define LCD_DATA5       PIN_D5                                    //// 
.................... #define LCD_DATA6       PIN_D6                                    //// 
.................... #define LCD_DATA7       PIN_D7  
.................... #include <lcd.c> 
.................... /////////////////////////////////////////////////////////////////////////////// 
.................... ////                             LCD.C                                     //// 
.................... ////                 Driver for common LCD modules                         //// 
.................... ////                                                                       //// 
.................... ////  lcd_init()   Must be called before any other function.               //// 
.................... ////                                                                       //// 
.................... ////  lcd_putc(c)  Will display c on the next position of the LCD.         //// 
.................... ////                 \a  Set cursor position to upper left                 //// 
.................... ////                 \f  Clear display, set cursor to upper left           //// 
.................... ////                 \n  Go to start of second line                        //// 
.................... ////                 \b  Move back one position                            //// 
.................... ////              If LCD_EXTENDED_NEWLINE is defined, the \n character     //// 
.................... ////              will erase all remanining characters on the current      //// 
.................... ////              line, and move the cursor to the beginning of the next   //// 
.................... ////              line.                                                    //// 
.................... ////              If LCD_EXTENDED_NEWLINE is defined, the \r character     //// 
.................... ////              will move the cursor to the start of the current         //// 
.................... ////              line.                                                    //// 
.................... ////                                                                       //// 
.................... ////  lcd_gotoxy(x,y) Set write position on LCD (upper left is 1,1)        //// 
.................... ////                                                                       //// 
.................... ////  lcd_getc(x,y)   Returns character at position x,y on LCD             //// 
.................... ////                                                                       //// 
.................... ////  lcd_cursor_on(int1 on)   Turn the cursor on (on=TRUE) or off         //// 
.................... ////              (on=FALSE).                                              //// 
.................... ////                                                                       //// 
.................... ////  lcd_set_cgram_char(w, *p)   Write a custom character to the CGRAM.   //// 
.................... ////                                                                       //// 
.................... ////                                                                       //// 
.................... ////  CONFIGURATION                                                        //// 
.................... ////  The LCD can be configured in one of two ways: a.) port access or     //// 
.................... ////  b.) pin access.  Port access requires the entire 7 bit interface     //// 
.................... ////  connected to one GPIO port, and the data bits (D4:D7 of the LCD)     //// 
.................... ////  connected to sequential pins on the GPIO.  Pin access                //// 
.................... ////  has no requirements, all 7 bits of the control interface can         //// 
.................... ////  can be connected to any GPIO using several ports.                    //// 
.................... ////                                                                       //// 
.................... ////  To use port access, #define LCD_DATA_PORT to the SFR location of     //// 
.................... ////  of the GPIO port that holds the interface, -AND- edit LCD_PIN_MAP    //// 
.................... ////  of this file to configure the pin order.  If you are using a         //// 
.................... ////  baseline PIC (PCB), then LCD_OUTPUT_MAP and LCD_INPUT_MAP also must  //// 
.................... ////  be defined.                                                          //// 
.................... ////                                                                       //// 
.................... ////  Example of port access:                                              //// 
.................... ////     #define LCD_DATA_PORT getenv("SFR:PORTD")                         //// 
.................... ////                                                                       //// 
.................... ////  To use pin access, the following pins must be defined:               //// 
.................... ////     LCD_ENABLE_PIN                                                    //// 
.................... ////     LCD_RS_PIN                                                        //// 
.................... ////     LCD_RW_PIN                                                        //// 
.................... ////     LCD_DATA4                                                         //// 
.................... ////     LCD_DATA5                                                         //// 
.................... ////     LCD_DATA6                                                         //// 
.................... ////     LCD_DATA7                                                         //// 
.................... ////                                                                       //// 
.................... ////  Example of pin access:                                               //// 
.................... ////     #define LCD_ENABLE_PIN  PIN_E0                                    //// 
.................... ////     #define LCD_RS_PIN      PIN_E1                                    //// 
.................... ////     #define LCD_RW_PIN      PIN_E2                                    //// 
.................... ////     #define LCD_DATA4       PIN_D4                                    //// 
.................... ////     #define LCD_DATA5       PIN_D5                                    //// 
.................... ////     #define LCD_DATA6       PIN_D6                                    //// 
.................... ////     #define LCD_DATA7       PIN_D7                                    //// 
.................... ////                                                                       //// 
.................... /////////////////////////////////////////////////////////////////////////////// 
.................... ////        (C) Copyright 1996,2010 Custom Computer Services           //// 
.................... //// This source code may only be used by licensed users of the CCS C  //// 
.................... //// compiler.  This source code may only be distributed to other      //// 
.................... //// licensed users of the CCS C compiler.  No other use, reproduction //// 
.................... //// or distribution is permitted without written permission.          //// 
.................... //// Derivative programs created using this software in object code    //// 
.................... //// form are not restricted in any way.                               //// 
.................... /////////////////////////////////////////////////////////////////////////// 
....................  
.................... #ifndef __LCD_C__ 
.................... #define __LCD_C__ 
....................  
.................... // define the pinout. 
.................... // only required if port access is being used. 
.................... typedef struct   
.................... {                            // This structure is overlayed 
....................    int1 enable;           // on to an I/O port to gain 
....................    int1 rs;               // access to the LCD pins. 
....................    int1 rw;               // The bits are allocated from 
....................    int1 unused;           // low order up.  ENABLE will 
....................    unsigned int     data : 4;         // be LSB pin of that port. 
....................   #if defined(__PCD__)       // The port used will be LCD_DATA_PORT. 
....................    unsigned int    reserved: 8; 
....................   #endif 
.................... } LCD_PIN_MAP; 
....................  
.................... // this is to improve compatability with previous LCD drivers that accepted 
.................... // a define labeled 'use_portb_lcd' that configured the LCD onto port B. 
.................... #if ((defined(use_portb_lcd)) && (use_portb_lcd==TRUE)) 
....................  #define LCD_DATA_PORT getenv("SFR:PORTB") 
.................... #endif 
....................  
.................... #if defined(__PCB__) 
....................    // these definitions only need to be modified for baseline PICs. 
....................    // all other PICs use LCD_PIN_MAP or individual LCD_xxx pin definitions. 
.................... /*                                    EN, RS,   RW,   UNUSED,  DATA  */ 
....................  const LCD_PIN_MAP LCD_OUTPUT_MAP =  {0,  0,    0,    0,       0}; 
....................  const LCD_PIN_MAP LCD_INPUT_MAP =   {0,  0,    0,    0,       0xF}; 
.................... #endif 
....................  
.................... ////////////////////// END CONFIGURATION /////////////////////////////////// 
....................  
.................... #ifndef LCD_ENABLE_PIN 
....................    #define lcd_output_enable(x) lcdlat.enable=x 
....................    #define lcd_enable_tris()   lcdtris.enable=0 
.................... #else 
....................    #define lcd_output_enable(x) output_bit(LCD_ENABLE_PIN, x) 
....................    #define lcd_enable_tris()  output_drive(LCD_ENABLE_PIN) 
.................... #endif 
....................  
.................... #ifndef LCD_RS_PIN 
....................    #define lcd_output_rs(x) lcdlat.rs=x 
....................    #define lcd_rs_tris()   lcdtris.rs=0 
.................... #else 
....................    #define lcd_output_rs(x) output_bit(LCD_RS_PIN, x) 
....................    #define lcd_rs_tris()  output_drive(LCD_RS_PIN) 
.................... #endif 
....................  
.................... #ifndef LCD_RW_PIN 
....................    #define lcd_output_rw(x) lcdlat.rw=x 
....................    #define lcd_rw_tris()   lcdtris.rw=0 
.................... #else 
....................    #define lcd_output_rw(x) output_bit(LCD_RW_PIN, x) 
....................    #define lcd_rw_tris()  output_drive(LCD_RW_PIN) 
.................... #endif 
....................  
.................... // original version of this library incorrectly labeled LCD_DATA0 as LCD_DATA4, 
.................... // LCD_DATA1 as LCD_DATA5, and so on.  this block of code makes the driver 
.................... // compatible with any code written for the original library 
.................... #if (defined(LCD_DATA0) && defined(LCD_DATA1) && defined(LCD_DATA2) && defined(LCD_DATA3) && !defined(LCD_DATA4) && !defined(LCD_DATA5) && !defined(LCD_DATA6) && !defined(LCD_DATA7)) 
....................    #define  LCD_DATA4    LCD_DATA0 
....................    #define  LCD_DATA5    LCD_DATA1 
....................    #define  LCD_DATA6    LCD_DATA2 
....................    #define  LCD_DATA7    LCD_DATA3 
.................... #endif 
....................  
.................... #ifndef LCD_DATA4 
.................... #ifndef LCD_DATA_PORT 
....................    #if defined(__PCB__) 
....................       #define LCD_DATA_PORT      0x06     //portb 
....................       #define set_tris_lcd(x)   set_tris_b(x) 
....................    #else 
....................      #if defined(PIN_D0) 
....................       #define LCD_DATA_PORT      getenv("SFR:PORTD")     //portd 
....................      #else 
....................       #define LCD_DATA_PORT      getenv("SFR:PORTB")     //portb 
....................      #endif 
....................    #endif    
.................... #endif 
....................  
.................... #if defined(__PCB__) 
....................    LCD_PIN_MAP lcd, lcdlat; 
....................    #byte lcd = LCD_DATA_PORT 
....................    #byte lcdlat = LCD_DATA_PORT 
.................... #elif defined(__PCM__) 
....................    LCD_PIN_MAP lcd, lcdlat, lcdtris; 
....................    #byte lcd = LCD_DATA_PORT 
....................    #byte lcdlat = LCD_DATA_PORT 
....................    #byte lcdtris = LCD_DATA_PORT+0x80 
.................... #elif defined(__PCH__) 
....................    LCD_PIN_MAP lcd, lcdlat, lcdtris; 
....................    #byte lcd = LCD_DATA_PORT 
....................    #byte lcdlat = LCD_DATA_PORT+9 
....................    #byte lcdtris = LCD_DATA_PORT+0x12 
.................... #elif defined(__PCD__) 
....................    LCD_PIN_MAP lcd, lcdlat, lcdtris; 
....................    #word lcd = LCD_DATA_PORT 
....................    #word lcdlat = LCD_DATA_PORT+2 
....................    #word lcdtris = LCD_DATA_PORT-0x02 
.................... #endif 
.................... #endif   //LCD_DATA4 not defined 
....................  
.................... #ifndef LCD_TYPE 
....................    #define LCD_TYPE 2           // 0=5x7, 1=5x10, 2=2 lines 
.................... #endif 
....................  
.................... #ifndef LCD_LINE_TWO 
....................    #define LCD_LINE_TWO 0x40    // LCD RAM address for the second line 
.................... #endif 
....................  
.................... #ifndef LCD_LINE_LENGTH 
....................    #define LCD_LINE_LENGTH 20 
.................... #endif 
....................  
.................... unsigned int8 lcd_read_nibble(void); 
....................  
.................... unsigned int8 lcd_read_byte(void) 
.................... { 
....................    unsigned int8 low,high; 
....................  
....................  #if defined(__PCB__) 
....................    set_tris_lcd(LCD_INPUT_MAP); 
....................  #else 
....................   #if (defined(LCD_DATA4) && defined(LCD_DATA5) && defined(LCD_DATA6) && defined(LCD_DATA7)) 
....................    output_float(LCD_DATA4); 
*
014E:  BSF    08.4
....................    output_float(LCD_DATA5); 
014F:  BSF    08.5
....................    output_float(LCD_DATA6); 
0150:  BSF    08.6
....................    output_float(LCD_DATA7); 
0151:  BSF    08.7
....................   #else 
....................    lcdtris.data = 0xF; 
....................   #endif 
....................  #endif 
....................          
....................    lcd_output_rw(1); 
0152:  BCF    03.5
0153:  BSF    05.4
0154:  BSF    03.5
0155:  BCF    05.4
....................    delay_cycles(1); 
0156:  NOP
....................    lcd_output_enable(1); 
0157:  BCF    03.5
0158:  BSF    05.3
0159:  BSF    03.5
015A:  BCF    05.3
....................    delay_cycles(1); 
015B:  NOP
....................    high = lcd_read_nibble(); 
015C:  BCF    03.5
015D:  CALL   115
015E:  MOVF   78,W
015F:  MOVWF  67
....................        
....................    lcd_output_enable(0); 
0160:  BCF    05.3
0161:  BSF    03.5
0162:  BCF    05.3
....................    delay_cycles(1); 
0163:  NOP
....................    lcd_output_enable(1); 
0164:  BCF    03.5
0165:  BSF    05.3
0166:  BSF    03.5
0167:  BCF    05.3
....................    delay_us(1); 
0168:  GOTO   169
0169:  GOTO   16A
016A:  NOP
....................    low = lcd_read_nibble(); 
016B:  BCF    03.5
016C:  CALL   115
016D:  MOVF   78,W
016E:  MOVWF  66
....................        
....................    lcd_output_enable(0); 
016F:  BCF    05.3
0170:  BSF    03.5
0171:  BCF    05.3
....................  
....................  #if defined(__PCB__) 
....................    set_tris_lcd(LCD_OUTPUT_MAP); 
....................  #else 
....................   #if (defined(LCD_DATA4) && defined(LCD_DATA5) && defined(LCD_DATA6) && defined(LCD_DATA7)) 
....................    output_drive(LCD_DATA4); 
0172:  BCF    08.4
....................    output_drive(LCD_DATA5); 
0173:  BCF    08.5
....................    output_drive(LCD_DATA6); 
0174:  BCF    08.6
....................    output_drive(LCD_DATA7); 
0175:  BCF    08.7
....................   #else 
....................    lcdtris.data = 0x0; 
....................   #endif 
....................  #endif 
....................  
....................    return( (high<<4) | low); 
0176:  BCF    03.5
0177:  SWAPF  67,W
0178:  MOVWF  77
0179:  MOVLW  F0
017A:  ANDWF  77,F
017B:  MOVF   77,W
017C:  IORWF  66,W
017D:  MOVWF  78
.................... } 
....................  
.................... unsigned int8 lcd_read_nibble(void) 
.................... { 
....................   #if (defined(LCD_DATA4) && defined(LCD_DATA5) && defined(LCD_DATA6) && defined(LCD_DATA7)) 
*
0115:  CLRF   68
....................    unsigned int8 n = 0x00; 
....................  
....................    /* Read the data port */ 
....................    n |= input(LCD_DATA4); 
0116:  BSF    03.5
0117:  BSF    08.4
0118:  MOVLW  00
0119:  BCF    03.5
011A:  BTFSC  08.4
011B:  MOVLW  01
011C:  IORWF  68,F
....................    n |= input(LCD_DATA5) << 1; 
011D:  BSF    03.5
011E:  BSF    08.5
011F:  MOVLW  00
0120:  BCF    03.5
0121:  BTFSC  08.5
0122:  MOVLW  01
0123:  MOVWF  77
0124:  BCF    03.0
0125:  RLF    77,F
0126:  MOVF   77,W
0127:  IORWF  68,F
....................    n |= input(LCD_DATA6) << 2; 
0128:  BSF    03.5
0129:  BSF    08.6
012A:  MOVLW  00
012B:  BCF    03.5
012C:  BTFSC  08.6
012D:  MOVLW  01
012E:  MOVWF  77
012F:  RLF    77,F
0130:  RLF    77,F
0131:  MOVLW  FC
0132:  ANDWF  77,F
0133:  MOVF   77,W
0134:  IORWF  68,F
....................    n |= input(LCD_DATA7) << 3; 
0135:  BSF    03.5
0136:  BSF    08.7
0137:  MOVLW  00
0138:  BCF    03.5
0139:  BTFSC  08.7
013A:  MOVLW  01
013B:  MOVWF  77
013C:  RLF    77,F
013D:  RLF    77,F
013E:  RLF    77,F
013F:  MOVLW  F8
0140:  ANDWF  77,F
0141:  MOVF   77,W
0142:  IORWF  68,F
....................     
....................    return(n); 
0143:  MOVF   68,W
0144:  MOVWF  78
....................   #else 
0145:  RETURN
....................    return(lcd.data); 
....................   #endif 
.................... } 
....................  
.................... void lcd_send_nibble(unsigned int8 n) 
.................... { 
....................   #if (defined(LCD_DATA4) && defined(LCD_DATA5) && defined(LCD_DATA6) && defined(LCD_DATA7)) 
....................    /* Write to the data port */ 
....................    output_bit(LCD_DATA4, bit_test(n, 0)); 
*
00E5:  BTFSC  67.0
00E6:  GOTO   0E9
00E7:  BCF    08.4
00E8:  GOTO   0EA
00E9:  BSF    08.4
00EA:  BSF    03.5
00EB:  BCF    08.4
....................    output_bit(LCD_DATA5, bit_test(n, 1)); 
00EC:  BCF    03.5
00ED:  BTFSC  67.1
00EE:  GOTO   0F1
00EF:  BCF    08.5
00F0:  GOTO   0F2
00F1:  BSF    08.5
00F2:  BSF    03.5
00F3:  BCF    08.5
....................    output_bit(LCD_DATA6, bit_test(n, 2)); 
00F4:  BCF    03.5
00F5:  BTFSC  67.2
00F6:  GOTO   0F9
00F7:  BCF    08.6
00F8:  GOTO   0FA
00F9:  BSF    08.6
00FA:  BSF    03.5
00FB:  BCF    08.6
....................    output_bit(LCD_DATA7, bit_test(n, 3)); 
00FC:  BCF    03.5
00FD:  BTFSC  67.3
00FE:  GOTO   101
00FF:  BCF    08.7
0100:  GOTO   102
0101:  BSF    08.7
0102:  BSF    03.5
0103:  BCF    08.7
....................   #else       
....................    lcdlat.data = n; 
....................   #endif 
....................        
....................    delay_cycles(1); 
0104:  NOP
....................    lcd_output_enable(1); 
0105:  BCF    03.5
0106:  BSF    05.3
0107:  BSF    03.5
0108:  BCF    05.3
....................    delay_us(2); 
0109:  MOVLW  02
010A:  MOVWF  77
010B:  DECFSZ 77,F
010C:  GOTO   10B
010D:  GOTO   10E
010E:  NOP
....................    lcd_output_enable(0); 
010F:  BCF    03.5
0110:  BCF    05.3
0111:  BSF    03.5
0112:  BCF    05.3
0113:  BCF    03.5
0114:  RETURN
.................... } 
....................  
.................... void lcd_send_byte(unsigned int8 address, unsigned int8 n) 
.................... { 
....................   #if defined(__PCB__) 
....................    set_tris_lcd(LCD_OUTPUT_MAP); 
....................   #else 
....................    lcd_enable_tris(); 
*
0146:  BSF    03.5
0147:  BCF    05.3
....................    lcd_rs_tris(); 
0148:  BCF    05.5
....................    lcd_rw_tris(); 
0149:  BCF    05.4
....................   #endif 
....................  
....................    lcd_output_rs(0); 
014A:  BCF    03.5
014B:  BCF    05.5
014C:  BSF    03.5
014D:  BCF    05.5
....................    while ( bit_test(lcd_read_byte(),7) ) ; 
*
017E:  MOVF   78,W
017F:  MOVWF  66
0180:  BTFSS  66.7
0181:  GOTO   184
0182:  BSF    03.5
0183:  GOTO   14E
....................    lcd_output_rs(address); 
0184:  MOVF   64,F
0185:  BTFSS  03.2
0186:  GOTO   189
0187:  BCF    05.5
0188:  GOTO   18A
0189:  BSF    05.5
018A:  BSF    03.5
018B:  BCF    05.5
....................    delay_cycles(1); 
018C:  NOP
....................    lcd_output_rw(0); 
018D:  BCF    03.5
018E:  BCF    05.4
018F:  BSF    03.5
0190:  BCF    05.4
....................    delay_cycles(1); 
0191:  NOP
....................    lcd_output_enable(0); 
0192:  BCF    03.5
0193:  BCF    05.3
0194:  BSF    03.5
0195:  BCF    05.3
....................    lcd_send_nibble(n >> 4); 
0196:  BCF    03.5
0197:  SWAPF  65,W
0198:  MOVWF  66
0199:  MOVLW  0F
019A:  ANDWF  66,F
019B:  MOVF   66,W
019C:  MOVWF  67
019D:  CALL   0E5
....................    lcd_send_nibble(n & 0xf); 
019E:  MOVF   65,W
019F:  ANDLW  0F
01A0:  MOVWF  66
01A1:  MOVWF  67
01A2:  CALL   0E5
01A3:  RETURN
.................... } 
....................  
.................... #if defined(LCD_EXTENDED_NEWLINE) 
.................... unsigned int8 g_LcdX, g_LcdY; 
.................... #endif 
....................  
.................... void lcd_init(void)  
.................... { 
....................    unsigned int8 i; 
....................    unsigned int8 LCD_INIT_STRING[4] = {0x20 | (LCD_TYPE << 2), 0xc, 1, 6}; 
01A4:  MOVLW  28
01A5:  MOVWF  51
01A6:  MOVLW  0C
01A7:  MOVWF  52
01A8:  MOVLW  01
01A9:  MOVWF  53
01AA:  MOVLW  06
01AB:  MOVWF  54
....................                              // These bytes need to be sent to the LCD 
....................                              // to start it up. 
....................     
....................  
....................    lcd_output_enable(0); 
01AC:  BCF    05.3
01AD:  BSF    03.5
01AE:  BCF    05.3
....................    lcd_output_rs(0); 
01AF:  BCF    03.5
01B0:  BCF    05.5
01B1:  BSF    03.5
01B2:  BCF    05.5
....................    lcd_output_rw(0); 
01B3:  BCF    03.5
01B4:  BCF    05.4
01B5:  BSF    03.5
01B6:  BCF    05.4
....................  
....................  #if defined(__PCB__) 
....................    set_tris_lcd(LCD_OUTPUT_MAP); 
....................  #else 
....................   #if (defined(LCD_DATA4) && defined(LCD_DATA5) && defined(LCD_DATA6) && defined(LCD_DATA7)) 
....................    output_drive(LCD_DATA4); 
01B7:  BCF    08.4
....................    output_drive(LCD_DATA5); 
01B8:  BCF    08.5
....................    output_drive(LCD_DATA6); 
01B9:  BCF    08.6
....................    output_drive(LCD_DATA7); 
01BA:  BCF    08.7
....................   #else 
....................    lcdtris.data = 0x0; 
....................   #endif 
....................    lcd_enable_tris(); 
01BB:  BCF    05.3
....................    lcd_rs_tris(); 
01BC:  BCF    05.5
....................    lcd_rw_tris(); 
01BD:  BCF    05.4
....................  #endif 
....................      
....................    delay_ms(15); 
01BE:  MOVLW  0F
01BF:  BCF    03.5
01C0:  MOVWF  60
01C1:  CALL   0D1
....................    for(i=1;i<=3;++i) 
01C2:  MOVLW  01
01C3:  MOVWF  50
01C4:  MOVF   50,W
01C5:  SUBLW  03
01C6:  BTFSS  03.0
01C7:  GOTO   1D0
....................    { 
....................        lcd_send_nibble(3); 
01C8:  MOVLW  03
01C9:  MOVWF  67
01CA:  CALL   0E5
....................        delay_ms(5); 
01CB:  MOVLW  05
01CC:  MOVWF  60
01CD:  CALL   0D1
01CE:  INCF   50,F
01CF:  GOTO   1C4
....................    } 
....................     
....................    lcd_send_nibble(2); 
01D0:  MOVLW  02
01D1:  MOVWF  67
01D2:  CALL   0E5
....................    delay_ms(5); 
01D3:  MOVLW  05
01D4:  MOVWF  60
01D5:  CALL   0D1
....................    for(i=0;i<=3;++i) 
01D6:  CLRF   50
01D7:  MOVF   50,W
01D8:  SUBLW  03
01D9:  BTFSS  03.0
01DA:  GOTO   1E7
....................       lcd_send_byte(0,LCD_INIT_STRING[i]); 
01DB:  MOVLW  51
01DC:  ADDWF  50,W
01DD:  MOVWF  04
01DE:  BCF    03.7
01DF:  MOVF   00,W
01E0:  MOVWF  55
01E1:  CLRF   64
01E2:  MOVF   55,W
01E3:  MOVWF  65
01E4:  CALL   146
....................  
....................   #if defined(LCD_EXTENDED_NEWLINE) 
01E5:  INCF   50,F
01E6:  GOTO   1D7
01E7:  BSF    0A.3
01E8:  BCF    0A.4
01E9:  GOTO   209 (RETURN)
....................    g_LcdX = 0; 
....................    g_LcdY = 0; 
....................   #endif 
.................... } 
....................  
.................... void lcd_gotoxy(unsigned int8 x, unsigned int8 y) 
.................... { 
....................    unsigned int8 address; 
....................     
....................    if(y!=1) 
*
0205:  DECFSZ 61,W
0206:  GOTO   208
0207:  GOTO   20B
....................       address=LCD_LINE_TWO; 
0208:  MOVLW  40
0209:  MOVWF  62
020A:  GOTO   20C
....................    else 
....................       address=0; 
020B:  CLRF   62
....................       
....................    address+=x-1; 
020C:  MOVLW  01
020D:  SUBWF  60,W
020E:  ADDWF  62,F
....................    lcd_send_byte(0,0x80|address); 
020F:  MOVF   62,W
0210:  IORLW  80
0211:  MOVWF  63
0212:  CLRF   64
0213:  MOVF   63,W
0214:  MOVWF  65
0215:  CALL   146
....................  
....................   #if defined(LCD_EXTENDED_NEWLINE) 
0216:  RETURN
....................    g_LcdX = x - 1; 
....................    g_LcdY = y - 1; 
....................   #endif 
.................... } 
....................  
.................... void lcd_putc(char c) 
.................... { 
....................    switch (c) 
0217:  MOVF   5F,W
0218:  XORLW  07
0219:  BTFSC  03.2
021A:  GOTO   225
021B:  XORLW  0B
021C:  BTFSC  03.2
021D:  GOTO   22A
021E:  XORLW  06
021F:  BTFSC  03.2
0220:  GOTO   232
0221:  XORLW  02
0222:  BTFSC  03.2
0223:  GOTO   238
0224:  GOTO   23D
....................    { 
....................       case '\a'   :  lcd_gotoxy(1,1);     break; 
0225:  MOVLW  01
0226:  MOVWF  60
0227:  MOVWF  61
0228:  CALL   205
0229:  GOTO   242
....................  
....................       case '\f'   :  lcd_send_byte(0,1); 
022A:  CLRF   64
022B:  MOVLW  01
022C:  MOVWF  65
022D:  CALL   146
....................                      delay_ms(2); 
022E:  MOVLW  02
022F:  MOVWF  60
0230:  CALL   0D1
....................                     #if defined(LCD_EXTENDED_NEWLINE) 
....................                      g_LcdX = 0; 
....................                      g_LcdY = 0; 
....................                     #endif 
....................                      break; 
0231:  GOTO   242
....................  
....................      #if defined(LCD_EXTENDED_NEWLINE) 
....................       case '\r'   :  lcd_gotoxy(1, g_LcdY+1);   break; 
....................       case '\n'   : 
....................          while (g_LcdX++ < LCD_LINE_LENGTH) 
....................          { 
....................             lcd_send_byte(1, ' '); 
....................          } 
....................          lcd_gotoxy(1, g_LcdY+2); 
....................          break; 
....................      #else 
....................       case '\n'   : lcd_gotoxy(1,2);        break; 
0232:  MOVLW  01
0233:  MOVWF  60
0234:  MOVLW  02
0235:  MOVWF  61
0236:  CALL   205
0237:  GOTO   242
....................      #endif 
....................       
....................       case '\b'   : lcd_send_byte(0,0x10);  break; 
0238:  CLRF   64
0239:  MOVLW  10
023A:  MOVWF  65
023B:  CALL   146
023C:  GOTO   242
....................       
....................      #if defined(LCD_EXTENDED_NEWLINE) 
....................       default     :  
....................          if (g_LcdX < LCD_LINE_LENGTH) 
....................          { 
....................             lcd_send_byte(1, c); 
....................             g_LcdX++; 
....................          } 
....................          break; 
....................      #else 
....................       default     : lcd_send_byte(1,c);     break; 
023D:  MOVLW  01
023E:  MOVWF  64
023F:  MOVF   5F,W
0240:  MOVWF  65
0241:  CALL   146
....................      #endif 
....................    } 
0242:  RETURN
.................... } 
....................   
.................... char lcd_getc(unsigned int8 x, unsigned int8 y) 
.................... { 
....................    char value; 
....................  
....................    lcd_gotoxy(x,y); 
....................    while ( bit_test(lcd_read_byte(),7) ); // wait until busy flag is low 
....................    lcd_output_rs(1); 
....................    value = lcd_read_byte(); 
....................    lcd_output_rs(0); 
....................     
....................    return(value); 
.................... } 
....................  
.................... // write a custom character to the ram 
.................... // which is 0-7 and specifies which character array we are modifying. 
.................... // ptr points to an array of 8 bytes, where each byte is the next row of 
.................... //    pixels.  only bits 0-4 are used.  the last row is the cursor row, and 
.................... //    usually you will want to leave this byte 0x00. 
.................... void lcd_set_cgram_char(unsigned int8 which, unsigned int8 *ptr) 
.................... { 
....................    unsigned int i; 
....................  
....................    which <<= 3; 
....................    which &= 0x38; 
....................  
....................    lcd_send_byte(0, 0x40 | which);  //set cgram address 
....................  
....................    for(i=0; i<8; i++) 
....................    { 
....................       lcd_send_byte(1, *ptr++); 
....................    } 
....................    
....................    #if defined(LCD_EXTENDED_NEWLINE) 
....................     lcd_gotoxy(g_LcdX+1, g_LcdY+1);  //set ddram address 
....................    #endif 
.................... } 
....................  
.................... void lcd_cursor_on(int1 on) 
.................... { 
....................    if (on) 
....................    { 
....................       lcd_send_byte(0,0x0F);           //turn LCD cursor ON 
....................    } 
....................    else 
....................    { 
....................       lcd_send_byte(0,0x0C);           //turn LCD cursor OFF 
....................    } 
.................... } 
....................  
.................... #endif 
....................  
.................... #define KBD_A PIN_C0 
.................... #define KBD_B PIN_C1 
.................... #define KBD_C PIN_C2 
.................... #define KBD_D PIN_C3 
.................... #define KBD_1 PIN_C4 
.................... #define KBD_2 PIN_C5 
.................... #define KBD_3 PIN_C6 
.................... #define KBD_4 PIN_C7 
.................... #include <kbd_4x4_custom.c> //Librera teclado 4x4 puerto B 
.................... // Es requerido cada pin como KBD_A 
.................... // Cada tecla A,B,C y D son salidas 
.................... // Cada tecla 1,2,3 y 4 son entradas 
....................  
.................... #define KBD_DEBOUNCE_FACTOR 20 
....................  
.................... #ifndef KBD_A 
....................    #define KBD_A PIN_B0 
.................... #endif 
....................  
.................... #ifndef KBD_B 
....................    #define KBD_B PIN_B1 
.................... #endif 
....................  
.................... #ifndef KBD_C 
....................    #define KBD_C PIN_B2 
.................... #endif 
....................  
.................... #ifndef KBD_D 
....................    #define KBD_D PIN_B3 
.................... #endif 
....................  
.................... #ifndef KBD_1 
....................    #define KBD_1 PIN_B4 
.................... #endif 
....................  
.................... #ifndef KBD_2 
....................    #define KBD_2 PIN_B5 
.................... #endif 
....................  
.................... #ifndef KBD_3 
....................    #define KBD_3 PIN_B6 
.................... #endif 
....................  
.................... #ifndef KBD_4 
....................    #define KBD_4 PIN_B7 
.................... #endif 
....................  
.................... // Teclas distribudas fsicamente 
.................... char const KEYS[4][4] = {{'7','8','9','/'}, 
....................                          {'4','5','6','*'}, 
....................                          {'1','2','3','-'}, 
....................                          {'C','0','=','+'}}; 
....................  
.................... void kbd_init() { 
....................    output_high(KBD_A); 
*
01EA:  BCF    2B.0
01EB:  MOVF   2B,W
01EC:  BSF    03.5
01ED:  MOVWF  07
01EE:  BCF    03.5
01EF:  BSF    07.0
....................    output_high(KBD_B); 
01F0:  BCF    2B.1
01F1:  MOVF   2B,W
01F2:  BSF    03.5
01F3:  MOVWF  07
01F4:  BCF    03.5
01F5:  BSF    07.1
....................    output_high(KBD_C); 
01F6:  BCF    2B.2
01F7:  MOVF   2B,W
01F8:  BSF    03.5
01F9:  MOVWF  07
01FA:  BCF    03.5
01FB:  BSF    07.2
....................    output_high(KBD_D); 
01FC:  BCF    2B.3
01FD:  MOVF   2B,W
01FE:  BSF    03.5
01FF:  MOVWF  07
0200:  BCF    03.5
0201:  BSF    07.3
0202:  BSF    0A.3
0203:  BCF    0A.4
0204:  GOTO   20C (RETURN)
.................... } 
....................  
.................... int read_row(int col){   
....................    switch(col){ 
*
0299:  MOVF   60,W
029A:  ADDLW  FC
029B:  BTFSC  03.0
029C:  GOTO   302
029D:  ADDLW  04
029E:  GOTO   32F
....................       case 0: 
....................          output_low(KBD_A); 
029F:  BCF    2B.0
02A0:  MOVF   2B,W
02A1:  BSF    03.5
02A2:  MOVWF  07
02A3:  BCF    03.5
02A4:  BCF    07.0
....................          output_high(KBD_B); 
02A5:  BCF    2B.1
02A6:  MOVF   2B,W
02A7:  BSF    03.5
02A8:  MOVWF  07
02A9:  BCF    03.5
02AA:  BSF    07.1
....................          output_high(KBD_C); 
02AB:  BCF    2B.2
02AC:  MOVF   2B,W
02AD:  BSF    03.5
02AE:  MOVWF  07
02AF:  BCF    03.5
02B0:  BSF    07.2
....................          output_high(KBD_D); 
02B1:  BCF    2B.3
02B2:  MOVF   2B,W
02B3:  BSF    03.5
02B4:  MOVWF  07
02B5:  BCF    03.5
02B6:  BSF    07.3
....................       break; 
02B7:  GOTO   302
....................       case 1: 
....................          output_high(KBD_A); 
02B8:  BCF    2B.0
02B9:  MOVF   2B,W
02BA:  BSF    03.5
02BB:  MOVWF  07
02BC:  BCF    03.5
02BD:  BSF    07.0
....................          output_low(KBD_B); 
02BE:  BCF    2B.1
02BF:  MOVF   2B,W
02C0:  BSF    03.5
02C1:  MOVWF  07
02C2:  BCF    03.5
02C3:  BCF    07.1
....................          output_high(KBD_C); 
02C4:  BCF    2B.2
02C5:  MOVF   2B,W
02C6:  BSF    03.5
02C7:  MOVWF  07
02C8:  BCF    03.5
02C9:  BSF    07.2
....................          output_high(KBD_D); 
02CA:  BCF    2B.3
02CB:  MOVF   2B,W
02CC:  BSF    03.5
02CD:  MOVWF  07
02CE:  BCF    03.5
02CF:  BSF    07.3
....................       break; 
02D0:  GOTO   302
....................       case 2: 
....................          output_high(KBD_A); 
02D1:  BCF    2B.0
02D2:  MOVF   2B,W
02D3:  BSF    03.5
02D4:  MOVWF  07
02D5:  BCF    03.5
02D6:  BSF    07.0
....................          output_high(KBD_B); 
02D7:  BCF    2B.1
02D8:  MOVF   2B,W
02D9:  BSF    03.5
02DA:  MOVWF  07
02DB:  BCF    03.5
02DC:  BSF    07.1
....................          output_low(KBD_C); 
02DD:  BCF    2B.2
02DE:  MOVF   2B,W
02DF:  BSF    03.5
02E0:  MOVWF  07
02E1:  BCF    03.5
02E2:  BCF    07.2
....................          output_high(KBD_D); 
02E3:  BCF    2B.3
02E4:  MOVF   2B,W
02E5:  BSF    03.5
02E6:  MOVWF  07
02E7:  BCF    03.5
02E8:  BSF    07.3
....................       break; 
02E9:  GOTO   302
....................       case 3: 
....................          output_high(KBD_A); 
02EA:  BCF    2B.0
02EB:  MOVF   2B,W
02EC:  BSF    03.5
02ED:  MOVWF  07
02EE:  BCF    03.5
02EF:  BSF    07.0
....................          output_high(KBD_B); 
02F0:  BCF    2B.1
02F1:  MOVF   2B,W
02F2:  BSF    03.5
02F3:  MOVWF  07
02F4:  BCF    03.5
02F5:  BSF    07.1
....................          output_high(KBD_C); 
02F6:  BCF    2B.2
02F7:  MOVF   2B,W
02F8:  BSF    03.5
02F9:  MOVWF  07
02FA:  BCF    03.5
02FB:  BSF    07.2
....................          output_low(KBD_D); 
02FC:  BCF    2B.3
02FD:  MOVF   2B,W
02FE:  BSF    03.5
02FF:  MOVWF  07
0300:  BCF    03.5
0301:  BCF    07.3
....................       break; 
....................    } 
....................    if(!input(KBD_1))return 0; 
0302:  BSF    2B.4
0303:  MOVF   2B,W
0304:  BSF    03.5
0305:  MOVWF  07
0306:  BCF    03.5
0307:  BTFSC  07.4
0308:  GOTO   30C
0309:  MOVLW  00
030A:  MOVWF  78
030B:  GOTO   32C
....................    if(!input(KBD_2))return 1; 
030C:  BSF    2B.5
030D:  MOVF   2B,W
030E:  BSF    03.5
030F:  MOVWF  07
0310:  BCF    03.5
0311:  BTFSC  07.5
0312:  GOTO   316
0313:  MOVLW  01
0314:  MOVWF  78
0315:  GOTO   32C
....................    if(!input(KBD_3))return 2; 
0316:  BSF    2B.6
0317:  MOVF   2B,W
0318:  BSF    03.5
0319:  MOVWF  07
031A:  BCF    03.5
031B:  BTFSC  07.6
031C:  GOTO   320
031D:  MOVLW  02
031E:  MOVWF  78
031F:  GOTO   32C
....................    if(!input(KBD_4))return 3; 
0320:  BSF    2B.7
0321:  MOVF   2B,W
0322:  BSF    03.5
0323:  MOVWF  07
0324:  BCF    03.5
0325:  BTFSC  07.7
0326:  GOTO   32A
0327:  MOVLW  03
0328:  MOVWF  78
0329:  GOTO   32C
....................    return 69; 
032A:  MOVLW  45
032B:  MOVWF  78
032C:  BCF    0A.3
032D:  BCF    0A.4
032E:  GOTO   37C (RETURN)
.................... } 
....................  
....................  
....................  
.................... char kbd_getc( ) { 
*
036E:  BCF    5D.0
....................    static byte kbd_call_count; 
*
0A05:  BCF    03.5
0A06:  CLRF   2C
....................    static int1 kbd_down=FALSE; 
....................    int1 pressed_flag=0; 
....................    int row, i; 
....................    if(++kbd_call_count>KBD_DEBOUNCE_FACTOR) { 
*
036F:  INCF   2C,F
0370:  MOVF   2C,W
0371:  SUBLW  14
0372:  BTFSC  03.0
0373:  GOTO   3A6
....................       for(i=0; i<4; i++){ 
0374:  CLRF   5F
0375:  MOVF   5F,W
0376:  SUBLW  03
0377:  BTFSS  03.0
0378:  GOTO   3A3
....................          row = read_row(i); 
0379:  MOVF   5F,W
037A:  MOVWF  60
037B:  GOTO   299
037C:  MOVF   78,W
037D:  MOVWF  5E
....................          pressed_flag |= row != 69; 
037E:  MOVF   5E,W
037F:  SUBLW  45
0380:  BTFSS  03.2
0381:  GOTO   384
0382:  MOVLW  00
0383:  GOTO   385
0384:  MOVLW  01
0385:  MOVWF  60
0386:  MOVLW  00
0387:  BTFSC  5D.0
0388:  MOVLW  01
0389:  IORWF  60,W
038A:  MOVWF  78
038B:  BCF    5D.0
038C:  BTFSC  78.0
038D:  BSF    5D.0
....................           
....................          if(!kbd_down && row != 69){ // pressed and was not pressed 
038E:  BTFSC  2D.0
038F:  GOTO   3A1
0390:  MOVF   5E,W
0391:  SUBLW  45
0392:  BTFSC  03.2
0393:  GOTO   3A1
....................             kbd_down=TRUE; 
0394:  BSF    2D.0
....................             kbd_call_count=0; 
0395:  CLRF   2C
....................             return KEYS[i][row]; 
0396:  RLF    5F,W
0397:  MOVWF  77
0398:  RLF    77,F
0399:  MOVLW  FC
039A:  ANDWF  77,F
039B:  MOVF   77,W
039C:  ADDWF  5E,W
039D:  CALL   05F
039E:  MOVWF  78
039F:  MOVWF  78
03A0:  GOTO   3A8
....................          } 
03A1:  INCF   5F,F
03A2:  GOTO   375
....................       } 
....................        
....................       if(!pressed_flag){ // not pressed 
03A3:  BTFSS  5D.0
....................          kbd_down=FALSE; 
03A4:  BCF    2D.0
....................       } 
....................       kbd_call_count=0; 
03A5:  CLRF   2C
....................    } 
....................    return '\0'; 
03A6:  MOVLW  00
03A7:  MOVWF  78
.................... } 
....................  
.................... char kbd_waitc(){ 
....................    char c; 
....................    do{ 
....................       c = kbd_getc(); 
....................    }while(c=='\0'); 
....................    return c; 
.................... } 
....................  
.................... #include <getNum16.c> 
.................... /* 
....................    ** Se requiere haber inicializado el lcd y el teclado **  
....................     
....................    Usar como "int16 numero = get_num();" no puede borrar numeros 
....................     
....................    Al usar como "int16 numero = get_num_lcd(cursor_x,cursor_y)" 
....................    se pueden borrar caracteres con '-' y con 'C' 
....................        
....................    Por Angel Primitivo Vejar Corts 2022 | angel-primi@hotmail.com 
.................... */ 
....................  
.................... unsigned int32 pow(int8 base, int8 power){ 
*
0420:  CLRF   63
0421:  CLRF   62
0422:  CLRF   61
0423:  MOVLW  01
0424:  MOVWF  60
....................    int32 result = 1; 
....................    for(int8 i = 0; i < power; i++){ 
0425:  CLRF   64
0426:  MOVF   5F,W
0427:  SUBWF  64,W
0428:  BTFSC  03.0
0429:  GOTO   442
....................       result *= base; 
042A:  MOVF   63,W
042B:  MOVWF  68
042C:  MOVF   62,W
042D:  MOVWF  67
042E:  MOVF   61,W
042F:  MOVWF  66
0430:  MOVF   60,W
0431:  MOVWF  65
0432:  CLRF   6C
0433:  CLRF   6B
0434:  CLRF   6A
0435:  MOVF   5E,W
0436:  MOVWF  69
0437:  CALL   337
0438:  MOVF   7A,W
0439:  MOVWF  63
043A:  MOVF   79,W
043B:  MOVWF  62
043C:  MOVF   78,W
043D:  MOVWF  61
043E:  MOVF   77,W
043F:  MOVWF  60
0440:  INCF   64,F
0441:  GOTO   426
....................    } 
....................    return result; 
0442:  MOVF   60,W
0443:  MOVWF  77
0444:  MOVF   61,W
0445:  MOVWF  78
0446:  MOVF   62,W
0447:  MOVWF  79
0448:  MOVF   63,W
0449:  MOVWF  7A
.................... } 
....................  
.................... char read_key(){ 
....................    char c; 
....................    do{ 
....................       c=kbd_getc(); 
*
03A8:  MOVF   78,W
03A9:  MOVWF  5C
....................    } 
....................    while(c=='\0');  
03AA:  MOVF   5C,F
03AB:  BTFSC  03.2
03AC:  GOTO   36E
....................    return(c); 
03AD:  MOVF   5C,W
03AE:  MOVWF  78
.................... } 
....................  
.................... int16 get_num_lcd(int8 x, int8 y){ 
....................    lcd_gotoxy(x,y); 
*
0361:  MOVF   50,W
0362:  MOVWF  60
0363:  MOVF   51,W
0364:  MOVWF  61
0365:  CALL   205
....................    int16 numero = 0; 
....................    char cadena[5] = {0,0,0,0,0}; 
*
0368:  CLRF   54
0369:  CLRF   55
036A:  CLRF   56
036B:  CLRF   57
036C:  CLRF   58
....................    int8 index = 0; 
....................    char tecla; 
*
0366:  CLRF   53
0367:  CLRF   52
*
036D:  CLRF   59
....................    do { 
....................       tecla = read_key(); 
*
03AF:  MOVF   78,W
03B0:  MOVWF  5A
....................       if((tecla >= 48) && (tecla <= 57))  
03B1:  MOVF   5A,W
03B2:  SUBLW  2F
03B3:  BTFSC  03.0
03B4:  GOTO   3C3
03B5:  MOVF   5A,W
03B6:  SUBLW  39
03B7:  BTFSS  03.0
03B8:  GOTO   3C3
....................       { 
....................          cadena[index] = tecla; 
03B9:  MOVLW  54
03BA:  ADDWF  59,W
03BB:  MOVWF  04
03BC:  BCF    03.7
03BD:  MOVF   5A,W
03BE:  MOVWF  00
....................          index++; 
03BF:  INCF   59,F
....................          printf(lcd_putc,"%c",tecla); 
03C0:  MOVF   5A,W
03C1:  MOVWF  5F
03C2:  CALL   217
....................       } 
....................        
....................       if(tecla == '-' && index > 0){ 
03C3:  MOVF   5A,W
03C4:  SUBLW  2D
03C5:  BTFSS  03.2
03C6:  GOTO   3E1
03C7:  MOVF   59,F
03C8:  BTFSC  03.2
03C9:  GOTO   3E1
....................          index--; 
03CA:  DECF   59,F
....................          cadena[index] = 0; 
03CB:  MOVLW  54
03CC:  ADDWF  59,W
03CD:  MOVWF  04
03CE:  BCF    03.7
03CF:  CLRF   00
....................          lcd_gotoxy(x + index,y); 
03D0:  MOVF   59,W
03D1:  ADDWF  50,W
03D2:  MOVWF  5C
03D3:  MOVWF  60
03D4:  MOVF   51,W
03D5:  MOVWF  61
03D6:  CALL   205
....................          printf(lcd_putc," "); 
03D7:  MOVLW  20
03D8:  MOVWF  5F
03D9:  CALL   217
....................          lcd_gotoxy(x + index,y); 
03DA:  MOVF   59,W
03DB:  ADDWF  50,W
03DC:  MOVWF  5C
03DD:  MOVWF  60
03DE:  MOVF   51,W
03DF:  MOVWF  61
03E0:  CALL   205
....................       } 
....................        
....................       if(tecla == 'C' && index > 0){ 
03E1:  MOVF   5A,W
03E2:  SUBLW  43
03E3:  BTFSS  03.2
03E4:  GOTO   3FF
03E5:  MOVF   59,F
03E6:  BTFSC  03.2
03E7:  GOTO   3FF
....................          index=0; 
03E8:  CLRF   59
....................          cadena[0] = 0; 
03E9:  CLRF   54
....................          cadena[1] = 0; 
03EA:  CLRF   55
....................          cadena[2] = 0; 
03EB:  CLRF   56
....................          cadena[3] = 0; 
03EC:  CLRF   57
....................          cadena[4] = 0; 
03ED:  CLRF   58
....................          lcd_gotoxy(x,y); 
03EE:  MOVF   50,W
03EF:  MOVWF  60
03F0:  MOVF   51,W
03F1:  MOVWF  61
03F2:  CALL   205
....................          printf(lcd_putc,"     "); 
03F3:  MOVLW  73
03F4:  BSF    03.6
03F5:  MOVWF  0D
03F6:  MOVLW  00
03F7:  MOVWF  0F
03F8:  BCF    03.6
03F9:  CALL   243
....................          lcd_gotoxy(x,y); 
03FA:  MOVF   50,W
03FB:  MOVWF  60
03FC:  MOVF   51,W
03FD:  MOVWF  61
03FE:  CALL   205
....................       } 
....................        
....................       if(tecla == '=' && index > 0){ 
03FF:  MOVF   5A,W
0400:  SUBLW  3D
0401:  BTFSS  03.2
0402:  GOTO   406
0403:  MOVF   59,F
0404:  BTFSS  03.2
....................          break;      
0405:  GOTO   40A
....................       } 
....................    }while(index < 5); 
0406:  MOVF   59,W
0407:  SUBLW  04
0408:  BTFSC  03.0
0409:  GOTO   36E
....................     
....................    for(int8 i = 0; i < index; i++){ 
040A:  CLRF   5B
040B:  MOVF   59,W
040C:  SUBWF  5B,W
040D:  BTFSC  03.0
040E:  GOTO   46B
....................       numero += (cadena[i] - 48) * (pow(10,index - 1 - i)); 
040F:  MOVLW  54
0410:  ADDWF  5B,W
0411:  MOVWF  04
0412:  BCF    03.7
0413:  MOVLW  30
0414:  SUBWF  00,W
0415:  MOVWF  5C
0416:  MOVLW  01
0417:  SUBWF  59,W
0418:  MOVWF  78
0419:  MOVF   5B,W
041A:  SUBWF  78,W
041B:  MOVWF  5D
041C:  MOVLW  0A
041D:  MOVWF  5E
041E:  MOVF   5D,W
041F:  MOVWF  5F
*
044A:  CLRF   5E
044B:  MOVF   04,W
044C:  MOVWF  5D
044D:  BCF    5E.0
044E:  BTFSC  03.7
044F:  BSF    5E.0
0450:  CLRF   68
0451:  CLRF   67
0452:  CLRF   66
0453:  MOVF   5C,W
0454:  MOVWF  65
0455:  MOVF   7A,W
0456:  MOVWF  6C
0457:  MOVF   79,W
0458:  MOVWF  6B
0459:  MOVF   78,W
045A:  MOVWF  6A
045B:  MOVF   77,W
045C:  MOVWF  69
045D:  CALL   337
045E:  MOVF   5D,W
045F:  MOVWF  04
0460:  BCF    03.7
0461:  BTFSC  5E.0
0462:  BSF    03.7
0463:  MOVF   77,W
0464:  ADDWF  52,F
0465:  MOVF   78,W
0466:  BTFSC  03.0
0467:  INCFSZ 78,W
0468:  ADDWF  53,F
0469:  INCF   5B,F
046A:  GOTO   40B
....................    }   
....................    return numero; 
046B:  MOVF   52,W
046C:  MOVWF  78
046D:  MOVF   53,W
046E:  MOVWF  79
046F:  RETURN
.................... } 
....................  
.................... int16 get_num() { 
....................    int16 numero = 0; 
....................    char cadena[5] = {0,0,0,0,0}; 
....................    int8 index = 0; 
....................    char tecla; 
....................    do { 
....................       tecla = read_key(); 
....................       if((tecla >= 48) && (tecla <= 57))  
....................       { 
....................          cadena[index] = tecla; 
....................          index++; 
....................          printf(lcd_putc,"%c",tecla); 
....................       } 
....................        
....................       if(tecla == '=' && index > 0){ 
....................          break;      
....................       } 
....................    }while(index < 5); 
....................     
....................    for(int8 i = 0; i < index; i++){ 
....................       numero += (cadena[i] - 48) * (pow(10,index - 1 - i)); 
....................    }   
....................    return numero; 
.................... } 
....................  
....................  
.................... #define MOTOR PIN_B3 
....................  
.................... FLOAT T0_CARGA = 60.6875; 
.................... int16 objetivo = 0; 
.................... int32 Alta,Baja,porcentaje,porcentaje1; 
.................... short isAlto=0; 
....................  
.................... int16 pulsos =0;  
.................... signed int16  error = 0; 
.................... float RPM=0; 
.................... const float dientes = 12, tiempo_muestreo = 1; 
.................... const int16 RPMAX = 800; 
.................... int16 ms_timer=0; 
.................... int1 estado=0; 
....................  
.................... #INT_EXT 
.................... void pulso()      //INTERRUPCION SENSOR RPM 
.................... { 
....................    pulsos++; 
*
0076:  INCF   44,F
0077:  BTFSC  03.2
0078:  INCF   45,F
.................... } 
....................  
0079:  BCF    0B.1
007A:  BCF    0A.3
007B:  BCF    0A.4
007C:  GOTO   035
.................... #INT_TIMER0 
.................... void timer0(){ 
....................    set_timer0(T0_CARGA); 
007D:  MOVF   2E,W
007E:  MOVWF  01
....................    ms_timer++; 
007F:  INCF   4C,F
0080:  BTFSC  03.2
0081:  INCF   4D,F
....................    if(ms_timer >= 1000 ){      //HASTA 100ms SE REINCIA 
0082:  MOVF   4D,W
0083:  SUBLW  02
0084:  BTFSC  03.0
0085:  GOTO   090
0086:  XORLW  FF
0087:  BTFSS  03.2
0088:  GOTO   08D
0089:  MOVF   4C,W
008A:  SUBLW  E7
008B:  BTFSC  03.0
008C:  GOTO   090
....................       ms_timer=0;             //CICLO DE TRABAJO 
008D:  CLRF   4D
008E:  CLRF   4C
....................       estado=1; 
008F:  BSF    2D.2
....................    } 
.................... } 
....................  
0090:  BCF    0B.2
0091:  BCF    0A.3
0092:  BCF    0A.4
0093:  GOTO   035
.................... #INT_TIMER1 
.................... void timer1_isr(){             
....................    if(isAlto){ 
0094:  BTFSS  2D.1
0095:  GOTO   0A1
....................       set_timer1(Baja); 
0096:  CLRF   0E
0097:  MOVF   39,W
0098:  MOVWF  0F
0099:  MOVF   38,W
009A:  MOVWF  0E
....................       output_low(MOTOR); 
009B:  BSF    03.5
009C:  BCF    06.3
009D:  BCF    03.5
009E:  BCF    06.3
....................       isAlto = 0; 
009F:  BCF    2D.1
....................    }else{ 
00A0:  GOTO   0AB
....................       set_timer1(Alta); 
00A1:  CLRF   0E
00A2:  MOVF   35,W
00A3:  MOVWF  0F
00A4:  MOVF   34,W
00A5:  MOVWF  0E
....................       output_high(MOTOR); 
00A6:  BSF    03.5
00A7:  BCF    06.3
00A8:  BCF    03.5
00A9:  BSF    06.3
....................       isAlto = 1; 
00AA:  BSF    2D.1
....................    } 
00AB:  BCF    0C.0
00AC:  BCF    0A.3
00AD:  BCF    0A.4
00AE:  GOTO   035
.................... } 
.................... void main(){ 
*
09E2:  MOVF   03,W
09E3:  ANDLW  1F
09E4:  MOVWF  03
09E5:  MOVLW  FF
09E6:  MOVWF  2B
09E7:  BCF    2D.0
09E8:  CLRF   31
09E9:  MOVLW  C0
09EA:  MOVWF  30
09EB:  MOVLW  72
09EC:  MOVWF  2F
09ED:  MOVLW  84
09EE:  MOVWF  2E
09EF:  CLRF   33
09F0:  CLRF   32
09F1:  BCF    2D.1
09F2:  CLRF   45
09F3:  CLRF   44
09F4:  CLRF   47
09F5:  CLRF   46
09F6:  CLRF   4B
09F7:  CLRF   4A
09F8:  CLRF   49
09F9:  CLRF   48
09FA:  CLRF   4D
09FB:  CLRF   4C
09FC:  BCF    2D.2
09FD:  BSF    03.5
09FE:  BSF    1F.0
09FF:  BSF    1F.1
0A00:  BSF    1F.2
0A01:  BCF    1F.3
0A02:  MOVLW  07
0A03:  MOVWF  1C
0A04:  BCF    03.7
....................    lcd_init(); 
*
0A07:  BCF    0A.3
0A08:  GOTO   1A4
0A09:  BSF    0A.3
....................    kbd_init(); 
0A0A:  BCF    0A.3
0A0B:  GOTO   1EA
0A0C:  BSF    0A.3
....................     
....................    output_low(MOTOR); 
0A0D:  BSF    03.5
0A0E:  BCF    06.3
0A0F:  BCF    03.5
0A10:  BCF    06.3
....................     
....................    // Timer interno con prescaler 
....................       setup_timer_1(T1_INTERNAL | T1_DIV_BY_8);  
0A11:  MOVLW  B5
0A12:  MOVWF  10
....................       setup_timer_0(RTCC_INTERNAL | RTCC_DIV_256); 
0A13:  BSF    03.5
0A14:  MOVF   01,W
0A15:  ANDLW  C0
0A16:  IORLW  07
0A17:  MOVWF  01
....................        
....................  
....................       printf(lcd_putc,"\fRPM DE 0 A 5000:"); 
0A18:  MOVLW  AF
0A19:  BCF    03.5
0A1A:  BSF    03.6
0A1B:  MOVWF  0D
0A1C:  MOVLW  00
0A1D:  MOVWF  0F
0A1E:  BCF    0A.3
0A1F:  BCF    03.6
0A20:  CALL   243
0A21:  BSF    0A.3
....................       objetivo =  get_num_lcd(1,8); 
0A22:  MOVLW  01
0A23:  MOVWF  50
0A24:  MOVLW  08
0A25:  MOVWF  51
0A26:  BCF    0A.3
0A27:  CALL   361
0A28:  BSF    0A.3
0A29:  MOVF   79,W
0A2A:  MOVWF  33
0A2B:  MOVF   78,W
0A2C:  MOVWF  32
....................         
....................       while (objetivo > 5000 || objetivo <= 0) 
0A2D:  MOVF   33,W
0A2E:  SUBLW  12
0A2F:  BTFSC  03.0
0A30:  GOTO   238
0A31:  XORLW  FF
0A32:  BTFSS  03.2
0A33:  GOTO   23E
0A34:  MOVF   32,W
0A35:  SUBLW  88
0A36:  BTFSS  03.0
0A37:  GOTO   23E
0A38:  MOVF   32,F
0A39:  BTFSS  03.2
0A3A:  GOTO   253
0A3B:  MOVF   33,F
0A3C:  BTFSS  03.2
0A3D:  GOTO   253
....................          { 
....................            printf(lcd_putc,"\fingresa otro:  "); 
0A3E:  MOVLW  B8
0A3F:  BSF    03.6
0A40:  MOVWF  0D
0A41:  MOVLW  00
0A42:  MOVWF  0F
0A43:  BCF    0A.3
0A44:  BCF    03.6
0A45:  CALL   243
0A46:  BSF    0A.3
....................            objetivo = get_num_lcd(1,2); 
0A47:  MOVLW  01
0A48:  MOVWF  50
0A49:  MOVLW  02
0A4A:  MOVWF  51
0A4B:  BCF    0A.3
0A4C:  CALL   361
0A4D:  BSF    0A.3
0A4E:  MOVF   79,W
0A4F:  MOVWF  33
0A50:  MOVF   78,W
0A51:  MOVWF  32
0A52:  GOTO   22D
....................          } 
....................        
....................          porcentaje = (objetivo * 100)/RPMAX; 
0A53:  MOVF   33,W
0A54:  MOVWF  51
0A55:  MOVF   32,W
0A56:  MOVWF  50
0A57:  CLRF   53
0A58:  MOVLW  64
0A59:  MOVWF  52
0A5A:  BCF    0A.3
0A5B:  CALL   470
0A5C:  BSF    0A.3
0A5D:  MOVF   79,W
0A5E:  MOVWF  51
0A5F:  MOVF   78,W
0A60:  MOVWF  50
0A61:  MOVF   79,W
0A62:  MOVWF  53
0A63:  MOVF   78,W
0A64:  MOVWF  52
0A65:  MOVLW  03
0A66:  MOVWF  55
0A67:  MOVLW  20
0A68:  MOVWF  54
0A69:  BCF    0A.3
0A6A:  GOTO   485
0A6B:  BSF    0A.3
0A6C:  CLRF   3F
0A6D:  CLRF   3E
0A6E:  MOVF   79,W
0A6F:  MOVWF  3D
0A70:  MOVF   78,W
0A71:  MOVWF  3C
....................           
....................          enable_interrupts(INT_TIMER1);   
0A72:  BSF    03.5
0A73:  BSF    0C.0
....................          enable_interrupts(INT_TIMER0); 
0A74:  BCF    03.5
0A75:  BSF    0B.5
....................          enable_interrupts(GLOBAL); 
0A76:  MOVLW  C0
0A77:  IORWF  0B,F
....................          enable_interrupts(INT_EXT); 
0A78:  BSF    0B.4
....................          ext_int_edge(L_TO_H); 
0A79:  BSF    03.5
0A7A:  BSF    01.6
....................          set_timer0(T0_CARGA); 
0A7B:  BCF    03.5
0A7C:  MOVF   2E,W
0A7D:  MOVWF  01
....................          
....................          Alta = 65535 * (100.0 - (float)porcentaje) / 100.0;      //OPERACIONES TIMER 1 
0A7E:  MOVF   3F,W
0A7F:  MOVWF  53
0A80:  MOVF   3E,W
0A81:  MOVWF  52
0A82:  MOVF   3D,W
0A83:  MOVWF  51
0A84:  MOVF   3C,W
0A85:  MOVWF  50
0A86:  BCF    0A.3
0A87:  GOTO   4AC
0A88:  BSF    0A.3
0A89:  BSF    03.1
0A8A:  CLRF   53
0A8B:  CLRF   52
0A8C:  MOVLW  48
0A8D:  MOVWF  51
0A8E:  MOVLW  85
0A8F:  MOVWF  50
0A90:  MOVF   7A,W
0A91:  MOVWF  57
0A92:  MOVF   79,W
0A93:  MOVWF  56
0A94:  MOVF   78,W
0A95:  MOVWF  55
0A96:  MOVF   77,W
0A97:  MOVWF  54
0A98:  BCF    0A.3
0A99:  CALL   4C9
0A9A:  BSF    0A.3
0A9B:  CLRF   60
0A9C:  MOVLW  FF
0A9D:  MOVWF  5F
0A9E:  MOVLW  7F
0A9F:  MOVWF  5E
0AA0:  MOVLW  8E
0AA1:  MOVWF  5D
0AA2:  MOVF   7A,W
0AA3:  MOVWF  64
0AA4:  MOVF   79,W
0AA5:  MOVWF  63
0AA6:  MOVF   78,W
0AA7:  MOVWF  62
0AA8:  MOVF   77,W
0AA9:  MOVWF  61
0AAA:  BCF    0A.3
0AAB:  CALL   60A
0AAC:  BSF    0A.3
0AAD:  MOVF   7A,W
0AAE:  MOVWF  53
0AAF:  MOVF   79,W
0AB0:  MOVWF  52
0AB1:  MOVF   78,W
0AB2:  MOVWF  51
0AB3:  MOVF   77,W
0AB4:  MOVWF  50
0AB5:  MOVF   7A,W
0AB6:  MOVWF  57
0AB7:  MOVF   79,W
0AB8:  MOVWF  56
0AB9:  MOVF   78,W
0ABA:  MOVWF  55
0ABB:  MOVF   77,W
0ABC:  MOVWF  54
0ABD:  CLRF   5B
0ABE:  CLRF   5A
0ABF:  MOVLW  48
0AC0:  MOVWF  59
0AC1:  MOVLW  85
0AC2:  MOVWF  58
0AC3:  BCF    0A.3
0AC4:  CALL   67F
0AC5:  BSF    0A.3
0AC6:  MOVF   7A,W
0AC7:  MOVWF  60
0AC8:  MOVF   79,W
0AC9:  MOVWF  5F
0ACA:  MOVF   78,W
0ACB:  MOVWF  5E
0ACC:  MOVF   77,W
0ACD:  MOVWF  5D
0ACE:  BCF    0A.3
0ACF:  CALL   749
0AD0:  BSF    0A.3
0AD1:  MOVF   7A,W
0AD2:  MOVWF  37
0AD3:  MOVF   79,W
0AD4:  MOVWF  36
0AD5:  MOVF   78,W
0AD6:  MOVWF  35
0AD7:  MOVF   77,W
0AD8:  MOVWF  34
....................          Baja = 65535 - Alta; 
0AD9:  MOVF   34,W
0ADA:  SUBLW  FF
0ADB:  MOVWF  38
0ADC:  MOVLW  FF
0ADD:  MOVWF  39
0ADE:  MOVF   35,W
0ADF:  BTFSS  03.0
0AE0:  INCFSZ 35,W
0AE1:  SUBWF  39,F
0AE2:  CLRF   3A
0AE3:  MOVF   36,W
0AE4:  BTFSS  03.0
0AE5:  INCFSZ 36,W
0AE6:  SUBWF  3A,F
0AE7:  CLRF   3B
0AE8:  MOVF   37,W
0AE9:  BTFSS  03.0
0AEA:  INCFSZ 37,W
0AEB:  SUBWF  3B,F
....................           
....................          isAlto = 0; 
0AEC:  BCF    2D.1
....................          set_timer1(Baja); 
0AED:  CLRF   0E
0AEE:  MOVF   39,W
0AEF:  MOVWF  0F
0AF0:  MOVF   38,W
0AF1:  MOVWF  0E
....................            
....................    
....................    while(true){ 
....................     
....................        if (estado == 1) 
0AF2:  BTFSS  2D.2
0AF3:  GOTO   3E6
....................         { 
....................            error = objetivo - RPM;                                //OPERACIONES RPM SENSOR 
0AF4:  MOVF   33,W
0AF5:  MOVWF  53
0AF6:  MOVF   32,W
0AF7:  MOVWF  52
0AF8:  BCF    0A.3
0AF9:  CALL   768
0AFA:  BSF    0A.3
0AFB:  BSF    03.1
0AFC:  MOVF   7A,W
0AFD:  MOVWF  53
0AFE:  MOVF   79,W
0AFF:  MOVWF  52
0B00:  MOVF   78,W
0B01:  MOVWF  51
0B02:  MOVF   77,W
0B03:  MOVWF  50
0B04:  MOVF   4B,W
0B05:  MOVWF  57
0B06:  MOVF   4A,W
0B07:  MOVWF  56
0B08:  MOVF   49,W
0B09:  MOVWF  55
0B0A:  MOVF   48,W
0B0B:  MOVWF  54
0B0C:  BCF    0A.3
0B0D:  CALL   4C9
0B0E:  BSF    0A.3
0B0F:  MOVF   7A,W
0B10:  MOVWF  53
0B11:  MOVF   79,W
0B12:  MOVWF  52
0B13:  MOVF   78,W
0B14:  MOVWF  51
0B15:  MOVF   77,W
0B16:  MOVWF  50
0B17:  BCF    0A.3
0B18:  GOTO   785
0B19:  BSF    0A.3
0B1A:  MOVF   79,W
0B1B:  MOVWF  47
0B1C:  MOVF   78,W
0B1D:  MOVWF  46
....................            int16 pulsos_tem = pulsos; 
0B1E:  MOVF   45,W
0B1F:  MOVWF  4F
0B20:  MOVF   44,W
0B21:  MOVWF  4E
....................            RPM = pulsos_tem / (tiempo_muestreo * dientes)*60; 
0B22:  MOVF   4F,W
0B23:  MOVWF  53
0B24:  MOVF   4E,W
0B25:  MOVWF  52
0B26:  BCF    0A.3
0B27:  CALL   768
0B28:  BSF    0A.3
0B29:  MOVF   7A,W
0B2A:  MOVWF  57
0B2B:  MOVF   79,W
0B2C:  MOVWF  56
0B2D:  MOVF   78,W
0B2E:  MOVWF  55
0B2F:  MOVF   77,W
0B30:  MOVWF  54
0B31:  CLRF   5B
0B32:  CLRF   5A
0B33:  MOVLW  40
0B34:  MOVWF  59
0B35:  MOVLW  82
0B36:  MOVWF  58
0B37:  BCF    0A.3
0B38:  CALL   67F
0B39:  BSF    0A.3
0B3A:  MOVF   7A,W
0B3B:  MOVWF  53
0B3C:  MOVF   79,W
0B3D:  MOVWF  52
0B3E:  MOVF   78,W
0B3F:  MOVWF  51
0B40:  MOVF   77,W
0B41:  MOVWF  50
0B42:  MOVF   7A,W
0B43:  MOVWF  60
0B44:  MOVF   79,W
0B45:  MOVWF  5F
0B46:  MOVF   78,W
0B47:  MOVWF  5E
0B48:  MOVF   77,W
0B49:  MOVWF  5D
0B4A:  CLRF   64
0B4B:  CLRF   63
0B4C:  MOVLW  70
0B4D:  MOVWF  62
0B4E:  MOVLW  84
0B4F:  MOVWF  61
0B50:  BCF    0A.3
0B51:  CALL   60A
0B52:  BSF    0A.3
0B53:  MOVF   7A,W
0B54:  MOVWF  4B
0B55:  MOVF   79,W
0B56:  MOVWF  4A
0B57:  MOVF   78,W
0B58:  MOVWF  49
0B59:  MOVF   77,W
0B5A:  MOVWF  48
....................            porcentaje1 = (objetivo * 100)/RPM; 
0B5B:  MOVF   33,W
0B5C:  MOVWF  51
0B5D:  MOVF   32,W
0B5E:  MOVWF  50
0B5F:  CLRF   53
0B60:  MOVLW  64
0B61:  MOVWF  52
0B62:  BCF    0A.3
0B63:  CALL   470
0B64:  BSF    0A.3
0B65:  MOVF   79,W
0B66:  MOVWF  51
0B67:  MOVF   78,W
0B68:  MOVWF  50
0B69:  MOVF   79,W
0B6A:  MOVWF  53
0B6B:  MOVF   78,W
0B6C:  MOVWF  52
0B6D:  BCF    0A.3
0B6E:  CALL   768
0B6F:  BSF    0A.3
0B70:  MOVF   7A,W
0B71:  MOVWF  57
0B72:  MOVF   79,W
0B73:  MOVWF  56
0B74:  MOVF   78,W
0B75:  MOVWF  55
0B76:  MOVF   77,W
0B77:  MOVWF  54
0B78:  MOVF   4B,W
0B79:  MOVWF  5B
0B7A:  MOVF   4A,W
0B7B:  MOVWF  5A
0B7C:  MOVF   49,W
0B7D:  MOVWF  59
0B7E:  MOVF   48,W
0B7F:  MOVWF  58
0B80:  BCF    0A.3
0B81:  CALL   67F
0B82:  BSF    0A.3
0B83:  MOVF   7A,W
0B84:  MOVWF  60
0B85:  MOVF   79,W
0B86:  MOVWF  5F
0B87:  MOVF   78,W
0B88:  MOVWF  5E
0B89:  MOVF   77,W
0B8A:  MOVWF  5D
0B8B:  BCF    0A.3
0B8C:  CALL   749
0B8D:  BSF    0A.3
0B8E:  MOVF   7A,W
0B8F:  MOVWF  43
0B90:  MOVF   79,W
0B91:  MOVWF  42
0B92:  MOVF   78,W
0B93:  MOVWF  41
0B94:  MOVF   77,W
0B95:  MOVWF  40
....................             
....................             printf(lcd_putc,"\fRPM: %f", RPM); 
0B96:  MOVLW  C1
0B97:  BSF    03.6
0B98:  MOVWF  0D
0B99:  MOVLW  00
0B9A:  MOVWF  0F
0B9B:  BCF    03.0
0B9C:  MOVLW  06
0B9D:  BCF    03.6
0B9E:  MOVWF  50
0B9F:  BCF    0A.3
0BA0:  CALL   7A6
0BA1:  BSF    0A.3
0BA2:  MOVLW  89
0BA3:  MOVWF  04
0BA4:  MOVF   4B,W
0BA5:  MOVWF  53
0BA6:  MOVF   4A,W
0BA7:  MOVWF  52
0BA8:  MOVF   49,W
0BA9:  MOVWF  51
0BAA:  MOVF   48,W
0BAB:  MOVWF  50
0BAC:  MOVLW  02
0BAD:  MOVWF  54
0BAE:  GOTO   04F
....................             printf(lcd_putc,"\nOBJ:%lu  ", objetivo); 
0BAF:  MOVLW  C6
0BB0:  BSF    03.6
0BB1:  MOVWF  0D
0BB2:  MOVLW  00
0BB3:  MOVWF  0F
0BB4:  BCF    03.0
0BB5:  MOVLW  05
0BB6:  BCF    03.6
0BB7:  MOVWF  50
0BB8:  BCF    0A.3
0BB9:  CALL   7A6
0BBA:  BSF    0A.3
0BBB:  MOVLW  10
0BBC:  MOVWF  04
0BBD:  MOVF   33,W
0BBE:  MOVWF  51
0BBF:  MOVF   32,W
0BC0:  MOVWF  50
0BC1:  GOTO   120
0BC2:  MOVLW  20
0BC3:  MOVWF  5F
0BC4:  BCF    0A.3
0BC5:  CALL   217
0BC6:  BSF    0A.3
0BC7:  MOVLW  20
0BC8:  MOVWF  5F
0BC9:  BCF    0A.3
0BCA:  CALL   217
0BCB:  BSF    0A.3
....................             printf(lcd_putc,"Porc:%lu", porcentaje1); 
0BCC:  MOVLW  CC
0BCD:  BSF    03.6
0BCE:  MOVWF  0D
0BCF:  MOVLW  00
0BD0:  MOVWF  0F
0BD1:  BCF    03.0
0BD2:  MOVLW  05
0BD3:  BCF    03.6
0BD4:  MOVWF  50
0BD5:  BCF    0A.3
0BD6:  CALL   7A6
0BD7:  BSF    0A.3
0BD8:  MOVLW  41
0BD9:  MOVWF  04
0BDA:  MOVF   43,W
0BDB:  MOVWF  53
0BDC:  MOVF   42,W
0BDD:  MOVWF  52
0BDE:  MOVF   41,W
0BDF:  MOVWF  51
0BE0:  MOVF   40,W
0BE1:  MOVWF  50
0BE2:  GOTO   187
....................             pulsos = 0; 
0BE3:  CLRF   45
0BE4:  CLRF   44
....................             estado=0; 
0BE5:  BCF    2D.2
....................       } 
0BE6:  GOTO   2F2
....................    } 
.................... } 
0BE7:  SLEEP

Configuration Fuses:
   Word  1: 3F3A   HS NOWDT NOPUT NOBROWNOUT NOLVP NOCPD NOWRT NODEBUG NOPROTECT
