CCS PCM C Compiler, Version 5.112, 29001               04-jun.-23 18:35

               Filename:   C:\Users\strop\OneDrive\Documentos\GitHub\Microcontroladores\Sensor_tem\sensor_temp.lst

               ROM used:   1459 words (18%)
                           Largest free fragment is 2048
               RAM used:   27 (7%) at main() level
                           50 (14%) worst case
               Stack used: 5 locations (4 in main + 1 for interrupts)
               Stack size: 8

*
0000:  MOVLW  04
0001:  MOVWF  0A
0002:  GOTO   4F4
0003:  NOP
0004:  MOVWF  7F
0005:  SWAPF  03,W
0006:  CLRF   03
0007:  MOVWF  21
0008:  MOVF   0A,W
0009:  MOVWF  20
000A:  CLRF   0A
000B:  MOVF   04,W
000C:  MOVWF  22
000D:  MOVF   77,W
000E:  MOVWF  23
000F:  MOVF   78,W
0010:  MOVWF  24
0011:  MOVF   79,W
0012:  MOVWF  25
0013:  MOVF   7A,W
0014:  MOVWF  26
0015:  BSF    03.6
0016:  MOVF   0D,W
0017:  BCF    03.6
0018:  MOVWF  27
0019:  BSF    03.6
001A:  MOVF   0F,W
001B:  BCF    03.6
001C:  MOVWF  28
001D:  BSF    03.6
001E:  MOVF   0C,W
001F:  BCF    03.6
0020:  MOVWF  29
0021:  BSF    03.6
0022:  MOVF   0E,W
0023:  BCF    03.6
0024:  MOVWF  2A
0025:  BCF    03.7
0026:  BCF    03.5
0027:  MOVLW  8C
0028:  MOVWF  04
0029:  BTFSS  00.5
002A:  GOTO   02D
002B:  BTFSC  0C.5
002C:  GOTO   04E
002D:  MOVF   22,W
002E:  MOVWF  04
002F:  MOVF   23,W
0030:  MOVWF  77
0031:  MOVF   24,W
0032:  MOVWF  78
0033:  MOVF   25,W
0034:  MOVWF  79
0035:  MOVF   26,W
0036:  MOVWF  7A
0037:  MOVF   27,W
0038:  BSF    03.6
0039:  MOVWF  0D
003A:  BCF    03.6
003B:  MOVF   28,W
003C:  BSF    03.6
003D:  MOVWF  0F
003E:  BCF    03.6
003F:  MOVF   29,W
0040:  BSF    03.6
0041:  MOVWF  0C
0042:  BCF    03.6
0043:  MOVF   2A,W
0044:  BSF    03.6
0045:  MOVWF  0E
0046:  BCF    03.6
0047:  MOVF   20,W
0048:  MOVWF  0A
0049:  SWAPF  21,W
004A:  MOVWF  03
004B:  SWAPF  7F,F
004C:  SWAPF  7F,W
004D:  RETFIE
004E:  BCF    0A.3
004F:  BCF    0A.4
0050:  GOTO   059
.................... #include <16F877a.h>
.................... //////////// Standard Header file for the PIC16F877A device ////////////////
.................... ///////////////////////////////////////////////////////////////////////////
.................... ////        (C) Copyright 1996, 2020 Custom Computer Services          ////
.................... //// This source code may only be used by licensed users of the CCS C  ////
.................... //// compiler.  This source code may only be distributed to other      ////
.................... //// licensed users of the CCS C compiler.  No other use, reproduction ////
.................... //// or distribution is permitted without written permission.          ////
.................... //// Derivative programs created using this software in object code    ////
.................... //// form are not restricted in any way.                               ////
.................... ///////////////////////////////////////////////////////////////////////////
.................... #device PIC16F877A
0051:  BCF    0A.0
0052:  BCF    0A.1
0053:  BCF    0A.2
0054:  ADDWF  02,F
0055:  RETLW  28
0056:  RETLW  0C
0057:  RETLW  01
0058:  RETLW  06
*
006F:  DATA F4,32
0070:  DATA 6D,38
0071:  DATA BD,12
0072:  DATA 66,00
*
0109:  MOVLW  8E
010A:  MOVWF  77
010B:  MOVF   33,W
010C:  MOVWF  78
010D:  MOVF   32,W
010E:  MOVWF  79
010F:  CLRF   7A
0110:  MOVF   78,F
0111:  BTFSS  03.2
0112:  GOTO   11D
0113:  MOVF   79,W
0114:  MOVWF  78
0115:  CLRF   79
0116:  MOVLW  08
0117:  SUBWF  77,F
0118:  MOVF   78,F
0119:  BTFSS  03.2
011A:  GOTO   11D
011B:  CLRF   77
011C:  GOTO   125
011D:  BCF    03.0
011E:  BTFSC  78.7
011F:  GOTO   124
0120:  RLF    79,F
0121:  RLF    78,F
0122:  DECF   77,F
0123:  GOTO   11D
0124:  BCF    78.7
0125:  BCF    0A.3
0126:  BCF    0A.4
0127:  GOTO   544 (RETURN)
0128:  MOVF   3F,W
0129:  BTFSC  03.2
012A:  GOTO   198
012B:  MOVWF  47
012C:  MOVF   43,W
012D:  BTFSC  03.2
012E:  GOTO   198
012F:  ADDWF  47,F
0130:  BTFSC  03.0
0131:  GOTO   139
0132:  MOVLW  7F
0133:  SUBWF  47,F
0134:  BTFSS  03.0
0135:  GOTO   198
0136:  BTFSC  03.2
0137:  GOTO   198
0138:  GOTO   13D
0139:  MOVLW  81
013A:  ADDWF  47,F
013B:  BTFSC  03.0
013C:  GOTO   198
013D:  MOVF   47,W
013E:  MOVWF  77
013F:  CLRF   78
0140:  CLRF   79
0141:  CLRF   7A
0142:  MOVF   40,W
0143:  MOVWF  4B
0144:  BSF    4B.7
0145:  MOVF   41,W
0146:  MOVWF  4A
0147:  MOVF   42,W
0148:  MOVWF  49
0149:  MOVLW  18
014A:  MOVWF  47
014B:  CLRF   48
014C:  BTFSS  49.0
014D:  GOTO   166
014E:  MOVF   46,W
014F:  ADDWF  7A,F
0150:  BTFSS  03.0
0151:  GOTO   158
0152:  INCF   79,F
0153:  BTFSS  03.2
0154:  GOTO   158
0155:  INCF   78,F
0156:  BTFSC  03.2
0157:  BSF    48.7
0158:  MOVF   45,W
0159:  ADDWF  79,F
015A:  BTFSS  03.0
015B:  GOTO   15F
015C:  INCF   78,F
015D:  BTFSC  03.2
015E:  BSF    48.7
015F:  MOVF   44,W
0160:  MOVWF  41
0161:  BSF    41.7
0162:  MOVF   41,W
0163:  ADDWF  78,F
0164:  BTFSC  03.0
0165:  BSF    48.7
0166:  RLF    48,F
0167:  RRF    78,F
0168:  RRF    79,F
0169:  RRF    7A,F
016A:  RRF    4B,F
016B:  RRF    4A,F
016C:  RRF    49,F
016D:  BCF    03.0
016E:  DECFSZ 47,F
016F:  GOTO   14B
0170:  MOVLW  01
0171:  ADDWF  77,F
0172:  BTFSC  03.0
0173:  GOTO   198
0174:  BTFSC  78.7
0175:  GOTO   17D
0176:  RLF    4B,F
0177:  RLF    7A,F
0178:  RLF    79,F
0179:  RLF    78,F
017A:  DECF   77,F
017B:  BTFSC  03.2
017C:  GOTO   198
017D:  BTFSS  4B.7
017E:  GOTO   18E
017F:  INCF   7A,F
0180:  BTFSS  03.2
0181:  GOTO   18E
0182:  INCF   79,F
0183:  BTFSS  03.2
0184:  GOTO   18E
0185:  INCF   78,F
0186:  BTFSS  03.2
0187:  GOTO   18E
0188:  RRF    78,F
0189:  RRF    79,F
018A:  RRF    7A,F
018B:  INCF   77,F
018C:  BTFSC  03.2
018D:  GOTO   198
018E:  MOVF   40,W
018F:  MOVWF  48
0190:  MOVF   44,W
0191:  XORWF  48,F
0192:  BTFSS  48.7
0193:  GOTO   196
0194:  BSF    78.7
0195:  GOTO   19C
0196:  BCF    78.7
0197:  GOTO   19C
0198:  CLRF   77
0199:  CLRF   78
019A:  CLRF   79
019B:  CLRF   7A
019C:  RETURN
019D:  MOVF   36,W
019E:  BTFSC  03.2
019F:  GOTO   262
01A0:  MOVWF  42
01A1:  MOVF   3A,W
01A2:  BTFSC  03.2
01A3:  GOTO   262
01A4:  SUBWF  42,F
01A5:  BTFSS  03.0
01A6:  GOTO   1AC
01A7:  MOVLW  7F
01A8:  ADDWF  42,F
01A9:  BTFSC  03.0
01AA:  GOTO   262
01AB:  GOTO   1B2
01AC:  MOVLW  81
01AD:  SUBWF  42,F
01AE:  BTFSS  03.0
01AF:  GOTO   262
01B0:  BTFSC  03.2
01B1:  GOTO   262
01B2:  MOVF   42,W
01B3:  MOVWF  77
01B4:  CLRF   78
01B5:  CLRF   79
01B6:  CLRF   7A
01B7:  CLRF   41
01B8:  MOVF   37,W
01B9:  MOVWF  40
01BA:  BSF    40.7
01BB:  MOVF   38,W
01BC:  MOVWF  3F
01BD:  MOVF   39,W
01BE:  MOVWF  3E
01BF:  MOVLW  19
01C0:  MOVWF  42
01C1:  MOVF   3D,W
01C2:  SUBWF  3E,F
01C3:  BTFSC  03.0
01C4:  GOTO   1D5
01C5:  MOVLW  01
01C6:  SUBWF  3F,F
01C7:  BTFSC  03.0
01C8:  GOTO   1D5
01C9:  SUBWF  40,F
01CA:  BTFSC  03.0
01CB:  GOTO   1D5
01CC:  SUBWF  41,F
01CD:  BTFSC  03.0
01CE:  GOTO   1D5
01CF:  INCF   41,F
01D0:  INCF   40,F
01D1:  INCF   3F,F
01D2:  MOVF   3D,W
01D3:  ADDWF  3E,F
01D4:  GOTO   207
01D5:  MOVF   3C,W
01D6:  SUBWF  3F,F
01D7:  BTFSC  03.0
01D8:  GOTO   1F0
01D9:  MOVLW  01
01DA:  SUBWF  40,F
01DB:  BTFSC  03.0
01DC:  GOTO   1F0
01DD:  SUBWF  41,F
01DE:  BTFSC  03.0
01DF:  GOTO   1F0
01E0:  INCF   41,F
01E1:  INCF   40,F
01E2:  MOVF   3C,W
01E3:  ADDWF  3F,F
01E4:  MOVF   3D,W
01E5:  ADDWF  3E,F
01E6:  BTFSS  03.0
01E7:  GOTO   207
01E8:  INCF   3F,F
01E9:  BTFSS  03.2
01EA:  GOTO   207
01EB:  INCF   40,F
01EC:  BTFSS  03.2
01ED:  GOTO   207
01EE:  INCF   41,F
01EF:  GOTO   207
01F0:  MOVF   3B,W
01F1:  IORLW  80
01F2:  SUBWF  40,F
01F3:  BTFSC  03.0
01F4:  GOTO   206
01F5:  MOVLW  01
01F6:  SUBWF  41,F
01F7:  BTFSC  03.0
01F8:  GOTO   206
01F9:  INCF   41,F
01FA:  MOVF   3B,W
01FB:  IORLW  80
01FC:  ADDWF  40,F
01FD:  MOVF   3C,W
01FE:  ADDWF  3F,F
01FF:  BTFSS  03.0
0200:  GOTO   1E4
0201:  INCF   40,F
0202:  BTFSS  03.2
0203:  GOTO   1E4
0204:  INCF   41,F
0205:  GOTO   1E4
0206:  BSF    7A.0
0207:  DECFSZ 42,F
0208:  GOTO   20A
0209:  GOTO   215
020A:  BCF    03.0
020B:  RLF    3E,F
020C:  RLF    3F,F
020D:  RLF    40,F
020E:  RLF    41,F
020F:  BCF    03.0
0210:  RLF    7A,F
0211:  RLF    79,F
0212:  RLF    78,F
0213:  RLF    43,F
0214:  GOTO   1C1
0215:  BTFSS  43.0
0216:  GOTO   21D
0217:  BCF    03.0
0218:  RRF    78,F
0219:  RRF    79,F
021A:  RRF    7A,F
021B:  RRF    43,F
021C:  GOTO   220
021D:  DECF   77,F
021E:  BTFSC  03.2
021F:  GOTO   262
0220:  BTFSC  43.7
0221:  GOTO   249
0222:  BCF    03.0
0223:  RLF    3E,F
0224:  RLF    3F,F
0225:  RLF    40,F
0226:  RLF    41,F
0227:  MOVF   3D,W
0228:  SUBWF  3E,F
0229:  BTFSC  03.0
022A:  GOTO   235
022B:  MOVLW  01
022C:  SUBWF  3F,F
022D:  BTFSC  03.0
022E:  GOTO   235
022F:  SUBWF  40,F
0230:  BTFSC  03.0
0231:  GOTO   235
0232:  SUBWF  41,F
0233:  BTFSS  03.0
0234:  GOTO   258
0235:  MOVF   3C,W
0236:  SUBWF  3F,F
0237:  BTFSC  03.0
0238:  GOTO   240
0239:  MOVLW  01
023A:  SUBWF  40,F
023B:  BTFSC  03.0
023C:  GOTO   240
023D:  SUBWF  41,F
023E:  BTFSS  03.0
023F:  GOTO   258
0240:  MOVF   3B,W
0241:  IORLW  80
0242:  SUBWF  40,F
0243:  BTFSC  03.0
0244:  GOTO   249
0245:  MOVLW  01
0246:  SUBWF  41,F
0247:  BTFSS  03.0
0248:  GOTO   258
0249:  INCF   7A,F
024A:  BTFSS  03.2
024B:  GOTO   258
024C:  INCF   79,F
024D:  BTFSS  03.2
024E:  GOTO   258
024F:  INCF   78,F
0250:  BTFSS  03.2
0251:  GOTO   258
0252:  INCF   77,F
0253:  BTFSC  03.2
0254:  GOTO   262
0255:  RRF    78,F
0256:  RRF    79,F
0257:  RRF    7A,F
0258:  MOVF   37,W
0259:  MOVWF  42
025A:  MOVF   3B,W
025B:  XORWF  42,F
025C:  BTFSS  42.7
025D:  GOTO   260
025E:  BSF    78.7
025F:  GOTO   266
0260:  BCF    78.7
0261:  GOTO   266
0262:  CLRF   77
0263:  CLRF   78
0264:  CLRF   79
0265:  CLRF   7A
0266:  BCF    0A.3
0267:  BCF    0A.4
0268:  GOTO   56B (RETURN)
0269:  MOVF   3F,W
026A:  SUBLW  B6
026B:  MOVWF  3F
026C:  CLRF   7A
026D:  MOVF   40,W
026E:  MOVWF  43
026F:  BSF    40.7
0270:  BCF    03.0
0271:  RRF    40,F
0272:  RRF    41,F
0273:  RRF    42,F
0274:  RRF    7A,F
0275:  RRF    79,F
0276:  RRF    78,F
0277:  RRF    77,F
0278:  DECFSZ 3F,F
0279:  GOTO   270
027A:  BTFSS  43.7
027B:  GOTO   287
027C:  COMF   77,F
027D:  COMF   78,F
027E:  COMF   79,F
027F:  COMF   7A,F
0280:  INCF   77,F
0281:  BTFSC  03.2
0282:  INCF   78,F
0283:  BTFSC  03.2
0284:  INCF   79,F
0285:  BTFSC  03.2
0286:  INCF   7A,F
0287:  RETURN
0288:  BTFSC  03.1
0289:  GOTO   28D
028A:  MOVLW  47
028B:  MOVWF  04
028C:  BCF    03.7
028D:  CLRF   77
028E:  CLRF   78
028F:  CLRF   79
0290:  CLRF   7A
0291:  CLRF   47
0292:  CLRF   48
0293:  CLRF   49
0294:  CLRF   4A
0295:  MOVF   46,W
0296:  IORWF  45,W
0297:  IORWF  44,W
0298:  IORWF  43,W
0299:  BTFSC  03.2
029A:  GOTO   2CB
029B:  MOVLW  20
029C:  MOVWF  4B
029D:  BCF    03.0
029E:  RLF    3F,F
029F:  RLF    40,F
02A0:  RLF    41,F
02A1:  RLF    42,F
02A2:  RLF    47,F
02A3:  RLF    48,F
02A4:  RLF    49,F
02A5:  RLF    4A,F
02A6:  MOVF   46,W
02A7:  SUBWF  4A,W
02A8:  BTFSS  03.2
02A9:  GOTO   2B4
02AA:  MOVF   45,W
02AB:  SUBWF  49,W
02AC:  BTFSS  03.2
02AD:  GOTO   2B4
02AE:  MOVF   44,W
02AF:  SUBWF  48,W
02B0:  BTFSS  03.2
02B1:  GOTO   2B4
02B2:  MOVF   43,W
02B3:  SUBWF  47,W
02B4:  BTFSS  03.0
02B5:  GOTO   2C5
02B6:  MOVF   43,W
02B7:  SUBWF  47,F
02B8:  MOVF   44,W
02B9:  BTFSS  03.0
02BA:  INCFSZ 44,W
02BB:  SUBWF  48,F
02BC:  MOVF   45,W
02BD:  BTFSS  03.0
02BE:  INCFSZ 45,W
02BF:  SUBWF  49,F
02C0:  MOVF   46,W
02C1:  BTFSS  03.0
02C2:  INCFSZ 46,W
02C3:  SUBWF  4A,F
02C4:  BSF    03.0
02C5:  RLF    77,F
02C6:  RLF    78,F
02C7:  RLF    79,F
02C8:  RLF    7A,F
02C9:  DECFSZ 4B,F
02CA:  GOTO   29D
02CB:  MOVF   47,W
02CC:  MOVWF  00
02CD:  INCF   04,F
02CE:  MOVF   48,W
02CF:  MOVWF  00
02D0:  INCF   04,F
02D1:  MOVF   49,W
02D2:  MOVWF  00
02D3:  INCF   04,F
02D4:  MOVF   4A,W
02D5:  MOVWF  00
02D6:  RETURN
02D7:  MOVF   04,W
02D8:  MOVWF  37
02D9:  MOVF   36,W
02DA:  MOVWF  39
02DB:  BTFSC  03.2
02DC:  GOTO   2F6
02DD:  MOVF   35,W
02DE:  MOVWF  42
02DF:  MOVF   34,W
02E0:  MOVWF  41
02E1:  MOVF   33,W
02E2:  MOVWF  40
02E3:  MOVF   32,W
02E4:  MOVWF  3F
02E5:  CLRF   46
02E6:  CLRF   45
02E7:  MOVLW  20
02E8:  MOVWF  44
02E9:  MOVLW  82
02EA:  MOVWF  43
02EB:  CALL   128
02EC:  MOVF   7A,W
02ED:  MOVWF  35
02EE:  MOVF   79,W
02EF:  MOVWF  34
02F0:  MOVF   78,W
02F1:  MOVWF  33
02F2:  MOVF   77,W
02F3:  MOVWF  32
02F4:  DECFSZ 39,F
02F5:  GOTO   2DD
02F6:  MOVF   35,W
02F7:  MOVWF  42
02F8:  MOVF   34,W
02F9:  MOVWF  41
02FA:  MOVF   33,W
02FB:  MOVWF  40
02FC:  MOVF   32,W
02FD:  MOVWF  3F
02FE:  CALL   269
02FF:  MOVF   7A,W
0300:  MOVWF  35
0301:  MOVF   79,W
0302:  MOVWF  34
0303:  MOVF   78,W
0304:  MOVWF  33
0305:  MOVF   77,W
0306:  MOVWF  32
0307:  BTFSS  35.7
0308:  GOTO   316
0309:  DECF   37,F
030A:  BSF    37.5
030B:  COMF   32,F
030C:  COMF   33,F
030D:  COMF   34,F
030E:  COMF   35,F
030F:  INCF   32,F
0310:  BTFSC  03.2
0311:  INCF   33,F
0312:  BTFSC  03.2
0313:  INCF   34,F
0314:  BTFSC  03.2
0315:  INCF   35,F
0316:  MOVLW  3B
0317:  MOVWF  3E
0318:  MOVLW  9A
0319:  MOVWF  3D
031A:  MOVLW  CA
031B:  MOVWF  3C
031C:  CLRF   3B
031D:  MOVLW  0A
031E:  MOVWF  39
031F:  MOVF   36,W
0320:  BTFSC  03.2
0321:  INCF   37,F
0322:  BSF    03.1
0323:  MOVLW  32
0324:  MOVWF  04
0325:  BCF    03.7
0326:  MOVF   35,W
0327:  MOVWF  42
0328:  MOVF   34,W
0329:  MOVWF  41
032A:  MOVF   33,W
032B:  MOVWF  40
032C:  MOVF   32,W
032D:  MOVWF  3F
032E:  MOVF   3E,W
032F:  MOVWF  46
0330:  MOVF   3D,W
0331:  MOVWF  45
0332:  MOVF   3C,W
0333:  MOVWF  44
0334:  MOVF   3B,W
0335:  MOVWF  43
0336:  CALL   288
0337:  MOVF   78,W
0338:  MOVF   77,F
0339:  BTFSS  03.2
033A:  GOTO   34E
033B:  INCF   36,W
033C:  SUBWF  39,W
033D:  BTFSC  03.2
033E:  GOTO   34E
033F:  MOVF   37,W
0340:  BTFSC  03.2
0341:  GOTO   350
0342:  ANDLW  0F
0343:  SUBWF  39,W
0344:  BTFSC  03.2
0345:  GOTO   348
0346:  BTFSC  03.0
0347:  GOTO   384
0348:  BTFSC  37.7
0349:  GOTO   384
034A:  BTFSC  37.6
034B:  GOTO   350
034C:  MOVLW  20
034D:  GOTO   37F
034E:  MOVLW  20
034F:  ANDWF  37,F
0350:  BTFSS  37.5
0351:  GOTO   35F
0352:  BCF    37.5
0353:  MOVF   36,W
0354:  BTFSS  03.2
0355:  DECF   37,F
0356:  MOVF   77,W
0357:  MOVWF  37
0358:  MOVLW  2D
0359:  BTFSS  0C.4
035A:  GOTO   359
035B:  MOVWF  19
035C:  MOVF   37,W
035D:  MOVWF  77
035E:  CLRF   37
035F:  MOVF   36,W
0360:  SUBWF  39,W
0361:  BTFSS  03.2
0362:  GOTO   36E
0363:  MOVF   77,W
0364:  MOVWF  37
0365:  MOVLW  2E
0366:  BTFSS  0C.4
0367:  GOTO   366
0368:  MOVWF  19
0369:  MOVF   37,W
036A:  MOVWF  77
036B:  MOVLW  20
036C:  ANDWF  37,F
036D:  MOVLW  00
036E:  MOVLW  30
036F:  BTFSS  37.5
0370:  GOTO   37F
0371:  BCF    37.5
0372:  MOVF   36,W
0373:  BTFSS  03.2
0374:  DECF   37,F
0375:  MOVF   77,W
0376:  MOVWF  37
0377:  MOVLW  2D
0378:  BTFSS  0C.4
0379:  GOTO   378
037A:  MOVWF  19
037B:  MOVF   37,W
037C:  MOVWF  77
037D:  CLRF   37
037E:  MOVLW  30
037F:  ADDWF  77,F
0380:  MOVF   77,W
0381:  BTFSS  0C.4
0382:  GOTO   381
0383:  MOVWF  19
0384:  BCF    03.1
0385:  MOVF   3E,W
0386:  MOVWF  42
0387:  MOVF   3D,W
0388:  MOVWF  41
0389:  MOVF   3C,W
038A:  MOVWF  40
038B:  MOVF   3B,W
038C:  MOVWF  3F
038D:  CLRF   46
038E:  CLRF   45
038F:  CLRF   44
0390:  MOVLW  0A
0391:  MOVWF  43
0392:  CALL   288
0393:  MOVF   7A,W
0394:  MOVWF  3E
0395:  MOVF   79,W
0396:  MOVWF  3D
0397:  MOVF   78,W
0398:  MOVWF  3C
0399:  MOVF   77,W
039A:  MOVWF  3B
039B:  DECFSZ 39,F
039C:  GOTO   322
039D:  BCF    0A.3
039E:  BCF    0A.4
039F:  GOTO   580 (RETURN)
*
03D6:  MOVF   0B,W
03D7:  MOVWF  33
03D8:  BCF    0B.7
03D9:  BSF    03.5
03DA:  BSF    03.6
03DB:  BSF    0C.7
03DC:  BSF    0C.0
03DD:  NOP
03DE:  NOP
03DF:  BCF    03.5
03E0:  BCF    03.6
03E1:  BTFSC  33.7
03E2:  BSF    0B.7
03E3:  BTFSC  03.0
03E4:  GOTO   40D
03E5:  BSF    03.6
03E6:  MOVF   0C,W
03E7:  ANDLW  7F
03E8:  BCF    03.6
03E9:  MOVWF  33
03EA:  BSF    03.6
03EB:  MOVF   0D,W
03EC:  BCF    03.6
03ED:  MOVWF  34
03EE:  BSF    03.6
03EF:  MOVF   0F,W
03F0:  BCF    03.6
03F1:  MOVWF  35
03F2:  MOVF   33,W
03F3:  MOVWF  3F
03F4:  CALL   3B2
03F5:  MOVF   34,W
03F6:  BSF    03.6
03F7:  MOVWF  0D
03F8:  BCF    03.6
03F9:  MOVF   35,W
03FA:  BSF    03.6
03FB:  MOVWF  0F
03FC:  BCF    03.6
03FD:  MOVF   0B,W
03FE:  MOVWF  36
03FF:  BCF    0B.7
0400:  BSF    03.5
0401:  BSF    03.6
0402:  BSF    0C.7
0403:  BSF    0C.0
0404:  NOP
0405:  NOP
0406:  BCF    03.5
0407:  BCF    03.6
0408:  BTFSC  36.7
0409:  BSF    0B.7
040A:  DECFSZ 32,F
040B:  GOTO   40D
040C:  GOTO   42C
040D:  BSF    03.6
040E:  RLF    0C,W
040F:  RLF    0E,W
0410:  ANDLW  7F
0411:  BCF    03.6
0412:  MOVWF  33
0413:  BSF    03.6
0414:  MOVF   0D,W
0415:  BCF    03.6
0416:  MOVWF  34
0417:  BSF    03.6
0418:  MOVF   0F,W
0419:  BCF    03.6
041A:  MOVWF  35
041B:  MOVF   33,W
041C:  MOVWF  3F
041D:  CALL   3B2
041E:  MOVF   34,W
041F:  BSF    03.6
0420:  MOVWF  0D
0421:  BCF    03.6
0422:  MOVF   35,W
0423:  BSF    03.6
0424:  MOVWF  0F
0425:  INCF   0D,F
0426:  BTFSC  03.2
0427:  INCF   0F,F
0428:  BCF    03.0
0429:  BCF    03.6
042A:  DECFSZ 32,F
042B:  GOTO   3D6
042C:  BCF    0A.3
042D:  BCF    0A.4
042E:  GOTO   592 (RETURN)
042F:  MOVF   04,W
0430:  MOVWF  37
0431:  MOVF   36,W
0432:  MOVWF  39
0433:  BTFSC  03.2
0434:  GOTO   44E
0435:  MOVF   35,W
0436:  MOVWF  42
0437:  MOVF   34,W
0438:  MOVWF  41
0439:  MOVF   33,W
043A:  MOVWF  40
043B:  MOVF   32,W
043C:  MOVWF  3F
043D:  CLRF   46
043E:  CLRF   45
043F:  MOVLW  20
0440:  MOVWF  44
0441:  MOVLW  82
0442:  MOVWF  43
0443:  CALL   128
0444:  MOVF   7A,W
0445:  MOVWF  35
0446:  MOVF   79,W
0447:  MOVWF  34
0448:  MOVF   78,W
0449:  MOVWF  33
044A:  MOVF   77,W
044B:  MOVWF  32
044C:  DECFSZ 39,F
044D:  GOTO   435
044E:  MOVF   35,W
044F:  MOVWF  42
0450:  MOVF   34,W
0451:  MOVWF  41
0452:  MOVF   33,W
0453:  MOVWF  40
0454:  MOVF   32,W
0455:  MOVWF  3F
0456:  CALL   269
0457:  MOVF   7A,W
0458:  MOVWF  35
0459:  MOVF   79,W
045A:  MOVWF  34
045B:  MOVF   78,W
045C:  MOVWF  33
045D:  MOVF   77,W
045E:  MOVWF  32
045F:  BTFSS  35.7
0460:  GOTO   46E
0461:  DECF   37,F
0462:  BSF    37.5
0463:  COMF   32,F
0464:  COMF   33,F
0465:  COMF   34,F
0466:  COMF   35,F
0467:  INCF   32,F
0468:  BTFSC  03.2
0469:  INCF   33,F
046A:  BTFSC  03.2
046B:  INCF   34,F
046C:  BTFSC  03.2
046D:  INCF   35,F
046E:  MOVLW  3B
046F:  MOVWF  3E
0470:  MOVLW  9A
0471:  MOVWF  3D
0472:  MOVLW  CA
0473:  MOVWF  3C
0474:  CLRF   3B
0475:  MOVLW  0A
0476:  MOVWF  39
0477:  MOVF   36,W
0478:  BTFSC  03.2
0479:  INCF   37,F
047A:  BSF    03.1
047B:  MOVLW  32
047C:  MOVWF  04
047D:  BCF    03.7
047E:  MOVF   35,W
047F:  MOVWF  42
0480:  MOVF   34,W
0481:  MOVWF  41
0482:  MOVF   33,W
0483:  MOVWF  40
0484:  MOVF   32,W
0485:  MOVWF  3F
0486:  MOVF   3E,W
0487:  MOVWF  46
0488:  MOVF   3D,W
0489:  MOVWF  45
048A:  MOVF   3C,W
048B:  MOVWF  44
048C:  MOVF   3B,W
048D:  MOVWF  43
048E:  CALL   288
048F:  MOVF   78,W
0490:  MOVF   77,F
0491:  BTFSS  03.2
0492:  GOTO   4A6
0493:  INCF   36,W
0494:  SUBWF  39,W
0495:  BTFSC  03.2
0496:  GOTO   4A6
0497:  MOVF   37,W
0498:  BTFSC  03.2
0499:  GOTO   4A8
049A:  ANDLW  0F
049B:  SUBWF  39,W
049C:  BTFSC  03.2
049D:  GOTO   4A0
049E:  BTFSC  03.0
049F:  GOTO   4D8
04A0:  BTFSC  37.7
04A1:  GOTO   4D8
04A2:  BTFSC  37.6
04A3:  GOTO   4A8
04A4:  MOVLW  20
04A5:  GOTO   4D4
04A6:  MOVLW  20
04A7:  ANDWF  37,F
04A8:  BTFSS  37.5
04A9:  GOTO   4B6
04AA:  BCF    37.5
04AB:  MOVF   36,W
04AC:  BTFSS  03.2
04AD:  DECF   37,F
04AE:  MOVF   77,W
04AF:  MOVWF  37
04B0:  MOVLW  2D
04B1:  MOVWF  3F
04B2:  CALL   3B2
04B3:  MOVF   37,W
04B4:  MOVWF  77
04B5:  CLRF   37
04B6:  MOVF   36,W
04B7:  SUBWF  39,W
04B8:  BTFSS  03.2
04B9:  GOTO   4C4
04BA:  MOVF   77,W
04BB:  MOVWF  37
04BC:  MOVLW  2E
04BD:  MOVWF  3F
04BE:  CALL   3B2
04BF:  MOVF   37,W
04C0:  MOVWF  77
04C1:  MOVLW  20
04C2:  ANDWF  37,F
04C3:  MOVLW  00
04C4:  MOVLW  30
04C5:  BTFSS  37.5
04C6:  GOTO   4D4
04C7:  BCF    37.5
04C8:  MOVF   36,W
04C9:  BTFSS  03.2
04CA:  DECF   37,F
04CB:  MOVF   77,W
04CC:  MOVWF  37
04CD:  MOVLW  2D
04CE:  MOVWF  3F
04CF:  CALL   3B2
04D0:  MOVF   37,W
04D1:  MOVWF  77
04D2:  CLRF   37
04D3:  MOVLW  30
04D4:  ADDWF  77,F
04D5:  MOVF   77,W
04D6:  MOVWF  3F
04D7:  CALL   3B2
04D8:  BCF    03.1
04D9:  MOVF   3E,W
04DA:  MOVWF  42
04DB:  MOVF   3D,W
04DC:  MOVWF  41
04DD:  MOVF   3C,W
04DE:  MOVWF  40
04DF:  MOVF   3B,W
04E0:  MOVWF  3F
04E1:  CLRF   46
04E2:  CLRF   45
04E3:  CLRF   44
04E4:  MOVLW  0A
04E5:  MOVWF  43
04E6:  CALL   288
04E7:  MOVF   7A,W
04E8:  MOVWF  3E
04E9:  MOVF   79,W
04EA:  MOVWF  3D
04EB:  MOVF   78,W
04EC:  MOVWF  3C
04ED:  MOVF   77,W
04EE:  MOVWF  3B
04EF:  DECFSZ 39,F
04F0:  GOTO   47A
04F1:  BCF    0A.3
04F2:  BCF    0A.4
04F3:  GOTO   59F (RETURN)
.................... 
.................... #list
.................... 
.................... #device ADC=10
.................... #use delay(crystal=20000000)
*
0073:  MOVLW  40
0074:  MOVWF  04
0075:  BCF    03.7
0076:  MOVF   00,W
0077:  BTFSC  03.2
0078:  GOTO   086
0079:  MOVLW  06
007A:  MOVWF  78
007B:  CLRF   77
007C:  DECFSZ 77,F
007D:  GOTO   07C
007E:  DECFSZ 78,F
007F:  GOTO   07B
0080:  MOVLW  7B
0081:  MOVWF  77
0082:  DECFSZ 77,F
0083:  GOTO   082
0084:  DECFSZ 00,F
0085:  GOTO   079
0086:  RETURN
.................... #FUSES NOWDT, NOBROWNOUT, NOLVP
.................... #use rs232(BAUD=9600, XMIT = PIN_C6, RCV=PIN_C7)
.................... #include <lcd_d.c> //Incluir librería LCD
.................... ///////////////////////////////////////////////////////////////////////////////
.................... ////                             LCD.C                                     ////
.................... ////                 Driver for common LCD modules                         ////
.................... ////                                                                       ////
.................... ////  lcd_init()   Must be called before any other function.               ////
.................... ////                                                                       ////
.................... ////  lcd_putc(c)  Will display c on the next position of the LCD.         ////
.................... ////                     The following have special meaning:               ////
.................... ////                      \f  Clear display                                ////
.................... ////                      \n  Go to start of second line                   ////
.................... ////                      \b  Move back one position                       ////
.................... ////                                                                       ////
.................... ////  lcd_gotoxy(x,y) Set write position on LCD (upper left is 1,1)        ////
.................... ////                                                                       ////
.................... ////  lcd_getc(x,y)   Returns character at position x,y on LCD             ////
.................... ////                                                                       ////
.................... ////  CONFIGURATION                                                        ////
.................... ////  The LCD can be configured in one of two ways: a.) port access or     ////
.................... ////  b.) pin access.  Port access requires the entire 7 bit interface     ////
.................... ////  connected to one GPIO port, and the data bits (D4:D7 of the LCD)     ////
.................... ////  connected to sequential pins on the GPIO.  Pin access                ////
.................... ////  has no requirements, all 7 bits of the control interface can         ////
.................... ////  can be connected to any GPIO using several ports.                    ////
.................... ////                                                                       ////
.................... ////  To use port access, #define LCD_DATA_PORT to the SFR location of     ////
.................... ////  of the GPIO port that holds the interface, -AND- edit LCD_PIN_MAP    ////
.................... ////  of this file to configure the pin order.  If you are using a         ////
.................... ////  baseline PIC (PCB), then LCD_OUTPUT_MAP and LCD_INPUT_MAP also must  ////
.................... ////  be defined.                                                          ////
.................... ////                                                                       ////
.................... ////  Example of port access:                                              ////
.................... ////     #define LCD_DATA_PORT getenv("SFR:PORTD")                         ////
.................... ////                                                                       ////
.................... ////  To use pin access, the following pins must be defined:               ////
.................... ////     LCD_ENABLE_PIN                                                    ////
.................... ////     LCD_RS_PIN                                                        ////
.................... ////     LCD_RW_PIN                                                        ////
.................... ////     LCD_DATA4                                                         ////
.................... ////     LCD_DATA5                                                         ////
.................... ////     LCD_DATA6                                                         ////
.................... ////     LCD_DATA7                                                         ////
.................... ////                                                                       ////
.................... ////  Example of pin access:                                               ////
.................... ////     #define LCD_ENABLE_PIN  PIN_E0                                    ////
.................... ////     #define LCD_RS_PIN      PIN_E1                                    ////
.................... ////     #define LCD_RW_PIN      PIN_E2                                    ////
.................... ////     #define LCD_DATA4       PIN_D4                                    ////
.................... ////     #define LCD_DATA5       PIN_D5                                    ////
.................... ////     #define LCD_DATA6       PIN_D6                                    ////
.................... ////     #define LCD_DATA7       PIN_D7                                    ////
.................... ////                                                                       ////
.................... ///////////////////////////////////////////////////////////////////////////////
.................... ////        (C) Copyright 1996,2009 Custom Computer Services           ////
.................... //// This source code may only be used by licensed users of the CCS C  ////
.................... //// compiler.  This source code may only be distributed to other      ////
.................... //// licensed users of the CCS C compiler.  No other use, reproduction ////
.................... //// or distribution is permitted without written permission.          ////
.................... //// Derivative programs created using this software in object code    ////
.................... //// form are not restricted in any way.                               ////
.................... ///////////////////////////////////////////////////////////////////////////
.................... 
.................... // define the pinout.
.................... #define LCD_DATA_PORT      0x08     //portd    LA PUSE YO 
.................... 
.................... // only required if port access is being used.
.................... typedef struct  
.................... {                            // This structure is overlayed
....................    BOOLEAN enable;           // on to an I/O port to gain
....................    BOOLEAN rs;               // access to the LCD pins.
....................    BOOLEAN rw;               // The bits are allocated from
....................    BOOLEAN unused;           // low order up.  ENABLE will
....................    int     data : 4;         // be LSB pin of that port.
....................   #if defined(__PCD__)       // The port used will be LCD_DATA_PORT.
....................    int    reserved: 8;
....................   #endif
.................... } LCD_PIN_MAP;
.................... 
.................... // this is to improve compatability with previous LCD drivers that accepted
.................... // a define labeled 'use_portb_lcd' that configured the LCD onto port B.
.................... #if ((defined(use_portb_lcd)) && (use_portb_lcd==TRUE))
....................  #define LCD_DATA_PORT getenv("SFR:PORTB")
.................... #endif
.................... 
.................... #if defined(__PCB__)
....................    // these definitions only need to be modified for baseline PICs.
....................    // all other PICs use LCD_PIN_MAP or individual LCD_xxx pin definitions.
.................... /*                                    EN, RS,   RW,   UNUSED,  DATA  */
....................  const LCD_PIN_MAP LCD_OUTPUT_MAP =  {0,  0,    0,    0,       0};
....................  const LCD_PIN_MAP LCD_INPUT_MAP =   {0,  0,    0,    0,       0xF};
.................... #endif
.................... 
.................... ////////////////////// END CONFIGURATION ///////////////////////////////////
.................... 
.................... #ifndef LCD_ENABLE_PIN
....................    #define lcd_output_enable(x) lcdlat.enable=x
....................    #define lcd_enable_tris()   lcdtris.enable=0
.................... #else
....................    #define lcd_output_enable(x) output_bit(LCD_ENABLE_PIN, x)
....................    #define lcd_enable_tris()  output_drive(LCD_ENABLE_PIN)
.................... #endif
.................... 
.................... #ifndef LCD_RS_PIN
....................    #define lcd_output_rs(x) lcdlat.rs=x
....................    #define lcd_rs_tris()   lcdtris.rs=0
.................... #else
....................    #define lcd_output_rs(x) output_bit(LCD_RS_PIN, x)
....................    #define lcd_rs_tris()  output_drive(LCD_RS_PIN)
.................... #endif
.................... 
.................... #ifndef LCD_RW_PIN
....................    #define lcd_output_rw(x) lcdlat.rw=x
....................    #define lcd_rw_tris()   lcdtris.rw=0
.................... #else
....................    #define lcd_output_rw(x) output_bit(LCD_RW_PIN, x)
....................    #define lcd_rw_tris()  output_drive(LCD_RW_PIN)
.................... #endif
.................... 
.................... // original version of this library incorrectly labeled LCD_DATA0 as LCD_DATA4,
.................... // LCD_DATA1 as LCD_DATA5, and so on.  this block of code makes the driver
.................... // compatible with any code written for the original library
.................... #if (defined(LCD_DATA0) && defined(LCD_DATA1) && defined(LCD_DATA2) && defined(LCD_DATA3) && !defined(LCD_DATA4) && !defined(LCD_DATA5) && !defined(LCD_DATA6) && !defined(LCD_DATA7))
....................    #define  LCD_DATA4    LCD_DATA0
....................    #define  LCD_DATA5    LCD_DATA1
....................    #define  LCD_DATA6    LCD_DATA2
....................    #define  LCD_DATA7    LCD_DATA3
.................... #endif
.................... 
.................... #ifndef LCD_DATA4
.................... #ifndef LCD_DATA_PORT
....................    #if defined(__PCB__)
....................       #define LCD_DATA_PORT      0x06     //portb
....................       #define set_tris_lcd(x)   set_tris_b(x)
....................    #else
....................      #if defined(PIN_D0)
....................       #define LCD_DATA_PORT      getenv("SFR:PORTD")     //portd
....................      #else
....................       #define LCD_DATA_PORT      getenv("SFR:PORTB")     //portb
....................      #endif
....................    #endif   
.................... #endif
.................... 
.................... #if defined(__PCB__)
....................    LCD_PIN_MAP lcd, lcdlat;
....................    #byte lcd = LCD_DATA_PORT
....................    #byte lcdlat = LCD_DATA_PORT
.................... #elif defined(__PCM__)
....................    LCD_PIN_MAP lcd, lcdlat, lcdtris;
....................    #byte lcd = LCD_DATA_PORT
....................    #byte lcdlat = LCD_DATA_PORT
....................    #byte lcdtris = LCD_DATA_PORT+0x80
.................... #elif defined(__PCH__)
....................    LCD_PIN_MAP lcd, lcdlat, lcdtris;
....................    #byte lcd = LCD_DATA_PORT
....................    #byte lcdlat = LCD_DATA_PORT+9
....................    #byte lcdtris = LCD_DATA_PORT+0x12
.................... #elif defined(__PCD__)
....................    LCD_PIN_MAP lcd, lcdlat, lcdtris;
....................    #word lcd = LCD_DATA_PORT
....................    #word lcdlat = LCD_DATA_PORT+2
....................    #word lcdtris = LCD_DATA_PORT-0x02
.................... #endif
.................... #endif   //LCD_DATA4 not defined
.................... 
.................... #ifndef LCD_TYPE
....................    #define LCD_TYPE 2           // 0=5x7, 1=5x10, 2=2 lines
.................... #endif
.................... 
.................... #ifndef LCD_LINE_TWO
....................    #define LCD_LINE_TWO 0x40    // LCD RAM address for the second line
.................... #endif
.................... 
.................... BYTE const LCD_INIT_STRING[4] = {0x20 | (LCD_TYPE << 2), 0xc, 1, 6};
....................                              // These bytes need to be sent to the LCD
....................                              // to start it up.
.................... 
.................... BYTE lcd_read_nibble(void);
.................... 
.................... BYTE lcd_read_byte(void)
.................... {
....................    BYTE low,high;
.................... 
....................  #if defined(__PCB__)
....................    set_tris_lcd(LCD_INPUT_MAP);
....................  #else
....................   #if (defined(LCD_DATA4) && defined(LCD_DATA5) && defined(LCD_DATA6) && defined(LCD_DATA7))
....................    output_float(LCD_DATA4);
....................    output_float(LCD_DATA5);
....................    output_float(LCD_DATA6);
....................    output_float(LCD_DATA7);
....................   #else
....................    lcdtris.data = 0xF;
*
009D:  MOVLW  0F
009E:  BSF    03.5
009F:  ANDWF  08,W
00A0:  IORLW  F0
00A1:  MOVWF  08
....................   #endif
....................  #endif
....................         
....................    lcd_output_rw(1);
00A2:  BCF    03.5
00A3:  BSF    08.2
....................    delay_cycles(1);
00A4:  NOP
....................    lcd_output_enable(1);
00A5:  BSF    08.0
....................    delay_cycles(1);
00A6:  NOP
....................    high = lcd_read_nibble();
00A7:  CALL   096
00A8:  MOVF   78,W
00A9:  MOVWF  47
....................       
....................    lcd_output_enable(0);
00AA:  BCF    08.0
....................    delay_cycles(1);
00AB:  NOP
....................    lcd_output_enable(1);
00AC:  BSF    08.0
....................    delay_us(1);
00AD:  GOTO   0AE
00AE:  GOTO   0AF
00AF:  NOP
....................    low = lcd_read_nibble();
00B0:  CALL   096
00B1:  MOVF   78,W
00B2:  MOVWF  46
....................       
....................    lcd_output_enable(0);
00B3:  BCF    08.0
.................... 
....................  #if defined(__PCB__)
....................    set_tris_lcd(LCD_INPUT_MAP);
....................  #else
....................   #if (defined(LCD_DATA4) && defined(LCD_DATA5) && defined(LCD_DATA6) && defined(LCD_DATA7))
....................    output_drive(LCD_DATA4);
....................    output_drive(LCD_DATA5);
....................    output_drive(LCD_DATA6);
....................    output_drive(LCD_DATA7);
....................   #else
....................    lcdtris.data = 0x0;
00B4:  MOVLW  0F
00B5:  BSF    03.5
00B6:  ANDWF  08,W
00B7:  MOVWF  08
....................   #endif
....................  #endif
.................... 
....................    return( (high<<4) | low);
00B8:  BCF    03.5
00B9:  SWAPF  47,W
00BA:  MOVWF  77
00BB:  MOVLW  F0
00BC:  ANDWF  77,F
00BD:  MOVF   77,W
00BE:  IORWF  46,W
00BF:  MOVWF  78
.................... }
.................... 
.................... BYTE lcd_read_nibble(void)
.................... {
....................   #if (defined(LCD_DATA4) && defined(LCD_DATA5) && defined(LCD_DATA6) && defined(LCD_DATA7))
....................    BYTE n = 0x00;
.................... 
....................    /* Read the data port */
....................    n |= input(LCD_DATA4);
....................    n |= input(LCD_DATA5) << 1;
....................    n |= input(LCD_DATA6) << 2;
....................    n |= input(LCD_DATA7) << 3;
....................    
....................    return(n);
....................   #else
....................    return(lcd.data);
*
0096:  MOVF   08,W
0097:  MOVWF  77
0098:  SWAPF  08,W
0099:  ANDLW  0F
009A:  MOVWF  78
....................   #endif
009B:  RETURN
.................... }
.................... 
.................... void lcd_send_nibble(BYTE n)
.................... {
....................   #if (defined(LCD_DATA4) && defined(LCD_DATA5) && defined(LCD_DATA6) && defined(LCD_DATA7))
....................    /* Write to the data port */
....................    output_bit(LCD_DATA4, bit_test(n, 0));
....................    output_bit(LCD_DATA5, bit_test(n, 1));
....................    output_bit(LCD_DATA6, bit_test(n, 2));
....................    output_bit(LCD_DATA7, bit_test(n, 3));
....................   #else      
....................    lcdlat.data = n;
*
0087:  SWAPF  47,W
0088:  ANDLW  F0
0089:  MOVWF  77
008A:  MOVLW  0F
008B:  ANDWF  08,W
008C:  IORWF  77,W
008D:  MOVWF  08
....................   #endif
....................       
....................    delay_cycles(1);
008E:  NOP
....................    lcd_output_enable(1);
008F:  BSF    08.0
....................    delay_us(2);
0090:  MOVLW  03
0091:  MOVWF  77
0092:  DECFSZ 77,F
0093:  GOTO   092
....................    lcd_output_enable(0);
0094:  BCF    08.0
0095:  RETURN
.................... }
.................... 
.................... void lcd_send_byte(BYTE address, BYTE n)
.................... {
....................    lcd_output_rs(0);
*
009C:  BCF    08.1
....................    while ( bit_test(lcd_read_byte(),7) ) ;
*
00C0:  MOVF   78,W
00C1:  MOVWF  46
00C2:  BTFSC  46.7
00C3:  GOTO   09D
....................    lcd_output_rs(address);
00C4:  BTFSS  44.0
00C5:  BCF    08.1
00C6:  BTFSC  44.0
00C7:  BSF    08.1
....................    delay_cycles(1);
00C8:  NOP
....................    lcd_output_rw(0);
00C9:  BCF    08.2
....................    delay_cycles(1);
00CA:  NOP
....................    lcd_output_enable(0);
00CB:  BCF    08.0
....................    lcd_send_nibble(n >> 4);
00CC:  SWAPF  45,W
00CD:  MOVWF  46
00CE:  MOVLW  0F
00CF:  ANDWF  46,F
00D0:  MOVF   46,W
00D1:  MOVWF  47
00D2:  CALL   087
....................    lcd_send_nibble(n & 0xf);
00D3:  MOVF   45,W
00D4:  ANDLW  0F
00D5:  MOVWF  46
00D6:  MOVWF  47
00D7:  CALL   087
00D8:  RETURN
.................... }
.................... 
.................... void lcd_init(void) 
.................... {
....................    BYTE i;
.................... 
....................  #if defined(__PCB__)
....................    set_tris_lcd(LCD_OUTPUT_MAP);
....................  #else
....................   #if (defined(LCD_DATA4) && defined(LCD_DATA5) && defined(LCD_DATA6) && defined(LCD_DATA7))
....................    output_drive(LCD_DATA4);
....................    output_drive(LCD_DATA5);
....................    output_drive(LCD_DATA6);
....................    output_drive(LCD_DATA7);
....................   #else
....................    lcdtris.data = 0x0;
00D9:  MOVLW  0F
00DA:  BSF    03.5
00DB:  ANDWF  08,W
00DC:  MOVWF  08
....................   #endif
....................    lcd_enable_tris();
00DD:  BCF    08.0
....................    lcd_rs_tris();
00DE:  BCF    08.1
....................    lcd_rw_tris();
00DF:  BCF    08.2
....................  #endif
.................... 
....................    lcd_output_rs(0);
00E0:  BCF    03.5
00E1:  BCF    08.1
....................    lcd_output_rw(0);
00E2:  BCF    08.2
....................    lcd_output_enable(0);
00E3:  BCF    08.0
....................     
....................    delay_ms(15);
00E4:  MOVLW  0F
00E5:  MOVWF  40
00E6:  CALL   073
....................    for(i=1;i<=3;++i)
00E7:  MOVLW  01
00E8:  MOVWF  32
00E9:  MOVF   32,W
00EA:  SUBLW  03
00EB:  BTFSS  03.0
00EC:  GOTO   0F5
....................    {
....................        lcd_send_nibble(3);
00ED:  MOVLW  03
00EE:  MOVWF  47
00EF:  CALL   087
....................        delay_ms(5);
00F0:  MOVLW  05
00F1:  MOVWF  40
00F2:  CALL   073
00F3:  INCF   32,F
00F4:  GOTO   0E9
....................    }
....................     
....................    lcd_send_nibble(2);
00F5:  MOVLW  02
00F6:  MOVWF  47
00F7:  CALL   087
....................    for(i=0;i<=3;++i)
00F8:  CLRF   32
00F9:  MOVF   32,W
00FA:  SUBLW  03
00FB:  BTFSS  03.0
00FC:  GOTO   106
....................       lcd_send_byte(0,LCD_INIT_STRING[i]);
00FD:  MOVF   32,W
00FE:  CALL   051
00FF:  MOVWF  33
0100:  CLRF   44
0101:  MOVF   33,W
0102:  MOVWF  45
0103:  CALL   09C
0104:  INCF   32,F
0105:  GOTO   0F9
0106:  BCF    0A.3
0107:  BCF    0A.4
0108:  GOTO   50B (RETURN)
.................... }
.................... 
.................... void lcd_gotoxy(BYTE x, BYTE y)
.................... {
....................    BYTE address;
.................... 
....................    if(y!=1)
*
03A0:  DECFSZ 41,W
03A1:  GOTO   3A3
03A2:  GOTO   3A6
....................       address=LCD_LINE_TWO;
03A3:  MOVLW  40
03A4:  MOVWF  42
03A5:  GOTO   3A7
....................    else
....................       address=0;
03A6:  CLRF   42
....................      
....................    address+=x-1;
03A7:  MOVLW  01
03A8:  SUBWF  40,W
03A9:  ADDWF  42,F
....................    lcd_send_byte(0,0x80|address);
03AA:  MOVF   42,W
03AB:  IORLW  80
03AC:  MOVWF  43
03AD:  CLRF   44
03AE:  MOVF   43,W
03AF:  MOVWF  45
03B0:  CALL   09C
03B1:  RETURN
.................... }
.................... 
.................... void lcd_putc(char c)
.................... {
....................    switch (c)
03B2:  MOVF   3F,W
03B3:  XORLW  0C
03B4:  BTFSC  03.2
03B5:  GOTO   3BD
03B6:  XORLW  06
03B7:  BTFSC  03.2
03B8:  GOTO   3C5
03B9:  XORLW  02
03BA:  BTFSC  03.2
03BB:  GOTO   3CB
03BC:  GOTO   3D0
....................    {
....................       case '\f'   :  lcd_send_byte(0,1);
03BD:  CLRF   44
03BE:  MOVLW  01
03BF:  MOVWF  45
03C0:  CALL   09C
....................                      delay_ms(2);
03C1:  MOVLW  02
03C2:  MOVWF  40
03C3:  CALL   073
....................                      break;
03C4:  GOTO   3D5
....................                      
....................       case '\n'   : lcd_gotoxy(1,2);        break;
03C5:  MOVLW  01
03C6:  MOVWF  40
03C7:  MOVLW  02
03C8:  MOVWF  41
03C9:  CALL   3A0
03CA:  GOTO   3D5
....................      
....................       case '\b'   : lcd_send_byte(0,0x10);  break;
03CB:  CLRF   44
03CC:  MOVLW  10
03CD:  MOVWF  45
03CE:  CALL   09C
03CF:  GOTO   3D5
....................      
....................       default     : lcd_send_byte(1,c);     break;
03D0:  MOVLW  01
03D1:  MOVWF  44
03D2:  MOVF   3F,W
03D3:  MOVWF  45
03D4:  CALL   09C
....................    }
03D5:  RETURN
.................... }
....................  
.................... char lcd_getc(BYTE x, BYTE y)
.................... {
....................    char value;
.................... 
....................    lcd_gotoxy(x,y);
....................    while ( bit_test(lcd_read_byte(),7) ); // wait until busy flag is low
....................    lcd_output_rs(1);
....................    value = lcd_read_byte();
....................    lcd_output_rs(0);
....................    
....................    return(value);
.................... }
.................... 
.................... 
.................... int16 valor;
.................... float temp;
.................... 
.................... char rcv = 'D';
.................... 
.................... #INT_RDA
.................... void rda_int()
*
0059:  BTFSS  0C.5
005A:  GOTO   059
005B:  MOVF   1A,W
005C:  MOVWF  4C
.................... {
....................    char k = getc();
....................    if(k != 10)
005D:  MOVF   4C,W
005E:  SUBLW  0A
005F:  BTFSC  03.2
0060:  GOTO   06B
....................    if(k != 13)
0061:  MOVF   4C,W
0062:  SUBLW  0D
0063:  BTFSC  03.2
0064:  GOTO   06B
....................    if(k != 07)
0065:  MOVF   4C,W
0066:  SUBLW  07
0067:  BTFSC  03.2
0068:  GOTO   06B
....................    rcv = k;
0069:  MOVF   4C,W
006A:  MOVWF  31
006B:  BCF    0C.5
006C:  BCF    0A.3
006D:  BCF    0A.4
006E:  GOTO   02D
.................... }
.................... 
.................... void main()
*
04F4:  MOVF   03,W
04F5:  ANDLW  1F
04F6:  MOVWF  03
04F7:  MOVLW  81
04F8:  BSF    03.5
04F9:  MOVWF  19
04FA:  MOVLW  A6
04FB:  MOVWF  18
04FC:  MOVLW  90
04FD:  BCF    03.5
04FE:  MOVWF  18
04FF:  MOVLW  44
0500:  MOVWF  31
0501:  BSF    03.5
0502:  BSF    1F.0
0503:  BSF    1F.1
0504:  BSF    1F.2
0505:  BCF    1F.3
0506:  MOVLW  07
0507:  MOVWF  1C
0508:  BCF    03.7
.................... {
....................    lcd_init();
0509:  BCF    03.5
050A:  GOTO   0D9
....................    setup_uart(9600);
050B:  MOVLW  81
050C:  BSF    03.5
050D:  MOVWF  19
050E:  MOVLW  A6
050F:  MOVWF  18
0510:  MOVLW  90
0511:  BCF    03.5
0512:  MOVWF  18
....................    setup_adc(ADC_CLOCK_INTERNAL);
0513:  BSF    03.5
0514:  BCF    1F.6
0515:  BCF    03.5
0516:  BSF    1F.6
0517:  BSF    1F.7
0518:  BSF    03.5
0519:  BSF    1F.7
051A:  BCF    03.5
051B:  BSF    1F.0
....................    setup_adc_ports(AN0_AN1_AN3);
051C:  BSF    03.5
051D:  BCF    1F.0
051E:  BCF    1F.1
051F:  BSF    1F.2
0520:  BCF    1F.3
....................    enable_interrupts(INT_RDA);
0521:  BSF    0C.5
....................    enable_interrupts(GLOBAL);
0522:  MOVLW  C0
0523:  BCF    03.5
0524:  IORWF  0B,F
....................    
....................    while(TRUE)
....................    {
....................       if(rcv == 'A')
0525:  MOVF   31,W
0526:  SUBLW  41
0527:  BTFSS  03.2
0528:  GOTO   5A6
....................       {
....................          set_adc_channel(0);
0529:  MOVLW  00
052A:  MOVWF  78
052B:  MOVF   1F,W
052C:  ANDLW  C7
052D:  IORWF  78,W
052E:  MOVWF  1F
....................          delay_us(1);
052F:  GOTO   530
0530:  GOTO   531
0531:  NOP
....................          valor = read_adc();
0532:  BSF    1F.2
0533:  BTFSC  1F.2
0534:  GOTO   533
0535:  MOVF   1E,W
0536:  MOVWF  79
0537:  BSF    03.5
0538:  MOVF   1E,W
0539:  MOVWF  78
053A:  MOVF   79,W
053B:  BCF    03.5
053C:  MOVWF  2C
053D:  MOVF   78,W
053E:  MOVWF  2B
....................          temp = 500 * (float)valor/1023.0;
053F:  MOVF   2C,W
0540:  MOVWF  33
0541:  MOVF   2B,W
0542:  MOVWF  32
0543:  GOTO   109
0544:  CLRF   42
0545:  CLRF   41
0546:  MOVLW  7A
0547:  MOVWF  40
0548:  MOVLW  87
0549:  MOVWF  3F
054A:  MOVF   7A,W
054B:  MOVWF  46
054C:  MOVF   79,W
054D:  MOVWF  45
054E:  MOVF   78,W
054F:  MOVWF  44
0550:  MOVF   77,W
0551:  MOVWF  43
0552:  CALL   128
0553:  MOVF   7A,W
0554:  MOVWF  35
0555:  MOVF   79,W
0556:  MOVWF  34
0557:  MOVF   78,W
0558:  MOVWF  33
0559:  MOVF   77,W
055A:  MOVWF  32
055B:  MOVF   7A,W
055C:  MOVWF  39
055D:  MOVF   79,W
055E:  MOVWF  38
055F:  MOVF   78,W
0560:  MOVWF  37
0561:  MOVF   77,W
0562:  MOVWF  36
0563:  CLRF   3D
0564:  MOVLW  C0
0565:  MOVWF  3C
0566:  MOVLW  7F
0567:  MOVWF  3B
0568:  MOVLW  88
0569:  MOVWF  3A
056A:  GOTO   19D
056B:  MOVF   7A,W
056C:  MOVWF  30
056D:  MOVF   79,W
056E:  MOVWF  2F
056F:  MOVF   78,W
0570:  MOVWF  2E
0571:  MOVF   77,W
0572:  MOVWF  2D
....................          printf("%fC", temp);
0573:  MOVLW  89
0574:  MOVWF  04
0575:  MOVF   30,W
0576:  MOVWF  35
0577:  MOVF   2F,W
0578:  MOVWF  34
0579:  MOVF   2E,W
057A:  MOVWF  33
057B:  MOVF   2D,W
057C:  MOVWF  32
057D:  MOVLW  02
057E:  MOVWF  36
057F:  GOTO   2D7
0580:  MOVLW  43
0581:  BTFSS  0C.4
0582:  GOTO   581
0583:  MOVWF  19
....................          lcd_gotoxy(1,1);
0584:  MOVLW  01
0585:  MOVWF  40
0586:  MOVWF  41
0587:  CALL   3A0
....................          printf(lcd_putc,"temp=%f", temp);
0588:  MOVLW  6F
0589:  BSF    03.6
058A:  MOVWF  0D
058B:  MOVLW  00
058C:  MOVWF  0F
058D:  BCF    03.0
058E:  MOVLW  05
058F:  BCF    03.6
0590:  MOVWF  32
0591:  GOTO   3D6
0592:  MOVLW  89
0593:  MOVWF  04
0594:  MOVF   30,W
0595:  MOVWF  35
0596:  MOVF   2F,W
0597:  MOVWF  34
0598:  MOVF   2E,W
0599:  MOVWF  33
059A:  MOVF   2D,W
059B:  MOVWF  32
059C:  MOVLW  02
059D:  MOVWF  36
059E:  GOTO   42F
....................          delay_ms(500);
059F:  MOVLW  02
05A0:  MOVWF  32
05A1:  MOVLW  FA
05A2:  MOVWF  40
05A3:  CALL   073
05A4:  DECFSZ 32,F
05A5:  GOTO   5A1
....................       }
....................       if(rcv == 'B')
05A6:  MOVF   31,W
05A7:  SUBLW  42
05A8:  BTFSS  03.2
05A9:  GOTO   5AA
....................       {
....................       }
....................       delay_ms(500);
05AA:  MOVLW  02
05AB:  MOVWF  32
05AC:  MOVLW  FA
05AD:  MOVWF  40
05AE:  CALL   073
05AF:  DECFSZ 32,F
05B0:  GOTO   5AC
05B1:  GOTO   525
....................    }
.................... }
05B2:  SLEEP

Configuration Fuses:
   Word  1: 3F32   HS NOWDT PUT NOBROWNOUT NOLVP NOCPD NOWRT NODEBUG NOPROTECT
