
ROM used:   2140/8192 (26%)
            2428/8192 (30%) including unused fragments

            1.5 Average locations per line
            8.1 Average locations per statement

RAM used:   33/368 (9%) at main() level
            66/368 (18%) worst case

Stack used: 7 worst case (6 in main + 1 for interrupts)
Stack size: 8

Lines Stmts  %   Files
----- ----- ---  -----
  109    53  20  Control_RPM.c
  671     0   0  ..\..\..\..\Escritorio\PICC\Devices\16F877a.h
  456   100  38  ..\..\..\..\Escritorio\PICC\Drivers\lcd.c
  120    54  20  ..\..\..\..\Escritorio\PICC\Drivers\kbd_4x4_custom.c
   99    58  22  ..\..\..\..\Escritorio\PICC\Drivers\getNum16.c
----- -----
 1455   265 Total

Page ROM  %  RAM   Vol Diff  Functions:
---- --- --- ---   --- ----  ----------
0     20   1    1             @delay_ms1
 Inline         3   760  4.5  lcd_read_byte
0     49   2    2   262  3.7  lcd_read_nibble
0     48   2    1   399  2.4  lcd_send_nibble
0     94   4    3   415  3.7  lcd_send_byte
0     70   3    6   852  6.2  lcd_init
0     18   1    4   208  6.3  lcd_gotoxy
0     44   2    1   354  4.7  lcd_putc
0     20   1    0             @const657
0     27   1    0    67  1.2  kbd_init
0    150   7    1   786  4.8  read_row
0      8   0    0             @goto10700
 Inline         4   548  8.2  kbd_getc
 Inline         6   155  5.0  pow
0     42   2   13             @MUL3232
 Inline         1    90  3.1  read_key
0    273  13    5  1660 12.1  get_num_lcd
0      3   0    0             @const693
0     86   4    4             @PSTRINGC7_645
0     50   2    1   272  3.2  timer1_isr
0      7   0    0    13  1.0  ext_isr
1    380  18    4  1167  9.1  MAIN
0      6   0    0             @const715
0     29   1    2             @ITOF
0    117   5   13             @MULFF
0    202   9   14             @DIVFF
0     31   1    4    13  1.0  @SFTOI
0     23   1    5  2520  9.3  @MUL1616
0     39   2    5             @DIV1616
0     15   1    0             @const732
0     89   4    5             @PSTRINGCN7_645
0     99   5    9             @PRINTF_LU_645
0     13   1    0             @const737
 Inline         0             @cinit1

Program metrics:
    Functions               18
    Statements              265
    Comments                244
    Volume (V)              16731
    Difficulty (D)          89.5
    Effort to implement (E) 1496665
    Time to implement (T)   23 hours, 6 minutes
    Est Delivered Bugs (B)  4
    Cyclomatic Complexity   46
    Maintainability (MI)    64

 Segment     Used  Free
-----------  ----  ----
00000-00003     4  0  
00004-00057    84  0  
00058-007FF  1672  288  
00800-00FFF   380  1668  
01000-017FF     0  2048  
01800-01FFF     0  2048  



