
ROM used:   2620/8192 (32%)
            2698/8192 (33%) including unused fragments

            1.9 Average locations per line
            11.6 Average locations per statement

RAM used:   14/368 (4%) at main() level
            87/368 (24%) worst case

Stack used: 6 worst case (6 in main + 0 for interrupts)
Stack size: 8

Lines Stmts  %   Files
----- ----- ---  -----
  127    58  26  Examen.c
  671     0   0  ..\..\..\..\Escritorio\PICC\Devices\16F877a.h
  344    67  30  ..\..\..\..\Escritorio\PICC\Drivers\lcd_c.c
  150    43  19  ..\..\..\..\Escritorio\PICC\Drivers\kbd4x4_b.c
   99    58  26  ..\..\..\..\Escritorio\PICC\Drivers\getNum16.c
----- -----
 1391   226 Total

Page ROM  %  RAM   Vol Diff  Functions:
---- --- --- ---   --- ----  ----------
0     20   1    1             @delay_ms1
0      8   0    0             @const631
 Inline         3   587  6.0  lcd_read_byte
0      6   0    0    59  4.2  lcd_read_nibble
0     17   1    1   172  3.4  lcd_send_nibble
0     61   2    3   317  4.3  lcd_send_byte
0     48   2    2   624  5.8  lcd_init
0     18   1    4   186  5.5  lcd_gotoxy
0     36   1    1   272  4.1  lcd_putc
0     20   1    0             @const656
0      3   0    0     3  0.0  kbd_init
0    105   4    3  5853 10.1  kbd_getc
0      8   0    0             @goto10645
 Inline         6   155  5.0  pow
0     42   2   13             @MUL3232
 Inline         1    90  3.1  read_key
0    214   8    5  1660 12.1  get_num_lcd
0      3   0    0             @const688
0     86   3    4             @PSTRINGC7_649
0     14   1    0             @const698
0      9   0    1    24  1.5  update_stepper
0     11   0    0    80  3.0  step_up
0      9   0    0    70  2.6  step_back
1    650  25    4  1972  9.7  MAIN
0     11   0    0             @const714
0     29   1    2             @ITOF
0     10   0    0             @const718
0      6   0    0             @const720
0     15   1    0             @const722
0     15   1    0             @const723
0     15   1    0             @const724
0    117   4   13             @MULFF
0    204   8   14             @DIVFF
0    321  12   16             @ADDFF
0     63   2   10             @FLT
0     16   1    0             @const741
0     87   3    5             @PSTRINGCN7_649
 Inline         5             @FTOSD
0     79   3   13             @DIV3232
0    224   9   13             @PRINTF_L32D_649FPFPF
0     16   1    0             @const753
 Inline         0             @cinit1

Program metrics:
    Functions               16
    Statements              226
    Comments                246
    Volume (V)              17206
    Difficulty (D)          80.7
    Effort to implement (E) 1389237
    Time to implement (T)   21 hours, 26 minutes
    Est Delivered Bugs (B)  4
    Cyclomatic Complexity   37
    Maintainability (MI)    81

 Segment     Used  Free
-----------  ----  ----
00000-00003     4  0  
00004-007FF  1966  78  
00800-00FFF   650  1398  
01000-017FF     0  2048  
01800-01FFF     0  2048  



