CCS PCM C Compiler, Version 5.015, 5967               06-nov.-23 13:54

               Filename:   C:\Users\strop\OneDrive\Documentos\GitHub\Microcontroladores\Tarea_clase\Tarea_clase.lst

               ROM used:   498 words (6%)
                           Largest free fragment is 2048
               RAM used:   21 (6%) at main() level
                           47 (13%) worst case
               Stack used: 9 locations (4 in main + 5 for interrupts)
               Stack size: 8

*
0000:  MOVLW  01
0001:  MOVWF  0A
0002:  GOTO   1C1
0003:  NOP
0004:  MOVWF  7F
0005:  SWAPF  03,W
0006:  CLRF   03
0007:  MOVWF  21
0008:  MOVF   0A,W
0009:  MOVWF  20
000A:  CLRF   0A
000B:  MOVF   04,W
000C:  MOVWF  22
000D:  MOVF   77,W
000E:  MOVWF  23
000F:  MOVF   78,W
0010:  MOVWF  24
0011:  MOVF   79,W
0012:  MOVWF  25
0013:  MOVF   7A,W
0014:  MOVWF  26
0015:  BSF    03.6
0016:  MOVF   0D,W
0017:  BCF    03.6
0018:  MOVWF  27
0019:  BSF    03.6
001A:  MOVF   0F,W
001B:  BCF    03.6
001C:  MOVWF  28
001D:  BSF    03.6
001E:  MOVF   0C,W
001F:  BCF    03.6
0020:  MOVWF  29
0021:  BSF    03.6
0022:  MOVF   0E,W
0023:  BCF    03.6
0024:  MOVWF  2A
0025:  BCF    03.7
0026:  BCF    03.5
0027:  MOVLW  8C
0028:  MOVWF  04
0029:  BTFSS  00.0
002A:  GOTO   02D
002B:  BTFSC  0C.0
002C:  GOTO   04E
002D:  MOVF   22,W
002E:  MOVWF  04
002F:  MOVF   23,W
0030:  MOVWF  77
0031:  MOVF   24,W
0032:  MOVWF  78
0033:  MOVF   25,W
0034:  MOVWF  79
0035:  MOVF   26,W
0036:  MOVWF  7A
0037:  MOVF   27,W
0038:  BSF    03.6
0039:  MOVWF  0D
003A:  BCF    03.6
003B:  MOVF   28,W
003C:  BSF    03.6
003D:  MOVWF  0F
003E:  BCF    03.6
003F:  MOVF   29,W
0040:  BSF    03.6
0041:  MOVWF  0C
0042:  BCF    03.6
0043:  MOVF   2A,W
0044:  BSF    03.6
0045:  MOVWF  0E
0046:  BCF    03.6
0047:  MOVF   20,W
0048:  MOVWF  0A
0049:  SWAPF  21,W
004A:  MOVWF  03
004B:  SWAPF  7F,F
004C:  SWAPF  7F,W
004D:  RETFIE
004E:  BCF    0A.3
004F:  BCF    0A.4
0050:  GOTO   150
.................... #include <16F877a.h> 
.................... //////////// Standard Header file for the PIC16F877A device //////////////// 
.................... /////////////////////////////////////////////////////////////////////////// 
.................... ////        (C) Copyright 1996, 2013 Custom Computer Services          //// 
.................... //// This source code may only be used by licensed users of the CCS C  //// 
.................... //// compiler.  This source code may only be distributed to other      //// 
.................... //// licensed users of the CCS C compiler.  No other use, reproduction //// 
.................... //// or distribution is permitted without written permission.          //// 
.................... //// Derivative programs created using this software in object code    //// 
.................... //// form are not restricted in any way.                               //// 
.................... /////////////////////////////////////////////////////////////////////////// 
.................... #device PIC16F877A 
0051:  BCF    0A.0
0052:  BCF    0A.1
0053:  BCF    0A.2
0054:  ADDWF  02,F
0055:  RETLW  28
0056:  RETLW  0C
0057:  RETLW  01
0058:  RETLW  06
0059:  DATA 20,10
005A:  DATA 20,10
005B:  DATA 20,00
*
00FA:  MOVF   0B,W
00FB:  MOVWF  3D
00FC:  BCF    0B.7
00FD:  BSF    03.5
00FE:  BSF    03.6
00FF:  BSF    0C.7
0100:  BSF    0C.0
0101:  NOP
0102:  NOP
0103:  BCF    03.5
0104:  BCF    03.6
0105:  BTFSC  3D.7
0106:  BSF    0B.7
0107:  BSF    03.6
0108:  MOVF   0C,W
0109:  ANDLW  7F
010A:  BTFSC  03.2
010B:  GOTO   14E
010C:  BCF    03.6
010D:  MOVWF  3D
010E:  BSF    03.6
010F:  MOVF   0D,W
0110:  BCF    03.6
0111:  MOVWF  3E
0112:  BSF    03.6
0113:  MOVF   0F,W
0114:  BCF    03.6
0115:  MOVWF  3F
0116:  MOVF   3D,W
0117:  MOVWF  40
0118:  CALL   0C6
0119:  MOVF   3E,W
011A:  BSF    03.6
011B:  MOVWF  0D
011C:  BCF    03.6
011D:  MOVF   3F,W
011E:  BSF    03.6
011F:  MOVWF  0F
0120:  BCF    03.6
0121:  MOVF   0B,W
0122:  MOVWF  40
0123:  BCF    0B.7
0124:  BSF    03.5
0125:  BSF    03.6
0126:  BSF    0C.7
0127:  BSF    0C.0
0128:  NOP
0129:  NOP
012A:  BCF    03.5
012B:  BCF    03.6
012C:  BTFSC  40.7
012D:  BSF    0B.7
012E:  BSF    03.6
012F:  RLF    0C,W
0130:  RLF    0E,W
0131:  ANDLW  7F
0132:  BTFSC  03.2
0133:  GOTO   14E
0134:  BCF    03.6
0135:  MOVWF  3D
0136:  BSF    03.6
0137:  MOVF   0D,W
0138:  BCF    03.6
0139:  MOVWF  3E
013A:  BSF    03.6
013B:  MOVF   0F,W
013C:  BCF    03.6
013D:  MOVWF  3F
013E:  MOVF   3D,W
013F:  MOVWF  40
0140:  CALL   0C6
0141:  MOVF   3E,W
0142:  BSF    03.6
0143:  MOVWF  0D
0144:  BCF    03.6
0145:  MOVF   3F,W
0146:  BSF    03.6
0147:  MOVWF  0F
0148:  INCF   0D,F
0149:  BTFSC  03.2
014A:  INCF   0F,F
014B:  BCF    03.6
014C:  GOTO   0FA
014D:  BSF    03.6
014E:  BCF    03.6
014F:  RETURN
*
015B:  DATA 8C,28
015C:  DATA F5,32
015D:  DATA A0,39
015E:  DATA E9,32
015F:  DATA 6D,38
0160:  DATA F2,32
0161:  DATA A0,39
0162:  DATA 69,05
0163:  DATA F5,3B
0164:  DATA 75,00
0165:  DATA 8C,29
0166:  DATA 69,37
0167:  DATA 20,37
0168:  DATA 61,32
0169:  DATA 61,10
016A:  DATA 8A,38
016B:  DATA F5,32
016C:  DATA 20,34
016D:  DATA E1,31
016E:  DATA 65,39
016F:  DATA 00,00
....................  
.................... #list 
....................  
.................... #device ADC=10 
.................... #use delay(crystal=20Mhz) 
*
00B2:  MOVLW  41
00B3:  MOVWF  04
00B4:  BCF    03.7
00B5:  MOVF   00,W
00B6:  BTFSC  03.2
00B7:  GOTO   0C5
00B8:  MOVLW  06
00B9:  MOVWF  78
00BA:  CLRF   77
00BB:  DECFSZ 77,F
00BC:  GOTO   0BB
00BD:  DECFSZ 78,F
00BE:  GOTO   0BA
00BF:  MOVLW  7B
00C0:  MOVWF  77
00C1:  DECFSZ 77,F
00C2:  GOTO   0C1
00C3:  DECFSZ 00,F
00C4:  GOTO   0B8
00C5:  RETURN
.................... #FUSES NOWDT, NOBROWNOUT, NOLVP 
....................  
.................... #include <lcd_d.c> //Incluir librería LCD 
.................... /////////////////////////////////////////////////////////////////////////////// 
.................... ////                             LCD.C                                     //// 
.................... ////                 Driver for common LCD modules                         //// 
.................... ////                                                                       //// 
.................... ////  lcd_init()   Must be called before any other function.               //// 
.................... ////                                                                       //// 
.................... ////  lcd_putc(c)  Will display c on the next position of the LCD.         //// 
.................... ////                     The following have special meaning:               //// 
.................... ////                      \f  Clear display                                //// 
.................... ////                      \n  Go to start of second line                   //// 
.................... ////                      \b  Move back one position                       //// 
.................... ////                                                                       //// 
.................... ////  lcd_gotoxy(x,y) Set write position on LCD (upper left is 1,1)        //// 
.................... ////                                                                       //// 
.................... ////  lcd_getc(x,y)   Returns character at position x,y on LCD             //// 
.................... ////                                                                       //// 
.................... ////  CONFIGURATION                                                        //// 
.................... ////  The LCD can be configured in one of two ways: a.) port access or     //// 
.................... ////  b.) pin access.  Port access requires the entire 7 bit interface     //// 
.................... ////  connected to one GPIO port, and the data bits (D4:D7 of the LCD)     //// 
.................... ////  connected to sequential pins on the GPIO.  Pin access                //// 
.................... ////  has no requirements, all 7 bits of the control interface can         //// 
.................... ////  can be connected to any GPIO using several ports.                    //// 
.................... ////                                                                       //// 
.................... ////  To use port access, #define LCD_DATA_PORT to the SFR location of     //// 
.................... ////  of the GPIO port that holds the interface, -AND- edit LCD_PIN_MAP    //// 
.................... ////  of this file to configure the pin order.  If you are using a         //// 
.................... ////  baseline PIC (PCB), then LCD_OUTPUT_MAP and LCD_INPUT_MAP also must  //// 
.................... ////  be defined.                                                          //// 
.................... ////                                                                       //// 
.................... ////  Example of port access:                                              //// 
.................... ////     #define LCD_DATA_PORT getenv("SFR:PORTD")                         //// 
.................... ////                                                                       //// 
.................... ////  To use pin access, the following pins must be defined:               //// 
.................... ////     LCD_ENABLE_PIN                                                    //// 
.................... ////     LCD_RS_PIN                                                        //// 
.................... ////     LCD_RW_PIN                                                        //// 
.................... ////     LCD_DATA4                                                         //// 
.................... ////     LCD_DATA5                                                         //// 
.................... ////     LCD_DATA6                                                         //// 
.................... ////     LCD_DATA7                                                         //// 
.................... ////                                                                       //// 
.................... ////  Example of pin access:                                               //// 
.................... ////     #define LCD_ENABLE_PIN  PIN_E0                                    //// 
.................... ////     #define LCD_RS_PIN      PIN_E1                                    //// 
.................... ////     #define LCD_RW_PIN      PIN_E2                                    //// 
.................... ////     #define LCD_DATA4       PIN_D4                                    //// 
.................... ////     #define LCD_DATA5       PIN_D5                                    //// 
.................... ////     #define LCD_DATA6       PIN_D6                                    //// 
.................... ////     #define LCD_DATA7       PIN_D7                                    //// 
.................... ////                                                                       //// 
.................... /////////////////////////////////////////////////////////////////////////////// 
.................... ////        (C) Copyright 1996,2009 Custom Computer Services           //// 
.................... //// This source code may only be used by licensed users of the CCS C  //// 
.................... //// compiler.  This source code may only be distributed to other      //// 
.................... //// licensed users of the CCS C compiler.  No other use, reproduction //// 
.................... //// or distribution is permitted without written permission.          //// 
.................... //// Derivative programs created using this software in object code    //// 
.................... //// form are not restricted in any way.                               //// 
.................... /////////////////////////////////////////////////////////////////////////// 
....................  
.................... // define the pinout. 
.................... #define LCD_DATA_PORT      0x08     //portd    LA PUSE YO  
....................  
.................... // only required if port access is being used. 
.................... typedef struct   
.................... {                            // This structure is overlayed 
....................    BOOLEAN enable;           // on to an I/O port to gain 
....................    BOOLEAN rs;               // access to the LCD pins. 
....................    BOOLEAN rw;               // The bits are allocated from 
....................    BOOLEAN unused;           // low order up.  ENABLE will 
....................    int     data : 4;         // be LSB pin of that port. 
....................   #if defined(__PCD__)       // The port used will be LCD_DATA_PORT. 
....................    int    reserved: 8; 
....................   #endif 
.................... } LCD_PIN_MAP; 
....................  
.................... // this is to improve compatability with previous LCD drivers that accepted 
.................... // a define labeled 'use_portb_lcd' that configured the LCD onto port B. 
.................... #if ((defined(use_portb_lcd)) && (use_portb_lcd==TRUE)) 
....................  #define LCD_DATA_PORT getenv("SFR:PORTB") 
.................... #endif 
....................  
.................... #if defined(__PCB__) 
....................    // these definitions only need to be modified for baseline PICs. 
....................    // all other PICs use LCD_PIN_MAP or individual LCD_xxx pin definitions. 
.................... /*                                    EN, RS,   RW,   UNUSED,  DATA  */ 
....................  const LCD_PIN_MAP LCD_OUTPUT_MAP =  {0,  0,    0,    0,       0}; 
....................  const LCD_PIN_MAP LCD_INPUT_MAP =   {0,  0,    0,    0,       0xF}; 
.................... #endif 
....................  
.................... ////////////////////// END CONFIGURATION /////////////////////////////////// 
....................  
.................... #ifndef LCD_ENABLE_PIN 
....................    #define lcd_output_enable(x) lcdlat.enable=x 
....................    #define lcd_enable_tris()   lcdtris.enable=0 
.................... #else 
....................    #define lcd_output_enable(x) output_bit(LCD_ENABLE_PIN, x) 
....................    #define lcd_enable_tris()  output_drive(LCD_ENABLE_PIN) 
.................... #endif 
....................  
.................... #ifndef LCD_RS_PIN 
....................    #define lcd_output_rs(x) lcdlat.rs=x 
....................    #define lcd_rs_tris()   lcdtris.rs=0 
.................... #else 
....................    #define lcd_output_rs(x) output_bit(LCD_RS_PIN, x) 
....................    #define lcd_rs_tris()  output_drive(LCD_RS_PIN) 
.................... #endif 
....................  
.................... #ifndef LCD_RW_PIN 
....................    #define lcd_output_rw(x) lcdlat.rw=x 
....................    #define lcd_rw_tris()   lcdtris.rw=0 
.................... #else 
....................    #define lcd_output_rw(x) output_bit(LCD_RW_PIN, x) 
....................    #define lcd_rw_tris()  output_drive(LCD_RW_PIN) 
.................... #endif 
....................  
.................... // original version of this library incorrectly labeled LCD_DATA0 as LCD_DATA4, 
.................... // LCD_DATA1 as LCD_DATA5, and so on.  this block of code makes the driver 
.................... // compatible with any code written for the original library 
.................... #if (defined(LCD_DATA0) && defined(LCD_DATA1) && defined(LCD_DATA2) && defined(LCD_DATA3) && !defined(LCD_DATA4) && !defined(LCD_DATA5) && !defined(LCD_DATA6) && !defined(LCD_DATA7)) 
....................    #define  LCD_DATA4    LCD_DATA0 
....................    #define  LCD_DATA5    LCD_DATA1 
....................    #define  LCD_DATA6    LCD_DATA2 
....................    #define  LCD_DATA7    LCD_DATA3 
.................... #endif 
....................  
.................... #ifndef LCD_DATA4 
.................... #ifndef LCD_DATA_PORT 
....................    #if defined(__PCB__) 
....................       #define LCD_DATA_PORT      0x06     //portb 
....................       #define set_tris_lcd(x)   set_tris_b(x) 
....................    #else 
....................      #if defined(PIN_D0) 
....................       #define LCD_DATA_PORT      getenv("SFR:PORTD")     //portd 
....................      #else 
....................       #define LCD_DATA_PORT      getenv("SFR:PORTB")     //portb 
....................      #endif 
....................    #endif    
.................... #endif 
....................  
.................... #if defined(__PCB__) 
....................    LCD_PIN_MAP lcd, lcdlat; 
....................    #byte lcd = LCD_DATA_PORT 
....................    #byte lcdlat = LCD_DATA_PORT 
.................... #elif defined(__PCM__) 
....................    LCD_PIN_MAP lcd, lcdlat, lcdtris; 
....................    #byte lcd = LCD_DATA_PORT 
....................    #byte lcdlat = LCD_DATA_PORT 
....................    #byte lcdtris = LCD_DATA_PORT+0x80 
.................... #elif defined(__PCH__) 
....................    LCD_PIN_MAP lcd, lcdlat, lcdtris; 
....................    #byte lcd = LCD_DATA_PORT 
....................    #byte lcdlat = LCD_DATA_PORT+9 
....................    #byte lcdtris = LCD_DATA_PORT+0x12 
.................... #elif defined(__PCD__) 
....................    LCD_PIN_MAP lcd, lcdlat, lcdtris; 
....................    #word lcd = LCD_DATA_PORT 
....................    #word lcdlat = LCD_DATA_PORT+2 
....................    #word lcdtris = LCD_DATA_PORT-0x02 
.................... #endif 
.................... #endif   //LCD_DATA4 not defined 
....................  
.................... #ifndef LCD_TYPE 
....................    #define LCD_TYPE 2           // 0=5x7, 1=5x10, 2=2 lines 
.................... #endif 
....................  
.................... #ifndef LCD_LINE_TWO 
....................    #define LCD_LINE_TWO 0x40    // LCD RAM address for the second line 
.................... #endif 
....................  
.................... BYTE const LCD_INIT_STRING[4] = {0x20 | (LCD_TYPE << 2), 0xc, 1, 6}; 
....................                              // These bytes need to be sent to the LCD 
....................                              // to start it up. 
....................  
.................... BYTE lcd_read_nibble(void); 
....................  
.................... BYTE lcd_read_byte(void) 
.................... { 
....................    BYTE low,high; 
....................  
....................  #if defined(__PCB__) 
....................    set_tris_lcd(LCD_INPUT_MAP); 
....................  #else 
....................   #if (defined(LCD_DATA4) && defined(LCD_DATA5) && defined(LCD_DATA6) && defined(LCD_DATA7)) 
....................    output_float(LCD_DATA4); 
....................    output_float(LCD_DATA5); 
....................    output_float(LCD_DATA6); 
....................    output_float(LCD_DATA7); 
....................   #else 
....................    lcdtris.data = 0xF; 
*
006E:  MOVLW  0F
006F:  BSF    03.5
0070:  ANDWF  08,W
0071:  IORLW  F0
0072:  MOVWF  08
....................   #endif 
....................  #endif 
....................          
....................    lcd_output_rw(1); 
0073:  BCF    03.5
0074:  BSF    08.2
....................    delay_cycles(1); 
0075:  NOP
....................    lcd_output_enable(1); 
0076:  BSF    08.0
....................    delay_cycles(1); 
0077:  NOP
....................    high = lcd_read_nibble(); 
*
007D:  MOVF   78,W
007E:  MOVWF  48
....................        
....................    lcd_output_enable(0); 
007F:  BCF    08.0
....................    delay_cycles(1); 
0080:  NOP
....................    lcd_output_enable(1); 
0081:  BSF    08.0
....................    delay_us(1); 
0082:  GOTO   083
0083:  GOTO   084
0084:  NOP
....................    low = lcd_read_nibble(); 
*
008A:  MOVF   78,W
008B:  MOVWF  47
....................        
....................    lcd_output_enable(0); 
008C:  BCF    08.0
....................  
....................  #if defined(__PCB__) 
....................    set_tris_lcd(LCD_INPUT_MAP); 
....................  #else 
....................   #if (defined(LCD_DATA4) && defined(LCD_DATA5) && defined(LCD_DATA6) && defined(LCD_DATA7)) 
....................    output_drive(LCD_DATA4); 
....................    output_drive(LCD_DATA5); 
....................    output_drive(LCD_DATA6); 
....................    output_drive(LCD_DATA7); 
....................   #else 
....................    lcdtris.data = 0x0; 
008D:  MOVLW  0F
008E:  BSF    03.5
008F:  ANDWF  08,W
0090:  MOVWF  08
....................   #endif 
....................  #endif 
....................  
....................    return( (high<<4) | low); 
0091:  BCF    03.5
0092:  SWAPF  48,W
0093:  MOVWF  77
0094:  MOVLW  F0
0095:  ANDWF  77,F
0096:  MOVF   77,W
0097:  IORWF  47,W
0098:  MOVWF  78
.................... } 
....................  
.................... BYTE lcd_read_nibble(void) 
.................... { 
....................   #if (defined(LCD_DATA4) && defined(LCD_DATA5) && defined(LCD_DATA6) && defined(LCD_DATA7)) 
....................    BYTE n = 0x00; 
....................  
....................    /* Read the data port */ 
....................    n |= input(LCD_DATA4); 
....................    n |= input(LCD_DATA5) << 1; 
....................    n |= input(LCD_DATA6) << 2; 
....................    n |= input(LCD_DATA7) << 3; 
....................     
....................    return(n); 
....................   #else 
....................    return(lcd.data); 
*
0078:  MOVF   08,W
0079:  MOVWF  77
007A:  SWAPF  08,W
007B:  ANDLW  0F
007C:  MOVWF  78
*
0085:  MOVF   08,W
0086:  MOVWF  77
0087:  SWAPF  08,W
0088:  ANDLW  0F
0089:  MOVWF  78
....................   #endif 
.................... } 
....................  
.................... void lcd_send_nibble(BYTE n) 
.................... { 
....................   #if (defined(LCD_DATA4) && defined(LCD_DATA5) && defined(LCD_DATA6) && defined(LCD_DATA7)) 
....................    /* Write to the data port */ 
....................    output_bit(LCD_DATA4, bit_test(n, 0)); 
....................    output_bit(LCD_DATA5, bit_test(n, 1)); 
....................    output_bit(LCD_DATA6, bit_test(n, 2)); 
....................    output_bit(LCD_DATA7, bit_test(n, 3)); 
....................   #else       
....................    lcdlat.data = n; 
*
005C:  SWAPF  48,W
005D:  ANDLW  F0
005E:  MOVWF  77
005F:  MOVLW  0F
0060:  ANDWF  08,W
0061:  IORWF  77,W
0062:  MOVWF  08
....................   #endif 
....................        
....................    delay_cycles(1); 
0063:  NOP
....................    lcd_output_enable(1); 
0064:  BSF    08.0
....................    delay_us(2); 
0065:  MOVLW  02
0066:  MOVWF  77
0067:  DECFSZ 77,F
0068:  GOTO   067
0069:  GOTO   06A
006A:  NOP
....................    lcd_output_enable(0); 
006B:  BCF    08.0
006C:  RETURN
.................... } 
....................  
.................... void lcd_send_byte(BYTE address, BYTE n) 
.................... { 
....................    lcd_output_rs(0); 
006D:  BCF    08.1
....................    while ( bit_test(lcd_read_byte(),7) ) ; 
*
0099:  MOVF   78,W
009A:  MOVWF  47
009B:  BTFSC  47.7
009C:  GOTO   06E
....................    lcd_output_rs(address); 
009D:  BTFSS  45.0
009E:  BCF    08.1
009F:  BTFSC  45.0
00A0:  BSF    08.1
....................    delay_cycles(1); 
00A1:  NOP
....................    lcd_output_rw(0); 
00A2:  BCF    08.2
....................    delay_cycles(1); 
00A3:  NOP
....................    lcd_output_enable(0); 
00A4:  BCF    08.0
....................    lcd_send_nibble(n >> 4); 
00A5:  SWAPF  46,W
00A6:  MOVWF  47
00A7:  MOVLW  0F
00A8:  ANDWF  47,F
00A9:  MOVF   47,W
00AA:  MOVWF  48
00AB:  CALL   05C
....................    lcd_send_nibble(n & 0xf); 
00AC:  MOVF   46,W
00AD:  ANDLW  0F
00AE:  MOVWF  47
00AF:  MOVWF  48
00B0:  CALL   05C
00B1:  RETURN
.................... } 
....................  
.................... void lcd_init(void)  
.................... { 
....................    BYTE i; 
....................  
....................  #if defined(__PCB__) 
....................    set_tris_lcd(LCD_OUTPUT_MAP); 
....................  #else 
....................   #if (defined(LCD_DATA4) && defined(LCD_DATA5) && defined(LCD_DATA6) && defined(LCD_DATA7)) 
....................    output_drive(LCD_DATA4); 
....................    output_drive(LCD_DATA5); 
....................    output_drive(LCD_DATA6); 
....................    output_drive(LCD_DATA7); 
....................   #else 
....................    lcdtris.data = 0x0; 
*
0170:  MOVLW  0F
0171:  BSF    03.5
0172:  ANDWF  08,W
0173:  MOVWF  08
....................   #endif 
....................    lcd_enable_tris(); 
0174:  BCF    08.0
....................    lcd_rs_tris(); 
0175:  BCF    08.1
....................    lcd_rw_tris(); 
0176:  BCF    08.2
....................  #endif 
....................  
....................    lcd_output_rs(0); 
0177:  BCF    03.5
0178:  BCF    08.1
....................    lcd_output_rw(0); 
0179:  BCF    08.2
....................    lcd_output_enable(0); 
017A:  BCF    08.0
017B:  CLRF   2B
017C:  BTFSC  0B.7
017D:  BSF    2B.7
017E:  BCF    0B.7
....................      
....................    delay_ms(15); 
017F:  MOVLW  0F
0180:  MOVWF  41
0181:  CALL   0B2
0182:  BTFSC  2B.7
0183:  BSF    0B.7
....................    for(i=1;i<=3;++i) 
0184:  MOVLW  01
0185:  MOVWF  30
0186:  MOVF   30,W
0187:  SUBLW  03
0188:  BTFSS  03.0
0189:  GOTO   19E
018A:  CLRF   2B
018B:  BTFSC  0B.7
018C:  BSF    2B.7
018D:  BCF    0B.7
....................    { 
....................        lcd_send_nibble(3); 
018E:  MOVLW  03
018F:  MOVWF  48
0190:  CALL   05C
0191:  BTFSC  2B.7
0192:  BSF    0B.7
0193:  CLRF   2B
0194:  BTFSC  0B.7
0195:  BSF    2B.7
0196:  BCF    0B.7
....................        delay_ms(5); 
0197:  MOVLW  05
0198:  MOVWF  41
0199:  CALL   0B2
019A:  BTFSC  2B.7
019B:  BSF    0B.7
019C:  INCF   30,F
019D:  GOTO   186
019E:  CLRF   2B
019F:  BTFSC  0B.7
01A0:  BSF    2B.7
01A1:  BCF    0B.7
....................    } 
....................      
....................    lcd_send_nibble(2); 
01A2:  MOVLW  02
01A3:  MOVWF  48
01A4:  CALL   05C
01A5:  BTFSC  2B.7
01A6:  BSF    0B.7
....................    for(i=0;i<=3;++i) 
01A7:  CLRF   30
01A8:  MOVF   30,W
01A9:  SUBLW  03
01AA:  BTFSS  03.0
01AB:  GOTO   1BB
....................       lcd_send_byte(0,LCD_INIT_STRING[i]); 
01AC:  MOVF   30,W
01AD:  CALL   051
01AE:  MOVWF  31
01AF:  CLRF   2B
01B0:  BTFSC  0B.7
01B1:  BSF    2B.7
01B2:  BCF    0B.7
01B3:  CLRF   45
01B4:  MOVF   31,W
01B5:  MOVWF  46
01B6:  CALL   06D
01B7:  BTFSC  2B.7
01B8:  BSF    0B.7
01B9:  INCF   30,F
01BA:  GOTO   1A8
01BB:  BCF    0A.3
01BC:  BCF    0A.4
01BD:  GOTO   1D2 (RETURN)
.................... } 
....................  
.................... void lcd_gotoxy(BYTE x, BYTE y) 
.................... { 
....................    BYTE address; 
....................  
....................    if(y!=1) 
*
00DD:  DECFSZ 42,W
00DE:  GOTO   0E0
00DF:  GOTO   0E3
....................       address=LCD_LINE_TWO; 
00E0:  MOVLW  40
00E1:  MOVWF  43
00E2:  GOTO   0E4
....................    else 
....................       address=0; 
00E3:  CLRF   43
....................       
....................    address+=x-1; 
00E4:  MOVLW  01
00E5:  SUBWF  41,W
00E6:  ADDWF  43,F
....................    lcd_send_byte(0,0x80|address); 
00E7:  MOVF   43,W
00E8:  IORLW  80
00E9:  MOVWF  44
00EA:  CLRF   45
00EB:  MOVF   44,W
00EC:  MOVWF  46
00ED:  CALL   06D
.................... } 
....................  
.................... void lcd_putc(char c) 
.................... { 
....................    switch (c) 
*
00C6:  MOVF   40,W
00C7:  XORLW  0C
00C8:  BTFSC  03.2
00C9:  GOTO   0D1
00CA:  XORLW  06
00CB:  BTFSC  03.2
00CC:  GOTO   0D9
00CD:  XORLW  02
00CE:  BTFSC  03.2
00CF:  GOTO   0EF
00D0:  GOTO   0F4
....................    { 
....................       case '\f'   :  lcd_send_byte(0,1); 
00D1:  CLRF   45
00D2:  MOVLW  01
00D3:  MOVWF  46
00D4:  CALL   06D
....................                      delay_ms(2); 
00D5:  MOVLW  02
00D6:  MOVWF  41
00D7:  CALL   0B2
....................                      break; 
00D8:  GOTO   0F9
....................                       
....................       case '\n'   : lcd_gotoxy(1,2);        break; 
00D9:  MOVLW  01
00DA:  MOVWF  41
00DB:  MOVLW  02
00DC:  MOVWF  42
*
00EE:  GOTO   0F9
....................       
....................       case '\b'   : lcd_send_byte(0,0x10);  break; 
00EF:  CLRF   45
00F0:  MOVLW  10
00F1:  MOVWF  46
00F2:  CALL   06D
00F3:  GOTO   0F9
....................       
....................       default     : lcd_send_byte(1,c);     break; 
00F4:  MOVLW  01
00F5:  MOVWF  45
00F6:  MOVF   40,W
00F7:  MOVWF  46
00F8:  CALL   06D
....................    } 
00F9:  RETURN
.................... } 
....................   
.................... char lcd_getc(BYTE x, BYTE y) 
.................... { 
....................    char value; 
....................  
....................    lcd_gotoxy(x,y); 
....................    while ( bit_test(lcd_read_byte(),7) ); // wait until busy flag is low 
....................    lcd_output_rs(1); 
....................    value = lcd_read_byte(); 
....................    lcd_output_rs(0); 
....................     
....................    return(value); 
.................... } 
....................  
.................... #include <kbd4x4_b.c> 
.................... /////////////////////////////////////////////////////////////////////////// 
.................... ////                             KBD4x4_1.C                                //// 
.................... ////                  Generic keypad scan driver                       //// 
.................... ////                                                                   //// 
.................... ////  kbd_init()   Must be called before any other function.           //// 
.................... ////                                                                   //// 
.................... ////  c = kbd_getc(c)  Will return a key value if pressed or /0 if not //// 
.................... ////                   This function should be called frequently so as //// 
.................... ////                   not to miss a key press.                        //// 
.................... ////                                                                   //// 
.................... /////////////////////////////////////////////////////////////////////////// 
.................... ////        (C) Copyright 1996,2003 Custom Computer Services           //// 
.................... //// This source code may only be used by licensed users of the CCS C  //// 
.................... //// compiler.  This source code may only be distributed to other      //// 
.................... //// licensed users of the CCS C compiler.  No other use, reproduction //// 
.................... //// or distribution is permitted without written permission.          //// 
.................... //// Derivative programs created using this software in object code    //// 
.................... //// form are not restricted in any way.                               //// 
.................... /////////////////////////////////////////////////////////////////////////// 
....................  
.................... ////////////////// The following defines the keypad layout on port D 
....................  
.................... // Un-comment the following define to use port B 
.................... #define use_portb_kbd TRUE 
....................  
.................... // Make sure the port used has pull-up resistors (or the LCD) on 
.................... // the column pins 
....................  
....................  
.................... #if defined(__PCH__) 
.................... #if defined use_portb_kbd 
....................    #byte kbd = 0xF81                   // This puts the entire structure 
.................... #else 
....................    #byte kbd = 0xF83                   // This puts the entire structure 
.................... #endif 
.................... #else 
.................... #if defined use_portb_kbd 
....................    #byte kbd = 6                  // on to port B (at address 6) 
.................... #else 
....................    #byte kbd = 8                 // on to port D (at address 8) 
.................... #endif 
.................... #endif 
....................  
.................... #if defined use_portb_kbd 
....................    #define set_tris_kbd(x) set_tris_b(x) 
.................... #else 
....................    #define set_tris_kbd(x) set_tris_d(x) 
.................... #endif 
....................  
....................  
....................  
.................... //Keypad connection:   (for example column 0 is B2) 
.................... //                Bx: 
....................  
.................... #ifdef blue_keypad  ///////////////////////////////////// For the blue keypad 
.................... #define COL0 (1 << 2) 
.................... #define COL1 (1 << 3) 
.................... #define COL2 (1 << 6) 
....................  
.................... #define ROW0 (1 << 4) 
.................... #define ROW1 (1 << 7) 
.................... #define ROW2 (1 << 1) 
.................... #define ROW3 (1 << 5) 
....................  
.................... #else ////////////////////////////////////////////////// For the black keypad 
.................... #define COL0 (1 << 4) 
.................... #define COL1 (1 << 5) 
.................... #define COL2 (1 << 6) 
.................... #define COL3 (1 << 7) 
....................  
.................... #define ROW0 (1 << 0) 
.................... #define ROW1 (1 << 1) 
.................... #define ROW2 (1 << 2) 
.................... #define ROW3 (1 << 3) 
....................  
.................... #endif 
....................  
.................... #define ALL_ROWS (ROW0|ROW1|ROW2|ROW3) 
.................... #define ALL_PINS (ALL_ROWS|COL0|COL1|COL2|COL3) 
....................  
.................... // Keypad layout: 
.................... char const KEYS[4][4] = {{'7','8','9','/'}, 
....................                          {'4','5','6','*'}, 
....................                          {'1','2','3','-'}, 
....................                          {'C','0','=','+'}}; 
....................  
.................... #define KBD_DEBOUNCE_FACTOR 33    // Set this number to apx n/333 where 
....................                                   // n is the number of times you expect 
....................                                   // to call kbd_getc each second 
....................  
....................  
.................... void kbd_init() { 
*
01BE:  BCF    0A.3
01BF:  BCF    0A.4
01C0:  GOTO   1D3 (RETURN)
.................... } 
....................  
.................... char kbd_getc( ) { 
....................    static BYTE kbd_call_count; 
*
01CC:  BCF    03.5
01CD:  CLRF   2C
....................    static int1 kbd_down; 
01CE:  BCF    2D.0
....................    static char last_key; 
01CF:  CLRF   2E
....................    static BYTE col; 
01D0:  CLRF   2F
....................  
....................    BYTE kchar; 
....................    BYTE row; 
....................  
....................    kchar='\0'; 
....................    if(++kbd_call_count>KBD_DEBOUNCE_FACTOR) { 
....................        switch (col) { 
....................          case 0   : set_tris_kbd(ALL_PINS&~COL0); 
....................                     kbd=~COL0&ALL_PINS; 
....................                     break; 
....................          case 1   : set_tris_kbd(ALL_PINS&~COL1); 
....................                     kbd=~COL1&ALL_PINS; 
....................                     break; 
....................          case 2   : set_tris_kbd(ALL_PINS&~COL2); 
....................                     kbd=~COL2&ALL_PINS; 
....................                     break; 
....................          case 3   : set_tris_kbd(ALL_PINS&~COL3); 
....................                     kbd=~COL3&ALL_PINS; 
....................                     break; 
....................        } 
....................  
....................        if(kbd_down) { 
....................          if((kbd & (ALL_ROWS))==(ALL_ROWS)) { 
....................            kbd_down=FALSE; 
....................            kchar=last_key; 
....................            last_key='\0'; 
....................          } 
....................        } else { 
....................           if((kbd & (ALL_ROWS))!=(ALL_ROWS)) { 
....................              if((kbd & ROW0)==0) 
....................                row=0; 
....................              else if((kbd & ROW1)==0) 
....................                row=1; 
....................              else if((kbd & ROW2)==0) 
....................                row=2; 
....................              else if((kbd & ROW3)==0) 
....................                row=3; 
....................              last_key =KEYS[row][col]; 
....................              kbd_down = TRUE; 
....................           } else { 
....................              ++col; 
....................              if(col==4) 
....................                col=0; 
....................           } 
....................        } 
....................       kbd_call_count=0; 
....................    } 
....................   set_tris_kbd(ALL_PINS); 
....................   return(kchar); 
.................... } 
....................  
.................... #include <getNum16.c> 
.................... /* 
....................    ** Se requiere haber inicializado el lcd y el teclado **  
....................     
....................    Usar como "int16 numero = get_num();" no puede borrar numeros 
....................     
....................    Al usar como "int16 numero = get_num_lcd(cursor_x,cursor_y)" 
....................    se pueden borrar caracteres con '-' y con 'C' 
....................        
....................    Por Angel Primitivo Vejar Cortés 2022 | angel-primi@hotmail.com 
.................... */ 
....................  
.................... unsigned int32 pow(int8 base, int8 power){ 
....................    int32 result = 1; 
....................    for(int8 i = 0; i < power; i++){ 
....................       result *= base; 
....................    } 
....................    return result; 
.................... } 
....................  
.................... char read_key(){ 
....................    char c; 
....................    do{ 
....................       c=kbd_getc(); 
....................    } 
....................    while(c=='\0');  
....................    return(c); 
.................... } 
....................  
.................... int16 get_num_lcd(int8 x, int8 y){ 
....................    lcd_gotoxy(x,y); 
....................    int16 numero = 0; 
....................    char cadena[5] = {0,0,0,0,0}; 
....................    int8 index = 0; 
....................    char tecla; 
....................    do { 
....................       tecla = read_key(); 
....................       if((tecla >= 48) && (tecla <= 57))  
....................       { 
....................          cadena[index] = tecla; 
....................          index++; 
....................          printf(lcd_putc,"%c",tecla); 
....................       } 
....................        
....................       if(tecla == '-' && index > 0){ 
....................          index--; 
....................          cadena[index] = 0; 
....................          lcd_gotoxy(x + index,y); 
....................          printf(lcd_putc," "); 
....................          lcd_gotoxy(x + index,y); 
....................       } 
....................        
....................       if(tecla == 'C' && index > 0){ 
....................          index=0; 
....................          cadena[0] = 0; 
....................          cadena[1] = 0; 
....................          cadena[2] = 0; 
....................          cadena[3] = 0; 
....................          cadena[4] = 0; 
....................          lcd_gotoxy(x,y); 
....................          printf(lcd_putc,"     "); 
....................          lcd_gotoxy(x,y); 
....................       } 
....................        
....................       if(tecla == '=' && index > 0){ 
....................          break;      
....................       } 
....................    }while(index < 5); 
....................     
....................    for(int8 i = 0; i < index; i++){ 
....................       numero += (cadena[i] - 48) * (pow(10,index - 1 - i)); 
....................    }   
....................    return numero; 
.................... } 
....................  
.................... int16 get_num() { 
....................    int16 numero = 0; 
....................    char cadena[5] = {0,0,0,0,0}; 
....................    int8 index = 0; 
....................    char tecla; 
....................    do { 
....................       tecla = read_key(); 
....................       if((tecla >= 48) && (tecla <= 57))  
....................       { 
....................          cadena[index] = tecla; 
....................          index++; 
....................          printf(lcd_putc,"%c",tecla); 
....................       } 
....................        
....................       if(tecla == '=' && index > 0){ 
....................          break;      
....................       } 
....................    }while(index < 5); 
....................     
....................    for(int8 i = 0; i < index; i++){ 
....................       numero += (cadena[i] - 48) * (pow(10,index - 1 - i)); 
....................    }   
....................    return numero; 
.................... } 
....................  
....................  
.................... #USE STANDARD_IO(A) 
.................... #define LED PIN_A1 
....................  
.................... #INT_TIMER1 
.................... void desborde_timer_1() 
.................... { 
....................    printf(lcd_putc,"\fQue siempre si\nuwu"); 
*
0150:  MOVLW  5B
0151:  BSF    03.6
0152:  MOVWF  0D
0153:  MOVLW  01
0154:  MOVWF  0F
0155:  BCF    03.6
0156:  CALL   0FA
0157:  BCF    0C.0
0158:  BCF    0A.3
0159:  BCF    0A.4
015A:  GOTO   02D
.................... } 
....................  
....................  
.................... void main(){ 
*
01C1:  MOVF   03,W
01C2:  ANDLW  1F
01C3:  MOVWF  03
01C4:  BSF    03.5
01C5:  BSF    1F.0
01C6:  BSF    1F.1
01C7:  BSF    1F.2
01C8:  BCF    1F.3
01C9:  MOVLW  07
01CA:  MOVWF  1C
01CB:  BCF    03.7
....................    lcd_init(); //Inicializar pantalla 
*
01D1:  GOTO   170
....................    kbd_init(); 
01D2:  GOTO   1BE
....................     
....................    output_low(LED); 
01D3:  BSF    03.5
01D4:  BCF    05.1
01D5:  BCF    03.5
01D6:  BCF    05.1
....................     
....................    setup_timer_1(T1_EXTERNAL | T1_DIV_BY_1); 
01D7:  MOVLW  87
01D8:  MOVWF  10
....................    enable_interrupts(INT_TIMER1); 
01D9:  BSF    03.5
01DA:  BSF    0C.0
....................    enable_interrupts(GLOBAL); 
01DB:  MOVLW  C0
01DC:  BCF    03.5
01DD:  IORWF  0B,F
....................   
....................    set_timer1(65532); // 65536 + 1 
01DE:  CLRF   0E
01DF:  MOVLW  FF
01E0:  MOVWF  0F
01E1:  MOVLW  FC
01E2:  MOVWF  0E
....................  
....................  
....................    printf(lcd_putc,"\fSin nada \nque hacer"); 
01E3:  MOVLW  65
01E4:  BSF    03.6
01E5:  MOVWF  0D
01E6:  MOVLW  01
01E7:  MOVWF  0F
01E8:  BCF    03.6
01E9:  CLRF   2B
01EA:  BTFSC  0B.7
01EB:  BSF    2B.7
01EC:  BCF    0B.7
01ED:  CALL   0FA
01EE:  BTFSC  2B.7
01EF:  BSF    0B.7
....................    while(1){ 
01F0:  GOTO   1F0
....................  
....................    } // while 
.................... } 
01F1:  SLEEP

Configuration Fuses:
   Word  1: 3F32   HS NOWDT PUT NOBROWNOUT NOLVP NOCPD NOWRT NODEBUG NOPROTECT
