
ROM used:   893/8192 (11%)
            893/8192 (11%) including unused fragments

            0.7 Average locations per line
            4.8 Average locations per statement

RAM used:   27/368 (7%) at main() level
            60/368 (16%) worst case

Stack used: 7 worst case (6 in main + 1 for interrupts)
Stack size: 8

Lines Stmts  %   Files
----- ----- ---  -----
   50    18  10  Examen_UIII_Primeras.c
  671     0   0  ..\..\..\..\Escritorio\PICC\Devices\16F877a.h
  350    67  36  ..\..\..\..\Escritorio\PICC\Drivers\lcd_d.c
  150    43  23  ..\..\..\..\Escritorio\PICC\Drivers\kbd4x4_b.c
   99    58  31  ..\..\..\..\Escritorio\PICC\Drivers\getNum16.c
----- -----
 1320   186 Total

Page ROM  %  RAM   Vol Diff  Functions:
---- --- --- ---   --- ----  ----------
0     20   2    1             @delay_ms1
0      8   1    0    32  1.0  @const631
 Inline         3   587  6.0  lcd_read_byte
0      6   1    0    59  4.2  lcd_read_nibble
0     17   2    1   172  3.4  lcd_send_nibble
0     61   7    3   317  4.3  lcd_send_byte
0     48   5    2   624  5.8  lcd_init
0     18   2    4   186  5.5  lcd_gotoxy
0     36   4    1   272  4.1  lcd_putc
0     20   2    0             @const656
0      3   0    0     3  0.0  kbd_init
0    105  12    3  5853 10.1  kbd_getc
0      8   1    0             @goto10645
 Inline         6   155  5.0  pow
0     42   5   13    94  1.6  @MUL3232
 Inline         1    90  3.1  read_key
0    216  24    5  1660 12.1  get_num_lcd
0      3   0    0             @const688
0     86  10    4             @PSTRINGC7_649
0     14   2    0    32  1.0  timer1_isr
0     83   9    1   384  5.5  MAIN
0      8   1    0   358  5.4  @const704
0     10   1    0             @const705
 Inline         0             @cinit1

Program metrics:
    Functions               17
    Statements              186
    Comments                242
    Volume (V)              15598
    Difficulty (D)          79.4
    Effort to implement (E) 1238676
    Time to implement (T)   19 hours, 7 minutes
    Est Delivered Bugs (B)  4
    Cyclomatic Complexity   30
    Maintainability (MI)    75

 Segment     Used  Free
-----------  ----  ----
00000-00003     4  0  
00004-00050    77  0  
00051-007FF   812  1155  
00800-00FFF     0  2048  
01000-017FF     0  2048  
01800-01FFF     0  2048  



