
ROM used:   689/8192 (8%)
            689/8192 (8%) including unused fragments

            0.6 Average locations per line
            7.3 Average locations per statement

RAM used:   26/368 (7%) at main() level
            47/368 (13%) worst case

Stack used: 5 worst case (4 in main + 1 for interrupts)
Stack size: 8

Lines Stmts  %   Files
----- ----- ---  -----
   65    28  29  Examen_UIII.c
  708     0   0  ..\..\..\..\..\..\Program Files (x86)\PICC\Devices\16F877a.h
  350    67  71  ..\..\..\..\..\..\Program Files (x86)\PICC\Drivers\lcd_d.c
----- -----
 1123    95 Total

Page ROM  %  RAM    Vol Diff  Functions:
---- --- --- ---    --- ----  ----------
0     20   3    1             @delay_ms1
0      8   1    0             @const711
 Inline         3    587  6.0  lcd_read_byte
0      6   1    0     59  4.2  lcd_read_nibble
0     15   2    1    172  3.4  lcd_send_nibble
0     61   9    3    317  4.3  lcd_send_byte
0     48   7    2    624  5.8  lcd_init
 Inline         4    186  5.5  lcd_gotoxy
0     52   8    1    272  4.1  lcd_putc
0     73  11    2    513  3.8  rb_isr
0     13   2    0     88  1.7  ext_isr
0    105  15    0    207  3.0  MAIN
0     16   2    0             @const749
0     87  13    5             @PSTRINGCN7_728
0     99  14    9             @PRINTF_LU_728
 Inline         0             @cinit1

Program metrics:
    Functions               10
    Statements              95
    Comments                202
    Volume (V)              4827
    Difficulty (D)          40.3
    Effort to implement (E) 194758
    Time to implement (T)   3 hours, 0 minutes
    Est Delivered Bugs (B)  1
    Cyclomatic Complexity   12
    Maintainability (MI)    134

 Segment     Used  Free
-----------  ----  ----
00000-00003     4  0  
00004-00055    82  0  
00056-007FF   603  1359  
00800-00FFF     0  2048  
01000-017FF     0  2048  
01800-01FFF     0  2048  



