
ROM used:   1798/8192 (22%)
            1798/8192 (22%) including unused fragments

            1.3 Average locations per line
            7.6 Average locations per statement

RAM used:   24/368 (7%) at main() level
            59/368 (16%) worst case

Stack used: 7 worst case (6 in main + 1 for interrupts)
Stack size: 8

Lines Stmts  %   Files
----- ----- ---  -----
   78    26  11  Probar_pwm.c
  671     0   0  ..\..\..\..\Escritorio\PICC\Devices\16F877a.h
  456   100  42  ..\..\..\..\Escritorio\PICC\Drivers\lcd.c
  120    54  23  ..\..\..\..\Escritorio\PICC\Drivers\kbd_4x4_custom.c
   99    58  24  ..\..\..\..\Escritorio\PICC\Drivers\getNum16.c
----- -----
 1424   238 Total

Page ROM  %  RAM   Vol Diff  Functions:
---- --- --- ---   --- ----  ----------
0     20   1    1             @delay_ms1
 Inline         3   760  4.5  lcd_read_byte
0     49   3    2   262  3.7  lcd_read_nibble
0     48   3    1   399  2.4  lcd_send_nibble
0     94   5    3   415  3.7  lcd_send_byte
0     70   4    6   852  6.2  lcd_init
0     18   1    4   208  6.3  lcd_gotoxy
0     44   2    1   354  4.7  lcd_putc
0     20   1    0     3  0.0  @const657
0     27   2    0    67  1.2  kbd_init
0    150   8    1   786  4.8  read_row
0      8   0    0   155  5.0  @goto10700
 Inline         4   548  8.2  kbd_getc
 Inline         6   155  5.0  pow
0     42   2   13             @MUL3232
 Inline         1    90  3.1  read_key
 Inline         5  1660 12.1  get_num_lcd
0      3   0    0             @const693
0     86   5    4   160  3.1  @PSTRINGC7_645
0     21   1    0   160  3.1  desborde_timer_0
 Inline         8    91  2.7  actualizar_pwm
 Inline        13   151  2.1  @MULFF
 Inline        14    13  1.0  @DIVFF
 Inline         4    96  2.9  @SFTOI
0    770  43    4   151  2.1  pedir_porcentaje
0     10   1    0  1322  7.2  @const718
 Inline         2    13  1.0  @ITOF
0      8   0    0   204  2.3  @const722
0     87   5    5             @PSTRINGCN7_645
0     99   6    9             @PRINTF_LU_645
0     45   3    1   204  2.3  MAIN
 Inline         0             @cinit1

Program metrics:
    Functions               26
    Statements              238
    Comments                239
    Volume (V)              16040
    Difficulty (D)          103.0
    Effort to implement (E) 1652604
    Time to implement (T)   25 hours, 30 minutes
    Est Delivered Bugs (B)  5
    Cyclomatic Complexity   33
    Maintainability (MI)    51

 Segment     Used  Free
-----------  ----  ----
00000-00003     4  0  
00004-0004E    75  0  
0004F-007FF  1719  250  
00800-00FFF     0  2048  
01000-017FF     0  2048  
01800-01FFF     0  2048  



