CCS PCM C Compiler, Version 5.015, 5967               30-nov.-23 13:35

               Filename:   C:\Users\strop\OneDrive\Documentos\GitHub\Microcontroladores\Prueba_RPM\Probar_pwm.lst

               ROM used:   1798 words (22%)
                           Largest free fragment is 2048
               RAM used:   24 (7%) at main() level
                           59 (16%) worst case
               Stack used: 7 locations (6 in main + 1 for interrupts)
               Stack size: 8

*
0000:  MOVLW  06
0001:  MOVWF  0A
0002:  GOTO   6D9
0003:  NOP
0004:  MOVWF  7F
0005:  SWAPF  03,W
0006:  CLRF   03
0007:  MOVWF  21
0008:  MOVF   0A,W
0009:  MOVWF  20
000A:  CLRF   0A
000B:  MOVF   04,W
000C:  MOVWF  22
000D:  MOVF   77,W
000E:  MOVWF  23
000F:  MOVF   78,W
0010:  MOVWF  24
0011:  MOVF   79,W
0012:  MOVWF  25
0013:  MOVF   7A,W
0014:  MOVWF  26
0015:  BSF    03.6
0016:  MOVF   0D,W
0017:  BCF    03.6
0018:  MOVWF  27
0019:  BSF    03.6
001A:  MOVF   0F,W
001B:  BCF    03.6
001C:  MOVWF  28
001D:  BSF    03.6
001E:  MOVF   0C,W
001F:  BCF    03.6
0020:  MOVWF  29
0021:  BSF    03.6
0022:  MOVF   0E,W
0023:  BCF    03.6
0024:  MOVWF  2A
0025:  BCF    03.7
0026:  BCF    03.5
0027:  BTFSS  0B.5
0028:  GOTO   02B
0029:  BTFSC  0B.2
002A:  GOTO   04C
002B:  MOVF   22,W
002C:  MOVWF  04
002D:  MOVF   23,W
002E:  MOVWF  77
002F:  MOVF   24,W
0030:  MOVWF  78
0031:  MOVF   25,W
0032:  MOVWF  79
0033:  MOVF   26,W
0034:  MOVWF  7A
0035:  MOVF   27,W
0036:  BSF    03.6
0037:  MOVWF  0D
0038:  BCF    03.6
0039:  MOVF   28,W
003A:  BSF    03.6
003B:  MOVWF  0F
003C:  BCF    03.6
003D:  MOVF   29,W
003E:  BSF    03.6
003F:  MOVWF  0C
0040:  BCF    03.6
0041:  MOVF   2A,W
0042:  BSF    03.6
0043:  MOVWF  0E
0044:  BCF    03.6
0045:  MOVF   20,W
0046:  MOVWF  0A
0047:  SWAPF  21,W
0048:  MOVWF  03
0049:  SWAPF  7F,F
004A:  SWAPF  7F,W
004B:  RETFIE
004C:  BCF    0A.3
004D:  BCF    0A.4
004E:  GOTO   066
.................... #include <16F877a.h> 
.................... //////////// Standard Header file for the PIC16F877A device //////////////// 
.................... /////////////////////////////////////////////////////////////////////////// 
.................... ////        (C) Copyright 1996, 2013 Custom Computer Services          //// 
.................... //// This source code may only be used by licensed users of the CCS C  //// 
.................... //// compiler.  This source code may only be distributed to other      //// 
.................... //// licensed users of the CCS C compiler.  No other use, reproduction //// 
.................... //// or distribution is permitted without written permission.          //// 
.................... //// Derivative programs created using this software in object code    //// 
.................... //// form are not restricted in any way.                               //// 
.................... /////////////////////////////////////////////////////////////////////////// 
.................... #device PIC16F877A 
004F:  BCF    0A.0
0050:  BCF    0A.1
0051:  BCF    0A.2
0052:  ADDWF  02,F
0053:  RETLW  37
0054:  RETLW  38
0055:  RETLW  39
0056:  RETLW  2F
0057:  RETLW  34
0058:  RETLW  35
0059:  RETLW  36
005A:  RETLW  2A
005B:  RETLW  31
005C:  RETLW  32
005D:  RETLW  33
005E:  RETLW  2D
005F:  RETLW  43
0060:  RETLW  30
0061:  RETLW  3D
0062:  RETLW  2B
0063:  DATA 20,10
0064:  DATA 20,10
0065:  DATA 20,00
*
007B:  DATA 8C,24
007C:  DATA EE,33
007D:  DATA F2,32
007E:  DATA F3,32
007F:  DATA 20,38
0080:  DATA 6F,39
0081:  DATA E3,32
0082:  DATA 6E,3A
0083:  DATA 61,35
0084:  DATA 65,00
0085:  DATA 8C,21
0086:  DATA 41,1D
0087:  DATA 25,36
0088:  DATA 75,05
0089:  DATA 43,21
008A:  DATA BA,12
008B:  DATA EC,3A
008C:  DATA 00,00
*
01FF:  MOVF   0B,W
0200:  MOVWF  40
0201:  BCF    0B.7
0202:  BSF    03.5
0203:  BSF    03.6
0204:  BSF    0C.7
0205:  BSF    0C.0
0206:  NOP
0207:  NOP
0208:  BCF    03.5
0209:  BCF    03.6
020A:  BTFSC  40.7
020B:  BSF    0B.7
020C:  BSF    03.6
020D:  MOVF   0C,W
020E:  ANDLW  7F
020F:  BTFSC  03.2
0210:  GOTO   253
0211:  BCF    03.6
0212:  MOVWF  40
0213:  BSF    03.6
0214:  MOVF   0D,W
0215:  BCF    03.6
0216:  MOVWF  41
0217:  BSF    03.6
0218:  MOVF   0F,W
0219:  BCF    03.6
021A:  MOVWF  42
021B:  MOVF   40,W
021C:  MOVWF  43
021D:  CALL   1D3
021E:  MOVF   41,W
021F:  BSF    03.6
0220:  MOVWF  0D
0221:  BCF    03.6
0222:  MOVF   42,W
0223:  BSF    03.6
0224:  MOVWF  0F
0225:  BCF    03.6
0226:  MOVF   0B,W
0227:  MOVWF  43
0228:  BCF    0B.7
0229:  BSF    03.5
022A:  BSF    03.6
022B:  BSF    0C.7
022C:  BSF    0C.0
022D:  NOP
022E:  NOP
022F:  BCF    03.5
0230:  BCF    03.6
0231:  BTFSC  43.7
0232:  BSF    0B.7
0233:  BSF    03.6
0234:  RLF    0C,W
0235:  RLF    0E,W
0236:  ANDLW  7F
0237:  BTFSC  03.2
0238:  GOTO   253
0239:  BCF    03.6
023A:  MOVWF  40
023B:  BSF    03.6
023C:  MOVF   0D,W
023D:  BCF    03.6
023E:  MOVWF  41
023F:  BSF    03.6
0240:  MOVF   0F,W
0241:  BCF    03.6
0242:  MOVWF  42
0243:  MOVF   40,W
0244:  MOVWF  43
0245:  CALL   1D3
0246:  MOVF   41,W
0247:  BSF    03.6
0248:  MOVWF  0D
0249:  BCF    03.6
024A:  MOVF   42,W
024B:  BSF    03.6
024C:  MOVWF  0F
024D:  INCF   0D,F
024E:  BTFSC  03.2
024F:  INCF   0F,F
0250:  BCF    03.6
0251:  GOTO   1FF
0252:  BSF    03.6
0253:  BCF    03.6
0254:  RETURN
*
02EB:  BCF    0A.0
02EC:  BSF    0A.1
02ED:  BCF    0A.2
02EE:  ADDWF  02,F
02EF:  GOTO   25B
02F0:  GOTO   274
02F1:  GOTO   28D
02F2:  GOTO   2A6
02F3:  MOVLW  20
02F4:  MOVWF  55
02F5:  CLRF   51
02F6:  CLRF   52
02F7:  CLRF   53
02F8:  CLRF   54
02F9:  MOVF   4C,W
02FA:  MOVWF  7A
02FB:  MOVF   4B,W
02FC:  MOVWF  79
02FD:  MOVF   4A,W
02FE:  MOVWF  78
02FF:  MOVF   49,W
0300:  MOVWF  77
0301:  BCF    03.0
0302:  BTFSS  77.0
0303:  GOTO   312
0304:  MOVF   4D,W
0305:  ADDWF  51,F
0306:  MOVF   4E,W
0307:  BTFSC  03.0
0308:  INCFSZ 4E,W
0309:  ADDWF  52,F
030A:  MOVF   4F,W
030B:  BTFSC  03.0
030C:  INCFSZ 4F,W
030D:  ADDWF  53,F
030E:  MOVF   50,W
030F:  BTFSC  03.0
0310:  INCFSZ 50,W
0311:  ADDWF  54,F
0312:  RRF    54,F
0313:  RRF    53,F
0314:  RRF    52,F
0315:  RRF    51,F
0316:  RRF    7A,F
0317:  RRF    79,F
0318:  RRF    78,F
0319:  RRF    77,F
031A:  DECFSZ 55,F
031B:  GOTO   301
031C:  RETURN
031D:  MOVF   0B,W
031E:  MOVWF  35
031F:  BCF    0B.7
0320:  BSF    03.5
0321:  BSF    03.6
0322:  BSF    0C.7
0323:  BSF    0C.0
0324:  NOP
0325:  NOP
0326:  BCF    03.5
0327:  BCF    03.6
0328:  BTFSC  35.7
0329:  BSF    0B.7
032A:  BTFSC  03.0
032B:  GOTO   354
032C:  BSF    03.6
032D:  MOVF   0C,W
032E:  ANDLW  7F
032F:  BCF    03.6
0330:  MOVWF  35
0331:  BSF    03.6
0332:  MOVF   0D,W
0333:  BCF    03.6
0334:  MOVWF  36
0335:  BSF    03.6
0336:  MOVF   0F,W
0337:  BCF    03.6
0338:  MOVWF  37
0339:  MOVF   35,W
033A:  MOVWF  43
033B:  CALL   1D3
033C:  MOVF   36,W
033D:  BSF    03.6
033E:  MOVWF  0D
033F:  BCF    03.6
0340:  MOVF   37,W
0341:  BSF    03.6
0342:  MOVWF  0F
0343:  BCF    03.6
0344:  MOVF   0B,W
0345:  MOVWF  38
0346:  BCF    0B.7
0347:  BSF    03.5
0348:  BSF    03.6
0349:  BSF    0C.7
034A:  BSF    0C.0
034B:  NOP
034C:  NOP
034D:  BCF    03.5
034E:  BCF    03.6
034F:  BTFSC  38.7
0350:  BSF    0B.7
0351:  DECFSZ 34,F
0352:  GOTO   354
0353:  GOTO   373
0354:  BSF    03.6
0355:  RLF    0C,W
0356:  RLF    0E,W
0357:  ANDLW  7F
0358:  BCF    03.6
0359:  MOVWF  35
035A:  BSF    03.6
035B:  MOVF   0D,W
035C:  BCF    03.6
035D:  MOVWF  36
035E:  BSF    03.6
035F:  MOVF   0F,W
0360:  BCF    03.6
0361:  MOVWF  37
0362:  MOVF   35,W
0363:  MOVWF  43
0364:  CALL   1D3
0365:  MOVF   36,W
0366:  BSF    03.6
0367:  MOVWF  0D
0368:  BCF    03.6
0369:  MOVF   37,W
036A:  BSF    03.6
036B:  MOVWF  0F
036C:  INCF   0D,F
036D:  BTFSC  03.2
036E:  INCF   0F,F
036F:  BCF    03.0
0370:  BCF    03.6
0371:  DECFSZ 34,F
0372:  GOTO   31D
0373:  RETURN
0374:  CLRF   3C
0375:  MOVF   04,W
0376:  MOVWF  3B
0377:  BCF    3C.0
0378:  BTFSC  03.7
0379:  BSF    3C.0
037A:  SWAPF  35,W
037B:  IORLW  F0
037C:  MOVWF  37
037D:  ADDWF  37,F
037E:  ADDLW  E2
037F:  MOVWF  38
0380:  ADDLW  32
0381:  MOVWF  3A
0382:  MOVF   35,W
0383:  ANDLW  0F
0384:  ADDWF  38,F
0385:  ADDWF  38,F
0386:  ADDWF  3A,F
0387:  ADDLW  E9
0388:  MOVWF  39
0389:  ADDWF  39,F
038A:  ADDWF  39,F
038B:  SWAPF  34,W
038C:  ANDLW  0F
038D:  ADDWF  39,F
038E:  ADDWF  3A,F
038F:  RLF    39,F
0390:  RLF    3A,F
0391:  COMF   3A,F
0392:  RLF    3A,F
0393:  MOVF   34,W
0394:  ANDLW  0F
0395:  ADDWF  3A,F
0396:  RLF    37,F
0397:  MOVLW  07
0398:  MOVWF  36
0399:  MOVLW  0A
039A:  ADDWF  3A,F
039B:  DECF   39,F
039C:  BTFSS  03.0
039D:  GOTO   39A
039E:  ADDWF  39,F
039F:  DECF   38,F
03A0:  BTFSS  03.0
03A1:  GOTO   39E
03A2:  ADDWF  38,F
03A3:  DECF   37,F
03A4:  BTFSS  03.0
03A5:  GOTO   3A2
03A6:  ADDWF  37,F
03A7:  DECF   36,F
03A8:  BTFSS  03.0
03A9:  GOTO   3A6
03AA:  MOVLW  36
03AB:  MOVWF  04
03AC:  BCF    03.7
03AD:  MOVLW  07
03AE:  ANDWF  3B,W
03AF:  BCF    3B.6
03B0:  ADDWF  04,F
03B1:  MOVLW  3A
03B2:  SUBWF  04,W
03B3:  BTFSC  03.2
03B4:  BSF    3B.6
03B5:  MOVF   00,W
03B6:  MOVWF  77
03B7:  BTFSS  03.2
03B8:  GOTO   3C1
03B9:  BTFSC  3B.6
03BA:  GOTO   3C1
03BB:  BTFSC  3B.4
03BC:  GOTO   3D3
03BD:  BTFSC  3B.3
03BE:  GOTO   3C1
03BF:  MOVLW  20
03C0:  GOTO   3C4
03C1:  BSF    3B.3
03C2:  BCF    3B.4
03C3:  MOVLW  30
03C4:  ADDWF  77,F
03C5:  CLRF   35
03C6:  MOVF   04,W
03C7:  MOVWF  34
03C8:  BCF    35.0
03C9:  BTFSC  03.7
03CA:  BSF    35.0
03CB:  MOVF   77,W
03CC:  MOVWF  43
03CD:  CALL   1D3
03CE:  MOVF   34,W
03CF:  MOVWF  04
03D0:  BCF    03.7
03D1:  BTFSC  35.0
03D2:  BSF    03.7
03D3:  INCF   04,F
03D4:  BTFSS  3B.6
03D5:  GOTO   3B1
03D6:  RETURN
*
04F8:  MOVLW  8E
04F9:  MOVWF  77
04FA:  MOVF   35,W
04FB:  MOVWF  78
04FC:  MOVF   34,W
04FD:  MOVWF  79
04FE:  CLRF   7A
04FF:  MOVF   78,F
0500:  BTFSS  03.2
0501:  GOTO   50C
0502:  MOVF   79,W
0503:  MOVWF  78
0504:  CLRF   79
0505:  MOVLW  08
0506:  SUBWF  77,F
0507:  MOVF   78,F
0508:  BTFSS  03.2
0509:  GOTO   50C
050A:  CLRF   77
050B:  GOTO   514
050C:  BCF    03.0
050D:  BTFSC  78.7
050E:  GOTO   513
050F:  RLF    79,F
0510:  RLF    78,F
0511:  DECF   77,F
0512:  GOTO   50C
0513:  BCF    78.7
*
0531:  MOVF   3C,W
0532:  BTFSC  03.2
0533:  GOTO   5A1
0534:  MOVWF  44
0535:  MOVF   40,W
0536:  BTFSC  03.2
0537:  GOTO   5A1
0538:  ADDWF  44,F
0539:  BTFSC  03.0
053A:  GOTO   542
053B:  MOVLW  7F
053C:  SUBWF  44,F
053D:  BTFSS  03.0
053E:  GOTO   5A1
053F:  BTFSC  03.2
0540:  GOTO   5A1
0541:  GOTO   546
0542:  MOVLW  81
0543:  ADDWF  44,F
0544:  BTFSC  03.0
0545:  GOTO   5A1
0546:  MOVF   44,W
0547:  MOVWF  77
0548:  CLRF   78
0549:  CLRF   79
054A:  CLRF   7A
054B:  MOVF   3D,W
054C:  MOVWF  48
054D:  BSF    48.7
054E:  MOVF   3E,W
054F:  MOVWF  47
0550:  MOVF   3F,W
0551:  MOVWF  46
0552:  MOVLW  18
0553:  MOVWF  44
0554:  CLRF   45
0555:  BTFSS  46.0
0556:  GOTO   56F
0557:  MOVF   43,W
0558:  ADDWF  7A,F
0559:  BTFSS  03.0
055A:  GOTO   561
055B:  INCF   79,F
055C:  BTFSS  03.2
055D:  GOTO   561
055E:  INCF   78,F
055F:  BTFSC  03.2
0560:  BSF    45.7
0561:  MOVF   42,W
0562:  ADDWF  79,F
0563:  BTFSS  03.0
0564:  GOTO   568
0565:  INCF   78,F
0566:  BTFSC  03.2
0567:  BSF    45.7
0568:  MOVF   41,W
0569:  MOVWF  3E
056A:  BSF    3E.7
056B:  MOVF   3E,W
056C:  ADDWF  78,F
056D:  BTFSC  03.0
056E:  BSF    45.7
056F:  RLF    45,F
0570:  RRF    78,F
0571:  RRF    79,F
0572:  RRF    7A,F
0573:  RRF    48,F
0574:  RRF    47,F
0575:  RRF    46,F
0576:  BCF    03.0
0577:  DECFSZ 44,F
0578:  GOTO   554
0579:  MOVLW  01
057A:  ADDWF  77,F
057B:  BTFSC  03.0
057C:  GOTO   5A1
057D:  BTFSC  78.7
057E:  GOTO   586
057F:  RLF    48,F
0580:  RLF    7A,F
0581:  RLF    79,F
0582:  RLF    78,F
0583:  DECF   77,F
0584:  BTFSC  03.2
0585:  GOTO   5A1
0586:  BTFSS  48.7
0587:  GOTO   597
0588:  INCF   7A,F
0589:  BTFSS  03.2
058A:  GOTO   597
058B:  INCF   79,F
058C:  BTFSS  03.2
058D:  GOTO   597
058E:  INCF   78,F
058F:  BTFSS  03.2
0590:  GOTO   597
0591:  RRF    78,F
0592:  RRF    79,F
0593:  RRF    7A,F
0594:  INCF   77,F
0595:  BTFSC  03.2
0596:  GOTO   5A1
0597:  MOVF   3D,W
0598:  MOVWF  45
0599:  MOVF   41,W
059A:  XORWF  45,F
059B:  BTFSS  45.7
059C:  GOTO   59F
059D:  BSF    78.7
059E:  GOTO   5A5
059F:  BCF    78.7
05A0:  GOTO   5A5
05A1:  CLRF   77
05A2:  CLRF   78
05A3:  CLRF   79
05A4:  CLRF   7A
*
05BB:  MOVF   40,W
05BC:  BTFSC  03.2
05BD:  GOTO   680
05BE:  MOVWF  4C
05BF:  MOVF   44,W
05C0:  BTFSC  03.2
05C1:  GOTO   680
05C2:  SUBWF  4C,F
05C3:  BTFSS  03.0
05C4:  GOTO   5CA
05C5:  MOVLW  7F
05C6:  ADDWF  4C,F
05C7:  BTFSC  03.0
05C8:  GOTO   680
05C9:  GOTO   5D0
05CA:  MOVLW  81
05CB:  SUBWF  4C,F
05CC:  BTFSS  03.0
05CD:  GOTO   680
05CE:  BTFSC  03.2
05CF:  GOTO   680
05D0:  MOVF   4C,W
05D1:  MOVWF  77
05D2:  CLRF   78
05D3:  CLRF   79
05D4:  CLRF   7A
05D5:  CLRF   4B
05D6:  MOVF   41,W
05D7:  MOVWF  4A
05D8:  BSF    4A.7
05D9:  MOVF   42,W
05DA:  MOVWF  49
05DB:  MOVF   43,W
05DC:  MOVWF  48
05DD:  MOVLW  19
05DE:  MOVWF  4C
05DF:  MOVF   47,W
05E0:  SUBWF  48,F
05E1:  BTFSC  03.0
05E2:  GOTO   5F3
05E3:  MOVLW  01
05E4:  SUBWF  49,F
05E5:  BTFSC  03.0
05E6:  GOTO   5F3
05E7:  SUBWF  4A,F
05E8:  BTFSC  03.0
05E9:  GOTO   5F3
05EA:  SUBWF  4B,F
05EB:  BTFSC  03.0
05EC:  GOTO   5F3
05ED:  INCF   4B,F
05EE:  INCF   4A,F
05EF:  INCF   49,F
05F0:  MOVF   47,W
05F1:  ADDWF  48,F
05F2:  GOTO   625
05F3:  MOVF   46,W
05F4:  SUBWF  49,F
05F5:  BTFSC  03.0
05F6:  GOTO   60E
05F7:  MOVLW  01
05F8:  SUBWF  4A,F
05F9:  BTFSC  03.0
05FA:  GOTO   60E
05FB:  SUBWF  4B,F
05FC:  BTFSC  03.0
05FD:  GOTO   60E
05FE:  INCF   4B,F
05FF:  INCF   4A,F
0600:  MOVF   46,W
0601:  ADDWF  49,F
0602:  MOVF   47,W
0603:  ADDWF  48,F
0604:  BTFSS  03.0
0605:  GOTO   625
0606:  INCF   49,F
0607:  BTFSS  03.2
0608:  GOTO   625
0609:  INCF   4A,F
060A:  BTFSS  03.2
060B:  GOTO   625
060C:  INCF   4B,F
060D:  GOTO   625
060E:  MOVF   45,W
060F:  IORLW  80
0610:  SUBWF  4A,F
0611:  BTFSC  03.0
0612:  GOTO   624
0613:  MOVLW  01
0614:  SUBWF  4B,F
0615:  BTFSC  03.0
0616:  GOTO   624
0617:  INCF   4B,F
0618:  MOVF   45,W
0619:  IORLW  80
061A:  ADDWF  4A,F
061B:  MOVF   46,W
061C:  ADDWF  49,F
061D:  BTFSS  03.0
061E:  GOTO   602
061F:  INCF   4A,F
0620:  BTFSS  03.2
0621:  GOTO   602
0622:  INCF   4B,F
0623:  GOTO   602
0624:  BSF    7A.0
0625:  DECFSZ 4C,F
0626:  GOTO   628
0627:  GOTO   633
0628:  BCF    03.0
0629:  RLF    48,F
062A:  RLF    49,F
062B:  RLF    4A,F
062C:  RLF    4B,F
062D:  BCF    03.0
062E:  RLF    7A,F
062F:  RLF    79,F
0630:  RLF    78,F
0631:  RLF    4D,F
0632:  GOTO   5DF
0633:  BTFSS  4D.0
0634:  GOTO   63B
0635:  BCF    03.0
0636:  RRF    78,F
0637:  RRF    79,F
0638:  RRF    7A,F
0639:  RRF    4D,F
063A:  GOTO   63E
063B:  DECF   77,F
063C:  BTFSC  03.2
063D:  GOTO   680
063E:  BTFSC  4D.7
063F:  GOTO   667
0640:  BCF    03.0
0641:  RLF    48,F
0642:  RLF    49,F
0643:  RLF    4A,F
0644:  RLF    4B,F
0645:  MOVF   47,W
0646:  SUBWF  48,F
0647:  BTFSC  03.0
0648:  GOTO   653
0649:  MOVLW  01
064A:  SUBWF  49,F
064B:  BTFSC  03.0
064C:  GOTO   653
064D:  SUBWF  4A,F
064E:  BTFSC  03.0
064F:  GOTO   653
0650:  SUBWF  4B,F
0651:  BTFSS  03.0
0652:  GOTO   676
0653:  MOVF   46,W
0654:  SUBWF  49,F
0655:  BTFSC  03.0
0656:  GOTO   65E
0657:  MOVLW  01
0658:  SUBWF  4A,F
0659:  BTFSC  03.0
065A:  GOTO   65E
065B:  SUBWF  4B,F
065C:  BTFSS  03.0
065D:  GOTO   676
065E:  MOVF   45,W
065F:  IORLW  80
0660:  SUBWF  4A,F
0661:  BTFSC  03.0
0662:  GOTO   667
0663:  MOVLW  01
0664:  SUBWF  4B,F
0665:  BTFSS  03.0
0666:  GOTO   676
0667:  INCF   7A,F
0668:  BTFSS  03.2
0669:  GOTO   676
066A:  INCF   79,F
066B:  BTFSS  03.2
066C:  GOTO   676
066D:  INCF   78,F
066E:  BTFSS  03.2
066F:  GOTO   676
0670:  INCF   77,F
0671:  BTFSC  03.2
0672:  GOTO   680
0673:  RRF    78,F
0674:  RRF    79,F
0675:  RRF    7A,F
0676:  MOVF   41,W
0677:  MOVWF  4C
0678:  MOVF   45,W
0679:  XORWF  4C,F
067A:  BTFSS  4C.7
067B:  GOTO   67E
067C:  BSF    78.7
067D:  GOTO   684
067E:  BCF    78.7
067F:  GOTO   684
0680:  CLRF   77
0681:  CLRF   78
0682:  CLRF   79
0683:  CLRF   7A
*
068C:  MOVLW  8E
068D:  MOVWF  77
068E:  MOVF   3C,W
068F:  SUBWF  77,F
0690:  MOVF   3D,W
0691:  MOVWF  79
0692:  MOVF   3E,W
0693:  MOVWF  78
0694:  BSF    79.7
0695:  MOVF   77,F
0696:  BTFSC  03.2
0697:  GOTO   6A3
0698:  BCF    03.0
0699:  MOVF   79,F
069A:  BTFSS  03.2
069B:  GOTO   69F
069C:  MOVF   78,F
069D:  BTFSC  03.2
069E:  GOTO   6A3
069F:  RRF    79,F
06A0:  RRF    78,F
06A1:  DECFSZ 77,F
06A2:  GOTO   698
06A3:  BTFSS  3D.7
06A4:  GOTO   6AA
06A5:  COMF   78,F
06A6:  COMF   79,F
06A7:  INCF   78,F
06A8:  BTFSC  03.2
06A9:  INCF   79,F
....................  
.................... #list 
....................  
.................... #device ADC=10 
.................... #use delay(crystal=20Mhz) 
*
008D:  MOVLW  44
008E:  MOVWF  04
008F:  BCF    03.7
0090:  MOVF   00,W
0091:  BTFSC  03.2
0092:  GOTO   0A0
0093:  MOVLW  06
0094:  MOVWF  78
0095:  CLRF   77
0096:  DECFSZ 77,F
0097:  GOTO   096
0098:  DECFSZ 78,F
0099:  GOTO   095
009A:  MOVLW  7B
009B:  MOVWF  77
009C:  DECFSZ 77,F
009D:  GOTO   09C
009E:  DECFSZ 00,F
009F:  GOTO   093
00A0:  RETURN
.................... #FUSES NOWDT, NOBROWNOUT, NOLVP 
....................  
.................... #define LCD_ENABLE_PIN  PIN_A3                                    //// 
.................... #define LCD_RS_PIN      PIN_A5                                    //// 
.................... #define LCD_RW_PIN      PIN_A4                                    //// 
.................... #define LCD_DATA4       PIN_D4                                    //// 
.................... #define LCD_DATA5       PIN_D5                                    //// 
.................... #define LCD_DATA6       PIN_D6                                    //// 
.................... #define LCD_DATA7       PIN_D7  
.................... #include <lcd.c> 
.................... /////////////////////////////////////////////////////////////////////////////// 
.................... ////                             LCD.C                                     //// 
.................... ////                 Driver for common LCD modules                         //// 
.................... ////                                                                       //// 
.................... ////  lcd_init()   Must be called before any other function.               //// 
.................... ////                                                                       //// 
.................... ////  lcd_putc(c)  Will display c on the next position of the LCD.         //// 
.................... ////                 \a  Set cursor position to upper left                 //// 
.................... ////                 \f  Clear display, set cursor to upper left           //// 
.................... ////                 \n  Go to start of second line                        //// 
.................... ////                 \b  Move back one position                            //// 
.................... ////              If LCD_EXTENDED_NEWLINE is defined, the \n character     //// 
.................... ////              will erase all remanining characters on the current      //// 
.................... ////              line, and move the cursor to the beginning of the next   //// 
.................... ////              line.                                                    //// 
.................... ////              If LCD_EXTENDED_NEWLINE is defined, the \r character     //// 
.................... ////              will move the cursor to the start of the current         //// 
.................... ////              line.                                                    //// 
.................... ////                                                                       //// 
.................... ////  lcd_gotoxy(x,y) Set write position on LCD (upper left is 1,1)        //// 
.................... ////                                                                       //// 
.................... ////  lcd_getc(x,y)   Returns character at position x,y on LCD             //// 
.................... ////                                                                       //// 
.................... ////  lcd_cursor_on(int1 on)   Turn the cursor on (on=TRUE) or off         //// 
.................... ////              (on=FALSE).                                              //// 
.................... ////                                                                       //// 
.................... ////  lcd_set_cgram_char(w, *p)   Write a custom character to the CGRAM.   //// 
.................... ////                                                                       //// 
.................... ////                                                                       //// 
.................... ////  CONFIGURATION                                                        //// 
.................... ////  The LCD can be configured in one of two ways: a.) port access or     //// 
.................... ////  b.) pin access.  Port access requires the entire 7 bit interface     //// 
.................... ////  connected to one GPIO port, and the data bits (D4:D7 of the LCD)     //// 
.................... ////  connected to sequential pins on the GPIO.  Pin access                //// 
.................... ////  has no requirements, all 7 bits of the control interface can         //// 
.................... ////  can be connected to any GPIO using several ports.                    //// 
.................... ////                                                                       //// 
.................... ////  To use port access, #define LCD_DATA_PORT to the SFR location of     //// 
.................... ////  of the GPIO port that holds the interface, -AND- edit LCD_PIN_MAP    //// 
.................... ////  of this file to configure the pin order.  If you are using a         //// 
.................... ////  baseline PIC (PCB), then LCD_OUTPUT_MAP and LCD_INPUT_MAP also must  //// 
.................... ////  be defined.                                                          //// 
.................... ////                                                                       //// 
.................... ////  Example of port access:                                              //// 
.................... ////     #define LCD_DATA_PORT getenv("SFR:PORTD")                         //// 
.................... ////                                                                       //// 
.................... ////  To use pin access, the following pins must be defined:               //// 
.................... ////     LCD_ENABLE_PIN                                                    //// 
.................... ////     LCD_RS_PIN                                                        //// 
.................... ////     LCD_RW_PIN                                                        //// 
.................... ////     LCD_DATA4                                                         //// 
.................... ////     LCD_DATA5                                                         //// 
.................... ////     LCD_DATA6                                                         //// 
.................... ////     LCD_DATA7                                                         //// 
.................... ////                                                                       //// 
.................... ////  Example of pin access:                                               //// 
.................... ////     #define LCD_ENABLE_PIN  PIN_E0                                    //// 
.................... ////     #define LCD_RS_PIN      PIN_E1                                    //// 
.................... ////     #define LCD_RW_PIN      PIN_E2                                    //// 
.................... ////     #define LCD_DATA4       PIN_D4                                    //// 
.................... ////     #define LCD_DATA5       PIN_D5                                    //// 
.................... ////     #define LCD_DATA6       PIN_D6                                    //// 
.................... ////     #define LCD_DATA7       PIN_D7                                    //// 
.................... ////                                                                       //// 
.................... /////////////////////////////////////////////////////////////////////////////// 
.................... ////        (C) Copyright 1996,2010 Custom Computer Services           //// 
.................... //// This source code may only be used by licensed users of the CCS C  //// 
.................... //// compiler.  This source code may only be distributed to other      //// 
.................... //// licensed users of the CCS C compiler.  No other use, reproduction //// 
.................... //// or distribution is permitted without written permission.          //// 
.................... //// Derivative programs created using this software in object code    //// 
.................... //// form are not restricted in any way.                               //// 
.................... /////////////////////////////////////////////////////////////////////////// 
....................  
.................... #ifndef __LCD_C__ 
.................... #define __LCD_C__ 
....................  
.................... // define the pinout. 
.................... // only required if port access is being used. 
.................... typedef struct   
.................... {                            // This structure is overlayed 
....................    int1 enable;           // on to an I/O port to gain 
....................    int1 rs;               // access to the LCD pins. 
....................    int1 rw;               // The bits are allocated from 
....................    int1 unused;           // low order up.  ENABLE will 
....................    unsigned int     data : 4;         // be LSB pin of that port. 
....................   #if defined(__PCD__)       // The port used will be LCD_DATA_PORT. 
....................    unsigned int    reserved: 8; 
....................   #endif 
.................... } LCD_PIN_MAP; 
....................  
.................... // this is to improve compatability with previous LCD drivers that accepted 
.................... // a define labeled 'use_portb_lcd' that configured the LCD onto port B. 
.................... #if ((defined(use_portb_lcd)) && (use_portb_lcd==TRUE)) 
....................  #define LCD_DATA_PORT getenv("SFR:PORTB") 
.................... #endif 
....................  
.................... #if defined(__PCB__) 
....................    // these definitions only need to be modified for baseline PICs. 
....................    // all other PICs use LCD_PIN_MAP or individual LCD_xxx pin definitions. 
.................... /*                                    EN, RS,   RW,   UNUSED,  DATA  */ 
....................  const LCD_PIN_MAP LCD_OUTPUT_MAP =  {0,  0,    0,    0,       0}; 
....................  const LCD_PIN_MAP LCD_INPUT_MAP =   {0,  0,    0,    0,       0xF}; 
.................... #endif 
....................  
.................... ////////////////////// END CONFIGURATION /////////////////////////////////// 
....................  
.................... #ifndef LCD_ENABLE_PIN 
....................    #define lcd_output_enable(x) lcdlat.enable=x 
....................    #define lcd_enable_tris()   lcdtris.enable=0 
.................... #else 
....................    #define lcd_output_enable(x) output_bit(LCD_ENABLE_PIN, x) 
....................    #define lcd_enable_tris()  output_drive(LCD_ENABLE_PIN) 
.................... #endif 
....................  
.................... #ifndef LCD_RS_PIN 
....................    #define lcd_output_rs(x) lcdlat.rs=x 
....................    #define lcd_rs_tris()   lcdtris.rs=0 
.................... #else 
....................    #define lcd_output_rs(x) output_bit(LCD_RS_PIN, x) 
....................    #define lcd_rs_tris()  output_drive(LCD_RS_PIN) 
.................... #endif 
....................  
.................... #ifndef LCD_RW_PIN 
....................    #define lcd_output_rw(x) lcdlat.rw=x 
....................    #define lcd_rw_tris()   lcdtris.rw=0 
.................... #else 
....................    #define lcd_output_rw(x) output_bit(LCD_RW_PIN, x) 
....................    #define lcd_rw_tris()  output_drive(LCD_RW_PIN) 
.................... #endif 
....................  
.................... // original version of this library incorrectly labeled LCD_DATA0 as LCD_DATA4, 
.................... // LCD_DATA1 as LCD_DATA5, and so on.  this block of code makes the driver 
.................... // compatible with any code written for the original library 
.................... #if (defined(LCD_DATA0) && defined(LCD_DATA1) && defined(LCD_DATA2) && defined(LCD_DATA3) && !defined(LCD_DATA4) && !defined(LCD_DATA5) && !defined(LCD_DATA6) && !defined(LCD_DATA7)) 
....................    #define  LCD_DATA4    LCD_DATA0 
....................    #define  LCD_DATA5    LCD_DATA1 
....................    #define  LCD_DATA6    LCD_DATA2 
....................    #define  LCD_DATA7    LCD_DATA3 
.................... #endif 
....................  
.................... #ifndef LCD_DATA4 
.................... #ifndef LCD_DATA_PORT 
....................    #if defined(__PCB__) 
....................       #define LCD_DATA_PORT      0x06     //portb 
....................       #define set_tris_lcd(x)   set_tris_b(x) 
....................    #else 
....................      #if defined(PIN_D0) 
....................       #define LCD_DATA_PORT      getenv("SFR:PORTD")     //portd 
....................      #else 
....................       #define LCD_DATA_PORT      getenv("SFR:PORTB")     //portb 
....................      #endif 
....................    #endif    
.................... #endif 
....................  
.................... #if defined(__PCB__) 
....................    LCD_PIN_MAP lcd, lcdlat; 
....................    #byte lcd = LCD_DATA_PORT 
....................    #byte lcdlat = LCD_DATA_PORT 
.................... #elif defined(__PCM__) 
....................    LCD_PIN_MAP lcd, lcdlat, lcdtris; 
....................    #byte lcd = LCD_DATA_PORT 
....................    #byte lcdlat = LCD_DATA_PORT 
....................    #byte lcdtris = LCD_DATA_PORT+0x80 
.................... #elif defined(__PCH__) 
....................    LCD_PIN_MAP lcd, lcdlat, lcdtris; 
....................    #byte lcd = LCD_DATA_PORT 
....................    #byte lcdlat = LCD_DATA_PORT+9 
....................    #byte lcdtris = LCD_DATA_PORT+0x12 
.................... #elif defined(__PCD__) 
....................    LCD_PIN_MAP lcd, lcdlat, lcdtris; 
....................    #word lcd = LCD_DATA_PORT 
....................    #word lcdlat = LCD_DATA_PORT+2 
....................    #word lcdtris = LCD_DATA_PORT-0x02 
.................... #endif 
.................... #endif   //LCD_DATA4 not defined 
....................  
.................... #ifndef LCD_TYPE 
....................    #define LCD_TYPE 2           // 0=5x7, 1=5x10, 2=2 lines 
.................... #endif 
....................  
.................... #ifndef LCD_LINE_TWO 
....................    #define LCD_LINE_TWO 0x40    // LCD RAM address for the second line 
.................... #endif 
....................  
.................... #ifndef LCD_LINE_LENGTH 
....................    #define LCD_LINE_LENGTH 20 
.................... #endif 
....................  
.................... unsigned int8 lcd_read_nibble(void); 
....................  
.................... unsigned int8 lcd_read_byte(void) 
.................... { 
....................    unsigned int8 low,high; 
....................  
....................  #if defined(__PCB__) 
....................    set_tris_lcd(LCD_INPUT_MAP); 
....................  #else 
....................   #if (defined(LCD_DATA4) && defined(LCD_DATA5) && defined(LCD_DATA6) && defined(LCD_DATA7)) 
....................    output_float(LCD_DATA4); 
*
010A:  BSF    08.4
....................    output_float(LCD_DATA5); 
010B:  BSF    08.5
....................    output_float(LCD_DATA6); 
010C:  BSF    08.6
....................    output_float(LCD_DATA7); 
010D:  BSF    08.7
....................   #else 
....................    lcdtris.data = 0xF; 
....................   #endif 
....................  #endif 
....................          
....................    lcd_output_rw(1); 
010E:  BCF    03.5
010F:  BSF    05.4
0110:  BSF    03.5
0111:  BCF    05.4
....................    delay_cycles(1); 
0112:  NOP
....................    lcd_output_enable(1); 
0113:  BCF    03.5
0114:  BSF    05.3
0115:  BSF    03.5
0116:  BCF    05.3
....................    delay_cycles(1); 
0117:  NOP
....................    high = lcd_read_nibble(); 
0118:  BCF    03.5
0119:  CALL   0D1
011A:  MOVF   78,W
011B:  MOVWF  4B
....................        
....................    lcd_output_enable(0); 
011C:  BCF    05.3
011D:  BSF    03.5
011E:  BCF    05.3
....................    delay_cycles(1); 
011F:  NOP
....................    lcd_output_enable(1); 
0120:  BCF    03.5
0121:  BSF    05.3
0122:  BSF    03.5
0123:  BCF    05.3
....................    delay_us(1); 
0124:  GOTO   125
0125:  GOTO   126
0126:  NOP
....................    low = lcd_read_nibble(); 
0127:  BCF    03.5
0128:  CALL   0D1
0129:  MOVF   78,W
012A:  MOVWF  4A
....................        
....................    lcd_output_enable(0); 
012B:  BCF    05.3
012C:  BSF    03.5
012D:  BCF    05.3
....................  
....................  #if defined(__PCB__) 
....................    set_tris_lcd(LCD_OUTPUT_MAP); 
....................  #else 
....................   #if (defined(LCD_DATA4) && defined(LCD_DATA5) && defined(LCD_DATA6) && defined(LCD_DATA7)) 
....................    output_drive(LCD_DATA4); 
012E:  BCF    08.4
....................    output_drive(LCD_DATA5); 
012F:  BCF    08.5
....................    output_drive(LCD_DATA6); 
0130:  BCF    08.6
....................    output_drive(LCD_DATA7); 
0131:  BCF    08.7
....................   #else 
....................    lcdtris.data = 0x0; 
....................   #endif 
....................  #endif 
....................  
....................    return( (high<<4) | low); 
0132:  BCF    03.5
0133:  SWAPF  4B,W
0134:  MOVWF  77
0135:  MOVLW  F0
0136:  ANDWF  77,F
0137:  MOVF   77,W
0138:  IORWF  4A,W
0139:  MOVWF  78
.................... } 
....................  
.................... unsigned int8 lcd_read_nibble(void) 
.................... { 
....................   #if (defined(LCD_DATA4) && defined(LCD_DATA5) && defined(LCD_DATA6) && defined(LCD_DATA7)) 
*
00D1:  CLRF   4C
....................    unsigned int8 n = 0x00; 
....................  
....................    /* Read the data port */ 
....................    n |= input(LCD_DATA4); 
00D2:  BSF    03.5
00D3:  BSF    08.4
00D4:  MOVLW  00
00D5:  BCF    03.5
00D6:  BTFSC  08.4
00D7:  MOVLW  01
00D8:  IORWF  4C,F
....................    n |= input(LCD_DATA5) << 1; 
00D9:  BSF    03.5
00DA:  BSF    08.5
00DB:  MOVLW  00
00DC:  BCF    03.5
00DD:  BTFSC  08.5
00DE:  MOVLW  01
00DF:  MOVWF  77
00E0:  BCF    03.0
00E1:  RLF    77,F
00E2:  MOVF   77,W
00E3:  IORWF  4C,F
....................    n |= input(LCD_DATA6) << 2; 
00E4:  BSF    03.5
00E5:  BSF    08.6
00E6:  MOVLW  00
00E7:  BCF    03.5
00E8:  BTFSC  08.6
00E9:  MOVLW  01
00EA:  MOVWF  77
00EB:  RLF    77,F
00EC:  RLF    77,F
00ED:  MOVLW  FC
00EE:  ANDWF  77,F
00EF:  MOVF   77,W
00F0:  IORWF  4C,F
....................    n |= input(LCD_DATA7) << 3; 
00F1:  BSF    03.5
00F2:  BSF    08.7
00F3:  MOVLW  00
00F4:  BCF    03.5
00F5:  BTFSC  08.7
00F6:  MOVLW  01
00F7:  MOVWF  77
00F8:  RLF    77,F
00F9:  RLF    77,F
00FA:  RLF    77,F
00FB:  MOVLW  F8
00FC:  ANDWF  77,F
00FD:  MOVF   77,W
00FE:  IORWF  4C,F
....................     
....................    return(n); 
00FF:  MOVF   4C,W
0100:  MOVWF  78
....................   #else 
0101:  RETURN
....................    return(lcd.data); 
....................   #endif 
.................... } 
....................  
.................... void lcd_send_nibble(unsigned int8 n) 
.................... { 
....................   #if (defined(LCD_DATA4) && defined(LCD_DATA5) && defined(LCD_DATA6) && defined(LCD_DATA7)) 
....................    /* Write to the data port */ 
....................    output_bit(LCD_DATA4, bit_test(n, 0)); 
*
00A1:  BTFSC  4B.0
00A2:  GOTO   0A5
00A3:  BCF    08.4
00A4:  GOTO   0A6
00A5:  BSF    08.4
00A6:  BSF    03.5
00A7:  BCF    08.4
....................    output_bit(LCD_DATA5, bit_test(n, 1)); 
00A8:  BCF    03.5
00A9:  BTFSC  4B.1
00AA:  GOTO   0AD
00AB:  BCF    08.5
00AC:  GOTO   0AE
00AD:  BSF    08.5
00AE:  BSF    03.5
00AF:  BCF    08.5
....................    output_bit(LCD_DATA6, bit_test(n, 2)); 
00B0:  BCF    03.5
00B1:  BTFSC  4B.2
00B2:  GOTO   0B5
00B3:  BCF    08.6
00B4:  GOTO   0B6
00B5:  BSF    08.6
00B6:  BSF    03.5
00B7:  BCF    08.6
....................    output_bit(LCD_DATA7, bit_test(n, 3)); 
00B8:  BCF    03.5
00B9:  BTFSC  4B.3
00BA:  GOTO   0BD
00BB:  BCF    08.7
00BC:  GOTO   0BE
00BD:  BSF    08.7
00BE:  BSF    03.5
00BF:  BCF    08.7
....................   #else       
....................    lcdlat.data = n; 
....................   #endif 
....................        
....................    delay_cycles(1); 
00C0:  NOP
....................    lcd_output_enable(1); 
00C1:  BCF    03.5
00C2:  BSF    05.3
00C3:  BSF    03.5
00C4:  BCF    05.3
....................    delay_us(2); 
00C5:  MOVLW  02
00C6:  MOVWF  77
00C7:  DECFSZ 77,F
00C8:  GOTO   0C7
00C9:  GOTO   0CA
00CA:  NOP
....................    lcd_output_enable(0); 
00CB:  BCF    03.5
00CC:  BCF    05.3
00CD:  BSF    03.5
00CE:  BCF    05.3
00CF:  BCF    03.5
00D0:  RETURN
.................... } 
....................  
.................... void lcd_send_byte(unsigned int8 address, unsigned int8 n) 
.................... { 
....................   #if defined(__PCB__) 
....................    set_tris_lcd(LCD_OUTPUT_MAP); 
....................   #else 
....................    lcd_enable_tris(); 
*
0102:  BSF    03.5
0103:  BCF    05.3
....................    lcd_rs_tris(); 
0104:  BCF    05.5
....................    lcd_rw_tris(); 
0105:  BCF    05.4
....................   #endif 
....................  
....................    lcd_output_rs(0); 
0106:  BCF    03.5
0107:  BCF    05.5
0108:  BSF    03.5
0109:  BCF    05.5
....................    while ( bit_test(lcd_read_byte(),7) ) ; 
*
013A:  MOVF   78,W
013B:  MOVWF  4A
013C:  BTFSS  4A.7
013D:  GOTO   140
013E:  BSF    03.5
013F:  GOTO   10A
....................    lcd_output_rs(address); 
0140:  MOVF   48,F
0141:  BTFSS  03.2
0142:  GOTO   145
0143:  BCF    05.5
0144:  GOTO   146
0145:  BSF    05.5
0146:  BSF    03.5
0147:  BCF    05.5
....................    delay_cycles(1); 
0148:  NOP
....................    lcd_output_rw(0); 
0149:  BCF    03.5
014A:  BCF    05.4
014B:  BSF    03.5
014C:  BCF    05.4
....................    delay_cycles(1); 
014D:  NOP
....................    lcd_output_enable(0); 
014E:  BCF    03.5
014F:  BCF    05.3
0150:  BSF    03.5
0151:  BCF    05.3
....................    lcd_send_nibble(n >> 4); 
0152:  BCF    03.5
0153:  SWAPF  49,W
0154:  MOVWF  4A
0155:  MOVLW  0F
0156:  ANDWF  4A,F
0157:  MOVF   4A,W
0158:  MOVWF  4B
0159:  CALL   0A1
....................    lcd_send_nibble(n & 0xf); 
015A:  MOVF   49,W
015B:  ANDLW  0F
015C:  MOVWF  4A
015D:  MOVWF  4B
015E:  CALL   0A1
015F:  RETURN
.................... } 
....................  
.................... #if defined(LCD_EXTENDED_NEWLINE) 
.................... unsigned int8 g_LcdX, g_LcdY; 
.................... #endif 
....................  
.................... void lcd_init(void)  
.................... { 
....................    unsigned int8 i; 
....................    unsigned int8 LCD_INIT_STRING[4] = {0x20 | (LCD_TYPE << 2), 0xc, 1, 6}; 
0160:  MOVLW  28
0161:  MOVWF  33
0162:  MOVLW  0C
0163:  MOVWF  34
0164:  MOVLW  01
0165:  MOVWF  35
0166:  MOVLW  06
0167:  MOVWF  36
....................                              // These bytes need to be sent to the LCD 
....................                              // to start it up. 
....................     
....................  
....................    lcd_output_enable(0); 
0168:  BCF    05.3
0169:  BSF    03.5
016A:  BCF    05.3
....................    lcd_output_rs(0); 
016B:  BCF    03.5
016C:  BCF    05.5
016D:  BSF    03.5
016E:  BCF    05.5
....................    lcd_output_rw(0); 
016F:  BCF    03.5
0170:  BCF    05.4
0171:  BSF    03.5
0172:  BCF    05.4
....................  
....................  #if defined(__PCB__) 
....................    set_tris_lcd(LCD_OUTPUT_MAP); 
....................  #else 
....................   #if (defined(LCD_DATA4) && defined(LCD_DATA5) && defined(LCD_DATA6) && defined(LCD_DATA7)) 
....................    output_drive(LCD_DATA4); 
0173:  BCF    08.4
....................    output_drive(LCD_DATA5); 
0174:  BCF    08.5
....................    output_drive(LCD_DATA6); 
0175:  BCF    08.6
....................    output_drive(LCD_DATA7); 
0176:  BCF    08.7
....................   #else 
....................    lcdtris.data = 0x0; 
....................   #endif 
....................    lcd_enable_tris(); 
0177:  BCF    05.3
....................    lcd_rs_tris(); 
0178:  BCF    05.5
....................    lcd_rw_tris(); 
0179:  BCF    05.4
....................  #endif 
....................      
....................    delay_ms(15); 
017A:  MOVLW  0F
017B:  BCF    03.5
017C:  MOVWF  44
017D:  CALL   08D
....................    for(i=1;i<=3;++i) 
017E:  MOVLW  01
017F:  MOVWF  32
0180:  MOVF   32,W
0181:  SUBLW  03
0182:  BTFSS  03.0
0183:  GOTO   18C
....................    { 
....................        lcd_send_nibble(3); 
0184:  MOVLW  03
0185:  MOVWF  4B
0186:  CALL   0A1
....................        delay_ms(5); 
0187:  MOVLW  05
0188:  MOVWF  44
0189:  CALL   08D
018A:  INCF   32,F
018B:  GOTO   180
....................    } 
....................     
....................    lcd_send_nibble(2); 
018C:  MOVLW  02
018D:  MOVWF  4B
018E:  CALL   0A1
....................    delay_ms(5); 
018F:  MOVLW  05
0190:  MOVWF  44
0191:  CALL   08D
....................    for(i=0;i<=3;++i) 
0192:  CLRF   32
0193:  MOVF   32,W
0194:  SUBLW  03
0195:  BTFSS  03.0
0196:  GOTO   1A3
....................       lcd_send_byte(0,LCD_INIT_STRING[i]); 
0197:  MOVLW  33
0198:  ADDWF  32,W
0199:  MOVWF  04
019A:  BCF    03.7
019B:  MOVF   00,W
019C:  MOVWF  37
019D:  CLRF   48
019E:  MOVF   37,W
019F:  MOVWF  49
01A0:  CALL   102
....................  
....................   #if defined(LCD_EXTENDED_NEWLINE) 
01A1:  INCF   32,F
01A2:  GOTO   193
01A3:  BCF    0A.3
01A4:  BCF    0A.4
01A5:  GOTO   6EB (RETURN)
....................    g_LcdX = 0; 
....................    g_LcdY = 0; 
....................   #endif 
.................... } 
....................  
.................... void lcd_gotoxy(unsigned int8 x, unsigned int8 y) 
.................... { 
....................    unsigned int8 address; 
....................     
....................    if(y!=1) 
*
01C1:  DECFSZ 45,W
01C2:  GOTO   1C4
01C3:  GOTO   1C7
....................       address=LCD_LINE_TWO; 
01C4:  MOVLW  40
01C5:  MOVWF  46
01C6:  GOTO   1C8
....................    else 
....................       address=0; 
01C7:  CLRF   46
....................       
....................    address+=x-1; 
01C8:  MOVLW  01
01C9:  SUBWF  44,W
01CA:  ADDWF  46,F
....................    lcd_send_byte(0,0x80|address); 
01CB:  MOVF   46,W
01CC:  IORLW  80
01CD:  MOVWF  47
01CE:  CLRF   48
01CF:  MOVF   47,W
01D0:  MOVWF  49
01D1:  CALL   102
....................  
....................   #if defined(LCD_EXTENDED_NEWLINE) 
01D2:  RETURN
....................    g_LcdX = x - 1; 
....................    g_LcdY = y - 1; 
....................   #endif 
.................... } 
....................  
.................... void lcd_putc(char c) 
.................... { 
....................    switch (c) 
01D3:  MOVF   43,W
01D4:  XORLW  07
01D5:  BTFSC  03.2
01D6:  GOTO   1E1
01D7:  XORLW  0B
01D8:  BTFSC  03.2
01D9:  GOTO   1E6
01DA:  XORLW  06
01DB:  BTFSC  03.2
01DC:  GOTO   1EE
01DD:  XORLW  02
01DE:  BTFSC  03.2
01DF:  GOTO   1F4
01E0:  GOTO   1F9
....................    { 
....................       case '\a'   :  lcd_gotoxy(1,1);     break; 
01E1:  MOVLW  01
01E2:  MOVWF  44
01E3:  MOVWF  45
01E4:  CALL   1C1
01E5:  GOTO   1FE
....................  
....................       case '\f'   :  lcd_send_byte(0,1); 
01E6:  CLRF   48
01E7:  MOVLW  01
01E8:  MOVWF  49
01E9:  CALL   102
....................                      delay_ms(2); 
01EA:  MOVLW  02
01EB:  MOVWF  44
01EC:  CALL   08D
....................                     #if defined(LCD_EXTENDED_NEWLINE) 
....................                      g_LcdX = 0; 
....................                      g_LcdY = 0; 
....................                     #endif 
....................                      break; 
01ED:  GOTO   1FE
....................  
....................      #if defined(LCD_EXTENDED_NEWLINE) 
....................       case '\r'   :  lcd_gotoxy(1, g_LcdY+1);   break; 
....................       case '\n'   : 
....................          while (g_LcdX++ < LCD_LINE_LENGTH) 
....................          { 
....................             lcd_send_byte(1, ' '); 
....................          } 
....................          lcd_gotoxy(1, g_LcdY+2); 
....................          break; 
....................      #else 
....................       case '\n'   : lcd_gotoxy(1,2);        break; 
01EE:  MOVLW  01
01EF:  MOVWF  44
01F0:  MOVLW  02
01F1:  MOVWF  45
01F2:  CALL   1C1
01F3:  GOTO   1FE
....................      #endif 
....................       
....................       case '\b'   : lcd_send_byte(0,0x10);  break; 
01F4:  CLRF   48
01F5:  MOVLW  10
01F6:  MOVWF  49
01F7:  CALL   102
01F8:  GOTO   1FE
....................       
....................      #if defined(LCD_EXTENDED_NEWLINE) 
....................       default     :  
....................          if (g_LcdX < LCD_LINE_LENGTH) 
....................          { 
....................             lcd_send_byte(1, c); 
....................             g_LcdX++; 
....................          } 
....................          break; 
....................      #else 
....................       default     : lcd_send_byte(1,c);     break; 
01F9:  MOVLW  01
01FA:  MOVWF  48
01FB:  MOVF   43,W
01FC:  MOVWF  49
01FD:  CALL   102
....................      #endif 
....................    } 
01FE:  RETURN
.................... } 
....................   
.................... char lcd_getc(unsigned int8 x, unsigned int8 y) 
.................... { 
....................    char value; 
....................  
....................    lcd_gotoxy(x,y); 
....................    while ( bit_test(lcd_read_byte(),7) ); // wait until busy flag is low 
....................    lcd_output_rs(1); 
....................    value = lcd_read_byte(); 
....................    lcd_output_rs(0); 
....................     
....................    return(value); 
.................... } 
....................  
.................... // write a custom character to the ram 
.................... // which is 0-7 and specifies which character array we are modifying. 
.................... // ptr points to an array of 8 bytes, where each byte is the next row of 
.................... //    pixels.  only bits 0-4 are used.  the last row is the cursor row, and 
.................... //    usually you will want to leave this byte 0x00. 
.................... void lcd_set_cgram_char(unsigned int8 which, unsigned int8 *ptr) 
.................... { 
....................    unsigned int i; 
....................  
....................    which <<= 3; 
....................    which &= 0x38; 
....................  
....................    lcd_send_byte(0, 0x40 | which);  //set cgram address 
....................  
....................    for(i=0; i<8; i++) 
....................    { 
....................       lcd_send_byte(1, *ptr++); 
....................    } 
....................    
....................    #if defined(LCD_EXTENDED_NEWLINE) 
....................     lcd_gotoxy(g_LcdX+1, g_LcdY+1);  //set ddram address 
....................    #endif 
.................... } 
....................  
.................... void lcd_cursor_on(int1 on) 
.................... { 
....................    if (on) 
....................    { 
....................       lcd_send_byte(0,0x0F);           //turn LCD cursor ON 
....................    } 
....................    else 
....................    { 
....................       lcd_send_byte(0,0x0C);           //turn LCD cursor OFF 
....................    } 
.................... } 
....................  
.................... #endif 
....................  
.................... #define KBD_A PIN_C0 
.................... #define KBD_B PIN_C1 
.................... #define KBD_C PIN_C2 
.................... #define KBD_D PIN_C3 
.................... #define KBD_1 PIN_C4 
.................... #define KBD_2 PIN_C5 
.................... #define KBD_3 PIN_C6 
.................... #define KBD_4 PIN_C7 
.................... #include <kbd_4x4_custom.c> //Librería teclado 4x4 puerto B 
.................... // Es requerido cada pin como KBD_A 
.................... // Cada tecla A,B,C y D son salidas 
.................... // Cada tecla 1,2,3 y 4 son entradas 
....................  
.................... #define KBD_DEBOUNCE_FACTOR 20 
....................  
.................... #ifndef KBD_A 
....................    #define KBD_A PIN_B0 
.................... #endif 
....................  
.................... #ifndef KBD_B 
....................    #define KBD_B PIN_B1 
.................... #endif 
....................  
.................... #ifndef KBD_C 
....................    #define KBD_C PIN_B2 
.................... #endif 
....................  
.................... #ifndef KBD_D 
....................    #define KBD_D PIN_B3 
.................... #endif 
....................  
.................... #ifndef KBD_1 
....................    #define KBD_1 PIN_B4 
.................... #endif 
....................  
.................... #ifndef KBD_2 
....................    #define KBD_2 PIN_B5 
.................... #endif 
....................  
.................... #ifndef KBD_3 
....................    #define KBD_3 PIN_B6 
.................... #endif 
....................  
.................... #ifndef KBD_4 
....................    #define KBD_4 PIN_B7 
.................... #endif 
....................  
.................... // Teclas distribuídas físicamente 
.................... char const KEYS[4][4] = {{'7','8','9','/'}, 
....................                          {'4','5','6','*'}, 
....................                          {'1','2','3','-'}, 
....................                          {'C','0','=','+'}}; 
....................  
.................... void kbd_init() { 
....................    output_high(KBD_A); 
*
01A6:  BCF    2B.0
01A7:  MOVF   2B,W
01A8:  BSF    03.5
01A9:  MOVWF  07
01AA:  BCF    03.5
01AB:  BSF    07.0
....................    output_high(KBD_B); 
01AC:  BCF    2B.1
01AD:  MOVF   2B,W
01AE:  BSF    03.5
01AF:  MOVWF  07
01B0:  BCF    03.5
01B1:  BSF    07.1
....................    output_high(KBD_C); 
01B2:  BCF    2B.2
01B3:  MOVF   2B,W
01B4:  BSF    03.5
01B5:  MOVWF  07
01B6:  BCF    03.5
01B7:  BSF    07.2
....................    output_high(KBD_D); 
01B8:  BCF    2B.3
01B9:  MOVF   2B,W
01BA:  BSF    03.5
01BB:  MOVWF  07
01BC:  BCF    03.5
01BD:  BSF    07.3
01BE:  BCF    0A.3
01BF:  BCF    0A.4
01C0:  GOTO   6EC (RETURN)
.................... } 
....................  
.................... int read_row(int col){   
....................    switch(col){ 
*
0255:  MOVF   44,W
0256:  ADDLW  FC
0257:  BTFSC  03.0
0258:  GOTO   2BE
0259:  ADDLW  04
025A:  GOTO   2EB
....................       case 0: 
....................          output_low(KBD_A); 
025B:  BCF    2B.0
025C:  MOVF   2B,W
025D:  BSF    03.5
025E:  MOVWF  07
025F:  BCF    03.5
0260:  BCF    07.0
....................          output_high(KBD_B); 
0261:  BCF    2B.1
0262:  MOVF   2B,W
0263:  BSF    03.5
0264:  MOVWF  07
0265:  BCF    03.5
0266:  BSF    07.1
....................          output_high(KBD_C); 
0267:  BCF    2B.2
0268:  MOVF   2B,W
0269:  BSF    03.5
026A:  MOVWF  07
026B:  BCF    03.5
026C:  BSF    07.2
....................          output_high(KBD_D); 
026D:  BCF    2B.3
026E:  MOVF   2B,W
026F:  BSF    03.5
0270:  MOVWF  07
0271:  BCF    03.5
0272:  BSF    07.3
....................       break; 
0273:  GOTO   2BE
....................       case 1: 
....................          output_high(KBD_A); 
0274:  BCF    2B.0
0275:  MOVF   2B,W
0276:  BSF    03.5
0277:  MOVWF  07
0278:  BCF    03.5
0279:  BSF    07.0
....................          output_low(KBD_B); 
027A:  BCF    2B.1
027B:  MOVF   2B,W
027C:  BSF    03.5
027D:  MOVWF  07
027E:  BCF    03.5
027F:  BCF    07.1
....................          output_high(KBD_C); 
0280:  BCF    2B.2
0281:  MOVF   2B,W
0282:  BSF    03.5
0283:  MOVWF  07
0284:  BCF    03.5
0285:  BSF    07.2
....................          output_high(KBD_D); 
0286:  BCF    2B.3
0287:  MOVF   2B,W
0288:  BSF    03.5
0289:  MOVWF  07
028A:  BCF    03.5
028B:  BSF    07.3
....................       break; 
028C:  GOTO   2BE
....................       case 2: 
....................          output_high(KBD_A); 
028D:  BCF    2B.0
028E:  MOVF   2B,W
028F:  BSF    03.5
0290:  MOVWF  07
0291:  BCF    03.5
0292:  BSF    07.0
....................          output_high(KBD_B); 
0293:  BCF    2B.1
0294:  MOVF   2B,W
0295:  BSF    03.5
0296:  MOVWF  07
0297:  BCF    03.5
0298:  BSF    07.1
....................          output_low(KBD_C); 
0299:  BCF    2B.2
029A:  MOVF   2B,W
029B:  BSF    03.5
029C:  MOVWF  07
029D:  BCF    03.5
029E:  BCF    07.2
....................          output_high(KBD_D); 
029F:  BCF    2B.3
02A0:  MOVF   2B,W
02A1:  BSF    03.5
02A2:  MOVWF  07
02A3:  BCF    03.5
02A4:  BSF    07.3
....................       break; 
02A5:  GOTO   2BE
....................       case 3: 
....................          output_high(KBD_A); 
02A6:  BCF    2B.0
02A7:  MOVF   2B,W
02A8:  BSF    03.5
02A9:  MOVWF  07
02AA:  BCF    03.5
02AB:  BSF    07.0
....................          output_high(KBD_B); 
02AC:  BCF    2B.1
02AD:  MOVF   2B,W
02AE:  BSF    03.5
02AF:  MOVWF  07
02B0:  BCF    03.5
02B1:  BSF    07.1
....................          output_high(KBD_C); 
02B2:  BCF    2B.2
02B3:  MOVF   2B,W
02B4:  BSF    03.5
02B5:  MOVWF  07
02B6:  BCF    03.5
02B7:  BSF    07.2
....................          output_low(KBD_D); 
02B8:  BCF    2B.3
02B9:  MOVF   2B,W
02BA:  BSF    03.5
02BB:  MOVWF  07
02BC:  BCF    03.5
02BD:  BCF    07.3
....................       break; 
....................    } 
....................    if(!input(KBD_1))return 0; 
02BE:  BSF    2B.4
02BF:  MOVF   2B,W
02C0:  BSF    03.5
02C1:  MOVWF  07
02C2:  BCF    03.5
02C3:  BTFSC  07.4
02C4:  GOTO   2C8
02C5:  MOVLW  00
02C6:  MOVWF  78
02C7:  GOTO   2E8
....................    if(!input(KBD_2))return 1; 
02C8:  BSF    2B.5
02C9:  MOVF   2B,W
02CA:  BSF    03.5
02CB:  MOVWF  07
02CC:  BCF    03.5
02CD:  BTFSC  07.5
02CE:  GOTO   2D2
02CF:  MOVLW  01
02D0:  MOVWF  78
02D1:  GOTO   2E8
....................    if(!input(KBD_3))return 2; 
02D2:  BSF    2B.6
02D3:  MOVF   2B,W
02D4:  BSF    03.5
02D5:  MOVWF  07
02D6:  BCF    03.5
02D7:  BTFSC  07.6
02D8:  GOTO   2DC
02D9:  MOVLW  02
02DA:  MOVWF  78
02DB:  GOTO   2E8
....................    if(!input(KBD_4))return 3; 
02DC:  BSF    2B.7
02DD:  MOVF   2B,W
02DE:  BSF    03.5
02DF:  MOVWF  07
02E0:  BCF    03.5
02E1:  BTFSC  07.7
02E2:  GOTO   2E6
02E3:  MOVLW  03
02E4:  MOVWF  78
02E5:  GOTO   2E8
....................    return 69; 
02E6:  MOVLW  45
02E7:  MOVWF  78
02E8:  BCF    0A.3
02E9:  BCF    0A.4
02EA:  GOTO   3FD (RETURN)
.................... } 
....................  
....................  
....................  
.................... char kbd_getc( ) { 
*
03EF:  BCF    41.0
....................    static byte kbd_call_count; 
*
06E8:  BCF    03.5
06E9:  CLRF   2C
....................    static int1 kbd_down=FALSE; 
....................    int1 pressed_flag=0; 
....................    int row, i; 
....................    if(++kbd_call_count>KBD_DEBOUNCE_FACTOR) { 
*
03F0:  INCF   2C,F
03F1:  MOVF   2C,W
03F2:  SUBLW  14
03F3:  BTFSC  03.0
03F4:  GOTO   427
....................       for(i=0; i<4; i++){ 
03F5:  CLRF   43
03F6:  MOVF   43,W
03F7:  SUBLW  03
03F8:  BTFSS  03.0
03F9:  GOTO   424
....................          row = read_row(i); 
03FA:  MOVF   43,W
03FB:  MOVWF  44
03FC:  GOTO   255
03FD:  MOVF   78,W
03FE:  MOVWF  42
....................          pressed_flag |= row != 69; 
03FF:  MOVF   42,W
0400:  SUBLW  45
0401:  BTFSS  03.2
0402:  GOTO   405
0403:  MOVLW  00
0404:  GOTO   406
0405:  MOVLW  01
0406:  MOVWF  44
0407:  MOVLW  00
0408:  BTFSC  41.0
0409:  MOVLW  01
040A:  IORWF  44,W
040B:  MOVWF  78
040C:  BCF    41.0
040D:  BTFSC  78.0
040E:  BSF    41.0
....................           
....................          if(!kbd_down && row != 69){ // pressed and was not pressed 
040F:  BTFSC  2D.0
0410:  GOTO   422
0411:  MOVF   42,W
0412:  SUBLW  45
0413:  BTFSC  03.2
0414:  GOTO   422
....................             kbd_down=TRUE; 
0415:  BSF    2D.0
....................             kbd_call_count=0; 
0416:  CLRF   2C
....................             return KEYS[i][row]; 
0417:  RLF    43,W
0418:  MOVWF  77
0419:  RLF    77,F
041A:  MOVLW  FC
041B:  ANDWF  77,F
041C:  MOVF   77,W
041D:  ADDWF  42,W
041E:  CALL   04F
041F:  MOVWF  78
0420:  MOVWF  78
0421:  GOTO   429
....................          } 
0422:  INCF   43,F
0423:  GOTO   3F6
....................       } 
....................        
....................       if(!pressed_flag){ // not pressed 
0424:  BTFSS  41.0
....................          kbd_down=FALSE; 
0425:  BCF    2D.0
....................       } 
....................       kbd_call_count=0; 
0426:  CLRF   2C
....................    } 
....................    return '\0'; 
0427:  MOVLW  00
0428:  MOVWF  78
.................... } 
....................  
.................... char kbd_waitc(){ 
....................    char c; 
....................    do{ 
....................       c = kbd_getc(); 
....................    }while(c=='\0'); 
....................    return c; 
.................... } 
....................  
.................... #include <getNum16.c> 
.................... /* 
....................    ** Se requiere haber inicializado el lcd y el teclado **  
....................     
....................    Usar como "int16 numero = get_num();" no puede borrar numeros 
....................     
....................    Al usar como "int16 numero = get_num_lcd(cursor_x,cursor_y)" 
....................    se pueden borrar caracteres con '-' y con 'C' 
....................        
....................    Por Angel Primitivo Vejar Cortés 2022 | angel-primi@hotmail.com 
.................... */ 
....................  
.................... unsigned int32 pow(int8 base, int8 power){ 
*
04A1:  CLRF   47
04A2:  CLRF   46
04A3:  CLRF   45
04A4:  MOVLW  01
04A5:  MOVWF  44
....................    int32 result = 1; 
....................    for(int8 i = 0; i < power; i++){ 
04A6:  CLRF   48
04A7:  MOVF   43,W
04A8:  SUBWF  48,W
04A9:  BTFSC  03.0
04AA:  GOTO   4C3
....................       result *= base; 
04AB:  MOVF   47,W
04AC:  MOVWF  4C
04AD:  MOVF   46,W
04AE:  MOVWF  4B
04AF:  MOVF   45,W
04B0:  MOVWF  4A
04B1:  MOVF   44,W
04B2:  MOVWF  49
04B3:  CLRF   50
04B4:  CLRF   4F
04B5:  CLRF   4E
04B6:  MOVF   42,W
04B7:  MOVWF  4D
04B8:  CALL   2F3
04B9:  MOVF   7A,W
04BA:  MOVWF  47
04BB:  MOVF   79,W
04BC:  MOVWF  46
04BD:  MOVF   78,W
04BE:  MOVWF  45
04BF:  MOVF   77,W
04C0:  MOVWF  44
04C1:  INCF   48,F
04C2:  GOTO   4A7
....................    } 
....................    return result; 
04C3:  MOVF   44,W
04C4:  MOVWF  77
04C5:  MOVF   45,W
04C6:  MOVWF  78
04C7:  MOVF   46,W
04C8:  MOVWF  79
04C9:  MOVF   47,W
04CA:  MOVWF  7A
.................... } 
....................  
.................... char read_key(){ 
....................    char c; 
....................    do{ 
....................       c=kbd_getc(); 
*
0429:  MOVF   78,W
042A:  MOVWF  40
....................    } 
....................    while(c=='\0');  
042B:  MOVF   40,F
042C:  BTFSC  03.2
042D:  GOTO   3EF
....................    return(c); 
042E:  MOVF   40,W
042F:  MOVWF  78
.................... } 
....................  
.................... int16 get_num_lcd(int8 x, int8 y){ 
....................    lcd_gotoxy(x,y); 
*
03E2:  MOVF   34,W
03E3:  MOVWF  44
03E4:  MOVF   35,W
03E5:  MOVWF  45
03E6:  CALL   1C1
....................    int16 numero = 0; 
....................    char cadena[5] = {0,0,0,0,0}; 
*
03E9:  CLRF   38
03EA:  CLRF   39
03EB:  CLRF   3A
03EC:  CLRF   3B
03ED:  CLRF   3C
....................    int8 index = 0; 
....................    char tecla; 
*
03E7:  CLRF   37
03E8:  CLRF   36
*
03EE:  CLRF   3D
....................    do { 
....................       tecla = read_key(); 
*
0430:  MOVF   78,W
0431:  MOVWF  3E
....................       if((tecla >= 48) && (tecla <= 57))  
0432:  MOVF   3E,W
0433:  SUBLW  2F
0434:  BTFSC  03.0
0435:  GOTO   444
0436:  MOVF   3E,W
0437:  SUBLW  39
0438:  BTFSS  03.0
0439:  GOTO   444
....................       { 
....................          cadena[index] = tecla; 
043A:  MOVLW  38
043B:  ADDWF  3D,W
043C:  MOVWF  04
043D:  BCF    03.7
043E:  MOVF   3E,W
043F:  MOVWF  00
....................          index++; 
0440:  INCF   3D,F
....................          printf(lcd_putc,"%c",tecla); 
0441:  MOVF   3E,W
0442:  MOVWF  43
0443:  CALL   1D3
....................       } 
....................        
....................       if(tecla == '-' && index > 0){ 
0444:  MOVF   3E,W
0445:  SUBLW  2D
0446:  BTFSS  03.2
0447:  GOTO   462
0448:  MOVF   3D,F
0449:  BTFSC  03.2
044A:  GOTO   462
....................          index--; 
044B:  DECF   3D,F
....................          cadena[index] = 0; 
044C:  MOVLW  38
044D:  ADDWF  3D,W
044E:  MOVWF  04
044F:  BCF    03.7
0450:  CLRF   00
....................          lcd_gotoxy(x + index,y); 
0451:  MOVF   3D,W
0452:  ADDWF  34,W
0453:  MOVWF  40
0454:  MOVWF  44
0455:  MOVF   35,W
0456:  MOVWF  45
0457:  CALL   1C1
....................          printf(lcd_putc," "); 
0458:  MOVLW  20
0459:  MOVWF  43
045A:  CALL   1D3
....................          lcd_gotoxy(x + index,y); 
045B:  MOVF   3D,W
045C:  ADDWF  34,W
045D:  MOVWF  40
045E:  MOVWF  44
045F:  MOVF   35,W
0460:  MOVWF  45
0461:  CALL   1C1
....................       } 
....................        
....................       if(tecla == 'C' && index > 0){ 
0462:  MOVF   3E,W
0463:  SUBLW  43
0464:  BTFSS  03.2
0465:  GOTO   480
0466:  MOVF   3D,F
0467:  BTFSC  03.2
0468:  GOTO   480
....................          index=0; 
0469:  CLRF   3D
....................          cadena[0] = 0; 
046A:  CLRF   38
....................          cadena[1] = 0; 
046B:  CLRF   39
....................          cadena[2] = 0; 
046C:  CLRF   3A
....................          cadena[3] = 0; 
046D:  CLRF   3B
....................          cadena[4] = 0; 
046E:  CLRF   3C
....................          lcd_gotoxy(x,y); 
046F:  MOVF   34,W
0470:  MOVWF  44
0471:  MOVF   35,W
0472:  MOVWF  45
0473:  CALL   1C1
....................          printf(lcd_putc,"     "); 
0474:  MOVLW  63
0475:  BSF    03.6
0476:  MOVWF  0D
0477:  MOVLW  00
0478:  MOVWF  0F
0479:  BCF    03.6
047A:  CALL   1FF
....................          lcd_gotoxy(x,y); 
047B:  MOVF   34,W
047C:  MOVWF  44
047D:  MOVF   35,W
047E:  MOVWF  45
047F:  CALL   1C1
....................       } 
....................        
....................       if(tecla == '=' && index > 0){ 
0480:  MOVF   3E,W
0481:  SUBLW  3D
0482:  BTFSS  03.2
0483:  GOTO   487
0484:  MOVF   3D,F
0485:  BTFSS  03.2
....................          break;      
0486:  GOTO   48B
....................       } 
....................    }while(index < 5); 
0487:  MOVF   3D,W
0488:  SUBLW  04
0489:  BTFSC  03.0
048A:  GOTO   3EF
....................     
....................    for(int8 i = 0; i < index; i++){ 
048B:  CLRF   3F
048C:  MOVF   3D,W
048D:  SUBWF  3F,W
048E:  BTFSC  03.0
048F:  GOTO   4EC
....................       numero += (cadena[i] - 48) * (pow(10,index - 1 - i)); 
0490:  MOVLW  38
0491:  ADDWF  3F,W
0492:  MOVWF  04
0493:  BCF    03.7
0494:  MOVLW  30
0495:  SUBWF  00,W
0496:  MOVWF  40
0497:  MOVLW  01
0498:  SUBWF  3D,W
0499:  MOVWF  78
049A:  MOVF   3F,W
049B:  SUBWF  78,W
049C:  MOVWF  41
049D:  MOVLW  0A
049E:  MOVWF  42
049F:  MOVF   41,W
04A0:  MOVWF  43
*
04CB:  CLRF   42
04CC:  MOVF   04,W
04CD:  MOVWF  41
04CE:  BCF    42.0
04CF:  BTFSC  03.7
04D0:  BSF    42.0
04D1:  CLRF   4C
04D2:  CLRF   4B
04D3:  CLRF   4A
04D4:  MOVF   40,W
04D5:  MOVWF  49
04D6:  MOVF   7A,W
04D7:  MOVWF  50
04D8:  MOVF   79,W
04D9:  MOVWF  4F
04DA:  MOVF   78,W
04DB:  MOVWF  4E
04DC:  MOVF   77,W
04DD:  MOVWF  4D
04DE:  CALL   2F3
04DF:  MOVF   41,W
04E0:  MOVWF  04
04E1:  BCF    03.7
04E2:  BTFSC  42.0
04E3:  BSF    03.7
04E4:  MOVF   77,W
04E5:  ADDWF  36,F
04E6:  MOVF   78,W
04E7:  BTFSC  03.0
04E8:  INCFSZ 78,W
04E9:  ADDWF  37,F
04EA:  INCF   3F,F
04EB:  GOTO   48C
....................    }   
....................    return numero; 
04EC:  MOVF   36,W
04ED:  MOVWF  78
04EE:  MOVF   37,W
04EF:  MOVWF  79
.................... } 
....................  
.................... int16 get_num() { 
....................    int16 numero = 0; 
....................    char cadena[5] = {0,0,0,0,0}; 
....................    int8 index = 0; 
....................    char tecla; 
....................    do { 
....................       tecla = read_key(); 
....................       if((tecla >= 48) && (tecla <= 57))  
....................       { 
....................          cadena[index] = tecla; 
....................          index++; 
....................          printf(lcd_putc,"%c",tecla); 
....................       } 
....................        
....................       if(tecla == '=' && index > 0){ 
....................          break;      
....................       } 
....................    }while(index < 5); 
....................     
....................    for(int8 i = 0; i < index; i++){ 
....................       numero += (cadena[i] - 48) * (pow(10,index - 1 - i)); 
....................    }   
....................    return numero; 
.................... } 
....................  
....................  
.................... #USE STANDARD_IO(A) 
.................... #define LED PIN_A1 
....................  
.................... int16 carga_alto, carga_bajo; 
....................  
.................... #INT_TIMER0 
.................... void desborde_timer_0() 
.................... { 
....................    static short es_alto = 0; 
....................    if(es_alto){ 
*
0066:  BTFSS  2D.1
0067:  GOTO   06F
....................       set_timer0(carga_alto); 
0068:  MOVF   2E,W
0069:  MOVWF  01
....................       output_high(LED); 
006A:  BSF    03.5
006B:  BCF    05.1
006C:  BCF    03.5
006D:  BSF    05.1
....................    }else{ 
006E:  GOTO   075
....................       set_timer0(carga_bajo); 
006F:  MOVF   30,W
0070:  MOVWF  01
....................       output_low(LED); 
0071:  BSF    03.5
0072:  BCF    05.1
0073:  BCF    03.5
0074:  BCF    05.1
....................    } 
....................    es_alto = !es_alto; 
0075:  MOVLW  02
0076:  XORWF  2D,F
0077:  BCF    0B.2
0078:  BCF    0A.3
0079:  BCF    0A.4
007A:  GOTO   02B
.................... } 
....................  
.................... void actualizar_pwm(float porcentaje){ 
....................    carga_bajo = (int) (256.0 * porcentaje / 100.0); 
*
0524:  CLRF   3F
0525:  CLRF   3E
0526:  CLRF   3D
0527:  MOVLW  87
0528:  MOVWF  3C
0529:  MOVF   3B,W
052A:  MOVWF  43
052B:  MOVF   3A,W
052C:  MOVWF  42
052D:  MOVF   39,W
052E:  MOVWF  41
052F:  MOVF   38,W
0530:  MOVWF  40
*
05A5:  MOVF   7A,W
05A6:  MOVWF  3F
05A7:  MOVF   79,W
05A8:  MOVWF  3E
05A9:  MOVF   78,W
05AA:  MOVWF  3D
05AB:  MOVF   77,W
05AC:  MOVWF  3C
05AD:  MOVF   3F,W
05AE:  MOVWF  43
05AF:  MOVF   3E,W
05B0:  MOVWF  42
05B1:  MOVF   3D,W
05B2:  MOVWF  41
05B3:  MOVF   3C,W
05B4:  MOVWF  40
05B5:  CLRF   47
05B6:  CLRF   46
05B7:  MOVLW  48
05B8:  MOVWF  45
05B9:  MOVLW  85
05BA:  MOVWF  44
*
0684:  MOVF   7A,W
0685:  MOVWF  3F
0686:  MOVF   79,W
0687:  MOVWF  3E
0688:  MOVF   78,W
0689:  MOVWF  3D
068A:  MOVF   77,W
068B:  MOVWF  3C
*
06AA:  CLRF   31
06AB:  MOVF   78,W
06AC:  MOVWF  30
....................    carga_alto = 256 - carga_bajo; 
06AD:  MOVF   30,W
06AE:  SUBLW  00
06AF:  MOVWF  2E
06B0:  MOVLW  01
06B1:  MOVWF  2F
06B2:  MOVF   31,W
06B3:  BTFSS  03.0
06B4:  INCFSZ 31,W
06B5:  SUBWF  2F,F
.................... } 
....................  
.................... void pedir_porcentaje(){ 
....................    printf(lcd_putc,"\fIngrese porcentaje"); 
*
03D7:  MOVLW  7B
03D8:  BSF    03.6
03D9:  MOVWF  0D
03DA:  MOVLW  00
03DB:  MOVWF  0F
03DC:  BCF    03.6
03DD:  CALL   1FF
....................    int16 porcentaje = get_num_lcd(1,2); 
03DE:  MOVLW  01
03DF:  MOVWF  34
03E0:  MOVLW  02
03E1:  MOVWF  35
*
04F0:  MOVF   79,W
04F1:  MOVWF  33
04F2:  MOVF   78,W
04F3:  MOVWF  32
....................     
....................    actualizar_pwm((float)porcentaje); 
04F4:  MOVF   33,W
04F5:  MOVWF  35
04F6:  MOVF   32,W
04F7:  MOVWF  34
*
0514:  MOVF   7A,W
0515:  MOVWF  37
0516:  MOVF   79,W
0517:  MOVWF  36
0518:  MOVF   78,W
0519:  MOVWF  35
051A:  MOVF   77,W
051B:  MOVWF  34
051C:  MOVF   37,W
051D:  MOVWF  3B
051E:  MOVF   36,W
051F:  MOVWF  3A
0520:  MOVF   35,W
0521:  MOVWF  39
0522:  MOVF   34,W
0523:  MOVWF  38
....................    printf(lcd_putc,"\fCA:%lu\nCB:%lu",carga_alto,carga_bajo); 
*
06B6:  MOVLW  85
06B7:  BSF    03.6
06B8:  MOVWF  0D
06B9:  MOVLW  00
06BA:  MOVWF  0F
06BB:  BCF    03.0
06BC:  MOVLW  04
06BD:  BCF    03.6
06BE:  MOVWF  34
06BF:  CALL   31D
06C0:  MOVLW  10
06C1:  MOVWF  04
06C2:  MOVF   2F,W
06C3:  MOVWF  35
06C4:  MOVF   2E,W
06C5:  MOVWF  34
06C6:  CALL   374
06C7:  MOVLW  88
06C8:  BSF    03.6
06C9:  MOVWF  0D
06CA:  MOVLW  00
06CB:  MOVWF  0F
06CC:  BSF    03.0
06CD:  MOVLW  04
06CE:  BCF    03.6
06CF:  MOVWF  34
06D0:  CALL   31D
06D1:  MOVLW  10
06D2:  MOVWF  04
06D3:  MOVF   31,W
06D4:  MOVWF  35
06D5:  MOVF   30,W
06D6:  MOVWF  34
06D7:  CALL   374
06D8:  RETURN
.................... } 
....................  
.................... void main(){ 
06D9:  MOVF   03,W
06DA:  ANDLW  1F
06DB:  MOVWF  03
06DC:  MOVLW  FF
06DD:  MOVWF  2B
06DE:  BCF    2D.0
06DF:  BCF    2D.1
06E0:  BSF    03.5
06E1:  BSF    1F.0
06E2:  BSF    1F.1
06E3:  BSF    1F.2
06E4:  BCF    1F.3
06E5:  MOVLW  07
06E6:  MOVWF  1C
06E7:  BCF    03.7
....................    lcd_init(); //Inicializar pantalla 
*
06EA:  GOTO   160
....................    kbd_init(); 
06EB:  GOTO   1A6
....................     
....................    setup_timer_0(RTCC_INTERNAL | RTCC_DIV_256); 
06EC:  BSF    03.5
06ED:  MOVF   01,W
06EE:  ANDLW  C0
06EF:  IORLW  07
06F0:  MOVWF  01
....................     
....................     
....................    pedir_porcentaje(); 
06F1:  BCF    03.5
06F2:  CALL   3D7
....................   
....................    output_low(LED);   
06F3:  BSF    03.5
06F4:  BCF    05.1
06F5:  BCF    03.5
06F6:  BCF    05.1
....................    set_timer0(carga_bajo); 
06F7:  MOVF   30,W
06F8:  MOVWF  01
....................     
....................     
....................    enable_interrupts(INT_TIMER0); 
06F9:  BSF    0B.5
....................    enable_interrupts(GLOBAL); 
06FA:  MOVLW  C0
06FB:  IORWF  0B,F
....................   
....................    while(1){ 
....................       pedir_porcentaje(); 
06FC:  CALL   3D7
....................       delay_ms(2000); 
06FD:  MOVLW  08
06FE:  MOVWF  32
06FF:  MOVLW  FA
0700:  MOVWF  44
0701:  CALL   08D
0702:  DECFSZ 32,F
0703:  GOTO   6FF
0704:  GOTO   6FC
....................    } // while 
.................... } 
0705:  SLEEP

Configuration Fuses:
   Word  1: 3F32   HS NOWDT PUT NOBROWNOUT NOLVP NOCPD NOWRT NODEBUG NOPROTECT
