
ROM used:   542/8192 (7%)
            542/8192 (7%) including unused fragments

            0.4 Average locations per line
            2.6 Average locations per statement

RAM used:   11/368 (3%) at main() level
            37/368 (10%) worst case

Stack used: 5 worst case (5 in main + 0 for interrupts)
Stack size: 8

Lines Stmts  %   Files
----- ----- ---  -----
   70    44  21  Unidad4_master.c
  671     0   0  ..\..\..\..\..\Escritorio\PICC\Devices\16F877a.h
  350    67  32  ..\..\..\..\..\Escritorio\PICC\Drivers\lcd_d.c
  150    43  20  ..\..\..\..\..\Escritorio\PICC\Drivers\kbd4x4_b.c
   99    58  27  ..\..\..\..\..\Escritorio\PICC\Drivers\getNum16.c
----- -----
 1340   212 Total

Page ROM  %  RAM   Vol Diff  Functions:
---- --- --- ---   --- ----  ----------
0     20   4    1             @delay_ms1
0      8   1    0             @const634
 Inline         3   587  6.0  lcd_read_byte
0      6   1    0    59  4.2  lcd_read_nibble
0     17   3    1   172  3.4  lcd_send_nibble
0     61  11    3   317  4.3  lcd_send_byte
0     48   9    2   624  5.8  lcd_init
0     18   3    4   186  5.5  lcd_gotoxy
0     36   7    1   272  4.1  lcd_putc
0      3   1    0     3  0.0  kbd_init
0      3   1    0             @const691
0    219  40    2  1641  3.9  MAIN
0     99  18    9             @PRINTF_LU_652
 Inline         0             @cinit1

Program metrics:
    Functions               9
    Statements              212
    Comments                245
    Volume (V)              5606
    Difficulty (D)          36.4
    Effort to implement (E) 203793
    Time to implement (T)   3 hours, 9 minutes
    Est Delivered Bugs (B)  1
    Cyclomatic Complexity   7
    Maintainability (MI)    135

 Segment     Used  Free
-----------  ----  ----
00000-00003     4  0  
00004-007FF   538  1506  
00800-00FFF     0  2048  
01000-017FF     0  2048  
01800-01FFF     0  2048  



