
ROM used:   926/8192 (11%)
            926/8192 (11%) including unused fragments

            0.7 Average locations per line
            4.5 Average locations per statement

RAM used:   10/368 (3%) at main() level
            45/368 (12%) worst case

Stack used: 6 worst case (6 in main + 0 for interrupts)
Stack size: 8

Lines Stmts  %   Files
----- ----- ---  -----
   56    36  18  comunicacion_serial_proyecto.c
  671     0   0  ..\..\..\..\Escritorio\PICC\Devices\16F877a.h
  350    67  33  ..\..\..\..\Escritorio\PICC\Drivers\lcd_d.c
  150    43  21  ..\..\..\..\Escritorio\PICC\Drivers\kbd4x4_b.c
   99    58  28  ..\..\..\..\Escritorio\PICC\Drivers\getNum16.c
----- -----
 1326   204 Total

Page ROM  %  RAM   Vol Diff  Functions:
---- --- --- ---   --- ----  ----------
0     20   2    1             @delay_ms1
0      8   1    0             @const631
 Inline         3   587  6.0  lcd_read_byte
0      6   1    0    59  4.2  lcd_read_nibble
0     17   2    1   172  3.4  lcd_send_nibble
0     61   7    3   317  4.3  lcd_send_byte
0     48   5    2   624  5.8  lcd_init
0     18   2    4   186  5.5  lcd_gotoxy
0     36   4    1   272  4.1  lcd_putc
0     20   2    0             @const656
0      3   0    0     3  0.0  kbd_init
0    105  11    3  5853 10.1  kbd_getc
0      8   1    0             @goto10645
 Inline         6   155  5.0  pow
0     42   5   13             @MUL3232
0      9   1    1    90  3.1  read_key
0    209  23    5  1660 12.1  get_num_lcd
0      3   0    0             @const688
0     86   9    4             @PSTRINGC7_649
0    171  18    1  1007  5.7  MAIN
0     11   1    0             @const706
0      6   1    0             @const707
0      7   1    0             @const708
0      6   1    0             @const709
0      8   1    0             @const710
0      6   1    0             @const711
0      8   1    0             @const712
 Inline         0             @cinit1

Program metrics:
    Functions               13
    Statements              204
    Comments                245
    Volume (V)              15301
    Difficulty (D)          68.6
    Effort to implement (E) 1049505
    Time to implement (T)   16 hours, 12 minutes
    Est Delivered Bugs (B)  3
    Cyclomatic Complexity   33
    Maintainability (MI)    110

 Segment     Used  Free
-----------  ----  ----
00000-00003     4  0  
00004-007FF   922  1122  
00800-00FFF     0  2048  
01000-017FF     0  2048  
01800-01FFF     0  2048  



