
ROM used:   1561/8192 (19%)
            1561/8192 (19%) including unused fragments

            1.1 Average locations per line
            6.9 Average locations per statement

RAM used:   30/368 (8%) at main() level
            54/368 (15%) worst case

Stack used: 6 worst case (5 in main + 1 for interrupts)
Stack size: 8

Lines Stmts  %   Files
----- ----- ---  -----
   58    24  11  Replica_pulso_proyecto3-U3.c
  671     0   0  ..\..\..\..\Escritorio\PICC\Devices\16F877a.h
  456   100  44  ..\..\..\..\Escritorio\PICC\Drivers\lcd.c
  150    43  19  ..\..\..\..\Escritorio\PICC\Drivers\kbd4x4_d.c
   99    58  26  ..\..\..\..\Escritorio\PICC\Drivers\getNum16.c
----- -----
 1434   225 Total

Page ROM  %  RAM   Vol Diff  Functions:
---- --- --- ---   --- ----  ----------
0     20   1    1             @delay_ms1
 Inline         3   760  4.5  lcd_read_byte
0     49   3    2   262  3.7  lcd_read_nibble
0     48   3    1   399  2.4  lcd_send_nibble
0     94   6    3   415  3.7  lcd_send_byte
0     70   4    6   852  6.2  lcd_init
0     18   1    4   208  6.3  lcd_gotoxy
0     44   3    1   354  4.7  lcd_putc
0      3   0    0     3  0.0  kbd_init
0      3   0    0             @const690
0     88   6    4             @PSTRINGC7_645
0     10   1    0    29  1.2  t1_isr
0    220  14    8   618  4.9  MAIN
0      6   0    0             @const707
0     29   2    2             @ITOF
0    117   7   13             @MULFF
0    323  21   16             @ADDFF
 Inline         5             @FTOSD
0     79   5   13             @DIV3232
0    226  14   13             @PRINTF_L32D_645FPFPF
0     33   2    4             @SFTOI
 Inline         0             @cinit1

Program metrics:
    Functions               10
    Statements              225
    Comments                269
    Volume (V)              5984
    Difficulty (D)          37.1
    Effort to implement (E) 222312
    Time to implement (T)   3 hours, 26 minutes
    Est Delivered Bugs (B)  1
    Cyclomatic Complexity   8
    Maintainability (MI)    136

 Segment     Used  Free
-----------  ----  ----
00000-00003     4  0  
00004-00050    77  0  
00051-007FF  1480  487  
00800-00FFF     0  2048  
01000-017FF     0  2048  
01800-01FFF     0  2048  



