CCS PCM C Compiler, Version 5.015, 5967               13-nov.-23 13:53

               Filename:   C:\Users\strop\OneDrive\Documentos\GitHub\Microcontroladores\Replica_de_pulso\Replica_pulso_proyecto3-U3.lst

               ROM used:   1561 words (19%)
                           Largest free fragment is 2048
               RAM used:   30 (8%) at main() level
                           54 (15%) worst case
               Stack used: 6 locations (5 in main + 1 for interrupts)
               Stack size: 8

*
0000:  MOVLW  05
0001:  MOVWF  0A
0002:  GOTO   53D
0003:  NOP
0004:  MOVWF  7F
0005:  SWAPF  03,W
0006:  CLRF   03
0007:  MOVWF  21
0008:  MOVF   0A,W
0009:  MOVWF  20
000A:  CLRF   0A
000B:  MOVF   04,W
000C:  MOVWF  22
000D:  MOVF   77,W
000E:  MOVWF  23
000F:  MOVF   78,W
0010:  MOVWF  24
0011:  MOVF   79,W
0012:  MOVWF  25
0013:  MOVF   7A,W
0014:  MOVWF  26
0015:  BSF    03.6
0016:  MOVF   0D,W
0017:  BCF    03.6
0018:  MOVWF  27
0019:  BSF    03.6
001A:  MOVF   0F,W
001B:  BCF    03.6
001C:  MOVWF  28
001D:  BSF    03.6
001E:  MOVF   0C,W
001F:  BCF    03.6
0020:  MOVWF  29
0021:  BSF    03.6
0022:  MOVF   0E,W
0023:  BCF    03.6
0024:  MOVWF  2A
0025:  BCF    03.7
0026:  BCF    03.5
0027:  MOVLW  8C
0028:  MOVWF  04
0029:  BTFSS  00.0
002A:  GOTO   02D
002B:  BTFSC  0C.0
002C:  GOTO   04E
002D:  MOVF   22,W
002E:  MOVWF  04
002F:  MOVF   23,W
0030:  MOVWF  77
0031:  MOVF   24,W
0032:  MOVWF  78
0033:  MOVF   25,W
0034:  MOVWF  79
0035:  MOVF   26,W
0036:  MOVWF  7A
0037:  MOVF   27,W
0038:  BSF    03.6
0039:  MOVWF  0D
003A:  BCF    03.6
003B:  MOVF   28,W
003C:  BSF    03.6
003D:  MOVWF  0F
003E:  BCF    03.6
003F:  MOVF   29,W
0040:  BSF    03.6
0041:  MOVWF  0C
0042:  BCF    03.6
0043:  MOVF   2A,W
0044:  BSF    03.6
0045:  MOVWF  0E
0046:  BCF    03.6
0047:  MOVF   20,W
0048:  MOVWF  0A
0049:  SWAPF  21,W
004A:  MOVWF  03
004B:  SWAPF  7F,F
004C:  SWAPF  7F,W
004D:  RETFIE
004E:  BCF    0A.3
004F:  BCF    0A.4
0050:  GOTO   054
.................... #include <16F877a.h> 
.................... //////////// Standard Header file for the PIC16F877A device //////////////// 
.................... /////////////////////////////////////////////////////////////////////////// 
.................... ////        (C) Copyright 1996, 2013 Custom Computer Services          //// 
.................... //// This source code may only be used by licensed users of the CCS C  //// 
.................... //// compiler.  This source code may only be distributed to other      //// 
.................... //// licensed users of the CCS C compiler.  No other use, reproduction //// 
.................... //// or distribution is permitted without written permission.          //// 
.................... //// Derivative programs created using this software in object code    //// 
.................... //// form are not restricted in any way.                               //// 
.................... /////////////////////////////////////////////////////////////////////////// 
.................... #device PIC16F877A 
0051:  DATA 20,10
0052:  DATA 20,10
0053:  DATA 20,00
*
005E:  DATA 8C,39
005F:  DATA 69,10
0060:  DATA EA,30
0061:  DATA EC,30
0062:  DATA 20,2C
0063:  DATA 44,00
*
01BE:  MOVF   0B,W
01BF:  MOVWF  37
01C0:  BCF    0B.7
01C1:  BSF    03.5
01C2:  BSF    03.6
01C3:  BSF    0C.7
01C4:  BSF    0C.0
01C5:  NOP
01C6:  NOP
01C7:  BCF    03.5
01C8:  BCF    03.6
01C9:  BTFSC  37.7
01CA:  BSF    0B.7
01CB:  BSF    03.6
01CC:  MOVF   0C,W
01CD:  ANDLW  7F
01CE:  BTFSC  03.2
01CF:  GOTO   212
01D0:  BCF    03.6
01D1:  MOVWF  37
01D2:  BSF    03.6
01D3:  MOVF   0D,W
01D4:  BCF    03.6
01D5:  MOVWF  38
01D6:  BSF    03.6
01D7:  MOVF   0F,W
01D8:  BCF    03.6
01D9:  MOVWF  39
01DA:  MOVF   37,W
01DB:  MOVWF  44
01DC:  CALL   192
01DD:  MOVF   38,W
01DE:  BSF    03.6
01DF:  MOVWF  0D
01E0:  BCF    03.6
01E1:  MOVF   39,W
01E2:  BSF    03.6
01E3:  MOVWF  0F
01E4:  BCF    03.6
01E5:  MOVF   0B,W
01E6:  MOVWF  3A
01E7:  BCF    0B.7
01E8:  BSF    03.5
01E9:  BSF    03.6
01EA:  BSF    0C.7
01EB:  BSF    0C.0
01EC:  NOP
01ED:  NOP
01EE:  BCF    03.5
01EF:  BCF    03.6
01F0:  BTFSC  3A.7
01F1:  BSF    0B.7
01F2:  BSF    03.6
01F3:  RLF    0C,W
01F4:  RLF    0E,W
01F5:  ANDLW  7F
01F6:  BTFSC  03.2
01F7:  GOTO   212
01F8:  BCF    03.6
01F9:  MOVWF  37
01FA:  BSF    03.6
01FB:  MOVF   0D,W
01FC:  BCF    03.6
01FD:  MOVWF  38
01FE:  BSF    03.6
01FF:  MOVF   0F,W
0200:  BCF    03.6
0201:  MOVWF  39
0202:  MOVF   37,W
0203:  MOVWF  44
0204:  CALL   192
0205:  MOVF   38,W
0206:  BSF    03.6
0207:  MOVWF  0D
0208:  BCF    03.6
0209:  MOVF   39,W
020A:  BSF    03.6
020B:  MOVWF  0F
020C:  INCF   0D,F
020D:  BTFSC  03.2
020E:  INCF   0F,F
020F:  BCF    03.6
0210:  GOTO   1BE
0211:  BSF    03.6
0212:  BCF    03.6
0213:  BCF    0A.3
0214:  BCF    0A.4
0215:  GOTO   55D (RETURN)
0216:  MOVLW  8E
0217:  MOVWF  77
0218:  MOVF   3C,W
0219:  MOVWF  78
021A:  MOVF   3B,W
021B:  MOVWF  79
021C:  CLRF   7A
021D:  MOVF   78,F
021E:  BTFSS  03.2
021F:  GOTO   22A
0220:  MOVF   79,W
0221:  MOVWF  78
0222:  CLRF   79
0223:  MOVLW  08
0224:  SUBWF  77,F
0225:  MOVF   78,F
0226:  BTFSS  03.2
0227:  GOTO   22A
0228:  CLRF   77
0229:  GOTO   232
022A:  BCF    03.0
022B:  BTFSC  78.7
022C:  GOTO   231
022D:  RLF    79,F
022E:  RLF    78,F
022F:  DECF   77,F
0230:  GOTO   22A
0231:  BCF    78.7
0232:  RETURN
0233:  MOVF   44,W
0234:  BTFSC  03.2
0235:  GOTO   2A3
0236:  MOVWF  4C
0237:  MOVF   48,W
0238:  BTFSC  03.2
0239:  GOTO   2A3
023A:  ADDWF  4C,F
023B:  BTFSC  03.0
023C:  GOTO   244
023D:  MOVLW  7F
023E:  SUBWF  4C,F
023F:  BTFSS  03.0
0240:  GOTO   2A3
0241:  BTFSC  03.2
0242:  GOTO   2A3
0243:  GOTO   248
0244:  MOVLW  81
0245:  ADDWF  4C,F
0246:  BTFSC  03.0
0247:  GOTO   2A3
0248:  MOVF   4C,W
0249:  MOVWF  77
024A:  CLRF   78
024B:  CLRF   79
024C:  CLRF   7A
024D:  MOVF   45,W
024E:  MOVWF  50
024F:  BSF    50.7
0250:  MOVF   46,W
0251:  MOVWF  4F
0252:  MOVF   47,W
0253:  MOVWF  4E
0254:  MOVLW  18
0255:  MOVWF  4C
0256:  CLRF   4D
0257:  BTFSS  4E.0
0258:  GOTO   271
0259:  MOVF   4B,W
025A:  ADDWF  7A,F
025B:  BTFSS  03.0
025C:  GOTO   263
025D:  INCF   79,F
025E:  BTFSS  03.2
025F:  GOTO   263
0260:  INCF   78,F
0261:  BTFSC  03.2
0262:  BSF    4D.7
0263:  MOVF   4A,W
0264:  ADDWF  79,F
0265:  BTFSS  03.0
0266:  GOTO   26A
0267:  INCF   78,F
0268:  BTFSC  03.2
0269:  BSF    4D.7
026A:  MOVF   49,W
026B:  MOVWF  46
026C:  BSF    46.7
026D:  MOVF   46,W
026E:  ADDWF  78,F
026F:  BTFSC  03.0
0270:  BSF    4D.7
0271:  RLF    4D,F
0272:  RRF    78,F
0273:  RRF    79,F
0274:  RRF    7A,F
0275:  RRF    50,F
0276:  RRF    4F,F
0277:  RRF    4E,F
0278:  BCF    03.0
0279:  DECFSZ 4C,F
027A:  GOTO   256
027B:  MOVLW  01
027C:  ADDWF  77,F
027D:  BTFSC  03.0
027E:  GOTO   2A3
027F:  BTFSC  78.7
0280:  GOTO   288
0281:  RLF    50,F
0282:  RLF    7A,F
0283:  RLF    79,F
0284:  RLF    78,F
0285:  DECF   77,F
0286:  BTFSC  03.2
0287:  GOTO   2A3
0288:  BTFSS  50.7
0289:  GOTO   299
028A:  INCF   7A,F
028B:  BTFSS  03.2
028C:  GOTO   299
028D:  INCF   79,F
028E:  BTFSS  03.2
028F:  GOTO   299
0290:  INCF   78,F
0291:  BTFSS  03.2
0292:  GOTO   299
0293:  RRF    78,F
0294:  RRF    79,F
0295:  RRF    7A,F
0296:  INCF   77,F
0297:  BTFSC  03.2
0298:  GOTO   2A3
0299:  MOVF   45,W
029A:  MOVWF  4D
029B:  MOVF   49,W
029C:  XORWF  4D,F
029D:  BTFSS  4D.7
029E:  GOTO   2A1
029F:  BSF    78.7
02A0:  GOTO   2A7
02A1:  BCF    78.7
02A2:  GOTO   2A7
02A3:  CLRF   77
02A4:  CLRF   78
02A5:  CLRF   79
02A6:  CLRF   7A
02A7:  RETURN
02A8:  MOVLW  80
02A9:  BTFSC  03.1
02AA:  XORWF  40,F
02AB:  CLRF   45
02AC:  CLRF   46
02AD:  MOVF   3C,W
02AE:  MOVWF  44
02AF:  MOVF   40,W
02B0:  XORWF  44,F
02B1:  MOVF   3B,W
02B2:  BTFSC  03.2
02B3:  GOTO   398
02B4:  MOVWF  43
02B5:  MOVWF  77
02B6:  MOVF   3F,W
02B7:  BTFSC  03.2
02B8:  GOTO   3A1
02B9:  SUBWF  43,F
02BA:  BTFSC  03.2
02BB:  GOTO   33D
02BC:  BTFSS  03.0
02BD:  GOTO   2FB
02BE:  MOVF   40,W
02BF:  MOVWF  49
02C0:  BSF    49.7
02C1:  MOVF   41,W
02C2:  MOVWF  48
02C3:  MOVF   42,W
02C4:  MOVWF  47
02C5:  CLRF   46
02C6:  BCF    03.0
02C7:  RRF    49,F
02C8:  RRF    48,F
02C9:  RRF    47,F
02CA:  RRF    46,F
02CB:  DECFSZ 43,F
02CC:  GOTO   2C5
02CD:  BTFSS  44.7
02CE:  GOTO   2D2
02CF:  BSF    45.0
02D0:  GOTO   3B5
02D1:  BCF    45.0
02D2:  BCF    43.0
02D3:  BSF    45.4
02D4:  MOVLW  3E
02D5:  MOVWF  04
02D6:  BCF    03.7
02D7:  GOTO   3CA
02D8:  BCF    45.4
02D9:  BTFSC  44.7
02DA:  GOTO   2E5
02DB:  BTFSS  43.0
02DC:  GOTO   2F0
02DD:  RRF    49,F
02DE:  RRF    48,F
02DF:  RRF    47,F
02E0:  RRF    46,F
02E1:  INCF   77,F
02E2:  BTFSC  03.2
02E3:  GOTO   3B0
02E4:  GOTO   2F0
02E5:  BTFSC  49.7
02E6:  GOTO   2F3
02E7:  BCF    03.0
02E8:  RLF    46,F
02E9:  RLF    47,F
02EA:  RLF    48,F
02EB:  RLF    49,F
02EC:  DECF   77,F
02ED:  BTFSC  03.2
02EE:  GOTO   3B0
02EF:  GOTO   2E5
02F0:  BSF    45.6
02F1:  GOTO   35D
02F2:  BCF    45.6
02F3:  MOVF   3C,W
02F4:  MOVWF  44
02F5:  BTFSS  44.7
02F6:  GOTO   2F9
02F7:  BSF    49.7
02F8:  GOTO   3A9
02F9:  BCF    49.7
02FA:  GOTO   3A9
02FB:  MOVF   3F,W
02FC:  MOVWF  43
02FD:  MOVWF  77
02FE:  MOVF   3B,W
02FF:  SUBWF  43,F
0300:  MOVF   3C,W
0301:  MOVWF  49
0302:  BSF    49.7
0303:  MOVF   3D,W
0304:  MOVWF  48
0305:  MOVF   3E,W
0306:  MOVWF  47
0307:  CLRF   46
0308:  BCF    03.0
0309:  RRF    49,F
030A:  RRF    48,F
030B:  RRF    47,F
030C:  RRF    46,F
030D:  DECFSZ 43,F
030E:  GOTO   307
030F:  BTFSS  44.7
0310:  GOTO   314
0311:  BSF    45.1
0312:  GOTO   3B5
0313:  BCF    45.1
0314:  BCF    43.0
0315:  BSF    45.5
0316:  MOVLW  42
0317:  MOVWF  04
0318:  BCF    03.7
0319:  GOTO   3CA
031A:  BCF    45.5
031B:  BTFSC  44.7
031C:  GOTO   327
031D:  BTFSS  43.0
031E:  GOTO   332
031F:  RRF    49,F
0320:  RRF    48,F
0321:  RRF    47,F
0322:  RRF    46,F
0323:  INCF   77,F
0324:  BTFSC  03.2
0325:  GOTO   3B0
0326:  GOTO   332
0327:  BTFSC  49.7
0328:  GOTO   335
0329:  BCF    03.0
032A:  RLF    46,F
032B:  RLF    47,F
032C:  RLF    48,F
032D:  RLF    49,F
032E:  DECF   77,F
032F:  BTFSC  03.2
0330:  GOTO   3B0
0331:  GOTO   327
0332:  BSF    45.7
0333:  GOTO   35D
0334:  BCF    45.7
0335:  MOVF   40,W
0336:  MOVWF  44
0337:  BTFSS  44.7
0338:  GOTO   33B
0339:  BSF    49.7
033A:  GOTO   3A9
033B:  BCF    49.7
033C:  GOTO   3A9
033D:  MOVF   40,W
033E:  MOVWF  49
033F:  BSF    49.7
0340:  MOVF   41,W
0341:  MOVWF  48
0342:  MOVF   42,W
0343:  MOVWF  47
0344:  BTFSS  44.7
0345:  GOTO   34A
0346:  BCF    49.7
0347:  BSF    45.2
0348:  GOTO   3B5
0349:  BCF    45.2
034A:  CLRF   46
034B:  BCF    43.0
034C:  MOVLW  3E
034D:  MOVWF  04
034E:  BCF    03.7
034F:  GOTO   3CA
0350:  BTFSC  44.7
0351:  GOTO   373
0352:  MOVF   3C,W
0353:  MOVWF  44
0354:  BTFSS  43.0
0355:  GOTO   35D
0356:  RRF    49,F
0357:  RRF    48,F
0358:  RRF    47,F
0359:  RRF    46,F
035A:  INCF   77,F
035B:  BTFSC  03.2
035C:  GOTO   3B0
035D:  BTFSS  46.7
035E:  GOTO   36E
035F:  INCF   47,F
0360:  BTFSS  03.2
0361:  GOTO   36E
0362:  INCF   48,F
0363:  BTFSS  03.2
0364:  GOTO   36E
0365:  INCF   49,F
0366:  BTFSS  03.2
0367:  GOTO   36E
0368:  RRF    49,F
0369:  RRF    48,F
036A:  RRF    47,F
036B:  INCF   77,F
036C:  BTFSC  03.2
036D:  GOTO   3B0
036E:  BTFSC  45.6
036F:  GOTO   2F2
0370:  BTFSC  45.7
0371:  GOTO   334
0372:  GOTO   392
0373:  MOVLW  80
0374:  XORWF  49,F
0375:  BTFSS  49.7
0376:  GOTO   37B
0377:  GOTO   3B5
0378:  MOVF   40,W
0379:  MOVWF  44
037A:  GOTO   388
037B:  MOVF   3C,W
037C:  MOVWF  44
037D:  MOVF   49,F
037E:  BTFSS  03.2
037F:  GOTO   388
0380:  MOVF   48,F
0381:  BTFSS  03.2
0382:  GOTO   388
0383:  MOVF   47,F
0384:  BTFSS  03.2
0385:  GOTO   388
0386:  CLRF   77
0387:  GOTO   3A9
0388:  BTFSC  49.7
0389:  GOTO   392
038A:  BCF    03.0
038B:  RLF    46,F
038C:  RLF    47,F
038D:  RLF    48,F
038E:  RLF    49,F
038F:  DECFSZ 77,F
0390:  GOTO   388
0391:  GOTO   3B0
0392:  BTFSS  44.7
0393:  GOTO   396
0394:  BSF    49.7
0395:  GOTO   3A9
0396:  BCF    49.7
0397:  GOTO   3A9
0398:  MOVF   3F,W
0399:  MOVWF  77
039A:  MOVF   40,W
039B:  MOVWF  49
039C:  MOVF   41,W
039D:  MOVWF  48
039E:  MOVF   42,W
039F:  MOVWF  47
03A0:  GOTO   3A9
03A1:  MOVF   3B,W
03A2:  MOVWF  77
03A3:  MOVF   3C,W
03A4:  MOVWF  49
03A5:  MOVF   3D,W
03A6:  MOVWF  48
03A7:  MOVF   3E,W
03A8:  MOVWF  47
03A9:  MOVF   49,W
03AA:  MOVWF  78
03AB:  MOVF   48,W
03AC:  MOVWF  79
03AD:  MOVF   47,W
03AE:  MOVWF  7A
03AF:  GOTO   3E8
03B0:  CLRF   77
03B1:  CLRF   78
03B2:  CLRF   79
03B3:  CLRF   7A
03B4:  GOTO   3E8
03B5:  CLRF   46
03B6:  COMF   47,F
03B7:  COMF   48,F
03B8:  COMF   49,F
03B9:  COMF   46,F
03BA:  INCF   46,F
03BB:  BTFSS  03.2
03BC:  GOTO   3C3
03BD:  INCF   47,F
03BE:  BTFSS  03.2
03BF:  GOTO   3C3
03C0:  INCF   48,F
03C1:  BTFSC  03.2
03C2:  INCF   49,F
03C3:  BTFSC  45.0
03C4:  GOTO   2D1
03C5:  BTFSC  45.1
03C6:  GOTO   313
03C7:  BTFSC  45.2
03C8:  GOTO   349
03C9:  GOTO   378
03CA:  MOVF   00,W
03CB:  ADDWF  47,F
03CC:  BTFSS  03.0
03CD:  GOTO   3D4
03CE:  INCF   48,F
03CF:  BTFSS  03.2
03D0:  GOTO   3D4
03D1:  INCF   49,F
03D2:  BTFSC  03.2
03D3:  BSF    43.0
03D4:  DECF   04,F
03D5:  MOVF   00,W
03D6:  ADDWF  48,F
03D7:  BTFSS  03.0
03D8:  GOTO   3DC
03D9:  INCF   49,F
03DA:  BTFSC  03.2
03DB:  BSF    43.0
03DC:  DECF   04,F
03DD:  MOVF   00,W
03DE:  BTFSS  00.7
03DF:  XORLW  80
03E0:  ADDWF  49,F
03E1:  BTFSC  03.0
03E2:  BSF    43.0
03E3:  BTFSC  45.4
03E4:  GOTO   2D8
03E5:  BTFSC  45.5
03E6:  GOTO   31A
03E7:  GOTO   350
03E8:  BCF    0A.3
03E9:  BCF    0A.4
03EA:  GOTO   5CD (RETURN)
03EB:  BTFSC  03.1
03EC:  GOTO   3F0
03ED:  MOVLW  4C
03EE:  MOVWF  04
03EF:  BCF    03.7
03F0:  CLRF   77
03F1:  CLRF   78
03F2:  CLRF   79
03F3:  CLRF   7A
03F4:  CLRF   4C
03F5:  CLRF   4D
03F6:  CLRF   4E
03F7:  CLRF   4F
03F8:  MOVF   4B,W
03F9:  IORWF  4A,W
03FA:  IORWF  49,W
03FB:  IORWF  48,W
03FC:  BTFSC  03.2
03FD:  GOTO   42E
03FE:  MOVLW  20
03FF:  MOVWF  50
0400:  BCF    03.0
0401:  RLF    44,F
0402:  RLF    45,F
0403:  RLF    46,F
0404:  RLF    47,F
0405:  RLF    4C,F
0406:  RLF    4D,F
0407:  RLF    4E,F
0408:  RLF    4F,F
0409:  MOVF   4B,W
040A:  SUBWF  4F,W
040B:  BTFSS  03.2
040C:  GOTO   417
040D:  MOVF   4A,W
040E:  SUBWF  4E,W
040F:  BTFSS  03.2
0410:  GOTO   417
0411:  MOVF   49,W
0412:  SUBWF  4D,W
0413:  BTFSS  03.2
0414:  GOTO   417
0415:  MOVF   48,W
0416:  SUBWF  4C,W
0417:  BTFSS  03.0
0418:  GOTO   428
0419:  MOVF   48,W
041A:  SUBWF  4C,F
041B:  MOVF   49,W
041C:  BTFSS  03.0
041D:  INCFSZ 49,W
041E:  SUBWF  4D,F
041F:  MOVF   4A,W
0420:  BTFSS  03.0
0421:  INCFSZ 4A,W
0422:  SUBWF  4E,F
0423:  MOVF   4B,W
0424:  BTFSS  03.0
0425:  INCFSZ 4B,W
0426:  SUBWF  4F,F
0427:  BSF    03.0
0428:  RLF    77,F
0429:  RLF    78,F
042A:  RLF    79,F
042B:  RLF    7A,F
042C:  DECFSZ 50,F
042D:  GOTO   400
042E:  MOVF   4C,W
042F:  MOVWF  00
0430:  INCF   04,F
0431:  MOVF   4D,W
0432:  MOVWF  00
0433:  INCF   04,F
0434:  MOVF   4E,W
0435:  MOVWF  00
0436:  INCF   04,F
0437:  MOVF   4F,W
0438:  MOVWF  00
0439:  RETURN
043A:  MOVF   04,W
043B:  MOVWF  3C
043C:  MOVF   3B,W
043D:  MOVWF  3E
043E:  BTFSC  03.2
043F:  GOTO   459
0440:  MOVF   3A,W
0441:  MOVWF  47
0442:  MOVF   39,W
0443:  MOVWF  46
0444:  MOVF   38,W
0445:  MOVWF  45
0446:  MOVF   37,W
0447:  MOVWF  44
0448:  CLRF   4B
0449:  CLRF   4A
044A:  MOVLW  20
044B:  MOVWF  49
044C:  MOVLW  82
044D:  MOVWF  48
044E:  CALL   233
044F:  MOVF   7A,W
0450:  MOVWF  3A
0451:  MOVF   79,W
0452:  MOVWF  39
0453:  MOVF   78,W
0454:  MOVWF  38
0455:  MOVF   77,W
0456:  MOVWF  37
0457:  DECFSZ 3E,F
0458:  GOTO   440
0459:  MOVF   3A,W
045A:  MOVWF  47
045B:  MOVF   39,W
045C:  MOVWF  46
045D:  MOVF   38,W
045E:  MOVWF  45
045F:  MOVF   37,W
0460:  MOVWF  44
0461:  MOVF   44,W
0462:  SUBLW  B6
0463:  MOVWF  44
0464:  CLRF   7A
0465:  MOVF   45,W
0466:  MOVWF  48
0467:  BSF    45.7
0468:  BCF    03.0
0469:  RRF    45,F
046A:  RRF    46,F
046B:  RRF    47,F
046C:  RRF    7A,F
046D:  RRF    79,F
046E:  RRF    78,F
046F:  RRF    77,F
0470:  DECFSZ 44,F
0471:  GOTO   468
0472:  BTFSS  48.7
0473:  GOTO   47F
0474:  COMF   77,F
0475:  COMF   78,F
0476:  COMF   79,F
0477:  COMF   7A,F
0478:  INCF   77,F
0479:  BTFSC  03.2
047A:  INCF   78,F
047B:  BTFSC  03.2
047C:  INCF   79,F
047D:  BTFSC  03.2
047E:  INCF   7A,F
047F:  MOVF   7A,W
0480:  MOVWF  3A
0481:  MOVF   79,W
0482:  MOVWF  39
0483:  MOVF   78,W
0484:  MOVWF  38
0485:  MOVF   77,W
0486:  MOVWF  37
0487:  BTFSS  3A.7
0488:  GOTO   496
0489:  DECF   3C,F
048A:  BSF    3C.5
048B:  COMF   37,F
048C:  COMF   38,F
048D:  COMF   39,F
048E:  COMF   3A,F
048F:  INCF   37,F
0490:  BTFSC  03.2
0491:  INCF   38,F
0492:  BTFSC  03.2
0493:  INCF   39,F
0494:  BTFSC  03.2
0495:  INCF   3A,F
0496:  MOVLW  3B
0497:  MOVWF  43
0498:  MOVLW  9A
0499:  MOVWF  42
049A:  MOVLW  CA
049B:  MOVWF  41
049C:  CLRF   40
049D:  MOVLW  0A
049E:  MOVWF  3E
049F:  MOVF   3B,W
04A0:  BTFSC  03.2
04A1:  INCF   3C,F
04A2:  BSF    03.1
04A3:  MOVLW  37
04A4:  MOVWF  04
04A5:  BCF    03.7
04A6:  MOVF   3A,W
04A7:  MOVWF  47
04A8:  MOVF   39,W
04A9:  MOVWF  46
04AA:  MOVF   38,W
04AB:  MOVWF  45
04AC:  MOVF   37,W
04AD:  MOVWF  44
04AE:  MOVF   43,W
04AF:  MOVWF  4B
04B0:  MOVF   42,W
04B1:  MOVWF  4A
04B2:  MOVF   41,W
04B3:  MOVWF  49
04B4:  MOVF   40,W
04B5:  MOVWF  48
04B6:  CALL   3EB
04B7:  MOVF   78,W
04B8:  MOVF   77,F
04B9:  BTFSS  03.2
04BA:  GOTO   4CE
04BB:  INCF   3B,W
04BC:  SUBWF  3E,W
04BD:  BTFSC  03.2
04BE:  GOTO   4CE
04BF:  MOVF   3C,W
04C0:  BTFSC  03.2
04C1:  GOTO   4D0
04C2:  ANDLW  0F
04C3:  SUBWF  3E,W
04C4:  BTFSC  03.2
04C5:  GOTO   4C8
04C6:  BTFSC  03.0
04C7:  GOTO   500
04C8:  BTFSC  3C.7
04C9:  GOTO   500
04CA:  BTFSC  3C.6
04CB:  GOTO   4D0
04CC:  MOVLW  20
04CD:  GOTO   4FC
04CE:  MOVLW  20
04CF:  ANDWF  3C,F
04D0:  BTFSS  3C.5
04D1:  GOTO   4DE
04D2:  BCF    3C.5
04D3:  MOVF   3B,W
04D4:  BTFSS  03.2
04D5:  DECF   3C,F
04D6:  MOVF   77,W
04D7:  MOVWF  3C
04D8:  MOVLW  2D
04D9:  MOVWF  44
04DA:  CALL   192
04DB:  MOVF   3C,W
04DC:  MOVWF  77
04DD:  CLRF   3C
04DE:  MOVF   3B,W
04DF:  SUBWF  3E,W
04E0:  BTFSS  03.2
04E1:  GOTO   4EC
04E2:  MOVF   77,W
04E3:  MOVWF  3C
04E4:  MOVLW  2E
04E5:  MOVWF  44
04E6:  CALL   192
04E7:  MOVF   3C,W
04E8:  MOVWF  77
04E9:  MOVLW  20
04EA:  ANDWF  3C,F
04EB:  MOVLW  00
04EC:  MOVLW  30
04ED:  BTFSS  3C.5
04EE:  GOTO   4FC
04EF:  BCF    3C.5
04F0:  MOVF   3B,W
04F1:  BTFSS  03.2
04F2:  DECF   3C,F
04F3:  MOVF   77,W
04F4:  MOVWF  3C
04F5:  MOVLW  2D
04F6:  MOVWF  44
04F7:  CALL   192
04F8:  MOVF   3C,W
04F9:  MOVWF  77
04FA:  CLRF   3C
04FB:  MOVLW  30
04FC:  ADDWF  77,F
04FD:  MOVF   77,W
04FE:  MOVWF  44
04FF:  CALL   192
0500:  BCF    03.1
0501:  MOVF   43,W
0502:  MOVWF  47
0503:  MOVF   42,W
0504:  MOVWF  46
0505:  MOVF   41,W
0506:  MOVWF  45
0507:  MOVF   40,W
0508:  MOVWF  44
0509:  CLRF   4B
050A:  CLRF   4A
050B:  CLRF   49
050C:  MOVLW  0A
050D:  MOVWF  48
050E:  CALL   3EB
050F:  MOVF   7A,W
0510:  MOVWF  43
0511:  MOVF   79,W
0512:  MOVWF  42
0513:  MOVF   78,W
0514:  MOVWF  41
0515:  MOVF   77,W
0516:  MOVWF  40
0517:  DECFSZ 3E,F
0518:  GOTO   4A2
0519:  BCF    0A.3
051A:  BCF    0A.4
051B:  GOTO   5E5 (RETURN)
051C:  MOVLW  8E
051D:  MOVWF  77
051E:  MOVF   37,W
051F:  SUBWF  77,F
0520:  MOVF   38,W
0521:  MOVWF  79
0522:  MOVF   39,W
0523:  MOVWF  78
0524:  BSF    79.7
0525:  MOVF   77,F
0526:  BTFSC  03.2
0527:  GOTO   533
0528:  BCF    03.0
0529:  MOVF   79,F
052A:  BTFSS  03.2
052B:  GOTO   52F
052C:  MOVF   78,F
052D:  BTFSC  03.2
052E:  GOTO   533
052F:  RRF    79,F
0530:  RRF    78,F
0531:  DECFSZ 77,F
0532:  GOTO   528
0533:  BTFSS  38.7
0534:  GOTO   53A
0535:  COMF   78,F
0536:  COMF   79,F
0537:  INCF   78,F
0538:  BTFSC  03.2
0539:  INCF   79,F
053A:  BCF    0A.3
053B:  BCF    0A.4
053C:  GOTO   602 (RETURN)
....................  
.................... #list 
....................  
.................... #device ADC = 10 
.................... #use delay(crystal = 20000000) 
*
0064:  MOVLW  45
0065:  MOVWF  04
0066:  BCF    03.7
0067:  MOVF   00,W
0068:  BTFSC  03.2
0069:  GOTO   077
006A:  MOVLW  06
006B:  MOVWF  78
006C:  CLRF   77
006D:  DECFSZ 77,F
006E:  GOTO   06D
006F:  DECFSZ 78,F
0070:  GOTO   06C
0071:  MOVLW  7B
0072:  MOVWF  77
0073:  DECFSZ 77,F
0074:  GOTO   073
0075:  DECFSZ 00,F
0076:  GOTO   06A
0077:  RETURN
.................... #FUSES NOWDT, NOBROWNOUT, NOLVP, HS 
.................... #define LCD_ENABLE_PIN  PIN_A3                                    //// 
.................... #define LCD_RS_PIN      PIN_A5                                    //// 
.................... #define LCD_RW_PIN      PIN_A4                                    //// 
.................... #define LCD_DATA4       PIN_D4                                    //// 
.................... #define LCD_DATA5       PIN_D5                                    //// 
.................... #define LCD_DATA6       PIN_D6                                    //// 
.................... #define LCD_DATA7       PIN_D7  
.................... #include <lcd.c> 
.................... /////////////////////////////////////////////////////////////////////////////// 
.................... ////                             LCD.C                                     //// 
.................... ////                 Driver for common LCD modules                         //// 
.................... ////                                                                       //// 
.................... ////  lcd_init()   Must be called before any other function.               //// 
.................... ////                                                                       //// 
.................... ////  lcd_putc(c)  Will display c on the next position of the LCD.         //// 
.................... ////                 \a  Set cursor position to upper left                 //// 
.................... ////                 \f  Clear display, set cursor to upper left           //// 
.................... ////                 \n  Go to start of second line                        //// 
.................... ////                 \b  Move back one position                            //// 
.................... ////              If LCD_EXTENDED_NEWLINE is defined, the \n character     //// 
.................... ////              will erase all remanining characters on the current      //// 
.................... ////              line, and move the cursor to the beginning of the next   //// 
.................... ////              line.                                                    //// 
.................... ////              If LCD_EXTENDED_NEWLINE is defined, the \r character     //// 
.................... ////              will move the cursor to the start of the current         //// 
.................... ////              line.                                                    //// 
.................... ////                                                                       //// 
.................... ////  lcd_gotoxy(x,y) Set write position on LCD (upper left is 1,1)        //// 
.................... ////                                                                       //// 
.................... ////  lcd_getc(x,y)   Returns character at position x,y on LCD             //// 
.................... ////                                                                       //// 
.................... ////  lcd_cursor_on(int1 on)   Turn the cursor on (on=TRUE) or off         //// 
.................... ////              (on=FALSE).                                              //// 
.................... ////                                                                       //// 
.................... ////  lcd_set_cgram_char(w, *p)   Write a custom character to the CGRAM.   //// 
.................... ////                                                                       //// 
.................... ////                                                                       //// 
.................... ////  CONFIGURATION                                                        //// 
.................... ////  The LCD can be configured in one of two ways: a.) port access or     //// 
.................... ////  b.) pin access.  Port access requires the entire 7 bit interface     //// 
.................... ////  connected to one GPIO port, and the data bits (D4:D7 of the LCD)     //// 
.................... ////  connected to sequential pins on the GPIO.  Pin access                //// 
.................... ////  has no requirements, all 7 bits of the control interface can         //// 
.................... ////  can be connected to any GPIO using several ports.                    //// 
.................... ////                                                                       //// 
.................... ////  To use port access, #define LCD_DATA_PORT to the SFR location of     //// 
.................... ////  of the GPIO port that holds the interface, -AND- edit LCD_PIN_MAP    //// 
.................... ////  of this file to configure the pin order.  If you are using a         //// 
.................... ////  baseline PIC (PCB), then LCD_OUTPUT_MAP and LCD_INPUT_MAP also must  //// 
.................... ////  be defined.                                                          //// 
.................... ////                                                                       //// 
.................... ////  Example of port access:                                              //// 
.................... ////     #define LCD_DATA_PORT getenv("SFR:PORTD")                         //// 
.................... ////                                                                       //// 
.................... ////  To use pin access, the following pins must be defined:               //// 
.................... ////     LCD_ENABLE_PIN                                                    //// 
.................... ////     LCD_RS_PIN                                                        //// 
.................... ////     LCD_RW_PIN                                                        //// 
.................... ////     LCD_DATA4                                                         //// 
.................... ////     LCD_DATA5                                                         //// 
.................... ////     LCD_DATA6                                                         //// 
.................... ////     LCD_DATA7                                                         //// 
.................... ////                                                                       //// 
.................... ////  Example of pin access:                                               //// 
.................... ////     #define LCD_ENABLE_PIN  PIN_E0                                    //// 
.................... ////     #define LCD_RS_PIN      PIN_E1                                    //// 
.................... ////     #define LCD_RW_PIN      PIN_E2                                    //// 
.................... ////     #define LCD_DATA4       PIN_D4                                    //// 
.................... ////     #define LCD_DATA5       PIN_D5                                    //// 
.................... ////     #define LCD_DATA6       PIN_D6                                    //// 
.................... ////     #define LCD_DATA7       PIN_D7                                    //// 
.................... ////                                                                       //// 
.................... /////////////////////////////////////////////////////////////////////////////// 
.................... ////        (C) Copyright 1996,2010 Custom Computer Services           //// 
.................... //// This source code may only be used by licensed users of the CCS C  //// 
.................... //// compiler.  This source code may only be distributed to other      //// 
.................... //// licensed users of the CCS C compiler.  No other use, reproduction //// 
.................... //// or distribution is permitted without written permission.          //// 
.................... //// Derivative programs created using this software in object code    //// 
.................... //// form are not restricted in any way.                               //// 
.................... /////////////////////////////////////////////////////////////////////////// 
....................  
.................... #ifndef __LCD_C__ 
.................... #define __LCD_C__ 
....................  
.................... // define the pinout. 
.................... // only required if port access is being used. 
.................... typedef struct   
.................... {                            // This structure is overlayed 
....................    int1 enable;           // on to an I/O port to gain 
....................    int1 rs;               // access to the LCD pins. 
....................    int1 rw;               // The bits are allocated from 
....................    int1 unused;           // low order up.  ENABLE will 
....................    unsigned int     data : 4;         // be LSB pin of that port. 
....................   #if defined(__PCD__)       // The port used will be LCD_DATA_PORT. 
....................    unsigned int    reserved: 8; 
....................   #endif 
.................... } LCD_PIN_MAP; 
....................  
.................... // this is to improve compatability with previous LCD drivers that accepted 
.................... // a define labeled 'use_portb_lcd' that configured the LCD onto port B. 
.................... #if ((defined(use_portb_lcd)) && (use_portb_lcd==TRUE)) 
....................  #define LCD_DATA_PORT getenv("SFR:PORTB") 
.................... #endif 
....................  
.................... #if defined(__PCB__) 
....................    // these definitions only need to be modified for baseline PICs. 
....................    // all other PICs use LCD_PIN_MAP or individual LCD_xxx pin definitions. 
.................... /*                                    EN, RS,   RW,   UNUSED,  DATA  */ 
....................  const LCD_PIN_MAP LCD_OUTPUT_MAP =  {0,  0,    0,    0,       0}; 
....................  const LCD_PIN_MAP LCD_INPUT_MAP =   {0,  0,    0,    0,       0xF}; 
.................... #endif 
....................  
.................... ////////////////////// END CONFIGURATION /////////////////////////////////// 
....................  
.................... #ifndef LCD_ENABLE_PIN 
....................    #define lcd_output_enable(x) lcdlat.enable=x 
....................    #define lcd_enable_tris()   lcdtris.enable=0 
.................... #else 
....................    #define lcd_output_enable(x) output_bit(LCD_ENABLE_PIN, x) 
....................    #define lcd_enable_tris()  output_drive(LCD_ENABLE_PIN) 
.................... #endif 
....................  
.................... #ifndef LCD_RS_PIN 
....................    #define lcd_output_rs(x) lcdlat.rs=x 
....................    #define lcd_rs_tris()   lcdtris.rs=0 
.................... #else 
....................    #define lcd_output_rs(x) output_bit(LCD_RS_PIN, x) 
....................    #define lcd_rs_tris()  output_drive(LCD_RS_PIN) 
.................... #endif 
....................  
.................... #ifndef LCD_RW_PIN 
....................    #define lcd_output_rw(x) lcdlat.rw=x 
....................    #define lcd_rw_tris()   lcdtris.rw=0 
.................... #else 
....................    #define lcd_output_rw(x) output_bit(LCD_RW_PIN, x) 
....................    #define lcd_rw_tris()  output_drive(LCD_RW_PIN) 
.................... #endif 
....................  
.................... // original version of this library incorrectly labeled LCD_DATA0 as LCD_DATA4, 
.................... // LCD_DATA1 as LCD_DATA5, and so on.  this block of code makes the driver 
.................... // compatible with any code written for the original library 
.................... #if (defined(LCD_DATA0) && defined(LCD_DATA1) && defined(LCD_DATA2) && defined(LCD_DATA3) && !defined(LCD_DATA4) && !defined(LCD_DATA5) && !defined(LCD_DATA6) && !defined(LCD_DATA7)) 
....................    #define  LCD_DATA4    LCD_DATA0 
....................    #define  LCD_DATA5    LCD_DATA1 
....................    #define  LCD_DATA6    LCD_DATA2 
....................    #define  LCD_DATA7    LCD_DATA3 
.................... #endif 
....................  
.................... #ifndef LCD_DATA4 
.................... #ifndef LCD_DATA_PORT 
....................    #if defined(__PCB__) 
....................       #define LCD_DATA_PORT      0x06     //portb 
....................       #define set_tris_lcd(x)   set_tris_b(x) 
....................    #else 
....................      #if defined(PIN_D0) 
....................       #define LCD_DATA_PORT      getenv("SFR:PORTD")     //portd 
....................      #else 
....................       #define LCD_DATA_PORT      getenv("SFR:PORTB")     //portb 
....................      #endif 
....................    #endif    
.................... #endif 
....................  
.................... #if defined(__PCB__) 
....................    LCD_PIN_MAP lcd, lcdlat; 
....................    #byte lcd = LCD_DATA_PORT 
....................    #byte lcdlat = LCD_DATA_PORT 
.................... #elif defined(__PCM__) 
....................    LCD_PIN_MAP lcd, lcdlat, lcdtris; 
....................    #byte lcd = LCD_DATA_PORT 
....................    #byte lcdlat = LCD_DATA_PORT 
....................    #byte lcdtris = LCD_DATA_PORT+0x80 
.................... #elif defined(__PCH__) 
....................    LCD_PIN_MAP lcd, lcdlat, lcdtris; 
....................    #byte lcd = LCD_DATA_PORT 
....................    #byte lcdlat = LCD_DATA_PORT+9 
....................    #byte lcdtris = LCD_DATA_PORT+0x12 
.................... #elif defined(__PCD__) 
....................    LCD_PIN_MAP lcd, lcdlat, lcdtris; 
....................    #word lcd = LCD_DATA_PORT 
....................    #word lcdlat = LCD_DATA_PORT+2 
....................    #word lcdtris = LCD_DATA_PORT-0x02 
.................... #endif 
.................... #endif   //LCD_DATA4 not defined 
....................  
.................... #ifndef LCD_TYPE 
....................    #define LCD_TYPE 2           // 0=5x7, 1=5x10, 2=2 lines 
.................... #endif 
....................  
.................... #ifndef LCD_LINE_TWO 
....................    #define LCD_LINE_TWO 0x40    // LCD RAM address for the second line 
.................... #endif 
....................  
.................... #ifndef LCD_LINE_LENGTH 
....................    #define LCD_LINE_LENGTH 20 
.................... #endif 
....................  
.................... unsigned int8 lcd_read_nibble(void); 
....................  
.................... unsigned int8 lcd_read_byte(void) 
.................... { 
....................    unsigned int8 low,high; 
....................  
....................  #if defined(__PCB__) 
....................    set_tris_lcd(LCD_INPUT_MAP); 
....................  #else 
....................   #if (defined(LCD_DATA4) && defined(LCD_DATA5) && defined(LCD_DATA6) && defined(LCD_DATA7)) 
....................    output_float(LCD_DATA4); 
*
00E1:  BSF    08.4
....................    output_float(LCD_DATA5); 
00E2:  BSF    08.5
....................    output_float(LCD_DATA6); 
00E3:  BSF    08.6
....................    output_float(LCD_DATA7); 
00E4:  BSF    08.7
....................   #else 
....................    lcdtris.data = 0xF; 
....................   #endif 
....................  #endif 
....................          
....................    lcd_output_rw(1); 
00E5:  BCF    03.5
00E6:  BSF    05.4
00E7:  BSF    03.5
00E8:  BCF    05.4
....................    delay_cycles(1); 
00E9:  NOP
....................    lcd_output_enable(1); 
00EA:  BCF    03.5
00EB:  BSF    05.3
00EC:  BSF    03.5
00ED:  BCF    05.3
....................    delay_cycles(1); 
00EE:  NOP
....................    high = lcd_read_nibble(); 
00EF:  BCF    03.5
00F0:  CALL   0A8
00F1:  MOVF   78,W
00F2:  MOVWF  4C
....................        
....................    lcd_output_enable(0); 
00F3:  BCF    05.3
00F4:  BSF    03.5
00F5:  BCF    05.3
....................    delay_cycles(1); 
00F6:  NOP
....................    lcd_output_enable(1); 
00F7:  BCF    03.5
00F8:  BSF    05.3
00F9:  BSF    03.5
00FA:  BCF    05.3
....................    delay_us(1); 
00FB:  GOTO   0FC
00FC:  GOTO   0FD
00FD:  NOP
....................    low = lcd_read_nibble(); 
00FE:  BCF    03.5
00FF:  CALL   0A8
0100:  MOVF   78,W
0101:  MOVWF  4B
....................        
....................    lcd_output_enable(0); 
0102:  BCF    05.3
0103:  BSF    03.5
0104:  BCF    05.3
....................  
....................  #if defined(__PCB__) 
....................    set_tris_lcd(LCD_OUTPUT_MAP); 
....................  #else 
....................   #if (defined(LCD_DATA4) && defined(LCD_DATA5) && defined(LCD_DATA6) && defined(LCD_DATA7)) 
....................    output_drive(LCD_DATA4); 
0105:  BCF    08.4
....................    output_drive(LCD_DATA5); 
0106:  BCF    08.5
....................    output_drive(LCD_DATA6); 
0107:  BCF    08.6
....................    output_drive(LCD_DATA7); 
0108:  BCF    08.7
....................   #else 
....................    lcdtris.data = 0x0; 
....................   #endif 
....................  #endif 
....................  
....................    return( (high<<4) | low); 
0109:  BCF    03.5
010A:  SWAPF  4C,W
010B:  MOVWF  77
010C:  MOVLW  F0
010D:  ANDWF  77,F
010E:  MOVF   77,W
010F:  IORWF  4B,W
0110:  MOVWF  78
.................... } 
....................  
.................... unsigned int8 lcd_read_nibble(void) 
.................... { 
....................   #if (defined(LCD_DATA4) && defined(LCD_DATA5) && defined(LCD_DATA6) && defined(LCD_DATA7)) 
*
00A8:  CLRF   4D
....................    unsigned int8 n = 0x00; 
....................  
....................    /* Read the data port */ 
....................    n |= input(LCD_DATA4); 
00A9:  BSF    03.5
00AA:  BSF    08.4
00AB:  MOVLW  00
00AC:  BCF    03.5
00AD:  BTFSC  08.4
00AE:  MOVLW  01
00AF:  IORWF  4D,F
....................    n |= input(LCD_DATA5) << 1; 
00B0:  BSF    03.5
00B1:  BSF    08.5
00B2:  MOVLW  00
00B3:  BCF    03.5
00B4:  BTFSC  08.5
00B5:  MOVLW  01
00B6:  MOVWF  77
00B7:  BCF    03.0
00B8:  RLF    77,F
00B9:  MOVF   77,W
00BA:  IORWF  4D,F
....................    n |= input(LCD_DATA6) << 2; 
00BB:  BSF    03.5
00BC:  BSF    08.6
00BD:  MOVLW  00
00BE:  BCF    03.5
00BF:  BTFSC  08.6
00C0:  MOVLW  01
00C1:  MOVWF  77
00C2:  RLF    77,F
00C3:  RLF    77,F
00C4:  MOVLW  FC
00C5:  ANDWF  77,F
00C6:  MOVF   77,W
00C7:  IORWF  4D,F
....................    n |= input(LCD_DATA7) << 3; 
00C8:  BSF    03.5
00C9:  BSF    08.7
00CA:  MOVLW  00
00CB:  BCF    03.5
00CC:  BTFSC  08.7
00CD:  MOVLW  01
00CE:  MOVWF  77
00CF:  RLF    77,F
00D0:  RLF    77,F
00D1:  RLF    77,F
00D2:  MOVLW  F8
00D3:  ANDWF  77,F
00D4:  MOVF   77,W
00D5:  IORWF  4D,F
....................     
....................    return(n); 
00D6:  MOVF   4D,W
00D7:  MOVWF  78
....................   #else 
00D8:  RETURN
....................    return(lcd.data); 
....................   #endif 
.................... } 
....................  
.................... void lcd_send_nibble(unsigned int8 n) 
.................... { 
....................   #if (defined(LCD_DATA4) && defined(LCD_DATA5) && defined(LCD_DATA6) && defined(LCD_DATA7)) 
....................    /* Write to the data port */ 
....................    output_bit(LCD_DATA4, bit_test(n, 0)); 
*
0078:  BTFSC  4C.0
0079:  GOTO   07C
007A:  BCF    08.4
007B:  GOTO   07D
007C:  BSF    08.4
007D:  BSF    03.5
007E:  BCF    08.4
....................    output_bit(LCD_DATA5, bit_test(n, 1)); 
007F:  BCF    03.5
0080:  BTFSC  4C.1
0081:  GOTO   084
0082:  BCF    08.5
0083:  GOTO   085
0084:  BSF    08.5
0085:  BSF    03.5
0086:  BCF    08.5
....................    output_bit(LCD_DATA6, bit_test(n, 2)); 
0087:  BCF    03.5
0088:  BTFSC  4C.2
0089:  GOTO   08C
008A:  BCF    08.6
008B:  GOTO   08D
008C:  BSF    08.6
008D:  BSF    03.5
008E:  BCF    08.6
....................    output_bit(LCD_DATA7, bit_test(n, 3)); 
008F:  BCF    03.5
0090:  BTFSC  4C.3
0091:  GOTO   094
0092:  BCF    08.7
0093:  GOTO   095
0094:  BSF    08.7
0095:  BSF    03.5
0096:  BCF    08.7
....................   #else       
....................    lcdlat.data = n; 
....................   #endif 
....................        
....................    delay_cycles(1); 
0097:  NOP
....................    lcd_output_enable(1); 
0098:  BCF    03.5
0099:  BSF    05.3
009A:  BSF    03.5
009B:  BCF    05.3
....................    delay_us(2); 
009C:  MOVLW  02
009D:  MOVWF  77
009E:  DECFSZ 77,F
009F:  GOTO   09E
00A0:  GOTO   0A1
00A1:  NOP
....................    lcd_output_enable(0); 
00A2:  BCF    03.5
00A3:  BCF    05.3
00A4:  BSF    03.5
00A5:  BCF    05.3
00A6:  BCF    03.5
00A7:  RETURN
.................... } 
....................  
.................... void lcd_send_byte(unsigned int8 address, unsigned int8 n) 
.................... { 
....................   #if defined(__PCB__) 
....................    set_tris_lcd(LCD_OUTPUT_MAP); 
....................   #else 
....................    lcd_enable_tris(); 
*
00D9:  BSF    03.5
00DA:  BCF    05.3
....................    lcd_rs_tris(); 
00DB:  BCF    05.5
....................    lcd_rw_tris(); 
00DC:  BCF    05.4
....................   #endif 
....................  
....................    lcd_output_rs(0); 
00DD:  BCF    03.5
00DE:  BCF    05.5
00DF:  BSF    03.5
00E0:  BCF    05.5
....................    while ( bit_test(lcd_read_byte(),7) ) ; 
*
0111:  MOVF   78,W
0112:  MOVWF  4B
0113:  BTFSS  4B.7
0114:  GOTO   117
0115:  BSF    03.5
0116:  GOTO   0E1
....................    lcd_output_rs(address); 
0117:  MOVF   49,F
0118:  BTFSS  03.2
0119:  GOTO   11C
011A:  BCF    05.5
011B:  GOTO   11D
011C:  BSF    05.5
011D:  BSF    03.5
011E:  BCF    05.5
....................    delay_cycles(1); 
011F:  NOP
....................    lcd_output_rw(0); 
0120:  BCF    03.5
0121:  BCF    05.4
0122:  BSF    03.5
0123:  BCF    05.4
....................    delay_cycles(1); 
0124:  NOP
....................    lcd_output_enable(0); 
0125:  BCF    03.5
0126:  BCF    05.3
0127:  BSF    03.5
0128:  BCF    05.3
....................    lcd_send_nibble(n >> 4); 
0129:  BCF    03.5
012A:  SWAPF  4A,W
012B:  MOVWF  4B
012C:  MOVLW  0F
012D:  ANDWF  4B,F
012E:  MOVF   4B,W
012F:  MOVWF  4C
0130:  CALL   078
....................    lcd_send_nibble(n & 0xf); 
0131:  MOVF   4A,W
0132:  ANDLW  0F
0133:  MOVWF  4B
0134:  MOVWF  4C
0135:  CALL   078
0136:  RETURN
.................... } 
....................  
.................... #if defined(LCD_EXTENDED_NEWLINE) 
.................... unsigned int8 g_LcdX, g_LcdY; 
.................... #endif 
....................  
.................... void lcd_init(void)  
.................... { 
....................    unsigned int8 i; 
....................    unsigned int8 LCD_INIT_STRING[4] = {0x20 | (LCD_TYPE << 2), 0xc, 1, 6}; 
0137:  MOVLW  28
0138:  MOVWF  38
0139:  MOVLW  0C
013A:  MOVWF  39
013B:  MOVLW  01
013C:  MOVWF  3A
013D:  MOVLW  06
013E:  MOVWF  3B
....................                              // These bytes need to be sent to the LCD 
....................                              // to start it up. 
....................     
....................  
....................    lcd_output_enable(0); 
013F:  BCF    05.3
0140:  BSF    03.5
0141:  BCF    05.3
....................    lcd_output_rs(0); 
0142:  BCF    03.5
0143:  BCF    05.5
0144:  BSF    03.5
0145:  BCF    05.5
....................    lcd_output_rw(0); 
0146:  BCF    03.5
0147:  BCF    05.4
0148:  BSF    03.5
0149:  BCF    05.4
....................  
....................  #if defined(__PCB__) 
....................    set_tris_lcd(LCD_OUTPUT_MAP); 
....................  #else 
....................   #if (defined(LCD_DATA4) && defined(LCD_DATA5) && defined(LCD_DATA6) && defined(LCD_DATA7)) 
....................    output_drive(LCD_DATA4); 
014A:  BCF    08.4
....................    output_drive(LCD_DATA5); 
014B:  BCF    08.5
....................    output_drive(LCD_DATA6); 
014C:  BCF    08.6
....................    output_drive(LCD_DATA7); 
014D:  BCF    08.7
....................   #else 
....................    lcdtris.data = 0x0; 
....................   #endif 
....................    lcd_enable_tris(); 
014E:  BCF    05.3
....................    lcd_rs_tris(); 
014F:  BCF    05.5
....................    lcd_rw_tris(); 
0150:  BCF    05.4
....................  #endif 
....................      
....................    delay_ms(15); 
0151:  MOVLW  0F
0152:  BCF    03.5
0153:  MOVWF  45
0154:  CALL   064
....................    for(i=1;i<=3;++i) 
0155:  MOVLW  01
0156:  MOVWF  37
0157:  MOVF   37,W
0158:  SUBLW  03
0159:  BTFSS  03.0
015A:  GOTO   163
....................    { 
....................        lcd_send_nibble(3); 
015B:  MOVLW  03
015C:  MOVWF  4C
015D:  CALL   078
....................        delay_ms(5); 
015E:  MOVLW  05
015F:  MOVWF  45
0160:  CALL   064
0161:  INCF   37,F
0162:  GOTO   157
....................    } 
....................     
....................    lcd_send_nibble(2); 
0163:  MOVLW  02
0164:  MOVWF  4C
0165:  CALL   078
....................    delay_ms(5); 
0166:  MOVLW  05
0167:  MOVWF  45
0168:  CALL   064
....................    for(i=0;i<=3;++i) 
0169:  CLRF   37
016A:  MOVF   37,W
016B:  SUBLW  03
016C:  BTFSS  03.0
016D:  GOTO   17A
....................       lcd_send_byte(0,LCD_INIT_STRING[i]); 
016E:  MOVLW  38
016F:  ADDWF  37,W
0170:  MOVWF  04
0171:  BCF    03.7
0172:  MOVF   00,W
0173:  MOVWF  3C
0174:  CLRF   49
0175:  MOVF   3C,W
0176:  MOVWF  4A
0177:  CALL   0D9
....................  
....................   #if defined(LCD_EXTENDED_NEWLINE) 
0178:  INCF   37,F
0179:  GOTO   16A
017A:  BCF    0A.3
017B:  BCF    0A.4
017C:  GOTO   54E (RETURN)
....................    g_LcdX = 0; 
....................    g_LcdY = 0; 
....................   #endif 
.................... } 
....................  
.................... void lcd_gotoxy(unsigned int8 x, unsigned int8 y) 
.................... { 
....................    unsigned int8 address; 
....................     
....................    if(y!=1) 
*
0180:  DECFSZ 46,W
0181:  GOTO   183
0182:  GOTO   186
....................       address=LCD_LINE_TWO; 
0183:  MOVLW  40
0184:  MOVWF  47
0185:  GOTO   187
....................    else 
....................       address=0; 
0186:  CLRF   47
....................       
....................    address+=x-1; 
0187:  MOVLW  01
0188:  SUBWF  45,W
0189:  ADDWF  47,F
....................    lcd_send_byte(0,0x80|address); 
018A:  MOVF   47,W
018B:  IORLW  80
018C:  MOVWF  48
018D:  CLRF   49
018E:  MOVF   48,W
018F:  MOVWF  4A
0190:  CALL   0D9
....................  
....................   #if defined(LCD_EXTENDED_NEWLINE) 
0191:  RETURN
....................    g_LcdX = x - 1; 
....................    g_LcdY = y - 1; 
....................   #endif 
.................... } 
....................  
.................... void lcd_putc(char c) 
.................... { 
....................    switch (c) 
0192:  MOVF   44,W
0193:  XORLW  07
0194:  BTFSC  03.2
0195:  GOTO   1A0
0196:  XORLW  0B
0197:  BTFSC  03.2
0198:  GOTO   1A5
0199:  XORLW  06
019A:  BTFSC  03.2
019B:  GOTO   1AD
019C:  XORLW  02
019D:  BTFSC  03.2
019E:  GOTO   1B3
019F:  GOTO   1B8
....................    { 
....................       case '\a'   :  lcd_gotoxy(1,1);     break; 
01A0:  MOVLW  01
01A1:  MOVWF  45
01A2:  MOVWF  46
01A3:  CALL   180
01A4:  GOTO   1BD
....................  
....................       case '\f'   :  lcd_send_byte(0,1); 
01A5:  CLRF   49
01A6:  MOVLW  01
01A7:  MOVWF  4A
01A8:  CALL   0D9
....................                      delay_ms(2); 
01A9:  MOVLW  02
01AA:  MOVWF  45
01AB:  CALL   064
....................                     #if defined(LCD_EXTENDED_NEWLINE) 
....................                      g_LcdX = 0; 
....................                      g_LcdY = 0; 
....................                     #endif 
....................                      break; 
01AC:  GOTO   1BD
....................  
....................      #if defined(LCD_EXTENDED_NEWLINE) 
....................       case '\r'   :  lcd_gotoxy(1, g_LcdY+1);   break; 
....................       case '\n'   : 
....................          while (g_LcdX++ < LCD_LINE_LENGTH) 
....................          { 
....................             lcd_send_byte(1, ' '); 
....................          } 
....................          lcd_gotoxy(1, g_LcdY+2); 
....................          break; 
....................      #else 
....................       case '\n'   : lcd_gotoxy(1,2);        break; 
01AD:  MOVLW  01
01AE:  MOVWF  45
01AF:  MOVLW  02
01B0:  MOVWF  46
01B1:  CALL   180
01B2:  GOTO   1BD
....................      #endif 
....................       
....................       case '\b'   : lcd_send_byte(0,0x10);  break; 
01B3:  CLRF   49
01B4:  MOVLW  10
01B5:  MOVWF  4A
01B6:  CALL   0D9
01B7:  GOTO   1BD
....................       
....................      #if defined(LCD_EXTENDED_NEWLINE) 
....................       default     :  
....................          if (g_LcdX < LCD_LINE_LENGTH) 
....................          { 
....................             lcd_send_byte(1, c); 
....................             g_LcdX++; 
....................          } 
....................          break; 
....................      #else 
....................       default     : lcd_send_byte(1,c);     break; 
01B8:  MOVLW  01
01B9:  MOVWF  49
01BA:  MOVF   44,W
01BB:  MOVWF  4A
01BC:  CALL   0D9
....................      #endif 
....................    } 
01BD:  RETURN
.................... } 
....................   
.................... char lcd_getc(unsigned int8 x, unsigned int8 y) 
.................... { 
....................    char value; 
....................  
....................    lcd_gotoxy(x,y); 
....................    while ( bit_test(lcd_read_byte(),7) ); // wait until busy flag is low 
....................    lcd_output_rs(1); 
....................    value = lcd_read_byte(); 
....................    lcd_output_rs(0); 
....................     
....................    return(value); 
.................... } 
....................  
.................... // write a custom character to the ram 
.................... // which is 0-7 and specifies which character array we are modifying. 
.................... // ptr points to an array of 8 bytes, where each byte is the next row of 
.................... //    pixels.  only bits 0-4 are used.  the last row is the cursor row, and 
.................... //    usually you will want to leave this byte 0x00. 
.................... void lcd_set_cgram_char(unsigned int8 which, unsigned int8 *ptr) 
.................... { 
....................    unsigned int i; 
....................  
....................    which <<= 3; 
....................    which &= 0x38; 
....................  
....................    lcd_send_byte(0, 0x40 | which);  //set cgram address 
....................  
....................    for(i=0; i<8; i++) 
....................    { 
....................       lcd_send_byte(1, *ptr++); 
....................    } 
....................    
....................    #if defined(LCD_EXTENDED_NEWLINE) 
....................     lcd_gotoxy(g_LcdX+1, g_LcdY+1);  //set ddram address 
....................    #endif 
.................... } 
....................  
.................... void lcd_cursor_on(int1 on) 
.................... { 
....................    if (on) 
....................    { 
....................       lcd_send_byte(0,0x0F);           //turn LCD cursor ON 
....................    } 
....................    else 
....................    { 
....................       lcd_send_byte(0,0x0C);           //turn LCD cursor OFF 
....................    } 
.................... } 
....................  
.................... #endif 
....................  
.................... #include <kbd4x4_d.c> 
.................... /////////////////////////////////////////////////////////////////////////// 
.................... ////                             KBD4x4_1.C                                //// 
.................... ////                  Generic keypad scan driver                       //// 
.................... ////                                                                   //// 
.................... ////  kbd_init()   Must be called before any other function.           //// 
.................... ////                                                                   //// 
.................... ////  c = kbd_getc(c)  Will return a key value if pressed or /0 if not //// 
.................... ////                   This function should be called frequently so as //// 
.................... ////                   not to miss a key press.                        //// 
.................... ////                                                                   //// 
.................... /////////////////////////////////////////////////////////////////////////// 
.................... ////        (C) Copyright 1996,2003 Custom Computer Services           //// 
.................... //// This source code may only be used by licensed users of the CCS C  //// 
.................... //// compiler.  This source code may only be distributed to other      //// 
.................... //// licensed users of the CCS C compiler.  No other use, reproduction //// 
.................... //// or distribution is permitted without written permission.          //// 
.................... //// Derivative programs created using this software in object code    //// 
.................... //// form are not restricted in any way.                               //// 
.................... /////////////////////////////////////////////////////////////////////////// 
....................  
.................... ////////////////// The following defines the keypad layout on port D 
....................  
.................... // Un-comment the following define to use port B 
.................... //#define use_portb_kbd TRUE 
....................  
.................... // Make sure the port used has pull-up resistors (or the LCD) on 
.................... // the column pins 
....................  
....................  
.................... #if defined(__PCH__) 
.................... #if defined use_portb_kbd 
....................    #byte kbd = 0xF81                   // This puts the entire structure 
.................... #else 
....................    #byte kbd = 0xF83                   // This puts the entire structure 
.................... #endif 
.................... #else 
.................... #if defined use_portb_kbd 
....................    #byte kbd = 6                  // on to port B (at address 6) 
.................... #else 
....................    #byte kbd = 8                 // on to port D (at address 8) 
.................... #endif 
.................... #endif 
....................  
.................... #if defined use_portb_kbd 
....................    #define set_tris_kbd(x) set_tris_b(x) 
.................... #else 
....................    #define set_tris_kbd(x) set_tris_d(x) 
.................... #endif 
....................  
....................  
....................  
.................... //Keypad connection:   (for example column 0 is B2) 
.................... //                Bx: 
....................  
.................... #ifdef blue_keypad  ///////////////////////////////////// For the blue keypad 
.................... #define COL0 (1 << 2) 
.................... #define COL1 (1 << 3) 
.................... #define COL2 (1 << 6) 
....................  
.................... #define ROW0 (1 << 4) 
.................... #define ROW1 (1 << 7) 
.................... #define ROW2 (1 << 1) 
.................... #define ROW3 (1 << 5) 
....................  
.................... #else ////////////////////////////////////////////////// For the black keypad 
.................... #define COL0 (1 << 4) 
.................... #define COL1 (1 << 5) 
.................... #define COL2 (1 << 6) 
.................... #define COL3 (1 << 7) 
....................  
.................... #define ROW0 (1 << 0) 
.................... #define ROW1 (1 << 1) 
.................... #define ROW2 (1 << 2) 
.................... #define ROW3 (1 << 3) 
....................  
.................... #endif 
....................  
.................... #define ALL_ROWS (ROW0|ROW1|ROW2|ROW3) 
.................... #define ALL_PINS (ALL_ROWS|COL0|COL1|COL2|COL3) 
....................  
.................... // Keypad layout: 
.................... char const KEYS[4][4] = {{'7','8','9','/'}, 
....................                          {'4','5','6','*'}, 
....................                          {'1','2','3','-'}, 
....................                          {'C','0','=','+'}}; 
....................  
.................... #define KBD_DEBOUNCE_FACTOR 33    // Set this number to apx n/333 where 
....................                                   // n is the number of times you expect 
....................                                   // to call kbd_getc each second 
....................  
....................  
.................... void kbd_init() { 
*
017D:  BCF    0A.3
017E:  BCF    0A.4
017F:  GOTO   54F (RETURN)
.................... } 
....................  
.................... char kbd_getc( ) { 
....................    static BYTE kbd_call_count; 
*
0548:  BCF    03.5
0549:  CLRF   2B
....................    static int1 kbd_down; 
054A:  BCF    2C.0
....................    static char last_key; 
054B:  CLRF   2D
....................    static BYTE col; 
054C:  CLRF   2E
....................  
....................    BYTE kchar; 
....................    BYTE row; 
....................  
....................    kchar='\0'; 
....................    if(++kbd_call_count>KBD_DEBOUNCE_FACTOR) { 
....................        switch (col) { 
....................          case 0   : set_tris_kbd(ALL_PINS&~COL0); 
....................                     kbd=~COL0&ALL_PINS; 
....................                     break; 
....................          case 1   : set_tris_kbd(ALL_PINS&~COL1); 
....................                     kbd=~COL1&ALL_PINS; 
....................                     break; 
....................          case 2   : set_tris_kbd(ALL_PINS&~COL2); 
....................                     kbd=~COL2&ALL_PINS; 
....................                     break; 
....................          case 3   : set_tris_kbd(ALL_PINS&~COL3); 
....................                     kbd=~COL3&ALL_PINS; 
....................                     break; 
....................        } 
....................  
....................        if(kbd_down) { 
....................          if((kbd & (ALL_ROWS))==(ALL_ROWS)) { 
....................            kbd_down=FALSE; 
....................            kchar=last_key; 
....................            last_key='\0'; 
....................          } 
....................        } else { 
....................           if((kbd & (ALL_ROWS))!=(ALL_ROWS)) { 
....................              if((kbd & ROW0)==0) 
....................                row=0; 
....................              else if((kbd & ROW1)==0) 
....................                row=1; 
....................              else if((kbd & ROW2)==0) 
....................                row=2; 
....................              else if((kbd & ROW3)==0) 
....................                row=3; 
....................              last_key =KEYS[row][col]; 
....................              kbd_down = TRUE; 
....................           } else { 
....................              ++col; 
....................              if(col==4) 
....................                col=0; 
....................           } 
....................        } 
....................       kbd_call_count=0; 
....................    } 
....................   set_tris_kbd(ALL_PINS); 
....................   return(kchar); 
.................... } 
....................  
.................... #include <getNum16.c> 
.................... /* 
....................    ** Se requiere haber inicializado el lcd y el teclado **  
....................     
....................    Usar como "int16 numero = get_num();" no puede borrar numeros 
....................     
....................    Al usar como "int16 numero = get_num_lcd(cursor_x,cursor_y)" 
....................    se pueden borrar caracteres con '-' y con 'C' 
....................        
....................    Por Angel Primitivo Vejar Corts 2022 | angel-primi@hotmail.com 
.................... */ 
....................  
.................... unsigned int32 pow(int8 base, int8 power){ 
....................    int32 result = 1; 
....................    for(int8 i = 0; i < power; i++){ 
....................       result *= base; 
....................    } 
....................    return result; 
.................... } 
....................  
.................... char read_key(){ 
....................    char c; 
....................    do{ 
....................       c=kbd_getc(); 
....................    } 
....................    while(c=='\0');  
....................    return(c); 
.................... } 
....................  
.................... int16 get_num_lcd(int8 x, int8 y){ 
....................    lcd_gotoxy(x,y); 
....................    int16 numero = 0; 
....................    char cadena[5] = {0,0,0,0,0}; 
....................    int8 index = 0; 
....................    char tecla; 
....................    do { 
....................       tecla = read_key(); 
....................       if((tecla >= 48) && (tecla <= 57))  
....................       { 
....................          cadena[index] = tecla; 
....................          index++; 
....................          printf(lcd_putc,"%c",tecla); 
....................       } 
....................        
....................       if(tecla == '-' && index > 0){ 
....................          index--; 
....................          cadena[index] = 0; 
....................          lcd_gotoxy(x + index,y); 
....................          printf(lcd_putc," "); 
....................          lcd_gotoxy(x + index,y); 
....................       } 
....................        
....................       if(tecla == 'C' && index > 0){ 
....................          index=0; 
....................          cadena[0] = 0; 
....................          cadena[1] = 0; 
....................          cadena[2] = 0; 
....................          cadena[3] = 0; 
....................          cadena[4] = 0; 
....................          lcd_gotoxy(x,y); 
....................          printf(lcd_putc,"     "); 
....................          lcd_gotoxy(x,y); 
....................       } 
....................        
....................       if(tecla == '=' && index > 0){ 
....................          break;      
....................       } 
....................    }while(index < 5); 
....................     
....................    for(int8 i = 0; i < index; i++){ 
....................       numero += (cadena[i] - 48) * (pow(10,index - 1 - i)); 
....................    }   
....................    return numero; 
.................... } 
....................  
.................... int16 get_num() { 
....................    int16 numero = 0; 
....................    char cadena[5] = {0,0,0,0,0}; 
....................    int8 index = 0; 
....................    char tecla; 
....................    do { 
....................       tecla = read_key(); 
....................       if((tecla >= 48) && (tecla <= 57))  
....................       { 
....................          cadena[index] = tecla; 
....................          index++; 
....................          printf(lcd_putc,"%c",tecla); 
....................       } 
....................        
....................       if(tecla == '=' && index > 0){ 
....................          break;      
....................       } 
....................    }while(index < 5); 
....................     
....................    for(int8 i = 0; i < index; i++){ 
....................       numero += (cadena[i] - 48) * (pow(10,index - 1 - i)); 
....................    }   
....................    return numero; 
.................... } 
....................  
....................  
.................... #use STANDARD_IO(A) 
.................... #use STANDARD_IO(B) 
....................  
.................... #define LED PIN_A0 
....................  
.................... int16 contador; 
....................  
.................... #INT_TIMER1 
.................... void t1_isr(){ 
....................    contador++; 
*
0054:  INCF   2F,F
0055:  BTFSC  03.2
0056:  INCF   30,F
....................    set_timer1(0); // Volver a comenzar conteo de timer 
0057:  CLRF   0E
0058:  CLRF   0F
0059:  CLRF   0E
005A:  BCF    0C.0
005B:  BCF    0A.3
005C:  BCF    0A.4
005D:  GOTO   02D
.................... } 
....................  
.................... void main() 
*
053D:  MOVF   03,W
053E:  ANDLW  1F
053F:  MOVWF  03
0540:  BSF    03.5
0541:  BSF    1F.0
0542:  BSF    1F.1
0543:  BSF    1F.2
0544:  BCF    1F.3
0545:  MOVLW  07
0546:  MOVWF  1C
0547:  BCF    03.7
.................... { 
....................    // Inicializar pines 
....................    lcd_init(); 
*
054D:  GOTO   137
....................    kbd_init(); 
054E:  GOTO   17D
....................     
....................    setup_timer_1(T1_INTERNAL | T1_DIV_BY_8); // Configuracin del t1 
054F:  MOVLW  B5
0550:  MOVWF  10
....................    enable_interrupts(INT_TIMER1); 
0551:  BSF    03.5
0552:  BSF    0C.0
....................    enable_interrupts(GLOBAL); 
0553:  MOVLW  C0
0554:  BCF    03.5
0555:  IORWF  0B,F
....................    float tiempo_ms; 
....................    int16 pulsos; 
....................     
....................    while (TRUE) 
....................    { 
....................    printf(lcd_putc,"\fsi jala XD"); 
0556:  MOVLW  5E
0557:  BSF    03.6
0558:  MOVWF  0D
0559:  MOVLW  00
055A:  MOVWF  0F
055B:  BCF    03.6
055C:  GOTO   1BE
....................       while(input(PIN_B0)==0){} 
055D:  BSF    03.5
055E:  BSF    06.0
055F:  BCF    03.5
0560:  BTFSS  06.0
0561:  GOTO   55D
....................       contador=0; 
0562:  CLRF   30
0563:  CLRF   2F
....................       set_timer1(0); // Inicio del conteo 
0564:  CLRF   0E
0565:  CLRF   0F
0566:  CLRF   0E
....................       while(input(PIN_B0)){} 
0567:  BSF    03.5
0568:  BSF    06.0
0569:  BCF    03.5
056A:  BTFSC  06.0
056B:  GOTO   567
....................       pulsos = get_timer1(); // Obtener registros 
056C:  MOVF   0F,W
056D:  MOVWF  7A
056E:  MOVF   0E,W
056F:  MOVWF  77
0570:  MOVF   0F,W
0571:  SUBWF  7A,W
0572:  BTFSS  03.2
0573:  GOTO   56C
0574:  MOVF   77,W
0575:  MOVWF  35
0576:  MOVF   7A,W
0577:  MOVWF  36
....................       tiempo_ms = (float)pulsos * 0.0016 + (float) contador * 104.2; // Pendiente: agregar lgica del contador 
0578:  MOVF   36,W
0579:  MOVWF  3C
057A:  MOVF   35,W
057B:  MOVWF  3B
057C:  CALL   216
057D:  MOVF   7A,W
057E:  MOVWF  3A
057F:  MOVF   79,W
0580:  MOVWF  39
0581:  MOVF   78,W
0582:  MOVWF  38
0583:  MOVF   77,W
0584:  MOVWF  37
0585:  MOVF   7A,W
0586:  MOVWF  47
0587:  MOVF   79,W
0588:  MOVWF  46
0589:  MOVF   78,W
058A:  MOVWF  45
058B:  MOVF   77,W
058C:  MOVWF  44
058D:  MOVLW  17
058E:  MOVWF  4B
058F:  MOVLW  B7
0590:  MOVWF  4A
0591:  MOVLW  51
0592:  MOVWF  49
0593:  MOVLW  75
0594:  MOVWF  48
0595:  CALL   233
0596:  MOVF   7A,W
0597:  MOVWF  3A
0598:  MOVF   79,W
0599:  MOVWF  39
059A:  MOVF   78,W
059B:  MOVWF  38
059C:  MOVF   77,W
059D:  MOVWF  37
059E:  MOVF   30,W
059F:  MOVWF  3C
05A0:  MOVF   2F,W
05A1:  MOVWF  3B
05A2:  CALL   216
05A3:  MOVF   7A,W
05A4:  MOVWF  3E
05A5:  MOVF   79,W
05A6:  MOVWF  3D
05A7:  MOVF   78,W
05A8:  MOVWF  3C
05A9:  MOVF   77,W
05AA:  MOVWF  3B
05AB:  MOVF   7A,W
05AC:  MOVWF  47
05AD:  MOVF   79,W
05AE:  MOVWF  46
05AF:  MOVF   78,W
05B0:  MOVWF  45
05B1:  MOVF   77,W
05B2:  MOVWF  44
05B3:  MOVLW  66
05B4:  MOVWF  4B
05B5:  MOVWF  4A
05B6:  MOVLW  50
05B7:  MOVWF  49
05B8:  MOVLW  85
05B9:  MOVWF  48
05BA:  CALL   233
05BB:  BCF    03.1
05BC:  MOVF   3A,W
05BD:  MOVWF  3E
05BE:  MOVF   39,W
05BF:  MOVWF  3D
05C0:  MOVF   38,W
05C1:  MOVWF  3C
05C2:  MOVF   37,W
05C3:  MOVWF  3B
05C4:  MOVF   7A,W
05C5:  MOVWF  42
05C6:  MOVF   79,W
05C7:  MOVWF  41
05C8:  MOVF   78,W
05C9:  MOVWF  40
05CA:  MOVF   77,W
05CB:  MOVWF  3F
05CC:  GOTO   2A8
05CD:  MOVF   7A,W
05CE:  MOVWF  34
05CF:  MOVF   79,W
05D0:  MOVWF  33
05D1:  MOVF   78,W
05D2:  MOVWF  32
05D3:  MOVF   77,W
05D4:  MOVWF  31
....................       printf(lcd_putc,"\f%f ms",tiempo_ms); // Mostrar tiempo en ms 
05D5:  MOVLW  0C
05D6:  MOVWF  44
05D7:  CALL   192
05D8:  MOVLW  89
05D9:  MOVWF  04
05DA:  MOVF   34,W
05DB:  MOVWF  3A
05DC:  MOVF   33,W
05DD:  MOVWF  39
05DE:  MOVF   32,W
05DF:  MOVWF  38
05E0:  MOVF   31,W
05E1:  MOVWF  37
05E2:  MOVLW  02
05E3:  MOVWF  3B
05E4:  GOTO   43A
05E5:  MOVLW  20
05E6:  MOVWF  44
05E7:  CALL   192
05E8:  MOVLW  6D
05E9:  MOVWF  44
05EA:  CALL   192
05EB:  MOVLW  73
05EC:  MOVWF  44
05ED:  CALL   192
....................       delay_ms(2000); 
05EE:  MOVLW  08
05EF:  MOVWF  37
05F0:  MOVLW  FA
05F1:  MOVWF  45
05F2:  CALL   064
05F3:  DECFSZ 37,F
05F4:  GOTO   5F0
....................  
....................       output_high(LED); 
05F5:  BSF    03.5
05F6:  BCF    05.0
05F7:  BCF    03.5
05F8:  BSF    05.0
....................       delay_ms((int16) tiempo_ms); 
05F9:  MOVF   34,W
05FA:  MOVWF  3A
05FB:  MOVF   33,W
05FC:  MOVWF  39
05FD:  MOVF   32,W
05FE:  MOVWF  38
05FF:  MOVF   31,W
0600:  MOVWF  37
0601:  GOTO   51C
0602:  MOVF   79,W
0603:  MOVWF  38
0604:  MOVF   78,W
0605:  MOVWF  37
0606:  MOVF   79,W
0607:  MOVWF  39
0608:  INCF   39,F
0609:  DECF   39,F
060A:  BTFSC  03.2
060B:  GOTO   610
060C:  MOVLW  FF
060D:  MOVWF  45
060E:  CALL   064
060F:  GOTO   609
0610:  MOVF   37,W
0611:  MOVWF  45
0612:  CALL   064
....................       output_low(LED); 
0613:  BSF    03.5
0614:  BCF    05.0
0615:  BCF    03.5
0616:  BCF    05.0
0617:  GOTO   556
....................    } 
.................... } 
0618:  SLEEP

Configuration Fuses:
   Word  1: 3F32   HS NOWDT PUT NOBROWNOUT NOLVP NOCPD NOWRT NODEBUG NOPROTECT
