
ROM used:   1683/8192 (21%)
            1683/8192 (21%) including unused fragments

            1.4 Average locations per line
            13.3 Average locations per statement

RAM used:   26/368 (7%) at main() level
            50/368 (14%) worst case

Stack used: 6 worst case (5 in main + 1 for interrupts)
Stack size: 8

Lines Stmts  %   Files
----- ----- ---  -----
   56    27  21  Replica_pulso_proyecto3-U3.c
  671     0   0  ..\..\..\..\Escritorio\PICC\Devices\16F877a.h
  456   100  79  ..\..\..\..\Escritorio\PICC\Drivers\lcd.c
----- -----
 1183   127 Total

Page ROM  %  RAM   Vol Diff  Functions:
---- --- --- ---   --- ----  ----------
0     20   1    1             @delay_ms1
 Inline         3   760  4.5  lcd_read_byte
0     49   3    2   262  3.7  lcd_read_nibble
0     48   3    1   399  2.4  lcd_send_nibble
0     94   6    3   415  3.7  lcd_send_byte
0     70   4    6   852  6.2  lcd_init
0     18   1    4   208  6.3  lcd_gotoxy
0     44   3    1   354  4.7  lcd_putc
0     10   1    0    29  1.2  t1_isr
0    250  15    8   772  4.9  MAIN
0      5   0    0             @const664
0     88   5    4             @PSTRINGC7_645
0     29   2    2             @ITOF
0    117   7   13             @MULFF
0    323  19   16             @ADDFF
 Inline         5             @FTOSD
0     79   5   13             @DIV3232
0    226  13   13             @PRINTF_L32D_645FPFPF
0     99   6    9             @PRINTF_LU_645
0     33   2    4             @SFTOI
 Inline         0             @cinit1

Program metrics:
    Functions               9
    Statements              127
    Comments                221
    Volume (V)              6169
    Difficulty (D)          36.3
    Effort to implement (E) 224112
    Time to implement (T)   3 hours, 28 minutes
    Est Delivered Bugs (B)  1
    Cyclomatic Complexity   8
    Maintainability (MI)    143

 Segment     Used  Free
-----------  ----  ----
00000-00003     4  0  
00004-00050    77  0  
00051-007FF  1602  365  
00800-00FFF     0  2048  
01000-017FF     0  2048  
01800-01FFF     0  2048  



