
ROM used:   2149/8192 (26%)
            2437/8192 (30%) including unused fragments

            1.5 Average locations per line
            8.1 Average locations per statement

RAM used:   33/368 (9%) at main() level
            68/368 (18%) worst case

Stack used: 7 worst case (6 in main + 1 for interrupts)
Stack size: 8

Lines Stmts  %   Files
----- ----- ---  -----
  122    54  20  control rpm_proyecto.c
  671     0   0  ..\..\..\..\Escritorio\PICC\Devices\16F877a.h
  456   100  38  ..\..\..\..\Escritorio\PICC\Drivers\lcd.c
  120    54  20  ..\..\..\..\Escritorio\PICC\Drivers\kbd_4x4_custom.c
   99    58  22  ..\..\..\..\Escritorio\PICC\Drivers\getNum16.c
----- -----
 1468   266 Total

Page ROM  %  RAM   Vol Diff  Functions:
---- --- --- ---   --- ----  ----------
0     20   1    1             @delay_ms1
 Inline         3   760  4.5  lcd_read_byte
0     49   2    2   262  3.7  lcd_read_nibble
0     48   2    1   399  2.4  lcd_send_nibble
0     94   4    3   415  3.7  lcd_send_byte
0     70   3    6   852  6.2  lcd_init
0     18   1    4   208  6.3  lcd_gotoxy
0     44   2    1   354  4.7  lcd_putc
0     20   1    0     3  0.0  @const657
0     27   1    0    67  1.2  kbd_init
0    150   7    1   786  4.8  read_row
0      8   0    0   155  5.0  @goto10700
 Inline         4   548  8.2  kbd_getc
 Inline         6   155  5.0  pow
0     42   2   13             @MUL3232
 Inline         1    90  3.1  read_key
0    273  13    5  1660 12.1  get_num_lcd
0      3   0    0             @const693
0     86   4    4             @PSTRINGC7_645
0     50   2    1   272  3.2  timer1_isr
0      7   0    0    13  1.0  ext_isr
1    389  18    4  1221  9.3  MAIN
0      6   0    0    13  1.0  @const715
0     29   1    2    96  2.9  @ITOF
0    117   5   13   141  2.6  @MULFF
0    202   9   14  1322  7.2  @DIVFF
0     31   1    4    13  1.0  @SFTOI
0     23   1    5  2520  9.3  @MUL1616
0     39   2    5             @DIV1616
0     15   1    0             @const733
0     89   4    5             @PSTRINGCN7_645
0     99   5    9             @PRINTF_LU_645
0     13   1    0             @const738
 Inline         0             @cinit1

Program metrics:
    Functions               24
    Statements              266
    Comments                245
    Volume (V)              20167
    Difficulty (D)          110.9
    Effort to implement (E) 2236851
    Time to implement (T)   34 hours, 31 minutes
    Est Delivered Bugs (B)  6
    Cyclomatic Complexity   50
    Maintainability (MI)    48

 Segment     Used  Free
-----------  ----  ----
00000-00003     4  0  
00004-00057    84  0  
00058-007FF  1672  288  
00800-00FFF   389  1659  
01000-017FF     0  2048  
01800-01FFF     0  2048  



