
ROM used:   2364/8192 (29%)
            2675/8192 (33%) including unused fragments

            1.7 Average locations per line
            9.7 Average locations per statement

RAM used:   14/368 (4%) at main() level
            50/368 (14%) worst case

Stack used: 7 worst case (7 in main + 0 for interrupts)
Stack size: 8

Lines Stmts  %   Files
----- ----- ---  -----
  119    76  31  lcd proyecto.c
  671     0   0  ..\..\..\..\Escritorio\PICC\Devices\16F877a.h
  350    67  27  ..\..\..\..\Escritorio\PICC\Drivers\lcd_d.c
  150    43  18  ..\..\..\..\Escritorio\PICC\Drivers\kbd4x4_b.c
   99    58  24  ..\..\..\..\Escritorio\PICC\Drivers\getNum16.c
----- -----
 1389   244 Total

Page ROM  %  RAM   Vol Diff  Functions:
---- --- --- ---   --- ----  ----------
0     20   1    1             @delay_ms1
0      8   0    0   760  4.5  @const631
 Inline         3   587  6.0  lcd_read_byte
0      6   0    0    59  4.2  lcd_read_nibble
0     17   1    1   172  3.4  lcd_send_nibble
0     61   3    3   317  4.3  lcd_send_byte
0     48   2    2   624  5.8  lcd_init
0     18   1    4   186  5.5  lcd_gotoxy
0     36   2    1   272  4.1  lcd_putc
0     20   1    0   155  5.0  @const656
0      3   0    0     3  0.0  kbd_init
0    105   4    3  5853 10.1  kbd_getc
0      8   0    0  1660 12.1  @goto10645
 Inline         6   155  5.0  pow
0     42   2   13   155  5.0  @MUL3232
0      9   0    1    90  3.1  read_key
0    207   9    5  1660 12.1  get_num_lcd
0      3   0    0    48  1.1  @const688
0     86   4    4    74  2.3  @PSTRINGC7_649
0     19   1    0    48  1.1  paro
0     35   1    2    74  2.3  motor1
0     31   1    4    74  2.3  @SFTOI
0    102   4    2   332  6.2  motor2
0    117   5   13   332  6.2  @MULFF
1    627  27    4   240  5.4  motor3
 Inline        16   140  2.8  @ADDFF
 Inline        14             @DIVFF
0     29   1    2             @ITOF
0     63   3   10   185  4.7  @FLT
 Inline         1   140  2.8  paro_emergencia
0      9   0    0  1117  7.7  @const725
0      8   0    0             @const726
0     86   4    2   185  4.7  delay_paro
 Inline         5   185  4.7  @MUL1616
0    277  12    0  1117  7.7  MAIN
0     13   1    0  1117  7.7  @const736
0      7   0    0             @const737
0     87   4    5             @PSTRINGCN7_649
0     99   4    9             @PRINTF_LU_649
0     15   1    0             @const742
0      7   0    0             @const743
0     16   1    0             @const744
0     16   1    0             @const745
 Inline         0             @cinit1

Program metrics:
    Functions               32
    Statements              244
    Comments                255
    Volume (V)              29727
    Difficulty (D)          163.0
    Effort to implement (E) 4844536
    Time to implement (T)   74 hours, 46 minutes
    Est Delivered Bugs (B)  10
    Cyclomatic Complexity   77
    Maintainability (MI)    55

 Segment     Used  Free
-----------  ----  ----
00000-00003     4  0  
00004-007FF  1733  311  
00800-00FFF   627  1421  
01000-017FF     0  2048  
01800-01FFF     0  2048  



