CCS PCM C Compiler, Version 5.015, 5967               22-sep.-23 11:05

               Filename:   C:\Users\strop\OneDrive\Documentos\GitHub\Microcontroladores\LCD_PRUEBA\lcd proyecto.lst

               ROM used:   2364 words (29%)
                           Largest free fragment is 2048
               RAM used:   14 (4%) at main() level
                           50 (14%) worst case
               Stack used: 7 locations
               Stack size: 8

*
0000:  MOVLW  05
0001:  MOVWF  0A
0002:  GOTO   5B4
0003:  NOP
.................... //-. LDC y Teclado .- 
....................  
.................... #include <16F877a.h> 
.................... //////////// Standard Header file for the PIC16F877A device //////////////// 
.................... /////////////////////////////////////////////////////////////////////////// 
.................... ////        (C) Copyright 1996, 2013 Custom Computer Services          //// 
.................... //// This source code may only be used by licensed users of the CCS C  //// 
.................... //// compiler.  This source code may only be distributed to other      //// 
.................... //// licensed users of the CCS C compiler.  No other use, reproduction //// 
.................... //// or distribution is permitted without written permission.          //// 
.................... //// Derivative programs created using this software in object code    //// 
.................... //// form are not restricted in any way.                               //// 
.................... /////////////////////////////////////////////////////////////////////////// 
.................... #device PIC16F877A 
0004:  BCF    0A.0
0005:  BCF    0A.1
0006:  BCF    0A.2
0007:  ADDWF  02,F
0008:  RETLW  28
0009:  RETLW  0C
000A:  RETLW  01
000B:  RETLW  06
000C:  BCF    0A.0
000D:  BCF    0A.1
000E:  BCF    0A.2
000F:  ADDWF  02,F
0010:  RETLW  37
0011:  RETLW  38
0012:  RETLW  39
0013:  RETLW  2F
0014:  RETLW  34
0015:  RETLW  35
0016:  RETLW  36
0017:  RETLW  2A
0018:  RETLW  31
0019:  RETLW  32
001A:  RETLW  33
001B:  RETLW  2D
001C:  RETLW  43
001D:  RETLW  30
001E:  RETLW  3D
001F:  RETLW  2B
0020:  DATA 20,10
0021:  DATA 20,10
0022:  DATA 20,00
0023:  DATA 0C,28
0024:  DATA 41,29
0025:  DATA 4F,10
0026:  DATA C4,22
0027:  DATA A0,22
0028:  DATA CD,22
0029:  DATA D2,23
002A:  DATA 45,27
002B:  DATA 00,01
002C:  DATA 0C,28
002D:  DATA D2,22
002E:  DATA D3,29
002F:  DATA A0,20
0030:  DATA CE,2C
0031:  DATA A0,25
0032:  DATA C5,2C
0033:  DATA 00,00
0034:  DATA 8C,26
0035:  DATA 4F,2A
0036:  DATA 4F,29
0037:  DATA A0,20
0038:  DATA A0,2A
0039:  DATA D3,20
003A:  DATA 52,10
003B:  DATA 0A,14
003C:  DATA B1,16
003D:  DATA B2,16
003E:  DATA B3,14
003F:  DATA 3A,10
0040:  DATA 00,01
0041:  DATA 8C,26
0042:  DATA 6F,3A
0043:  DATA 6F,39
0044:  DATA 3A,10
0045:  DATA A5,1A
0046:  DATA EC,3A
0047:  DATA 00,00
0048:  DATA 8C,29
0049:  DATA C5,23
004A:  DATA 2E,10
004B:  DATA C4,22
004C:  DATA 4C,10
004D:  DATA CD,27
004E:  DATA D4,27
004F:  DATA 52,10
0050:  DATA 8A,22
0051:  DATA CE,21
0052:  DATA 45,27
0053:  DATA C4,24
0054:  DATA C4,27
0055:  DATA 3A,10
0056:  DATA 00,01
0057:  DATA 8C,26
0058:  DATA 6F,3A
0059:  DATA 6F,39
005A:  DATA 3A,10
005B:  DATA A5,1A
005C:  DATA EC,3A
005D:  DATA 00,01
005E:  DATA 0C,15
005F:  DATA 2A,10
0060:  DATA 45,29
0061:  DATA D2,27
0062:  DATA 52,10
0063:  DATA 2A,15
0064:  DATA 20,05
0065:  DATA CE,3A
0066:  DATA ED,32
0067:  DATA F2,37
0068:  DATA 20,37
0069:  DATA 6F,10
006A:  DATA F6,30
006B:  DATA EC,34
006C:  DATA E4,37
006D:  DATA 00,01
006E:  DATA 0C,15
006F:  DATA 2A,10
0070:  DATA 45,29
0071:  DATA D2,27
0072:  DATA 52,10
0073:  DATA 2A,15
0074:  DATA 20,05
0075:  DATA CE,3A
0076:  DATA ED,32
0077:  DATA F2,37
0078:  DATA 20,37
0079:  DATA 6F,10
007A:  DATA F6,30
007B:  DATA EC,34
007C:  DATA E4,37
007D:  DATA 00,00
*
0162:  MOVF   0B,W
0163:  MOVWF  37
0164:  BCF    0B.7
0165:  BSF    03.5
0166:  BSF    03.6
0167:  BSF    0C.7
0168:  BSF    0C.0
0169:  NOP
016A:  NOP
016B:  BCF    03.5
016C:  BCF    03.6
016D:  BTFSC  37.7
016E:  BSF    0B.7
016F:  BSF    03.6
0170:  MOVF   0C,W
0171:  ANDLW  7F
0172:  BTFSC  03.2
0173:  GOTO   1B6
0174:  BCF    03.6
0175:  MOVWF  37
0176:  BSF    03.6
0177:  MOVF   0D,W
0178:  BCF    03.6
0179:  MOVWF  38
017A:  BSF    03.6
017B:  MOVF   0F,W
017C:  BCF    03.6
017D:  MOVWF  39
017E:  MOVF   37,W
017F:  MOVWF  3A
0180:  CALL   13E
0181:  MOVF   38,W
0182:  BSF    03.6
0183:  MOVWF  0D
0184:  BCF    03.6
0185:  MOVF   39,W
0186:  BSF    03.6
0187:  MOVWF  0F
0188:  BCF    03.6
0189:  MOVF   0B,W
018A:  MOVWF  3A
018B:  BCF    0B.7
018C:  BSF    03.5
018D:  BSF    03.6
018E:  BSF    0C.7
018F:  BSF    0C.0
0190:  NOP
0191:  NOP
0192:  BCF    03.5
0193:  BCF    03.6
0194:  BTFSC  3A.7
0195:  BSF    0B.7
0196:  BSF    03.6
0197:  RLF    0C,W
0198:  RLF    0E,W
0199:  ANDLW  7F
019A:  BTFSC  03.2
019B:  GOTO   1B6
019C:  BCF    03.6
019D:  MOVWF  37
019E:  BSF    03.6
019F:  MOVF   0D,W
01A0:  BCF    03.6
01A1:  MOVWF  38
01A2:  BSF    03.6
01A3:  MOVF   0F,W
01A4:  BCF    03.6
01A5:  MOVWF  39
01A6:  MOVF   37,W
01A7:  MOVWF  3A
01A8:  CALL   13E
01A9:  MOVF   38,W
01AA:  BSF    03.6
01AB:  MOVWF  0D
01AC:  BCF    03.6
01AD:  MOVF   39,W
01AE:  BSF    03.6
01AF:  MOVWF  0F
01B0:  INCF   0D,F
01B1:  BTFSC  03.2
01B2:  INCF   0F,F
01B3:  BCF    03.6
01B4:  GOTO   162
01B5:  BSF    03.6
01B6:  BCF    03.6
01B7:  RETURN
*
0221:  BCF    0A.0
0222:  BSF    0A.1
0223:  BCF    0A.2
0224:  ADDWF  02,F
0225:  GOTO   1C4
0226:  GOTO   1CA
0227:  GOTO   1D0
0228:  GOTO   1D6
*
0232:  MOVLW  20
0233:  MOVWF  4C
0234:  CLRF   48
0235:  CLRF   49
0236:  CLRF   4A
0237:  CLRF   4B
0238:  MOVF   43,W
0239:  MOVWF  7A
023A:  MOVF   42,W
023B:  MOVWF  79
023C:  MOVF   41,W
023D:  MOVWF  78
023E:  MOVF   40,W
023F:  MOVWF  77
0240:  BCF    03.0
0241:  BTFSS  77.0
0242:  GOTO   251
0243:  MOVF   44,W
0244:  ADDWF  48,F
0245:  MOVF   45,W
0246:  BTFSC  03.0
0247:  INCFSZ 45,W
0248:  ADDWF  49,F
0249:  MOVF   46,W
024A:  BTFSC  03.0
024B:  INCFSZ 46,W
024C:  ADDWF  4A,F
024D:  MOVF   47,W
024E:  BTFSC  03.0
024F:  INCFSZ 47,W
0250:  ADDWF  4B,F
0251:  RRF    4B,F
0252:  RRF    4A,F
0253:  RRF    49,F
0254:  RRF    48,F
0255:  RRF    7A,F
0256:  RRF    79,F
0257:  RRF    78,F
0258:  RRF    77,F
0259:  DECFSZ 4C,F
025A:  GOTO   240
025B:  RETURN
*
032B:  MOVF   0B,W
032C:  MOVWF  2C
032D:  BCF    0B.7
032E:  BSF    03.5
032F:  BSF    03.6
0330:  BSF    0C.7
0331:  BSF    0C.0
0332:  NOP
0333:  NOP
0334:  BCF    03.5
0335:  BCF    03.6
0336:  BTFSC  2C.7
0337:  BSF    0B.7
0338:  BTFSC  03.0
0339:  GOTO   362
033A:  BSF    03.6
033B:  MOVF   0C,W
033C:  ANDLW  7F
033D:  BCF    03.6
033E:  MOVWF  2C
033F:  BSF    03.6
0340:  MOVF   0D,W
0341:  BCF    03.6
0342:  MOVWF  2D
0343:  BSF    03.6
0344:  MOVF   0F,W
0345:  BCF    03.6
0346:  MOVWF  2E
0347:  MOVF   2C,W
0348:  MOVWF  3A
0349:  CALL   13E
034A:  MOVF   2D,W
034B:  BSF    03.6
034C:  MOVWF  0D
034D:  BCF    03.6
034E:  MOVF   2E,W
034F:  BSF    03.6
0350:  MOVWF  0F
0351:  BCF    03.6
0352:  MOVF   0B,W
0353:  MOVWF  2F
0354:  BCF    0B.7
0355:  BSF    03.5
0356:  BSF    03.6
0357:  BSF    0C.7
0358:  BSF    0C.0
0359:  NOP
035A:  NOP
035B:  BCF    03.5
035C:  BCF    03.6
035D:  BTFSC  2F.7
035E:  BSF    0B.7
035F:  DECFSZ 2B,F
0360:  GOTO   362
0361:  GOTO   381
0362:  BSF    03.6
0363:  RLF    0C,W
0364:  RLF    0E,W
0365:  ANDLW  7F
0366:  BCF    03.6
0367:  MOVWF  2C
0368:  BSF    03.6
0369:  MOVF   0D,W
036A:  BCF    03.6
036B:  MOVWF  2D
036C:  BSF    03.6
036D:  MOVF   0F,W
036E:  BCF    03.6
036F:  MOVWF  2E
0370:  MOVF   2C,W
0371:  MOVWF  3A
0372:  CALL   13E
0373:  MOVF   2D,W
0374:  BSF    03.6
0375:  MOVWF  0D
0376:  BCF    03.6
0377:  MOVF   2E,W
0378:  BSF    03.6
0379:  MOVWF  0F
037A:  INCF   0D,F
037B:  BTFSC  03.2
037C:  INCF   0F,F
037D:  BCF    03.0
037E:  BCF    03.6
037F:  DECFSZ 2B,F
0380:  GOTO   32B
0381:  RETURN
0382:  CLRF   33
0383:  MOVF   04,W
0384:  MOVWF  32
0385:  BCF    33.0
0386:  BTFSC  03.7
0387:  BSF    33.0
0388:  SWAPF  2C,W
0389:  IORLW  F0
038A:  MOVWF  2E
038B:  ADDWF  2E,F
038C:  ADDLW  E2
038D:  MOVWF  2F
038E:  ADDLW  32
038F:  MOVWF  31
0390:  MOVF   2C,W
0391:  ANDLW  0F
0392:  ADDWF  2F,F
0393:  ADDWF  2F,F
0394:  ADDWF  31,F
0395:  ADDLW  E9
0396:  MOVWF  30
0397:  ADDWF  30,F
0398:  ADDWF  30,F
0399:  SWAPF  2B,W
039A:  ANDLW  0F
039B:  ADDWF  30,F
039C:  ADDWF  31,F
039D:  RLF    30,F
039E:  RLF    31,F
039F:  COMF   31,F
03A0:  RLF    31,F
03A1:  MOVF   2B,W
03A2:  ANDLW  0F
03A3:  ADDWF  31,F
03A4:  RLF    2E,F
03A5:  MOVLW  07
03A6:  MOVWF  2D
03A7:  MOVLW  0A
03A8:  ADDWF  31,F
03A9:  DECF   30,F
03AA:  BTFSS  03.0
03AB:  GOTO   3A8
03AC:  ADDWF  30,F
03AD:  DECF   2F,F
03AE:  BTFSS  03.0
03AF:  GOTO   3AC
03B0:  ADDWF  2F,F
03B1:  DECF   2E,F
03B2:  BTFSS  03.0
03B3:  GOTO   3B0
03B4:  ADDWF  2E,F
03B5:  DECF   2D,F
03B6:  BTFSS  03.0
03B7:  GOTO   3B4
03B8:  MOVLW  2D
03B9:  MOVWF  04
03BA:  BCF    03.7
03BB:  MOVLW  07
03BC:  ANDWF  32,W
03BD:  BCF    32.6
03BE:  ADDWF  04,F
03BF:  MOVLW  31
03C0:  SUBWF  04,W
03C1:  BTFSC  03.2
03C2:  BSF    32.6
03C3:  MOVF   00,W
03C4:  MOVWF  77
03C5:  BTFSS  03.2
03C6:  GOTO   3CF
03C7:  BTFSC  32.6
03C8:  GOTO   3CF
03C9:  BTFSC  32.4
03CA:  GOTO   3E1
03CB:  BTFSC  32.3
03CC:  GOTO   3CF
03CD:  MOVLW  20
03CE:  GOTO   3D2
03CF:  BSF    32.3
03D0:  BCF    32.4
03D1:  MOVLW  30
03D2:  ADDWF  77,F
03D3:  CLRF   2C
03D4:  MOVF   04,W
03D5:  MOVWF  2B
03D6:  BCF    2C.0
03D7:  BTFSC  03.7
03D8:  BSF    2C.0
03D9:  MOVF   77,W
03DA:  MOVWF  3A
03DB:  CALL   13E
03DC:  MOVF   2B,W
03DD:  MOVWF  04
03DE:  BCF    03.7
03DF:  BTFSC  2C.0
03E0:  BSF    03.7
03E1:  INCF   04,F
03E2:  BTFSS  32.6
03E3:  GOTO   3BF
03E4:  RETURN
03E5:  MOVLW  8E
03E6:  MOVWF  77
03E7:  MOVF   31,W
03E8:  MOVWF  78
03E9:  MOVF   30,W
03EA:  MOVWF  79
03EB:  CLRF   7A
03EC:  MOVF   78,F
03ED:  BTFSS  03.2
03EE:  GOTO   3F9
03EF:  MOVF   79,W
03F0:  MOVWF  78
03F1:  CLRF   79
03F2:  MOVLW  08
03F3:  SUBWF  77,F
03F4:  MOVF   78,F
03F5:  BTFSS  03.2
03F6:  GOTO   3F9
03F7:  CLRF   77
03F8:  GOTO   401
03F9:  BCF    03.0
03FA:  BTFSC  78.7
03FB:  GOTO   400
03FC:  RLF    79,F
03FD:  RLF    78,F
03FE:  DECF   77,F
03FF:  GOTO   3F9
0400:  BCF    78.7
0401:  RETURN
0402:  MOVF   31,W
0403:  MOVWF  38
0404:  MOVF   35,W
0405:  XORWF  38,F
0406:  BTFSS  38.7
0407:  GOTO   40D
0408:  BCF    03.2
0409:  BCF    03.0
040A:  BTFSC  31.7
040B:  BSF    03.0
040C:  GOTO   440
040D:  MOVF   31,W
040E:  MOVWF  38
040F:  MOVF   34,W
0410:  MOVWF  39
0411:  MOVF   30,W
0412:  SUBWF  39,F
0413:  BTFSC  03.2
0414:  GOTO   41B
0415:  BTFSS  38.7
0416:  GOTO   440
0417:  MOVF   03,W
0418:  XORLW  01
0419:  MOVWF  03
041A:  GOTO   440
041B:  MOVF   35,W
041C:  MOVWF  39
041D:  MOVF   31,W
041E:  SUBWF  39,F
041F:  BTFSC  03.2
0420:  GOTO   427
0421:  BTFSS  38.7
0422:  GOTO   440
0423:  MOVF   03,W
0424:  XORLW  01
0425:  MOVWF  03
0426:  GOTO   440
0427:  MOVF   36,W
0428:  MOVWF  39
0429:  MOVF   32,W
042A:  SUBWF  39,F
042B:  BTFSC  03.2
042C:  GOTO   433
042D:  BTFSS  38.7
042E:  GOTO   440
042F:  MOVF   03,W
0430:  XORLW  01
0431:  MOVWF  03
0432:  GOTO   440
0433:  MOVF   37,W
0434:  MOVWF  39
0435:  MOVF   33,W
0436:  SUBWF  39,F
0437:  BTFSC  03.2
0438:  GOTO   43F
0439:  BTFSS  38.7
043A:  GOTO   440
043B:  MOVF   03,W
043C:  XORLW  01
043D:  MOVWF  03
043E:  GOTO   440
043F:  BCF    03.0
0440:  RETURN
0441:  MOVLW  8E
0442:  MOVWF  77
0443:  MOVF   2C,W
0444:  SUBWF  77,F
0445:  MOVF   2D,W
0446:  MOVWF  79
0447:  MOVF   2E,W
0448:  MOVWF  78
0449:  BSF    79.7
044A:  MOVF   77,F
044B:  BTFSC  03.2
044C:  GOTO   458
044D:  BCF    03.0
044E:  MOVF   79,F
044F:  BTFSS  03.2
0450:  GOTO   454
0451:  MOVF   78,F
0452:  BTFSC  03.2
0453:  GOTO   458
0454:  RRF    79,F
0455:  RRF    78,F
0456:  DECFSZ 77,F
0457:  GOTO   44D
0458:  BTFSS  2D.7
0459:  GOTO   45F
045A:  COMF   78,F
045B:  COMF   79,F
045C:  INCF   78,F
045D:  BTFSC  03.2
045E:  INCF   79,F
045F:  RETURN
*
0469:  MOVLW  10
046A:  MOVWF  36
046B:  CLRF   77
046C:  CLRF   7A
046D:  RRF    33,F
046E:  RRF    32,F
046F:  BTFSS  03.0
0470:  GOTO   477
0471:  MOVF   34,W
0472:  ADDWF  77,F
0473:  BTFSC  03.0
0474:  INCF   7A,F
0475:  MOVF   35,W
0476:  ADDWF  7A,F
0477:  RRF    7A,F
0478:  RRF    77,F
0479:  RRF    79,F
047A:  RRF    78,F
047B:  DECFSZ 36,F
047C:  GOTO   46D
*
04D9:  MOVF   2C,W
04DA:  BTFSC  03.2
04DB:  GOTO   549
04DC:  MOVWF  34
04DD:  MOVF   30,W
04DE:  BTFSC  03.2
04DF:  GOTO   549
04E0:  ADDWF  34,F
04E1:  BTFSC  03.0
04E2:  GOTO   4EA
04E3:  MOVLW  7F
04E4:  SUBWF  34,F
04E5:  BTFSS  03.0
04E6:  GOTO   549
04E7:  BTFSC  03.2
04E8:  GOTO   549
04E9:  GOTO   4EE
04EA:  MOVLW  81
04EB:  ADDWF  34,F
04EC:  BTFSC  03.0
04ED:  GOTO   549
04EE:  MOVF   34,W
04EF:  MOVWF  77
04F0:  CLRF   78
04F1:  CLRF   79
04F2:  CLRF   7A
04F3:  MOVF   2D,W
04F4:  MOVWF  38
04F5:  BSF    38.7
04F6:  MOVF   2E,W
04F7:  MOVWF  37
04F8:  MOVF   2F,W
04F9:  MOVWF  36
04FA:  MOVLW  18
04FB:  MOVWF  34
04FC:  CLRF   35
04FD:  BTFSS  36.0
04FE:  GOTO   517
04FF:  MOVF   33,W
0500:  ADDWF  7A,F
0501:  BTFSS  03.0
0502:  GOTO   509
0503:  INCF   79,F
0504:  BTFSS  03.2
0505:  GOTO   509
0506:  INCF   78,F
0507:  BTFSC  03.2
0508:  BSF    35.7
0509:  MOVF   32,W
050A:  ADDWF  79,F
050B:  BTFSS  03.0
050C:  GOTO   510
050D:  INCF   78,F
050E:  BTFSC  03.2
050F:  BSF    35.7
0510:  MOVF   31,W
0511:  MOVWF  2E
0512:  BSF    2E.7
0513:  MOVF   2E,W
0514:  ADDWF  78,F
0515:  BTFSC  03.0
0516:  BSF    35.7
0517:  RLF    35,F
0518:  RRF    78,F
0519:  RRF    79,F
051A:  RRF    7A,F
051B:  RRF    38,F
051C:  RRF    37,F
051D:  RRF    36,F
051E:  BCF    03.0
051F:  DECFSZ 34,F
0520:  GOTO   4FC
0521:  MOVLW  01
0522:  ADDWF  77,F
0523:  BTFSC  03.0
0524:  GOTO   549
0525:  BTFSC  78.7
0526:  GOTO   52E
0527:  RLF    38,F
0528:  RLF    7A,F
0529:  RLF    79,F
052A:  RLF    78,F
052B:  DECF   77,F
052C:  BTFSC  03.2
052D:  GOTO   549
052E:  BTFSS  38.7
052F:  GOTO   53F
0530:  INCF   7A,F
0531:  BTFSS  03.2
0532:  GOTO   53F
0533:  INCF   79,F
0534:  BTFSS  03.2
0535:  GOTO   53F
0536:  INCF   78,F
0537:  BTFSS  03.2
0538:  GOTO   53F
0539:  RRF    78,F
053A:  RRF    79,F
053B:  RRF    7A,F
053C:  INCF   77,F
053D:  BTFSC  03.2
053E:  GOTO   549
053F:  MOVF   2D,W
0540:  MOVWF  35
0541:  MOVF   31,W
0542:  XORWF  35,F
0543:  BTFSS  35.7
0544:  GOTO   547
0545:  BSF    78.7
0546:  GOTO   54D
0547:  BCF    78.7
0548:  GOTO   54D
0549:  CLRF   77
054A:  CLRF   78
054B:  CLRF   79
054C:  CLRF   7A
054D:  RETURN
*
080F:  MOVLW  80
0810:  BTFSC  03.1
0811:  XORWF  31,F
0812:  CLRF   36
0813:  CLRF   37
0814:  MOVF   2D,W
0815:  MOVWF  35
0816:  MOVF   31,W
0817:  XORWF  35,F
0818:  MOVF   2C,W
0819:  BTFSC  03.2
081A:  GOTO   0FF
081B:  MOVWF  34
081C:  MOVWF  77
081D:  MOVF   30,W
081E:  BTFSC  03.2
081F:  GOTO   108
0820:  SUBWF  34,F
0821:  BTFSC  03.2
0822:  GOTO   0A4
0823:  BTFSS  03.0
0824:  GOTO   062
0825:  MOVF   31,W
0826:  MOVWF  3A
0827:  BSF    3A.7
0828:  MOVF   32,W
0829:  MOVWF  39
082A:  MOVF   33,W
082B:  MOVWF  38
082C:  CLRF   37
082D:  BCF    03.0
082E:  RRF    3A,F
082F:  RRF    39,F
0830:  RRF    38,F
0831:  RRF    37,F
0832:  DECFSZ 34,F
0833:  GOTO   02C
0834:  BTFSS  35.7
0835:  GOTO   039
0836:  BSF    36.0
0837:  GOTO   11C
0838:  BCF    36.0
0839:  BCF    34.0
083A:  BSF    36.4
083B:  MOVLW  2F
083C:  MOVWF  04
083D:  BCF    03.7
083E:  GOTO   131
083F:  BCF    36.4
0840:  BTFSC  35.7
0841:  GOTO   04C
0842:  BTFSS  34.0
0843:  GOTO   057
0844:  RRF    3A,F
0845:  RRF    39,F
0846:  RRF    38,F
0847:  RRF    37,F
0848:  INCF   77,F
0849:  BTFSC  03.2
084A:  GOTO   117
084B:  GOTO   057
084C:  BTFSC  3A.7
084D:  GOTO   05A
084E:  BCF    03.0
084F:  RLF    37,F
0850:  RLF    38,F
0851:  RLF    39,F
0852:  RLF    3A,F
0853:  DECF   77,F
0854:  BTFSC  03.2
0855:  GOTO   117
0856:  GOTO   04C
0857:  BSF    36.6
0858:  GOTO   0C4
0859:  BCF    36.6
085A:  MOVF   2D,W
085B:  MOVWF  35
085C:  BTFSS  35.7
085D:  GOTO   060
085E:  BSF    3A.7
085F:  GOTO   110
0860:  BCF    3A.7
0861:  GOTO   110
0862:  MOVF   30,W
0863:  MOVWF  34
0864:  MOVWF  77
0865:  MOVF   2C,W
0866:  SUBWF  34,F
0867:  MOVF   2D,W
0868:  MOVWF  3A
0869:  BSF    3A.7
086A:  MOVF   2E,W
086B:  MOVWF  39
086C:  MOVF   2F,W
086D:  MOVWF  38
086E:  CLRF   37
086F:  BCF    03.0
0870:  RRF    3A,F
0871:  RRF    39,F
0872:  RRF    38,F
0873:  RRF    37,F
0874:  DECFSZ 34,F
0875:  GOTO   06E
0876:  BTFSS  35.7
0877:  GOTO   07B
0878:  BSF    36.1
0879:  GOTO   11C
087A:  BCF    36.1
087B:  BCF    34.0
087C:  BSF    36.5
087D:  MOVLW  33
087E:  MOVWF  04
087F:  BCF    03.7
0880:  GOTO   131
0881:  BCF    36.5
0882:  BTFSC  35.7
0883:  GOTO   08E
0884:  BTFSS  34.0
0885:  GOTO   099
0886:  RRF    3A,F
0887:  RRF    39,F
0888:  RRF    38,F
0889:  RRF    37,F
088A:  INCF   77,F
088B:  BTFSC  03.2
088C:  GOTO   117
088D:  GOTO   099
088E:  BTFSC  3A.7
088F:  GOTO   09C
0890:  BCF    03.0
0891:  RLF    37,F
0892:  RLF    38,F
0893:  RLF    39,F
0894:  RLF    3A,F
0895:  DECF   77,F
0896:  BTFSC  03.2
0897:  GOTO   117
0898:  GOTO   08E
0899:  BSF    36.7
089A:  GOTO   0C4
089B:  BCF    36.7
089C:  MOVF   31,W
089D:  MOVWF  35
089E:  BTFSS  35.7
089F:  GOTO   0A2
08A0:  BSF    3A.7
08A1:  GOTO   110
08A2:  BCF    3A.7
08A3:  GOTO   110
08A4:  MOVF   31,W
08A5:  MOVWF  3A
08A6:  BSF    3A.7
08A7:  MOVF   32,W
08A8:  MOVWF  39
08A9:  MOVF   33,W
08AA:  MOVWF  38
08AB:  BTFSS  35.7
08AC:  GOTO   0B1
08AD:  BCF    3A.7
08AE:  BSF    36.2
08AF:  GOTO   11C
08B0:  BCF    36.2
08B1:  CLRF   37
08B2:  BCF    34.0
08B3:  MOVLW  2F
08B4:  MOVWF  04
08B5:  BCF    03.7
08B6:  GOTO   131
08B7:  BTFSC  35.7
08B8:  GOTO   0DA
08B9:  MOVF   2D,W
08BA:  MOVWF  35
08BB:  BTFSS  34.0
08BC:  GOTO   0C4
08BD:  RRF    3A,F
08BE:  RRF    39,F
08BF:  RRF    38,F
08C0:  RRF    37,F
08C1:  INCF   77,F
08C2:  BTFSC  03.2
08C3:  GOTO   117
08C4:  BTFSS  37.7
08C5:  GOTO   0D5
08C6:  INCF   38,F
08C7:  BTFSS  03.2
08C8:  GOTO   0D5
08C9:  INCF   39,F
08CA:  BTFSS  03.2
08CB:  GOTO   0D5
08CC:  INCF   3A,F
08CD:  BTFSS  03.2
08CE:  GOTO   0D5
08CF:  RRF    3A,F
08D0:  RRF    39,F
08D1:  RRF    38,F
08D2:  INCF   77,F
08D3:  BTFSC  03.2
08D4:  GOTO   117
08D5:  BTFSC  36.6
08D6:  GOTO   059
08D7:  BTFSC  36.7
08D8:  GOTO   09B
08D9:  GOTO   0F9
08DA:  MOVLW  80
08DB:  XORWF  3A,F
08DC:  BTFSS  3A.7
08DD:  GOTO   0E2
08DE:  GOTO   11C
08DF:  MOVF   31,W
08E0:  MOVWF  35
08E1:  GOTO   0EF
08E2:  MOVF   2D,W
08E3:  MOVWF  35
08E4:  MOVF   3A,F
08E5:  BTFSS  03.2
08E6:  GOTO   0EF
08E7:  MOVF   39,F
08E8:  BTFSS  03.2
08E9:  GOTO   0EF
08EA:  MOVF   38,F
08EB:  BTFSS  03.2
08EC:  GOTO   0EF
08ED:  CLRF   77
08EE:  GOTO   110
08EF:  BTFSC  3A.7
08F0:  GOTO   0F9
08F1:  BCF    03.0
08F2:  RLF    37,F
08F3:  RLF    38,F
08F4:  RLF    39,F
08F5:  RLF    3A,F
08F6:  DECFSZ 77,F
08F7:  GOTO   0EF
08F8:  GOTO   117
08F9:  BTFSS  35.7
08FA:  GOTO   0FD
08FB:  BSF    3A.7
08FC:  GOTO   110
08FD:  BCF    3A.7
08FE:  GOTO   110
08FF:  MOVF   30,W
0900:  MOVWF  77
0901:  MOVF   31,W
0902:  MOVWF  3A
0903:  MOVF   32,W
0904:  MOVWF  39
0905:  MOVF   33,W
0906:  MOVWF  38
0907:  GOTO   110
0908:  MOVF   2C,W
0909:  MOVWF  77
090A:  MOVF   2D,W
090B:  MOVWF  3A
090C:  MOVF   2E,W
090D:  MOVWF  39
090E:  MOVF   2F,W
090F:  MOVWF  38
0910:  MOVF   3A,W
0911:  MOVWF  78
0912:  MOVF   39,W
0913:  MOVWF  79
0914:  MOVF   38,W
0915:  MOVWF  7A
0916:  GOTO   14F
0917:  CLRF   77
0918:  CLRF   78
0919:  CLRF   79
091A:  CLRF   7A
091B:  GOTO   14F
091C:  CLRF   37
091D:  COMF   38,F
091E:  COMF   39,F
091F:  COMF   3A,F
0920:  COMF   37,F
0921:  INCF   37,F
0922:  BTFSS  03.2
0923:  GOTO   12A
0924:  INCF   38,F
0925:  BTFSS  03.2
0926:  GOTO   12A
0927:  INCF   39,F
0928:  BTFSC  03.2
0929:  INCF   3A,F
092A:  BTFSC  36.0
092B:  GOTO   038
092C:  BTFSC  36.1
092D:  GOTO   07A
092E:  BTFSC  36.2
092F:  GOTO   0B0
0930:  GOTO   0DF
0931:  MOVF   00,W
0932:  ADDWF  38,F
0933:  BTFSS  03.0
0934:  GOTO   13B
0935:  INCF   39,F
0936:  BTFSS  03.2
0937:  GOTO   13B
0938:  INCF   3A,F
0939:  BTFSC  03.2
093A:  BSF    34.0
093B:  DECF   04,F
093C:  MOVF   00,W
093D:  ADDWF  39,F
093E:  BTFSS  03.0
093F:  GOTO   143
0940:  INCF   3A,F
0941:  BTFSC  03.2
0942:  BSF    34.0
0943:  DECF   04,F
0944:  MOVF   00,W
0945:  BTFSS  00.7
0946:  XORLW  80
0947:  ADDWF  3A,F
0948:  BTFSC  03.0
0949:  BSF    34.0
094A:  BTFSC  36.4
094B:  GOTO   03F
094C:  BTFSC  36.5
094D:  GOTO   081
094E:  GOTO   0B7
*
0964:  MOVF   30,W
0965:  BTFSC  03.2
0966:  GOTO   229
0967:  MOVWF  3C
0968:  MOVF   34,W
0969:  BTFSC  03.2
096A:  GOTO   229
096B:  SUBWF  3C,F
096C:  BTFSS  03.0
096D:  GOTO   173
096E:  MOVLW  7F
096F:  ADDWF  3C,F
0970:  BTFSC  03.0
0971:  GOTO   229
0972:  GOTO   179
0973:  MOVLW  81
0974:  SUBWF  3C,F
0975:  BTFSS  03.0
0976:  GOTO   229
0977:  BTFSC  03.2
0978:  GOTO   229
0979:  MOVF   3C,W
097A:  MOVWF  77
097B:  CLRF   78
097C:  CLRF   79
097D:  CLRF   7A
097E:  CLRF   3B
097F:  MOVF   31,W
0980:  MOVWF  3A
0981:  BSF    3A.7
0982:  MOVF   32,W
0983:  MOVWF  39
0984:  MOVF   33,W
0985:  MOVWF  38
0986:  MOVLW  19
0987:  MOVWF  3C
0988:  MOVF   37,W
0989:  SUBWF  38,F
098A:  BTFSC  03.0
098B:  GOTO   19C
098C:  MOVLW  01
098D:  SUBWF  39,F
098E:  BTFSC  03.0
098F:  GOTO   19C
0990:  SUBWF  3A,F
0991:  BTFSC  03.0
0992:  GOTO   19C
0993:  SUBWF  3B,F
0994:  BTFSC  03.0
0995:  GOTO   19C
0996:  INCF   3B,F
0997:  INCF   3A,F
0998:  INCF   39,F
0999:  MOVF   37,W
099A:  ADDWF  38,F
099B:  GOTO   1CE
099C:  MOVF   36,W
099D:  SUBWF  39,F
099E:  BTFSC  03.0
099F:  GOTO   1B7
09A0:  MOVLW  01
09A1:  SUBWF  3A,F
09A2:  BTFSC  03.0
09A3:  GOTO   1B7
09A4:  SUBWF  3B,F
09A5:  BTFSC  03.0
09A6:  GOTO   1B7
09A7:  INCF   3B,F
09A8:  INCF   3A,F
09A9:  MOVF   36,W
09AA:  ADDWF  39,F
09AB:  MOVF   37,W
09AC:  ADDWF  38,F
09AD:  BTFSS  03.0
09AE:  GOTO   1CE
09AF:  INCF   39,F
09B0:  BTFSS  03.2
09B1:  GOTO   1CE
09B2:  INCF   3A,F
09B3:  BTFSS  03.2
09B4:  GOTO   1CE
09B5:  INCF   3B,F
09B6:  GOTO   1CE
09B7:  MOVF   35,W
09B8:  IORLW  80
09B9:  SUBWF  3A,F
09BA:  BTFSC  03.0
09BB:  GOTO   1CD
09BC:  MOVLW  01
09BD:  SUBWF  3B,F
09BE:  BTFSC  03.0
09BF:  GOTO   1CD
09C0:  INCF   3B,F
09C1:  MOVF   35,W
09C2:  IORLW  80
09C3:  ADDWF  3A,F
09C4:  MOVF   36,W
09C5:  ADDWF  39,F
09C6:  BTFSS  03.0
09C7:  GOTO   1AB
09C8:  INCF   3A,F
09C9:  BTFSS  03.2
09CA:  GOTO   1AB
09CB:  INCF   3B,F
09CC:  GOTO   1AB
09CD:  BSF    7A.0
09CE:  DECFSZ 3C,F
09CF:  GOTO   1D1
09D0:  GOTO   1DC
09D1:  BCF    03.0
09D2:  RLF    38,F
09D3:  RLF    39,F
09D4:  RLF    3A,F
09D5:  RLF    3B,F
09D6:  BCF    03.0
09D7:  RLF    7A,F
09D8:  RLF    79,F
09D9:  RLF    78,F
09DA:  RLF    3D,F
09DB:  GOTO   188
09DC:  BTFSS  3D.0
09DD:  GOTO   1E4
09DE:  BCF    03.0
09DF:  RRF    78,F
09E0:  RRF    79,F
09E1:  RRF    7A,F
09E2:  RRF    3D,F
09E3:  GOTO   1E7
09E4:  DECF   77,F
09E5:  BTFSC  03.2
09E6:  GOTO   229
09E7:  BTFSC  3D.7
09E8:  GOTO   210
09E9:  BCF    03.0
09EA:  RLF    38,F
09EB:  RLF    39,F
09EC:  RLF    3A,F
09ED:  RLF    3B,F
09EE:  MOVF   37,W
09EF:  SUBWF  38,F
09F0:  BTFSC  03.0
09F1:  GOTO   1FC
09F2:  MOVLW  01
09F3:  SUBWF  39,F
09F4:  BTFSC  03.0
09F5:  GOTO   1FC
09F6:  SUBWF  3A,F
09F7:  BTFSC  03.0
09F8:  GOTO   1FC
09F9:  SUBWF  3B,F
09FA:  BTFSS  03.0
09FB:  GOTO   21F
09FC:  MOVF   36,W
09FD:  SUBWF  39,F
09FE:  BTFSC  03.0
09FF:  GOTO   207
0A00:  MOVLW  01
0A01:  SUBWF  3A,F
0A02:  BTFSC  03.0
0A03:  GOTO   207
0A04:  SUBWF  3B,F
0A05:  BTFSS  03.0
0A06:  GOTO   21F
0A07:  MOVF   35,W
0A08:  IORLW  80
0A09:  SUBWF  3A,F
0A0A:  BTFSC  03.0
0A0B:  GOTO   210
0A0C:  MOVLW  01
0A0D:  SUBWF  3B,F
0A0E:  BTFSS  03.0
0A0F:  GOTO   21F
0A10:  INCF   7A,F
0A11:  BTFSS  03.2
0A12:  GOTO   21F
0A13:  INCF   79,F
0A14:  BTFSS  03.2
0A15:  GOTO   21F
0A16:  INCF   78,F
0A17:  BTFSS  03.2
0A18:  GOTO   21F
0A19:  INCF   77,F
0A1A:  BTFSC  03.2
0A1B:  GOTO   229
0A1C:  RRF    78,F
0A1D:  RRF    79,F
0A1E:  RRF    7A,F
0A1F:  MOVF   31,W
0A20:  MOVWF  3C
0A21:  MOVF   35,W
0A22:  XORWF  3C,F
0A23:  BTFSS  3C.7
0A24:  GOTO   227
0A25:  BSF    78.7
0A26:  GOTO   22D
0A27:  BCF    78.7
0A28:  GOTO   22D
0A29:  CLRF   77
0A2A:  CLRF   78
0A2B:  CLRF   79
0A2C:  CLRF   7A
....................  
.................... #list 
....................  
.................... #device ADC = 10 
.................... #use delay(crystal = 20000000) 
*
007E:  MOVLW  3B
007F:  MOVWF  04
0080:  BCF    03.7
0081:  MOVF   00,W
0082:  BTFSC  03.2
0083:  GOTO   091
0084:  MOVLW  06
0085:  MOVWF  78
0086:  CLRF   77
0087:  DECFSZ 77,F
0088:  GOTO   087
0089:  DECFSZ 78,F
008A:  GOTO   086
008B:  MOVLW  7B
008C:  MOVWF  77
008D:  DECFSZ 77,F
008E:  GOTO   08D
008F:  DECFSZ 00,F
0090:  GOTO   084
0091:  RETURN
.................... #FUSES NOWDT, NOBROWNOUT, NOLVP, HS 
....................  
.................... #include <lcd_d.c> 
.................... /////////////////////////////////////////////////////////////////////////////// 
.................... ////                             LCD.C                                     //// 
.................... ////                 Driver for common LCD modules                         //// 
.................... ////                                                                       //// 
.................... ////  lcd_init()   Must be called before any other function.               //// 
.................... ////                                                                       //// 
.................... ////  lcd_putc(c)  Will display c on the next position of the LCD.         //// 
.................... ////                     The following have special meaning:               //// 
.................... ////                      \f  Clear display                                //// 
.................... ////                      \n  Go to start of second line                   //// 
.................... ////                      \b  Move back one position                       //// 
.................... ////                                                                       //// 
.................... ////  lcd_gotoxy(x,y) Set write position on LCD (upper left is 1,1)        //// 
.................... ////                                                                       //// 
.................... ////  lcd_getc(x,y)   Returns character at position x,y on LCD             //// 
.................... ////                                                                       //// 
.................... ////  CONFIGURATION                                                        //// 
.................... ////  The LCD can be configured in one of two ways: a.) port access or     //// 
.................... ////  b.) pin access.  Port access requires the entire 7 bit interface     //// 
.................... ////  connected to one GPIO port, and the data bits (D4:D7 of the LCD)     //// 
.................... ////  connected to sequential pins on the GPIO.  Pin access                //// 
.................... ////  has no requirements, all 7 bits of the control interface can         //// 
.................... ////  can be connected to any GPIO using several ports.                    //// 
.................... ////                                                                       //// 
.................... ////  To use port access, #define LCD_DATA_PORT to the SFR location of     //// 
.................... ////  of the GPIO port that holds the interface, -AND- edit LCD_PIN_MAP    //// 
.................... ////  of this file to configure the pin order.  If you are using a         //// 
.................... ////  baseline PIC (PCB), then LCD_OUTPUT_MAP and LCD_INPUT_MAP also must  //// 
.................... ////  be defined.                                                          //// 
.................... ////                                                                       //// 
.................... ////  Example of port access:                                              //// 
.................... ////     #define LCD_DATA_PORT getenv("SFR:PORTD")                         //// 
.................... ////                                                                       //// 
.................... ////  To use pin access, the following pins must be defined:               //// 
.................... ////     LCD_ENABLE_PIN                                                    //// 
.................... ////     LCD_RS_PIN                                                        //// 
.................... ////     LCD_RW_PIN                                                        //// 
.................... ////     LCD_DATA4                                                         //// 
.................... ////     LCD_DATA5                                                         //// 
.................... ////     LCD_DATA6                                                         //// 
.................... ////     LCD_DATA7                                                         //// 
.................... ////                                                                       //// 
.................... ////  Example of pin access:                                               //// 
.................... ////     #define LCD_ENABLE_PIN  PIN_E0                                    //// 
.................... ////     #define LCD_RS_PIN      PIN_E1                                    //// 
.................... ////     #define LCD_RW_PIN      PIN_E2                                    //// 
.................... ////     #define LCD_DATA4       PIN_D4                                    //// 
.................... ////     #define LCD_DATA5       PIN_D5                                    //// 
.................... ////     #define LCD_DATA6       PIN_D6                                    //// 
.................... ////     #define LCD_DATA7       PIN_D7                                    //// 
.................... ////                                                                       //// 
.................... /////////////////////////////////////////////////////////////////////////////// 
.................... ////        (C) Copyright 1996,2009 Custom Computer Services           //// 
.................... //// This source code may only be used by licensed users of the CCS C  //// 
.................... //// compiler.  This source code may only be distributed to other      //// 
.................... //// licensed users of the CCS C compiler.  No other use, reproduction //// 
.................... //// or distribution is permitted without written permission.          //// 
.................... //// Derivative programs created using this software in object code    //// 
.................... //// form are not restricted in any way.                               //// 
.................... /////////////////////////////////////////////////////////////////////////// 
....................  
.................... // define the pinout. 
.................... #define LCD_DATA_PORT      0x08     //portd    LA PUSE YO  
....................  
.................... // only required if port access is being used. 
.................... typedef struct   
.................... {                            // This structure is overlayed 
....................    BOOLEAN enable;           // on to an I/O port to gain 
....................    BOOLEAN rs;               // access to the LCD pins. 
....................    BOOLEAN rw;               // The bits are allocated from 
....................    BOOLEAN unused;           // low order up.  ENABLE will 
....................    int     data : 4;         // be LSB pin of that port. 
....................   #if defined(__PCD__)       // The port used will be LCD_DATA_PORT. 
....................    int    reserved: 8; 
....................   #endif 
.................... } LCD_PIN_MAP; 
....................  
.................... // this is to improve compatability with previous LCD drivers that accepted 
.................... // a define labeled 'use_portb_lcd' that configured the LCD onto port B. 
.................... #if ((defined(use_portb_lcd)) && (use_portb_lcd==TRUE)) 
....................  #define LCD_DATA_PORT getenv("SFR:PORTB") 
.................... #endif 
....................  
.................... #if defined(__PCB__) 
....................    // these definitions only need to be modified for baseline PICs. 
....................    // all other PICs use LCD_PIN_MAP or individual LCD_xxx pin definitions. 
.................... /*                                    EN, RS,   RW,   UNUSED,  DATA  */ 
....................  const LCD_PIN_MAP LCD_OUTPUT_MAP =  {0,  0,    0,    0,       0}; 
....................  const LCD_PIN_MAP LCD_INPUT_MAP =   {0,  0,    0,    0,       0xF}; 
.................... #endif 
....................  
.................... ////////////////////// END CONFIGURATION /////////////////////////////////// 
....................  
.................... #ifndef LCD_ENABLE_PIN 
....................    #define lcd_output_enable(x) lcdlat.enable=x 
....................    #define lcd_enable_tris()   lcdtris.enable=0 
.................... #else 
....................    #define lcd_output_enable(x) output_bit(LCD_ENABLE_PIN, x) 
....................    #define lcd_enable_tris()  output_drive(LCD_ENABLE_PIN) 
.................... #endif 
....................  
.................... #ifndef LCD_RS_PIN 
....................    #define lcd_output_rs(x) lcdlat.rs=x 
....................    #define lcd_rs_tris()   lcdtris.rs=0 
.................... #else 
....................    #define lcd_output_rs(x) output_bit(LCD_RS_PIN, x) 
....................    #define lcd_rs_tris()  output_drive(LCD_RS_PIN) 
.................... #endif 
....................  
.................... #ifndef LCD_RW_PIN 
....................    #define lcd_output_rw(x) lcdlat.rw=x 
....................    #define lcd_rw_tris()   lcdtris.rw=0 
.................... #else 
....................    #define lcd_output_rw(x) output_bit(LCD_RW_PIN, x) 
....................    #define lcd_rw_tris()  output_drive(LCD_RW_PIN) 
.................... #endif 
....................  
.................... // original version of this library incorrectly labeled LCD_DATA0 as LCD_DATA4, 
.................... // LCD_DATA1 as LCD_DATA5, and so on.  this block of code makes the driver 
.................... // compatible with any code written for the original library 
.................... #if (defined(LCD_DATA0) && defined(LCD_DATA1) && defined(LCD_DATA2) && defined(LCD_DATA3) && !defined(LCD_DATA4) && !defined(LCD_DATA5) && !defined(LCD_DATA6) && !defined(LCD_DATA7)) 
....................    #define  LCD_DATA4    LCD_DATA0 
....................    #define  LCD_DATA5    LCD_DATA1 
....................    #define  LCD_DATA6    LCD_DATA2 
....................    #define  LCD_DATA7    LCD_DATA3 
.................... #endif 
....................  
.................... #ifndef LCD_DATA4 
.................... #ifndef LCD_DATA_PORT 
....................    #if defined(__PCB__) 
....................       #define LCD_DATA_PORT      0x06     //portb 
....................       #define set_tris_lcd(x)   set_tris_b(x) 
....................    #else 
....................      #if defined(PIN_D0) 
....................       #define LCD_DATA_PORT      getenv("SFR:PORTD")     //portd 
....................      #else 
....................       #define LCD_DATA_PORT      getenv("SFR:PORTB")     //portb 
....................      #endif 
....................    #endif    
.................... #endif 
....................  
.................... #if defined(__PCB__) 
....................    LCD_PIN_MAP lcd, lcdlat; 
....................    #byte lcd = LCD_DATA_PORT 
....................    #byte lcdlat = LCD_DATA_PORT 
.................... #elif defined(__PCM__) 
....................    LCD_PIN_MAP lcd, lcdlat, lcdtris; 
....................    #byte lcd = LCD_DATA_PORT 
....................    #byte lcdlat = LCD_DATA_PORT 
....................    #byte lcdtris = LCD_DATA_PORT+0x80 
.................... #elif defined(__PCH__) 
....................    LCD_PIN_MAP lcd, lcdlat, lcdtris; 
....................    #byte lcd = LCD_DATA_PORT 
....................    #byte lcdlat = LCD_DATA_PORT+9 
....................    #byte lcdtris = LCD_DATA_PORT+0x12 
.................... #elif defined(__PCD__) 
....................    LCD_PIN_MAP lcd, lcdlat, lcdtris; 
....................    #word lcd = LCD_DATA_PORT 
....................    #word lcdlat = LCD_DATA_PORT+2 
....................    #word lcdtris = LCD_DATA_PORT-0x02 
.................... #endif 
.................... #endif   //LCD_DATA4 not defined 
....................  
.................... #ifndef LCD_TYPE 
....................    #define LCD_TYPE 2           // 0=5x7, 1=5x10, 2=2 lines 
.................... #endif 
....................  
.................... #ifndef LCD_LINE_TWO 
....................    #define LCD_LINE_TWO 0x40    // LCD RAM address for the second line 
.................... #endif 
....................  
.................... BYTE const LCD_INIT_STRING[4] = {0x20 | (LCD_TYPE << 2), 0xc, 1, 6}; 
....................                              // These bytes need to be sent to the LCD 
....................                              // to start it up. 
....................  
.................... BYTE lcd_read_nibble(void); 
....................  
.................... BYTE lcd_read_byte(void) 
.................... { 
....................    BYTE low,high; 
....................  
....................  #if defined(__PCB__) 
....................    set_tris_lcd(LCD_INPUT_MAP); 
....................  #else 
....................   #if (defined(LCD_DATA4) && defined(LCD_DATA5) && defined(LCD_DATA6) && defined(LCD_DATA7)) 
....................    output_float(LCD_DATA4); 
....................    output_float(LCD_DATA5); 
....................    output_float(LCD_DATA6); 
....................    output_float(LCD_DATA7); 
....................   #else 
....................    lcdtris.data = 0xF; 
*
00AA:  MOVLW  0F
00AB:  BSF    03.5
00AC:  ANDWF  08,W
00AD:  IORLW  F0
00AE:  MOVWF  08
....................   #endif 
....................  #endif 
....................          
....................    lcd_output_rw(1); 
00AF:  BCF    03.5
00B0:  BSF    08.2
....................    delay_cycles(1); 
00B1:  NOP
....................    lcd_output_enable(1); 
00B2:  BSF    08.0
....................    delay_cycles(1); 
00B3:  NOP
....................    high = lcd_read_nibble(); 
00B4:  CALL   0A3
00B5:  MOVF   78,W
00B6:  MOVWF  42
....................        
....................    lcd_output_enable(0); 
00B7:  BCF    08.0
....................    delay_cycles(1); 
00B8:  NOP
....................    lcd_output_enable(1); 
00B9:  BSF    08.0
....................    delay_us(1); 
00BA:  GOTO   0BB
00BB:  GOTO   0BC
00BC:  NOP
....................    low = lcd_read_nibble(); 
00BD:  CALL   0A3
00BE:  MOVF   78,W
00BF:  MOVWF  41
....................        
....................    lcd_output_enable(0); 
00C0:  BCF    08.0
....................  
....................  #if defined(__PCB__) 
....................    set_tris_lcd(LCD_INPUT_MAP); 
....................  #else 
....................   #if (defined(LCD_DATA4) && defined(LCD_DATA5) && defined(LCD_DATA6) && defined(LCD_DATA7)) 
....................    output_drive(LCD_DATA4); 
....................    output_drive(LCD_DATA5); 
....................    output_drive(LCD_DATA6); 
....................    output_drive(LCD_DATA7); 
....................   #else 
....................    lcdtris.data = 0x0; 
00C1:  MOVLW  0F
00C2:  BSF    03.5
00C3:  ANDWF  08,W
00C4:  MOVWF  08
....................   #endif 
....................  #endif 
....................  
....................    return( (high<<4) | low); 
00C5:  BCF    03.5
00C6:  SWAPF  42,W
00C7:  MOVWF  77
00C8:  MOVLW  F0
00C9:  ANDWF  77,F
00CA:  MOVF   77,W
00CB:  IORWF  41,W
00CC:  MOVWF  78
.................... } 
....................  
.................... BYTE lcd_read_nibble(void) 
.................... { 
....................   #if (defined(LCD_DATA4) && defined(LCD_DATA5) && defined(LCD_DATA6) && defined(LCD_DATA7)) 
....................    BYTE n = 0x00; 
....................  
....................    /* Read the data port */ 
....................    n |= input(LCD_DATA4); 
....................    n |= input(LCD_DATA5) << 1; 
....................    n |= input(LCD_DATA6) << 2; 
....................    n |= input(LCD_DATA7) << 3; 
....................     
....................    return(n); 
....................   #else 
....................    return(lcd.data); 
*
00A3:  MOVF   08,W
00A4:  MOVWF  77
00A5:  SWAPF  08,W
00A6:  ANDLW  0F
00A7:  MOVWF  78
....................   #endif 
00A8:  RETURN
.................... } 
....................  
.................... void lcd_send_nibble(BYTE n) 
.................... { 
....................   #if (defined(LCD_DATA4) && defined(LCD_DATA5) && defined(LCD_DATA6) && defined(LCD_DATA7)) 
....................    /* Write to the data port */ 
....................    output_bit(LCD_DATA4, bit_test(n, 0)); 
....................    output_bit(LCD_DATA5, bit_test(n, 1)); 
....................    output_bit(LCD_DATA6, bit_test(n, 2)); 
....................    output_bit(LCD_DATA7, bit_test(n, 3)); 
....................   #else       
....................    lcdlat.data = n; 
*
0092:  SWAPF  42,W
0093:  ANDLW  F0
0094:  MOVWF  77
0095:  MOVLW  0F
0096:  ANDWF  08,W
0097:  IORWF  77,W
0098:  MOVWF  08
....................   #endif 
....................        
....................    delay_cycles(1); 
0099:  NOP
....................    lcd_output_enable(1); 
009A:  BSF    08.0
....................    delay_us(2); 
009B:  MOVLW  02
009C:  MOVWF  77
009D:  DECFSZ 77,F
009E:  GOTO   09D
009F:  GOTO   0A0
00A0:  NOP
....................    lcd_output_enable(0); 
00A1:  BCF    08.0
00A2:  RETURN
.................... } 
....................  
.................... void lcd_send_byte(BYTE address, BYTE n) 
.................... { 
....................    lcd_output_rs(0); 
*
00A9:  BCF    08.1
....................    while ( bit_test(lcd_read_byte(),7) ) ; 
*
00CD:  MOVF   78,W
00CE:  MOVWF  41
00CF:  BTFSC  41.7
00D0:  GOTO   0AA
....................    lcd_output_rs(address); 
00D1:  BTFSS  3F.0
00D2:  BCF    08.1
00D3:  BTFSC  3F.0
00D4:  BSF    08.1
....................    delay_cycles(1); 
00D5:  NOP
....................    lcd_output_rw(0); 
00D6:  BCF    08.2
....................    delay_cycles(1); 
00D7:  NOP
....................    lcd_output_enable(0); 
00D8:  BCF    08.0
....................    lcd_send_nibble(n >> 4); 
00D9:  SWAPF  40,W
00DA:  MOVWF  41
00DB:  MOVLW  0F
00DC:  ANDWF  41,F
00DD:  MOVF   41,W
00DE:  MOVWF  42
00DF:  CALL   092
....................    lcd_send_nibble(n & 0xf); 
00E0:  MOVF   40,W
00E1:  ANDLW  0F
00E2:  MOVWF  41
00E3:  MOVWF  42
00E4:  CALL   092
00E5:  RETURN
.................... } 
....................  
.................... void lcd_init(void)  
.................... { 
....................    BYTE i; 
....................  
....................  #if defined(__PCB__) 
....................    set_tris_lcd(LCD_OUTPUT_MAP); 
....................  #else 
....................   #if (defined(LCD_DATA4) && defined(LCD_DATA5) && defined(LCD_DATA6) && defined(LCD_DATA7)) 
....................    output_drive(LCD_DATA4); 
....................    output_drive(LCD_DATA5); 
....................    output_drive(LCD_DATA6); 
....................    output_drive(LCD_DATA7); 
....................   #else 
....................    lcdtris.data = 0x0; 
00E6:  MOVLW  0F
00E7:  BSF    03.5
00E8:  ANDWF  08,W
00E9:  MOVWF  08
....................   #endif 
....................    lcd_enable_tris(); 
00EA:  BCF    08.0
....................    lcd_rs_tris(); 
00EB:  BCF    08.1
....................    lcd_rw_tris(); 
00EC:  BCF    08.2
....................  #endif 
....................  
....................    lcd_output_rs(0); 
00ED:  BCF    03.5
00EE:  BCF    08.1
....................    lcd_output_rw(0); 
00EF:  BCF    08.2
....................    lcd_output_enable(0); 
00F0:  BCF    08.0
....................      
....................    delay_ms(15); 
00F1:  MOVLW  0F
00F2:  MOVWF  3B
00F3:  CALL   07E
....................    for(i=1;i<=3;++i) 
00F4:  MOVLW  01
00F5:  MOVWF  2B
00F6:  MOVF   2B,W
00F7:  SUBLW  03
00F8:  BTFSS  03.0
00F9:  GOTO   102
....................    { 
....................        lcd_send_nibble(3); 
00FA:  MOVLW  03
00FB:  MOVWF  42
00FC:  CALL   092
....................        delay_ms(5); 
00FD:  MOVLW  05
00FE:  MOVWF  3B
00FF:  CALL   07E
0100:  INCF   2B,F
0101:  GOTO   0F6
....................    } 
....................      
....................    lcd_send_nibble(2); 
0102:  MOVLW  02
0103:  MOVWF  42
0104:  CALL   092
....................    for(i=0;i<=3;++i) 
0105:  CLRF   2B
0106:  MOVF   2B,W
0107:  SUBLW  03
0108:  BTFSS  03.0
0109:  GOTO   113
....................       lcd_send_byte(0,LCD_INIT_STRING[i]); 
010A:  MOVF   2B,W
010B:  CALL   004
010C:  MOVWF  2C
010D:  CLRF   3F
010E:  MOVF   2C,W
010F:  MOVWF  40
0110:  CALL   0A9
0111:  INCF   2B,F
0112:  GOTO   106
0113:  BCF    0A.3
0114:  BCF    0A.4
0115:  GOTO   5CA (RETURN)
.................... } 
....................  
.................... void lcd_gotoxy(BYTE x, BYTE y) 
.................... { 
....................    BYTE address; 
....................  
....................    if(y!=1) 
*
012C:  DECFSZ 3C,W
012D:  GOTO   12F
012E:  GOTO   132
....................       address=LCD_LINE_TWO; 
012F:  MOVLW  40
0130:  MOVWF  3D
0131:  GOTO   133
....................    else 
....................       address=0; 
0132:  CLRF   3D
....................       
....................    address+=x-1; 
0133:  MOVLW  01
0134:  SUBWF  3B,W
0135:  ADDWF  3D,F
....................    lcd_send_byte(0,0x80|address); 
0136:  MOVF   3D,W
0137:  IORLW  80
0138:  MOVWF  3E
0139:  CLRF   3F
013A:  MOVF   3E,W
013B:  MOVWF  40
013C:  CALL   0A9
013D:  RETURN
.................... } 
....................  
.................... void lcd_putc(char c) 
.................... { 
....................    switch (c) 
013E:  MOVF   3A,W
013F:  XORLW  0C
0140:  BTFSC  03.2
0141:  GOTO   149
0142:  XORLW  06
0143:  BTFSC  03.2
0144:  GOTO   151
0145:  XORLW  02
0146:  BTFSC  03.2
0147:  GOTO   157
0148:  GOTO   15C
....................    { 
....................       case '\f'   :  lcd_send_byte(0,1); 
0149:  CLRF   3F
014A:  MOVLW  01
014B:  MOVWF  40
014C:  CALL   0A9
....................                      delay_ms(2); 
014D:  MOVLW  02
014E:  MOVWF  3B
014F:  CALL   07E
....................                      break; 
0150:  GOTO   161
....................                       
....................       case '\n'   : lcd_gotoxy(1,2);        break; 
0151:  MOVLW  01
0152:  MOVWF  3B
0153:  MOVLW  02
0154:  MOVWF  3C
0155:  CALL   12C
0156:  GOTO   161
....................       
....................       case '\b'   : lcd_send_byte(0,0x10);  break; 
0157:  CLRF   3F
0158:  MOVLW  10
0159:  MOVWF  40
015A:  CALL   0A9
015B:  GOTO   161
....................       
....................       default     : lcd_send_byte(1,c);     break; 
015C:  MOVLW  01
015D:  MOVWF  3F
015E:  MOVF   3A,W
015F:  MOVWF  40
0160:  CALL   0A9
....................    } 
0161:  RETURN
.................... } 
....................   
.................... char lcd_getc(BYTE x, BYTE y) 
.................... { 
....................    char value; 
....................  
....................    lcd_gotoxy(x,y); 
....................    while ( bit_test(lcd_read_byte(),7) ); // wait until busy flag is low 
....................    lcd_output_rs(1); 
....................    value = lcd_read_byte(); 
....................    lcd_output_rs(0); 
....................     
....................    return(value); 
.................... } 
....................  
.................... #include <kbd4x4_b.c> 
.................... /////////////////////////////////////////////////////////////////////////// 
.................... ////                             KBD4x4_1.C                                //// 
.................... ////                  Generic keypad scan driver                       //// 
.................... ////                                                                   //// 
.................... ////  kbd_init()   Must be called before any other function.           //// 
.................... ////                                                                   //// 
.................... ////  c = kbd_getc(c)  Will return a key value if pressed or /0 if not //// 
.................... ////                   This function should be called frequently so as //// 
.................... ////                   not to miss a key press.                        //// 
.................... ////                                                                   //// 
.................... /////////////////////////////////////////////////////////////////////////// 
.................... ////        (C) Copyright 1996,2003 Custom Computer Services           //// 
.................... //// This source code may only be used by licensed users of the CCS C  //// 
.................... //// compiler.  This source code may only be distributed to other      //// 
.................... //// licensed users of the CCS C compiler.  No other use, reproduction //// 
.................... //// or distribution is permitted without written permission.          //// 
.................... //// Derivative programs created using this software in object code    //// 
.................... //// form are not restricted in any way.                               //// 
.................... /////////////////////////////////////////////////////////////////////////// 
....................  
.................... ////////////////// The following defines the keypad layout on port D 
....................  
.................... // Un-comment the following define to use port B 
.................... #define use_portb_kbd TRUE 
....................  
.................... // Make sure the port used has pull-up resistors (or the LCD) on 
.................... // the column pins 
....................  
....................  
.................... #if defined(__PCH__) 
.................... #if defined use_portb_kbd 
....................    #byte kbd = 0xF81                   // This puts the entire structure 
.................... #else 
....................    #byte kbd = 0xF83                   // This puts the entire structure 
.................... #endif 
.................... #else 
.................... #if defined use_portb_kbd 
....................    #byte kbd = 6                  // on to port B (at address 6) 
.................... #else 
....................    #byte kbd = 8                 // on to port D (at address 8) 
.................... #endif 
.................... #endif 
....................  
.................... #if defined use_portb_kbd 
....................    #define set_tris_kbd(x) set_tris_b(x) 
.................... #else 
....................    #define set_tris_kbd(x) set_tris_d(x) 
.................... #endif 
....................  
....................  
....................  
.................... //Keypad connection:   (for example column 0 is B2) 
.................... //                Bx: 
....................  
.................... #ifdef blue_keypad  ///////////////////////////////////// For the blue keypad 
.................... #define COL0 (1 << 2) 
.................... #define COL1 (1 << 3) 
.................... #define COL2 (1 << 6) 
....................  
.................... #define ROW0 (1 << 4) 
.................... #define ROW1 (1 << 7) 
.................... #define ROW2 (1 << 1) 
.................... #define ROW3 (1 << 5) 
....................  
.................... #else ////////////////////////////////////////////////// For the black keypad 
.................... #define COL0 (1 << 4) 
.................... #define COL1 (1 << 5) 
.................... #define COL2 (1 << 6) 
.................... #define COL3 (1 << 7) 
....................  
.................... #define ROW0 (1 << 0) 
.................... #define ROW1 (1 << 1) 
.................... #define ROW2 (1 << 2) 
.................... #define ROW3 (1 << 3) 
....................  
.................... #endif 
....................  
.................... #define ALL_ROWS (ROW0|ROW1|ROW2|ROW3) 
.................... #define ALL_PINS (ALL_ROWS|COL0|COL1|COL2|COL3) 
....................  
.................... // Keypad layout: 
.................... char const KEYS[4][4] = {{'7','8','9','/'}, 
....................                          {'4','5','6','*'}, 
....................                          {'1','2','3','-'}, 
....................                          {'C','0','=','+'}}; 
....................  
.................... #define KBD_DEBOUNCE_FACTOR 33    // Set this number to apx n/333 where 
....................                                   // n is the number of times you expect 
....................                                   // to call kbd_getc each second 
....................  
....................  
.................... void kbd_init() { 
*
0116:  BCF    0A.3
0117:  BCF    0A.4
0118:  GOTO   5CB (RETURN)
.................... } 
....................  
.................... char kbd_getc( ) { 
....................    static BYTE kbd_call_count; 
*
05C1:  BCF    03.5
05C2:  CLRF   20
....................    static int1 kbd_down; 
05C3:  BCF    21.0
....................    static char last_key; 
05C4:  CLRF   22
....................    static BYTE col; 
05C5:  CLRF   23
....................  
....................    BYTE kchar; 
....................    BYTE row; 
....................  
....................    kchar='\0'; 
*
01B8:  CLRF   38
....................    if(++kbd_call_count>KBD_DEBOUNCE_FACTOR) { 
01B9:  INCF   20,F
01BA:  MOVF   20,W
01BB:  SUBLW  21
01BC:  BTFSC  03.0
01BD:  GOTO   218
....................        switch (col) { 
01BE:  MOVF   23,W
01BF:  ADDLW  FC
01C0:  BTFSC  03.0
01C1:  GOTO   1DB
01C2:  ADDLW  04
01C3:  GOTO   221
....................          case 0   : set_tris_kbd(ALL_PINS&~COL0); 
01C4:  MOVLW  EF
01C5:  BSF    03.5
01C6:  MOVWF  06
....................                     kbd=~COL0&ALL_PINS; 
01C7:  BCF    03.5
01C8:  MOVWF  06
....................                     break; 
01C9:  GOTO   1DB
....................          case 1   : set_tris_kbd(ALL_PINS&~COL1); 
01CA:  MOVLW  DF
01CB:  BSF    03.5
01CC:  MOVWF  06
....................                     kbd=~COL1&ALL_PINS; 
01CD:  BCF    03.5
01CE:  MOVWF  06
....................                     break; 
01CF:  GOTO   1DB
....................          case 2   : set_tris_kbd(ALL_PINS&~COL2); 
01D0:  MOVLW  BF
01D1:  BSF    03.5
01D2:  MOVWF  06
....................                     kbd=~COL2&ALL_PINS; 
01D3:  BCF    03.5
01D4:  MOVWF  06
....................                     break; 
01D5:  GOTO   1DB
....................          case 3   : set_tris_kbd(ALL_PINS&~COL3); 
01D6:  MOVLW  7F
01D7:  BSF    03.5
01D8:  MOVWF  06
....................                     kbd=~COL3&ALL_PINS; 
01D9:  BCF    03.5
01DA:  MOVWF  06
....................                     break; 
....................        } 
....................  
....................        if(kbd_down) { 
01DB:  BTFSS  21.0
01DC:  GOTO   1E7
....................          if((kbd & (ALL_ROWS))==(ALL_ROWS)) { 
01DD:  MOVF   06,W
01DE:  ANDLW  0F
01DF:  SUBLW  0F
01E0:  BTFSS  03.2
01E1:  GOTO   1E6
....................            kbd_down=FALSE; 
01E2:  BCF    21.0
....................            kchar=last_key; 
01E3:  MOVF   22,W
01E4:  MOVWF  38
....................            last_key='\0'; 
01E5:  CLRF   22
....................          } 
....................        } else { 
01E6:  GOTO   217
....................           if((kbd & (ALL_ROWS))!=(ALL_ROWS)) { 
01E7:  MOVF   06,W
01E8:  ANDLW  0F
01E9:  SUBLW  0F
01EA:  BTFSC  03.2
01EB:  GOTO   212
....................              if((kbd & ROW0)==0) 
01EC:  MOVF   06,W
01ED:  ANDLW  01
01EE:  BTFSS  03.2
01EF:  GOTO   1F2
....................                row=0; 
01F0:  CLRF   39
01F1:  GOTO   206
....................              else if((kbd & ROW1)==0) 
01F2:  MOVF   06,W
01F3:  ANDLW  02
01F4:  BTFSS  03.2
01F5:  GOTO   1F9
....................                row=1; 
01F6:  MOVLW  01
01F7:  MOVWF  39
01F8:  GOTO   206
....................              else if((kbd & ROW2)==0) 
01F9:  MOVF   06,W
01FA:  ANDLW  04
01FB:  BTFSS  03.2
01FC:  GOTO   200
....................                row=2; 
01FD:  MOVLW  02
01FE:  MOVWF  39
01FF:  GOTO   206
....................              else if((kbd & ROW3)==0) 
0200:  MOVF   06,W
0201:  ANDLW  08
0202:  BTFSS  03.2
0203:  GOTO   206
....................                row=3; 
0204:  MOVLW  03
0205:  MOVWF  39
....................              last_key =KEYS[row][col]; 
0206:  RLF    39,W
0207:  MOVWF  77
0208:  RLF    77,F
0209:  MOVLW  FC
020A:  ANDWF  77,F
020B:  MOVF   77,W
020C:  ADDWF  23,W
020D:  CALL   00C
020E:  MOVWF  78
020F:  MOVWF  22
....................              kbd_down = TRUE; 
0210:  BSF    21.0
....................           } else { 
0211:  GOTO   217
....................              ++col; 
0212:  INCF   23,F
....................              if(col==4) 
0213:  MOVF   23,W
0214:  SUBLW  04
0215:  BTFSC  03.2
....................                col=0; 
0216:  CLRF   23
....................           } 
....................        } 
....................       kbd_call_count=0; 
0217:  CLRF   20
....................    } 
....................   set_tris_kbd(ALL_PINS); 
0218:  MOVLW  FF
0219:  BSF    03.5
021A:  MOVWF  06
....................   return(kchar); 
021B:  BCF    03.5
021C:  MOVF   38,W
021D:  MOVWF  78
021E:  BCF    0A.3
021F:  BCF    0A.4
0220:  GOTO   22A (RETURN)
.................... } 
....................  
.................... #include <getNum16.c> 
.................... /* 
....................    ** Se requiere haber inicializado el lcd y el teclado **  
....................     
....................    Usar como "int16 numero = get_num();" no puede borrar numeros 
....................     
....................    Al usar como "int16 numero = get_num_lcd(cursor_x,cursor_y)" 
....................    se pueden borrar caracteres con '-' y con 'C' 
....................        
....................    Por Angel Primitivo Vejar Corts 2022 | angel-primi@hotmail.com 
.................... */ 
....................  
.................... unsigned int32 pow(int8 base, int8 power){ 
*
02DB:  CLRF   3E
02DC:  CLRF   3D
02DD:  CLRF   3C
02DE:  MOVLW  01
02DF:  MOVWF  3B
....................    int32 result = 1; 
....................    for(int8 i = 0; i < power; i++){ 
02E0:  CLRF   3F
02E1:  MOVF   3A,W
02E2:  SUBWF  3F,W
02E3:  BTFSC  03.0
02E4:  GOTO   2FD
....................       result *= base; 
02E5:  MOVF   3E,W
02E6:  MOVWF  43
02E7:  MOVF   3D,W
02E8:  MOVWF  42
02E9:  MOVF   3C,W
02EA:  MOVWF  41
02EB:  MOVF   3B,W
02EC:  MOVWF  40
02ED:  CLRF   47
02EE:  CLRF   46
02EF:  CLRF   45
02F0:  MOVF   39,W
02F1:  MOVWF  44
02F2:  CALL   232
02F3:  MOVF   7A,W
02F4:  MOVWF  3E
02F5:  MOVF   79,W
02F6:  MOVWF  3D
02F7:  MOVF   78,W
02F8:  MOVWF  3C
02F9:  MOVF   77,W
02FA:  MOVWF  3B
02FB:  INCF   3F,F
02FC:  GOTO   2E1
....................    } 
....................    return result; 
02FD:  MOVF   3B,W
02FE:  MOVWF  77
02FF:  MOVF   3C,W
0300:  MOVWF  78
0301:  MOVF   3D,W
0302:  MOVWF  79
0303:  MOVF   3E,W
0304:  MOVWF  7A
.................... } 
....................  
.................... char read_key(){ 
....................    char c; 
....................    do{ 
....................       c=kbd_getc(); 
*
0229:  GOTO   1B8
022A:  MOVF   78,W
022B:  MOVWF  37
....................    } 
....................    while(c=='\0');  
022C:  MOVF   37,F
022D:  BTFSC  03.2
022E:  GOTO   229
....................    return(c); 
022F:  MOVF   37,W
0230:  MOVWF  78
0231:  RETURN
.................... } 
....................  
.................... int16 get_num_lcd(int8 x, int8 y){ 
....................    lcd_gotoxy(x,y); 
*
025C:  MOVF   2B,W
025D:  MOVWF  3B
025E:  MOVF   2C,W
025F:  MOVWF  3C
0260:  CALL   12C
....................    int16 numero = 0; 
....................    char cadena[5] = {0,0,0,0,0}; 
*
0263:  CLRF   2F
0264:  CLRF   30
0265:  CLRF   31
0266:  CLRF   32
0267:  CLRF   33
....................    int8 index = 0; 
....................    char tecla; 
*
0261:  CLRF   2E
0262:  CLRF   2D
*
0268:  CLRF   34
....................    do { 
....................       tecla = read_key(); 
0269:  CALL   229
026A:  MOVF   78,W
026B:  MOVWF  35
....................       if((tecla >= 48) && (tecla <= 57))  
026C:  MOVF   35,W
026D:  SUBLW  2F
026E:  BTFSC  03.0
026F:  GOTO   27E
0270:  MOVF   35,W
0271:  SUBLW  39
0272:  BTFSS  03.0
0273:  GOTO   27E
....................       { 
....................          cadena[index] = tecla; 
0274:  MOVLW  2F
0275:  ADDWF  34,W
0276:  MOVWF  04
0277:  BCF    03.7
0278:  MOVF   35,W
0279:  MOVWF  00
....................          index++; 
027A:  INCF   34,F
....................          printf(lcd_putc,"%c",tecla); 
027B:  MOVF   35,W
027C:  MOVWF  3A
027D:  CALL   13E
....................       } 
....................        
....................       if(tecla == '-' && index > 0){ 
027E:  MOVF   35,W
027F:  SUBLW  2D
0280:  BTFSS  03.2
0281:  GOTO   29C
0282:  MOVF   34,F
0283:  BTFSC  03.2
0284:  GOTO   29C
....................          index--; 
0285:  DECF   34,F
....................          cadena[index] = 0; 
0286:  MOVLW  2F
0287:  ADDWF  34,W
0288:  MOVWF  04
0289:  BCF    03.7
028A:  CLRF   00
....................          lcd_gotoxy(x + index,y); 
028B:  MOVF   34,W
028C:  ADDWF  2B,W
028D:  MOVWF  37
028E:  MOVWF  3B
028F:  MOVF   2C,W
0290:  MOVWF  3C
0291:  CALL   12C
....................          printf(lcd_putc," "); 
0292:  MOVLW  20
0293:  MOVWF  3A
0294:  CALL   13E
....................          lcd_gotoxy(x + index,y); 
0295:  MOVF   34,W
0296:  ADDWF  2B,W
0297:  MOVWF  37
0298:  MOVWF  3B
0299:  MOVF   2C,W
029A:  MOVWF  3C
029B:  CALL   12C
....................       } 
....................        
....................       if(tecla == 'C' && index > 0){ 
029C:  MOVF   35,W
029D:  SUBLW  43
029E:  BTFSS  03.2
029F:  GOTO   2BA
02A0:  MOVF   34,F
02A1:  BTFSC  03.2
02A2:  GOTO   2BA
....................          index=0; 
02A3:  CLRF   34
....................          cadena[0] = 0; 
02A4:  CLRF   2F
....................          cadena[1] = 0; 
02A5:  CLRF   30
....................          cadena[2] = 0; 
02A6:  CLRF   31
....................          cadena[3] = 0; 
02A7:  CLRF   32
....................          cadena[4] = 0; 
02A8:  CLRF   33
....................          lcd_gotoxy(x,y); 
02A9:  MOVF   2B,W
02AA:  MOVWF  3B
02AB:  MOVF   2C,W
02AC:  MOVWF  3C
02AD:  CALL   12C
....................          printf(lcd_putc,"     "); 
02AE:  MOVLW  20
02AF:  BSF    03.6
02B0:  MOVWF  0D
02B1:  MOVLW  00
02B2:  MOVWF  0F
02B3:  BCF    03.6
02B4:  CALL   162
....................          lcd_gotoxy(x,y); 
02B5:  MOVF   2B,W
02B6:  MOVWF  3B
02B7:  MOVF   2C,W
02B8:  MOVWF  3C
02B9:  CALL   12C
....................       } 
....................        
....................       if(tecla == '=' && index > 0){ 
02BA:  MOVF   35,W
02BB:  SUBLW  3D
02BC:  BTFSS  03.2
02BD:  GOTO   2C1
02BE:  MOVF   34,F
02BF:  BTFSS  03.2
....................          break;      
02C0:  GOTO   2C5
....................       } 
....................    }while(index < 5); 
02C1:  MOVF   34,W
02C2:  SUBLW  04
02C3:  BTFSC  03.0
02C4:  GOTO   269
....................     
....................    for(int8 i = 0; i < index; i++){ 
02C5:  CLRF   36
02C6:  MOVF   34,W
02C7:  SUBWF  36,W
02C8:  BTFSC  03.0
02C9:  GOTO   326
....................       numero += (cadena[i] - 48) * (pow(10,index - 1 - i)); 
02CA:  MOVLW  2F
02CB:  ADDWF  36,W
02CC:  MOVWF  04
02CD:  BCF    03.7
02CE:  MOVLW  30
02CF:  SUBWF  00,W
02D0:  MOVWF  37
02D1:  MOVLW  01
02D2:  SUBWF  34,W
02D3:  MOVWF  78
02D4:  MOVF   36,W
02D5:  SUBWF  78,W
02D6:  MOVWF  38
02D7:  MOVLW  0A
02D8:  MOVWF  39
02D9:  MOVF   38,W
02DA:  MOVWF  3A
*
0305:  CLRF   39
0306:  MOVF   04,W
0307:  MOVWF  38
0308:  BCF    39.0
0309:  BTFSC  03.7
030A:  BSF    39.0
030B:  CLRF   43
030C:  CLRF   42
030D:  CLRF   41
030E:  MOVF   37,W
030F:  MOVWF  40
0310:  MOVF   7A,W
0311:  MOVWF  47
0312:  MOVF   79,W
0313:  MOVWF  46
0314:  MOVF   78,W
0315:  MOVWF  45
0316:  MOVF   77,W
0317:  MOVWF  44
0318:  CALL   232
0319:  MOVF   38,W
031A:  MOVWF  04
031B:  BCF    03.7
031C:  BTFSC  39.0
031D:  BSF    03.7
031E:  MOVF   77,W
031F:  ADDWF  2D,F
0320:  MOVF   78,W
0321:  BTFSC  03.0
0322:  INCFSZ 78,W
0323:  ADDWF  2E,F
0324:  INCF   36,F
0325:  GOTO   2C6
....................    }   
....................    return numero; 
0326:  MOVF   2D,W
0327:  MOVWF  78
0328:  MOVF   2E,W
0329:  MOVWF  79
032A:  RETURN
.................... } 
....................  
.................... int16 get_num() { 
....................    int16 numero = 0; 
....................    char cadena[5] = {0,0,0,0,0}; 
....................    int8 index = 0; 
....................    char tecla; 
....................    do { 
....................       tecla = read_key(); 
....................       if((tecla >= 48) && (tecla <= 57))  
....................       { 
....................          cadena[index] = tecla; 
....................          index++; 
....................          printf(lcd_putc,"%c",tecla); 
....................       } 
....................        
....................       if(tecla == '=' && index > 0){ 
....................          break;      
....................       } 
....................    }while(index < 5); 
....................     
....................    for(int8 i = 0; i < index; i++){ 
....................       numero += (cadena[i] - 48) * (pow(10,index - 1 - i)); 
....................    }   
....................    return numero; 
.................... } 
....................  
....................  
.................... #use STANDARD_IO(C) 
.................... #use STANDARD_IO(B) 
.................... #use STANDARD_IO(D) 
....................  
.................... #define LED_1 PIN_C0 
.................... #define LED_2 PIN_C1 
.................... #define LED_3 PIN_C2 
.................... #define boton_paro PIN_C3 
....................  
.................... float numeroMotor; //Defino variable a usar 
.................... int1 delay_paro(int16 segundos); // Declaramos funcin pero no la definimos 
....................  
.................... void paro(){ //Funcin del paro 
....................    output_low(LED_1); 
*
0119:  BCF    24.0
011A:  MOVF   24,W
011B:  BSF    03.5
011C:  MOVWF  07
011D:  BCF    03.5
011E:  BCF    07.0
....................    output_low(LED_2); 
011F:  BCF    24.1
0120:  MOVF   24,W
0121:  BSF    03.5
0122:  MOVWF  07
0123:  BCF    03.5
0124:  BCF    07.1
....................    output_low(LED_3); 
0125:  BCF    24.2
0126:  MOVF   24,W
0127:  BSF    03.5
0128:  MOVWF  07
0129:  BCF    03.5
012A:  BCF    07.2
012B:  RETURN
.................... } 
....................  
.................... void motor1(){ //Funcion del primer motor 
....................       output_high(LED_1); 
*
04B6:  BCF    24.0
04B7:  MOVF   24,W
04B8:  BSF    03.5
04B9:  MOVWF  07
04BA:  BCF    03.5
04BB:  BSF    07.0
....................       if(delay_paro(numeroMotor) == 1)break; 
04BC:  MOVF   28,W
04BD:  MOVWF  2F
04BE:  MOVF   27,W
04BF:  MOVWF  2E
04C0:  MOVF   26,W
04C1:  MOVWF  2D
04C2:  MOVF   25,W
04C3:  MOVWF  2C
04C4:  CALL   441
04C5:  MOVF   79,W
04C6:  MOVWF  2C
04C7:  MOVF   78,W
04C8:  MOVWF  2B
04C9:  MOVF   2C,W
04CA:  MOVWF  2F
04CB:  MOVF   2B,W
04CC:  MOVWF  2E
04CD:  CALL   460
04CE:  DECFSZ 78,W
04CF:  GOTO   4D0
....................       output_low(LED_1); 
04D0:  BCF    24.0
04D1:  MOVF   24,W
04D2:  BSF    03.5
04D3:  MOVWF  07
04D4:  BCF    03.5
04D5:  BCF    07.0
04D6:  BCF    0A.3
04D7:  BCF    0A.4
04D8:  GOTO   681 (RETURN)
.................... } 
....................  
.................... void motor2(){ //Funcin del segundo motor 
....................    for(int8 i = 0; i < 4; i++){ 
*
054E:  CLRF   2B
054F:  MOVF   2B,W
0550:  SUBLW  03
0551:  BTFSS  03.0
0552:  GOTO   5B1
....................       if(i % 4 == 0 || i % 4 == 2){ 
0553:  MOVF   2B,W
0554:  ANDLW  03
0555:  BTFSC  03.2
0556:  GOTO   55C
0557:  MOVF   2B,W
0558:  ANDLW  03
0559:  SUBLW  02
055A:  BTFSS  03.2
055B:  GOTO   586
....................          output_high(LED_2); 
055C:  BCF    24.1
055D:  MOVF   24,W
055E:  BSF    03.5
055F:  MOVWF  07
0560:  BCF    03.5
0561:  BSF    07.1
....................          if(delay_paro(numeroMotor * 0.25) == 1)break; 
0562:  MOVF   28,W
0563:  MOVWF  2F
0564:  MOVF   27,W
0565:  MOVWF  2E
0566:  MOVF   26,W
0567:  MOVWF  2D
0568:  MOVF   25,W
0569:  MOVWF  2C
056A:  CLRF   33
056B:  CLRF   32
056C:  CLRF   31
056D:  MOVLW  7D
056E:  MOVWF  30
056F:  CALL   4D9
0570:  MOVF   7A,W
0571:  MOVWF  2F
0572:  MOVF   79,W
0573:  MOVWF  2E
0574:  MOVF   78,W
0575:  MOVWF  2D
0576:  MOVF   77,W
0577:  MOVWF  2C
0578:  CALL   441
0579:  MOVF   79,W
057A:  MOVWF  2D
057B:  MOVF   78,W
057C:  MOVWF  2C
057D:  MOVF   2D,W
057E:  MOVWF  2F
057F:  MOVF   2C,W
0580:  MOVWF  2E
0581:  CALL   460
0582:  DECFSZ 78,W
0583:  GOTO   585
0584:  GOTO   5B1
....................       } 
0585:  GOTO   5AF
....................       else{ 
....................          output_low(LED_2); 
0586:  BCF    24.1
0587:  MOVF   24,W
0588:  BSF    03.5
0589:  MOVWF  07
058A:  BCF    03.5
058B:  BCF    07.1
....................          if(delay_paro(numeroMotor * 0.25) == 1)break; 
058C:  MOVF   28,W
058D:  MOVWF  2F
058E:  MOVF   27,W
058F:  MOVWF  2E
0590:  MOVF   26,W
0591:  MOVWF  2D
0592:  MOVF   25,W
0593:  MOVWF  2C
0594:  CLRF   33
0595:  CLRF   32
0596:  CLRF   31
0597:  MOVLW  7D
0598:  MOVWF  30
0599:  CALL   4D9
059A:  MOVF   7A,W
059B:  MOVWF  2F
059C:  MOVF   79,W
059D:  MOVWF  2E
059E:  MOVF   78,W
059F:  MOVWF  2D
05A0:  MOVF   77,W
05A1:  MOVWF  2C
05A2:  CALL   441
05A3:  MOVF   79,W
05A4:  MOVWF  2D
05A5:  MOVF   78,W
05A6:  MOVWF  2C
05A7:  MOVF   2D,W
05A8:  MOVWF  2F
05A9:  MOVF   2C,W
05AA:  MOVWF  2E
05AB:  CALL   460
05AC:  DECFSZ 78,W
05AD:  GOTO   5AF
05AE:  GOTO   5B1
....................       } 
05AF:  INCF   2B,F
05B0:  GOTO   54F
....................    } 
05B1:  BCF    0A.3
05B2:  BCF    0A.4
05B3:  GOTO   681 (RETURN)
.................... } 
....................  
.................... void motor3(){ //Funcin del tercer motor 
....................    for(int8 i = 0; i < ((numeroMotor+1)/2); i++){ 
*
0800:  CLRF   2B
0801:  BCF    03.1
0802:  MOVF   28,W
0803:  MOVWF  2F
0804:  MOVF   27,W
0805:  MOVWF  2E
0806:  MOVF   26,W
0807:  MOVWF  2D
0808:  MOVF   25,W
0809:  MOVWF  2C
080A:  CLRF   33
080B:  CLRF   32
080C:  CLRF   31
080D:  MOVLW  7F
080E:  MOVWF  30
*
094F:  MOVF   7A,W
0950:  MOVWF  2F
0951:  MOVF   79,W
0952:  MOVWF  2E
0953:  MOVF   78,W
0954:  MOVWF  2D
0955:  MOVF   77,W
0956:  MOVWF  2C
0957:  MOVF   2F,W
0958:  MOVWF  33
0959:  MOVF   2E,W
095A:  MOVWF  32
095B:  MOVF   2D,W
095C:  MOVWF  31
095D:  MOVF   2C,W
095E:  MOVWF  30
095F:  CLRF   37
0960:  CLRF   36
0961:  CLRF   35
0962:  MOVLW  80
0963:  MOVWF  34
*
0A2D:  MOVF   7A,W
0A2E:  MOVWF  2F
0A2F:  MOVF   79,W
0A30:  MOVWF  2E
0A31:  MOVF   78,W
0A32:  MOVWF  2D
0A33:  MOVF   77,W
0A34:  MOVWF  2C
0A35:  CLRF   31
0A36:  MOVF   2B,W
0A37:  MOVWF  30
0A38:  BCF    0A.3
0A39:  CALL   3E5
0A3A:  BSF    0A.3
0A3B:  MOVF   7A,W
0A3C:  MOVWF  33
0A3D:  MOVF   79,W
0A3E:  MOVWF  32
0A3F:  MOVF   78,W
0A40:  MOVWF  31
0A41:  MOVF   77,W
0A42:  MOVWF  30
0A43:  MOVF   2F,W
0A44:  MOVWF  37
0A45:  MOVF   2E,W
0A46:  MOVWF  36
0A47:  MOVF   2D,W
0A48:  MOVWF  35
0A49:  MOVF   2C,W
0A4A:  MOVWF  34
0A4B:  BCF    0A.3
0A4C:  CALL   402
0A4D:  BSF    0A.3
0A4E:  BTFSS  03.0
0A4F:  GOTO   270
....................       output_high(LED_3); 
0A50:  BCF    24.2
0A51:  MOVF   24,W
0A52:  BSF    03.5
0A53:  MOVWF  07
0A54:  BCF    03.5
0A55:  BSF    07.2
....................       if(delay_paro(1) == 1)break; 
0A56:  CLRF   2F
0A57:  MOVLW  01
0A58:  MOVWF  2E
0A59:  BCF    0A.3
0A5A:  CALL   460
0A5B:  BSF    0A.3
0A5C:  DECFSZ 78,W
0A5D:  GOTO   25F
0A5E:  GOTO   270
....................       output_low(LED_3); 
0A5F:  BCF    24.2
0A60:  MOVF   24,W
0A61:  BSF    03.5
0A62:  MOVWF  07
0A63:  BCF    03.5
0A64:  BCF    07.2
....................       if(delay_paro(1) == 1)break; 
0A65:  CLRF   2F
0A66:  MOVLW  01
0A67:  MOVWF  2E
0A68:  BCF    0A.3
0A69:  CALL   460
0A6A:  BSF    0A.3
0A6B:  DECFSZ 78,W
0A6C:  GOTO   26E
0A6D:  GOTO   270
0A6E:  INCF   2B,F
0A6F:  GOTO   001
....................    } 
0A70:  BCF    0A.3
0A71:  BCF    0A.4
0A72:  GOTO   681 (RETURN)
.................... } 
....................  
.................... void paro_emergencia(){ 
....................    paro(); // Detener motores 
*
0493:  CALL   119
....................    printf(lcd_putc,"\fPARO DE EMERGEN"); 
0494:  MOVLW  23
0495:  BSF    03.6
0496:  MOVWF  0D
0497:  MOVLW  00
0498:  MOVWF  0F
0499:  BCF    03.6
049A:  CALL   162
....................    while(input(boton_paro) == 1){} 
049B:  BSF    24.3
049C:  MOVF   24,W
049D:  BSF    03.5
049E:  MOVWF  07
049F:  BCF    03.5
04A0:  BTFSC  07.3
04A1:  GOTO   49B
....................    printf(lcd_putc,"\fPRESS ANY KEY"); 
04A2:  MOVLW  2C
04A3:  BSF    03.6
04A4:  MOVWF  0D
04A5:  MOVLW  00
04A6:  MOVWF  0F
04A7:  BCF    03.6
04A8:  CALL   162
....................    char tecla = read_key(); 
04A9:  CALL   229
04AA:  MOVF   78,W
04AB:  MOVWF  32
.................... } 
....................  
.................... int1 delay_paro(int16 segundos){ 
....................    for(int16 i = 0; i < segundos * 98; i++){ 
*
0460:  CLRF   31
0461:  CLRF   30
0462:  MOVF   2F,W
0463:  MOVWF  33
0464:  MOVF   2E,W
0465:  MOVWF  32
0466:  CLRF   35
0467:  MOVLW  62
0468:  MOVWF  34
*
047D:  MOVF   79,W
047E:  MOVWF  7A
047F:  MOVF   31,W
0480:  SUBWF  7A,W
0481:  BTFSS  03.0
0482:  GOTO   4B3
0483:  BTFSS  03.2
0484:  GOTO   489
0485:  MOVF   78,W
0486:  SUBWF  30,W
0487:  BTFSC  03.0
0488:  GOTO   4B3
....................       delay_ms(10); 
0489:  MOVLW  0A
048A:  MOVWF  3B
048B:  CALL   07E
....................       if(input(boton_paro)){ 
048C:  BSF    24.3
048D:  MOVF   24,W
048E:  BSF    03.5
048F:  MOVWF  07
0490:  BCF    03.5
0491:  BTFSS  07.3
0492:  GOTO   4AF
....................          paro_emergencia(); 
....................          return 1; 
*
04AC:  MOVLW  01
04AD:  MOVWF  78
04AE:  GOTO   4B5
....................       } 
04AF:  INCF   30,F
04B0:  BTFSC  03.2
04B1:  INCF   31,F
04B2:  GOTO   462
....................   } 
....................    return 0; 
04B3:  MOVLW  00
04B4:  MOVWF  78
04B5:  RETURN
.................... } 
....................  
.................... void main(){ 
*
05B4:  MOVF   03,W
05B5:  ANDLW  1F
05B6:  MOVWF  03
05B7:  MOVLW  FF
05B8:  MOVWF  24
05B9:  BSF    03.5
05BA:  BSF    1F.0
05BB:  BSF    1F.1
05BC:  BSF    1F.2
05BD:  BCF    1F.3
05BE:  MOVLW  07
05BF:  MOVWF  1C
05C0:  BCF    03.7
....................    port_b_pullups(TRUE); 
*
05C6:  BSF    03.5
05C7:  BCF    01.7
....................    lcd_init(); //Inicializar lcd 
05C8:  BCF    03.5
05C9:  GOTO   0E6
....................    kbd_init(); //Inicializar teclado 4x4 
05CA:  GOTO   116
....................    paro(); 
05CB:  CALL   119
....................    input(boton_paro); 
05CC:  BSF    24.3
05CD:  MOVF   24,W
05CE:  BSF    03.5
05CF:  MOVWF  07
....................    int16 usarMotor; 
....................    output_low(LED_1);//Inicia apagado led 1 
05D0:  BCF    03.5
05D1:  BCF    24.0
05D2:  MOVF   24,W
05D3:  BSF    03.5
05D4:  MOVWF  07
05D5:  BCF    03.5
05D6:  BCF    07.0
....................    output_low(LED_2);//Inicia apagado led 2 
05D7:  BCF    24.1
05D8:  MOVF   24,W
05D9:  BSF    03.5
05DA:  MOVWF  07
05DB:  BCF    03.5
05DC:  BCF    07.1
....................    output_low(LED_3);//Inicia apagado led 3 
05DD:  BCF    24.2
05DE:  MOVF   24,W
05DF:  BSF    03.5
05E0:  MOVWF  07
05E1:  BCF    03.5
05E2:  BCF    07.2
....................    while(TRUE){ 
....................       printf(lcd_putc,"\fMOTOR A USAR \n(1-2-3): "); 
05E3:  MOVLW  34
05E4:  BSF    03.6
05E5:  MOVWF  0D
05E6:  MOVLW  00
05E7:  MOVWF  0F
05E8:  BCF    03.6
05E9:  CALL   162
....................       usarMotor = get_num_lcd(10,2); 
05EA:  MOVLW  0A
05EB:  MOVWF  2B
05EC:  MOVLW  02
05ED:  MOVWF  2C
05EE:  CALL   25C
05EF:  MOVF   79,W
05F0:  MOVWF  2A
05F1:  MOVF   78,W
05F2:  MOVWF  29
....................       printf(lcd_putc,"\fMotor: %5lu", usarMotor); 
05F3:  MOVLW  41
05F4:  BSF    03.6
05F5:  MOVWF  0D
05F6:  MOVLW  00
05F7:  MOVWF  0F
05F8:  BCF    03.0
05F9:  MOVLW  08
05FA:  BCF    03.6
05FB:  MOVWF  2B
05FC:  CALL   32B
05FD:  MOVLW  00
05FE:  MOVWF  04
05FF:  MOVF   2A,W
0600:  MOVWF  2C
0601:  MOVF   29,W
0602:  MOVWF  2B
0603:  CALL   382
....................          if(1 <= usarMotor && usarMotor <= 3){ 
0604:  MOVF   2A,F
0605:  BTFSS  03.2
0606:  GOTO   60B
0607:  MOVF   29,W
0608:  SUBLW  00
0609:  BTFSC  03.0
060A:  GOTO   6AE
060B:  MOVF   2A,F
060C:  BTFSS  03.2
060D:  GOTO   6AE
060E:  MOVF   29,W
060F:  SUBLW  03
0610:  BTFSS  03.0
0611:  GOTO   6AE
....................             printf(lcd_putc,"\fSEG. DEL MOTOR \nENCENDIDO: "); 
0612:  MOVLW  48
0613:  BSF    03.6
0614:  MOVWF  0D
0615:  MOVLW  00
0616:  MOVWF  0F
0617:  BCF    03.6
0618:  CALL   162
....................             numeroMotor = get_num_lcd(12,2); 
0619:  MOVLW  0C
061A:  MOVWF  2B
061B:  MOVLW  02
061C:  MOVWF  2C
061D:  CALL   25C
061E:  MOVF   79,W
061F:  MOVWF  31
0620:  MOVF   78,W
0621:  MOVWF  30
0622:  CALL   3E5
0623:  MOVF   7A,W
0624:  MOVWF  28
0625:  MOVF   79,W
0626:  MOVWF  27
0627:  MOVF   78,W
0628:  MOVWF  26
0629:  MOVF   77,W
062A:  MOVWF  25
....................             printf(lcd_putc,"\fMotor: %5lu", usarMotor); 
062B:  MOVLW  57
062C:  BSF    03.6
062D:  MOVWF  0D
062E:  MOVLW  00
062F:  MOVWF  0F
0630:  BCF    03.0
0631:  MOVLW  08
0632:  BCF    03.6
0633:  MOVWF  2B
0634:  CALL   32B
0635:  MOVLW  00
0636:  MOVWF  04
0637:  MOVF   2A,W
0638:  MOVWF  2C
0639:  MOVF   29,W
063A:  MOVWF  2B
063B:  CALL   382
....................                if(0 <= numeroMotor && numeroMotor <= 120){ 
063C:  CLRF   33
063D:  CLRF   32
063E:  CLRF   31
063F:  CLRF   30
0640:  MOVF   28,W
0641:  MOVWF  37
0642:  MOVF   27,W
0643:  MOVWF  36
0644:  MOVF   26,W
0645:  MOVWF  35
0646:  MOVF   25,W
0647:  MOVWF  34
0648:  CALL   402
0649:  BTFSC  03.0
064A:  GOTO   64D
064B:  BTFSS  03.2
064C:  GOTO   682
064D:  MOVF   28,W
064E:  MOVWF  33
064F:  MOVF   27,W
0650:  MOVWF  32
0651:  MOVF   26,W
0652:  MOVWF  31
0653:  MOVF   25,W
0654:  MOVWF  30
0655:  CLRF   37
0656:  CLRF   36
0657:  MOVLW  70
0658:  MOVWF  35
0659:  MOVLW  85
065A:  MOVWF  34
065B:  CALL   402
065C:  BTFSC  03.0
065D:  GOTO   660
065E:  BTFSS  03.2
065F:  GOTO   682
....................                   switch (usarMotor){ 
0660:  MOVF   29,W
0661:  MOVWF  77
0662:  MOVF   2A,W
0663:  MOVWF  7A
0664:  MOVF   7A,W
0665:  BTFSS  03.2
0666:  GOTO   66B
0667:  MOVLW  01
0668:  SUBWF  77,W
0669:  BTFSC  03.2
066A:  GOTO   67A
066B:  MOVF   7A,W
066C:  BTFSS  03.2
066D:  GOTO   672
066E:  MOVLW  02
066F:  SUBWF  77,W
0670:  BTFSC  03.2
0671:  GOTO   67C
0672:  MOVF   7A,W
0673:  BTFSS  03.2
0674:  GOTO   679
0675:  MOVLW  03
0676:  SUBWF  77,W
0677:  BTFSC  03.2
0678:  GOTO   67E
0679:  GOTO   681
....................                      case 1: 
....................                         motor1(); 
067A:  GOTO   4B6
....................                         break; 
067B:  GOTO   681
....................                      case 2: 
....................                         motor2(); 
067C:  GOTO   54E
....................                         break; 
067D:  GOTO   681
....................                      case 3: 
....................                         motor3(); 
067E:  BSF    0A.3
067F:  GOTO   000
0680:  BCF    0A.3
....................                         break; 
....................                   } 
....................                } 
0681:  GOTO   6AD
....................                else if(0 > numeroMotor || numeroMotor > 120){ 
0682:  MOVF   28,W
0683:  MOVWF  33
0684:  MOVF   27,W
0685:  MOVWF  32
0686:  MOVF   26,W
0687:  MOVWF  31
0688:  MOVF   25,W
0689:  MOVWF  30
068A:  CLRF   37
068B:  CLRF   36
068C:  CLRF   35
068D:  CLRF   34
068E:  CALL   402
068F:  BTFSC  03.0
0690:  GOTO   6A2
0691:  CLRF   33
0692:  CLRF   32
0693:  MOVLW  70
0694:  MOVWF  31
0695:  MOVLW  85
0696:  MOVWF  30
0697:  MOVF   28,W
0698:  MOVWF  37
0699:  MOVF   27,W
069A:  MOVWF  36
069B:  MOVF   26,W
069C:  MOVWF  35
069D:  MOVF   25,W
069E:  MOVWF  34
069F:  CALL   402
06A0:  BTFSS  03.0
06A1:  GOTO   6AD
....................                   printf(lcd_putc,"\f** ERROR ** \nNumero no valido"); 
06A2:  MOVLW  5E
06A3:  BSF    03.6
06A4:  MOVWF  0D
06A5:  MOVLW  00
06A6:  MOVWF  0F
06A7:  BCF    03.6
06A8:  CALL   162
....................                   delay_paro(2); 
06A9:  CLRF   2F
06AA:  MOVLW  02
06AB:  MOVWF  2E
06AC:  CALL   460
....................                } 
....................          } 
06AD:  GOTO   6C7
....................          else if(1 > usarMotor || usarMotor > 3){ 
06AE:  MOVF   2A,F
06AF:  BTFSS  03.2
06B0:  GOTO   6B5
06B1:  MOVF   29,W
06B2:  SUBLW  00
06B3:  BTFSC  03.0
06B4:  GOTO   6BC
06B5:  MOVF   2A,F
06B6:  BTFSS  03.2
06B7:  GOTO   6BC
06B8:  MOVF   29,W
06B9:  SUBLW  03
06BA:  BTFSC  03.0
06BB:  GOTO   6C7
....................             printf(lcd_putc,"\f** ERROR ** \nNumero no valido"); 
06BC:  MOVLW  6E
06BD:  BSF    03.6
06BE:  MOVWF  0D
06BF:  MOVLW  00
06C0:  MOVWF  0F
06C1:  BCF    03.6
06C2:  CALL   162
....................          delay_paro(2); 
06C3:  CLRF   2F
06C4:  MOVLW  02
06C5:  MOVWF  2E
06C6:  CALL   460
....................          } 
06C7:  GOTO   5E3
....................    } 
.................... } 
06C8:  SLEEP

Configuration Fuses:
   Word  1: 3F32   HS NOWDT PUT NOBROWNOUT NOLVP NOCPD NOWRT NODEBUG NOPROTECT
