CCS PCM C Compiler, Version 5.015, 5967               16-oct.-23 13:16

               Filename:   C:\Users\strop\OneDrive\Documentos\GitHub\Microcontroladores\Servo_2\servo_proyecto 2.lst

               ROM used:   2122 words (26%)
                           Largest free fragment is 2048
               RAM used:   11 (3%) at main() level
                           48 (13%) worst case
               Stack used: 6 locations
               Stack size: 8

*
0000:  MOVLW  08
0001:  MOVWF  0A
0002:  GOTO   000
0003:  NOP
.................... #include <16F877a.h> 
.................... //////////// Standard Header file for the PIC16F877A device //////////////// 
.................... /////////////////////////////////////////////////////////////////////////// 
.................... ////        (C) Copyright 1996, 2013 Custom Computer Services          //// 
.................... //// This source code may only be used by licensed users of the CCS C  //// 
.................... //// compiler.  This source code may only be distributed to other      //// 
.................... //// licensed users of the CCS C compiler.  No other use, reproduction //// 
.................... //// or distribution is permitted without written permission.          //// 
.................... //// Derivative programs created using this software in object code    //// 
.................... //// form are not restricted in any way.                               //// 
.................... /////////////////////////////////////////////////////////////////////////// 
.................... #device PIC16F877A 
0004:  BCF    0A.0
0005:  BCF    0A.1
0006:  BCF    0A.2
0007:  ADDWF  02,F
0008:  RETLW  37
0009:  RETLW  38
000A:  RETLW  39
000B:  RETLW  2F
000C:  RETLW  34
000D:  RETLW  35
000E:  RETLW  36
000F:  RETLW  2A
0010:  RETLW  31
0011:  RETLW  32
0012:  RETLW  33
0013:  RETLW  2D
0014:  RETLW  43
0015:  RETLW  30
0016:  RETLW  3D
0017:  RETLW  2B
0018:  DATA 20,10
0019:  DATA 20,10
001A:  DATA 20,00
001B:  DATA 0C,28
001C:  DATA EF,39
001D:  DATA E9,31
001E:  DATA E9,37
001F:  DATA 6E,1D
0020:  DATA 25,33
0021:  DATA 00,00
0022:  DATA 8A,23
0023:  DATA F2,30
0024:  DATA E4,37
0025:  DATA 3A,00
0026:  DATA 0C,28
0027:  DATA EF,39
0028:  DATA E9,31
0029:  DATA E9,37
002A:  DATA 6E,1D
002B:  DATA 25,33
002C:  DATA 00,00
*
0149:  MOVLW  8E
014A:  MOVWF  77
014B:  MOVF   30,W
014C:  SUBWF  77,F
014D:  MOVF   31,W
014E:  MOVWF  79
014F:  MOVF   32,W
0150:  MOVWF  78
0151:  BSF    79.7
0152:  MOVF   77,F
0153:  BTFSC  03.2
0154:  GOTO   160
0155:  BCF    03.0
0156:  MOVF   79,F
0157:  BTFSS  03.2
0158:  GOTO   15C
0159:  MOVF   78,F
015A:  BTFSC  03.2
015B:  GOTO   160
015C:  RRF    79,F
015D:  RRF    78,F
015E:  DECFSZ 77,F
015F:  GOTO   155
0160:  BTFSS  31.7
0161:  GOTO   167
0162:  COMF   78,F
0163:  COMF   79,F
0164:  INCF   78,F
0165:  BTFSC  03.2
0166:  INCF   79,F
0167:  RETURN
0168:  MOVLW  8E
0169:  MOVWF  77
016A:  MOVF   31,W
016B:  MOVWF  78
016C:  MOVF   30,W
016D:  MOVWF  79
016E:  CLRF   7A
016F:  MOVF   78,F
0170:  BTFSS  03.2
0171:  GOTO   17C
0172:  MOVF   79,W
0173:  MOVWF  78
0174:  CLRF   79
0175:  MOVLW  08
0176:  SUBWF  77,F
0177:  MOVF   78,F
0178:  BTFSS  03.2
0179:  GOTO   17C
017A:  CLRF   77
017B:  GOTO   184
017C:  BCF    03.0
017D:  BTFSC  78.7
017E:  GOTO   183
017F:  RLF    79,F
0180:  RLF    78,F
0181:  DECF   77,F
0182:  GOTO   17C
0183:  BCF    78.7
0184:  RETURN
0185:  MOVF   36,W
0186:  BTFSC  03.2
0187:  GOTO   1F5
0188:  MOVWF  3E
0189:  MOVF   3A,W
018A:  BTFSC  03.2
018B:  GOTO   1F5
018C:  ADDWF  3E,F
018D:  BTFSC  03.0
018E:  GOTO   196
018F:  MOVLW  7F
0190:  SUBWF  3E,F
0191:  BTFSS  03.0
0192:  GOTO   1F5
0193:  BTFSC  03.2
0194:  GOTO   1F5
0195:  GOTO   19A
0196:  MOVLW  81
0197:  ADDWF  3E,F
0198:  BTFSC  03.0
0199:  GOTO   1F5
019A:  MOVF   3E,W
019B:  MOVWF  77
019C:  CLRF   78
019D:  CLRF   79
019E:  CLRF   7A
019F:  MOVF   37,W
01A0:  MOVWF  42
01A1:  BSF    42.7
01A2:  MOVF   38,W
01A3:  MOVWF  41
01A4:  MOVF   39,W
01A5:  MOVWF  40
01A6:  MOVLW  18
01A7:  MOVWF  3E
01A8:  CLRF   3F
01A9:  BTFSS  40.0
01AA:  GOTO   1C3
01AB:  MOVF   3D,W
01AC:  ADDWF  7A,F
01AD:  BTFSS  03.0
01AE:  GOTO   1B5
01AF:  INCF   79,F
01B0:  BTFSS  03.2
01B1:  GOTO   1B5
01B2:  INCF   78,F
01B3:  BTFSC  03.2
01B4:  BSF    3F.7
01B5:  MOVF   3C,W
01B6:  ADDWF  79,F
01B7:  BTFSS  03.0
01B8:  GOTO   1BC
01B9:  INCF   78,F
01BA:  BTFSC  03.2
01BB:  BSF    3F.7
01BC:  MOVF   3B,W
01BD:  MOVWF  38
01BE:  BSF    38.7
01BF:  MOVF   38,W
01C0:  ADDWF  78,F
01C1:  BTFSC  03.0
01C2:  BSF    3F.7
01C3:  RLF    3F,F
01C4:  RRF    78,F
01C5:  RRF    79,F
01C6:  RRF    7A,F
01C7:  RRF    42,F
01C8:  RRF    41,F
01C9:  RRF    40,F
01CA:  BCF    03.0
01CB:  DECFSZ 3E,F
01CC:  GOTO   1A8
01CD:  MOVLW  01
01CE:  ADDWF  77,F
01CF:  BTFSC  03.0
01D0:  GOTO   1F5
01D1:  BTFSC  78.7
01D2:  GOTO   1DA
01D3:  RLF    42,F
01D4:  RLF    7A,F
01D5:  RLF    79,F
01D6:  RLF    78,F
01D7:  DECF   77,F
01D8:  BTFSC  03.2
01D9:  GOTO   1F5
01DA:  BTFSS  42.7
01DB:  GOTO   1EB
01DC:  INCF   7A,F
01DD:  BTFSS  03.2
01DE:  GOTO   1EB
01DF:  INCF   79,F
01E0:  BTFSS  03.2
01E1:  GOTO   1EB
01E2:  INCF   78,F
01E3:  BTFSS  03.2
01E4:  GOTO   1EB
01E5:  RRF    78,F
01E6:  RRF    79,F
01E7:  RRF    7A,F
01E8:  INCF   77,F
01E9:  BTFSC  03.2
01EA:  GOTO   1F5
01EB:  MOVF   37,W
01EC:  MOVWF  3F
01ED:  MOVF   3B,W
01EE:  XORWF  3F,F
01EF:  BTFSS  3F.7
01F0:  GOTO   1F3
01F1:  BSF    78.7
01F2:  GOTO   1F9
01F3:  BCF    78.7
01F4:  GOTO   1F9
01F5:  CLRF   77
01F6:  CLRF   78
01F7:  CLRF   79
01F8:  CLRF   7A
01F9:  RETURN
*
0245:  MOVLW  80
0246:  BTFSC  03.1
0247:  XORWF  35,F
0248:  CLRF   3A
0249:  CLRF   3B
024A:  MOVF   31,W
024B:  MOVWF  39
024C:  MOVF   35,W
024D:  XORWF  39,F
024E:  MOVF   30,W
024F:  BTFSC  03.2
0250:  GOTO   335
0251:  MOVWF  38
0252:  MOVWF  77
0253:  MOVF   34,W
0254:  BTFSC  03.2
0255:  GOTO   33E
0256:  SUBWF  38,F
0257:  BTFSC  03.2
0258:  GOTO   2DA
0259:  BTFSS  03.0
025A:  GOTO   298
025B:  MOVF   35,W
025C:  MOVWF  3E
025D:  BSF    3E.7
025E:  MOVF   36,W
025F:  MOVWF  3D
0260:  MOVF   37,W
0261:  MOVWF  3C
0262:  CLRF   3B
0263:  BCF    03.0
0264:  RRF    3E,F
0265:  RRF    3D,F
0266:  RRF    3C,F
0267:  RRF    3B,F
0268:  DECFSZ 38,F
0269:  GOTO   262
026A:  BTFSS  39.7
026B:  GOTO   26F
026C:  BSF    3A.0
026D:  GOTO   352
026E:  BCF    3A.0
026F:  BCF    38.0
0270:  BSF    3A.4
0271:  MOVLW  33
0272:  MOVWF  04
0273:  BCF    03.7
0274:  GOTO   367
0275:  BCF    3A.4
0276:  BTFSC  39.7
0277:  GOTO   282
0278:  BTFSS  38.0
0279:  GOTO   28D
027A:  RRF    3E,F
027B:  RRF    3D,F
027C:  RRF    3C,F
027D:  RRF    3B,F
027E:  INCF   77,F
027F:  BTFSC  03.2
0280:  GOTO   34D
0281:  GOTO   28D
0282:  BTFSC  3E.7
0283:  GOTO   290
0284:  BCF    03.0
0285:  RLF    3B,F
0286:  RLF    3C,F
0287:  RLF    3D,F
0288:  RLF    3E,F
0289:  DECF   77,F
028A:  BTFSC  03.2
028B:  GOTO   34D
028C:  GOTO   282
028D:  BSF    3A.6
028E:  GOTO   2FA
028F:  BCF    3A.6
0290:  MOVF   31,W
0291:  MOVWF  39
0292:  BTFSS  39.7
0293:  GOTO   296
0294:  BSF    3E.7
0295:  GOTO   346
0296:  BCF    3E.7
0297:  GOTO   346
0298:  MOVF   34,W
0299:  MOVWF  38
029A:  MOVWF  77
029B:  MOVF   30,W
029C:  SUBWF  38,F
029D:  MOVF   31,W
029E:  MOVWF  3E
029F:  BSF    3E.7
02A0:  MOVF   32,W
02A1:  MOVWF  3D
02A2:  MOVF   33,W
02A3:  MOVWF  3C
02A4:  CLRF   3B
02A5:  BCF    03.0
02A6:  RRF    3E,F
02A7:  RRF    3D,F
02A8:  RRF    3C,F
02A9:  RRF    3B,F
02AA:  DECFSZ 38,F
02AB:  GOTO   2A4
02AC:  BTFSS  39.7
02AD:  GOTO   2B1
02AE:  BSF    3A.1
02AF:  GOTO   352
02B0:  BCF    3A.1
02B1:  BCF    38.0
02B2:  BSF    3A.5
02B3:  MOVLW  37
02B4:  MOVWF  04
02B5:  BCF    03.7
02B6:  GOTO   367
02B7:  BCF    3A.5
02B8:  BTFSC  39.7
02B9:  GOTO   2C4
02BA:  BTFSS  38.0
02BB:  GOTO   2CF
02BC:  RRF    3E,F
02BD:  RRF    3D,F
02BE:  RRF    3C,F
02BF:  RRF    3B,F
02C0:  INCF   77,F
02C1:  BTFSC  03.2
02C2:  GOTO   34D
02C3:  GOTO   2CF
02C4:  BTFSC  3E.7
02C5:  GOTO   2D2
02C6:  BCF    03.0
02C7:  RLF    3B,F
02C8:  RLF    3C,F
02C9:  RLF    3D,F
02CA:  RLF    3E,F
02CB:  DECF   77,F
02CC:  BTFSC  03.2
02CD:  GOTO   34D
02CE:  GOTO   2C4
02CF:  BSF    3A.7
02D0:  GOTO   2FA
02D1:  BCF    3A.7
02D2:  MOVF   35,W
02D3:  MOVWF  39
02D4:  BTFSS  39.7
02D5:  GOTO   2D8
02D6:  BSF    3E.7
02D7:  GOTO   346
02D8:  BCF    3E.7
02D9:  GOTO   346
02DA:  MOVF   35,W
02DB:  MOVWF  3E
02DC:  BSF    3E.7
02DD:  MOVF   36,W
02DE:  MOVWF  3D
02DF:  MOVF   37,W
02E0:  MOVWF  3C
02E1:  BTFSS  39.7
02E2:  GOTO   2E7
02E3:  BCF    3E.7
02E4:  BSF    3A.2
02E5:  GOTO   352
02E6:  BCF    3A.2
02E7:  CLRF   3B
02E8:  BCF    38.0
02E9:  MOVLW  33
02EA:  MOVWF  04
02EB:  BCF    03.7
02EC:  GOTO   367
02ED:  BTFSC  39.7
02EE:  GOTO   310
02EF:  MOVF   31,W
02F0:  MOVWF  39
02F1:  BTFSS  38.0
02F2:  GOTO   2FA
02F3:  RRF    3E,F
02F4:  RRF    3D,F
02F5:  RRF    3C,F
02F6:  RRF    3B,F
02F7:  INCF   77,F
02F8:  BTFSC  03.2
02F9:  GOTO   34D
02FA:  BTFSS  3B.7
02FB:  GOTO   30B
02FC:  INCF   3C,F
02FD:  BTFSS  03.2
02FE:  GOTO   30B
02FF:  INCF   3D,F
0300:  BTFSS  03.2
0301:  GOTO   30B
0302:  INCF   3E,F
0303:  BTFSS  03.2
0304:  GOTO   30B
0305:  RRF    3E,F
0306:  RRF    3D,F
0307:  RRF    3C,F
0308:  INCF   77,F
0309:  BTFSC  03.2
030A:  GOTO   34D
030B:  BTFSC  3A.6
030C:  GOTO   28F
030D:  BTFSC  3A.7
030E:  GOTO   2D1
030F:  GOTO   32F
0310:  MOVLW  80
0311:  XORWF  3E,F
0312:  BTFSS  3E.7
0313:  GOTO   318
0314:  GOTO   352
0315:  MOVF   35,W
0316:  MOVWF  39
0317:  GOTO   325
0318:  MOVF   31,W
0319:  MOVWF  39
031A:  MOVF   3E,F
031B:  BTFSS  03.2
031C:  GOTO   325
031D:  MOVF   3D,F
031E:  BTFSS  03.2
031F:  GOTO   325
0320:  MOVF   3C,F
0321:  BTFSS  03.2
0322:  GOTO   325
0323:  CLRF   77
0324:  GOTO   346
0325:  BTFSC  3E.7
0326:  GOTO   32F
0327:  BCF    03.0
0328:  RLF    3B,F
0329:  RLF    3C,F
032A:  RLF    3D,F
032B:  RLF    3E,F
032C:  DECFSZ 77,F
032D:  GOTO   325
032E:  GOTO   34D
032F:  BTFSS  39.7
0330:  GOTO   333
0331:  BSF    3E.7
0332:  GOTO   346
0333:  BCF    3E.7
0334:  GOTO   346
0335:  MOVF   34,W
0336:  MOVWF  77
0337:  MOVF   35,W
0338:  MOVWF  3E
0339:  MOVF   36,W
033A:  MOVWF  3D
033B:  MOVF   37,W
033C:  MOVWF  3C
033D:  GOTO   346
033E:  MOVF   30,W
033F:  MOVWF  77
0340:  MOVF   31,W
0341:  MOVWF  3E
0342:  MOVF   32,W
0343:  MOVWF  3D
0344:  MOVF   33,W
0345:  MOVWF  3C
0346:  MOVF   3E,W
0347:  MOVWF  78
0348:  MOVF   3D,W
0349:  MOVWF  79
034A:  MOVF   3C,W
034B:  MOVWF  7A
034C:  GOTO   385
034D:  CLRF   77
034E:  CLRF   78
034F:  CLRF   79
0350:  CLRF   7A
0351:  GOTO   385
0352:  CLRF   3B
0353:  COMF   3C,F
0354:  COMF   3D,F
0355:  COMF   3E,F
0356:  COMF   3B,F
0357:  INCF   3B,F
0358:  BTFSS  03.2
0359:  GOTO   360
035A:  INCF   3C,F
035B:  BTFSS  03.2
035C:  GOTO   360
035D:  INCF   3D,F
035E:  BTFSC  03.2
035F:  INCF   3E,F
0360:  BTFSC  3A.0
0361:  GOTO   26E
0362:  BTFSC  3A.1
0363:  GOTO   2B0
0364:  BTFSC  3A.2
0365:  GOTO   2E6
0366:  GOTO   315
0367:  MOVF   00,W
0368:  ADDWF  3C,F
0369:  BTFSS  03.0
036A:  GOTO   371
036B:  INCF   3D,F
036C:  BTFSS  03.2
036D:  GOTO   371
036E:  INCF   3E,F
036F:  BTFSC  03.2
0370:  BSF    38.0
0371:  DECF   04,F
0372:  MOVF   00,W
0373:  ADDWF  3D,F
0374:  BTFSS  03.0
0375:  GOTO   379
0376:  INCF   3E,F
0377:  BTFSC  03.2
0378:  BSF    38.0
0379:  DECF   04,F
037A:  MOVF   00,W
037B:  BTFSS  00.7
037C:  XORLW  80
037D:  ADDWF  3E,F
037E:  BTFSC  03.0
037F:  BSF    38.0
0380:  BTFSC  3A.4
0381:  GOTO   275
0382:  BTFSC  3A.5
0383:  GOTO   2B7
0384:  GOTO   2ED
*
03FE:  MOVF   0B,W
03FF:  MOVWF  2A
0400:  BCF    0B.7
0401:  BSF    03.5
0402:  BSF    03.6
0403:  BSF    0C.7
0404:  BSF    0C.0
0405:  NOP
0406:  NOP
0407:  BCF    03.5
0408:  BCF    03.6
0409:  BTFSC  2A.7
040A:  BSF    0B.7
040B:  BTFSC  03.0
040C:  GOTO   435
040D:  BSF    03.6
040E:  MOVF   0C,W
040F:  ANDLW  7F
0410:  BCF    03.6
0411:  MOVWF  2A
0412:  BSF    03.6
0413:  MOVF   0D,W
0414:  BCF    03.6
0415:  MOVWF  2B
0416:  BSF    03.6
0417:  MOVF   0F,W
0418:  BCF    03.6
0419:  MOVWF  2C
041A:  MOVF   2A,W
041B:  MOVWF  38
041C:  CALL   3D2
041D:  MOVF   2B,W
041E:  BSF    03.6
041F:  MOVWF  0D
0420:  BCF    03.6
0421:  MOVF   2C,W
0422:  BSF    03.6
0423:  MOVWF  0F
0424:  BCF    03.6
0425:  MOVF   0B,W
0426:  MOVWF  2D
0427:  BCF    0B.7
0428:  BSF    03.5
0429:  BSF    03.6
042A:  BSF    0C.7
042B:  BSF    0C.0
042C:  NOP
042D:  NOP
042E:  BCF    03.5
042F:  BCF    03.6
0430:  BTFSC  2D.7
0431:  BSF    0B.7
0432:  DECFSZ 29,F
0433:  GOTO   435
0434:  GOTO   454
0435:  BSF    03.6
0436:  RLF    0C,W
0437:  RLF    0E,W
0438:  ANDLW  7F
0439:  BCF    03.6
043A:  MOVWF  2A
043B:  BSF    03.6
043C:  MOVF   0D,W
043D:  BCF    03.6
043E:  MOVWF  2B
043F:  BSF    03.6
0440:  MOVF   0F,W
0441:  BCF    03.6
0442:  MOVWF  2C
0443:  MOVF   2A,W
0444:  MOVWF  38
0445:  CALL   3D2
0446:  MOVF   2B,W
0447:  BSF    03.6
0448:  MOVWF  0D
0449:  BCF    03.6
044A:  MOVF   2C,W
044B:  BSF    03.6
044C:  MOVWF  0F
044D:  INCF   0D,F
044E:  BTFSC  03.2
044F:  INCF   0F,F
0450:  BCF    03.0
0451:  BCF    03.6
0452:  DECFSZ 29,F
0453:  GOTO   3FE
0454:  RETURN
0455:  BTFSC  03.1
0456:  GOTO   45A
0457:  MOVLW  3E
0458:  MOVWF  04
0459:  BCF    03.7
045A:  CLRF   77
045B:  CLRF   78
045C:  CLRF   79
045D:  CLRF   7A
045E:  CLRF   3E
045F:  CLRF   3F
0460:  CLRF   40
0461:  CLRF   41
0462:  MOVF   3D,W
0463:  IORWF  3C,W
0464:  IORWF  3B,W
0465:  IORWF  3A,W
0466:  BTFSC  03.2
0467:  GOTO   498
0468:  MOVLW  20
0469:  MOVWF  42
046A:  BCF    03.0
046B:  RLF    36,F
046C:  RLF    37,F
046D:  RLF    38,F
046E:  RLF    39,F
046F:  RLF    3E,F
0470:  RLF    3F,F
0471:  RLF    40,F
0472:  RLF    41,F
0473:  MOVF   3D,W
0474:  SUBWF  41,W
0475:  BTFSS  03.2
0476:  GOTO   481
0477:  MOVF   3C,W
0478:  SUBWF  40,W
0479:  BTFSS  03.2
047A:  GOTO   481
047B:  MOVF   3B,W
047C:  SUBWF  3F,W
047D:  BTFSS  03.2
047E:  GOTO   481
047F:  MOVF   3A,W
0480:  SUBWF  3E,W
0481:  BTFSS  03.0
0482:  GOTO   492
0483:  MOVF   3A,W
0484:  SUBWF  3E,F
0485:  MOVF   3B,W
0486:  BTFSS  03.0
0487:  INCFSZ 3B,W
0488:  SUBWF  3F,F
0489:  MOVF   3C,W
048A:  BTFSS  03.0
048B:  INCFSZ 3C,W
048C:  SUBWF  40,F
048D:  MOVF   3D,W
048E:  BTFSS  03.0
048F:  INCFSZ 3D,W
0490:  SUBWF  41,F
0491:  BSF    03.0
0492:  RLF    77,F
0493:  RLF    78,F
0494:  RLF    79,F
0495:  RLF    7A,F
0496:  DECFSZ 42,F
0497:  GOTO   46A
0498:  MOVF   3E,W
0499:  MOVWF  00
049A:  INCF   04,F
049B:  MOVF   3F,W
049C:  MOVWF  00
049D:  INCF   04,F
049E:  MOVF   40,W
049F:  MOVWF  00
04A0:  INCF   04,F
04A1:  MOVF   41,W
04A2:  MOVWF  00
04A3:  RETURN
04A4:  MOVF   04,W
04A5:  MOVWF  2E
04A6:  MOVF   2D,W
04A7:  MOVWF  30
04A8:  BTFSC  03.2
04A9:  GOTO   4C3
04AA:  MOVF   2C,W
04AB:  MOVWF  39
04AC:  MOVF   2B,W
04AD:  MOVWF  38
04AE:  MOVF   2A,W
04AF:  MOVWF  37
04B0:  MOVF   29,W
04B1:  MOVWF  36
04B2:  CLRF   3D
04B3:  CLRF   3C
04B4:  MOVLW  20
04B5:  MOVWF  3B
04B6:  MOVLW  82
04B7:  MOVWF  3A
04B8:  CALL   185
04B9:  MOVF   7A,W
04BA:  MOVWF  2C
04BB:  MOVF   79,W
04BC:  MOVWF  2B
04BD:  MOVF   78,W
04BE:  MOVWF  2A
04BF:  MOVF   77,W
04C0:  MOVWF  29
04C1:  DECFSZ 30,F
04C2:  GOTO   4AA
04C3:  MOVF   2C,W
04C4:  MOVWF  39
04C5:  MOVF   2B,W
04C6:  MOVWF  38
04C7:  MOVF   2A,W
04C8:  MOVWF  37
04C9:  MOVF   29,W
04CA:  MOVWF  36
04CB:  MOVF   36,W
04CC:  SUBLW  B6
04CD:  MOVWF  36
04CE:  CLRF   7A
04CF:  MOVF   37,W
04D0:  MOVWF  3A
04D1:  BSF    37.7
04D2:  BCF    03.0
04D3:  RRF    37,F
04D4:  RRF    38,F
04D5:  RRF    39,F
04D6:  RRF    7A,F
04D7:  RRF    79,F
04D8:  RRF    78,F
04D9:  RRF    77,F
04DA:  DECFSZ 36,F
04DB:  GOTO   4D2
04DC:  BTFSS  3A.7
04DD:  GOTO   4E9
04DE:  COMF   77,F
04DF:  COMF   78,F
04E0:  COMF   79,F
04E1:  COMF   7A,F
04E2:  INCF   77,F
04E3:  BTFSC  03.2
04E4:  INCF   78,F
04E5:  BTFSC  03.2
04E6:  INCF   79,F
04E7:  BTFSC  03.2
04E8:  INCF   7A,F
04E9:  MOVF   7A,W
04EA:  MOVWF  2C
04EB:  MOVF   79,W
04EC:  MOVWF  2B
04ED:  MOVF   78,W
04EE:  MOVWF  2A
04EF:  MOVF   77,W
04F0:  MOVWF  29
04F1:  BTFSS  2C.7
04F2:  GOTO   500
04F3:  DECF   2E,F
04F4:  BSF    2E.5
04F5:  COMF   29,F
04F6:  COMF   2A,F
04F7:  COMF   2B,F
04F8:  COMF   2C,F
04F9:  INCF   29,F
04FA:  BTFSC  03.2
04FB:  INCF   2A,F
04FC:  BTFSC  03.2
04FD:  INCF   2B,F
04FE:  BTFSC  03.2
04FF:  INCF   2C,F
0500:  MOVLW  3B
0501:  MOVWF  35
0502:  MOVLW  9A
0503:  MOVWF  34
0504:  MOVLW  CA
0505:  MOVWF  33
0506:  CLRF   32
0507:  MOVLW  0A
0508:  MOVWF  30
0509:  MOVF   2D,W
050A:  BTFSC  03.2
050B:  INCF   2E,F
050C:  BSF    03.1
050D:  MOVLW  29
050E:  MOVWF  04
050F:  BCF    03.7
0510:  MOVF   2C,W
0511:  MOVWF  39
0512:  MOVF   2B,W
0513:  MOVWF  38
0514:  MOVF   2A,W
0515:  MOVWF  37
0516:  MOVF   29,W
0517:  MOVWF  36
0518:  MOVF   35,W
0519:  MOVWF  3D
051A:  MOVF   34,W
051B:  MOVWF  3C
051C:  MOVF   33,W
051D:  MOVWF  3B
051E:  MOVF   32,W
051F:  MOVWF  3A
0520:  CALL   455
0521:  MOVF   78,W
0522:  MOVF   77,F
0523:  BTFSS  03.2
0524:  GOTO   538
0525:  INCF   2D,W
0526:  SUBWF  30,W
0527:  BTFSC  03.2
0528:  GOTO   538
0529:  MOVF   2E,W
052A:  BTFSC  03.2
052B:  GOTO   53A
052C:  ANDLW  0F
052D:  SUBWF  30,W
052E:  BTFSC  03.2
052F:  GOTO   532
0530:  BTFSC  03.0
0531:  GOTO   56A
0532:  BTFSC  2E.7
0533:  GOTO   56A
0534:  BTFSC  2E.6
0535:  GOTO   53A
0536:  MOVLW  20
0537:  GOTO   566
0538:  MOVLW  20
0539:  ANDWF  2E,F
053A:  BTFSS  2E.5
053B:  GOTO   548
053C:  BCF    2E.5
053D:  MOVF   2D,W
053E:  BTFSS  03.2
053F:  DECF   2E,F
0540:  MOVF   77,W
0541:  MOVWF  2E
0542:  MOVLW  2D
0543:  MOVWF  38
0544:  CALL   3D2
0545:  MOVF   2E,W
0546:  MOVWF  77
0547:  CLRF   2E
0548:  MOVF   2D,W
0549:  SUBWF  30,W
054A:  BTFSS  03.2
054B:  GOTO   556
054C:  MOVF   77,W
054D:  MOVWF  2E
054E:  MOVLW  2E
054F:  MOVWF  38
0550:  CALL   3D2
0551:  MOVF   2E,W
0552:  MOVWF  77
0553:  MOVLW  20
0554:  ANDWF  2E,F
0555:  MOVLW  00
0556:  MOVLW  30
0557:  BTFSS  2E.5
0558:  GOTO   566
0559:  BCF    2E.5
055A:  MOVF   2D,W
055B:  BTFSS  03.2
055C:  DECF   2E,F
055D:  MOVF   77,W
055E:  MOVWF  2E
055F:  MOVLW  2D
0560:  MOVWF  38
0561:  CALL   3D2
0562:  MOVF   2E,W
0563:  MOVWF  77
0564:  CLRF   2E
0565:  MOVLW  30
0566:  ADDWF  77,F
0567:  MOVF   77,W
0568:  MOVWF  38
0569:  CALL   3D2
056A:  BCF    03.1
056B:  MOVF   35,W
056C:  MOVWF  39
056D:  MOVF   34,W
056E:  MOVWF  38
056F:  MOVF   33,W
0570:  MOVWF  37
0571:  MOVF   32,W
0572:  MOVWF  36
0573:  CLRF   3D
0574:  CLRF   3C
0575:  CLRF   3B
0576:  MOVLW  0A
0577:  MOVWF  3A
0578:  CALL   455
0579:  MOVF   7A,W
057A:  MOVWF  35
057B:  MOVF   79,W
057C:  MOVWF  34
057D:  MOVF   78,W
057E:  MOVWF  33
057F:  MOVF   77,W
0580:  MOVWF  32
0581:  DECFSZ 30,F
0582:  GOTO   50C
0583:  RETURN
0584:  MOVF   0B,W
0585:  MOVWF  35
0586:  BCF    0B.7
0587:  BSF    03.5
0588:  BSF    03.6
0589:  BSF    0C.7
058A:  BSF    0C.0
058B:  NOP
058C:  NOP
058D:  BCF    03.5
058E:  BCF    03.6
058F:  BTFSC  35.7
0590:  BSF    0B.7
0591:  BSF    03.6
0592:  MOVF   0C,W
0593:  ANDLW  7F
0594:  BTFSC  03.2
0595:  GOTO   5D8
0596:  BCF    03.6
0597:  MOVWF  35
0598:  BSF    03.6
0599:  MOVF   0D,W
059A:  BCF    03.6
059B:  MOVWF  36
059C:  BSF    03.6
059D:  MOVF   0F,W
059E:  BCF    03.6
059F:  MOVWF  37
05A0:  MOVF   35,W
05A1:  MOVWF  38
05A2:  CALL   3D2
05A3:  MOVF   36,W
05A4:  BSF    03.6
05A5:  MOVWF  0D
05A6:  BCF    03.6
05A7:  MOVF   37,W
05A8:  BSF    03.6
05A9:  MOVWF  0F
05AA:  BCF    03.6
05AB:  MOVF   0B,W
05AC:  MOVWF  38
05AD:  BCF    0B.7
05AE:  BSF    03.5
05AF:  BSF    03.6
05B0:  BSF    0C.7
05B1:  BSF    0C.0
05B2:  NOP
05B3:  NOP
05B4:  BCF    03.5
05B5:  BCF    03.6
05B6:  BTFSC  38.7
05B7:  BSF    0B.7
05B8:  BSF    03.6
05B9:  RLF    0C,W
05BA:  RLF    0E,W
05BB:  ANDLW  7F
05BC:  BTFSC  03.2
05BD:  GOTO   5D8
05BE:  BCF    03.6
05BF:  MOVWF  35
05C0:  BSF    03.6
05C1:  MOVF   0D,W
05C2:  BCF    03.6
05C3:  MOVWF  36
05C4:  BSF    03.6
05C5:  MOVF   0F,W
05C6:  BCF    03.6
05C7:  MOVWF  37
05C8:  MOVF   35,W
05C9:  MOVWF  38
05CA:  CALL   3D2
05CB:  MOVF   36,W
05CC:  BSF    03.6
05CD:  MOVWF  0D
05CE:  BCF    03.6
05CF:  MOVF   37,W
05D0:  BSF    03.6
05D1:  MOVWF  0F
05D2:  INCF   0D,F
05D3:  BTFSC  03.2
05D4:  INCF   0F,F
05D5:  BCF    03.6
05D6:  GOTO   584
05D7:  BSF    03.6
05D8:  BCF    03.6
05D9:  RETURN
*
0643:  BCF    0A.0
0644:  BSF    0A.1
0645:  BSF    0A.2
0646:  ADDWF  02,F
0647:  GOTO   5E6
0648:  GOTO   5EC
0649:  GOTO   5F2
064A:  GOTO   5F8
064B:  MOVLW  20
064C:  MOVWF  4A
064D:  CLRF   46
064E:  CLRF   47
064F:  CLRF   48
0650:  CLRF   49
0651:  MOVF   41,W
0652:  MOVWF  7A
0653:  MOVF   40,W
0654:  MOVWF  79
0655:  MOVF   3F,W
0656:  MOVWF  78
0657:  MOVF   3E,W
0658:  MOVWF  77
0659:  BCF    03.0
065A:  BTFSS  77.0
065B:  GOTO   66A
065C:  MOVF   42,W
065D:  ADDWF  46,F
065E:  MOVF   43,W
065F:  BTFSC  03.0
0660:  INCFSZ 43,W
0661:  ADDWF  47,F
0662:  MOVF   44,W
0663:  BTFSC  03.0
0664:  INCFSZ 44,W
0665:  ADDWF  48,F
0666:  MOVF   45,W
0667:  BTFSC  03.0
0668:  INCFSZ 45,W
0669:  ADDWF  49,F
066A:  RRF    49,F
066B:  RRF    48,F
066C:  RRF    47,F
066D:  RRF    46,F
066E:  RRF    7A,F
066F:  RRF    79,F
0670:  RRF    78,F
0671:  RRF    77,F
0672:  DECFSZ 4A,F
0673:  GOTO   659
0674:  RETURN
*
074D:  MOVF   2A,W
074E:  MOVWF  31
074F:  MOVF   2E,W
0750:  XORWF  31,F
0751:  BTFSS  31.7
0752:  GOTO   758
0753:  BCF    03.2
0754:  BCF    03.0
0755:  BTFSC  2A.7
0756:  BSF    03.0
0757:  GOTO   78B
0758:  MOVF   2A,W
0759:  MOVWF  31
075A:  MOVF   2D,W
075B:  MOVWF  32
075C:  MOVF   29,W
075D:  SUBWF  32,F
075E:  BTFSC  03.2
075F:  GOTO   766
0760:  BTFSS  31.7
0761:  GOTO   78B
0762:  MOVF   03,W
0763:  XORLW  01
0764:  MOVWF  03
0765:  GOTO   78B
0766:  MOVF   2E,W
0767:  MOVWF  32
0768:  MOVF   2A,W
0769:  SUBWF  32,F
076A:  BTFSC  03.2
076B:  GOTO   772
076C:  BTFSS  31.7
076D:  GOTO   78B
076E:  MOVF   03,W
076F:  XORLW  01
0770:  MOVWF  03
0771:  GOTO   78B
0772:  MOVF   2F,W
0773:  MOVWF  32
0774:  MOVF   2B,W
0775:  SUBWF  32,F
0776:  BTFSC  03.2
0777:  GOTO   77E
0778:  BTFSS  31.7
0779:  GOTO   78B
077A:  MOVF   03,W
077B:  XORLW  01
077C:  MOVWF  03
077D:  GOTO   78B
077E:  MOVF   30,W
077F:  MOVWF  32
0780:  MOVF   2C,W
0781:  SUBWF  32,F
0782:  BTFSC  03.2
0783:  GOTO   78A
0784:  BTFSS  31.7
0785:  GOTO   78B
0786:  MOVF   03,W
0787:  XORLW  01
0788:  MOVWF  03
0789:  GOTO   78B
078A:  BCF    03.0
078B:  BSF    0A.3
078C:  BCF    0A.4
078D:  GOTO   080 (RETURN)
....................  
.................... #list 
....................  
.................... #device ADC = 10 
.................... #use delay(crystal = 20000000) 
*
002D:  MOVLW  39
002E:  MOVWF  04
002F:  BCF    03.7
0030:  MOVF   00,W
0031:  BTFSC  03.2
0032:  GOTO   040
0033:  MOVLW  06
0034:  MOVWF  78
0035:  CLRF   77
0036:  DECFSZ 77,F
0037:  GOTO   036
0038:  DECFSZ 78,F
0039:  GOTO   035
003A:  MOVLW  7B
003B:  MOVWF  77
003C:  DECFSZ 77,F
003D:  GOTO   03C
003E:  DECFSZ 00,F
003F:  GOTO   033
0040:  RETURN
*
01FA:  MOVLW  03
01FB:  SUBWF  31,F
01FC:  BTFSS  03.0
01FD:  GOTO   208
01FE:  MOVLW  31
01FF:  MOVWF  04
0200:  BCF    03.7
0201:  MOVF   00,W
0202:  BTFSC  03.2
0203:  GOTO   208
0204:  GOTO   206
0205:  GOTO   206
0206:  DECFSZ 00,F
0207:  GOTO   205
0208:  RETURN
.................... #FUSES NOWDT, NOBROWNOUT, NOLVP, HS 
.................... #define LCD_ENABLE_PIN  PIN_A3                                    //// 
.................... #define LCD_RS_PIN      PIN_A5                                    //// 
.................... #define LCD_RW_PIN      PIN_A4                                    //// 
.................... #define LCD_DATA4       PIN_D4                                    //// 
.................... #define LCD_DATA5       PIN_D5                                    //// 
.................... #define LCD_DATA6       PIN_D6                                    //// 
.................... #define LCD_DATA7       PIN_D7  
.................... #include <lcd.c> 
.................... /////////////////////////////////////////////////////////////////////////////// 
.................... ////                             LCD.C                                     //// 
.................... ////                 Driver for common LCD modules                         //// 
.................... ////                                                                       //// 
.................... ////  lcd_init()   Must be called before any other function.               //// 
.................... ////                                                                       //// 
.................... ////  lcd_putc(c)  Will display c on the next position of the LCD.         //// 
.................... ////                 \a  Set cursor position to upper left                 //// 
.................... ////                 \f  Clear display, set cursor to upper left           //// 
.................... ////                 \n  Go to start of second line                        //// 
.................... ////                 \b  Move back one position                            //// 
.................... ////              If LCD_EXTENDED_NEWLINE is defined, the \n character     //// 
.................... ////              will erase all remanining characters on the current      //// 
.................... ////              line, and move the cursor to the beginning of the next   //// 
.................... ////              line.                                                    //// 
.................... ////              If LCD_EXTENDED_NEWLINE is defined, the \r character     //// 
.................... ////              will move the cursor to the start of the current         //// 
.................... ////              line.                                                    //// 
.................... ////                                                                       //// 
.................... ////  lcd_gotoxy(x,y) Set write position on LCD (upper left is 1,1)        //// 
.................... ////                                                                       //// 
.................... ////  lcd_getc(x,y)   Returns character at position x,y on LCD             //// 
.................... ////                                                                       //// 
.................... ////  lcd_cursor_on(int1 on)   Turn the cursor on (on=TRUE) or off         //// 
.................... ////              (on=FALSE).                                              //// 
.................... ////                                                                       //// 
.................... ////  lcd_set_cgram_char(w, *p)   Write a custom character to the CGRAM.   //// 
.................... ////                                                                       //// 
.................... ////                                                                       //// 
.................... ////  CONFIGURATION                                                        //// 
.................... ////  The LCD can be configured in one of two ways: a.) port access or     //// 
.................... ////  b.) pin access.  Port access requires the entire 7 bit interface     //// 
.................... ////  connected to one GPIO port, and the data bits (D4:D7 of the LCD)     //// 
.................... ////  connected to sequential pins on the GPIO.  Pin access                //// 
.................... ////  has no requirements, all 7 bits of the control interface can         //// 
.................... ////  can be connected to any GPIO using several ports.                    //// 
.................... ////                                                                       //// 
.................... ////  To use port access, #define LCD_DATA_PORT to the SFR location of     //// 
.................... ////  of the GPIO port that holds the interface, -AND- edit LCD_PIN_MAP    //// 
.................... ////  of this file to configure the pin order.  If you are using a         //// 
.................... ////  baseline PIC (PCB), then LCD_OUTPUT_MAP and LCD_INPUT_MAP also must  //// 
.................... ////  be defined.                                                          //// 
.................... ////                                                                       //// 
.................... ////  Example of port access:                                              //// 
.................... ////     #define LCD_DATA_PORT getenv("SFR:PORTD")                         //// 
.................... ////                                                                       //// 
.................... ////  To use pin access, the following pins must be defined:               //// 
.................... ////     LCD_ENABLE_PIN                                                    //// 
.................... ////     LCD_RS_PIN                                                        //// 
.................... ////     LCD_RW_PIN                                                        //// 
.................... ////     LCD_DATA4                                                         //// 
.................... ////     LCD_DATA5                                                         //// 
.................... ////     LCD_DATA6                                                         //// 
.................... ////     LCD_DATA7                                                         //// 
.................... ////                                                                       //// 
.................... ////  Example of pin access:                                               //// 
.................... ////     #define LCD_ENABLE_PIN  PIN_E0                                    //// 
.................... ////     #define LCD_RS_PIN      PIN_E1                                    //// 
.................... ////     #define LCD_RW_PIN      PIN_E2                                    //// 
.................... ////     #define LCD_DATA4       PIN_D4                                    //// 
.................... ////     #define LCD_DATA5       PIN_D5                                    //// 
.................... ////     #define LCD_DATA6       PIN_D6                                    //// 
.................... ////     #define LCD_DATA7       PIN_D7                                    //// 
.................... ////                                                                       //// 
.................... /////////////////////////////////////////////////////////////////////////////// 
.................... ////        (C) Copyright 1996,2010 Custom Computer Services           //// 
.................... //// This source code may only be used by licensed users of the CCS C  //// 
.................... //// compiler.  This source code may only be distributed to other      //// 
.................... //// licensed users of the CCS C compiler.  No other use, reproduction //// 
.................... //// or distribution is permitted without written permission.          //// 
.................... //// Derivative programs created using this software in object code    //// 
.................... //// form are not restricted in any way.                               //// 
.................... /////////////////////////////////////////////////////////////////////////// 
....................  
.................... #ifndef __LCD_C__ 
.................... #define __LCD_C__ 
....................  
.................... // define the pinout. 
.................... // only required if port access is being used. 
.................... typedef struct   
.................... {                            // This structure is overlayed 
....................    int1 enable;           // on to an I/O port to gain 
....................    int1 rs;               // access to the LCD pins. 
....................    int1 rw;               // The bits are allocated from 
....................    int1 unused;           // low order up.  ENABLE will 
....................    unsigned int     data : 4;         // be LSB pin of that port. 
....................   #if defined(__PCD__)       // The port used will be LCD_DATA_PORT. 
....................    unsigned int    reserved: 8; 
....................   #endif 
.................... } LCD_PIN_MAP; 
....................  
.................... // this is to improve compatability with previous LCD drivers that accepted 
.................... // a define labeled 'use_portb_lcd' that configured the LCD onto port B. 
.................... #if ((defined(use_portb_lcd)) && (use_portb_lcd==TRUE)) 
....................  #define LCD_DATA_PORT getenv("SFR:PORTB") 
.................... #endif 
....................  
.................... #if defined(__PCB__) 
....................    // these definitions only need to be modified for baseline PICs. 
....................    // all other PICs use LCD_PIN_MAP or individual LCD_xxx pin definitions. 
.................... /*                                    EN, RS,   RW,   UNUSED,  DATA  */ 
....................  const LCD_PIN_MAP LCD_OUTPUT_MAP =  {0,  0,    0,    0,       0}; 
....................  const LCD_PIN_MAP LCD_INPUT_MAP =   {0,  0,    0,    0,       0xF}; 
.................... #endif 
....................  
.................... ////////////////////// END CONFIGURATION /////////////////////////////////// 
....................  
.................... #ifndef LCD_ENABLE_PIN 
....................    #define lcd_output_enable(x) lcdlat.enable=x 
....................    #define lcd_enable_tris()   lcdtris.enable=0 
.................... #else 
....................    #define lcd_output_enable(x) output_bit(LCD_ENABLE_PIN, x) 
....................    #define lcd_enable_tris()  output_drive(LCD_ENABLE_PIN) 
.................... #endif 
....................  
.................... #ifndef LCD_RS_PIN 
....................    #define lcd_output_rs(x) lcdlat.rs=x 
....................    #define lcd_rs_tris()   lcdtris.rs=0 
.................... #else 
....................    #define lcd_output_rs(x) output_bit(LCD_RS_PIN, x) 
....................    #define lcd_rs_tris()  output_drive(LCD_RS_PIN) 
.................... #endif 
....................  
.................... #ifndef LCD_RW_PIN 
....................    #define lcd_output_rw(x) lcdlat.rw=x 
....................    #define lcd_rw_tris()   lcdtris.rw=0 
.................... #else 
....................    #define lcd_output_rw(x) output_bit(LCD_RW_PIN, x) 
....................    #define lcd_rw_tris()  output_drive(LCD_RW_PIN) 
.................... #endif 
....................  
.................... // original version of this library incorrectly labeled LCD_DATA0 as LCD_DATA4, 
.................... // LCD_DATA1 as LCD_DATA5, and so on.  this block of code makes the driver 
.................... // compatible with any code written for the original library 
.................... #if (defined(LCD_DATA0) && defined(LCD_DATA1) && defined(LCD_DATA2) && defined(LCD_DATA3) && !defined(LCD_DATA4) && !defined(LCD_DATA5) && !defined(LCD_DATA6) && !defined(LCD_DATA7)) 
....................    #define  LCD_DATA4    LCD_DATA0 
....................    #define  LCD_DATA5    LCD_DATA1 
....................    #define  LCD_DATA6    LCD_DATA2 
....................    #define  LCD_DATA7    LCD_DATA3 
.................... #endif 
....................  
.................... #ifndef LCD_DATA4 
.................... #ifndef LCD_DATA_PORT 
....................    #if defined(__PCB__) 
....................       #define LCD_DATA_PORT      0x06     //portb 
....................       #define set_tris_lcd(x)   set_tris_b(x) 
....................    #else 
....................      #if defined(PIN_D0) 
....................       #define LCD_DATA_PORT      getenv("SFR:PORTD")     //portd 
....................      #else 
....................       #define LCD_DATA_PORT      getenv("SFR:PORTB")     //portb 
....................      #endif 
....................    #endif    
.................... #endif 
....................  
.................... #if defined(__PCB__) 
....................    LCD_PIN_MAP lcd, lcdlat; 
....................    #byte lcd = LCD_DATA_PORT 
....................    #byte lcdlat = LCD_DATA_PORT 
.................... #elif defined(__PCM__) 
....................    LCD_PIN_MAP lcd, lcdlat, lcdtris; 
....................    #byte lcd = LCD_DATA_PORT 
....................    #byte lcdlat = LCD_DATA_PORT 
....................    #byte lcdtris = LCD_DATA_PORT+0x80 
.................... #elif defined(__PCH__) 
....................    LCD_PIN_MAP lcd, lcdlat, lcdtris; 
....................    #byte lcd = LCD_DATA_PORT 
....................    #byte lcdlat = LCD_DATA_PORT+9 
....................    #byte lcdtris = LCD_DATA_PORT+0x12 
.................... #elif defined(__PCD__) 
....................    LCD_PIN_MAP lcd, lcdlat, lcdtris; 
....................    #word lcd = LCD_DATA_PORT 
....................    #word lcdlat = LCD_DATA_PORT+2 
....................    #word lcdtris = LCD_DATA_PORT-0x02 
.................... #endif 
.................... #endif   //LCD_DATA4 not defined 
....................  
.................... #ifndef LCD_TYPE 
....................    #define LCD_TYPE 2           // 0=5x7, 1=5x10, 2=2 lines 
.................... #endif 
....................  
.................... #ifndef LCD_LINE_TWO 
....................    #define LCD_LINE_TWO 0x40    // LCD RAM address for the second line 
.................... #endif 
....................  
.................... #ifndef LCD_LINE_LENGTH 
....................    #define LCD_LINE_LENGTH 20 
.................... #endif 
....................  
.................... unsigned int8 lcd_read_nibble(void); 
....................  
.................... unsigned int8 lcd_read_byte(void) 
.................... { 
....................    unsigned int8 low,high; 
....................  
....................  #if defined(__PCB__) 
....................    set_tris_lcd(LCD_INPUT_MAP); 
....................  #else 
....................   #if (defined(LCD_DATA4) && defined(LCD_DATA5) && defined(LCD_DATA6) && defined(LCD_DATA7)) 
....................    output_float(LCD_DATA4); 
*
00AA:  BSF    08.4
....................    output_float(LCD_DATA5); 
00AB:  BSF    08.5
....................    output_float(LCD_DATA6); 
00AC:  BSF    08.6
....................    output_float(LCD_DATA7); 
00AD:  BSF    08.7
....................   #else 
....................    lcdtris.data = 0xF; 
....................   #endif 
....................  #endif 
....................          
....................    lcd_output_rw(1); 
00AE:  BCF    03.5
00AF:  BSF    05.4
00B0:  BSF    03.5
00B1:  BCF    05.4
....................    delay_cycles(1); 
00B2:  NOP
....................    lcd_output_enable(1); 
00B3:  BCF    03.5
00B4:  BSF    05.3
00B5:  BSF    03.5
00B6:  BCF    05.3
....................    delay_cycles(1); 
00B7:  NOP
....................    high = lcd_read_nibble(); 
00B8:  BCF    03.5
00B9:  CALL   071
00BA:  MOVF   78,W
00BB:  MOVWF  40
....................        
....................    lcd_output_enable(0); 
00BC:  BCF    05.3
00BD:  BSF    03.5
00BE:  BCF    05.3
....................    delay_cycles(1); 
00BF:  NOP
....................    lcd_output_enable(1); 
00C0:  BCF    03.5
00C1:  BSF    05.3
00C2:  BSF    03.5
00C3:  BCF    05.3
....................    delay_us(1); 
00C4:  GOTO   0C5
00C5:  GOTO   0C6
00C6:  NOP
....................    low = lcd_read_nibble(); 
00C7:  BCF    03.5
00C8:  CALL   071
00C9:  MOVF   78,W
00CA:  MOVWF  3F
....................        
....................    lcd_output_enable(0); 
00CB:  BCF    05.3
00CC:  BSF    03.5
00CD:  BCF    05.3
....................  
....................  #if defined(__PCB__) 
....................    set_tris_lcd(LCD_OUTPUT_MAP); 
....................  #else 
....................   #if (defined(LCD_DATA4) && defined(LCD_DATA5) && defined(LCD_DATA6) && defined(LCD_DATA7)) 
....................    output_drive(LCD_DATA4); 
00CE:  BCF    08.4
....................    output_drive(LCD_DATA5); 
00CF:  BCF    08.5
....................    output_drive(LCD_DATA6); 
00D0:  BCF    08.6
....................    output_drive(LCD_DATA7); 
00D1:  BCF    08.7
....................   #else 
....................    lcdtris.data = 0x0; 
....................   #endif 
....................  #endif 
....................  
....................    return( (high<<4) | low); 
00D2:  BCF    03.5
00D3:  SWAPF  40,W
00D4:  MOVWF  77
00D5:  MOVLW  F0
00D6:  ANDWF  77,F
00D7:  MOVF   77,W
00D8:  IORWF  3F,W
00D9:  MOVWF  78
.................... } 
....................  
.................... unsigned int8 lcd_read_nibble(void) 
.................... { 
....................   #if (defined(LCD_DATA4) && defined(LCD_DATA5) && defined(LCD_DATA6) && defined(LCD_DATA7)) 
*
0071:  CLRF   41
....................    unsigned int8 n = 0x00; 
....................  
....................    /* Read the data port */ 
....................    n |= input(LCD_DATA4); 
0072:  BSF    03.5
0073:  BSF    08.4
0074:  MOVLW  00
0075:  BCF    03.5
0076:  BTFSC  08.4
0077:  MOVLW  01
0078:  IORWF  41,F
....................    n |= input(LCD_DATA5) << 1; 
0079:  BSF    03.5
007A:  BSF    08.5
007B:  MOVLW  00
007C:  BCF    03.5
007D:  BTFSC  08.5
007E:  MOVLW  01
007F:  MOVWF  77
0080:  BCF    03.0
0081:  RLF    77,F
0082:  MOVF   77,W
0083:  IORWF  41,F
....................    n |= input(LCD_DATA6) << 2; 
0084:  BSF    03.5
0085:  BSF    08.6
0086:  MOVLW  00
0087:  BCF    03.5
0088:  BTFSC  08.6
0089:  MOVLW  01
008A:  MOVWF  77
008B:  RLF    77,F
008C:  RLF    77,F
008D:  MOVLW  FC
008E:  ANDWF  77,F
008F:  MOVF   77,W
0090:  IORWF  41,F
....................    n |= input(LCD_DATA7) << 3; 
0091:  BSF    03.5
0092:  BSF    08.7
0093:  MOVLW  00
0094:  BCF    03.5
0095:  BTFSC  08.7
0096:  MOVLW  01
0097:  MOVWF  77
0098:  RLF    77,F
0099:  RLF    77,F
009A:  RLF    77,F
009B:  MOVLW  F8
009C:  ANDWF  77,F
009D:  MOVF   77,W
009E:  IORWF  41,F
....................     
....................    return(n); 
009F:  MOVF   41,W
00A0:  MOVWF  78
....................   #else 
00A1:  RETURN
....................    return(lcd.data); 
....................   #endif 
.................... } 
....................  
.................... void lcd_send_nibble(unsigned int8 n) 
.................... { 
....................   #if (defined(LCD_DATA4) && defined(LCD_DATA5) && defined(LCD_DATA6) && defined(LCD_DATA7)) 
....................    /* Write to the data port */ 
....................    output_bit(LCD_DATA4, bit_test(n, 0)); 
*
0041:  BTFSC  40.0
0042:  GOTO   045
0043:  BCF    08.4
0044:  GOTO   046
0045:  BSF    08.4
0046:  BSF    03.5
0047:  BCF    08.4
....................    output_bit(LCD_DATA5, bit_test(n, 1)); 
0048:  BCF    03.5
0049:  BTFSC  40.1
004A:  GOTO   04D
004B:  BCF    08.5
004C:  GOTO   04E
004D:  BSF    08.5
004E:  BSF    03.5
004F:  BCF    08.5
....................    output_bit(LCD_DATA6, bit_test(n, 2)); 
0050:  BCF    03.5
0051:  BTFSC  40.2
0052:  GOTO   055
0053:  BCF    08.6
0054:  GOTO   056
0055:  BSF    08.6
0056:  BSF    03.5
0057:  BCF    08.6
....................    output_bit(LCD_DATA7, bit_test(n, 3)); 
0058:  BCF    03.5
0059:  BTFSC  40.3
005A:  GOTO   05D
005B:  BCF    08.7
005C:  GOTO   05E
005D:  BSF    08.7
005E:  BSF    03.5
005F:  BCF    08.7
....................   #else       
....................    lcdlat.data = n; 
....................   #endif 
....................        
....................    delay_cycles(1); 
0060:  NOP
....................    lcd_output_enable(1); 
0061:  BCF    03.5
0062:  BSF    05.3
0063:  BSF    03.5
0064:  BCF    05.3
....................    delay_us(2); 
0065:  MOVLW  02
0066:  MOVWF  77
0067:  DECFSZ 77,F
0068:  GOTO   067
0069:  GOTO   06A
006A:  NOP
....................    lcd_output_enable(0); 
006B:  BCF    03.5
006C:  BCF    05.3
006D:  BSF    03.5
006E:  BCF    05.3
006F:  BCF    03.5
0070:  RETURN
.................... } 
....................  
.................... void lcd_send_byte(unsigned int8 address, unsigned int8 n) 
.................... { 
....................   #if defined(__PCB__) 
....................    set_tris_lcd(LCD_OUTPUT_MAP); 
....................   #else 
....................    lcd_enable_tris(); 
*
00A2:  BSF    03.5
00A3:  BCF    05.3
....................    lcd_rs_tris(); 
00A4:  BCF    05.5
....................    lcd_rw_tris(); 
00A5:  BCF    05.4
....................   #endif 
....................  
....................    lcd_output_rs(0); 
00A6:  BCF    03.5
00A7:  BCF    05.5
00A8:  BSF    03.5
00A9:  BCF    05.5
....................    while ( bit_test(lcd_read_byte(),7) ) ; 
*
00DA:  MOVF   78,W
00DB:  MOVWF  3F
00DC:  BTFSS  3F.7
00DD:  GOTO   0E0
00DE:  BSF    03.5
00DF:  GOTO   0AA
....................    lcd_output_rs(address); 
00E0:  MOVF   3D,F
00E1:  BTFSS  03.2
00E2:  GOTO   0E5
00E3:  BCF    05.5
00E4:  GOTO   0E6
00E5:  BSF    05.5
00E6:  BSF    03.5
00E7:  BCF    05.5
....................    delay_cycles(1); 
00E8:  NOP
....................    lcd_output_rw(0); 
00E9:  BCF    03.5
00EA:  BCF    05.4
00EB:  BSF    03.5
00EC:  BCF    05.4
....................    delay_cycles(1); 
00ED:  NOP
....................    lcd_output_enable(0); 
00EE:  BCF    03.5
00EF:  BCF    05.3
00F0:  BSF    03.5
00F1:  BCF    05.3
....................    lcd_send_nibble(n >> 4); 
00F2:  BCF    03.5
00F3:  SWAPF  3E,W
00F4:  MOVWF  3F
00F5:  MOVLW  0F
00F6:  ANDWF  3F,F
00F7:  MOVF   3F,W
00F8:  MOVWF  40
00F9:  CALL   041
....................    lcd_send_nibble(n & 0xf); 
00FA:  MOVF   3E,W
00FB:  ANDLW  0F
00FC:  MOVWF  3F
00FD:  MOVWF  40
00FE:  CALL   041
00FF:  RETURN
.................... } 
....................  
.................... #if defined(LCD_EXTENDED_NEWLINE) 
.................... unsigned int8 g_LcdX, g_LcdY; 
.................... #endif 
....................  
.................... void lcd_init(void)  
.................... { 
....................    unsigned int8 i; 
....................    unsigned int8 LCD_INIT_STRING[4] = {0x20 | (LCD_TYPE << 2), 0xc, 1, 6}; 
0100:  MOVLW  28
0101:  MOVWF  2A
0102:  MOVLW  0C
0103:  MOVWF  2B
0104:  MOVLW  01
0105:  MOVWF  2C
0106:  MOVLW  06
0107:  MOVWF  2D
....................                              // These bytes need to be sent to the LCD 
....................                              // to start it up. 
....................     
....................  
....................    lcd_output_enable(0); 
0108:  BCF    05.3
0109:  BSF    03.5
010A:  BCF    05.3
....................    lcd_output_rs(0); 
010B:  BCF    03.5
010C:  BCF    05.5
010D:  BSF    03.5
010E:  BCF    05.5
....................    lcd_output_rw(0); 
010F:  BCF    03.5
0110:  BCF    05.4
0111:  BSF    03.5
0112:  BCF    05.4
....................  
....................  #if defined(__PCB__) 
....................    set_tris_lcd(LCD_OUTPUT_MAP); 
....................  #else 
....................   #if (defined(LCD_DATA4) && defined(LCD_DATA5) && defined(LCD_DATA6) && defined(LCD_DATA7)) 
....................    output_drive(LCD_DATA4); 
0113:  BCF    08.4
....................    output_drive(LCD_DATA5); 
0114:  BCF    08.5
....................    output_drive(LCD_DATA6); 
0115:  BCF    08.6
....................    output_drive(LCD_DATA7); 
0116:  BCF    08.7
....................   #else 
....................    lcdtris.data = 0x0; 
....................   #endif 
....................    lcd_enable_tris(); 
0117:  BCF    05.3
....................    lcd_rs_tris(); 
0118:  BCF    05.5
....................    lcd_rw_tris(); 
0119:  BCF    05.4
....................  #endif 
....................      
....................    delay_ms(15); 
011A:  MOVLW  0F
011B:  BCF    03.5
011C:  MOVWF  39
011D:  CALL   02D
....................    for(i=1;i<=3;++i) 
011E:  MOVLW  01
011F:  MOVWF  29
0120:  MOVF   29,W
0121:  SUBLW  03
0122:  BTFSS  03.0
0123:  GOTO   12C
....................    { 
....................        lcd_send_nibble(3); 
0124:  MOVLW  03
0125:  MOVWF  40
0126:  CALL   041
....................        delay_ms(5); 
0127:  MOVLW  05
0128:  MOVWF  39
0129:  CALL   02D
012A:  INCF   29,F
012B:  GOTO   120
....................    } 
....................     
....................    lcd_send_nibble(2); 
012C:  MOVLW  02
012D:  MOVWF  40
012E:  CALL   041
....................    delay_ms(5); 
012F:  MOVLW  05
0130:  MOVWF  39
0131:  CALL   02D
....................    for(i=0;i<=3;++i) 
0132:  CLRF   29
0133:  MOVF   29,W
0134:  SUBLW  03
0135:  BTFSS  03.0
0136:  GOTO   143
....................       lcd_send_byte(0,LCD_INIT_STRING[i]); 
0137:  MOVLW  2A
0138:  ADDWF  29,W
0139:  MOVWF  04
013A:  BCF    03.7
013B:  MOVF   00,W
013C:  MOVWF  2E
013D:  CLRF   3D
013E:  MOVF   2E,W
013F:  MOVWF  3E
0140:  CALL   0A2
....................  
....................   #if defined(LCD_EXTENDED_NEWLINE) 
0141:  INCF   29,F
0142:  GOTO   133
0143:  BSF    0A.3
0144:  BCF    0A.4
0145:  GOTO   014 (RETURN)
....................    g_LcdX = 0; 
....................    g_LcdY = 0; 
....................   #endif 
.................... } 
....................  
.................... void lcd_gotoxy(unsigned int8 x, unsigned int8 y) 
.................... { 
....................    unsigned int8 address; 
....................     
....................    if(y!=1) 
*
03C0:  DECFSZ 3A,W
03C1:  GOTO   3C3
03C2:  GOTO   3C6
....................       address=LCD_LINE_TWO; 
03C3:  MOVLW  40
03C4:  MOVWF  3B
03C5:  GOTO   3C7
....................    else 
....................       address=0; 
03C6:  CLRF   3B
....................       
....................    address+=x-1; 
03C7:  MOVLW  01
03C8:  SUBWF  39,W
03C9:  ADDWF  3B,F
....................    lcd_send_byte(0,0x80|address); 
03CA:  MOVF   3B,W
03CB:  IORLW  80
03CC:  MOVWF  3C
03CD:  CLRF   3D
03CE:  MOVF   3C,W
03CF:  MOVWF  3E
03D0:  CALL   0A2
....................  
....................   #if defined(LCD_EXTENDED_NEWLINE) 
03D1:  RETURN
....................    g_LcdX = x - 1; 
....................    g_LcdY = y - 1; 
....................   #endif 
.................... } 
....................  
.................... void lcd_putc(char c) 
.................... { 
....................    switch (c) 
03D2:  MOVF   38,W
03D3:  XORLW  07
03D4:  BTFSC  03.2
03D5:  GOTO   3E0
03D6:  XORLW  0B
03D7:  BTFSC  03.2
03D8:  GOTO   3E5
03D9:  XORLW  06
03DA:  BTFSC  03.2
03DB:  GOTO   3ED
03DC:  XORLW  02
03DD:  BTFSC  03.2
03DE:  GOTO   3F3
03DF:  GOTO   3F8
....................    { 
....................       case '\a'   :  lcd_gotoxy(1,1);     break; 
03E0:  MOVLW  01
03E1:  MOVWF  39
03E2:  MOVWF  3A
03E3:  CALL   3C0
03E4:  GOTO   3FD
....................  
....................       case '\f'   :  lcd_send_byte(0,1); 
03E5:  CLRF   3D
03E6:  MOVLW  01
03E7:  MOVWF  3E
03E8:  CALL   0A2
....................                      delay_ms(2); 
03E9:  MOVLW  02
03EA:  MOVWF  39
03EB:  CALL   02D
....................                     #if defined(LCD_EXTENDED_NEWLINE) 
....................                      g_LcdX = 0; 
....................                      g_LcdY = 0; 
....................                     #endif 
....................                      break; 
03EC:  GOTO   3FD
....................  
....................      #if defined(LCD_EXTENDED_NEWLINE) 
....................       case '\r'   :  lcd_gotoxy(1, g_LcdY+1);   break; 
....................       case '\n'   : 
....................          while (g_LcdX++ < LCD_LINE_LENGTH) 
....................          { 
....................             lcd_send_byte(1, ' '); 
....................          } 
....................          lcd_gotoxy(1, g_LcdY+2); 
....................          break; 
....................      #else 
....................       case '\n'   : lcd_gotoxy(1,2);        break; 
03ED:  MOVLW  01
03EE:  MOVWF  39
03EF:  MOVLW  02
03F0:  MOVWF  3A
03F1:  CALL   3C0
03F2:  GOTO   3FD
....................      #endif 
....................       
....................       case '\b'   : lcd_send_byte(0,0x10);  break; 
03F3:  CLRF   3D
03F4:  MOVLW  10
03F5:  MOVWF  3E
03F6:  CALL   0A2
03F7:  GOTO   3FD
....................       
....................      #if defined(LCD_EXTENDED_NEWLINE) 
....................       default     :  
....................          if (g_LcdX < LCD_LINE_LENGTH) 
....................          { 
....................             lcd_send_byte(1, c); 
....................             g_LcdX++; 
....................          } 
....................          break; 
....................      #else 
....................       default     : lcd_send_byte(1,c);     break; 
03F8:  MOVLW  01
03F9:  MOVWF  3D
03FA:  MOVF   38,W
03FB:  MOVWF  3E
03FC:  CALL   0A2
....................      #endif 
....................    } 
03FD:  RETURN
.................... } 
....................   
.................... char lcd_getc(unsigned int8 x, unsigned int8 y) 
.................... { 
....................    char value; 
....................  
....................    lcd_gotoxy(x,y); 
....................    while ( bit_test(lcd_read_byte(),7) ); // wait until busy flag is low 
....................    lcd_output_rs(1); 
....................    value = lcd_read_byte(); 
....................    lcd_output_rs(0); 
....................     
....................    return(value); 
.................... } 
....................  
.................... // write a custom character to the ram 
.................... // which is 0-7 and specifies which character array we are modifying. 
.................... // ptr points to an array of 8 bytes, where each byte is the next row of 
.................... //    pixels.  only bits 0-4 are used.  the last row is the cursor row, and 
.................... //    usually you will want to leave this byte 0x00. 
.................... void lcd_set_cgram_char(unsigned int8 which, unsigned int8 *ptr) 
.................... { 
....................    unsigned int i; 
....................  
....................    which <<= 3; 
....................    which &= 0x38; 
....................  
....................    lcd_send_byte(0, 0x40 | which);  //set cgram address 
....................  
....................    for(i=0; i<8; i++) 
....................    { 
....................       lcd_send_byte(1, *ptr++); 
....................    } 
....................    
....................    #if defined(LCD_EXTENDED_NEWLINE) 
....................     lcd_gotoxy(g_LcdX+1, g_LcdY+1);  //set ddram address 
....................    #endif 
.................... } 
....................  
.................... void lcd_cursor_on(int1 on) 
.................... { 
....................    if (on) 
....................    { 
....................       lcd_send_byte(0,0x0F);           //turn LCD cursor ON 
....................    } 
....................    else 
....................    { 
....................       lcd_send_byte(0,0x0C);           //turn LCD cursor OFF 
....................    } 
.................... } 
....................  
.................... #endif 
....................  
.................... #include <kbd4x4_b.c> 
.................... /////////////////////////////////////////////////////////////////////////// 
.................... ////                             KBD4x4_1.C                                //// 
.................... ////                  Generic keypad scan driver                       //// 
.................... ////                                                                   //// 
.................... ////  kbd_init()   Must be called before any other function.           //// 
.................... ////                                                                   //// 
.................... ////  c = kbd_getc(c)  Will return a key value if pressed or /0 if not //// 
.................... ////                   This function should be called frequently so as //// 
.................... ////                   not to miss a key press.                        //// 
.................... ////                                                                   //// 
.................... /////////////////////////////////////////////////////////////////////////// 
.................... ////        (C) Copyright 1996,2003 Custom Computer Services           //// 
.................... //// This source code may only be used by licensed users of the CCS C  //// 
.................... //// compiler.  This source code may only be distributed to other      //// 
.................... //// licensed users of the CCS C compiler.  No other use, reproduction //// 
.................... //// or distribution is permitted without written permission.          //// 
.................... //// Derivative programs created using this software in object code    //// 
.................... //// form are not restricted in any way.                               //// 
.................... /////////////////////////////////////////////////////////////////////////// 
....................  
.................... ////////////////// The following defines the keypad layout on port D 
....................  
.................... // Un-comment the following define to use port B 
.................... #define use_portb_kbd TRUE 
....................  
.................... // Make sure the port used has pull-up resistors (or the LCD) on 
.................... // the column pins 
....................  
....................  
.................... #if defined(__PCH__) 
.................... #if defined use_portb_kbd 
....................    #byte kbd = 0xF81                   // This puts the entire structure 
.................... #else 
....................    #byte kbd = 0xF83                   // This puts the entire structure 
.................... #endif 
.................... #else 
.................... #if defined use_portb_kbd 
....................    #byte kbd = 6                  // on to port B (at address 6) 
.................... #else 
....................    #byte kbd = 8                 // on to port D (at address 8) 
.................... #endif 
.................... #endif 
....................  
.................... #if defined use_portb_kbd 
....................    #define set_tris_kbd(x) set_tris_b(x) 
.................... #else 
....................    #define set_tris_kbd(x) set_tris_d(x) 
.................... #endif 
....................  
....................  
....................  
.................... //Keypad connection:   (for example column 0 is B2) 
.................... //                Bx: 
....................  
.................... #ifdef blue_keypad  ///////////////////////////////////// For the blue keypad 
.................... #define COL0 (1 << 2) 
.................... #define COL1 (1 << 3) 
.................... #define COL2 (1 << 6) 
....................  
.................... #define ROW0 (1 << 4) 
.................... #define ROW1 (1 << 7) 
.................... #define ROW2 (1 << 1) 
.................... #define ROW3 (1 << 5) 
....................  
.................... #else ////////////////////////////////////////////////// For the black keypad 
.................... #define COL0 (1 << 4) 
.................... #define COL1 (1 << 5) 
.................... #define COL2 (1 << 6) 
.................... #define COL3 (1 << 7) 
....................  
.................... #define ROW0 (1 << 0) 
.................... #define ROW1 (1 << 1) 
.................... #define ROW2 (1 << 2) 
.................... #define ROW3 (1 << 3) 
....................  
.................... #endif 
....................  
.................... #define ALL_ROWS (ROW0|ROW1|ROW2|ROW3) 
.................... #define ALL_PINS (ALL_ROWS|COL0|COL1|COL2|COL3) 
....................  
.................... // Keypad layout: 
.................... char const KEYS[4][4] = {{'7','8','9','/'}, 
....................                          {'4','5','6','*'}, 
....................                          {'1','2','3','-'}, 
....................                          {'C','0','=','+'}}; 
....................  
.................... #define KBD_DEBOUNCE_FACTOR 33    // Set this number to apx n/333 where 
....................                                   // n is the number of times you expect 
....................                                   // to call kbd_getc each second 
....................  
....................  
.................... void kbd_init() { 
*
0146:  BSF    0A.3
0147:  BCF    0A.4
0148:  GOTO   017 (RETURN)
.................... } 
....................  
.................... char kbd_getc( ) { 
....................    static BYTE kbd_call_count; 
*
080D:  BCF    03.5
080E:  CLRF   20
....................    static int1 kbd_down; 
080F:  BCF    21.0
....................    static char last_key; 
0810:  CLRF   22
....................    static BYTE col; 
0811:  CLRF   23
....................  
....................    BYTE kchar; 
....................    BYTE row; 
....................  
....................    kchar='\0'; 
*
05DA:  CLRF   36
....................    if(++kbd_call_count>KBD_DEBOUNCE_FACTOR) { 
05DB:  INCF   20,F
05DC:  MOVF   20,W
05DD:  SUBLW  21
05DE:  BTFSC  03.0
05DF:  GOTO   63A
....................        switch (col) { 
05E0:  MOVF   23,W
05E1:  ADDLW  FC
05E2:  BTFSC  03.0
05E3:  GOTO   5FD
05E4:  ADDLW  04
05E5:  GOTO   643
....................          case 0   : set_tris_kbd(ALL_PINS&~COL0); 
05E6:  MOVLW  EF
05E7:  BSF    03.5
05E8:  MOVWF  06
....................                     kbd=~COL0&ALL_PINS; 
05E9:  BCF    03.5
05EA:  MOVWF  06
....................                     break; 
05EB:  GOTO   5FD
....................          case 1   : set_tris_kbd(ALL_PINS&~COL1); 
05EC:  MOVLW  DF
05ED:  BSF    03.5
05EE:  MOVWF  06
....................                     kbd=~COL1&ALL_PINS; 
05EF:  BCF    03.5
05F0:  MOVWF  06
....................                     break; 
05F1:  GOTO   5FD
....................          case 2   : set_tris_kbd(ALL_PINS&~COL2); 
05F2:  MOVLW  BF
05F3:  BSF    03.5
05F4:  MOVWF  06
....................                     kbd=~COL2&ALL_PINS; 
05F5:  BCF    03.5
05F6:  MOVWF  06
....................                     break; 
05F7:  GOTO   5FD
....................          case 3   : set_tris_kbd(ALL_PINS&~COL3); 
05F8:  MOVLW  7F
05F9:  BSF    03.5
05FA:  MOVWF  06
....................                     kbd=~COL3&ALL_PINS; 
05FB:  BCF    03.5
05FC:  MOVWF  06
....................                     break; 
....................        } 
....................  
....................        if(kbd_down) { 
05FD:  BTFSS  21.0
05FE:  GOTO   609
....................          if((kbd & (ALL_ROWS))==(ALL_ROWS)) { 
05FF:  MOVF   06,W
0600:  ANDLW  0F
0601:  SUBLW  0F
0602:  BTFSS  03.2
0603:  GOTO   608
....................            kbd_down=FALSE; 
0604:  BCF    21.0
....................            kchar=last_key; 
0605:  MOVF   22,W
0606:  MOVWF  36
....................            last_key='\0'; 
0607:  CLRF   22
....................          } 
....................        } else { 
0608:  GOTO   639
....................           if((kbd & (ALL_ROWS))!=(ALL_ROWS)) { 
0609:  MOVF   06,W
060A:  ANDLW  0F
060B:  SUBLW  0F
060C:  BTFSC  03.2
060D:  GOTO   634
....................              if((kbd & ROW0)==0) 
060E:  MOVF   06,W
060F:  ANDLW  01
0610:  BTFSS  03.2
0611:  GOTO   614
....................                row=0; 
0612:  CLRF   37
0613:  GOTO   628
....................              else if((kbd & ROW1)==0) 
0614:  MOVF   06,W
0615:  ANDLW  02
0616:  BTFSS  03.2
0617:  GOTO   61B
....................                row=1; 
0618:  MOVLW  01
0619:  MOVWF  37
061A:  GOTO   628
....................              else if((kbd & ROW2)==0) 
061B:  MOVF   06,W
061C:  ANDLW  04
061D:  BTFSS  03.2
061E:  GOTO   622
....................                row=2; 
061F:  MOVLW  02
0620:  MOVWF  37
0621:  GOTO   628
....................              else if((kbd & ROW3)==0) 
0622:  MOVF   06,W
0623:  ANDLW  08
0624:  BTFSS  03.2
0625:  GOTO   628
....................                row=3; 
0626:  MOVLW  03
0627:  MOVWF  37
....................              last_key =KEYS[row][col]; 
0628:  RLF    37,W
0629:  MOVWF  77
062A:  RLF    77,F
062B:  MOVLW  FC
062C:  ANDWF  77,F
062D:  MOVF   77,W
062E:  ADDWF  23,W
062F:  CALL   004
0630:  MOVWF  78
0631:  MOVWF  22
....................              kbd_down = TRUE; 
0632:  BSF    21.0
....................           } else { 
0633:  GOTO   639
....................              ++col; 
0634:  INCF   23,F
....................              if(col==4) 
0635:  MOVF   23,W
0636:  SUBLW  04
0637:  BTFSC  03.2
....................                col=0; 
0638:  CLRF   23
....................           } 
....................        } 
....................       kbd_call_count=0; 
0639:  CLRF   20
....................    } 
....................   set_tris_kbd(ALL_PINS); 
063A:  MOVLW  FF
063B:  BSF    03.5
063C:  MOVWF  06
....................   return(kchar); 
063D:  BCF    03.5
063E:  MOVF   36,W
063F:  MOVWF  78
0640:  BCF    0A.3
0641:  BCF    0A.4
0642:  GOTO   683 (RETURN)
.................... } 
....................  
.................... #include <getNum16.c> 
.................... /* 
....................    ** Se requiere haber inicializado el lcd y el teclado **  
....................     
....................    Usar como "int16 numero = get_num();" no puede borrar numeros 
....................     
....................    Al usar como "int16 numero = get_num_lcd(cursor_x,cursor_y)" 
....................    se pueden borrar caracteres con '-' y con 'C' 
....................        
....................    Por Angel Primitivo Vejar Corts 2022 | angel-primi@hotmail.com 
.................... */ 
....................  
.................... unsigned int32 pow(int8 base, int8 power){ 
*
06FB:  CLRF   3C
06FC:  CLRF   3B
06FD:  CLRF   3A
06FE:  MOVLW  01
06FF:  MOVWF  39
....................    int32 result = 1; 
....................    for(int8 i = 0; i < power; i++){ 
0700:  CLRF   3D
0701:  MOVF   38,W
0702:  SUBWF  3D,W
0703:  BTFSC  03.0
0704:  GOTO   71D
....................       result *= base; 
0705:  MOVF   3C,W
0706:  MOVWF  41
0707:  MOVF   3B,W
0708:  MOVWF  40
0709:  MOVF   3A,W
070A:  MOVWF  3F
070B:  MOVF   39,W
070C:  MOVWF  3E
070D:  CLRF   45
070E:  CLRF   44
070F:  CLRF   43
0710:  MOVF   37,W
0711:  MOVWF  42
0712:  CALL   64B
0713:  MOVF   7A,W
0714:  MOVWF  3C
0715:  MOVF   79,W
0716:  MOVWF  3B
0717:  MOVF   78,W
0718:  MOVWF  3A
0719:  MOVF   77,W
071A:  MOVWF  39
071B:  INCF   3D,F
071C:  GOTO   701
....................    } 
....................    return result; 
071D:  MOVF   39,W
071E:  MOVWF  77
071F:  MOVF   3A,W
0720:  MOVWF  78
0721:  MOVF   3B,W
0722:  MOVWF  79
0723:  MOVF   3C,W
0724:  MOVWF  7A
.................... } 
....................  
.................... char read_key(){ 
....................    char c; 
....................    do{ 
....................       c=kbd_getc(); 
*
0682:  GOTO   5DA
0683:  MOVF   78,W
0684:  MOVWF  35
....................    } 
....................    while(c=='\0');  
0685:  MOVF   35,F
0686:  BTFSC  03.2
0687:  GOTO   682
....................    return(c); 
0688:  MOVF   35,W
0689:  MOVWF  78
.................... } 
....................  
.................... int16 get_num_lcd(int8 x, int8 y){ 
....................    lcd_gotoxy(x,y); 
*
0675:  MOVF   29,W
0676:  MOVWF  39
0677:  MOVF   2A,W
0678:  MOVWF  3A
0679:  CALL   3C0
....................    int16 numero = 0; 
....................    char cadena[5] = {0,0,0,0,0}; 
*
067C:  CLRF   2D
067D:  CLRF   2E
067E:  CLRF   2F
067F:  CLRF   30
0680:  CLRF   31
....................    int8 index = 0; 
....................    char tecla; 
*
067A:  CLRF   2C
067B:  CLRF   2B
*
0681:  CLRF   32
....................    do { 
....................       tecla = read_key(); 
*
068A:  MOVF   78,W
068B:  MOVWF  33
....................       if((tecla >= 48) && (tecla <= 57))  
068C:  MOVF   33,W
068D:  SUBLW  2F
068E:  BTFSC  03.0
068F:  GOTO   69E
0690:  MOVF   33,W
0691:  SUBLW  39
0692:  BTFSS  03.0
0693:  GOTO   69E
....................       { 
....................          cadena[index] = tecla; 
0694:  MOVLW  2D
0695:  ADDWF  32,W
0696:  MOVWF  04
0697:  BCF    03.7
0698:  MOVF   33,W
0699:  MOVWF  00
....................          index++; 
069A:  INCF   32,F
....................          printf(lcd_putc,"%c",tecla); 
069B:  MOVF   33,W
069C:  MOVWF  38
069D:  CALL   3D2
....................       } 
....................        
....................       if(tecla == '-' && index > 0){ 
069E:  MOVF   33,W
069F:  SUBLW  2D
06A0:  BTFSS  03.2
06A1:  GOTO   6BC
06A2:  MOVF   32,F
06A3:  BTFSC  03.2
06A4:  GOTO   6BC
....................          index--; 
06A5:  DECF   32,F
....................          cadena[index] = 0; 
06A6:  MOVLW  2D
06A7:  ADDWF  32,W
06A8:  MOVWF  04
06A9:  BCF    03.7
06AA:  CLRF   00
....................          lcd_gotoxy(x + index,y); 
06AB:  MOVF   32,W
06AC:  ADDWF  29,W
06AD:  MOVWF  35
06AE:  MOVWF  39
06AF:  MOVF   2A,W
06B0:  MOVWF  3A
06B1:  CALL   3C0
....................          printf(lcd_putc," "); 
06B2:  MOVLW  20
06B3:  MOVWF  38
06B4:  CALL   3D2
....................          lcd_gotoxy(x + index,y); 
06B5:  MOVF   32,W
06B6:  ADDWF  29,W
06B7:  MOVWF  35
06B8:  MOVWF  39
06B9:  MOVF   2A,W
06BA:  MOVWF  3A
06BB:  CALL   3C0
....................       } 
....................        
....................       if(tecla == 'C' && index > 0){ 
06BC:  MOVF   33,W
06BD:  SUBLW  43
06BE:  BTFSS  03.2
06BF:  GOTO   6DA
06C0:  MOVF   32,F
06C1:  BTFSC  03.2
06C2:  GOTO   6DA
....................          index=0; 
06C3:  CLRF   32
....................          cadena[0] = 0; 
06C4:  CLRF   2D
....................          cadena[1] = 0; 
06C5:  CLRF   2E
....................          cadena[2] = 0; 
06C6:  CLRF   2F
....................          cadena[3] = 0; 
06C7:  CLRF   30
....................          cadena[4] = 0; 
06C8:  CLRF   31
....................          lcd_gotoxy(x,y); 
06C9:  MOVF   29,W
06CA:  MOVWF  39
06CB:  MOVF   2A,W
06CC:  MOVWF  3A
06CD:  CALL   3C0
....................          printf(lcd_putc,"     "); 
06CE:  MOVLW  18
06CF:  BSF    03.6
06D0:  MOVWF  0D
06D1:  MOVLW  00
06D2:  MOVWF  0F
06D3:  BCF    03.6
06D4:  CALL   584
....................          lcd_gotoxy(x,y); 
06D5:  MOVF   29,W
06D6:  MOVWF  39
06D7:  MOVF   2A,W
06D8:  MOVWF  3A
06D9:  CALL   3C0
....................       } 
....................        
....................       if(tecla == '=' && index > 0){ 
06DA:  MOVF   33,W
06DB:  SUBLW  3D
06DC:  BTFSS  03.2
06DD:  GOTO   6E1
06DE:  MOVF   32,F
06DF:  BTFSS  03.2
....................          break;      
06E0:  GOTO   6E5
....................       } 
....................    }while(index < 5); 
06E1:  MOVF   32,W
06E2:  SUBLW  04
06E3:  BTFSC  03.0
06E4:  GOTO   682
....................     
....................    for(int8 i = 0; i < index; i++){ 
06E5:  CLRF   34
06E6:  MOVF   32,W
06E7:  SUBWF  34,W
06E8:  BTFSC  03.0
06E9:  GOTO   746
....................       numero += (cadena[i] - 48) * (pow(10,index - 1 - i)); 
06EA:  MOVLW  2D
06EB:  ADDWF  34,W
06EC:  MOVWF  04
06ED:  BCF    03.7
06EE:  MOVLW  30
06EF:  SUBWF  00,W
06F0:  MOVWF  35
06F1:  MOVLW  01
06F2:  SUBWF  32,W
06F3:  MOVWF  78
06F4:  MOVF   34,W
06F5:  SUBWF  78,W
06F6:  MOVWF  36
06F7:  MOVLW  0A
06F8:  MOVWF  37
06F9:  MOVF   36,W
06FA:  MOVWF  38
*
0725:  CLRF   37
0726:  MOVF   04,W
0727:  MOVWF  36
0728:  BCF    37.0
0729:  BTFSC  03.7
072A:  BSF    37.0
072B:  CLRF   41
072C:  CLRF   40
072D:  CLRF   3F
072E:  MOVF   35,W
072F:  MOVWF  3E
0730:  MOVF   7A,W
0731:  MOVWF  45
0732:  MOVF   79,W
0733:  MOVWF  44
0734:  MOVF   78,W
0735:  MOVWF  43
0736:  MOVF   77,W
0737:  MOVWF  42
0738:  CALL   64B
0739:  MOVF   36,W
073A:  MOVWF  04
073B:  BCF    03.7
073C:  BTFSC  37.0
073D:  BSF    03.7
073E:  MOVF   77,W
073F:  ADDWF  2B,F
0740:  MOVF   78,W
0741:  BTFSC  03.0
0742:  INCFSZ 78,W
0743:  ADDWF  2C,F
0744:  INCF   34,F
0745:  GOTO   6E6
....................    }   
....................    return numero; 
0746:  MOVF   2B,W
0747:  MOVWF  78
0748:  MOVF   2C,W
0749:  MOVWF  79
074A:  BSF    0A.3
074B:  BCF    0A.4
074C:  GOTO   062 (RETURN)
.................... } 
....................  
.................... int16 get_num() { 
....................    int16 numero = 0; 
....................    char cadena[5] = {0,0,0,0,0}; 
....................    int8 index = 0; 
....................    char tecla; 
....................    do { 
....................       tecla = read_key(); 
....................       if((tecla >= 48) && (tecla <= 57))  
....................       { 
....................          cadena[index] = tecla; 
....................          index++; 
....................          printf(lcd_putc,"%c",tecla); 
....................       } 
....................        
....................       if(tecla == '=' && index > 0){ 
....................          break;      
....................       } 
....................    }while(index < 5); 
....................     
....................    for(int8 i = 0; i < index; i++){ 
....................       numero += (cadena[i] - 48) * (pow(10,index - 1 - i)); 
....................    }   
....................    return numero; 
.................... } 
....................  
....................  
.................... //#use STANDARD_IO(C) 
....................  
.................... #define PWM_SERVO PIN_C0  
....................  
.................... void mover_servo(int8 grados){ 
*
0209:  CLRF   31
020A:  MOVF   2A,W
020B:  MOVWF  30
020C:  CALL   168
020D:  MOVF   7A,W
020E:  MOVWF  33
020F:  MOVF   79,W
0210:  MOVWF  32
0211:  MOVF   78,W
0212:  MOVWF  31
0213:  MOVF   77,W
0214:  MOVWF  30
0215:  MOVF   33,W
0216:  MOVWF  39
0217:  MOVF   32,W
0218:  MOVWF  38
0219:  MOVF   31,W
021A:  MOVWF  37
021B:  MOVF   30,W
021C:  MOVWF  36
021D:  CLRF   3D
021E:  CLRF   3C
021F:  CLRF   3B
0220:  MOVLW  7F
0221:  MOVWF  3A
0222:  CALL   185
0223:  MOVF   7A,W
0224:  MOVWF  33
0225:  MOVF   79,W
0226:  MOVWF  32
0227:  MOVF   78,W
0228:  MOVWF  31
0229:  MOVF   77,W
022A:  MOVWF  30
022B:  CALL   149
022C:  MOVF   79,W
022D:  MOVWF  2C
022E:  MOVF   78,W
022F:  MOVWF  2B
0230:  MOVF   2C,W
0231:  MOVWF  31
0232:  MOVF   2B,W
0233:  MOVWF  30
0234:  CALL   168
0235:  BSF    03.1
0236:  CLRF   33
0237:  MOVLW  40
0238:  MOVWF  32
0239:  MOVLW  1C
023A:  MOVWF  31
023B:  MOVLW  8D
023C:  MOVWF  30
023D:  MOVF   7A,W
023E:  MOVWF  37
023F:  MOVF   79,W
0240:  MOVWF  36
0241:  MOVF   78,W
0242:  MOVWF  35
0243:  MOVF   77,W
0244:  MOVWF  34
*
0385:  MOVF   7A,W
0386:  MOVWF  33
0387:  MOVF   79,W
0388:  MOVWF  32
0389:  MOVF   78,W
038A:  MOVWF  31
038B:  MOVF   77,W
038C:  MOVWF  30
038D:  CALL   149
038E:  MOVF   79,W
038F:  MOVWF  2E
0390:  MOVF   78,W
0391:  MOVWF  2D
....................    int16 t_alto = (float)grados * 1.0; //* 10.555 + 650.0;  Se calcula el tiempo en alto 
....................  
....................    int16 t_bajo = 20000.0 - t_alto; // Se calcula el tiempo en bajo 
....................  
....................    for(int8 i = 0; i < 10; i++) // Se ejecuta el pulso 10 veces 
0392:  CLRF   2F
0393:  MOVF   2F,W
0394:  SUBLW  09
0395:  BTFSS  03.0
0396:  GOTO   3BF
....................    { 
....................      output_high(PWM_SERVO); 
0397:  BCF    24.0
0398:  MOVF   24,W
0399:  BSF    03.5
039A:  MOVWF  07
039B:  BCF    03.5
039C:  BSF    07.0
....................      delay_us(t_alto); 
039D:  MOVF   2C,W
039E:  MOVWF  30
039F:  INCF   30,F
03A0:  DECF   30,F
03A1:  BTFSC  03.2
03A2:  GOTO   3A7
03A3:  MOVLW  FF
03A4:  MOVWF  31
03A5:  CALL   1FA
03A6:  GOTO   3A0
03A7:  MOVF   2B,W
03A8:  MOVWF  31
03A9:  CALL   1FA
....................      output_low(PWM_SERVO); 
03AA:  BCF    24.0
03AB:  MOVF   24,W
03AC:  BSF    03.5
03AD:  MOVWF  07
03AE:  BCF    03.5
03AF:  BCF    07.0
....................      delay_us(t_bajo); 
03B0:  MOVF   2E,W
03B1:  MOVWF  30
03B2:  INCF   30,F
03B3:  DECF   30,F
03B4:  BTFSC  03.2
03B5:  GOTO   3BA
03B6:  MOVLW  FF
03B7:  MOVWF  31
03B8:  CALL   1FA
03B9:  GOTO   3B3
03BA:  MOVF   2D,W
03BB:  MOVWF  31
03BC:  CALL   1FA
03BD:  INCF   2F,F
03BE:  GOTO   393
....................    } 
03BF:  RETURN
.................... } 
....................  
.................... void main() 
*
0800:  MOVF   03,W
0801:  ANDLW  1F
0802:  MOVWF  03
0803:  MOVLW  FF
0804:  MOVWF  24
0805:  BSF    03.5
0806:  BSF    1F.0
0807:  BSF    1F.1
0808:  BSF    1F.2
0809:  BCF    1F.3
080A:  MOVLW  07
080B:  MOVWF  1C
080C:  BCF    03.7
.................... { 
....................    // Inicializar pines 
....................    lcd_init(); 
*
0812:  BCF    0A.3
0813:  GOTO   100
0814:  BSF    0A.3
....................    kbd_init(); 
0815:  BCF    0A.3
0816:  GOTO   146
0817:  BSF    0A.3
....................    output_low(PWM_SERVO); 
0818:  BCF    24.0
0819:  MOVF   24,W
081A:  BSF    03.5
081B:  MOVWF  07
081C:  BCF    03.5
081D:  BCF    07.0
....................    port_b_pullups(TRUE); 
081E:  BSF    03.5
081F:  BCF    01.7
....................    float grados = 180; 
0820:  BCF    03.5
0821:  CLRF   28
0822:  CLRF   27
0823:  MOVLW  34
0824:  MOVWF  26
0825:  MOVLW  86
0826:  MOVWF  25
....................    mover_servo(grados); 
0827:  MOVF   28,W
0828:  MOVWF  33
0829:  MOVF   27,W
082A:  MOVWF  32
082B:  MOVF   26,W
082C:  MOVWF  31
082D:  MOVF   25,W
082E:  MOVWF  30
082F:  BCF    0A.3
0830:  CALL   149
0831:  BSF    0A.3
0832:  MOVF   78,W
0833:  MOVWF  29
0834:  MOVWF  2A
0835:  BCF    0A.3
0836:  CALL   209
0837:  BSF    0A.3
....................    while (TRUE){ 
....................       printf(lcd_putc,"\fPosicion:%f", grados); 
0838:  MOVLW  1B
0839:  BSF    03.6
083A:  MOVWF  0D
083B:  MOVLW  00
083C:  MOVWF  0F
083D:  BCF    03.0
083E:  MOVLW  0A
083F:  BCF    03.6
0840:  MOVWF  29
0841:  BCF    0A.3
0842:  CALL   3FE
0843:  BSF    0A.3
0844:  MOVLW  89
0845:  MOVWF  04
0846:  MOVF   28,W
0847:  MOVWF  2C
0848:  MOVF   27,W
0849:  MOVWF  2B
084A:  MOVF   26,W
084B:  MOVWF  2A
084C:  MOVF   25,W
084D:  MOVWF  29
084E:  MOVLW  02
084F:  MOVWF  2D
0850:  BCF    0A.3
0851:  CALL   4A4
0852:  BSF    0A.3
....................       printf(lcd_putc,"\nGrado:"); 
0853:  MOVLW  22
0854:  BSF    03.6
0855:  MOVWF  0D
0856:  MOVLW  00
0857:  MOVWF  0F
0858:  BCF    0A.3
0859:  BCF    03.6
085A:  CALL   584
085B:  BSF    0A.3
....................       grados = get_num_lcd(8,2); //14,2 
085C:  MOVLW  08
085D:  MOVWF  29
085E:  MOVLW  02
085F:  MOVWF  2A
0860:  BCF    0A.3
0861:  GOTO   675
0862:  BSF    0A.3
0863:  MOVF   79,W
0864:  MOVWF  31
0865:  MOVF   78,W
0866:  MOVWF  30
0867:  BCF    0A.3
0868:  CALL   168
0869:  BSF    0A.3
086A:  MOVF   7A,W
086B:  MOVWF  28
086C:  MOVF   79,W
086D:  MOVWF  27
086E:  MOVF   78,W
086F:  MOVWF  26
0870:  MOVF   77,W
0871:  MOVWF  25
....................       //if(grados < 0 || grados > 180){ 
....................          //printf(lcd_putc,"\f**ERROR** \nNumero no valido"); 
....................          //delay_ms(1000); 
....................       //} 
....................       //else{ 
....................       if(grados>=0){ 
0872:  CLRF   2C
0873:  CLRF   2B
0874:  CLRF   2A
0875:  CLRF   29
0876:  MOVF   28,W
0877:  MOVWF  30
0878:  MOVF   27,W
0879:  MOVWF  2F
087A:  MOVF   26,W
087B:  MOVWF  2E
087C:  MOVF   25,W
087D:  MOVWF  2D
087E:  BCF    0A.3
087F:  GOTO   74D
0880:  BSF    0A.3
0881:  BTFSC  03.0
0882:  GOTO   085
0883:  BTFSS  03.2
0884:  GOTO   0BA
....................          mover_servo(grados); 
0885:  MOVF   28,W
0886:  MOVWF  33
0887:  MOVF   27,W
0888:  MOVWF  32
0889:  MOVF   26,W
088A:  MOVWF  31
088B:  MOVF   25,W
088C:  MOVWF  30
088D:  BCF    0A.3
088E:  CALL   149
088F:  BSF    0A.3
0890:  MOVF   78,W
0891:  MOVWF  29
0892:  MOVWF  2A
0893:  BCF    0A.3
0894:  CALL   209
0895:  BSF    0A.3
....................          printf(lcd_putc,"\fPosicion:%f", grados); 
0896:  MOVLW  26
0897:  BSF    03.6
0898:  MOVWF  0D
0899:  MOVLW  00
089A:  MOVWF  0F
089B:  BCF    03.0
089C:  MOVLW  0A
089D:  BCF    03.6
089E:  MOVWF  29
089F:  BCF    0A.3
08A0:  CALL   3FE
08A1:  BSF    0A.3
08A2:  MOVLW  89
08A3:  MOVWF  04
08A4:  MOVF   28,W
08A5:  MOVWF  2C
08A6:  MOVF   27,W
08A7:  MOVWF  2B
08A8:  MOVF   26,W
08A9:  MOVWF  2A
08AA:  MOVF   25,W
08AB:  MOVWF  29
08AC:  MOVLW  02
08AD:  MOVWF  2D
08AE:  BCF    0A.3
08AF:  CALL   4A4
08B0:  BSF    0A.3
....................          delay_ms(1000); 
08B1:  MOVLW  04
08B2:  MOVWF  29
08B3:  MOVLW  FA
08B4:  MOVWF  39
08B5:  BCF    0A.3
08B6:  CALL   02D
08B7:  BSF    0A.3
08B8:  DECFSZ 29,F
08B9:  GOTO   0B3
....................       } 
08BA:  GOTO   038
....................       //} 
....................    } 
.................... } 
08BB:  SLEEP

Configuration Fuses:
   Word  1: 3F32   HS NOWDT PUT NOBROWNOUT NOLVP NOCPD NOWRT NODEBUG NOPROTECT
