
ROM used:   2122/8192 (26%)
            2236/8192 (27%) including unused fragments

            1.5 Average locations per line
            9.5 Average locations per statement

RAM used:   11/368 (3%) at main() level
            48/368 (13%) worst case

Stack used: 6 worst case (6 in main + 0 for interrupts)
Stack size: 8

Lines Stmts  %   Files
----- ----- ---  -----
   60    22  10  servo_proyecto 2.c
  671     0   0  ..\..\..\..\Escritorio\PICC\Devices\16F877a.h
  456   100  45  ..\..\..\..\Escritorio\PICC\Drivers\lcd.c
  150    43  19  ..\..\..\..\Escritorio\PICC\Drivers\kbd4x4_b.c
   99    58  26  ..\..\..\..\Escritorio\PICC\Drivers\getNum16.c
----- -----
 1436   223 Total

Page ROM  %  RAM   Vol Diff  Functions:
---- --- --- ---   --- ----  ----------
0     20   1    1             @delay_ms1
0     15   1    1             @delay_us1
 Inline         3   760  4.5  lcd_read_byte
0     49   2    2   262  3.7  lcd_read_nibble
0     48   2    1   399  2.4  lcd_send_nibble
0     94   4    3   415  3.7  lcd_send_byte
0     70   3    6   852  6.2  lcd_init
0     18   1    4   208  6.3  lcd_gotoxy
0     44   2    1   354  4.7  lcd_putc
0     20   1    0             @const658
0      3   0    0     3  0.0  kbd_init
0    105   5    3  5853 10.1  kbd_getc
0      8   0    0             @goto10703
 Inline         6   155  5.0  pow
0     42   2   13             @MUL3232
 Inline         1    90  3.1  read_key
0    216  10    5  1660 12.1  get_num_lcd
0      3   0    0             @const690
0     86   4    4             @PSTRINGC7_645
0     29   1    2             @ITOF
0    117   6   13             @MULFF
0     31   1    4             @SFTOI
 Inline        16             @ADDFF
0    439  21    9   256  4.3  mover_servo
1    188   9    1   399  3.7  MAIN
0      7   0    0             @const720
0     87   4    5             @PSTRINGCN7_645
 Inline         5             @FTOSD
0     79   4   13             @DIV3232
0    224  11   13             @PRINTF_L32D_645FPFPF
0      4   0    0             @const731
0     65   3   10             @FLT
0      7   0    0             @const735
 Inline         0             @cinit1

Program metrics:
    Functions               14
    Statements              223
    Comments                273
    Volume (V)              16716
    Difficulty (D)          69.3
    Effort to implement (E) 1158662
    Time to implement (T)   17 hours, 53 minutes
    Est Delivered Bugs (B)  4
    Cyclomatic Complexity   31
    Maintainability (MI)    115

 Segment     Used  Free
-----------  ----  ----
00000-00003     4  0  
00004-007FF  1930  114  
00800-00FFF   188  1860  
01000-017FF     0  2048  
01800-01FFF     0  2048  



