
ROM used:   974/8192 (12%)
            974/8192 (12%) including unused fragments

            0.7 Average locations per line
            4.5 Average locations per statement

RAM used:   10/368 (3%) at main() level
            46/368 (12%) worst case

Stack used: 6 worst case (6 in main + 0 for interrupts)
Stack size: 8

Lines Stmts  %   Files
----- ----- ---  -----
   49    16   7  ejemploservo.c
  671     0   0  ..\..\..\..\Escritorio\PICC\Devices\16F877a.h
  456   100  46  ..\..\..\..\Escritorio\PICC\Drivers\lcd.c
  150    43  20  ..\..\..\..\Escritorio\PICC\Drivers\kbd4x4_b.c
   99    58  27  ..\..\..\..\Escritorio\PICC\Drivers\getNum16.c
----- -----
 1425   217 Total

Page ROM  %  RAM   Vol Diff  Functions:
---- --- --- ---   --- ----  ----------
0     20   2    1             @delay_ms1
0     15   2    1             @delay_us1
 Inline         3   760  4.5  lcd_read_byte
0     49   5    2   262  3.7  lcd_read_nibble
0     48   5    1   399  2.4  lcd_send_nibble
0     94  10    3   415  3.7  lcd_send_byte
0     70   7    6   852  6.2  lcd_init
0     18   2    4   208  6.3  lcd_gotoxy
0     44   5    1   354  4.7  lcd_putc
0     20   2    0             @const658
0      3   0    0     3  0.0  kbd_init
0    105  11    3  5853 10.1  kbd_getc
0      8   1    0             @goto10703
 Inline         6   155  5.0  pow
0     42   4   13             @MUL3232
 Inline         1    90  3.1  read_key
0    216  22    5  1660 12.1  get_num_lcd
0      3   0    0             @const690
0     86   9    4             @PSTRINGC7_645
0     60   6    7   228  4.0  move_servo
0     56   6    0   207  2.6  MAIN
0      5   1    0             @const709
0      8   1    0             @const711
 Inline         0             @cinit1

Program metrics:
    Functions               14
    Statements              217
    Comments                265
    Volume (V)              16300
    Difficulty (D)          68.8
    Effort to implement (E) 1122040
    Time to implement (T)   17 hours, 19 minutes
    Est Delivered Bugs (B)  4
    Cyclomatic Complexity   30
    Maintainability (MI)    111

 Segment     Used  Free
-----------  ----  ----
00000-00003     4  0  
00004-007FF   970  1074  
00800-00FFF     0  2048  
01000-017FF     0  2048  
01800-01FFF     0  2048  



